#
# There is insufficient memory for the Java Runtime Environment to continue.
# Native memory allocation (malloc) failed to allocate 32744 bytes. Error detail: Chunk::new
# Possible reasons:
#   The system is out of physical RAM or swap space
#   This process is running with CompressedOops enabled, and the Java Heap may be blocking the growth of the native heap
# Possible solutions:
#   Reduce memory load on the system
#   Increase physical memory or swap space
#   Check if swap backing store is full
#   Decrease Java heap size (-Xmx/-Xms)
#   Decrease number of Java threads
#   Decrease Java thread stack sizes (-Xss)
#   Set larger code cache with -XX:ReservedCodeCacheSize=
#   JVM is running with Unscaled Compressed Oops mode in which the Java heap is
#     placed in the first 4GB address space. The Java Heap base address is the
#     maximum limit for the native heap growth. Please use -XX:HeapBaseMinAddress
#     to set the Java Heap base and to place the Java Heap above 4GB virtual address.
# This output file may be truncated or incomplete.
#
#  Out of Memory Error (arena.cpp:168), pid=19120, tid=18520
#
# JRE version: OpenJDK Runtime Environment Temurin-21.0.9+10 (21.0.9+10) (build 21.0.9+10-LTS)
# Java VM: OpenJDK 64-Bit Server VM Temurin-21.0.9+10 (21.0.9+10-LTS, mixed mode, sharing, tiered, compressed oops, compressed class ptrs, parallel gc, windows-amd64)
# No core dump will be written. Minidumps are not enabled by default on client versions of Windows
#

---------------  S U M M A R Y ------------

Command Line: --add-modules=ALL-SYSTEM --add-opens=java.base/java.util=ALL-UNNAMED --add-opens=java.base/java.lang=ALL-UNNAMED --add-opens=java.base/sun.nio.fs=ALL-UNNAMED -Declipse.application=org.eclipse.jdt.ls.core.id1 -Dosgi.bundles.defaultStartLevel=4 -Declipse.product=org.eclipse.jdt.ls.core.product -Djava.import.generatesMetadataFilesAtProjectRoot=false -DDetectVMInstallationsJob.disabled=true -Dfile.encoding=utf8 -XX:+UseParallelGC -XX:GCTimeRatio=4 -XX:AdaptiveSizePolicyWeight=90 -Dsun.zip.disableMemoryMapping=true -Xmx2G -Xms100m -Xlog:disable -javaagent:c:\Users\hafid\.vscode\extensions\redhat.java-1.50.0-win32-x64\lombok\lombok-1.18.39-4050.jar -XX:+HeapDumpOnOutOfMemoryError -XX:HeapDumpPath=c:\Users\hafid\AppData\Roaming\Code\User\workspaceStorage\271670c6d88b3c30270340dfd9cafa37\redhat.java -Daether.dependencyCollector.impl=bf c:\Users\hafid\.vscode\extensions\redhat.java-1.50.0-win32-x64\server\plugins\org.eclipse.equinox.launcher_1.7.100.v20251111-0406.jar -configuration c:\Users\hafid\AppData\Roaming\Code\User\globalStorage\redhat.java\1.50.0\config_win -data c:\Users\hafid\AppData\Roaming\Code\User\workspaceStorage\271670c6d88b3c30270340dfd9cafa37\redhat.java\jdt_ws --pipe=\\.\pipe\lsp-f43d56bd6683e47552d9de08bf1aa9a9-sock

Host: Intel(R) Core(TM) i5-7200U CPU @ 2.50GHz, 4 cores, 3G,  Windows 11 , 64 bit Build 22621 (10.0.22621.3958)
Time: Mon Dec  1 10:04:11 2025 SE Asia Standard Time elapsed time: 69.489536 seconds (0d 0h 1m 9s)

---------------  T H R E A D  ---------------

Current thread (0x00000205fd0b6230):  JavaThread "C2 CompilerThread0" daemon [_thread_in_native, id=18520, stack(0x00000053dea00000,0x00000053deb00000) (1024K)]


Current CompileTask:
C2:69489 8099       4       java.util.regex.Pattern$Slice::match (79 bytes)

Stack: [0x00000053dea00000,0x00000053deb00000]
Native frames: (J=compiled Java code, j=interpreted, Vv=VM code, C=native code)
V  [jvm.dll+0x6d6e29]
V  [jvm.dll+0x8b4b76]
V  [jvm.dll+0x8b712e]
V  [jvm.dll+0x8b7813]
V  [jvm.dll+0x283d86]
V  [jvm.dll+0xc66ed]
V  [jvm.dll+0xc6c31]
V  [jvm.dll+0x7028ed]
V  [jvm.dll+0x1e3e2a]
V  [jvm.dll+0x24c0f3]
V  [jvm.dll+0x24b580]
V  [jvm.dll+0x1cb13e]
V  [jvm.dll+0x25b29d]
V  [jvm.dll+0x25982a]
V  [jvm.dll+0x3f7ea6]
V  [jvm.dll+0x85e9ad]
V  [jvm.dll+0x6d565d]
C  [ucrtbase.dll+0x29333]
C  [KERNEL32.DLL+0x1257d]
C  [ntdll.dll+0x5af08]


---------------  P R O C E S S  ---------------

Threads class SMR info:
_java_thread_list=0x00000205d9bbd6f0, length=48, elements={
0x00000205f96bc9f0, 0x00000205fd0a9270, 0x00000205fd0aba80, 0x00000205fd0ad710,
0x00000205fd0ae880, 0x00000205fd0afb40, 0x00000205fd0b27a0, 0x00000205fd0b6230,
0x00000205fd0ce7d0, 0x00000205fde82270, 0x00000205fdfb5710, 0x00000205fe71dd60,
0x00000205fe599e90, 0x00000205fe2d8600, 0x00000205fe2d9030, 0x00000205fe927110,
0x00000205fe8850c0, 0x00000205fe543790, 0x00000205fe543e20, 0x00000205fe543100,
0x00000205fe544b40, 0x00000205fe5423e0, 0x00000205fe5451d0, 0x00000205fe5444b0,
0x00000205fe542a70, 0x00000205ff02eac0, 0x00000205ff02b640, 0x00000205ff02bcd0,
0x00000205ff02fe70, 0x00000205ff030b90, 0x00000205ff02dda0, 0x00000205ff02f150,
0x00000205ff02d080, 0x00000205ff02f7e0, 0x00000205ff030500, 0x00000205ff029c00,
0x00000205ff02e430, 0x00000205ff02d710, 0x00000205ff031220, 0x00000205ff2d7f20,
0x00000205ff2d3d80, 0x00000205ff2d92d0, 0x00000205ff2d5130, 0x00000205ff2d6b70,
0x00000205ff2d5e50, 0x00000205ff2d85b0, 0x00000205ff2d8c40, 0x00000205ff2d9ff0
}

Java Threads: ( => current thread )
  0x00000205f96bc9f0 JavaThread "main"                              [_thread_blocked, id=17116, stack(0x00000053de000000,0x00000053de100000) (1024K)]
  0x00000205fd0a9270 JavaThread "Reference Handler"          daemon [_thread_blocked, id=2648, stack(0x00000053de400000,0x00000053de500000) (1024K)]
  0x00000205fd0aba80 JavaThread "Finalizer"                  daemon [_thread_blocked, id=10020, stack(0x00000053de500000,0x00000053de600000) (1024K)]
  0x00000205fd0ad710 JavaThread "Signal Dispatcher"          daemon [_thread_blocked, id=8464, stack(0x00000053de600000,0x00000053de700000) (1024K)]
  0x00000205fd0ae880 JavaThread "Attach Listener"            daemon [_thread_blocked, id=13108, stack(0x00000053de700000,0x00000053de800000) (1024K)]
  0x00000205fd0afb40 JavaThread "Service Thread"             daemon [_thread_blocked, id=18308, stack(0x00000053de800000,0x00000053de900000) (1024K)]
  0x00000205fd0b27a0 JavaThread "Monitor Deflation Thread"   daemon [_thread_blocked, id=11272, stack(0x00000053de900000,0x00000053dea00000) (1024K)]
=>0x00000205fd0b6230 JavaThread "C2 CompilerThread0"         daemon [_thread_in_native, id=18520, stack(0x00000053dea00000,0x00000053deb00000) (1024K)]
  0x00000205fd0ce7d0 JavaThread "C1 CompilerThread0"         daemon [_thread_blocked, id=1444, stack(0x00000053deb00000,0x00000053dec00000) (1024K)]
  0x00000205fde82270 JavaThread "Common-Cleaner"             daemon [_thread_blocked, id=14384, stack(0x00000053dec00000,0x00000053ded00000) (1024K)]
  0x00000205fdfb5710 JavaThread "Notification Thread"        daemon [_thread_blocked, id=19196, stack(0x00000053ded00000,0x00000053dee00000) (1024K)]
  0x00000205fe71dd60 JavaThread "Active Thread: Equinox Container: 4232036b-9576-40e9-9d80-cb852ec5b6e0"        [_thread_blocked, id=6236, stack(0x00000053df100000,0x00000053df200000) (1024K)]
  0x00000205fe599e90 JavaThread "Refresh Thread: Equinox Container: 4232036b-9576-40e9-9d80-cb852ec5b6e0" daemon [_thread_blocked, id=4856, stack(0x00000053df200000,0x00000053df300000) (1024K)]
  0x00000205fe2d8600 JavaThread "Framework Event Dispatcher: Equinox Container: 4232036b-9576-40e9-9d80-cb852ec5b6e0" daemon [_thread_blocked, id=3852, stack(0x00000053df300000,0x00000053df400000) (1024K)]
  0x00000205fe2d9030 JavaThread "Start Level: Equinox Container: 4232036b-9576-40e9-9d80-cb852ec5b6e0" daemon [_thread_blocked, id=8172, stack(0x00000053df400000,0x00000053df500000) (1024K)]
  0x00000205fe927110 JavaThread "Bundle File Closer"         daemon [_thread_blocked, id=18028, stack(0x00000053df500000,0x00000053df600000) (1024K)]
  0x00000205fe8850c0 JavaThread "SCR Component Actor"        daemon [_thread_blocked, id=1372, stack(0x00000053df600000,0x00000053df700000) (1024K)]
  0x00000205fe543790 JavaThread "Worker-JM"                         [_thread_blocked, id=13328, stack(0x00000053df700000,0x00000053df800000) (1024K)]
  0x00000205fe543e20 JavaThread "Worker-0"                          [_thread_blocked, id=19436, stack(0x00000053df800000,0x00000053df900000) (1024K)]
  0x00000205fe543100 JavaThread "Worker-1"                          [_thread_blocked, id=9140, stack(0x00000053df900000,0x00000053dfa00000) (1024K)]
  0x00000205fe544b40 JavaThread "Worker-2"                          [_thread_blocked, id=17764, stack(0x00000053dfa00000,0x00000053dfb00000) (1024K)]
  0x00000205fe5423e0 JavaThread "Worker-3: Initialize Workspace"        [_thread_blocked, id=15764, stack(0x00000053dfb00000,0x00000053dfc00000) (1024K)]
  0x00000205fe5451d0 JavaThread "Java indexing"              daemon [_thread_blocked, id=12172, stack(0x00000053dfc00000,0x00000053dfd00000) (1024K)]
  0x00000205fe5444b0 JavaThread "JNA Cleaner"                daemon [_thread_blocked, id=7748, stack(0x00000053dfd00000,0x00000053dfe00000) (1024K)]
  0x00000205fe542a70 JavaThread "Worker-4"                          [_thread_blocked, id=1068, stack(0x00000053e0000000,0x00000053e0100000) (1024K)]
  0x00000205ff02eac0 JavaThread "Worker-5"                          [_thread_blocked, id=16712, stack(0x00000053e0100000,0x00000053e0200000) (1024K)]
  0x00000205ff02b640 JavaThread "Thread-1"                   daemon [_thread_in_native, id=14136, stack(0x00000053e0200000,0x00000053e0300000) (1024K)]
  0x00000205ff02bcd0 JavaThread "Thread-2"                   daemon [_thread_in_native, id=6080, stack(0x00000053e0300000,0x00000053e0400000) (1024K)]
  0x00000205ff02fe70 JavaThread "Thread-3"                   daemon [_thread_in_native, id=10368, stack(0x00000053e0400000,0x00000053e0500000) (1024K)]
  0x00000205ff030b90 JavaThread "Thread-4"                   daemon [_thread_in_native, id=9448, stack(0x00000053e0500000,0x00000053e0600000) (1024K)]
  0x00000205ff02dda0 JavaThread "Thread-5"                   daemon [_thread_in_native, id=3104, stack(0x00000053e0600000,0x00000053e0700000) (1024K)]
  0x00000205ff02f150 JavaThread "pool-2-thread-1"                   [_thread_blocked, id=1884, stack(0x00000053e0700000,0x00000053e0800000) (1024K)]
  0x00000205ff02d080 JavaThread "WorkspaceEventsHandler"            [_thread_blocked, id=3256, stack(0x00000053e0800000,0x00000053e0900000) (1024K)]
  0x00000205ff02f7e0 JavaThread "pool-1-thread-1"                   [_thread_blocked, id=17808, stack(0x00000053e0900000,0x00000053e0a00000) (1024K)]
  0x00000205ff030500 JavaThread "Timer-0"                           [_thread_blocked, id=6584, stack(0x00000053e0c00000,0x00000053e0d00000) (1024K)]
  0x00000205ff029c00 JavaThread "Timer-1"                           [_thread_blocked, id=2188, stack(0x00000053e0d00000,0x00000053e0e00000) (1024K)]
  0x00000205ff02e430 JavaThread "Timer-2"                           [_thread_blocked, id=17568, stack(0x00000053e0f00000,0x00000053e1000000) (1024K)]
  0x00000205ff02d710 JavaThread "Timer-3"                           [_thread_blocked, id=16896, stack(0x00000053e0b00000,0x00000053e0c00000) (1024K)]
  0x00000205ff031220 JavaThread "Timer-4"                           [_thread_blocked, id=18816, stack(0x00000053e0e00000,0x00000053e0f00000) (1024K)]
  0x00000205ff2d7f20 JavaThread "Exec process"                      [_thread_blocked, id=12268, stack(0x00000053dde00000,0x00000053ddf00000) (1024K)]
  0x00000205ff2d3d80 JavaThread "Exec process Thread 2"             [_thread_blocked, id=16740, stack(0x00000053ddf00000,0x00000053de000000) (1024K)]
  0x00000205ff2d92d0 JavaThread "Exec process Thread 3"             [_thread_blocked, id=14412, stack(0x00000053e1100000,0x00000053e1200000) (1024K)]
  0x00000205ff2d5130 JavaThread "Timer-5"                           [_thread_blocked, id=19200, stack(0x00000053ddd00000,0x00000053dde00000) (1024K)]
  0x00000205ff2d6b70 JavaThread "Timer-6"                           [_thread_blocked, id=11368, stack(0x00000053e1000000,0x00000053e1100000) (1024K)]
  0x00000205ff2d5e50 JavaThread "Connection worker"                 [_thread_blocked, id=2028, stack(0x00000053e1200000,0x00000053e1300000) (1024K)]
  0x00000205ff2d85b0 JavaThread "pool-4-thread-1"                   [_thread_blocked, id=11644, stack(0x00000053e1300000,0x00000053e1400000) (1024K)]
  0x00000205ff2d8c40 JavaThread "Exec process"                      [_thread_in_native, id=11812, stack(0x00000053e1400000,0x00000053e1500000) (1024K)]
  0x00000205ff2d9ff0 JavaThread "Exec process Thread 2"             [_thread_blocked, id=18092, stack(0x00000053e1600000,0x00000053e1700000) (1024K)]
Total: 48

Other Threads:
  0x00000205f977c300 VMThread "VM Thread"                           [id=16768, stack(0x00000053de300000,0x00000053de400000) (1024K)]
  0x00000205f9726c20 WatcherThread "VM Periodic Task Thread"        [id=6616, stack(0x00000053de200000,0x00000053de300000) (1024K)]
  0x00000205f96dad70 WorkerThread "GC Thread#0"                     [id=2492, stack(0x00000053de100000,0x00000053de200000) (1024K)]
  0x00000205fe0a4b50 WorkerThread "GC Thread#1"                     [id=17540, stack(0x00000053dee00000,0x00000053def00000) (1024K)]
  0x00000205fe1ae010 WorkerThread "GC Thread#2"                     [id=14156, stack(0x00000053def00000,0x00000053df000000) (1024K)]
  0x00000205fe219490 WorkerThread "GC Thread#3"                     [id=11736, stack(0x00000053df000000,0x00000053df100000) (1024K)]
Total: 6

Threads with active compile tasks:
C2 CompilerThread0  69571 8099       4       java.util.regex.Pattern$Slice::match (79 bytes)
Total: 1

VM state: not at safepoint (normal execution)

VM Mutex/Monitor currently owned by a thread: None

Heap address: 0x0000000080000000, size: 2048 MB, Compressed Oops mode: 32-bit

CDS archive(s) mapped at: [0x0000020593000000-0x0000020593ba0000-0x0000020593ba0000), size 12189696, SharedBaseAddress: 0x0000020593000000, ArchiveRelocationMode: 1.
Compressed class space mapped at: 0x0000020594000000-0x00000205d4000000, reserved size: 1073741824
Narrow klass base: 0x0000020593000000, Narrow klass shift: 0, Narrow klass range: 0x100000000

GC Precious Log:
 CardTable entry size: 512
 CPUs: 4 total, 4 available
 Memory: 3964M
 Large Page Support: Disabled
 NUMA Support: Disabled
 Compressed Oops: Enabled (32-bit)
 Alignments: Space 512K, Generation 512K, Heap 2M
 Heap Min Capacity: 100M
 Heap Initial Capacity: 100M
 Heap Max Capacity: 2G
 Pre-touch: Disabled
 Parallel Workers: 4

Heap:
 PSYoungGen      total 22528K, used 9515K [0x00000000d5580000, 0x00000000d7200000, 0x0000000100000000)
  eden space 22016K, 41% used [0x00000000d5580000,0x00000000d5e52e98,0x00000000d6b00000)
  from space 512K, 93% used [0x00000000d7100000,0x00000000d7178010,0x00000000d7180000)
  to   space 512K, 0% used [0x00000000d7180000,0x00000000d7180000,0x00000000d7200000)
 ParOldGen       total 68608K, used 43450K [0x0000000080000000, 0x0000000084300000, 0x00000000d5580000)
  object space 68608K, 63% used [0x0000000080000000,0x0000000082a6eb48,0x0000000084300000)
 Metaspace       used 67515K, committed 68864K, reserved 1114112K
  class space    used 8508K, committed 9152K, reserved 1048576K

Card table byte_map: [0x00000205f9090000,0x00000205f94a0000] _byte_map_base: 0x00000205f8c90000

Marking Bits: (ParMarkBitMap*) 0x00007ffb418a2460
 Begin Bits: [0x000002058f000000, 0x0000020591000000)
 End Bits:   [0x0000020591000000, 0x0000020593000000)

Polling page: 0x00000205f8e80000

Metaspace:

Usage:
  Non-class:     57.62 MB used.
      Class:      8.31 MB used.
       Both:     65.93 MB used.

Virtual space:
  Non-class space:       64.00 MB reserved,      58.31 MB ( 91%) committed,  1 nodes.
      Class space:        1.00 GB reserved,       8.94 MB ( <1%) committed,  1 nodes.
             Both:        1.06 GB reserved,      67.25 MB (  6%) committed. 

Chunk freelists:
   Non-Class:  5.39 MB
       Class:  7.03 MB
        Both:  12.42 MB

MaxMetaspaceSize: unlimited
CompressedClassSpaceSize: 1.00 GB
Initial GC threshold: 21.00 MB
Current GC threshold: 97.31 MB
CDS: on
 - commit_granule_bytes: 65536.
 - commit_granule_words: 8192.
 - virtual_space_node_default_size: 8388608.
 - enlarge_chunks_in_place: 1.
 - use_allocation_guard: 0.


Internal statistics:

num_allocs_failed_limit: 9.
num_arena_births: 1148.
num_arena_deaths: 16.
num_vsnodes_births: 2.
num_vsnodes_deaths: 0.
num_space_committed: 1076.
num_space_uncommitted: 0.
num_chunks_returned_to_freelist: 25.
num_chunks_taken_from_freelist: 3934.
num_chunk_merges: 14.
num_chunk_splits: 2543.
num_chunks_enlarged: 1607.
num_inconsistent_stats: 0.

CodeHeap 'non-profiled nmethods': size=120000Kb used=4402Kb max_used=4402Kb free=115597Kb
 bounds [0x0000020587ad0000, 0x0000020587f20000, 0x000002058f000000]
CodeHeap 'profiled nmethods': size=120000Kb used=14582Kb max_used=14582Kb free=105417Kb
 bounds [0x0000020580000000, 0x0000020580e40000, 0x0000020587530000]
CodeHeap 'non-nmethods': size=5760Kb used=1429Kb max_used=1491Kb free=4330Kb
 bounds [0x0000020587530000, 0x00000205877a0000, 0x0000020587ad0000]
CodeCache: size=245760Kb, used=20413Kb, max_used=20475Kb, free=225344Kb
 total_blobs=8066, nmethods=7333, adapters=639, full_count=0
Compilation: enabled, stopped_count=0, restarted_count=0

Compilation events (20 events):
Event: 67.772 Thread 0x00000205fd0ce7d0 nmethod 8089 0x0000020580e3a890 code [0x0000020580e3aa40, 0x0000020580e3abe8]
Event: 67.879 Thread 0x00000205fd0ce7d0 8090       3       java.util.concurrent.locks.AbstractQueuedSynchronizer$ConditionObject::canReacquire (38 bytes)
Event: 67.881 Thread 0x00000205fd0ce7d0 nmethod 8090 0x0000020580e3ac90 code [0x0000020580e3ae60, 0x0000020580e3b1a8]
Event: 68.335 Thread 0x00000205fd0ce7d0 8091       1       org.gradle.internal.logging.events.UpdateNowEvent::getTimestamp (5 bytes)
Event: 68.335 Thread 0x00000205fd0ce7d0 nmethod 8091 0x0000020587f1c810 code [0x0000020587f1c9a0, 0x0000020587f1ca68]
Event: 68.799 Thread 0x00000205fd0ce7d0 8092       3       java.util.concurrent.ScheduledThreadPoolExecutor$ScheduledFutureTask::getDelay (16 bytes)
Event: 68.799 Thread 0x00000205fd0ce7d0 nmethod 8092 0x0000020580e3b310 code [0x0000020580e3b4c0, 0x0000020580e3b658]
Event: 69.473 Thread 0x00000205fd0ce7d0 8093       3       java.util.regex.Pattern::lambda$DOT$11 (34 bytes)
Event: 69.474 Thread 0x00000205fd0ce7d0 nmethod 8093 0x0000020580e3b710 code [0x0000020580e3b8c0, 0x0000020580e3ba98]
Event: 69.474 Thread 0x00000205fd0ce7d0 8094       3       java.util.regex.Pattern$$Lambda/0x00000205940681f8::is (5 bytes)
Event: 69.475 Thread 0x00000205fd0ce7d0 nmethod 8094 0x0000020580e3bb10 code [0x0000020580e3bcc0, 0x0000020580e3bf18]
Event: 69.475 Thread 0x00000205fd0ce7d0 8095       3       java.lang.Character::codePointAt (51 bytes)
Event: 69.475 Thread 0x00000205fd0ce7d0 nmethod 8095 0x0000020580e3c010 code [0x0000020580e3c220, 0x0000020580e3c860]
Event: 69.477 Thread 0x00000205fd0ce7d0 8096       3       java.nio.Buffer::checkIndex (16 bytes)
Event: 69.477 Thread 0x00000205fd0b6230 8099       4       java.util.regex.Pattern$Slice::match (79 bytes)
Event: 69.477 Thread 0x00000205fd0ce7d0 nmethod 8096 0x0000020580e3ca10 code [0x0000020580e3cbc0, 0x0000020580e3cd20]
Event: 69.477 Thread 0x00000205fd0ce7d0 8097       3       java.nio.CharBuffer::charAt (16 bytes)
Event: 69.478 Thread 0x00000205fd0ce7d0 nmethod 8097 0x0000020580e3ce10 code [0x0000020580e3cfc0, 0x0000020580e3d260]
Event: 69.478 Thread 0x00000205fd0ce7d0 8098       3       java.nio.HeapCharBuffer::get (15 bytes)
Event: 69.478 Thread 0x00000205fd0ce7d0 nmethod 8098 0x0000020580e3d390 code [0x0000020580e3d540, 0x0000020580e3d7a0]

GC Heap History (20 events):
Event: 54.493 GC heap before
{Heap before GC invocations=35 (full 3):
 PSYoungGen      total 23040K, used 22679K [0x00000000d5580000, 0x00000000d7380000, 0x0000000100000000)
  eden space 22016K, 100% used [0x00000000d5580000,0x00000000d6b00000,0x00000000d6b00000)
  from space 1024K, 64% used [0x00000000d7180000,0x00000000d7225d88,0x00000000d7280000)
  to   space 1024K, 0% used [0x00000000d7280000,0x00000000d7280000,0x00000000d7380000)
 ParOldGen       total 68608K, used 40803K [0x0000000080000000, 0x0000000084300000, 0x00000000d5580000)
  object space 68608K, 59% used [0x0000000080000000,0x00000000827d8d60,0x0000000084300000)
 Metaspace       used 63949K, committed 65216K, reserved 1114112K
  class space    used 7989K, committed 8576K, reserved 1048576K
}
Event: 54.497 GC heap after
{Heap after GC invocations=35 (full 3):
 PSYoungGen      total 22528K, used 448K [0x00000000d5580000, 0x00000000d7300000, 0x0000000100000000)
  eden space 22016K, 0% used [0x00000000d5580000,0x00000000d5580000,0x00000000d6b00000)
  from space 512K, 87% used [0x00000000d7280000,0x00000000d72f0000,0x00000000d7300000)
  to   space 1024K, 0% used [0x00000000d7100000,0x00000000d7100000,0x00000000d7200000)
 ParOldGen       total 68608K, used 41001K [0x0000000080000000, 0x0000000084300000, 0x00000000d5580000)
  object space 68608K, 59% used [0x0000000080000000,0x000000008280a7e8,0x0000000084300000)
 Metaspace       used 63949K, committed 65216K, reserved 1114112K
  class space    used 7989K, committed 8576K, reserved 1048576K
}
Event: 55.268 GC heap before
{Heap before GC invocations=36 (full 3):
 PSYoungGen      total 22528K, used 22464K [0x00000000d5580000, 0x00000000d7300000, 0x0000000100000000)
  eden space 22016K, 100% used [0x00000000d5580000,0x00000000d6b00000,0x00000000d6b00000)
  from space 512K, 87% used [0x00000000d7280000,0x00000000d72f0000,0x00000000d7300000)
  to   space 1024K, 0% used [0x00000000d7100000,0x00000000d7100000,0x00000000d7200000)
 ParOldGen       total 68608K, used 41001K [0x0000000080000000, 0x0000000084300000, 0x00000000d5580000)
  object space 68608K, 59% used [0x0000000080000000,0x000000008280a7e8,0x0000000084300000)
 Metaspace       used 64201K, committed 65472K, reserved 1114112K
  class space    used 8025K, committed 8576K, reserved 1048576K
}
Event: 55.269 GC heap after
{Heap after GC invocations=36 (full 3):
 PSYoungGen      total 23040K, used 1008K [0x00000000d5580000, 0x00000000d7300000, 0x0000000100000000)
  eden space 22016K, 0% used [0x00000000d5580000,0x00000000d5580000,0x00000000d6b00000)
  from space 1024K, 98% used [0x00000000d7100000,0x00000000d71fc288,0x00000000d7200000)
  to   space 1024K, 0% used [0x00000000d7200000,0x00000000d7200000,0x00000000d7300000)
 ParOldGen       total 68608K, used 41164K [0x0000000080000000, 0x0000000084300000, 0x00000000d5580000)
  object space 68608K, 60% used [0x0000000080000000,0x0000000082833368,0x0000000084300000)
 Metaspace       used 64201K, committed 65472K, reserved 1114112K
  class space    used 8025K, committed 8576K, reserved 1048576K
}
Event: 56.569 GC heap before
{Heap before GC invocations=37 (full 3):
 PSYoungGen      total 23040K, used 23024K [0x00000000d5580000, 0x00000000d7300000, 0x0000000100000000)
  eden space 22016K, 100% used [0x00000000d5580000,0x00000000d6b00000,0x00000000d6b00000)
  from space 1024K, 98% used [0x00000000d7100000,0x00000000d71fc288,0x00000000d7200000)
  to   space 1024K, 0% used [0x00000000d7200000,0x00000000d7200000,0x00000000d7300000)
 ParOldGen       total 68608K, used 41164K [0x0000000080000000, 0x0000000084300000, 0x00000000d5580000)
  object space 68608K, 60% used [0x0000000080000000,0x0000000082833368,0x0000000084300000)
 Metaspace       used 64201K, committed 65472K, reserved 1114112K
  class space    used 8025K, committed 8576K, reserved 1048576K
}
Event: 56.571 GC heap after
{Heap after GC invocations=37 (full 3):
 PSYoungGen      total 23040K, used 908K [0x00000000d5580000, 0x00000000d7300000, 0x0000000100000000)
  eden space 22016K, 0% used [0x00000000d5580000,0x00000000d5580000,0x00000000d6b00000)
  from space 1024K, 88% used [0x00000000d7200000,0x00000000d72e30b8,0x00000000d7300000)
  to   space 1024K, 0% used [0x00000000d7100000,0x00000000d7100000,0x00000000d7200000)
 ParOldGen       total 68608K, used 41300K [0x0000000080000000, 0x0000000084300000, 0x00000000d5580000)
  object space 68608K, 60% used [0x0000000080000000,0x0000000082855368,0x0000000084300000)
 Metaspace       used 64201K, committed 65472K, reserved 1114112K
  class space    used 8025K, committed 8576K, reserved 1048576K
}
Event: 57.960 GC heap before
{Heap before GC invocations=38 (full 3):
 PSYoungGen      total 23040K, used 22924K [0x00000000d5580000, 0x00000000d7300000, 0x0000000100000000)
  eden space 22016K, 100% used [0x00000000d5580000,0x00000000d6b00000,0x00000000d6b00000)
  from space 1024K, 88% used [0x00000000d7200000,0x00000000d72e30b8,0x00000000d7300000)
  to   space 1024K, 0% used [0x00000000d7100000,0x00000000d7100000,0x00000000d7200000)
 ParOldGen       total 68608K, used 41300K [0x0000000080000000, 0x0000000084300000, 0x00000000d5580000)
  object space 68608K, 60% used [0x0000000080000000,0x0000000082855368,0x0000000084300000)
 Metaspace       used 64201K, committed 65472K, reserved 1114112K
  class space    used 8025K, committed 8576K, reserved 1048576K
}
Event: 57.961 GC heap after
{Heap after GC invocations=38 (full 3):
 PSYoungGen      total 23040K, used 1019K [0x00000000d5580000, 0x00000000d7280000, 0x0000000100000000)
  eden space 22016K, 0% used [0x00000000d5580000,0x00000000d5580000,0x00000000d6b00000)
  from space 1024K, 99% used [0x00000000d7100000,0x00000000d71fec30,0x00000000d7200000)
  to   space 512K, 0% used [0x00000000d7200000,0x00000000d7200000,0x00000000d7280000)
 ParOldGen       total 68608K, used 41372K [0x0000000080000000, 0x0000000084300000, 0x00000000d5580000)
  object space 68608K, 60% used [0x0000000080000000,0x0000000082867220,0x0000000084300000)
 Metaspace       used 64201K, committed 65472K, reserved 1114112K
  class space    used 8025K, committed 8576K, reserved 1048576K
}
Event: 59.075 GC heap before
{Heap before GC invocations=39 (full 3):
 PSYoungGen      total 23040K, used 23035K [0x00000000d5580000, 0x00000000d7280000, 0x0000000100000000)
  eden space 22016K, 100% used [0x00000000d5580000,0x00000000d6b00000,0x00000000d6b00000)
  from space 1024K, 99% used [0x00000000d7100000,0x00000000d71fec30,0x00000000d7200000)
  to   space 512K, 0% used [0x00000000d7200000,0x00000000d7200000,0x00000000d7280000)
 ParOldGen       total 68608K, used 41372K [0x0000000080000000, 0x0000000084300000, 0x00000000d5580000)
  object space 68608K, 60% used [0x0000000080000000,0x0000000082867220,0x0000000084300000)
 Metaspace       used 64201K, committed 65472K, reserved 1114112K
  class space    used 8025K, committed 8576K, reserved 1048576K
}
Event: 59.076 GC heap after
{Heap after GC invocations=39 (full 3):
 PSYoungGen      total 22528K, used 497K [0x00000000d5580000, 0x00000000d7280000, 0x0000000100000000)
  eden space 22016K, 0% used [0x00000000d5580000,0x00000000d5580000,0x00000000d6b00000)
  from space 512K, 97% used [0x00000000d7200000,0x00000000d727c478,0x00000000d7280000)
  to   space 1536K, 0% used [0x00000000d6f80000,0x00000000d6f80000,0x00000000d7100000)
 ParOldGen       total 68608K, used 41956K [0x0000000080000000, 0x0000000084300000, 0x00000000d5580000)
  object space 68608K, 61% used [0x0000000080000000,0x00000000828f91e0,0x0000000084300000)
 Metaspace       used 64201K, committed 65472K, reserved 1114112K
  class space    used 8025K, committed 8576K, reserved 1048576K
}
Event: 59.801 GC heap before
{Heap before GC invocations=40 (full 3):
 PSYoungGen      total 22528K, used 22513K [0x00000000d5580000, 0x00000000d7280000, 0x0000000100000000)
  eden space 22016K, 100% used [0x00000000d5580000,0x00000000d6b00000,0x00000000d6b00000)
  from space 512K, 97% used [0x00000000d7200000,0x00000000d727c478,0x00000000d7280000)
  to   space 1536K, 0% used [0x00000000d6f80000,0x00000000d6f80000,0x00000000d7100000)
 ParOldGen       total 68608K, used 41956K [0x0000000080000000, 0x0000000084300000, 0x00000000d5580000)
  object space 68608K, 61% used [0x0000000080000000,0x00000000828f91e0,0x0000000084300000)
 Metaspace       used 64201K, committed 65472K, reserved 1114112K
  class space    used 8025K, committed 8576K, reserved 1048576K
}
Event: 59.803 GC heap after
{Heap after GC invocations=40 (full 3):
 PSYoungGen      total 23552K, used 909K [0x00000000d5580000, 0x00000000d7280000, 0x0000000100000000)
  eden space 22016K, 0% used [0x00000000d5580000,0x00000000d5580000,0x00000000d6b00000)
  from space 1536K, 59% used [0x00000000d6f80000,0x00000000d7063468,0x00000000d7100000)
  to   space 1024K, 0% used [0x00000000d7180000,0x00000000d7180000,0x00000000d7280000)
 ParOldGen       total 68608K, used 41972K [0x0000000080000000, 0x0000000084300000, 0x00000000d5580000)
  object space 68608K, 61% used [0x0000000080000000,0x00000000828fd1e0,0x0000000084300000)
 Metaspace       used 64201K, committed 65472K, reserved 1114112K
  class space    used 8025K, committed 8576K, reserved 1048576K
}
Event: 60.168 GC heap before
{Heap before GC invocations=41 (full 3):
 PSYoungGen      total 23552K, used 22925K [0x00000000d5580000, 0x00000000d7280000, 0x0000000100000000)
  eden space 22016K, 100% used [0x00000000d5580000,0x00000000d6b00000,0x00000000d6b00000)
  from space 1536K, 59% used [0x00000000d6f80000,0x00000000d7063468,0x00000000d7100000)
  to   space 1024K, 0% used [0x00000000d7180000,0x00000000d7180000,0x00000000d7280000)
 ParOldGen       total 68608K, used 41972K [0x0000000080000000, 0x0000000084300000, 0x00000000d5580000)
  object space 68608K, 61% used [0x0000000080000000,0x00000000828fd1e0,0x0000000084300000)
 Metaspace       used 64201K, committed 65472K, reserved 1114112K
  class space    used 8025K, committed 8576K, reserved 1048576K
}
Event: 60.169 GC heap after
{Heap after GC invocations=41 (full 3):
 PSYoungGen      total 23040K, used 818K [0x00000000d5580000, 0x00000000d7280000, 0x0000000100000000)
  eden space 22016K, 0% used [0x00000000d5580000,0x00000000d5580000,0x00000000d6b00000)
  from space 1024K, 79% used [0x00000000d7180000,0x00000000d724c888,0x00000000d7280000)
  to   space 1024K, 0% used [0x00000000d7080000,0x00000000d7080000,0x00000000d7180000)
 ParOldGen       total 68608K, used 42004K [0x0000000080000000, 0x0000000084300000, 0x00000000d5580000)
  object space 68608K, 61% used [0x0000000080000000,0x00000000829051e0,0x0000000084300000)
 Metaspace       used 64201K, committed 65472K, reserved 1114112K
  class space    used 8025K, committed 8576K, reserved 1048576K
}
Event: 60.543 GC heap before
{Heap before GC invocations=42 (full 3):
 PSYoungGen      total 23040K, used 22834K [0x00000000d5580000, 0x00000000d7280000, 0x0000000100000000)
  eden space 22016K, 100% used [0x00000000d5580000,0x00000000d6b00000,0x00000000d6b00000)
  from space 1024K, 79% used [0x00000000d7180000,0x00000000d724c888,0x00000000d7280000)
  to   space 1024K, 0% used [0x00000000d7080000,0x00000000d7080000,0x00000000d7180000)
 ParOldGen       total 68608K, used 42004K [0x0000000080000000, 0x0000000084300000, 0x00000000d5580000)
  object space 68608K, 61% used [0x0000000080000000,0x00000000829051e0,0x0000000084300000)
 Metaspace       used 64201K, committed 65472K, reserved 1114112K
  class space    used 8025K, committed 8576K, reserved 1048576K
}
Event: 60.545 GC heap after
{Heap after GC invocations=42 (full 3):
 PSYoungGen      total 23040K, used 718K [0x00000000d5580000, 0x00000000d7200000, 0x0000000100000000)
  eden space 22016K, 0% used [0x00000000d5580000,0x00000000d5580000,0x00000000d6b00000)
  from space 1024K, 70% used [0x00000000d7080000,0x00000000d71339c0,0x00000000d7180000)
  to   space 512K, 0% used [0x00000000d7180000,0x00000000d7180000,0x00000000d7200000)
 ParOldGen       total 68608K, used 42028K [0x0000000080000000, 0x0000000084300000, 0x00000000d5580000)
  object space 68608K, 61% used [0x0000000080000000,0x000000008290b1e0,0x0000000084300000)
 Metaspace       used 64201K, committed 65472K, reserved 1114112K
  class space    used 8025K, committed 8576K, reserved 1048576K
}
Event: 61.050 GC heap before
{Heap before GC invocations=43 (full 3):
 PSYoungGen      total 23040K, used 22734K [0x00000000d5580000, 0x00000000d7200000, 0x0000000100000000)
  eden space 22016K, 100% used [0x00000000d5580000,0x00000000d6b00000,0x00000000d6b00000)
  from space 1024K, 70% used [0x00000000d7080000,0x00000000d71339c0,0x00000000d7180000)
  to   space 512K, 0% used [0x00000000d7180000,0x00000000d7180000,0x00000000d7200000)
 ParOldGen       total 68608K, used 42028K [0x0000000080000000, 0x0000000084300000, 0x00000000d5580000)
  object space 68608K, 61% used [0x0000000080000000,0x000000008290b1e0,0x0000000084300000)
 Metaspace       used 65210K, committed 66432K, reserved 1114112K
  class space    used 8171K, committed 8704K, reserved 1048576K
}
Event: 61.051 GC heap after
{Heap after GC invocations=43 (full 3):
 PSYoungGen      total 22528K, used 352K [0x00000000d5580000, 0x00000000d7200000, 0x0000000100000000)
  eden space 22016K, 0% used [0x00000000d5580000,0x00000000d5580000,0x00000000d6b00000)
  from space 512K, 68% used [0x00000000d7180000,0x00000000d71d8000,0x00000000d7200000)
  to   space 512K, 0% used [0x00000000d7100000,0x00000000d7100000,0x00000000d7180000)
 ParOldGen       total 68608K, used 42052K [0x0000000080000000, 0x0000000084300000, 0x00000000d5580000)
  object space 68608K, 61% used [0x0000000080000000,0x00000000829111e0,0x0000000084300000)
 Metaspace       used 65210K, committed 66432K, reserved 1114112K
  class space    used 8171K, committed 8704K, reserved 1048576K
}
Event: 62.947 GC heap before
{Heap before GC invocations=44 (full 3):
 PSYoungGen      total 22528K, used 22368K [0x00000000d5580000, 0x00000000d7200000, 0x0000000100000000)
  eden space 22016K, 100% used [0x00000000d5580000,0x00000000d6b00000,0x00000000d6b00000)
  from space 512K, 68% used [0x00000000d7180000,0x00000000d71d8000,0x00000000d7200000)
  to   space 512K, 0% used [0x00000000d7100000,0x00000000d7100000,0x00000000d7180000)
 ParOldGen       total 68608K, used 42052K [0x0000000080000000, 0x0000000084300000, 0x00000000d5580000)
  object space 68608K, 61% used [0x0000000080000000,0x00000000829111e0,0x0000000084300000)
 Metaspace       used 67218K, committed 68544K, reserved 1114112K
  class space    used 8481K, committed 9088K, reserved 1048576K
}
Event: 62.951 GC heap after
{Heap after GC invocations=44 (full 3):
 PSYoungGen      total 22528K, used 480K [0x00000000d5580000, 0x00000000d7200000, 0x0000000100000000)
  eden space 22016K, 0% used [0x00000000d5580000,0x00000000d5580000,0x00000000d6b00000)
  from space 512K, 93% used [0x00000000d7100000,0x00000000d7178010,0x00000000d7180000)
  to   space 512K, 0% used [0x00000000d7180000,0x00000000d7180000,0x00000000d7200000)
 ParOldGen       total 68608K, used 43450K [0x0000000080000000, 0x0000000084300000, 0x00000000d5580000)
  object space 68608K, 63% used [0x0000000080000000,0x0000000082a6eb48,0x0000000084300000)
 Metaspace       used 67218K, committed 68544K, reserved 1114112K
  class space    used 8481K, committed 9088K, reserved 1048576K
}

Dll operation events (15 events):
Event: 0.141 Loaded shared library c:\Users\hafid\.vscode\extensions\redhat.java-1.50.0-win32-x64\jre\21.0.9-win32-x86_64\bin\java.dll
Event: 0.263 Loaded shared library c:\Users\hafid\.vscode\extensions\redhat.java-1.50.0-win32-x64\jre\21.0.9-win32-x86_64\bin\zip.dll
Event: 0.306 Loaded shared library C:\Users\hafid\.vscode\extensions\redhat.java-1.50.0-win32-x64\jre\21.0.9-win32-x86_64\bin\instrument.dll
Event: 0.315 Loaded shared library C:\Users\hafid\.vscode\extensions\redhat.java-1.50.0-win32-x64\jre\21.0.9-win32-x86_64\bin\net.dll
Event: 0.318 Loaded shared library C:\Users\hafid\.vscode\extensions\redhat.java-1.50.0-win32-x64\jre\21.0.9-win32-x86_64\bin\nio.dll
Event: 0.321 Loaded shared library C:\Users\hafid\.vscode\extensions\redhat.java-1.50.0-win32-x64\jre\21.0.9-win32-x86_64\bin\zip.dll
Event: 0.350 Loaded shared library C:\Users\hafid\.vscode\extensions\redhat.java-1.50.0-win32-x64\jre\21.0.9-win32-x86_64\bin\jimage.dll
Event: 0.502 Loaded shared library c:\Users\hafid\.vscode\extensions\redhat.java-1.50.0-win32-x64\jre\21.0.9-win32-x86_64\bin\verify.dll
Event: 5.994 Loaded shared library C:\Users\hafid\AppData\Roaming\Code\User\globalStorage\redhat.java\1.50.0\config_win\org.eclipse.equinox.launcher\org.eclipse.equinox.launcher.win32.win32.x86_64_1.2.1400.v20250801-0854\eclipse_11916.dll
Event: 12.701 Loaded shared library C:\Users\hafid\.vscode\extensions\redhat.java-1.50.0-win32-x64\jre\21.0.9-win32-x86_64\bin\management.dll
Event: 12.710 Loaded shared library C:\Users\hafid\.vscode\extensions\redhat.java-1.50.0-win32-x64\jre\21.0.9-win32-x86_64\bin\management_ext.dll
Event: 23.281 Loaded shared library C:\Users\hafid\AppData\Local\Temp\jna-99037288\jna12133514013333586645.dll
Event: 25.625 Loaded shared library C:\Users\hafid\.vscode\extensions\redhat.java-1.50.0-win32-x64\jre\21.0.9-win32-x86_64\bin\sunmscapi.dll
Event: 26.308 Loaded shared library C:\Users\hafid\.vscode\extensions\redhat.java-1.50.0-win32-x64\jre\21.0.9-win32-x86_64\bin\extnet.dll
Event: 32.015 Loaded shared library C:\Users\hafid\.gradle\native\1def1411415f61bf3af743bc5b6707747c0891f09f0c88961ee8f79bc544acac\windows-amd64\native-platform.dll

Deoptimization events (20 events):
Event: 69.475 Thread 0x00000205ff2d8c40 Uncommon trap: trap_request=0xffffffc6 fr.pc=0x0000020587e34a68 relative=0x0000000000000288
Event: 69.475 Thread 0x00000205ff2d8c40 Uncommon trap: reason=bimorphic_or_optimized_type_check action=maybe_recompile pc=0x0000020587e34a68 method=java.util.regex.Pattern$BmpCharProperty.match(Ljava/util/regex/Matcher;ILjava/lang/CharSequence;)Z @ 14 c2
Event: 69.475 Thread 0x00000205ff2d8c40 DEOPT PACKING pc=0x0000020587e34a68 sp=0x00000053e14fe890
Event: 69.475 Thread 0x00000205ff2d8c40 DEOPT UNPACKING pc=0x0000020587583aa2 sp=0x00000053e14fe820 mode 2
Event: 69.475 Thread 0x00000205ff2d8c40 Uncommon trap: trap_request=0xffffffc6 fr.pc=0x0000020587e709dc relative=0x000000000000011c
Event: 69.476 Thread 0x00000205ff2d8c40 Uncommon trap: reason=bimorphic_or_optimized_type_check action=maybe_recompile pc=0x0000020587e709dc method=java.util.regex.Pattern.lambda$union$3(Ljava/util/regex/Pattern$CharPredicate;Ljava/util/regex/Pattern$CharPredicate;I)Z @ 12 c2
Event: 69.476 Thread 0x00000205ff2d8c40 DEOPT PACKING pc=0x0000020587e709dc sp=0x00000053e14fe7f0
Event: 69.476 Thread 0x00000205ff2d8c40 DEOPT UNPACKING pc=0x0000020587583aa2 sp=0x00000053e14fe708 mode 2
Event: 69.476 Thread 0x00000205ff2d8c40 Uncommon trap: trap_request=0xffffffbe fr.pc=0x0000020587dbf4f4 relative=0x00000000000002b4
Event: 69.476 Thread 0x00000205ff2d8c40 Uncommon trap: reason=profile_predicate action=maybe_recompile pc=0x0000020587dbf4f4 method=java.util.regex.Pattern$Slice.match(Ljava/util/regex/Matcher;ILjava/lang/CharSequence;)Z @ 18 c2
Event: 69.476 Thread 0x00000205ff2d8c40 DEOPT PACKING pc=0x0000020587dbf4f4 sp=0x00000053e14fe880
Event: 69.477 Thread 0x00000205ff2d8c40 DEOPT UNPACKING pc=0x0000020587583aa2 sp=0x00000053e14fe810 mode 2
Event: 69.477 Thread 0x00000205ff2d8c40 Uncommon trap: trap_request=0xffffffc6 fr.pc=0x0000020587e34a68 relative=0x0000000000000288
Event: 69.477 Thread 0x00000205ff2d8c40 Uncommon trap: reason=bimorphic_or_optimized_type_check action=maybe_recompile pc=0x0000020587e34a68 method=java.util.regex.Pattern$BmpCharProperty.match(Ljava/util/regex/Matcher;ILjava/lang/CharSequence;)Z @ 14 c2
Event: 69.477 Thread 0x00000205ff2d8c40 DEOPT PACKING pc=0x0000020587e34a68 sp=0x00000053e14fe890
Event: 69.477 Thread 0x00000205ff2d8c40 DEOPT UNPACKING pc=0x0000020587583aa2 sp=0x00000053e14fe820 mode 2
Event: 69.477 Thread 0x00000205ff2d8c40 Uncommon trap: trap_request=0xffffffc6 fr.pc=0x0000020587e709dc relative=0x000000000000011c
Event: 69.477 Thread 0x00000205ff2d8c40 Uncommon trap: reason=bimorphic_or_optimized_type_check action=maybe_recompile pc=0x0000020587e709dc method=java.util.regex.Pattern.lambda$union$3(Ljava/util/regex/Pattern$CharPredicate;Ljava/util/regex/Pattern$CharPredicate;I)Z @ 12 c2
Event: 69.477 Thread 0x00000205ff2d8c40 DEOPT PACKING pc=0x0000020587e709dc sp=0x00000053e14fe7f0
Event: 69.477 Thread 0x00000205ff2d8c40 DEOPT UNPACKING pc=0x0000020587583aa2 sp=0x00000053e14fe708 mode 2

Classes loaded (20 events):
Event: 63.433 Loading class java/util/EnumMap$EntrySet
Event: 63.433 Loading class java/util/EnumMap$EntrySet done
Event: 63.434 Loading class java/util/EnumMap$EntryIterator
Event: 63.434 Loading class java/util/EnumMap$EnumMapIterator
Event: 63.434 Loading class java/util/EnumMap$EnumMapIterator done
Event: 63.434 Loading class java/util/EnumMap$EntryIterator done
Event: 63.434 Loading class java/util/EnumMap$EntryIterator$Entry
Event: 63.434 Loading class java/util/EnumMap$EntryIterator$Entry done
Event: 63.601 Loading class java/lang/ProcessBuilder$NullInputStream
Event: 63.601 Loading class java/lang/ProcessBuilder$NullInputStream done
Event: 63.604 Loading class java/util/Scanner
Event: 63.605 Loading class java/util/Scanner done
Event: 63.606 Loading class java/util/Scanner$PatternLRUCache
Event: 63.607 Loading class java/util/Scanner$PatternLRUCache done
Event: 64.619 Loading class sun/net/www/http/ChunkedInputStream
Event: 64.620 Loading class sun/net/www/http/ChunkedInputStream done
Event: 65.932 Loading class java/security/DigestInputStream
Event: 65.932 Loading class java/security/DigestInputStream done
Event: 69.472 Loading class java/util/regex/Matcher$ImmutableMatchResult
Event: 69.473 Loading class java/util/regex/Matcher$ImmutableMatchResult done

Classes unloaded (8 events):
Event: 16.920 Thread 0x00000205f977c300 Unloading class 0x00000205941a3800 'java/lang/invoke/LambdaForm$MH+0x00000205941a3800'
Event: 16.920 Thread 0x00000205f977c300 Unloading class 0x00000205941a3400 'java/lang/invoke/LambdaForm$MH+0x00000205941a3400'
Event: 16.920 Thread 0x00000205f977c300 Unloading class 0x00000205941a3000 'java/lang/invoke/LambdaForm$MH+0x00000205941a3000'
Event: 16.920 Thread 0x00000205f977c300 Unloading class 0x00000205941a2c00 'java/lang/invoke/LambdaForm$MH+0x00000205941a2c00'
Event: 16.920 Thread 0x00000205f977c300 Unloading class 0x00000205941a2800 'java/lang/invoke/LambdaForm$BMH+0x00000205941a2800'
Event: 16.920 Thread 0x00000205f977c300 Unloading class 0x00000205941a2400 'java/lang/invoke/LambdaForm$DMH+0x00000205941a2400'
Event: 16.920 Thread 0x00000205f977c300 Unloading class 0x00000205941a1000 'java/lang/invoke/LambdaForm$DMH+0x00000205941a1000'
Event: 23.816 Thread 0x00000205f977c300 Unloading class 0x00000205942b2000 'java/lang/invoke/LambdaForm$MH+0x00000205942b2000'

Classes redefined (0 events):
No events

Internal exceptions (20 events):
Event: 61.105 Thread 0x00000205ff02a920 Exception <a 'java/lang/NoSuchMethodError'{0x00000000d57abea8}: 'java.lang.Object java.lang.invoke.DirectMethodHandle$Holder.invokeStatic(java.lang.Object, java.lang.Object, java.lang.Object, java.lang.Object, java.lang.Object, java.lang.Object, java.lang.Object, java.lang.Object, java.lang.Object, java.lang.Object, java.lang.Object, java.lang.Object, java.lang.Object, java.lang.Object, java.lang.Object, java.lang.Object, java.lang.Object, java.lang.Object, java.lang.Object, java.lang.Object)'> (0x00000000
Event: 61.108 Thread 0x00000205ff02a920 Exception <a 'java/lang/NoSuchMethodError'{0x00000000d57dbc70}: 'java.lang.Object java.lang.invoke.DirectMethodHandle$Holder.invokeStatic(java.lang.Object, java.lang.Object, java.lang.Object, java.lang.Object, java.lang.Object, java.lang.Object, java.lang.Object, java.lang.Object, java.lang.Object, java.lang.Object, java.lang.Object, java.lang.Object, java.lang.Object, java.lang.Object, java.lang.Object, java.lang.Object, java.lang.Object, java.lang.Object, java.lang.Object, java.lang.Object, java.lang.Obj
Event: 61.110 Thread 0x00000205ff02a920 Exception <a 'java/lang/NoSuchMethodError'{0x00000000d580c400}: 'java.lang.Object java.lang.invoke.DirectMethodHandle$Holder.invokeStatic(java.lang.Object, java.lang.Object, java.lang.Object, java.lang.Object, java.lang.Object, java.lang.Object, java.lang.Object, java.lang.Object, java.lang.Object, java.lang.Object, java.lang.Object, java.lang.Object, java.lang.Object, java.lang.Object, java.lang.Object, java.lang.Object, java.lang.Object, java.lang.Object, java.lang.Object, java.lang.Object, java.lang.Obj
Event: 61.113 Thread 0x00000205ff02a920 Exception <a 'java/lang/NoSuchMethodError'{0x00000000d583dc58}: 'java.lang.Object java.lang.invoke.DirectMethodHandle$Holder.invokeStatic(java.lang.Object, java.lang.Object, java.lang.Object, java.lang.Object, java.lang.Object, java.lang.Object, java.lang.Object, java.lang.Object, java.lang.Object, java.lang.Object, java.lang.Object, java.lang.Object, java.lang.Object, java.lang.Object, java.lang.Object, java.lang.Object, java.lang.Object, java.lang.Object, java.lang.Object, java.lang.Object, java.lang.Obj
Event: 61.116 Thread 0x00000205ff02a920 Exception <a 'java/lang/NoSuchMethodError'{0x00000000d586fcd8}: 'java.lang.Object java.lang.invoke.DirectMethodHandle$Holder.invokeStatic(java.lang.Object, java.lang.Object, java.lang.Object, java.lang.Object, java.lang.Object, java.lang.Object, java.lang.Object, java.lang.Object, java.lang.Object, java.lang.Object, java.lang.Object, java.lang.Object, java.lang.Object, java.lang.Object, java.lang.Object, java.lang.Object, java.lang.Object, java.lang.Object, java.lang.Object, java.lang.Object, java.lang.Obj
Event: 61.125 Thread 0x00000205ff02a920 Exception <a 'java/lang/NoSuchMethodError'{0x00000000d58a48f0}: 'java.lang.Object java.lang.invoke.DirectMethodHandle$Holder.invokeStatic(java.lang.Object, java.lang.Object, java.lang.Object, java.lang.Object, java.lang.Object, java.lang.Object, java.lang.Object, java.lang.Object, java.lang.Object, java.lang.Object, java.lang.Object, java.lang.Object, java.lang.Object, java.lang.Object, java.lang.Object, java.lang.Object, java.lang.Object, java.lang.Object, java.lang.Object, java.lang.Object, java.lang.Obj
Event: 61.145 Thread 0x00000205ff02a920 Exception <a 'java/lang/NoSuchMethodError'{0x00000000d58ca178}: 'java.lang.Object java.lang.invoke.DirectMethodHandle$Holder.invokeSpecial(java.lang.Object, java.lang.Object, java.lang.Object, java.lang.Object, java.lang.Object, java.lang.Object, java.lang.Object, java.lang.Object, java.lang.Object, java.lang.Object, java.lang.Object, java.lang.Object, java.lang.Object, java.lang.Object, java.lang.Object, java.lang.Object, java.lang.Object, java.lang.Object, java.lang.Object, java.lang.Object, java.lang.Ob
Event: 61.146 Thread 0x00000205ff02a920 Exception <a 'java/lang/NoSuchMethodError'{0x00000000d58df860}: 'java.lang.Object java.lang.invoke.DirectMethodHandle$Holder.newInvokeSpecial(java.lang.Object, java.lang.Object, java.lang.Object, java.lang.Object, java.lang.Object, java.lang.Object, java.lang.Object, java.lang.Object, java.lang.Object, java.lang.Object, java.lang.Object, java.lang.Object, java.lang.Object, java.lang.Object, java.lang.Object, java.lang.Object, java.lang.Object, java.lang.Object, java.lang.Object, java.lang.Object, java.lang
Event: 61.147 Thread 0x00000205ff02a920 Exception <a 'java/lang/NoSuchMethodError'{0x00000000d58e59d8}: 'java.lang.Object java.lang.invoke.Invokers$Holder.linkToTargetMethod(java.lang.Object, java.lang.Object, java.lang.Object, java.lang.Object, java.lang.Object, java.lang.Object, java.lang.Object, java.lang.Object, java.lang.Object, java.lang.Object, java.lang.Object, java.lang.Object, java.lang.Object, java.lang.Object, java.lang.Object, java.lang.Object, java.lang.Object, java.lang.Object, java.lang.Object, java.lang.Object, java.lang.Object,
Event: 61.148 Thread 0x00000205ff02a920 Exception <a 'java/lang/NoSuchMethodError'{0x00000000d58ead38}: 'java.lang.Object java.lang.invoke.DirectMethodHandle$Holder.invokeVirtual(java.lang.Object, java.lang.Object, java.lang.Object, java.lang.Object, java.lang.Object, java.lang.Object, java.lang.Object, java.lang.Object, java.lang.Object, java.lang.Object)'> (0x00000000d58ead38) 
thrown [s\src\hotspot\share\interpreter\linkResolver.cpp, line 773]
Event: 61.195 Thread 0x00000205ff02a920 Exception <a 'java/lang/NoSuchMethodError'{0x00000000d5a82ea8}: 'java.lang.Object java.lang.invoke.DirectMethodHandle$Holder.invokeVirtual(java.lang.Object, java.lang.Object, java.lang.Object, java.lang.Object, java.lang.Object, java.lang.Object, java.lang.Object, java.lang.Object, java.lang.Object)'> (0x00000000d5a82ea8) 
thrown [s\src\hotspot\share\interpreter\linkResolver.cpp, line 773]
Event: 61.275 Thread 0x00000205ff02a920 Exception <a 'java/lang/NoSuchMethodError'{0x00000000d5cc4ff0}: 'java.lang.Object java.lang.invoke.DirectMethodHandle$Holder.invokeVirtual(java.lang.Object, java.lang.Object, java.lang.Object, java.lang.Object, java.lang.Object, java.lang.Object, java.lang.Object, java.lang.Object)'> (0x00000000d5cc4ff0) 
thrown [s\src\hotspot\share\interpreter\linkResolver.cpp, line 773]
Event: 61.284 Thread 0x00000205ff02a920 Exception <a 'java/lang/NoSuchMethodError'{0x00000000d5d3c4b8}: 'long java.lang.invoke.DirectMethodHandle$Holder.invokeVirtual(java.lang.Object, java.lang.Object)'> (0x00000000d5d3c4b8) 
thrown [s\src\hotspot\share\interpreter\linkResolver.cpp, line 773]
Event: 61.289 Thread 0x00000205ff02a920 Exception <a 'java/lang/NoSuchMethodError'{0x00000000d5d3f898}: 'long java.lang.invoke.DelegatingMethodHandle$Holder.reinvoke_L(java.lang.Object, java.lang.Object)'> (0x00000000d5d3f898) 
thrown [s\src\hotspot\share\interpreter\linkResolver.cpp, line 773]
Event: 61.630 Thread 0x00000205ff2d7f20 Exception <a 'java/lang/NoSuchMethodError'{0x00000000d63fb3a0}: 'void java.lang.invoke.DirectMethodHandle$Holder.invokeStatic(java.lang.Object, long)'> (0x00000000d63fb3a0) 
thrown [s\src\hotspot\share\interpreter\linkResolver.cpp, line 773]
Event: 62.450 Thread 0x00000205ff2d7f20 Exception <a 'java/lang/NoSuchMethodError'{0x00000000d641f338}: 'void java.lang.invoke.DirectMethodHandle$Holder.invokeSpecial(java.lang.Object, java.lang.Object, int)'> (0x00000000d641f338) 
thrown [s\src\hotspot\share\interpreter\linkResolver.cpp, line 773]
Event: 62.451 Thread 0x00000205ff2d7f20 Exception <a 'java/lang/NoSuchMethodError'{0x00000000d64246c0}: 'java.lang.Object java.lang.invoke.DirectMethodHandle$Holder.newInvokeSpecial(java.lang.Object, java.lang.Object, int)'> (0x00000000d64246c0) 
thrown [s\src\hotspot\share\interpreter\linkResolver.cpp, line 773]
Event: 62.529 Thread 0x00000205fe5423e0 Exception <a 'java/lang/ClassNotFoundException'{0x00000000d664be00}: sun/misc/SharedSecrets> (0x00000000d664be00) 
thrown [s\src\hotspot\share\classfile\systemDictionary.cpp, line 312]
Event: 62.536 Thread 0x00000205fe5423e0 Exception <a 'java/lang/NoSuchMethodError'{0x00000000d6669350}: 'void java.lang.invoke.DirectMethodHandle$Holder.invokeStatic(java.lang.Object, int, java.lang.Object)'> (0x00000000d6669350) 
thrown [s\src\hotspot\share\interpreter\linkResolver.cpp, line 773]
Event: 62.537 Thread 0x00000205fe5423e0 Exception <a 'java/lang/NoSuchMethodError'{0x00000000d6676eb8}: 'void java.lang.invoke.DirectMethodHandle$Holder.invokeSpecialIFC(java.lang.Object, java.lang.Object, java.lang.Object, java.lang.Object)'> (0x00000000d6676eb8) 
thrown [s\src\hotspot\share\interpreter\linkResolver.cpp, line 773]

ZGC Phase Switch (0 events):
No events

VM Operations (20 events):
Event: 60.249 Executing VM operation: HandshakeAllThreads (HandshakeForDeflation)
Event: 60.249 Executing VM operation: HandshakeAllThreads (HandshakeForDeflation) done
Event: 60.250 Executing VM operation: RendezvousGCThreads
Event: 60.250 Executing VM operation: RendezvousGCThreads done
Event: 60.543 Executing VM operation: ParallelGCFailedAllocation (Allocation Failure)
Event: 60.545 Executing VM operation: ParallelGCFailedAllocation (Allocation Failure) done
Event: 61.050 Executing VM operation: ParallelGCFailedAllocation (Allocation Failure)
Event: 61.051 Executing VM operation: ParallelGCFailedAllocation (Allocation Failure) done
Event: 61.213 Executing VM operation: HandshakeAllThreads (Deoptimize)
Event: 61.214 Executing VM operation: HandshakeAllThreads (Deoptimize) done
Event: 61.633 Executing VM operation: HandshakeAllThreads (Deoptimize)
Event: 61.633 Executing VM operation: HandshakeAllThreads (Deoptimize) done
Event: 62.511 Executing VM operation: HandshakeAllThreads (Deoptimize)
Event: 62.511 Executing VM operation: HandshakeAllThreads (Deoptimize) done
Event: 62.511 Executing VM operation: Cleanup
Event: 62.511 Executing VM operation: Cleanup done
Event: 62.947 Executing VM operation: ParallelGCFailedAllocation (Allocation Failure)
Event: 62.951 Executing VM operation: ParallelGCFailedAllocation (Allocation Failure) done
Event: 64.951 Executing VM operation: Cleanup
Event: 64.952 Executing VM operation: Cleanup done

Memory protections (0 events):
No events

Nmethod flushes (20 events):
Event: 48.962 Thread 0x00000205f977c300 flushing  nmethod 0x00000205808b5610
Event: 48.962 Thread 0x00000205f977c300 flushing  nmethod 0x00000205808bd190
Event: 48.962 Thread 0x00000205f977c300 flushing  nmethod 0x00000205808bde90
Event: 48.962 Thread 0x00000205f977c300 flushing  nmethod 0x00000205808bf610
Event: 48.962 Thread 0x00000205f977c300 flushing  nmethod 0x00000205808bfc10
Event: 48.962 Thread 0x00000205f977c300 flushing  nmethod 0x00000205808c0810
Event: 48.962 Thread 0x00000205f977c300 flushing  nmethod 0x00000205808cf490
Event: 48.962 Thread 0x00000205f977c300 flushing  nmethod 0x00000205808d9190
Event: 48.962 Thread 0x00000205f977c300 flushing  nmethod 0x00000205808ef010
Event: 48.962 Thread 0x00000205f977c300 flushing  nmethod 0x00000205808fc090
Event: 48.962 Thread 0x00000205f977c300 flushing  nmethod 0x0000020580905b90
Event: 48.962 Thread 0x00000205f977c300 flushing  nmethod 0x0000020580907490
Event: 48.962 Thread 0x00000205f977c300 flushing  nmethod 0x0000020580907a90
Event: 48.962 Thread 0x00000205f977c300 flushing  nmethod 0x0000020580908a10
Event: 48.962 Thread 0x00000205f977c300 flushing  nmethod 0x0000020580908d90
Event: 48.962 Thread 0x00000205f977c300 flushing  nmethod 0x000002058090bc90
Event: 48.962 Thread 0x00000205f977c300 flushing  nmethod 0x0000020580915090
Event: 48.962 Thread 0x00000205f977c300 flushing  nmethod 0x0000020580918890
Event: 48.962 Thread 0x00000205f977c300 flushing  nmethod 0x0000020580949990
Event: 48.962 Thread 0x00000205f977c300 flushing  nmethod 0x000002058097ff10

Events (20 events):
Event: 62.745 Thread 0x00000205fe5423e0 Thread added: 0x00000205ff2d5130
Event: 62.747 Thread 0x00000205fe5423e0 Thread added: 0x00000205ff2dad10
Event: 62.804 Thread 0x00000205fe5423e0 Thread added: 0x00000205ff2d9960
Event: 62.878 Thread 0x00000205ff2d9960 Thread exited: 0x00000205ff2d9960
Event: 62.878 Thread 0x00000205ff2dad10 Thread exited: 0x00000205ff2dad10
Event: 62.932 Thread 0x00000205fe5423e0 Thread added: 0x00000205ff2d6b70
Event: 62.934 Thread 0x00000205fe5423e0 Thread added: 0x00000205ff2d5e50
Event: 62.978 Thread 0x00000205ff2d5e50 Thread added: 0x00000205ff2d85b0
Event: 63.565 Thread 0x00000205ff2d5e50 Thread added: 0x00000205ff2d8c40
Event: 63.603 Thread 0x00000205ff2d8c40 Thread added: 0x00000205ff2d9960
Event: 63.604 Thread 0x00000205ff2d8c40 Thread added: 0x00000205ff2d9ff0
Event: 63.608 Thread 0x00000205ff2d9960 Thread exited: 0x00000205ff2d9960
Event: 64.251 Thread 0x00000205fe542a70 Thread added: 0x00000205ff2d64e0
Event: 64.299 Thread 0x00000205ff2d64e0 Thread exited: 0x00000205ff2d64e0
Event: 64.573 Thread 0x00000205fe542a70 Thread added: 0x00000205ff2dad10
Event: 64.610 Thread 0x00000205ff2dad10 Thread exited: 0x00000205ff2dad10
Event: 64.786 Thread 0x00000205fe542a70 Thread added: 0x00000205ff2d9960
Event: 64.829 Thread 0x00000205ff2d9960 Thread exited: 0x00000205ff2d9960
Event: 64.892 Thread 0x00000205fe542a70 Thread added: 0x00000205ff2d64e0
Event: 64.913 Thread 0x00000205ff2d64e0 Thread exited: 0x00000205ff2d64e0


Dynamic libraries:
0x00007ff64de60000 - 0x00007ff64de6e000 	c:\Users\hafid\.vscode\extensions\redhat.java-1.50.0-win32-x64\jre\21.0.9-win32-x86_64\bin\java.exe
0x00007ffbaba70000 - 0x00007ffbabc87000 	C:\Windows\SYSTEM32\ntdll.dll
0x00007ffbaa5f0000 - 0x00007ffbaa6b4000 	C:\Windows\System32\KERNEL32.DLL
0x00007ffba9100000 - 0x00007ffba94b7000 	C:\Windows\System32\KERNELBASE.dll
0x00007ffba8d80000 - 0x00007ffba8e91000 	C:\Windows\System32\ucrtbase.dll
0x00007ffb7f950000 - 0x00007ffb7f968000 	c:\Users\hafid\.vscode\extensions\redhat.java-1.50.0-win32-x64\jre\21.0.9-win32-x86_64\bin\jli.dll
0x00007ffbab880000 - 0x00007ffbaba2f000 	C:\Windows\System32\USER32.dll
0x00007ffba9010000 - 0x00007ffba9036000 	C:\Windows\System32\win32u.dll
0x00007ffb7d7a0000 - 0x00007ffb7d7be000 	c:\Users\hafid\.vscode\extensions\redhat.java-1.50.0-win32-x64\jre\21.0.9-win32-x86_64\bin\VCRUNTIME140.dll
0x00007ffb928a0000 - 0x00007ffb92b33000 	C:\Windows\WinSxS\amd64_microsoft.windows.common-controls_6595b64144ccf1df_6.0.22621.3672_none_2713b9d173822955\COMCTL32.dll
0x00007ffba97a0000 - 0x00007ffba9847000 	C:\Windows\System32\msvcrt.dll
0x00007ffba99a0000 - 0x00007ffba99c9000 	C:\Windows\System32\GDI32.dll
0x00007ffba9530000 - 0x00007ffba9648000 	C:\Windows\System32\gdi32full.dll
0x00007ffba9650000 - 0x00007ffba96ea000 	C:\Windows\System32\msvcp_win.dll
0x00007ffbaa410000 - 0x00007ffbaa441000 	C:\Windows\System32\IMM32.DLL
0x00007ffba22b0000 - 0x00007ffba22bc000 	c:\Users\hafid\.vscode\extensions\redhat.java-1.50.0-win32-x64\jre\21.0.9-win32-x86_64\bin\vcruntime140_1.dll
0x00007ffb5b960000 - 0x00007ffb5b9ed000 	c:\Users\hafid\.vscode\extensions\redhat.java-1.50.0-win32-x64\jre\21.0.9-win32-x86_64\bin\msvcp140.dll
0x00007ffb40be0000 - 0x00007ffb41980000 	c:\Users\hafid\.vscode\extensions\redhat.java-1.50.0-win32-x64\jre\21.0.9-win32-x86_64\bin\server\jvm.dll
0x00007ffbaa530000 - 0x00007ffbaa5e2000 	C:\Windows\System32\ADVAPI32.dll
0x00007ffba9850000 - 0x00007ffba98f8000 	C:\Windows\System32\sechost.dll
0x00007ffba96f0000 - 0x00007ffba9718000 	C:\Windows\System32\bcrypt.dll
0x00007ffbaa6c0000 - 0x00007ffbaa7d4000 	C:\Windows\System32\RPCRT4.dll
0x00007ffba9900000 - 0x00007ffba9971000 	C:\Windows\System32\WS2_32.dll
0x00007ffba7bf0000 - 0x00007ffba7c3d000 	C:\Windows\SYSTEM32\POWRPROF.dll
0x00007ffba5050000 - 0x00007ffba5084000 	C:\Windows\SYSTEM32\WINMM.dll
0x00007ffba4e50000 - 0x00007ffba4e5a000 	C:\Windows\SYSTEM32\VERSION.dll
0x00007ffba7bd0000 - 0x00007ffba7be3000 	C:\Windows\SYSTEM32\UMPDC.dll
0x00007ffba7e80000 - 0x00007ffba7e98000 	C:\Windows\SYSTEM32\kernel.appcore.dll
0x00007ffb95b10000 - 0x00007ffb95b1a000 	c:\Users\hafid\.vscode\extensions\redhat.java-1.50.0-win32-x64\jre\21.0.9-win32-x86_64\bin\jimage.dll
0x00007ffb92b50000 - 0x00007ffb92d82000 	C:\Windows\SYSTEM32\DBGHELP.DLL
0x00007ffbaacf0000 - 0x00007ffbab07e000 	C:\Windows\System32\combase.dll
0x00007ffbaa880000 - 0x00007ffbaa957000 	C:\Windows\System32\OLEAUT32.dll
0x00007ffb98170000 - 0x00007ffb981a2000 	C:\Windows\SYSTEM32\dbgcore.DLL
0x00007ffba9720000 - 0x00007ffba979b000 	C:\Windows\System32\bcryptPrimitives.dll
0x00007ffb95920000 - 0x00007ffb9592f000 	c:\Users\hafid\.vscode\extensions\redhat.java-1.50.0-win32-x64\jre\21.0.9-win32-x86_64\bin\instrument.dll
0x00007ffb7d780000 - 0x00007ffb7d7a0000 	c:\Users\hafid\.vscode\extensions\redhat.java-1.50.0-win32-x64\jre\21.0.9-win32-x86_64\bin\java.dll
0x00007ffba99d0000 - 0x00007ffbaa239000 	C:\Windows\System32\SHELL32.dll
0x00007ffba6cb0000 - 0x00007ffba75af000 	C:\Windows\SYSTEM32\windows.storage.dll
0x00007ffba6b70000 - 0x00007ffba6caf000 	C:\Windows\SYSTEM32\wintypes.dll
0x00007ffbaaba0000 - 0x00007ffbaac99000 	C:\Windows\System32\SHCORE.dll
0x00007ffbab810000 - 0x00007ffbab86e000 	C:\Windows\System32\shlwapi.dll
0x00007ffba8cb0000 - 0x00007ffba8cd7000 	C:\Windows\SYSTEM32\profapi.dll
0x00007ffb7a650000 - 0x00007ffb7a668000 	c:\Users\hafid\.vscode\extensions\redhat.java-1.50.0-win32-x64\jre\21.0.9-win32-x86_64\bin\zip.dll
0x00007ffb94f10000 - 0x00007ffb94f20000 	C:\Users\hafid\.vscode\extensions\redhat.java-1.50.0-win32-x64\jre\21.0.9-win32-x86_64\bin\net.dll
0x00007ffba4720000 - 0x00007ffba4856000 	C:\Windows\SYSTEM32\WINHTTP.dll
0x00007ffba82e0000 - 0x00007ffba8349000 	C:\Windows\system32\mswsock.dll
0x00007ffb7a580000 - 0x00007ffb7a596000 	C:\Users\hafid\.vscode\extensions\redhat.java-1.50.0-win32-x64\jre\21.0.9-win32-x86_64\bin\nio.dll
0x00007ffb932f0000 - 0x00007ffb93300000 	c:\Users\hafid\.vscode\extensions\redhat.java-1.50.0-win32-x64\jre\21.0.9-win32-x86_64\bin\verify.dll
0x00007ffb5bc50000 - 0x00007ffb5bc94000 	C:\Users\hafid\AppData\Roaming\Code\User\globalStorage\redhat.java\1.50.0\config_win\org.eclipse.equinox.launcher\org.eclipse.equinox.launcher.win32.win32.x86_64_1.2.1400.v20250801-0854\eclipse_11916.dll
0x00007ffbab1e0000 - 0x00007ffbab385000 	C:\Windows\System32\ole32.dll
0x00007ffb8e590000 - 0x00007ffb8e59a000 	C:\Users\hafid\.vscode\extensions\redhat.java-1.50.0-win32-x64\jre\21.0.9-win32-x86_64\bin\management.dll
0x00007ffb8e510000 - 0x00007ffb8e51c000 	C:\Users\hafid\.vscode\extensions\redhat.java-1.50.0-win32-x64\jre\21.0.9-win32-x86_64\bin\management_ext.dll
0x00007ffbab870000 - 0x00007ffbab878000 	C:\Windows\System32\PSAPI.DLL
0x00007ffba8630000 - 0x00007ffba864b000 	C:\Windows\SYSTEM32\CRYPTSP.dll
0x00007ffba7de0000 - 0x00007ffba7e15000 	C:\Windows\system32\rsaenh.dll
0x00007ffba8380000 - 0x00007ffba83a8000 	C:\Windows\SYSTEM32\USERENV.dll
0x00007ffba8610000 - 0x00007ffba861c000 	C:\Windows\SYSTEM32\CRYPTBASE.dll
0x00007ffba7880000 - 0x00007ffba78ad000 	C:\Windows\SYSTEM32\IPHLPAPI.DLL
0x00007ffbaa470000 - 0x00007ffbaa479000 	C:\Windows\System32\NSI.dll
0x00007ffb5b910000 - 0x00007ffb5b959000 	C:\Users\hafid\AppData\Local\Temp\jna-99037288\jna12133514013333586645.dll
0x00007ffba43a0000 - 0x00007ffba43b9000 	C:\Windows\SYSTEM32\dhcpcsvc6.DLL
0x00007ffba3e20000 - 0x00007ffba3e3f000 	C:\Windows\SYSTEM32\dhcpcsvc.DLL
0x00007ffb87260000 - 0x00007ffb8726e000 	C:\Users\hafid\.vscode\extensions\redhat.java-1.50.0-win32-x64\jre\21.0.9-win32-x86_64\bin\sunmscapi.dll
0x00007ffba8ea0000 - 0x00007ffba9006000 	C:\Windows\System32\CRYPT32.dll
0x00007ffba8740000 - 0x00007ffba876d000 	C:\Windows\SYSTEM32\ncrypt.dll
0x00007ffba8700000 - 0x00007ffba8737000 	C:\Windows\SYSTEM32\NTASN1.dll
0x00007ffba78f0000 - 0x00007ffba79f2000 	C:\Windows\SYSTEM32\DNSAPI.dll
0x00007ffb9da10000 - 0x00007ffb9da1a000 	C:\Windows\System32\rasadhlp.dll
0x00007ffba1f60000 - 0x00007ffba1fe3000 	C:\Windows\System32\fwpuclnt.dll
0x00007ffb85aa0000 - 0x00007ffb85aa9000 	C:\Users\hafid\.vscode\extensions\redhat.java-1.50.0-win32-x64\jre\21.0.9-win32-x86_64\bin\extnet.dll
0x00007ffb54d00000 - 0x00007ffb54d27000 	C:\Users\hafid\.gradle\native\1def1411415f61bf3af743bc5b6707747c0891f09f0c88961ee8f79bc544acac\windows-amd64\native-platform.dll

JVMTI agents:
c:\Users\hafid\.vscode\extensions\redhat.java-1.50.0-win32-x64\lombok\lombok-1.18.39-4050.jar path:c:\Users\hafid\.vscode\extensions\redhat.java-1.50.0-win32-x64\jre\21.0.9-win32-x86_64\bin\instrument.dll, loaded, initialized, instrumentlib options:none

dbghelp: loaded successfully - version: 4.0.5 - missing functions: none
symbol engine: initialized successfully - sym options: 0x614 - pdb path: .;c:\Users\hafid\.vscode\extensions\redhat.java-1.50.0-win32-x64\jre\21.0.9-win32-x86_64\bin;C:\Windows\SYSTEM32;C:\Windows\WinSxS\amd64_microsoft.windows.common-controls_6595b64144ccf1df_6.0.22621.3672_none_2713b9d173822955;c:\Users\hafid\.vscode\extensions\redhat.java-1.50.0-win32-x64\jre\21.0.9-win32-x86_64\bin\server;C:\Users\hafid\AppData\Roaming\Code\User\globalStorage\redhat.java\1.50.0\config_win\org.eclipse.equinox.launcher\org.eclipse.equinox.launcher.win32.win32.x86_64_1.2.1400.v20250801-0854;C:\Users\hafid\AppData\Local\Temp\jna-99037288;C:\Users\hafid\.gradle\native\1def1411415f61bf3af743bc5b6707747c0891f09f0c88961ee8f79bc544acac\windows-amd64

VM Arguments:
jvm_args: --add-modules=ALL-SYSTEM --add-opens=java.base/java.util=ALL-UNNAMED --add-opens=java.base/java.lang=ALL-UNNAMED --add-opens=java.base/sun.nio.fs=ALL-UNNAMED -Declipse.application=org.eclipse.jdt.ls.core.id1 -Dosgi.bundles.defaultStartLevel=4 -Declipse.product=org.eclipse.jdt.ls.core.product -Djava.import.generatesMetadataFilesAtProjectRoot=false -DDetectVMInstallationsJob.disabled=true -Dfile.encoding=utf8 -XX:+UseParallelGC -XX:GCTimeRatio=4 -XX:AdaptiveSizePolicyWeight=90 -Dsun.zip.disableMemoryMapping=true -Xmx2G -Xms100m -Xlog:disable -javaagent:c:\Users\hafid\.vscode\extensions\redhat.java-1.50.0-win32-x64\lombok\lombok-1.18.39-4050.jar -XX:+HeapDumpOnOutOfMemoryError -XX:HeapDumpPath=c:\Users\hafid\AppData\Roaming\Code\User\workspaceStorage\271670c6d88b3c30270340dfd9cafa37\redhat.java -Daether.dependencyCollector.impl=bf 
java_command: c:\Users\hafid\.vscode\extensions\redhat.java-1.50.0-win32-x64\server\plugins\org.eclipse.equinox.launcher_1.7.100.v20251111-0406.jar -configuration c:\Users\hafid\AppData\Roaming\Code\User\globalStorage\redhat.java\1.50.0\config_win -data c:\Users\hafid\AppData\Roaming\Code\User\workspaceStorage\271670c6d88b3c30270340dfd9cafa37\redhat.java\jdt_ws --pipe=\\.\pipe\lsp-f43d56bd6683e47552d9de08bf1aa9a9-sock
java_class_path (initial): c:\Users\hafid\.vscode\extensions\redhat.java-1.50.0-win32-x64\server\plugins\org.eclipse.equinox.launcher_1.7.100.v20251111-0406.jar
Launcher Type: SUN_STANDARD

[Global flags]
    uintx AdaptiveSizePolicyWeight                 = 90                                        {product} {command line}
     intx CICompilerCount                          = 3                                         {product} {ergonomic}
    uintx GCTimeRatio                              = 4                                         {product} {command line}
     bool HeapDumpOnOutOfMemoryError               = true                                   {manageable} {command line}
    ccstr HeapDumpPath                             = c:\Users\hafid\AppData\Roaming\Code\User\workspaceStorage\271670c6d88b3c30270340dfd9cafa37\redhat.java         {manageable} {command line}
   size_t InitialHeapSize                          = 104857600                                 {product} {command line}
   size_t MaxHeapSize                              = 2147483648                                {product} {command line}
   size_t MaxNewSize                               = 715653120                                 {product} {ergonomic}
   size_t MinHeapDeltaBytes                        = 524288                                    {product} {ergonomic}
   size_t MinHeapSize                              = 104857600                                 {product} {command line}
   size_t NewSize                                  = 34603008                                  {product} {ergonomic}
    uintx NonNMethodCodeHeapSize                   = 5832780                                {pd product} {ergonomic}
    uintx NonProfiledCodeHeapSize                  = 122912730                              {pd product} {ergonomic}
   size_t OldSize                                  = 70254592                                  {product} {ergonomic}
    uintx ProfiledCodeHeapSize                     = 122912730                              {pd product} {ergonomic}
    uintx ReservedCodeCacheSize                    = 251658240                              {pd product} {ergonomic}
     bool SegmentedCodeCache                       = true                                      {product} {ergonomic}
   size_t SoftMaxHeapSize                          = 2147483648                             {manageable} {ergonomic}
     bool UseCompressedOops                        = true                           {product lp64_product} {ergonomic}
     bool UseLargePagesIndividualAllocation        = false                                  {pd product} {ergonomic}
     bool UseParallelGC                            = true                                      {product} {command line}

Logging:
Log output configuration:
 #0: stdout all=off uptime,level,tags foldmultilines=false
 #1: stderr all=off uptime,level,tags foldmultilines=false

Release file:
JAVA_VERSION="21.0.9" 
MODULES="java.base java.compiler java.datatransfer java.xml java.prefs java.desktop java.instrument java.logging java.management java.security.sasl java.naming java.rmi java.management.rmi java.net.http java.scripting java.security.jgss java.transaction.xa java.sql java.sql.rowset java.xml.crypto java.se java.smartcardio jdk.accessibility jdk.internal.jvmstat jdk.attach jdk.charsets jdk.internal.opt jdk.zipfs jdk.compiler jdk.crypto.ec jdk.crypto.cryptoki jdk.crypto.mscapi jdk.dynalink jdk.internal.ed jdk.editpad jdk.hotspot.agent jdk.httpserver jdk.internal.le jdk.internal.vm.ci jdk.internal.vm.compiler jdk.internal.vm.compiler.management jdk.jartool jdk.javadoc jdk.jcmd jdk.management jdk.management.agent jdk.jconsole jdk.jdeps jdk.jdwp.agent jdk.jdi jdk.jfr jdk.jshell jdk.jsobject jdk.jstatd jdk.localedata jdk.management.jfr jdk.naming.dns jdk.naming.rmi jdk.net jdk.nio.mapmode jdk.random jdk.sctp jdk.security.auth jdk.security.jgss jdk.unsupported jdk.unsupported.desktop jdk.xml.dom" 

Environment Variables:
JAVA_HOME=C:\Program Files\Eclipse Adoptium\jdk-17.0.15.6-hotspot
PATH=C:\Program Files\Eclipse Adoptium\jdk-17.0.15.6-hotspot\bin;C:\Program Files\Eclipse Adoptium\jdk-17.0.15.6-hotspot\bin;C:\Program Files\Common Files\Oracle\Java\javapath;C:\ProgramData\Oracle\Java\javapath;C:\Windows\system32;C:\Windows;C:\Windows\System32\Wbem;C:\Windows\System32\WindowsPowerShell\v1.0\;C:\Windows\System32\OpenSSH\;C:\Program Files (x86)\NVIDIA Corporation\PhysX\Common;C:\Windows\System32;C:\Users\Git\cmd;C:\Program Files\Docker\Docker\resources\bin;C:\Program Files\MongoDB\Server\8.0\bin;C:\xampp\php;C:\ProgramData\ComposerSetup\bin;C:\flutter\bin;C:\Users\hafid\AppData\Local\Android\sdk\platform-tools;C:\Program Files\nodejs\;C:\kotlinc\bin;C:\Users\hafid\AppData\Local\Programs\Python\Python310\Scripts\;C:\Users\hafid\AppData\Local\Programs\Python\Python310\;C:\Users\hafid\AppData\Local\Microsoft\WindowsApps;C:\Users\hafid\AppData\Local\Programs\Microsoft VS Code\bin;C:\Users\hafid\AppData\Roaming\Composer\vendor\bin;C:\Users\hafid\AppData\Roaming\npm;C:\Users\hafid\AppData\Local\Google\Cloud SDK\google-cloud-sdk\bin;D:\cursor\resources\app\bin;C:\Users\hafid\AppData\Local\Programs\Windsurf\bin;C:\Users\hafid\AppData\Local\Programs\Antigravity\bin
USERNAME=hafid
OS=Windows_NT
PROCESSOR_IDENTIFIER=Intel64 Family 6 Model 142 Stepping 9, GenuineIntel
TMP=C:\Users\hafid\AppData\Local\Temp
TEMP=C:\Users\hafid\AppData\Local\Temp




Periodic native trim disabled

---------------  S Y S T E M  ---------------

OS:
 Windows 11 , 64 bit Build 22621 (10.0.22621.3958)
OS uptime: 0 days 10:17 hours
Hyper-V role detected

CPU: total 4 (initial active 4) (2 cores per cpu, 2 threads per core) family 6 model 142 stepping 9 microcode 0xde, cx8, cmov, fxsr, ht, mmx, 3dnowpref, sse, sse2, sse3, ssse3, sse4.1, sse4.2, popcnt, lzcnt, tsc, tscinvbit, avx, avx2, aes, erms, clmul, bmi1, bmi2, adx, fma, vzeroupper, clflush, clflushopt, hv, rdtscp, f16c
Processor Information for the first 4 processors :
  Max Mhz: 2712, Current Mhz: 2511, Mhz Limit: 2495

Memory: 4k page, system-wide physical 3964M (66M free)
TotalPageFile size 16252M (AvailPageFile size 0M)
current process WorkingSet (physical memory assigned to process): 203M, peak: 264M
current process commit charge ("private bytes"): 343M, peak: 371M

vm_info: OpenJDK 64-Bit Server VM (21.0.9+10-LTS) for windows-amd64 JRE (21.0.9+10-LTS), built on 2025-10-21T00:00:00Z by "admin" with unknown MS VC++:1942

END.
