#
# There is insufficient memory for the Java Runtime Environment to continue.
# Native memory allocation (malloc) failed to allocate 1030496 bytes. Error detail: Chunk::new
# Possible reasons:
#   The system is out of physical RAM or swap space
#   This process is running with CompressedOops enabled, and the Java Heap may be blocking the growth of the native heap
# Possible solutions:
#   Reduce memory load on the system
#   Increase physical memory or swap space
#   Check if swap backing store is full
#   Decrease Java heap size (-Xmx/-Xms)
#   Decrease number of Java threads
#   Decrease Java thread stack sizes (-Xss)
#   Set larger code cache with -XX:ReservedCodeCacheSize=
#   JVM is running with Unscaled Compressed Oops mode in which the Java heap is
#     placed in the first 4GB address space. The Java Heap base address is the
#     maximum limit for the native heap growth. Please use -XX:HeapBaseMinAddress
#     to set the Java Heap base and to place the Java Heap above 4GB virtual address.
# This output file may be truncated or incomplete.
#
#  Out of Memory Error (arena.cpp:191), pid=2000, tid=5944
#
# JRE version: OpenJDK Runtime Environment Temurin-17.0.15+6 (17.0.15+6) (build 17.0.15+6)
# Java VM: OpenJDK 64-Bit Server VM Temurin-17.0.15+6 (17.0.15+6, mixed mode, sharing, tiered, compressed oops, compressed class ptrs, g1 gc, windows-amd64)
# No core dump will be written. Minidumps are not enabled by default on client versions of Windows
#

---------------  S U M M A R Y ------------

Command Line: --add-opens=java.base/java.lang=ALL-UNNAMED --add-opens=java.base/java.lang.invoke=ALL-UNNAMED --add-opens=java.base/java.util=ALL-UNNAMED --add-opens=java.prefs/java.util.prefs=ALL-UNNAMED --add-exports=jdk.compiler/com.sun.tools.javac.api=ALL-UNNAMED --add-exports=jdk.compiler/com.sun.tools.javac.util=ALL-UNNAMED --add-opens=java.base/java.util=ALL-UNNAMED --add-opens=java.prefs/java.util.prefs=ALL-UNNAMED --add-opens=java.base/java.nio.charset=ALL-UNNAMED --add-opens=java.base/java.net=ALL-UNNAMED --add-opens=java.base/java.util.concurrent.atomic=ALL-UNNAMED --add-opens=java.xml/javax.xml.namespace=ALL-UNNAMED -Xmx2048m -Dfile.encoding=UTF-8 -Duser.country=ID -Duser.language=en -Duser.variant -javaagent:C:\Users\hafid\.gradle\wrapper\dists\gradle-8.13-bin\5xuhj0ry160q40clulazy9h7d\gradle-8.13\lib\agents\gradle-instrumentation-agent-8.13.jar org.gradle.launcher.daemon.bootstrap.GradleDaemon 8.13

Host: Intel(R) Core(TM) i5-7200U CPU @ 2.50GHz, 4 cores, 3G,  Windows 11 , 64 bit Build 22621 (10.0.22621.3958)
Time: Fri Dec  5 10:15:25 2025 SE Asia Standard Time elapsed time: 18.348816 seconds (0d 0h 0m 18s)

---------------  T H R E A D  ---------------

Current thread (0x00000254d768f790):  JavaThread "C2 CompilerThread0" daemon [_thread_in_native, id=5944, stack(0x00000062b8400000,0x00000062b8500000)]


Current CompileTask:
C2:  18348 9159       4       java.lang.invoke.LambdaForm$Name::replaceNames (175 bytes)

Stack: [0x00000062b8400000,0x00000062b8500000]
Native frames: (J=compiled Java code, j=interpreted, Vv=VM code, C=native code)
V  [jvm.dll+0x682fc9]
V  [jvm.dll+0x839878]
V  [jvm.dll+0x83b323]
V  [jvm.dll+0x83b993]
V  [jvm.dll+0x24725f]
V  [jvm.dll+0xacea4]
V  [jvm.dll+0xad53c]
V  [jvm.dll+0x2aca8f]
V  [jvm.dll+0x589079]
V  [jvm.dll+0x2210b2]
V  [jvm.dll+0x2214af]
V  [jvm.dll+0x21a4b0]
V  [jvm.dll+0x21758b]
V  [jvm.dll+0x1a31b0]
V  [jvm.dll+0x227a9c]
V  [jvm.dll+0x225bfb]
V  [jvm.dll+0x7ef018]
V  [jvm.dll+0x7e94dc]
V  [jvm.dll+0x681ea7]
C  [ucrtbase.dll+0x29333]
C  [KERNEL32.DLL+0x1257d]
C  [ntdll.dll+0x5af08]


---------------  P R O C E S S  ---------------

Threads class SMR info:
_java_thread_list=0x0000025520baecb0, length=46, elements={
0x00000254b9aa23f0, 0x00000254d76771f0, 0x00000254d7678070, 0x00000254d7688a70,
0x00000254d768a550, 0x00000254d768d020, 0x00000254d768d9e0, 0x00000254d768f790,
0x00000254d769b750, 0x00000254d76a0180, 0x00000254d789c630, 0x00000254d7952730,
0x000002551d2adaf0, 0x000002551d6ebb90, 0x000002551e6433b0, 0x000002551d644060,
0x000002551ea19830, 0x000002551d2c06a0, 0x000002551d2bed50, 0x000002551d2c0bb0,
0x000002551d2c10c0, 0x000002551d2c15d0, 0x000002551d2c1ae0, 0x000002551d2be330,
0x000002551d2be840, 0x000002551d2bfc80, 0x000002551d2c0190, 0x000002551fddb160,
0x000002551fdd9d20, 0x000002551fddac50, 0x000002551fdd83d0, 0x000002551fdd7ec0,
0x000002551fdd88e0, 0x000002551fdd74a0, 0x000002551fdd79b0, 0x000002551fddb670,
0x000002551fddbb80, 0x000002551fddcfc0, 0x000002551fdd9300, 0x000002551fddd4d0,
0x000002551fdd6060, 0x000002551fddd9e0, 0x000002551fdd6570, 0x000002551fdd6f90,
0x0000025520fedc10, 0x0000025520fed1f0
}

Java Threads: ( => current thread )
  0x00000254b9aa23f0 JavaThread "main" [_thread_blocked, id=6692, stack(0x00000062b7700000,0x00000062b7800000)]
  0x00000254d76771f0 JavaThread "Reference Handler" daemon [_thread_blocked, id=9044, stack(0x00000062b7e00000,0x00000062b7f00000)]
  0x00000254d7678070 JavaThread "Finalizer" daemon [_thread_blocked, id=14032, stack(0x00000062b7f00000,0x00000062b8000000)]
  0x00000254d7688a70 JavaThread "Signal Dispatcher" daemon [_thread_blocked, id=9896, stack(0x00000062b8000000,0x00000062b8100000)]
  0x00000254d768a550 JavaThread "Attach Listener" daemon [_thread_blocked, id=6460, stack(0x00000062b8100000,0x00000062b8200000)]
  0x00000254d768d020 JavaThread "Service Thread" daemon [_thread_blocked, id=15340, stack(0x00000062b8200000,0x00000062b8300000)]
  0x00000254d768d9e0 JavaThread "Monitor Deflation Thread" daemon [_thread_blocked, id=13500, stack(0x00000062b8300000,0x00000062b8400000)]
=>0x00000254d768f790 JavaThread "C2 CompilerThread0" daemon [_thread_in_native, id=5944, stack(0x00000062b8400000,0x00000062b8500000)]
  0x00000254d769b750 JavaThread "C1 CompilerThread0" daemon [_thread_blocked, id=5492, stack(0x00000062b8500000,0x00000062b8600000)]
  0x00000254d76a0180 JavaThread "Sweeper thread" daemon [_thread_blocked, id=1988, stack(0x00000062b8600000,0x00000062b8700000)]
  0x00000254d789c630 JavaThread "Common-Cleaner" daemon [_thread_blocked, id=760, stack(0x00000062b8700000,0x00000062b8800000)]
  0x00000254d7952730 JavaThread "Notification Thread" daemon [_thread_blocked, id=9536, stack(0x00000062b8800000,0x00000062b8900000)]
  0x000002551d2adaf0 JavaThread "Daemon health stats" [_thread_blocked, id=7240, stack(0x00000062b8a00000,0x00000062b8b00000)]
  0x000002551d6ebb90 JavaThread "Incoming local TCP Connector on port 52033" [_thread_in_native, id=14932, stack(0x00000062b8f00000,0x00000062b9000000)]
  0x000002551e6433b0 JavaThread "Daemon periodic checks" [_thread_blocked, id=12824, stack(0x00000062b9000000,0x00000062b9100000)]
  0x000002551d644060 JavaThread "Daemon" [_thread_blocked, id=9892, stack(0x00000062b9100000,0x00000062b9200000)]
  0x000002551ea19830 JavaThread "Handler for socket connection from /127.0.0.1:52033 to /127.0.0.1:52034" [_thread_in_native, id=6584, stack(0x00000062b9200000,0x00000062b9300000)]
  0x000002551d2c06a0 JavaThread "Cancel handler" [_thread_blocked, id=10316, stack(0x00000062b9300000,0x00000062b9400000)]
  0x000002551d2bed50 JavaThread "Daemon worker" [_thread_in_Java, id=17272, stack(0x00000062b9400000,0x00000062b9500000)]
  0x000002551d2c0bb0 JavaThread "Asynchronous log dispatcher for DefaultDaemonConnection: socket connection from /127.0.0.1:52033 to /127.0.0.1:52034" [_thread_blocked, id=3380, stack(0x00000062b9500000,0x00000062b9600000)]
  0x000002551d2c10c0 JavaThread "Stdin handler" [_thread_blocked, id=13424, stack(0x00000062b9600000,0x00000062b9700000)]
  0x000002551d2c15d0 JavaThread "Daemon client event forwarder" [_thread_blocked, id=11544, stack(0x00000062b9700000,0x00000062b9800000)]
  0x000002551d2c1ae0 JavaThread "Cache worker for journal cache (C:\Users\hafid\.gradle\caches\journal-1)" [_thread_blocked, id=13088, stack(0x00000062b9800000,0x00000062b9900000)]
  0x000002551d2be330 JavaThread "File lock request listener" [_thread_in_native, id=14064, stack(0x00000062b9900000,0x00000062b9a00000)]
  0x000002551d2be840 JavaThread "Cache worker for file hash cache (C:\Users\hafid\.gradle\caches\8.13\fileHashes)" [_thread_blocked, id=13348, stack(0x00000062b9a00000,0x00000062b9b00000)]
  0x000002551d2bfc80 JavaThread "Cache worker for file hash cache (C:\Sparin Clone\SparIn\.gradle\8.13\fileHashes)" [_thread_blocked, id=13392, stack(0x00000062b9b00000,0x00000062b9c00000)]
  0x000002551d2c0190 JavaThread "Cache worker for Build Output Cleanup Cache (C:\Sparin Clone\SparIn\.gradle\buildOutputCleanup)" [_thread_blocked, id=13740, stack(0x00000062b9c00000,0x00000062b9d00000)]
  0x000002551fddb160 JavaThread "File watcher server" daemon [_thread_in_native, id=12472, stack(0x00000062b9d00000,0x00000062b9e00000)]
  0x000002551fdd9d20 JavaThread "File watcher consumer" daemon [_thread_blocked, id=14756, stack(0x00000062b9e00000,0x00000062b9f00000)]
  0x000002551fddac50 JavaThread "jar transforms" [_thread_blocked, id=17264, stack(0x00000062b9f00000,0x00000062ba000000)]
  0x000002551fdd83d0 JavaThread "jar transforms Thread 2" [_thread_blocked, id=13980, stack(0x00000062ba000000,0x00000062ba100000)]
  0x000002551fdd7ec0 JavaThread "jar transforms Thread 3" [_thread_blocked, id=15596, stack(0x00000062ba100000,0x00000062ba200000)]
  0x000002551fdd88e0 JavaThread "jar transforms Thread 4" [_thread_blocked, id=9984, stack(0x00000062ba200000,0x00000062ba300000)]
  0x000002551fdd74a0 JavaThread "Cache worker for checksums cache (C:\Sparin Clone\SparIn\.gradle\8.13\checksums)" [_thread_blocked, id=13160, stack(0x00000062ba300000,0x00000062ba400000)]
  0x000002551fdd79b0 JavaThread "Cache worker for file content cache (C:\Users\hafid\.gradle\caches\8.13\fileContent)" [_thread_blocked, id=11248, stack(0x00000062ba400000,0x00000062ba500000)]
  0x000002551fddb670 JavaThread "Cache worker for cache directory md-supplier (C:\Users\hafid\.gradle\caches\8.13\md-supplier)" [_thread_blocked, id=15960, stack(0x00000062ba500000,0x00000062ba600000)]
  0x000002551fddbb80 JavaThread "Cache worker for cache directory md-rule (C:\Users\hafid\.gradle\caches\8.13\md-rule)" [_thread_blocked, id=9028, stack(0x00000062ba600000,0x00000062ba700000)]
  0x000002551fddcfc0 JavaThread "Unconstrained build operations" [_thread_blocked, id=11280, stack(0x00000062ba700000,0x00000062ba800000)]
  0x000002551fdd9300 JavaThread "Unconstrained build operations Thread 2" [_thread_blocked, id=6344, stack(0x00000062ba800000,0x00000062ba900000)]
  0x000002551fddd4d0 JavaThread "Unconstrained build operations Thread 3" [_thread_blocked, id=10840, stack(0x00000062ba900000,0x00000062baa00000)]
  0x000002551fdd6060 JavaThread "Unconstrained build operations Thread 4" [_thread_blocked, id=15600, stack(0x00000062baa00000,0x00000062bab00000)]
  0x000002551fddd9e0 JavaThread "Unconstrained build operations Thread 5" [_thread_blocked, id=8384, stack(0x00000062bab00000,0x00000062bac00000)]
  0x000002551fdd6570 JavaThread "Unconstrained build operations Thread 6" [_thread_blocked, id=3024, stack(0x00000062bac00000,0x00000062bad00000)]
  0x000002551fdd6f90 JavaThread "Unconstrained build operations Thread 7" [_thread_blocked, id=8568, stack(0x00000062bad00000,0x00000062bae00000)]
  0x0000025520fedc10 JavaThread "Unconstrained build operations Thread 8" [_thread_blocked, id=2748, stack(0x00000062bae00000,0x00000062baf00000)]
  0x0000025520fed1f0 JavaThread "Unconstrained build operations Thread 9" [_thread_blocked, id=8352, stack(0x00000062baf00000,0x00000062bb000000)]

Other Threads:
  0x00000254d7671fa0 VMThread "VM Thread" [stack: 0x00000062b7d00000,0x00000062b7e00000] [id=17300]
  0x00000254b9aa3270 WatcherThread [stack: 0x00000062b8900000,0x00000062b8a00000] [id=2100]
  0x00000254b78fa860 GCTaskThread "GC Thread#0" [stack: 0x00000062b7800000,0x00000062b7900000] [id=10996]
  0x00000254d7a4e530 GCTaskThread "GC Thread#1" [stack: 0x00000062b8b00000,0x00000062b8c00000] [id=15904]
  0x00000254d7a98c60 GCTaskThread "GC Thread#2" [stack: 0x00000062b8c00000,0x00000062b8d00000] [id=1540]
  0x000002551daf5000 GCTaskThread "GC Thread#3" [stack: 0x00000062b8d00000,0x00000062b8e00000] [id=10812]
  0x00000254b9b0c1b0 ConcurrentGCThread "G1 Main Marker" [stack: 0x00000062b7900000,0x00000062b7a00000] [id=16144]
  0x00000254b9b0e380 ConcurrentGCThread "G1 Conc#0" [stack: 0x00000062b7a00000,0x00000062b7b00000] [id=11988]
  0x00000254b78febf0 ConcurrentGCThread "G1 Refine#0" [stack: 0x00000062b7b00000,0x00000062b7c00000] [id=16544]
  0x000002551d0654f0 ConcurrentGCThread "G1 Refine#1" [stack: 0x00000062b8e00000,0x00000062b8f00000] [id=14812]
  0x00000254d7530ae0 ConcurrentGCThread "G1 Service" [stack: 0x00000062b7c00000,0x00000062b7d00000] [id=15088]

Threads with active compile tasks:
C2 CompilerThread0    18401 9159       4       java.lang.invoke.LambdaForm$Name::replaceNames (175 bytes)

VM state: not at safepoint (normal execution)

VM Mutex/Monitor currently owned by a thread: None

Heap address: 0x0000000080000000, size: 2048 MB, Compressed Oops mode: 32-bit

CDS archive(s) mapped at: [0x00000254d8000000-0x00000254d8bb0000-0x00000254d8bb0000), size 12255232, SharedBaseAddress: 0x00000254d8000000, ArchiveRelocationMode: 1.
Compressed class space mapped at: 0x00000254d9000000-0x0000025519000000, reserved size: 1073741824
Narrow klass base: 0x00000254d8000000, Narrow klass shift: 0, Narrow klass range: 0x100000000

GC Precious Log:
 CPUs: 4 total, 4 available
 Memory: 3964M
 Large Page Support: Disabled
 NUMA Support: Disabled
 Compressed Oops: Enabled (32-bit)
 Heap Region Size: 1M
 Heap Min Capacity: 8M
 Heap Initial Capacity: 62M
 Heap Max Capacity: 2G
 Pre-touch: Disabled
 Parallel Workers: 4
 Concurrent Workers: 1
 Concurrent Refinement Workers: 4
 Periodic GC: Disabled

Heap:
 garbage-first heap   total 156672K, used 89814K [0x0000000080000000, 0x0000000100000000)
  region size 1024K, 18 young (18432K), 1 survivors (1024K)
 Metaspace       used 61279K, committed 62016K, reserved 1114112K
  class space    used 8358K, committed 8704K, reserved 1048576K

Heap Regions: E=young(eden), S=young(survivor), O=old, HS=humongous(starts), HC=humongous(continues), CS=collection set, F=free, OA=open archive, CA=closed archive, TAMS=top-at-mark-start (previous, next)
|   0|0x0000000080000000, 0x0000000080100000, 0x0000000080100000|100%|HS|  |TAMS 0x0000000080100000, 0x0000000080000000| Complete 
|   1|0x0000000080100000, 0x0000000080200000, 0x0000000080200000|100%|HC|  |TAMS 0x0000000080200000, 0x0000000080100000| Complete 
|   2|0x0000000080200000, 0x0000000080300000, 0x0000000080300000|100%|HC|  |TAMS 0x0000000080300000, 0x0000000080200000| Complete 
|   3|0x0000000080300000, 0x0000000080400000, 0x0000000080400000|100%| O|  |TAMS 0x0000000080400000, 0x0000000080300000| Untracked 
|   4|0x0000000080400000, 0x0000000080500000, 0x0000000080500000|100%| O|  |TAMS 0x0000000080500000, 0x0000000080400000| Untracked 
|   5|0x0000000080500000, 0x0000000080600000, 0x0000000080600000|100%| O|  |TAMS 0x0000000080600000, 0x0000000080500000| Untracked 
|   6|0x0000000080600000, 0x0000000080700000, 0x0000000080700000|100%| O|  |TAMS 0x0000000080700000, 0x0000000080600000| Untracked 
|   7|0x0000000080700000, 0x0000000080800000, 0x0000000080800000|100%| O|  |TAMS 0x0000000080800000, 0x0000000080700000| Untracked 
|   8|0x0000000080800000, 0x0000000080900000, 0x0000000080900000|100%|HS|  |TAMS 0x0000000080900000, 0x0000000080800000| Complete 
|   9|0x0000000080900000, 0x0000000080a00000, 0x0000000080a00000|100%| O|  |TAMS 0x0000000080a00000, 0x0000000080900000| Untracked 
|  10|0x0000000080a00000, 0x0000000080b00000, 0x0000000080b00000|100%| O|  |TAMS 0x0000000080b00000, 0x0000000080a00000| Untracked 
|  11|0x0000000080b00000, 0x0000000080c00000, 0x0000000080c00000|100%| O|  |TAMS 0x0000000080c00000, 0x0000000080b00000| Untracked 
|  12|0x0000000080c00000, 0x0000000080d00000, 0x0000000080d00000|100%| O|  |TAMS 0x0000000080d00000, 0x0000000080c00000| Untracked 
|  13|0x0000000080d00000, 0x0000000080e00000, 0x0000000080e00000|100%| O|  |TAMS 0x0000000080e00000, 0x0000000080d00000| Untracked 
|  14|0x0000000080e00000, 0x0000000080f00000, 0x0000000080f00000|100%| O|  |TAMS 0x0000000080f00000, 0x0000000080e00000| Untracked 
|  15|0x0000000080f00000, 0x0000000081000000, 0x0000000081000000|100%| O|  |TAMS 0x0000000081000000, 0x0000000080f00000| Untracked 
|  16|0x0000000081000000, 0x0000000081100000, 0x0000000081100000|100%| O|  |TAMS 0x0000000081100000, 0x0000000081000000| Untracked 
|  17|0x0000000081100000, 0x0000000081200000, 0x0000000081200000|100%| O|  |TAMS 0x0000000081200000, 0x0000000081100000| Untracked 
|  18|0x0000000081200000, 0x0000000081300000, 0x0000000081300000|100%| O|  |TAMS 0x0000000081300000, 0x0000000081200000| Untracked 
|  19|0x0000000081300000, 0x0000000081400000, 0x0000000081400000|100%| O|  |TAMS 0x0000000081400000, 0x0000000081300000| Untracked 
|  20|0x0000000081400000, 0x0000000081500000, 0x0000000081500000|100%| O|  |TAMS 0x0000000081500000, 0x0000000081400000| Untracked 
|  21|0x0000000081500000, 0x0000000081600000, 0x0000000081600000|100%| O|  |TAMS 0x0000000081600000, 0x0000000081500000| Untracked 
|  22|0x0000000081600000, 0x0000000081700000, 0x0000000081700000|100%| O|  |TAMS 0x0000000081700000, 0x0000000081600000| Untracked 
|  23|0x0000000081700000, 0x0000000081800000, 0x0000000081800000|100%| O|  |TAMS 0x0000000081800000, 0x0000000081700000| Untracked 
|  24|0x0000000081800000, 0x0000000081900000, 0x0000000081900000|100%| O|  |TAMS 0x0000000081900000, 0x0000000081800000| Untracked 
|  25|0x0000000081900000, 0x0000000081a00000, 0x0000000081a00000|100%| O|  |TAMS 0x0000000081a00000, 0x0000000081900000| Untracked 
|  26|0x0000000081a00000, 0x0000000081b00000, 0x0000000081b00000|100%| O|  |TAMS 0x0000000081b00000, 0x0000000081a00000| Untracked 
|  27|0x0000000081b00000, 0x0000000081c00000, 0x0000000081c00000|100%| O|  |TAMS 0x0000000081c00000, 0x0000000081b00000| Untracked 
|  28|0x0000000081c00000, 0x0000000081d00000, 0x0000000081d00000|100%| O|  |TAMS 0x0000000081d00000, 0x0000000081c00000| Untracked 
|  29|0x0000000081d00000, 0x0000000081e00000, 0x0000000081e00000|100%| O|  |TAMS 0x0000000081e00000, 0x0000000081d00000| Untracked 
|  30|0x0000000081e00000, 0x0000000081f00000, 0x0000000081f00000|100%| O|  |TAMS 0x0000000081f00000, 0x0000000081e00000| Untracked 
|  31|0x0000000081f00000, 0x0000000082000000, 0x0000000082000000|100%| O|  |TAMS 0x0000000082000000, 0x0000000081f00000| Untracked 
|  32|0x0000000082000000, 0x0000000082000000, 0x0000000082100000|  0%| F|  |TAMS 0x0000000082000000, 0x0000000082000000| Untracked 
|  33|0x0000000082100000, 0x0000000082200000, 0x0000000082200000|100%| O|  |TAMS 0x0000000082200000, 0x0000000082100000| Untracked 
|  34|0x0000000082200000, 0x0000000082300000, 0x0000000082300000|100%| O|  |TAMS 0x0000000082300000, 0x0000000082200000| Untracked 
|  35|0x0000000082300000, 0x00000000823f4000, 0x0000000082400000| 95%| O|  |TAMS 0x00000000823f4000, 0x0000000082300000| Untracked 
|  36|0x0000000082400000, 0x0000000082500000, 0x0000000082500000|100%| O|  |TAMS 0x0000000082500000, 0x0000000082400000| Untracked 
|  37|0x0000000082500000, 0x0000000082600000, 0x0000000082600000|100%| O|  |TAMS 0x0000000082600000, 0x0000000082500000| Untracked 
|  38|0x0000000082600000, 0x0000000082700000, 0x0000000082700000|100%| O|  |TAMS 0x0000000082700000, 0x0000000082600000| Untracked 
|  39|0x0000000082700000, 0x0000000082800000, 0x0000000082800000|100%| O|  |TAMS 0x0000000082800000, 0x0000000082700000| Untracked 
|  40|0x0000000082800000, 0x0000000082900000, 0x0000000082900000|100%| O|  |TAMS 0x0000000082900000, 0x0000000082800000| Untracked 
|  41|0x0000000082900000, 0x0000000082a00000, 0x0000000082a00000|100%| O|  |TAMS 0x0000000082a00000, 0x0000000082900000| Untracked 
|  42|0x0000000082a00000, 0x0000000082b00000, 0x0000000082b00000|100%| O|  |TAMS 0x0000000082b00000, 0x0000000082a00000| Untracked 
|  43|0x0000000082b00000, 0x0000000082c00000, 0x0000000082c00000|100%| O|  |TAMS 0x0000000082c00000, 0x0000000082b00000| Untracked 
|  44|0x0000000082c00000, 0x0000000082d00000, 0x0000000082d00000|100%| O|  |TAMS 0x0000000082d00000, 0x0000000082c00000| Untracked 
|  45|0x0000000082d00000, 0x0000000082e00000, 0x0000000082e00000|100%| O|  |TAMS 0x0000000082e00000, 0x0000000082d00000| Untracked 
|  46|0x0000000082e00000, 0x0000000082f00000, 0x0000000082f00000|100%| O|  |TAMS 0x0000000082f00000, 0x0000000082e00000| Untracked 
|  47|0x0000000082f00000, 0x0000000083000000, 0x0000000083000000|100%| O|  |TAMS 0x0000000083000000, 0x0000000082f00000| Untracked 
|  48|0x0000000083000000, 0x0000000083100000, 0x0000000083100000|100%|HS|  |TAMS 0x0000000083100000, 0x0000000083000000| Complete 
|  49|0x0000000083100000, 0x0000000083200000, 0x0000000083200000|100%|HS|  |TAMS 0x0000000083200000, 0x0000000083100000| Complete 
|  50|0x0000000083200000, 0x0000000083300000, 0x0000000083300000|100%|HS|  |TAMS 0x0000000083300000, 0x0000000083200000| Complete 
|  51|0x0000000083300000, 0x0000000083400000, 0x0000000083400000|100%|HC|  |TAMS 0x0000000083400000, 0x0000000083300000| Complete 
|  52|0x0000000083400000, 0x0000000083500000, 0x0000000083500000|100%|HS|  |TAMS 0x0000000083500000, 0x0000000083400000| Complete 
|  53|0x0000000083500000, 0x0000000083600000, 0x0000000083600000|100%|HC|  |TAMS 0x0000000083600000, 0x0000000083500000| Complete 
|  54|0x0000000083600000, 0x0000000083700000, 0x0000000083700000|100%|HS|  |TAMS 0x0000000083700000, 0x0000000083600000| Complete 
|  55|0x0000000083700000, 0x0000000083800000, 0x0000000083800000|100%| O|  |TAMS 0x00000000837e2c00, 0x0000000083700000| Untracked 
|  56|0x0000000083800000, 0x0000000083900000, 0x0000000083900000|100%|HS|  |TAMS 0x0000000083900000, 0x0000000083800000| Complete 
|  57|0x0000000083900000, 0x0000000083a00000, 0x0000000083a00000|100%|HC|  |TAMS 0x0000000083a00000, 0x0000000083900000| Complete 
|  58|0x0000000083a00000, 0x0000000083b00000, 0x0000000083b00000|100%|HC|  |TAMS 0x0000000083b00000, 0x0000000083a00000| Complete 
|  59|0x0000000083b00000, 0x0000000083c00000, 0x0000000083c00000|100%| O|  |TAMS 0x0000000083b00000, 0x0000000083b00000| Untracked 
|  60|0x0000000083c00000, 0x0000000083d00000, 0x0000000083d00000|100%| O|  |TAMS 0x0000000083c00000, 0x0000000083c00000| Untracked 
|  61|0x0000000083d00000, 0x0000000083e00000, 0x0000000083e00000|100%| O|  |TAMS 0x0000000083d00000, 0x0000000083d00000| Untracked 
|  62|0x0000000083e00000, 0x0000000083f00000, 0x0000000083f00000|100%| O|  |TAMS 0x0000000083e00000, 0x0000000083e00000| Untracked 
|  63|0x0000000083f00000, 0x0000000084000000, 0x0000000084000000|100%| O|  |TAMS 0x0000000083f00000, 0x0000000083f00000| Untracked 
|  64|0x0000000084000000, 0x0000000084100000, 0x0000000084100000|100%| O|  |TAMS 0x0000000084000000, 0x0000000084000000| Untracked 
|  65|0x0000000084100000, 0x0000000084200000, 0x0000000084200000|100%| O|  |TAMS 0x0000000084100000, 0x0000000084100000| Untracked 
|  66|0x0000000084200000, 0x0000000084300000, 0x0000000084300000|100%|HS|  |TAMS 0x0000000084200000, 0x0000000084200000| Complete 
|  67|0x0000000084300000, 0x0000000084400000, 0x0000000084400000|100%|HS|  |TAMS 0x0000000084300000, 0x0000000084300000| Complete 
|  68|0x0000000084400000, 0x0000000084500000, 0x0000000084500000|100%| O|  |TAMS 0x0000000084400000, 0x0000000084400000| Untracked 
|  69|0x0000000084500000, 0x0000000084600000, 0x0000000084600000|100%| O|  |TAMS 0x0000000084500000, 0x0000000084500000| Untracked 
|  70|0x0000000084600000, 0x0000000084700000, 0x0000000084700000|100%| O|  |TAMS 0x0000000084600000, 0x0000000084600000| Untracked 
|  71|0x0000000084700000, 0x0000000084800000, 0x0000000084800000|100%| O|  |TAMS 0x0000000084700000, 0x0000000084700000| Untracked 
|  72|0x0000000084800000, 0x0000000084899a00, 0x0000000084900000| 60%| O|  |TAMS 0x0000000084800000, 0x0000000084800000| Untracked 
|  73|0x0000000084900000, 0x0000000084900000, 0x0000000084a00000|  0%| F|  |TAMS 0x0000000084900000, 0x0000000084900000| Untracked 
|  74|0x0000000084a00000, 0x0000000084a00000, 0x0000000084b00000|  0%| F|  |TAMS 0x0000000084a00000, 0x0000000084a00000| Untracked 
|  75|0x0000000084b00000, 0x0000000084b00000, 0x0000000084c00000|  0%| F|  |TAMS 0x0000000084b00000, 0x0000000084b00000| Untracked 
|  76|0x0000000084c00000, 0x0000000084c00000, 0x0000000084d00000|  0%| F|  |TAMS 0x0000000084c00000, 0x0000000084c00000| Untracked 
|  77|0x0000000084d00000, 0x0000000084d00000, 0x0000000084e00000|  0%| F|  |TAMS 0x0000000084d00000, 0x0000000084d00000| Untracked 
|  78|0x0000000084e00000, 0x0000000084e00000, 0x0000000084f00000|  0%| F|  |TAMS 0x0000000084e00000, 0x0000000084e00000| Untracked 
|  79|0x0000000084f00000, 0x0000000084f00000, 0x0000000085000000|  0%| F|  |TAMS 0x0000000084f00000, 0x0000000084f00000| Untracked 
|  80|0x0000000085000000, 0x0000000085000000, 0x0000000085100000|  0%| F|  |TAMS 0x0000000085000000, 0x0000000085000000| Untracked 
|  81|0x0000000085100000, 0x0000000085100000, 0x0000000085200000|  0%| F|  |TAMS 0x0000000085100000, 0x0000000085100000| Untracked 
|  82|0x0000000085200000, 0x0000000085200000, 0x0000000085300000|  0%| F|  |TAMS 0x0000000085200000, 0x0000000085200000| Untracked 
|  83|0x0000000085300000, 0x0000000085300000, 0x0000000085400000|  0%| F|  |TAMS 0x0000000085300000, 0x0000000085300000| Untracked 
|  84|0x0000000085400000, 0x0000000085400000, 0x0000000085500000|  0%| F|  |TAMS 0x0000000085400000, 0x0000000085400000| Untracked 
|  85|0x0000000085500000, 0x0000000085500000, 0x0000000085600000|  0%| F|  |TAMS 0x0000000085500000, 0x0000000085500000| Untracked 
|  86|0x0000000085600000, 0x0000000085600000, 0x0000000085700000|  0%| F|  |TAMS 0x0000000085600000, 0x0000000085600000| Untracked 
|  87|0x0000000085700000, 0x0000000085700000, 0x0000000085800000|  0%| F|  |TAMS 0x0000000085700000, 0x0000000085700000| Untracked 
|  88|0x0000000085800000, 0x0000000085800000, 0x0000000085900000|  0%| F|  |TAMS 0x0000000085800000, 0x0000000085800000| Untracked 
|  89|0x0000000085900000, 0x0000000085900000, 0x0000000085a00000|  0%| F|  |TAMS 0x0000000085900000, 0x0000000085900000| Untracked 
|  90|0x0000000085a00000, 0x0000000085a00000, 0x0000000085b00000|  0%| F|  |TAMS 0x0000000085a00000, 0x0000000085a00000| Untracked 
|  91|0x0000000085b00000, 0x0000000085b00000, 0x0000000085c00000|  0%| F|  |TAMS 0x0000000085b00000, 0x0000000085b00000| Untracked 
|  92|0x0000000085c00000, 0x0000000085c00000, 0x0000000085d00000|  0%| F|  |TAMS 0x0000000085c00000, 0x0000000085c00000| Untracked 
|  93|0x0000000085d00000, 0x0000000085d00000, 0x0000000085e00000|  0%| F|  |TAMS 0x0000000085d00000, 0x0000000085d00000| Untracked 
|  94|0x0000000085e00000, 0x0000000085e00000, 0x0000000085f00000|  0%| F|  |TAMS 0x0000000085e00000, 0x0000000085e00000| Untracked 
|  95|0x0000000085f00000, 0x0000000085f00000, 0x0000000086000000|  0%| F|  |TAMS 0x0000000085f00000, 0x0000000085f00000| Untracked 
|  96|0x0000000086000000, 0x0000000086000000, 0x0000000086100000|  0%| F|  |TAMS 0x0000000086000000, 0x0000000086000000| Untracked 
|  97|0x0000000086100000, 0x0000000086100000, 0x0000000086200000|  0%| F|  |TAMS 0x0000000086100000, 0x0000000086100000| Untracked 
|  98|0x0000000086200000, 0x0000000086200000, 0x0000000086300000|  0%| F|  |TAMS 0x0000000086200000, 0x0000000086200000| Untracked 
|  99|0x0000000086300000, 0x0000000086300000, 0x0000000086400000|  0%| F|  |TAMS 0x0000000086300000, 0x0000000086300000| Untracked 
| 100|0x0000000086400000, 0x0000000086400000, 0x0000000086500000|  0%| F|  |TAMS 0x0000000086400000, 0x0000000086400000| Untracked 
| 101|0x0000000086500000, 0x0000000086500000, 0x0000000086600000|  0%| F|  |TAMS 0x0000000086500000, 0x0000000086500000| Untracked 
| 102|0x0000000086600000, 0x0000000086600000, 0x0000000086700000|  0%| F|  |TAMS 0x0000000086600000, 0x0000000086600000| Untracked 
| 103|0x0000000086700000, 0x0000000086700000, 0x0000000086800000|  0%| F|  |TAMS 0x0000000086700000, 0x0000000086700000| Untracked 
| 104|0x0000000086800000, 0x0000000086800000, 0x0000000086900000|  0%| F|  |TAMS 0x0000000086800000, 0x0000000086800000| Untracked 
| 105|0x0000000086900000, 0x0000000086900000, 0x0000000086a00000|  0%| F|  |TAMS 0x0000000086900000, 0x0000000086900000| Untracked 
| 106|0x0000000086a00000, 0x0000000086a00000, 0x0000000086b00000|  0%| F|  |TAMS 0x0000000086a00000, 0x0000000086a00000| Untracked 
| 107|0x0000000086b00000, 0x0000000086b00000, 0x0000000086c00000|  0%| F|  |TAMS 0x0000000086b00000, 0x0000000086b00000| Untracked 
| 108|0x0000000086c00000, 0x0000000086c00000, 0x0000000086d00000|  0%| F|  |TAMS 0x0000000086c00000, 0x0000000086c00000| Untracked 
| 109|0x0000000086d00000, 0x0000000086d00000, 0x0000000086e00000|  0%| F|  |TAMS 0x0000000086d00000, 0x0000000086d00000| Untracked 
| 110|0x0000000086e00000, 0x0000000086e00000, 0x0000000086f00000|  0%| F|  |TAMS 0x0000000086e00000, 0x0000000086e00000| Untracked 
| 111|0x0000000086f00000, 0x0000000086f00000, 0x0000000087000000|  0%| F|  |TAMS 0x0000000086f00000, 0x0000000086f00000| Untracked 
| 112|0x0000000087000000, 0x0000000087000000, 0x0000000087100000|  0%| F|  |TAMS 0x0000000087000000, 0x0000000087000000| Untracked 
| 113|0x0000000087100000, 0x0000000087100000, 0x0000000087200000|  0%| F|  |TAMS 0x0000000087100000, 0x0000000087100000| Untracked 
| 114|0x0000000087200000, 0x0000000087200000, 0x0000000087300000|  0%| F|  |TAMS 0x0000000087200000, 0x0000000087200000| Untracked 
| 115|0x0000000087300000, 0x0000000087300000, 0x0000000087400000|  0%| F|  |TAMS 0x0000000087300000, 0x0000000087300000| Untracked 
| 116|0x0000000087400000, 0x0000000087400000, 0x0000000087500000|  0%| F|  |TAMS 0x0000000087400000, 0x0000000087400000| Untracked 
| 117|0x0000000087500000, 0x0000000087500000, 0x0000000087600000|  0%| F|  |TAMS 0x0000000087500000, 0x0000000087500000| Untracked 
| 118|0x0000000087600000, 0x0000000087600000, 0x0000000087700000|  0%| F|  |TAMS 0x0000000087600000, 0x0000000087600000| Untracked 
| 119|0x0000000087700000, 0x0000000087700000, 0x0000000087800000|  0%| F|  |TAMS 0x0000000087700000, 0x0000000087700000| Untracked 
| 120|0x0000000087800000, 0x0000000087800000, 0x0000000087900000|  0%| F|  |TAMS 0x0000000087800000, 0x0000000087800000| Untracked 
| 121|0x0000000087900000, 0x0000000087900000, 0x0000000087a00000|  0%| F|  |TAMS 0x0000000087900000, 0x0000000087900000| Untracked 
| 122|0x0000000087a00000, 0x0000000087a00000, 0x0000000087b00000|  0%| F|  |TAMS 0x0000000087a00000, 0x0000000087a00000| Untracked 
| 123|0x0000000087b00000, 0x0000000087b00000, 0x0000000087c00000|  0%| F|  |TAMS 0x0000000087b00000, 0x0000000087b00000| Untracked 
| 124|0x0000000087c00000, 0x0000000087c00000, 0x0000000087d00000|  0%| F|  |TAMS 0x0000000087c00000, 0x0000000087c00000| Untracked 
| 125|0x0000000087d00000, 0x0000000087d00000, 0x0000000087e00000|  0%| F|  |TAMS 0x0000000087d00000, 0x0000000087d00000| Untracked 
| 126|0x0000000087e00000, 0x0000000087e27f30, 0x0000000087f00000| 15%| S|CS|TAMS 0x0000000087e00000, 0x0000000087e00000| Complete 
| 127|0x0000000087f00000, 0x0000000087f00000, 0x0000000088000000|  0%| F|  |TAMS 0x0000000087f00000, 0x0000000087f00000| Untracked 
| 128|0x0000000088000000, 0x0000000088000000, 0x0000000088100000|  0%| F|  |TAMS 0x0000000088000000, 0x0000000088000000| Untracked 
| 129|0x0000000088100000, 0x0000000088100000, 0x0000000088200000|  0%| F|  |TAMS 0x0000000088100000, 0x0000000088100000| Untracked 
| 130|0x0000000088200000, 0x0000000088200000, 0x0000000088300000|  0%| F|  |TAMS 0x0000000088200000, 0x0000000088200000| Untracked 
| 131|0x0000000088300000, 0x0000000088300000, 0x0000000088400000|  0%| F|  |TAMS 0x0000000088300000, 0x0000000088300000| Untracked 
| 132|0x0000000088400000, 0x0000000088400000, 0x0000000088500000|  0%| F|  |TAMS 0x0000000088400000, 0x0000000088400000| Untracked 
| 133|0x0000000088500000, 0x0000000088500000, 0x0000000088600000|  0%| F|  |TAMS 0x0000000088500000, 0x0000000088500000| Untracked 
| 134|0x0000000088600000, 0x0000000088600000, 0x0000000088700000|  0%| F|  |TAMS 0x0000000088600000, 0x0000000088600000| Untracked 
| 135|0x0000000088700000, 0x0000000088780000, 0x0000000088800000| 50%| E|  |TAMS 0x0000000088700000, 0x0000000088700000| Complete 
| 136|0x0000000088800000, 0x0000000088900000, 0x0000000088900000|100%| E|CS|TAMS 0x0000000088800000, 0x0000000088800000| Complete 
| 137|0x0000000088900000, 0x0000000088a00000, 0x0000000088a00000|100%| E|CS|TAMS 0x0000000088900000, 0x0000000088900000| Complete 
| 138|0x0000000088a00000, 0x0000000088b00000, 0x0000000088b00000|100%| E|CS|TAMS 0x0000000088a00000, 0x0000000088a00000| Complete 
| 139|0x0000000088b00000, 0x0000000088c00000, 0x0000000088c00000|100%| E|CS|TAMS 0x0000000088b00000, 0x0000000088b00000| Complete 
| 140|0x0000000088c00000, 0x0000000088d00000, 0x0000000088d00000|100%| E|CS|TAMS 0x0000000088c00000, 0x0000000088c00000| Complete 
| 141|0x0000000088d00000, 0x0000000088e00000, 0x0000000088e00000|100%| E|CS|TAMS 0x0000000088d00000, 0x0000000088d00000| Complete 
| 142|0x0000000088e00000, 0x0000000088f00000, 0x0000000088f00000|100%| E|CS|TAMS 0x0000000088e00000, 0x0000000088e00000| Complete 
| 143|0x0000000088f00000, 0x0000000089000000, 0x0000000089000000|100%| E|CS|TAMS 0x0000000088f00000, 0x0000000088f00000| Complete 
| 144|0x0000000089000000, 0x0000000089100000, 0x0000000089100000|100%| E|CS|TAMS 0x0000000089000000, 0x0000000089000000| Complete 
| 145|0x0000000089100000, 0x0000000089200000, 0x0000000089200000|100%| E|CS|TAMS 0x0000000089100000, 0x0000000089100000| Complete 
| 146|0x0000000089200000, 0x0000000089300000, 0x0000000089300000|100%| E|CS|TAMS 0x0000000089200000, 0x0000000089200000| Complete 
| 147|0x0000000089300000, 0x0000000089400000, 0x0000000089400000|100%| E|CS|TAMS 0x0000000089300000, 0x0000000089300000| Complete 
| 148|0x0000000089400000, 0x0000000089500000, 0x0000000089500000|100%| E|CS|TAMS 0x0000000089400000, 0x0000000089400000| Complete 
| 149|0x0000000089500000, 0x0000000089600000, 0x0000000089600000|100%| E|CS|TAMS 0x0000000089500000, 0x0000000089500000| Complete 
| 150|0x0000000089600000, 0x0000000089700000, 0x0000000089700000|100%| E|CS|TAMS 0x0000000089600000, 0x0000000089600000| Complete 
| 151|0x0000000089700000, 0x0000000089800000, 0x0000000089800000|100%| E|CS|TAMS 0x0000000089700000, 0x0000000089700000| Complete 
| 152|0x0000000089800000, 0x0000000089900000, 0x0000000089900000|100%| E|CS|TAMS 0x0000000089800000, 0x0000000089800000| Complete 

Card table byte_map: [0x00000254d09f0000,0x00000254d0df0000] _byte_map_base: 0x00000254d05f0000

Marking Bits (Prev, Next): (CMBitMap*) 0x00000254b78faec0, (CMBitMap*) 0x00000254b78fae80
 Prev Bits: [0x00000254d31f0000, 0x00000254d51f0000)
 Next Bits: [0x00000254d11f0000, 0x00000254d31f0000)

Polling page: 0x00000254b79e0000

Metaspace:

Usage:
  Non-class:     51.72 MB used.
      Class:      8.17 MB used.
       Both:     59.89 MB used.

Virtual space:
  Non-class space:       64.00 MB reserved,      52.12 MB ( 81%) committed,  1 nodes.
      Class space:        1.00 GB reserved,       8.50 MB ( <1%) committed,  1 nodes.
             Both:        1.06 GB reserved,      60.62 MB (  6%) committed. 

Chunk freelists:
   Non-Class:  11.86 MB
       Class:  7.47 MB
        Both:  19.33 MB

MaxMetaspaceSize: unlimited
CompressedClassSpaceSize: 1.00 GB
Initial GC threshold: 21.00 MB
Current GC threshold: 95.75 MB
CDS: on
MetaspaceReclaimPolicy: balanced
 - commit_granule_bytes: 65536.
 - commit_granule_words: 8192.
 - virtual_space_node_default_size: 8388608.
 - enlarge_chunks_in_place: 1.
 - new_chunks_are_fully_committed: 0.
 - uncommit_free_chunks: 1.
 - use_allocation_guard: 0.
 - handle_deallocations: 1.


Internal statistics:

num_allocs_failed_limit: 6.
num_arena_births: 930.
num_arena_deaths: 0.
num_vsnodes_births: 2.
num_vsnodes_deaths: 0.
num_space_committed: 970.
num_space_uncommitted: 0.
num_chunks_returned_to_freelist: 6.
num_chunks_taken_from_freelist: 3501.
num_chunk_merges: 6.
num_chunk_splits: 2272.
num_chunks_enlarged: 1468.
num_inconsistent_stats: 0.

CodeHeap 'non-profiled nmethods': size=120000Kb used=3437Kb max_used=3437Kb free=116563Kb
 bounds [0x00000254c90c0000, 0x00000254c9420000, 0x00000254d05f0000]
CodeHeap 'profiled nmethods': size=120000Kb used=14884Kb max_used=14884Kb free=105115Kb
 bounds [0x00000254c15f0000, 0x00000254c2480000, 0x00000254c8b20000]
CodeHeap 'non-nmethods': size=5760Kb used=2361Kb max_used=2427Kb free=3398Kb
 bounds [0x00000254c8b20000, 0x00000254c8da0000, 0x00000254c90c0000]
 total_blobs=9145 nmethods=8261 adapters=796
 compilation: enabled
              stopped_count=0, restarted_count=0
 full_count=0

Compilation events (20 events):
Event: 18.212 Thread 0x00000254d769b750 9252   !   2       org.gradle.api.internal.provider.DefaultValueSourceProviderFactory$LazilyObtainedValue::obtain (119 bytes)
Event: 18.214 Thread 0x00000254d769b750 nmethod 9252 0x00000254c2473210 code [0x00000254c2473520, 0x00000254c2474518]
Event: 18.214 Thread 0x00000254d769b750 9253       2       org.gradle.api.internal.provider.ValueSupplier$Missing::pushWhenMissing (48 bytes)
Event: 18.215 Thread 0x00000254d769b750 nmethod 9253 0x00000254c2474c90 code [0x00000254c2474e80, 0x00000254c24752e8]
Event: 18.215 Thread 0x00000254d769b750 9254       2       org.gradle.internal.evaluation.EvaluationContext$PerThreadContext::push (34 bytes)
Event: 18.215 Thread 0x00000254d769b750 nmethod 9254 0x00000254c2475490 code [0x00000254c2475640, 0x00000254c24757e8]
Event: 18.215 Thread 0x00000254d769b750 9255       2       org.gradle.internal.evaluation.EvaluationContext$PerThreadContext::pop (36 bytes)
Event: 18.215 Thread 0x00000254d769b750 nmethod 9255 0x00000254c2475910 code [0x00000254c2475ac0, 0x00000254c2475ca8]
Event: 18.218 Thread 0x00000254d769b750 9256       2       org.gradle.api.internal.provider.AbstractProperty::<init> (13 bytes)
Event: 18.218 Thread 0x00000254d769b750 nmethod 9256 0x00000254c2475d90 code [0x00000254c2475f40, 0x00000254c24761d8]
Event: 18.218 Thread 0x00000254d769b750 9257       2       org.gradle.api.internal.provider.ValueState::newState (12 bytes)
Event: 18.218 Thread 0x00000254d769b750 nmethod 9257 0x00000254c2476290 code [0x00000254c2476420, 0x00000254c2476638]
Event: 18.218 Thread 0x00000254d769b750 9258       2       org.gradle.api.internal.provider.Providers::notDefined (10 bytes)
Event: 18.218 Thread 0x00000254d769b750 nmethod 9258 0x00000254c2476710 code [0x00000254c24768a0, 0x00000254c2476998]
Event: 18.251 Thread 0x00000254d769b750 9259       2       sun.reflect.annotation.AnnotationParser::parseStringArray (85 bytes)
Event: 18.252 Thread 0x00000254d769b750 nmethod 9259 0x00000254c2476a10 code [0x00000254c2476c00, 0x00000254c2477048]
Event: 18.264 Thread 0x00000254d769b750 9260       2       com.google.common.collect.MapMakerInternalMap$StrongKeyWeakValueEntry$Helper::copy (17 bytes)
Event: 18.264 Thread 0x00000254d769b750 nmethod 9260 0x00000254c2477290 code [0x00000254c2477440, 0x00000254c2477628]
Event: 18.264 Thread 0x00000254d769b750 9261       2       com.google.common.collect.MapMakerInternalMap$StrongKeyWeakValueEntry$Helper::copy (49 bytes)
Event: 18.265 Thread 0x00000254d769b750 nmethod 9261 0x00000254c2477710 code [0x00000254c24778e0, 0x00000254c2477b68]

GC Heap History (20 events):
Event: 10.159 GC heap before
{Heap before GC invocations=16 (full 0):
 garbage-first heap   total 130048K, used 101212K [0x0000000080000000, 0x0000000100000000)
  region size 1024K, 68 young (69632K), 6 survivors (6144K)
 Metaspace       used 47530K, committed 48192K, reserved 1114112K
  class space    used 6559K, committed 6912K, reserved 1048576K
}
Event: 10.170 GC heap after
{Heap after GC invocations=17 (full 0):
 garbage-first heap   total 130048K, used 40475K [0x0000000080000000, 0x0000000100000000)
  region size 1024K, 6 young (6144K), 6 survivors (6144K)
 Metaspace       used 47530K, committed 48192K, reserved 1114112K
  class space    used 6559K, committed 6912K, reserved 1048576K
}
Event: 11.582 GC heap before
{Heap before GC invocations=17 (full 0):
 garbage-first heap   total 130048K, used 102939K [0x0000000080000000, 0x0000000100000000)
  region size 1024K, 67 young (68608K), 6 survivors (6144K)
 Metaspace       used 53235K, committed 53888K, reserved 1114112K
  class space    used 7420K, committed 7744K, reserved 1048576K
}
Event: 11.594 GC heap after
{Heap after GC invocations=18 (full 0):
 garbage-first heap   total 130048K, used 44336K [0x0000000080000000, 0x0000000100000000)
  region size 1024K, 7 young (7168K), 7 survivors (7168K)
 Metaspace       used 53235K, committed 53888K, reserved 1114112K
  class space    used 7420K, committed 7744K, reserved 1048576K
}
Event: 13.394 GC heap before
{Heap before GC invocations=18 (full 0):
 garbage-first heap   total 130048K, used 103728K [0x0000000080000000, 0x0000000100000000)
  region size 1024K, 65 young (66560K), 7 survivors (7168K)
 Metaspace       used 56323K, committed 56960K, reserved 1114112K
  class space    used 7836K, committed 8128K, reserved 1048576K
}
Event: 13.415 GC heap after
{Heap after GC invocations=19 (full 0):
 garbage-first heap   total 130048K, used 50087K [0x0000000080000000, 0x0000000100000000)
  region size 1024K, 9 young (9216K), 9 survivors (9216K)
 Metaspace       used 56323K, committed 56960K, reserved 1114112K
  class space    used 7836K, committed 8128K, reserved 1048576K
}
Event: 14.879 GC heap before
{Heap before GC invocations=19 (full 0):
 garbage-first heap   total 130048K, used 101287K [0x0000000080000000, 0x0000000100000000)
  region size 1024K, 60 young (61440K), 9 survivors (9216K)
 Metaspace       used 56852K, committed 57536K, reserved 1114112K
  class space    used 7862K, committed 8192K, reserved 1048576K
}
Event: 14.899 GC heap after
{Heap after GC invocations=20 (full 0):
 garbage-first heap   total 130048K, used 52495K [0x0000000080000000, 0x0000000100000000)
  region size 1024K, 5 young (5120K), 5 survivors (5120K)
 Metaspace       used 56852K, committed 57536K, reserved 1114112K
  class space    used 7862K, committed 8192K, reserved 1048576K
}
Event: 15.680 GC heap before
{Heap before GC invocations=20 (full 0):
 garbage-first heap   total 130048K, used 101647K [0x0000000080000000, 0x0000000100000000)
  region size 1024K, 54 young (55296K), 5 survivors (5120K)
 Metaspace       used 56928K, committed 57600K, reserved 1114112K
  class space    used 7862K, committed 8192K, reserved 1048576K
}
Event: 15.687 GC heap after
{Heap after GC invocations=21 (full 0):
 garbage-first heap   total 130048K, used 52786K [0x0000000080000000, 0x0000000100000000)
  region size 1024K, 5 young (5120K), 5 survivors (5120K)
 Metaspace       used 56928K, committed 57600K, reserved 1114112K
  class space    used 7862K, committed 8192K, reserved 1048576K
}
Event: 16.544 GC heap before
{Heap before GC invocations=21 (full 0):
 garbage-first heap   total 130048K, used 102962K [0x0000000080000000, 0x0000000100000000)
  region size 1024K, 55 young (56320K), 5 survivors (5120K)
 Metaspace       used 56939K, committed 57600K, reserved 1114112K
  class space    used 7862K, committed 8192K, reserved 1048576K
}
Event: 16.551 GC heap after
{Heap after GC invocations=22 (full 0):
 garbage-first heap   total 130048K, used 53872K [0x0000000080000000, 0x0000000100000000)
  region size 1024K, 5 young (5120K), 5 survivors (5120K)
 Metaspace       used 56939K, committed 57600K, reserved 1114112K
  class space    used 7862K, committed 8192K, reserved 1048576K
}
Event: 17.481 GC heap before
{Heap before GC invocations=22 (full 0):
 garbage-first heap   total 130048K, used 99952K [0x0000000080000000, 0x0000000100000000)
  region size 1024K, 45 young (46080K), 5 survivors (5120K)
 Metaspace       used 57983K, committed 58688K, reserved 1114112K
  class space    used 7985K, committed 8320K, reserved 1048576K
}
Event: 17.490 GC heap after
{Heap after GC invocations=23 (full 0):
 garbage-first heap   total 130048K, used 64347K [0x0000000080000000, 0x0000000100000000)
  region size 1024K, 7 young (7168K), 7 survivors (7168K)
 Metaspace       used 57983K, committed 58688K, reserved 1114112K
  class space    used 7985K, committed 8320K, reserved 1048576K
}
Event: 17.508 GC heap before
{Heap before GC invocations=23 (full 0):
 garbage-first heap   total 130048K, used 67419K [0x0000000080000000, 0x0000000100000000)
  region size 1024K, 8 young (8192K), 7 survivors (7168K)
 Metaspace       used 57983K, committed 58688K, reserved 1114112K
  class space    used 7985K, committed 8320K, reserved 1048576K
}
Event: 17.515 GC heap after
{Heap after GC invocations=24 (full 0):
 garbage-first heap   total 130048K, used 68409K [0x0000000080000000, 0x0000000100000000)
  region size 1024K, 2 young (2048K), 2 survivors (2048K)
 Metaspace       used 57983K, committed 58688K, reserved 1114112K
  class space    used 7985K, committed 8320K, reserved 1048576K
}
Event: 18.035 GC heap before
{Heap before GC invocations=25 (full 0):
 garbage-first heap   total 130048K, used 95033K [0x0000000080000000, 0x0000000100000000)
  region size 1024K, 27 young (27648K), 2 survivors (2048K)
 Metaspace       used 59480K, committed 60160K, reserved 1114112K
  class space    used 8186K, committed 8512K, reserved 1048576K
}
Event: 18.038 GC heap after
{Heap after GC invocations=26 (full 0):
 garbage-first heap   total 130048K, used 73882K [0x0000000080000000, 0x0000000100000000)
  region size 1024K, 4 young (4096K), 4 survivors (4096K)
 Metaspace       used 59480K, committed 60160K, reserved 1114112K
  class space    used 8186K, committed 8512K, reserved 1048576K
}
Event: 18.076 GC heap before
{Heap before GC invocations=26 (full 0):
 garbage-first heap   total 130048K, used 74906K [0x0000000080000000, 0x0000000100000000)
  region size 1024K, 6 young (6144K), 4 survivors (4096K)
 Metaspace       used 59642K, committed 60352K, reserved 1114112K
  class space    used 8204K, committed 8512K, reserved 1048576K
}
Event: 18.080 GC heap after
{Heap after GC invocations=27 (full 0):
 garbage-first heap   total 156672K, used 73430K [0x0000000080000000, 0x0000000100000000)
  region size 1024K, 1 young (1024K), 1 survivors (1024K)
 Metaspace       used 59642K, committed 60352K, reserved 1114112K
  class space    used 8204K, committed 8512K, reserved 1048576K
}

Dll operation events (15 events):
Event: 0.012 Loaded shared library C:\Program Files\Eclipse Adoptium\jdk-17.0.15.6-hotspot\bin\java.dll
Event: 0.031 Loaded shared library C:\Program Files\Eclipse Adoptium\jdk-17.0.15.6-hotspot\bin\jsvml.dll
Event: 0.092 Loaded shared library C:\Program Files\Eclipse Adoptium\jdk-17.0.15.6-hotspot\bin\zip.dll
Event: 0.095 Loaded shared library C:\Program Files\Eclipse Adoptium\jdk-17.0.15.6-hotspot\bin\instrument.dll
Event: 0.101 Loaded shared library C:\Program Files\Eclipse Adoptium\jdk-17.0.15.6-hotspot\bin\net.dll
Event: 0.104 Loaded shared library C:\Program Files\Eclipse Adoptium\jdk-17.0.15.6-hotspot\bin\nio.dll
Event: 0.106 Loaded shared library C:\Program Files\Eclipse Adoptium\jdk-17.0.15.6-hotspot\bin\zip.dll
Event: 0.424 Loaded shared library C:\Program Files\Eclipse Adoptium\jdk-17.0.15.6-hotspot\bin\jimage.dll
Event: 0.683 Loaded shared library C:\Program Files\Eclipse Adoptium\jdk-17.0.15.6-hotspot\bin\verify.dll
Event: 0.840 Loaded shared library C:\Users\hafid\.gradle\native\1def1411415f61bf3af743bc5b6707747c0891f09f0c88961ee8f79bc544acac\windows-amd64\native-platform.dll
Event: 0.862 Loaded shared library C:\Users\hafid\.gradle\native\0.2.7\x86_64-windows-gnu\gradle-fileevents.dll
Event: 2.313 Loaded shared library C:\Program Files\Eclipse Adoptium\jdk-17.0.15.6-hotspot\bin\management.dll
Event: 2.317 Loaded shared library C:\Program Files\Eclipse Adoptium\jdk-17.0.15.6-hotspot\bin\management_ext.dll
Event: 2.848 Loaded shared library C:\Program Files\Eclipse Adoptium\jdk-17.0.15.6-hotspot\bin\extnet.dll
Event: 3.279 Loaded shared library C:\Program Files\Eclipse Adoptium\jdk-17.0.15.6-hotspot\bin\sunmscapi.dll

Deoptimization events (20 events):
Event: 18.109 Thread 0x000002551d2bed50 DEOPT PACKING pc=0x00000254c92689e0 sp=0x00000062b94f6ad0
Event: 18.109 Thread 0x000002551d2bed50 DEOPT UNPACKING pc=0x00000254c8b769a3 sp=0x00000062b94f6a68 mode 2
Event: 18.109 Thread 0x000002551d2bed50 Uncommon trap: trap_request=0xffffffde fr.pc=0x00000254c9276880 relative=0x00000000000001c0
Event: 18.109 Thread 0x000002551d2bed50 Uncommon trap: reason=class_check action=maybe_recompile pc=0x00000254c9276880 method=java.io.BufferedInputStream.read1([BII)I @ 39 c2
Event: 18.109 Thread 0x000002551d2bed50 DEOPT PACKING pc=0x00000254c9276880 sp=0x00000062b94f6920
Event: 18.109 Thread 0x000002551d2bed50 DEOPT UNPACKING pc=0x00000254c8b769a3 sp=0x00000062b94f68c8 mode 2
Event: 18.133 Thread 0x000002551d2bed50 DEOPT PACKING pc=0x00000254c1a3a213 sp=0x00000062b94f5e60
Event: 18.133 Thread 0x000002551d2bed50 DEOPT UNPACKING pc=0x00000254c8b77143 sp=0x00000062b94f52d0 mode 0
Event: 18.207 Thread 0x000002551d2bed50 Uncommon trap: trap_request=0xffffffde fr.pc=0x00000254c93bd4e4 relative=0x0000000000000384
Event: 18.207 Thread 0x000002551d2bed50 Uncommon trap: reason=class_check action=maybe_recompile pc=0x00000254c93bd4e4 method=java.util.stream.AbstractPipeline.copyIntoWithCancel(Ljava/util/stream/Sink;Ljava/util/Spliterator;)Z @ 32 c2
Event: 18.207 Thread 0x000002551d2bed50 DEOPT PACKING pc=0x00000254c93bd4e4 sp=0x00000062b94f5790
Event: 18.207 Thread 0x000002551d2bed50 DEOPT UNPACKING pc=0x00000254c8b769a3 sp=0x00000062b94f5650 mode 2
Event: 18.207 Thread 0x000002551d2bed50 Uncommon trap: trap_request=0xffffffde fr.pc=0x00000254c93bd4e4 relative=0x0000000000000384
Event: 18.207 Thread 0x000002551d2bed50 Uncommon trap: reason=class_check action=maybe_recompile pc=0x00000254c93bd4e4 method=java.util.stream.AbstractPipeline.copyIntoWithCancel(Ljava/util/stream/Sink;Ljava/util/Spliterator;)Z @ 32 c2
Event: 18.207 Thread 0x000002551d2bed50 DEOPT PACKING pc=0x00000254c93bd4e4 sp=0x00000062b94f5790
Event: 18.207 Thread 0x000002551d2bed50 DEOPT UNPACKING pc=0x00000254c8b769a3 sp=0x00000062b94f5650 mode 2
Event: 18.207 Thread 0x000002551d2bed50 Uncommon trap: trap_request=0xffffffde fr.pc=0x00000254c93bd4e4 relative=0x0000000000000384
Event: 18.207 Thread 0x000002551d2bed50 Uncommon trap: reason=class_check action=maybe_recompile pc=0x00000254c93bd4e4 method=java.util.stream.AbstractPipeline.copyIntoWithCancel(Ljava/util/stream/Sink;Ljava/util/Spliterator;)Z @ 32 c2
Event: 18.207 Thread 0x000002551d2bed50 DEOPT PACKING pc=0x00000254c93bd4e4 sp=0x00000062b94f5790
Event: 18.207 Thread 0x000002551d2bed50 DEOPT UNPACKING pc=0x00000254c8b769a3 sp=0x00000062b94f5650 mode 2

Classes loaded (20 events):
Event: 17.038 Loading class java/util/function/IntUnaryOperator
Event: 17.038 Loading class java/util/function/IntUnaryOperator done
Event: 17.038 Loading class java/util/function/IntToLongFunction
Event: 17.038 Loading class java/util/function/IntToLongFunction done
Event: 17.043 Loading class java/util/ArraysBeanInfo
Event: 17.043 Loading class java/util/ArraysBeanInfo done
Event: 17.044 Loading class java/util/ArraysBeanInfo
Event: 17.044 Loading class java/util/ArraysBeanInfo done
Event: 17.044 Loading class java/util/ArraysCustomizer
Event: 17.044 Loading class java/util/ArraysCustomizer done
Event: 17.044 Loading class java/util/ArraysCustomizer
Event: 17.044 Loading class java/util/ArraysCustomizer done
Event: 17.087 Loading class java/util/stream/SortedOps$RefSortingSink
Event: 17.088 Loading class java/util/stream/SortedOps$RefSortingSink done
Event: 17.096 Loading class java/time/Ser
Event: 17.096 Loading class java/time/Ser done
Event: 18.124 Loading class java/util/Comparators$NullComparator
Event: 18.124 Loading class java/util/Comparators$NullComparator done
Event: 18.206 Loading class sun/text/resources/cldr/FormatData_en_US
Event: 18.206 Loading class sun/text/resources/cldr/FormatData_en_US done

Classes unloaded (0 events):
No events

Classes redefined (0 events):
No events

Internal exceptions (20 events):
Event: 12.111 Thread 0x000002551d2bed50 Exception <a 'java/lang/NoSuchMethodError'{0x0000000086b0b2d8}: 'void java.lang.invoke.DirectMethodHandle$Holder.invokeStatic(java.lang.Object, java.lang.Object, java.lang.Object, int, java.lang.Object)'> (0x0000000086b0b2d8) 
thrown [s\src\hotspot\share\interpreter\linkResolver.cpp, line 759]
Event: 12.651 Thread 0x000002551d2bed50 Exception <a 'java/lang/IncompatibleClassChangeError'{0x0000000085c23ec0}: Found class java.lang.Object, but interface was expected> (0x0000000085c23ec0) 
thrown [s\src\hotspot\share\interpreter\linkResolver.cpp, line 826]
Event: 12.970 Thread 0x000002551d2bed50 Exception <a 'java/lang/NoSuchMethodError'{0x00000000854cf348}: 'java.lang.Object java.lang.invoke.DirectMethodHandle$Holder.newInvokeSpecial(java.lang.Object, java.lang.Object, java.lang.Object, java.lang.Object, int, java.lang.Object)'> (0x00000000854cf348) 
thrown [s\src\hotspot\share\interpreter\linkResolver.cpp, line 759]
Event: 12.971 Thread 0x000002551d2bed50 Exception <a 'java/lang/NoSuchMethodError'{0x00000000854d81d8}: 'java.lang.Object java.lang.invoke.Invokers$Holder.linkToTargetMethod(java.lang.Object, java.lang.Object, java.lang.Object, int, java.lang.Object, java.lang.Object)'> (0x00000000854d81d8) 
thrown [s\src\hotspot\share\interpreter\linkResolver.cpp, line 759]
Event: 14.379 Thread 0x000002551d2bed50 Exception <a 'java/lang/NoSuchMethodError'{0x0000000086030f10}: 'java.lang.Object java.lang.invoke.DirectMethodHandle$Holder.invokeSpecialIFC(java.lang.Object, java.lang.Object, java.lang.Object)'> (0x0000000086030f10) 
thrown [s\src\hotspot\share\interpreter\linkResolver.cpp, line 759]
Event: 17.044 Thread 0x000002551d2bed50 Exception <a 'java/lang/ClassNotFoundException'{0x0000000086a34960}: java/util/ArraysBeanInfo> (0x0000000086a34960) 
thrown [s\src\hotspot\share\classfile\systemDictionary.cpp, line 256]
Event: 17.044 Thread 0x000002551d2bed50 Exception <a 'java/lang/ClassNotFoundException'{0x0000000086a3d838}: java/util/ArraysCustomizer> (0x0000000086a3d838) 
thrown [s\src\hotspot\share\classfile\systemDictionary.cpp, line 256]
Event: 17.054 Thread 0x000002551d2bed50 Exception <a 'java/lang/ClassNotFoundException'{0x0000000086aef268}: ProtobufPatchPluginBeanInfo> (0x0000000086aef268) 
thrown [s\src\hotspot\share\classfile\systemDictionary.cpp, line 256]
Event: 17.054 Thread 0x000002551d2bed50 Exception <a 'java/lang/ClassNotFoundException'{0x0000000086afab10}: ProtobufPatchPluginCustomizer> (0x0000000086afab10) 
thrown [s\src\hotspot\share\classfile\systemDictionary.cpp, line 256]
Event: 17.064 Thread 0x000002551d2bed50 Exception <a 'java/lang/ClassNotFoundException'{0x00000000869830c0}: groovy/lang/ReferenceBeanInfo> (0x00000000869830c0) 
thrown [s\src\hotspot\share\classfile\systemDictionary.cpp, line 256]
Event: 17.066 Thread 0x000002551d2bed50 Exception <a 'java/lang/ClassNotFoundException'{0x00000000869a68e0}: groovy/lang/ReferenceCustomizer> (0x00000000869a68e0) 
thrown [s\src\hotspot\share\classfile\systemDictionary.cpp, line 256]
Event: 17.085 Thread 0x000002551d2bed50 Exception <a 'java/lang/NoSuchMethodError'{0x0000000086812550}: 'long java.lang.invoke.DirectMethodHandle$Holder.invokeVirtual(java.lang.Object, java.lang.Object)'> (0x0000000086812550) 
thrown [s\src\hotspot\share\interpreter\linkResolver.cpp, line 759]
Event: 17.092 Thread 0x000002551d2c15d0 Exception <a 'java/lang/NoSuchMethodError'{0x000000008685ab78}: static Lorg/gradle/internal/build/event/types/DefaultProjectConfigurationSuccessResult;.<clinit>()V> (0x000000008685ab78) 
thrown [s\src\hotspot\share\prims\jni.cpp, line 1112]
Event: 17.092 Thread 0x000002551d2c15d0 Exception <a 'java/lang/NoSuchMethodError'{0x000000008685bc48}: static Lorg/gradle/internal/build/event/types/AbstractProjectConfigurationResult;.<clinit>()V> (0x000000008685bc48) 
thrown [s\src\hotspot\share\prims\jni.cpp, line 1112]
Event: 17.093 Thread 0x000002551d2c15d0 Exception <a 'java/lang/NoSuchMethodError'{0x0000000086865710}: static Lorg/gradle/internal/build/event/types/DefaultPluginApplicationResult;.<clinit>()V> (0x0000000086865710) 
thrown [s\src\hotspot\share\prims\jni.cpp, line 1112]
Event: 17.094 Thread 0x000002551d2c15d0 Exception <a 'java/lang/NoSuchMethodError'{0x000000008686fd98}: static Lorg/gradle/internal/build/event/types/DefaultBinaryPluginIdentifier;.<clinit>()V> (0x000000008686fd98) 
thrown [s\src\hotspot\share\prims\jni.cpp, line 1112]
Event: 17.098 Thread 0x000002551d2c15d0 Exception <a 'java/lang/NoSuchMethodError'{0x00000000868d1b10}: static Lorg/gradle/internal/build/event/types/DefaultScriptPluginIdentifier;.<clinit>()V> (0x00000000868d1b10) 
thrown [s\src\hotspot\share\prims\jni.cpp, line 1112]
Event: 17.982 Thread 0x000002551d2bed50 Exception <a 'java/lang/NoSuchMethodError'{0x0000000086694420}: 'java.lang.Object java.lang.invoke.DirectMethodHandle$Holder.invokeSpecial(java.lang.Object, java.lang.Object, long, java.lang.Object, java.lang.Object, java.lang.Object, java.lang.Object, java.lang.Object, java.lang.Object, java.lang.Object, java.lang.Object, java.lang.Object)'> (0x0000000086694420) 
thrown [s\src\hotspot\share\interpreter\linkResolver.cpp, line 759]
Event: 17.983 Thread 0x000002551d2bed50 Exception <a 'java/lang/NoSuchMethodError'{0x0000000086699ea8}: 'java.lang.Object java.lang.invoke.DelegatingMethodHandle$Holder.reinvoke_L(java.lang.Object, long, java.lang.Object, java.lang.Object, java.lang.Object, java.lang.Object, java.lang.Object, java.lang.Object, java.lang.Object, java.lang.Object, java.lang.Object)'> (0x0000000086699ea8) 
thrown [s\src\hotspot\share\interpreter\linkResolver.cpp, line 759]
Event: 18.124 Thread 0x000002551d2bed50 Exception <a 'java/lang/NoSuchMethodError'{0x000000008960ead0}: 'int java.lang.invoke.DirectMethodHandle$Holder.invokeSpecialIFC(java.lang.Object, java.lang.Object, java.lang.Object, java.lang.Object, java.lang.Object)'> (0x000000008960ead0) 
thrown [s\src\hotspot\share\interpreter\linkResolver.cpp, line 759]

VM Operations (20 events):
Event: 16.965 Executing VM operation: ICBufferFull
Event: 16.966 Executing VM operation: ICBufferFull done
Event: 17.017 Executing VM operation: HandshakeAllThreads
Event: 17.017 Executing VM operation: HandshakeAllThreads done
Event: 17.198 Executing VM operation: ICBufferFull
Event: 17.198 Executing VM operation: ICBufferFull done
Event: 17.481 Executing VM operation: G1TryInitiateConcMark
Event: 17.490 Executing VM operation: G1TryInitiateConcMark done
Event: 17.508 Executing VM operation: G1TryInitiateConcMark
Event: 17.515 Executing VM operation: G1TryInitiateConcMark done
Event: 17.521 Executing VM operation: HandshakeAllThreads
Event: 17.521 Executing VM operation: HandshakeAllThreads done
Event: 17.638 Executing VM operation: G1PauseRemark
Event: 17.646 Executing VM operation: G1PauseRemark done
Event: 17.717 Executing VM operation: G1PauseCleanup
Event: 17.717 Executing VM operation: G1PauseCleanup done
Event: 18.034 Executing VM operation: G1CollectForAllocation
Event: 18.038 Executing VM operation: G1CollectForAllocation done
Event: 18.076 Executing VM operation: G1CollectForAllocation
Event: 18.080 Executing VM operation: G1CollectForAllocation done

Memory protections (0 events):
No events

Nmethod flushes (20 events):
Event: 12.039 Thread 0x00000254d76a0180 flushing  nmethod 0x00000254c1f74890
Event: 12.039 Thread 0x00000254d76a0180 flushing  nmethod 0x00000254c1f82b90
Event: 12.039 Thread 0x00000254d76a0180 flushing  nmethod 0x00000254c1f82f90
Event: 12.039 Thread 0x00000254d76a0180 flushing  nmethod 0x00000254c1f83610
Event: 12.039 Thread 0x00000254d76a0180 flushing  nmethod 0x00000254c1f85410
Event: 12.039 Thread 0x00000254d76a0180 flushing  nmethod 0x00000254c1f85b90
Event: 12.039 Thread 0x00000254d76a0180 flushing  nmethod 0x00000254c1f85f10
Event: 12.039 Thread 0x00000254d76a0180 flushing  nmethod 0x00000254c1f86510
Event: 12.039 Thread 0x00000254d76a0180 flushing  nmethod 0x00000254c1f86c90
Event: 12.039 Thread 0x00000254d76a0180 flushing  nmethod 0x00000254c1f87a10
Event: 12.039 Thread 0x00000254d76a0180 flushing  nmethod 0x00000254c1f8e190
Event: 12.039 Thread 0x00000254d76a0180 flushing  nmethod 0x00000254c1f91a90
Event: 12.039 Thread 0x00000254d76a0180 flushing  nmethod 0x00000254c1f96110
Event: 12.039 Thread 0x00000254d76a0180 flushing  nmethod 0x00000254c1fa8990
Event: 12.039 Thread 0x00000254d76a0180 flushing  nmethod 0x00000254c1fd8c90
Event: 12.040 Thread 0x00000254d76a0180 flushing  nmethod 0x00000254c203ae90
Event: 12.041 Thread 0x00000254d76a0180 flushing  nmethod 0x00000254c20ec490
Event: 16.826 Thread 0x00000254d76a0180 flushing  nmethod 0x00000254c1738290
Event: 16.827 Thread 0x00000254d76a0180 flushing  nmethod 0x00000254c1784510
Event: 16.834 Thread 0x00000254d76a0180 flushing  nmethod 0x00000254c1d1fd90

Events (20 events):
Event: 5.074 Thread 0x000002551d2bed50 Thread added: 0x000002551d2c0190
Event: 5.405 Thread 0x000002551d2bed50 Thread added: 0x000002551fddb160
Event: 5.412 Thread 0x000002551d2bed50 Thread added: 0x000002551fdd9d20
Event: 5.548 Thread 0x000002551d2bed50 Thread added: 0x000002551fddac50
Event: 5.548 Thread 0x000002551d2bed50 Thread added: 0x000002551fdd83d0
Event: 5.549 Thread 0x000002551d2bed50 Thread added: 0x000002551fdd7ec0
Event: 6.267 Thread 0x000002551d2bed50 Thread added: 0x000002551fdd88e0
Event: 7.217 Thread 0x000002551d2bed50 Thread added: 0x000002551fdd74a0
Event: 7.288 Thread 0x000002551d2bed50 Thread added: 0x000002551fdd79b0
Event: 8.634 Thread 0x000002551d2bed50 Thread added: 0x000002551fddb670
Event: 8.692 Thread 0x000002551d2bed50 Thread added: 0x000002551fddbb80
Event: 12.694 Thread 0x000002551d2bed50 Thread added: 0x000002551fddcfc0
Event: 12.694 Thread 0x000002551d2bed50 Thread added: 0x000002551fdd9300
Event: 12.695 Thread 0x000002551d2bed50 Thread added: 0x000002551fddd4d0
Event: 13.019 Thread 0x000002551d2bed50 Thread added: 0x000002551fdd6060
Event: 13.021 Thread 0x000002551d2bed50 Thread added: 0x000002551fddd9e0
Event: 13.024 Thread 0x000002551d2bed50 Thread added: 0x000002551fdd6570
Event: 14.381 Thread 0x000002551d2bed50 Thread added: 0x000002551fdd6f90
Event: 14.382 Thread 0x000002551d2bed50 Thread added: 0x0000025520fedc10
Event: 14.383 Thread 0x000002551d2bed50 Thread added: 0x0000025520fed1f0


Dynamic libraries:
0x00007ff76b9d0000 - 0x00007ff76b9de000 	C:\Program Files\Eclipse Adoptium\jdk-17.0.15.6-hotspot\bin\java.exe
0x00007ffcbea70000 - 0x00007ffcbec87000 	C:\Windows\SYSTEM32\ntdll.dll
0x00007ffcbe000000 - 0x00007ffcbe0c4000 	C:\Windows\System32\KERNEL32.DLL
0x00007ffcbbe40000 - 0x00007ffcbc1f7000 	C:\Windows\System32\KERNELBASE.dll
0x00007ffcbc390000 - 0x00007ffcbc4a1000 	C:\Windows\System32\ucrtbase.dll
0x00007ffcaaf30000 - 0x00007ffcaaf47000 	C:\Program Files\Eclipse Adoptium\jdk-17.0.15.6-hotspot\bin\jli.dll
0x00007ffcaaf10000 - 0x00007ffcaaf2e000 	C:\Program Files\Eclipse Adoptium\jdk-17.0.15.6-hotspot\bin\VCRUNTIME140.dll
0x00007ffcbe0d0000 - 0x00007ffcbe27f000 	C:\Windows\System32\USER32.dll
0x00007ffca6b70000 - 0x00007ffca6e03000 	C:\Windows\WinSxS\amd64_microsoft.windows.common-controls_6595b64144ccf1df_6.0.22621.3672_none_2713b9d173822955\COMCTL32.dll
0x00007ffcbc770000 - 0x00007ffcbc796000 	C:\Windows\System32\win32u.dll
0x00007ffcbdbc0000 - 0x00007ffcbdc67000 	C:\Windows\System32\msvcrt.dll
0x00007ffcbe9d0000 - 0x00007ffcbe9f9000 	C:\Windows\System32\GDI32.dll
0x00007ffcbc650000 - 0x00007ffcbc768000 	C:\Windows\System32\gdi32full.dll
0x00007ffcbc2f0000 - 0x00007ffcbc38a000 	C:\Windows\System32\msvcp_win.dll
0x00007ffcbe450000 - 0x00007ffcbe481000 	C:\Windows\System32\IMM32.DLL
0x00007ffc99060000 - 0x00007ffc9906c000 	C:\Program Files\Eclipse Adoptium\jdk-17.0.15.6-hotspot\bin\vcruntime140_1.dll
0x00007ffc7a670000 - 0x00007ffc7a6fd000 	C:\Program Files\Eclipse Adoptium\jdk-17.0.15.6-hotspot\bin\msvcp140.dll
0x00007ffc27dc0000 - 0x00007ffc28a2b000 	C:\Program Files\Eclipse Adoptium\jdk-17.0.15.6-hotspot\bin\server\jvm.dll
0x00007ffcbe490000 - 0x00007ffcbe542000 	C:\Windows\System32\ADVAPI32.dll
0x00007ffcbc950000 - 0x00007ffcbc9f8000 	C:\Windows\System32\sechost.dll
0x00007ffcbc4b0000 - 0x00007ffcbc4d8000 	C:\Windows\System32\bcrypt.dll
0x00007ffcbd810000 - 0x00007ffcbd924000 	C:\Windows\System32\RPCRT4.dll
0x00007ffcbd790000 - 0x00007ffcbd801000 	C:\Windows\System32\WS2_32.dll
0x00007ffcbabf0000 - 0x00007ffcbac3d000 	C:\Windows\SYSTEM32\POWRPROF.dll
0x00007ffcb7e90000 - 0x00007ffcb7ec4000 	C:\Windows\SYSTEM32\WINMM.dll
0x00007ffcb7da0000 - 0x00007ffcb7daa000 	C:\Windows\SYSTEM32\VERSION.dll
0x00007ffcbabd0000 - 0x00007ffcbabe3000 	C:\Windows\SYSTEM32\UMPDC.dll
0x00007ffcbae20000 - 0x00007ffcbae38000 	C:\Windows\SYSTEM32\kernel.appcore.dll
0x00007ffc979f0000 - 0x00007ffc979fa000 	C:\Program Files\Eclipse Adoptium\jdk-17.0.15.6-hotspot\bin\jimage.dll
0x00007ffca5be0000 - 0x00007ffca5e12000 	C:\Windows\SYSTEM32\DBGHELP.DLL
0x00007ffcbdc70000 - 0x00007ffcbdffe000 	C:\Windows\System32\combase.dll
0x00007ffcbca00000 - 0x00007ffcbcad7000 	C:\Windows\System32\OLEAUT32.dll
0x00007ffcaaa30000 - 0x00007ffcaaa62000 	C:\Windows\SYSTEM32\dbgcore.DLL
0x00007ffcbc200000 - 0x00007ffcbc27b000 	C:\Windows\System32\bcryptPrimitives.dll
0x00007ffcaa390000 - 0x00007ffcaa39e000 	C:\Program Files\Eclipse Adoptium\jdk-17.0.15.6-hotspot\bin\instrument.dll
0x00007ffc8a410000 - 0x00007ffc8a435000 	C:\Program Files\Eclipse Adoptium\jdk-17.0.15.6-hotspot\bin\java.dll
0x00007ffc79390000 - 0x00007ffc79467000 	C:\Program Files\Eclipse Adoptium\jdk-17.0.15.6-hotspot\bin\jsvml.dll
0x00007ffcbccc0000 - 0x00007ffcbd529000 	C:\Windows\System32\SHELL32.dll
0x00007ffcb9cb0000 - 0x00007ffcba5af000 	C:\Windows\SYSTEM32\windows.storage.dll
0x00007ffcb9b70000 - 0x00007ffcb9caf000 	C:\Windows\SYSTEM32\wintypes.dll
0x00007ffcbd530000 - 0x00007ffcbd629000 	C:\Windows\System32\SHCORE.dll
0x00007ffcbcbe0000 - 0x00007ffcbcc3e000 	C:\Windows\System32\shlwapi.dll
0x00007ffcbbcb0000 - 0x00007ffcbbcd7000 	C:\Windows\SYSTEM32\profapi.dll
0x00007ffc85690000 - 0x00007ffc856a8000 	C:\Program Files\Eclipse Adoptium\jdk-17.0.15.6-hotspot\bin\zip.dll
0x00007ffc89410000 - 0x00007ffc89429000 	C:\Program Files\Eclipse Adoptium\jdk-17.0.15.6-hotspot\bin\net.dll
0x00007ffcb7800000 - 0x00007ffcb7936000 	C:\Windows\SYSTEM32\WINHTTP.dll
0x00007ffcbb2e0000 - 0x00007ffcbb349000 	C:\Windows\system32\mswsock.dll
0x00007ffc88990000 - 0x00007ffc889a6000 	C:\Program Files\Eclipse Adoptium\jdk-17.0.15.6-hotspot\bin\nio.dll
0x00007ffc8a1f0000 - 0x00007ffc8a200000 	C:\Program Files\Eclipse Adoptium\jdk-17.0.15.6-hotspot\bin\verify.dll
0x00007ffcb8860000 - 0x00007ffcb8887000 	C:\Users\hafid\.gradle\native\1def1411415f61bf3af743bc5b6707747c0891f09f0c88961ee8f79bc544acac\windows-amd64\native-platform.dll
0x00007ffc99090000 - 0x00007ffc99108000 	C:\Users\hafid\.gradle\native\0.2.7\x86_64-windows-gnu\gradle-fileevents.dll
0x00007ffcaa380000 - 0x00007ffcaa38a000 	C:\Program Files\Eclipse Adoptium\jdk-17.0.15.6-hotspot\bin\management.dll
0x00007ffcaa260000 - 0x00007ffcaa26b000 	C:\Program Files\Eclipse Adoptium\jdk-17.0.15.6-hotspot\bin\management_ext.dll
0x00007ffcbd990000 - 0x00007ffcbd998000 	C:\Windows\System32\PSAPI.DLL
0x00007ffcba880000 - 0x00007ffcba8ad000 	C:\Windows\SYSTEM32\IPHLPAPI.DLL
0x00007ffcbd980000 - 0x00007ffcbd989000 	C:\Windows\System32\NSI.dll
0x00007ffcb7a10000 - 0x00007ffcb7a29000 	C:\Windows\SYSTEM32\dhcpcsvc6.DLL
0x00007ffcb77e0000 - 0x00007ffcb77ff000 	C:\Windows\SYSTEM32\dhcpcsvc.DLL
0x00007ffcba8f0000 - 0x00007ffcba9f2000 	C:\Windows\SYSTEM32\DNSAPI.dll
0x00007ffcaa250000 - 0x00007ffcaa259000 	C:\Program Files\Eclipse Adoptium\jdk-17.0.15.6-hotspot\bin\extnet.dll
0x00007ffcbb630000 - 0x00007ffcbb64b000 	C:\Windows\SYSTEM32\CRYPTSP.dll
0x00007ffcbade0000 - 0x00007ffcbae15000 	C:\Windows\system32\rsaenh.dll
0x00007ffcbb380000 - 0x00007ffcbb3a8000 	C:\Windows\SYSTEM32\USERENV.dll
0x00007ffcbb610000 - 0x00007ffcbb61c000 	C:\Windows\SYSTEM32\CRYPTBASE.dll
0x00007ffcaa240000 - 0x00007ffcaa24e000 	C:\Program Files\Eclipse Adoptium\jdk-17.0.15.6-hotspot\bin\sunmscapi.dll
0x00007ffcbc4e0000 - 0x00007ffcbc646000 	C:\Windows\System32\CRYPT32.dll
0x00007ffcbb740000 - 0x00007ffcbb76d000 	C:\Windows\SYSTEM32\ncrypt.dll
0x00007ffcbb700000 - 0x00007ffcbb737000 	C:\Windows\SYSTEM32\NTASN1.dll
0x00007ffc45610000 - 0x00007ffc45618000 	C:\Windows\system32\wshunix.dll

dbghelp: loaded successfully - version: 4.0.5 - missing functions: none
symbol engine: initialized successfully - sym options: 0x614 - pdb path: .;C:\Program Files\Eclipse Adoptium\jdk-17.0.15.6-hotspot\bin;C:\Windows\SYSTEM32;C:\Windows\WinSxS\amd64_microsoft.windows.common-controls_6595b64144ccf1df_6.0.22621.3672_none_2713b9d173822955;C:\Program Files\Eclipse Adoptium\jdk-17.0.15.6-hotspot\bin\server;C:\Users\hafid\.gradle\native\1def1411415f61bf3af743bc5b6707747c0891f09f0c88961ee8f79bc544acac\windows-amd64;C:\Users\hafid\.gradle\native\0.2.7\x86_64-windows-gnu

VM Arguments:
jvm_args: --add-opens=java.base/java.lang=ALL-UNNAMED --add-opens=java.base/java.lang.invoke=ALL-UNNAMED --add-opens=java.base/java.util=ALL-UNNAMED --add-opens=java.prefs/java.util.prefs=ALL-UNNAMED --add-exports=jdk.compiler/com.sun.tools.javac.api=ALL-UNNAMED --add-exports=jdk.compiler/com.sun.tools.javac.util=ALL-UNNAMED --add-opens=java.base/java.util=ALL-UNNAMED --add-opens=java.prefs/java.util.prefs=ALL-UNNAMED --add-opens=java.base/java.nio.charset=ALL-UNNAMED --add-opens=java.base/java.net=ALL-UNNAMED --add-opens=java.base/java.util.concurrent.atomic=ALL-UNNAMED --add-opens=java.xml/javax.xml.namespace=ALL-UNNAMED -Xmx2048m -Dfile.encoding=UTF-8 -Duser.country=ID -Duser.language=en -Duser.variant -javaagent:C:\Users\hafid\.gradle\wrapper\dists\gradle-8.13-bin\5xuhj0ry160q40clulazy9h7d\gradle-8.13\lib\agents\gradle-instrumentation-agent-8.13.jar 
java_command: org.gradle.launcher.daemon.bootstrap.GradleDaemon 8.13
java_class_path (initial): C:\Users\hafid\.gradle\wrapper\dists\gradle-8.13-bin\5xuhj0ry160q40clulazy9h7d\gradle-8.13\lib\gradle-daemon-main-8.13.jar
Launcher Type: SUN_STANDARD

[Global flags]
     intx CICompilerCount                          = 3                                         {product} {ergonomic}
     uint ConcGCThreads                            = 1                                         {product} {ergonomic}
     uint G1ConcRefinementThreads                  = 4                                         {product} {ergonomic}
   size_t G1HeapRegionSize                         = 1048576                                   {product} {ergonomic}
    uintx GCDrainStackTargetSize                   = 64                                        {product} {ergonomic}
   size_t InitialHeapSize                          = 65011712                                  {product} {ergonomic}
   size_t MarkStackSize                            = 4194304                                   {product} {ergonomic}
   size_t MaxHeapSize                              = 2147483648                                {product} {command line}
   size_t MaxNewSize                               = 1287651328                                {product} {ergonomic}
   size_t MinHeapDeltaBytes                        = 1048576                                   {product} {ergonomic}
   size_t MinHeapSize                              = 8388608                                   {product} {ergonomic}
    uintx NonNMethodCodeHeapSize                   = 5832780                                {pd product} {ergonomic}
    uintx NonProfiledCodeHeapSize                  = 122912730                              {pd product} {ergonomic}
    uintx ProfiledCodeHeapSize                     = 122912730                              {pd product} {ergonomic}
    uintx ReservedCodeCacheSize                    = 251658240                              {pd product} {ergonomic}
     bool SegmentedCodeCache                       = true                                      {product} {ergonomic}
   size_t SoftMaxHeapSize                          = 2147483648                             {manageable} {ergonomic}
     bool UseCompressedClassPointers               = true                           {product lp64_product} {ergonomic}
     bool UseCompressedOops                        = true                           {product lp64_product} {ergonomic}
     bool UseG1GC                                  = true                                      {product} {ergonomic}
     bool UseLargePagesIndividualAllocation        = false                                  {pd product} {ergonomic}

Logging:
Log output configuration:
 #0: stdout all=warning uptime,level,tags
 #1: stderr all=off uptime,level,tags

Environment Variables:
JAVA_HOME=C:\Program Files\Eclipse Adoptium\jdk-17.0.15.6-hotspot
PATH=C:\Program Files\Eclipse Adoptium\jdk-17.0.15.6-hotspot\bin;C:\Program Files\Eclipse Adoptium\jdk-17.0.15.6-hotspot\bin;C:\Program Files\Common Files\Oracle\Java\javapath;C:\ProgramData\Oracle\Java\javapath;C:\Windows\system32;C:\Windows;C:\Windows\System32\Wbem;C:\Windows\System32\WindowsPowerShell\v1.0\;C:\Windows\System32\OpenSSH\;C:\Program Files (x86)\NVIDIA Corporation\PhysX\Common;C:\Windows\System32;C:\Users\Git\cmd;C:\Program Files\Docker\Docker\resources\bin;C:\Program Files\MongoDB\Server\8.0\bin;C:\xampp\php;C:\ProgramData\ComposerSetup\bin;C:\flutter\bin;C:\Users\hafid\AppData\Local\Android\sdk\platform-tools;C:\Program Files\nodejs\;C:\kotlinc\bin;C:\Users\hafid\AppData\Local\Programs\Python\Python310\Scripts\;C:\Users\hafid\AppData\Local\Programs\Python\Python310\;C:\Users\hafid\AppData\Local\Microsoft\WindowsApps;C:\Users\hafid\AppData\Local\Programs\Microsoft VS Code\bin;C:\Users\hafid\AppData\Roaming\Composer\vendor\bin;C:\Users\hafid\AppData\Roaming\npm;C:\Users\hafid\AppData\Local\Google\Cloud SDK\google-cloud-sdk\bin;D:\cursor\resources\app\bin;C:\Users\hafid\AppData\Local\Programs\Windsurf\bin;C:\Users\hafid\AppData\Local\Programs\Antigravity\bin
USERNAME=hafid
OS=Windows_NT
PROCESSOR_IDENTIFIER=Intel64 Family 6 Model 142 Stepping 9, GenuineIntel
TMP=C:\Users\hafid\AppData\Local\Temp
TEMP=C:\Users\hafid\AppData\Local\Temp



Periodic native trim disabled


---------------  S Y S T E M  ---------------

OS:
 Windows 11 , 64 bit Build 22621 (10.0.22621.3958)
OS uptime: 0 days 2:14 hours
Hyper-V role detected

CPU: total 4 (initial active 4) (2 cores per cpu, 2 threads per core) family 6 model 142 stepping 9 microcode 0xde, cx8, cmov, fxsr, ht, mmx, 3dnowpref, sse, sse2, sse3, ssse3, sse4.1, sse4.2, popcnt, lzcnt, tsc, tscinvbit, avx, avx2, aes, erms, clmul, bmi1, bmi2, adx, fma, vzeroupper, clflush, clflushopt, hv
Processor Information for all 4 processors :
  Max Mhz: 2712, Current Mhz: 2511, Mhz Limit: 2495

Memory: 4k page, system-wide physical 3964M (243M free)
TotalPageFile size 16252M (AvailPageFile size 4M)
current process WorkingSet (physical memory assigned to process): 312M, peak: 331M
current process commit charge ("private bytes"): 378M, peak: 378M

vm_info: OpenJDK 64-Bit Server VM (17.0.15+6) for windows-amd64 JRE (17.0.15+6), built on Apr 15 2025 21:25:47 by "admin" with MS VC++ 17.7 (VS2022)

END.
