#
# There is insufficient memory for the Java Runtime Environment to continue.
# Native memory allocation (malloc) failed to allocate 1048576 bytes. Error detail: AllocateHeap
# Possible reasons:
#   The system is out of physical RAM or swap space
#   This process is running with CompressedOops enabled, and the Java Heap may be blocking the growth of the native heap
# Possible solutions:
#   Reduce memory load on the system
#   Increase physical memory or swap space
#   Check if swap backing store is full
#   Decrease Java heap size (-Xmx/-Xms)
#   Decrease number of Java threads
#   Decrease Java thread stack sizes (-Xss)
#   Set larger code cache with -XX:ReservedCodeCacheSize=
#   JVM is running with Unscaled Compressed Oops mode in which the Java heap is
#     placed in the first 4GB address space. The Java Heap base address is the
#     maximum limit for the native heap growth. Please use -XX:HeapBaseMinAddress
#     to set the Java Heap base and to place the Java Heap above 4GB virtual address.
# This output file may be truncated or incomplete.
#
#  Out of Memory Error (allocation.cpp:44), pid=8548, tid=1960
#
# JRE version: OpenJDK Runtime Environment Temurin-21.0.9+10 (21.0.9+10) (build 21.0.9+10-LTS)
# Java VM: OpenJDK 64-Bit Server VM Temurin-21.0.9+10 (21.0.9+10-LTS, mixed mode, sharing, tiered, compressed oops, compressed class ptrs, parallel gc, windows-amd64)
# No core dump will be written. Minidumps are not enabled by default on client versions of Windows
#

---------------  S U M M A R Y ------------

Command Line: --add-modules=ALL-SYSTEM --add-opens=java.base/java.util=ALL-UNNAMED --add-opens=java.base/java.lang=ALL-UNNAMED --add-opens=java.base/sun.nio.fs=ALL-UNNAMED -Declipse.application=org.eclipse.jdt.ls.core.id1 -Dosgi.bundles.defaultStartLevel=4 -Declipse.product=org.eclipse.jdt.ls.core.product -Djava.import.generatesMetadataFilesAtProjectRoot=false -DDetectVMInstallationsJob.disabled=true -Dfile.encoding=utf8 -XX:+UseParallelGC -XX:GCTimeRatio=4 -XX:AdaptiveSizePolicyWeight=90 -Dsun.zip.disableMemoryMapping=true -Xmx2G -Xms100m -Xlog:disable -javaagent:c:\Users\hafid\.vscode\extensions\redhat.java-1.50.0-win32-x64\lombok\lombok-1.18.39-4050.jar -XX:+HeapDumpOnOutOfMemoryError -XX:HeapDumpPath=c:\Users\hafid\AppData\Roaming\Code\User\workspaceStorage\271670c6d88b3c30270340dfd9cafa37\redhat.java -Daether.dependencyCollector.impl=bf c:\Users\hafid\.vscode\extensions\redhat.java-1.50.0-win32-x64\server\plugins\org.eclipse.equinox.launcher_1.7.100.v20251111-0406.jar -configuration c:\Users\hafid\AppData\Roaming\Code\User\globalStorage\redhat.java\1.50.0\config_win -data c:\Users\hafid\AppData\Roaming\Code\User\workspaceStorage\271670c6d88b3c30270340dfd9cafa37\redhat.java\jdt_ws --pipe=\\.\pipe\lsp-7780d5802b27442f4a6406fcd1c1ebe3-sock

Host: Intel(R) Core(TM) i5-7200U CPU @ 2.50GHz, 4 cores, 3G,  Windows 11 , 64 bit Build 22621 (10.0.22621.3958)
Time: Tue Dec  2 22:44:27 2025 SE Asia Standard Time elapsed time: 3502.898670 seconds (0d 0h 58m 22s)

---------------  T H R E A D  ---------------

Current thread (0x000002a5faedd860):  JavaThread "Attach Listener" daemon [_thread_in_vm, id=1960, stack(0x000000c358300000,0x000000c358400000) (1024K)]

Stack: [0x000000c358300000,0x000000c358400000]
Native frames: (J=compiled Java code, j=interpreted, Vv=VM code, C=native code)
V  [jvm.dll+0x6d6e29]
V  [jvm.dll+0x8b4b76]
V  [jvm.dll+0x8b712e]
V  [jvm.dll+0x8b7813]
V  [jvm.dll+0x283d86]
V  [jvm.dll+0xc1277]
V  [jvm.dll+0x6d76d9]
V  [jvm.dll+0x133466]
V  [jvm.dll+0x3f7ea6]
V  [jvm.dll+0x85e9ad]
V  [jvm.dll+0x6d565d]
C  [ucrtbase.dll+0x29333]
C  [KERNEL32.DLL+0x1257d]
C  [ntdll.dll+0x5af08]


---------------  P R O C E S S  ---------------

Threads class SMR info:
_java_thread_list=0x000002a5c7734980, length=31, elements={
0x000002a5e44ec7f0, 0x000002a5faed83b0, 0x000002a5faedacc0, 0x000002a5faedbf60,
0x000002a5faedd860, 0x000002a5faedefe0, 0x000002a5faee2f00, 0x000002a5faee3d30,
0x000002a5faf55240, 0x000002a5c513fc20, 0x000002a5c527d180, 0x000002a5c5636600,
0x000002a5c540cd90, 0x000002a5c52f7bf0, 0x000002a5c52f8620, 0x000002a5c5b977e0,
0x000002a5c599e080, 0x000002a5c56587a0, 0x000002a5c565a1e0, 0x000002a5c5658e30,
0x000002a5c56594c0, 0x000002a5c5658110, 0x000002a5c64d5e40, 0x000002a5c64d71f0,
0x000002a5c64d7880, 0x000002a5c64d5120, 0x000002a5c64d7f10, 0x000002a5c64d64d0,
0x000002a5c64d6b60, 0x000002a5c64d85a0, 0x000002a5c9c54050
}

Java Threads: ( => current thread )
  0x000002a5e44ec7f0 JavaThread "main"                              [_thread_blocked, id=15188, stack(0x000000c357c00000,0x000000c357d00000) (1024K)]
  0x000002a5faed83b0 JavaThread "Reference Handler"          daemon [_thread_blocked, id=8740, stack(0x000000c358000000,0x000000c358100000) (1024K)]
  0x000002a5faedacc0 JavaThread "Finalizer"                  daemon [_thread_blocked, id=3240, stack(0x000000c358100000,0x000000c358200000) (1024K)]
  0x000002a5faedbf60 JavaThread "Signal Dispatcher"          daemon [_thread_blocked, id=11352, stack(0x000000c358200000,0x000000c358300000) (1024K)]
=>0x000002a5faedd860 JavaThread "Attach Listener"            daemon [_thread_in_vm, id=1960, stack(0x000000c358300000,0x000000c358400000) (1024K)]
  0x000002a5faedefe0 JavaThread "Service Thread"             daemon [_thread_blocked, id=9712, stack(0x000000c358400000,0x000000c358500000) (1024K)]
  0x000002a5faee2f00 JavaThread "Monitor Deflation Thread"   daemon [_thread_blocked, id=9080, stack(0x000000c358500000,0x000000c358600000) (1024K)]
  0x000002a5faee3d30 JavaThread "C2 CompilerThread0"         daemon [_thread_blocked, id=1480, stack(0x000000c358600000,0x000000c358700000) (1024K)]
  0x000002a5faf55240 JavaThread "C1 CompilerThread0"         daemon [_thread_blocked, id=5080, stack(0x000000c358700000,0x000000c358800000) (1024K)]
  0x000002a5c513fc20 JavaThread "Common-Cleaner"             daemon [_thread_blocked, id=4080, stack(0x000000c358800000,0x000000c358900000) (1024K)]
  0x000002a5c527d180 JavaThread "Notification Thread"        daemon [_thread_blocked, id=1636, stack(0x000000c358900000,0x000000c358a00000) (1024K)]
  0x000002a5c5636600 JavaThread "Active Thread: Equinox Container: d8d7e030-6747-4b7c-8255-1f702ae5e588"        [_thread_blocked, id=13224, stack(0x000000c358d00000,0x000000c358e00000) (1024K)]
  0x000002a5c540cd90 JavaThread "Refresh Thread: Equinox Container: d8d7e030-6747-4b7c-8255-1f702ae5e588" daemon [_thread_blocked, id=5896, stack(0x000000c358e00000,0x000000c358f00000) (1024K)]
  0x000002a5c52f7bf0 JavaThread "Framework Event Dispatcher: Equinox Container: d8d7e030-6747-4b7c-8255-1f702ae5e588" daemon [_thread_blocked, id=14220, stack(0x000000c358f00000,0x000000c359000000) (1024K)]
  0x000002a5c52f8620 JavaThread "Start Level: Equinox Container: d8d7e030-6747-4b7c-8255-1f702ae5e588" daemon [_thread_blocked, id=9748, stack(0x000000c359000000,0x000000c359100000) (1024K)]
  0x000002a5c5b977e0 JavaThread "Bundle File Closer"         daemon [_thread_blocked, id=14136, stack(0x000000c359100000,0x000000c359200000) (1024K)]
  0x000002a5c599e080 JavaThread "SCR Component Actor"        daemon [_thread_blocked, id=12036, stack(0x000000c359200000,0x000000c359300000) (1024K)]
  0x000002a5c56587a0 JavaThread "Worker-JM"                         [_thread_blocked, id=9828, stack(0x000000c357a00000,0x000000c357b00000) (1024K)]
  0x000002a5c565a1e0 JavaThread "JNA Cleaner"                daemon [_thread_blocked, id=1644, stack(0x000000c359300000,0x000000c359400000) (1024K)]
  0x000002a5c5658e30 JavaThread "Worker-1"                          [_thread_blocked, id=2608, stack(0x000000c359500000,0x000000c359600000) (1024K)]
  0x000002a5c56594c0 JavaThread "Java indexing"              daemon [_thread_blocked, id=13396, stack(0x000000c359900000,0x000000c359a00000) (1024K)]
  0x000002a5c5658110 JavaThread "Worker-4"                          [_thread_blocked, id=9204, stack(0x000000c359c00000,0x000000c359d00000) (1024K)]
  0x000002a5c64d5e40 JavaThread "Thread-1"                   daemon [_thread_in_native, id=14880, stack(0x000000c359d00000,0x000000c359e00000) (1024K)]
  0x000002a5c64d71f0 JavaThread "Thread-2"                   daemon [_thread_in_native, id=8944, stack(0x000000c359e00000,0x000000c359f00000) (1024K)]
  0x000002a5c64d7880 JavaThread "Thread-3"                   daemon [_thread_in_native, id=13876, stack(0x000000c359f00000,0x000000c35a000000) (1024K)]
  0x000002a5c64d5120 JavaThread "Thread-4"                   daemon [_thread_in_native, id=14752, stack(0x000000c35a000000,0x000000c35a100000) (1024K)]
  0x000002a5c64d7f10 JavaThread "Thread-5"                   daemon [_thread_in_native, id=14692, stack(0x000000c35a100000,0x000000c35a200000) (1024K)]
  0x000002a5c64d64d0 JavaThread "pool-2-thread-1"                   [_thread_blocked, id=10316, stack(0x000000c35a200000,0x000000c35a300000) (1024K)]
  0x000002a5c64d6b60 JavaThread "WorkspaceEventsHandler"            [_thread_blocked, id=10884, stack(0x000000c35a300000,0x000000c35a400000) (1024K)]
  0x000002a5c64d85a0 JavaThread "pool-1-thread-1"                   [_thread_blocked, id=9500, stack(0x000000c35a400000,0x000000c35a500000) (1024K)]
  0x000002a5c9c54050 JavaThread "Timer-0"                           [_thread_blocked, id=6068, stack(0x000000c359700000,0x000000c359800000) (1024K)]
Total: 31

Other Threads:
  0x000002a5e45ab3c0 VMThread "VM Thread"                           [id=10472, stack(0x000000c357f00000,0x000000c358000000) (1024K)]
  0x000002a5e4556820 WatcherThread "VM Periodic Task Thread"        [id=4448, stack(0x000000c357e00000,0x000000c357f00000) (1024K)]
  0x000002a5e450ace0 WorkerThread "GC Thread#0"                     [id=1596, stack(0x000000c357d00000,0x000000c357e00000) (1024K)]
  0x000002a5c53c6ee0 WorkerThread "GC Thread#1"                     [id=13272, stack(0x000000c358a00000,0x000000c358b00000) (1024K)]
  0x000002a5c53c7690 WorkerThread "GC Thread#2"                     [id=12584, stack(0x000000c358b00000,0x000000c358c00000) (1024K)]
  0x000002a5c52f5d20 WorkerThread "GC Thread#3"                     [id=12344, stack(0x000000c358c00000,0x000000c358d00000) (1024K)]
Total: 6

Threads with active compile tasks:
Total: 0

VM state: not at safepoint (normal execution)

VM Mutex/Monitor currently owned by a thread: None

Heap address: 0x0000000080000000, size: 2048 MB, Compressed Oops mode: 32-bit

CDS archive(s) mapped at: [0x000002a580000000-0x000002a580ba0000-0x000002a580ba0000), size 12189696, SharedBaseAddress: 0x000002a580000000, ArchiveRelocationMode: 1.
Compressed class space mapped at: 0x000002a581000000-0x000002a5c1000000, reserved size: 1073741824
Narrow klass base: 0x000002a580000000, Narrow klass shift: 0, Narrow klass range: 0x100000000

GC Precious Log:
 CardTable entry size: 512
 CPUs: 4 total, 4 available
 Memory: 3964M
 Large Page Support: Disabled
 NUMA Support: Disabled
 Compressed Oops: Enabled (32-bit)
 Alignments: Space 512K, Generation 512K, Heap 2M
 Heap Min Capacity: 100M
 Heap Initial Capacity: 100M
 Heap Max Capacity: 2G
 Pre-touch: Disabled
 Parallel Workers: 4

Heap:
 PSYoungGen      total 13824K, used 3421K [0x00000000d5580000, 0x00000000d6400000, 0x0000000100000000)
  eden space 12800K, 21% used [0x00000000d5580000,0x00000000d5838fe8,0x00000000d6200000)
  from space 1024K, 61% used [0x00000000d6200000,0x00000000d629e4b0,0x00000000d6300000)
  to   space 1024K, 0% used [0x00000000d6300000,0x00000000d6300000,0x00000000d6400000)
 ParOldGen       total 68608K, used 55613K [0x0000000080000000, 0x0000000084300000, 0x00000000d5580000)
  object space 68608K, 81% used [0x0000000080000000,0x000000008364f4a8,0x0000000084300000)
 Metaspace       used 62704K, committed 64128K, reserved 1114112K
  class space    used 7316K, committed 7936K, reserved 1048576K

Card table byte_map: [0x000002a5e3eb0000,0x000002a5e42c0000] _byte_map_base: 0x000002a5e3ab0000

Marking Bits: (ParMarkBitMap*) 0x00007ff8714e2460
 Begin Bits: [0x000002a5f69a0000, 0x000002a5f89a0000)
 End Bits:   [0x000002a5f89a0000, 0x000002a5fa9a0000)

Polling page: 0x000002a5e24f0000

Metaspace:

Usage:
  Non-class:     54.09 MB used.
      Class:      7.15 MB used.
       Both:     61.24 MB used.

Virtual space:
  Non-class space:       64.00 MB reserved,      54.88 MB ( 86%) committed,  1 nodes.
      Class space:        1.00 GB reserved,       7.75 MB ( <1%) committed,  1 nodes.
             Both:        1.06 GB reserved,      62.62 MB (  6%) committed. 

Chunk freelists:
   Non-Class:  9.16 MB
       Class:  8.09 MB
        Both:  17.24 MB

MaxMetaspaceSize: unlimited
CompressedClassSpaceSize: 1.00 GB
Initial GC threshold: 21.00 MB
Current GC threshold: 97.31 MB
CDS: on
 - commit_granule_bytes: 65536.
 - commit_granule_words: 8192.
 - virtual_space_node_default_size: 8388608.
 - enlarge_chunks_in_place: 1.
 - use_allocation_guard: 0.


Internal statistics:

num_allocs_failed_limit: 9.
num_arena_births: 1036.
num_arena_deaths: 22.
num_vsnodes_births: 2.
num_vsnodes_deaths: 0.
num_space_committed: 1002.
num_space_uncommitted: 0.
num_chunks_returned_to_freelist: 35.
num_chunks_taken_from_freelist: 3644.
num_chunk_merges: 11.
num_chunk_splits: 2302.
num_chunks_enlarged: 1435.
num_inconsistent_stats: 0.

CodeHeap 'non-profiled nmethods': size=120000Kb used=4947Kb max_used=4947Kb free=115052Kb
 bounds [0x000002a5ef1c0000, 0x000002a5ef6a0000, 0x000002a5f66f0000]
CodeHeap 'profiled nmethods': size=120000Kb used=16072Kb max_used=16072Kb free=103927Kb
 bounds [0x000002a5e76f0000, 0x000002a5e86b0000, 0x000002a5eec20000]
CodeHeap 'non-nmethods': size=5760Kb used=1423Kb max_used=1500Kb free=4336Kb
 bounds [0x000002a5eec20000, 0x000002a5eee90000, 0x000002a5ef1c0000]
CodeCache: size=245760Kb, used=22442Kb, max_used=22519Kb, free=223315Kb
 total_blobs=8645, nmethods=7913, adapters=638, full_count=0
Compilation: enabled, stopped_count=0, restarted_count=0

Compilation events (20 events):
Event: 3298.492 Thread 0x000002a5faf55240 8737       1       org.eclipse.core.runtime.Status::setException (6 bytes)
Event: 3298.492 Thread 0x000002a5faf55240 nmethod 8737 0x000002a5ef693990 code [0x000002a5ef693b20, 0x000002a5ef693c08]
Event: 3298.496 Thread 0x000002a5faf55240 8738       3       org.eclipse.core.internal.jobs.DeadlockDetector::indexOf (43 bytes)
Event: 3298.518 Thread 0x000002a5faf55240 nmethod 8738 0x000002a5e869c190 code [0x000002a5e869c380, 0x000002a5e869cb38]
Event: 3298.518 Thread 0x000002a5faf55240 8739       3       org.eclipse.core.internal.jobs.DeadlockDetector::indexOf (43 bytes)
Event: 3298.519 Thread 0x000002a5faf55240 nmethod 8739 0x000002a5e869ce10 code [0x000002a5e869d000, 0x000002a5e869d7b8]
Event: 3298.525 Thread 0x000002a5faf55240 8740   !   3       org.eclipse.core.internal.resources.ProjectPreferences::load (299 bytes)
Event: 3298.552 Thread 0x000002a5faf55240 nmethod 8740 0x000002a5e869da90 code [0x000002a5e869dfc0, 0x000002a5e86a05e8]
Event: 3298.552 Thread 0x000002a5faf55240 8741       3       java.util.AbstractMap$1$1::next (18 bytes)
Event: 3298.553 Thread 0x000002a5faf55240 nmethod 8741 0x000002a5e86a1510 code [0x000002a5e86a16e0, 0x000002a5e86a1a88]
Event: 3298.554 Thread 0x000002a5faee3d30 8745       4       java.util.concurrent.locks.ReentrantReadWriteLock$ReadLock::unlock (10 bytes)
Event: 3298.554 Thread 0x000002a5faf55240 8742       1       org.eclipse.buildship.core.internal.configuration.GradleProjectValidationResourceDeltaVisitor$GradleProjectValidator::getSettingsFolder (5 bytes)
Event: 3298.555 Thread 0x000002a5faf55240 nmethod 8742 0x000002a5ef693c90 code [0x000002a5ef693e20, 0x000002a5ef693ee8]
Event: 3298.556 Thread 0x000002a5faf55240 8744       3       org.eclipse.core.internal.events.ResourceDelta::getProjectRelativePath (35 bytes)
Event: 3298.558 Thread 0x000002a5faf55240 nmethod 8744 0x000002a5e86a1b90 code [0x000002a5e86a1d80, 0x000002a5e86a20d8]
Event: 3298.558 Thread 0x000002a5faf55240 8743       1       org.eclipse.buildship.core.internal.configuration.GradleProjectValidationResourceDeltaVisitor$GradleProjectValidator::getPreferencesFile (5 bytes)
Event: 3298.558 Thread 0x000002a5faf55240 nmethod 8743 0x000002a5ef693f90 code [0x000002a5ef694120, 0x000002a5ef6941e8]
Event: 3298.558 Thread 0x000002a5faf55240 8746       1       org.eclipse.core.internal.dtree.DeltaDataTree::setParent (6 bytes)
Event: 3298.559 Thread 0x000002a5faf55240 nmethod 8746 0x000002a5ef694290 code [0x000002a5ef694420, 0x000002a5ef694508]
Event: 3298.589 Thread 0x000002a5faee3d30 nmethod 8745 0x000002a5ef694590 code [0x000002a5ef694780, 0x000002a5ef694ab8]

GC Heap History (20 events):
Event: 156.626 GC heap before
{Heap before GC invocations=35 (full 3):
 PSYoungGen      total 15872K, used 15840K [0x00000000d5580000, 0x00000000d6800000, 0x0000000100000000)
  eden space 14848K, 100% used [0x00000000d5580000,0x00000000d6400000,0x00000000d6400000)
  from space 1024K, 96% used [0x00000000d6500000,0x00000000d65f8020,0x00000000d6600000)
  to   space 2048K, 0% used [0x00000000d6600000,0x00000000d6600000,0x00000000d6800000)
 ParOldGen       total 68608K, used 42362K [0x0000000080000000, 0x0000000084300000, 0x00000000d5580000)
  object space 68608K, 61% used [0x0000000080000000,0x000000008295eaa8,0x0000000084300000)
 Metaspace       used 59702K, committed 61056K, reserved 1114112K
  class space    used 6975K, committed 7552K, reserved 1048576K
}
Event: 156.632 GC heap after
{Heap after GC invocations=35 (full 3):
 PSYoungGen      total 16896K, used 1632K [0x00000000d5580000, 0x00000000d6800000, 0x0000000100000000)
  eden space 14848K, 0% used [0x00000000d5580000,0x00000000d5580000,0x00000000d6400000)
  from space 2048K, 79% used [0x00000000d6600000,0x00000000d6798010,0x00000000d6800000)
  to   space 2048K, 0% used [0x00000000d6400000,0x00000000d6400000,0x00000000d6600000)
 ParOldGen       total 68608K, used 43346K [0x0000000080000000, 0x0000000084300000, 0x00000000d5580000)
  object space 68608K, 63% used [0x0000000080000000,0x0000000082a54ad8,0x0000000084300000)
 Metaspace       used 59702K, committed 61056K, reserved 1114112K
  class space    used 6975K, committed 7552K, reserved 1048576K
}
Event: 157.005 GC heap before
{Heap before GC invocations=36 (full 3):
 PSYoungGen      total 16896K, used 16480K [0x00000000d5580000, 0x00000000d6800000, 0x0000000100000000)
  eden space 14848K, 100% used [0x00000000d5580000,0x00000000d6400000,0x00000000d6400000)
  from space 2048K, 79% used [0x00000000d6600000,0x00000000d6798010,0x00000000d6800000)
  to   space 2048K, 0% used [0x00000000d6400000,0x00000000d6400000,0x00000000d6600000)
 ParOldGen       total 68608K, used 43346K [0x0000000080000000, 0x0000000084300000, 0x00000000d5580000)
  object space 68608K, 63% used [0x0000000080000000,0x0000000082a54ad8,0x0000000084300000)
 Metaspace       used 60267K, committed 61568K, reserved 1114112K
  class space    used 7053K, committed 7616K, reserved 1048576K
}
Event: 157.011 GC heap after
{Heap after GC invocations=36 (full 3):
 PSYoungGen      total 16384K, used 1425K [0x00000000d5580000, 0x00000000d6700000, 0x0000000100000000)
  eden space 14848K, 0% used [0x00000000d5580000,0x00000000d5580000,0x00000000d6400000)
  from space 1536K, 92% used [0x00000000d6400000,0x00000000d6564410,0x00000000d6580000)
  to   space 1536K, 0% used [0x00000000d6580000,0x00000000d6580000,0x00000000d6700000)
 ParOldGen       total 68608K, used 44938K [0x0000000080000000, 0x0000000084300000, 0x00000000d5580000)
  object space 68608K, 65% used [0x0000000080000000,0x0000000082be2ae8,0x0000000084300000)
 Metaspace       used 60267K, committed 61568K, reserved 1114112K
  class space    used 7053K, committed 7616K, reserved 1048576K
}
Event: 157.477 GC heap before
{Heap before GC invocations=37 (full 3):
 PSYoungGen      total 16384K, used 16273K [0x00000000d5580000, 0x00000000d6700000, 0x0000000100000000)
  eden space 14848K, 100% used [0x00000000d5580000,0x00000000d6400000,0x00000000d6400000)
  from space 1536K, 92% used [0x00000000d6400000,0x00000000d6564410,0x00000000d6580000)
  to   space 1536K, 0% used [0x00000000d6580000,0x00000000d6580000,0x00000000d6700000)
 ParOldGen       total 68608K, used 44938K [0x0000000080000000, 0x0000000084300000, 0x00000000d5580000)
  object space 68608K, 65% used [0x0000000080000000,0x0000000082be2ae8,0x0000000084300000)
 Metaspace       used 60401K, committed 61760K, reserved 1114112K
  class space    used 7070K, committed 7680K, reserved 1048576K
}
Event: 157.481 GC heap after
{Heap after GC invocations=37 (full 3):
 PSYoungGen      total 14336K, used 1504K [0x00000000d5580000, 0x00000000d6b00000, 0x0000000100000000)
  eden space 12800K, 0% used [0x00000000d5580000,0x00000000d5580000,0x00000000d6200000)
  from space 1536K, 97% used [0x00000000d6580000,0x00000000d66f8010,0x00000000d6700000)
  to   space 3584K, 0% used [0x00000000d6200000,0x00000000d6200000,0x00000000d6580000)
 ParOldGen       total 68608K, used 46310K [0x0000000080000000, 0x0000000084300000, 0x00000000d5580000)
  object space 68608K, 67% used [0x0000000080000000,0x0000000082d39bc8,0x0000000084300000)
 Metaspace       used 60401K, committed 61760K, reserved 1114112K
  class space    used 7070K, committed 7680K, reserved 1048576K
}
Event: 157.904 GC heap before
{Heap before GC invocations=38 (full 3):
 PSYoungGen      total 14336K, used 14304K [0x00000000d5580000, 0x00000000d6b00000, 0x0000000100000000)
  eden space 12800K, 100% used [0x00000000d5580000,0x00000000d6200000,0x00000000d6200000)
  from space 1536K, 97% used [0x00000000d6580000,0x00000000d66f8010,0x00000000d6700000)
  to   space 3584K, 0% used [0x00000000d6200000,0x00000000d6200000,0x00000000d6580000)
 ParOldGen       total 68608K, used 46310K [0x0000000080000000, 0x0000000084300000, 0x00000000d5580000)
  object space 68608K, 67% used [0x0000000080000000,0x0000000082d39bc8,0x0000000084300000)
 Metaspace       used 60733K, committed 62016K, reserved 1114112K
  class space    used 7116K, committed 7680K, reserved 1048576K
}
Event: 157.911 GC heap after
{Heap after GC invocations=38 (full 3):
 PSYoungGen      total 14336K, used 1490K [0x00000000d5580000, 0x00000000d6600000, 0x0000000100000000)
  eden space 12800K, 0% used [0x00000000d5580000,0x00000000d5580000,0x00000000d6200000)
  from space 1536K, 97% used [0x00000000d6200000,0x00000000d6374810,0x00000000d6380000)
  to   space 2048K, 0% used [0x00000000d6400000,0x00000000d6400000,0x00000000d6600000)
 ParOldGen       total 68608K, used 47836K [0x0000000080000000, 0x0000000084300000, 0x00000000d5580000)
  object space 68608K, 69% used [0x0000000080000000,0x0000000082eb73a8,0x0000000084300000)
 Metaspace       used 60733K, committed 62016K, reserved 1114112K
  class space    used 7116K, committed 7680K, reserved 1048576K
}
Event: 158.125 GC heap before
{Heap before GC invocations=39 (full 3):
 PSYoungGen      total 14336K, used 14290K [0x00000000d5580000, 0x00000000d6600000, 0x0000000100000000)
  eden space 12800K, 100% used [0x00000000d5580000,0x00000000d6200000,0x00000000d6200000)
  from space 1536K, 97% used [0x00000000d6200000,0x00000000d6374810,0x00000000d6380000)
  to   space 2048K, 0% used [0x00000000d6400000,0x00000000d6400000,0x00000000d6600000)
 ParOldGen       total 68608K, used 47836K [0x0000000080000000, 0x0000000084300000, 0x00000000d5580000)
  object space 68608K, 69% used [0x0000000080000000,0x0000000082eb73a8,0x0000000084300000)
 Metaspace       used 60798K, committed 62144K, reserved 1114112K
  class space    used 7124K, committed 7680K, reserved 1048576K
}
Event: 158.129 GC heap after
{Heap after GC invocations=39 (full 3):
 PSYoungGen      total 14848K, used 1492K [0x00000000d5580000, 0x00000000d6600000, 0x0000000100000000)
  eden space 12800K, 0% used [0x00000000d5580000,0x00000000d5580000,0x00000000d6200000)
  from space 2048K, 72% used [0x00000000d6400000,0x00000000d6575010,0x00000000d6600000)
  to   space 2048K, 0% used [0x00000000d6200000,0x00000000d6200000,0x00000000d6400000)
 ParOldGen       total 68608K, used 49163K [0x0000000080000000, 0x0000000084300000, 0x00000000d5580000)
  object space 68608K, 71% used [0x0000000080000000,0x0000000083002d88,0x0000000084300000)
 Metaspace       used 60798K, committed 62144K, reserved 1114112K
  class space    used 7124K, committed 7680K, reserved 1048576K
}
Event: 158.482 GC heap before
{Heap before GC invocations=40 (full 3):
 PSYoungGen      total 14848K, used 14292K [0x00000000d5580000, 0x00000000d6600000, 0x0000000100000000)
  eden space 12800K, 100% used [0x00000000d5580000,0x00000000d6200000,0x00000000d6200000)
  from space 2048K, 72% used [0x00000000d6400000,0x00000000d6575010,0x00000000d6600000)
  to   space 2048K, 0% used [0x00000000d6200000,0x00000000d6200000,0x00000000d6400000)
 ParOldGen       total 68608K, used 49163K [0x0000000080000000, 0x0000000084300000, 0x00000000d5580000)
  object space 68608K, 71% used [0x0000000080000000,0x0000000083002d88,0x0000000084300000)
 Metaspace       used 60798K, committed 62144K, reserved 1114112K
  class space    used 7124K, committed 7680K, reserved 1048576K
}
Event: 158.486 GC heap after
{Heap after GC invocations=40 (full 3):
 PSYoungGen      total 14336K, used 1312K [0x00000000d5580000, 0x00000000d6500000, 0x0000000100000000)
  eden space 12800K, 0% used [0x00000000d5580000,0x00000000d5580000,0x00000000d6200000)
  from space 1536K, 85% used [0x00000000d6200000,0x00000000d6348000,0x00000000d6380000)
  to   space 1536K, 0% used [0x00000000d6380000,0x00000000d6380000,0x00000000d6500000)
 ParOldGen       total 68608K, used 50575K [0x0000000080000000, 0x0000000084300000, 0x00000000d5580000)
  object space 68608K, 73% used [0x0000000080000000,0x0000000083163ec8,0x0000000084300000)
 Metaspace       used 60798K, committed 62144K, reserved 1114112K
  class space    used 7124K, committed 7680K, reserved 1048576K
}
Event: 158.833 GC heap before
{Heap before GC invocations=41 (full 3):
 PSYoungGen      total 14336K, used 14112K [0x00000000d5580000, 0x00000000d6500000, 0x0000000100000000)
  eden space 12800K, 100% used [0x00000000d5580000,0x00000000d6200000,0x00000000d6200000)
  from space 1536K, 85% used [0x00000000d6200000,0x00000000d6348000,0x00000000d6380000)
  to   space 1536K, 0% used [0x00000000d6380000,0x00000000d6380000,0x00000000d6500000)
 ParOldGen       total 68608K, used 50575K [0x0000000080000000, 0x0000000084300000, 0x00000000d5580000)
  object space 68608K, 73% used [0x0000000080000000,0x0000000083163ec8,0x0000000084300000)
 Metaspace       used 60815K, committed 62208K, reserved 1114112K
  class space    used 7125K, committed 7744K, reserved 1048576K
}
Event: 158.837 GC heap after
{Heap after GC invocations=41 (full 3):
 PSYoungGen      total 14336K, used 1472K [0x00000000d5580000, 0x00000000d6500000, 0x0000000100000000)
  eden space 12800K, 0% used [0x00000000d5580000,0x00000000d5580000,0x00000000d6200000)
  from space 1536K, 95% used [0x00000000d6380000,0x00000000d64f0010,0x00000000d6500000)
  to   space 1536K, 0% used [0x00000000d6200000,0x00000000d6200000,0x00000000d6380000)
 ParOldGen       total 68608K, used 51839K [0x0000000080000000, 0x0000000084300000, 0x00000000d5580000)
  object space 68608K, 75% used [0x0000000080000000,0x000000008329fec8,0x0000000084300000)
 Metaspace       used 60815K, committed 62208K, reserved 1114112K
  class space    used 7125K, committed 7744K, reserved 1048576K
}
Event: 159.000 GC heap before
{Heap before GC invocations=42 (full 3):
 PSYoungGen      total 14336K, used 14272K [0x00000000d5580000, 0x00000000d6500000, 0x0000000100000000)
  eden space 12800K, 100% used [0x00000000d5580000,0x00000000d6200000,0x00000000d6200000)
  from space 1536K, 95% used [0x00000000d6380000,0x00000000d64f0010,0x00000000d6500000)
  to   space 1536K, 0% used [0x00000000d6200000,0x00000000d6200000,0x00000000d6380000)
 ParOldGen       total 68608K, used 51839K [0x0000000080000000, 0x0000000084300000, 0x00000000d5580000)
  object space 68608K, 75% used [0x0000000080000000,0x000000008329fec8,0x0000000084300000)
 Metaspace       used 60827K, committed 62208K, reserved 1114112K
  class space    used 7125K, committed 7744K, reserved 1048576K
}
Event: 159.004 GC heap after
{Heap after GC invocations=42 (full 3):
 PSYoungGen      total 14336K, used 1312K [0x00000000d5580000, 0x00000000d6500000, 0x0000000100000000)
  eden space 12800K, 0% used [0x00000000d5580000,0x00000000d5580000,0x00000000d6200000)
  from space 1536K, 85% used [0x00000000d6200000,0x00000000d6348000,0x00000000d6380000)
  to   space 1536K, 0% used [0x00000000d6380000,0x00000000d6380000,0x00000000d6500000)
 ParOldGen       total 68608K, used 53295K [0x0000000080000000, 0x0000000084300000, 0x00000000d5580000)
  object space 68608K, 77% used [0x0000000080000000,0x000000008340bed8,0x0000000084300000)
 Metaspace       used 60827K, committed 62208K, reserved 1114112K
  class space    used 7125K, committed 7744K, reserved 1048576K
}
Event: 159.327 GC heap before
{Heap before GC invocations=43 (full 3):
 PSYoungGen      total 14336K, used 14111K [0x00000000d5580000, 0x00000000d6500000, 0x0000000100000000)
  eden space 12800K, 99% used [0x00000000d5580000,0x00000000d61ffff8,0x00000000d6200000)
  from space 1536K, 85% used [0x00000000d6200000,0x00000000d6348000,0x00000000d6380000)
  to   space 1536K, 0% used [0x00000000d6380000,0x00000000d6380000,0x00000000d6500000)
 ParOldGen       total 68608K, used 53297K [0x0000000080000000, 0x0000000084300000, 0x00000000d5580000)
  object space 68608K, 77% used [0x0000000080000000,0x000000008340c660,0x0000000084300000)
 Metaspace       used 61186K, committed 62528K, reserved 1114112K
  class space    used 7164K, committed 7744K, reserved 1048576K
}
Event: 159.331 GC heap after
{Heap after GC invocations=43 (full 3):
 PSYoungGen      total 14336K, used 1200K [0x00000000d5580000, 0x00000000d6500000, 0x0000000100000000)
  eden space 12800K, 0% used [0x00000000d5580000,0x00000000d5580000,0x00000000d6200000)
  from space 1536K, 78% used [0x00000000d6380000,0x00000000d64ac030,0x00000000d6500000)
  to   space 1536K, 0% used [0x00000000d6200000,0x00000000d6200000,0x00000000d6380000)
 ParOldGen       total 68608K, used 54546K [0x0000000080000000, 0x0000000084300000, 0x00000000d5580000)
  object space 68608K, 79% used [0x0000000080000000,0x0000000083544860,0x0000000084300000)
 Metaspace       used 61186K, committed 62528K, reserved 1114112K
  class space    used 7164K, committed 7744K, reserved 1048576K
}
Event: 2737.163 GC heap before
{Heap before GC invocations=44 (full 3):
 PSYoungGen      total 14336K, used 14000K [0x00000000d5580000, 0x00000000d6500000, 0x0000000100000000)
  eden space 12800K, 100% used [0x00000000d5580000,0x00000000d6200000,0x00000000d6200000)
  from space 1536K, 78% used [0x00000000d6380000,0x00000000d64ac030,0x00000000d6500000)
  to   space 1536K, 0% used [0x00000000d6200000,0x00000000d6200000,0x00000000d6380000)
 ParOldGen       total 68608K, used 54547K [0x0000000080000000, 0x0000000084300000, 0x00000000d5580000)
  object space 68608K, 79% used [0x0000000080000000,0x0000000083544c90,0x0000000084300000)
 Metaspace       used 62576K, committed 63936K, reserved 1114112K
  class space    used 7316K, committed 7936K, reserved 1048576K
}
Event: 2737.433 GC heap after
{Heap after GC invocations=44 (full 3):
 PSYoungGen      total 13824K, used 633K [0x00000000d5580000, 0x00000000d6400000, 0x0000000100000000)
  eden space 12800K, 0% used [0x00000000d5580000,0x00000000d5580000,0x00000000d6200000)
  from space 1024K, 61% used [0x00000000d6200000,0x00000000d629e4b0,0x00000000d6300000)
  to   space 1024K, 0% used [0x00000000d6300000,0x00000000d6300000,0x00000000d6400000)
 ParOldGen       total 68608K, used 55613K [0x0000000080000000, 0x0000000084300000, 0x00000000d5580000)
  object space 68608K, 81% used [0x0000000080000000,0x000000008364f4a8,0x0000000084300000)
 Metaspace       used 62576K, committed 63936K, reserved 1114112K
  class space    used 7316K, committed 7936K, reserved 1048576K
}

Dll operation events (15 events):
Event: 0.020 Loaded shared library c:\Users\hafid\.vscode\extensions\redhat.java-1.50.0-win32-x64\jre\21.0.9-win32-x86_64\bin\java.dll
Event: 0.707 Loaded shared library c:\Users\hafid\.vscode\extensions\redhat.java-1.50.0-win32-x64\jre\21.0.9-win32-x86_64\bin\zip.dll
Event: 0.891 Loaded shared library C:\Users\hafid\.vscode\extensions\redhat.java-1.50.0-win32-x64\jre\21.0.9-win32-x86_64\bin\instrument.dll
Event: 0.901 Loaded shared library C:\Users\hafid\.vscode\extensions\redhat.java-1.50.0-win32-x64\jre\21.0.9-win32-x86_64\bin\net.dll
Event: 0.945 Loaded shared library C:\Users\hafid\.vscode\extensions\redhat.java-1.50.0-win32-x64\jre\21.0.9-win32-x86_64\bin\nio.dll
Event: 0.950 Loaded shared library C:\Users\hafid\.vscode\extensions\redhat.java-1.50.0-win32-x64\jre\21.0.9-win32-x86_64\bin\zip.dll
Event: 1.038 Loaded shared library C:\Users\hafid\.vscode\extensions\redhat.java-1.50.0-win32-x64\jre\21.0.9-win32-x86_64\bin\jimage.dll
Event: 1.518 Loaded shared library c:\Users\hafid\.vscode\extensions\redhat.java-1.50.0-win32-x64\jre\21.0.9-win32-x86_64\bin\verify.dll
Event: 27.664 Loaded shared library C:\Users\hafid\AppData\Roaming\Code\User\globalStorage\redhat.java\1.50.0\config_win\org.eclipse.equinox.launcher\org.eclipse.equinox.launcher.win32.win32.x86_64_1.2.1400.v20250801-0854\eclipse_11916.dll
Event: 61.223 Loaded shared library C:\Users\hafid\AppData\Local\Temp\jna-99037288\jna17359231434889306752.dll
Event: 66.508 Loaded shared library C:\Users\hafid\.vscode\extensions\redhat.java-1.50.0-win32-x64\jre\21.0.9-win32-x86_64\bin\management.dll
Event: 66.519 Loaded shared library C:\Users\hafid\.vscode\extensions\redhat.java-1.50.0-win32-x64\jre\21.0.9-win32-x86_64\bin\management_ext.dll
Event: 118.025 Loaded shared library C:\Users\hafid\.gradle\native\1def1411415f61bf3af743bc5b6707747c0891f09f0c88961ee8f79bc544acac\windows-amd64\native-platform.dll
Event: 154.703 Loaded shared library C:\Users\hafid\.vscode\extensions\redhat.java-1.50.0-win32-x64\jre\21.0.9-win32-x86_64\bin\sunmscapi.dll
Event: 155.024 Loaded shared library C:\Users\hafid\.vscode\extensions\redhat.java-1.50.0-win32-x64\jre\21.0.9-win32-x86_64\bin\extnet.dll

Deoptimization events (20 events):
Event: 2553.150 Thread 0x000002a5c5658110 Uncommon trap: trap_request=0xffffffde fr.pc=0x000002a5ef2beed4 relative=0x0000000000000b94
Event: 2553.150 Thread 0x000002a5c5658110 Uncommon trap: reason=class_check action=maybe_recompile pc=0x000002a5ef2beed4 method=java.io.DataOutputStream.write([BII)V @ 7 c2
Event: 2553.150 Thread 0x000002a5c5658110 DEOPT PACKING pc=0x000002a5ef2beed4 sp=0x000000c359cfea00
Event: 2553.150 Thread 0x000002a5c5658110 DEOPT UNPACKING pc=0x000002a5eec73aa2 sp=0x000000c359cfe930 mode 2
Event: 2553.150 Thread 0x000002a5c5658110 Uncommon trap: trap_request=0xffffffde fr.pc=0x000002a5ef2beed4 relative=0x0000000000000b94
Event: 2553.150 Thread 0x000002a5c5658110 Uncommon trap: reason=class_check action=maybe_recompile pc=0x000002a5ef2beed4 method=java.io.DataOutputStream.write([BII)V @ 7 c2
Event: 2553.151 Thread 0x000002a5c5658110 DEOPT PACKING pc=0x000002a5ef2beed4 sp=0x000000c359cfe950
Event: 2553.151 Thread 0x000002a5c5658110 DEOPT UNPACKING pc=0x000002a5eec73aa2 sp=0x000000c359cfe880 mode 2
Event: 2553.151 Thread 0x000002a5c5658110 Uncommon trap: trap_request=0xffffffde fr.pc=0x000002a5ef2beed4 relative=0x0000000000000b94
Event: 2553.151 Thread 0x000002a5c5658110 Uncommon trap: reason=class_check action=maybe_recompile pc=0x000002a5ef2beed4 method=java.io.DataOutputStream.write([BII)V @ 7 c2
Event: 2553.152 Thread 0x000002a5c5658110 DEOPT PACKING pc=0x000002a5ef2beed4 sp=0x000000c359cfe890
Event: 2553.152 Thread 0x000002a5c5658110 DEOPT UNPACKING pc=0x000002a5eec73aa2 sp=0x000000c359cfe7c0 mode 2
Event: 2553.152 Thread 0x000002a5c5658110 Uncommon trap: trap_request=0xffffffc6 fr.pc=0x000002a5ef2fbe3c relative=0x0000000000000a9c
Event: 2553.152 Thread 0x000002a5c5658110 Uncommon trap: reason=bimorphic_or_optimized_type_check action=maybe_recompile pc=0x000002a5ef2fbe3c method=java.io.DataOutputStream.writeInt(I)V @ 19 c2
Event: 2553.152 Thread 0x000002a5c5658110 DEOPT PACKING pc=0x000002a5ef2fbe3c sp=0x000000c359cfe210
Event: 2553.153 Thread 0x000002a5c5658110 DEOPT UNPACKING pc=0x000002a5eec73aa2 sp=0x000000c359cfe208 mode 2
Event: 2553.153 Thread 0x000002a5c5658110 Uncommon trap: trap_request=0xffffffc6 fr.pc=0x000002a5ef2fbe3c relative=0x0000000000000a9c
Event: 2553.153 Thread 0x000002a5c5658110 Uncommon trap: reason=bimorphic_or_optimized_type_check action=maybe_recompile pc=0x000002a5ef2fbe3c method=java.io.DataOutputStream.writeInt(I)V @ 19 c2
Event: 2553.153 Thread 0x000002a5c5658110 DEOPT PACKING pc=0x000002a5ef2fbe3c sp=0x000000c359cfe1a0
Event: 2553.153 Thread 0x000002a5c5658110 DEOPT UNPACKING pc=0x000002a5eec73aa2 sp=0x000000c359cfe198 mode 2

Classes loaded (20 events):
Event: 2251.687 Loading class java/io/SequenceInputStream
Event: 2251.688 Loading class java/io/SequenceInputStream done
Event: 2252.520 Loading class java/util/zip/CheckedInputStream
Event: 2252.522 Loading class java/util/zip/CheckedInputStream done
Event: 2552.644 Loading class java/util/stream/Nodes$CollectorTask$OfRef
Event: 2552.666 Loading class java/util/stream/Nodes$CollectorTask
Event: 2552.684 Loading class java/util/stream/Nodes$CollectorTask done
Event: 2552.684 Loading class java/util/stream/Nodes$CollectorTask$OfRef done
Event: 2552.689 Loading class java/util/function/LongFunction
Event: 2552.691 Loading class java/util/function/LongFunction done
Event: 2552.699 Loading class java/util/stream/Nodes$ConcNode
Event: 2552.703 Loading class java/util/stream/Nodes$AbstractConcNode
Event: 2552.709 Loading class java/util/stream/Nodes$AbstractConcNode done
Event: 2552.709 Loading class java/util/stream/Nodes$ConcNode done
Event: 2552.979 Loading class java/io/ObjectOutputStream$BlockDataOutputStream
Event: 2552.984 Loading class java/io/ObjectOutputStream$BlockDataOutputStream done
Event: 2552.984 Loading class java/io/ObjectOutputStream$HandleTable
Event: 2552.986 Loading class java/io/ObjectOutputStream$HandleTable done
Event: 2552.987 Loading class java/io/ObjectOutputStream$ReplaceTable
Event: 2552.990 Loading class java/io/ObjectOutputStream$ReplaceTable done

Classes unloaded (11 events):
Event: 63.259 Thread 0x000002a5e45ab3c0 Unloading class 0x000002a5811a5000 'java/lang/invoke/LambdaForm$MH+0x000002a5811a5000'
Event: 63.259 Thread 0x000002a5e45ab3c0 Unloading class 0x000002a5811a4c00 'java/lang/invoke/LambdaForm$MH+0x000002a5811a4c00'
Event: 63.259 Thread 0x000002a5e45ab3c0 Unloading class 0x000002a5811a4800 'java/lang/invoke/LambdaForm$MH+0x000002a5811a4800'
Event: 63.259 Thread 0x000002a5e45ab3c0 Unloading class 0x000002a5811a4400 'java/lang/invoke/LambdaForm$MH+0x000002a5811a4400'
Event: 63.259 Thread 0x000002a5e45ab3c0 Unloading class 0x000002a5811a4000 'java/lang/invoke/LambdaForm$BMH+0x000002a5811a4000'
Event: 63.259 Thread 0x000002a5e45ab3c0 Unloading class 0x000002a5811a3c00 'java/lang/invoke/LambdaForm$DMH+0x000002a5811a3c00'
Event: 63.259 Thread 0x000002a5e45ab3c0 Unloading class 0x000002a5811a2800 'java/lang/invoke/LambdaForm$DMH+0x000002a5811a2800'
Event: 68.109 Thread 0x000002a5e45ab3c0 Unloading class 0x000002a5812fb000 'java/lang/invoke/LambdaForm$MH+0x000002a5812fb000'
Event: 68.109 Thread 0x000002a5e45ab3c0 Unloading class 0x000002a5812fa800 'java/lang/invoke/LambdaForm$MH+0x000002a5812fa800'
Event: 68.109 Thread 0x000002a5e45ab3c0 Unloading class 0x000002a5812f9c00 'java/lang/invoke/LambdaForm$MH+0x000002a5812f9c00'
Event: 68.109 Thread 0x000002a5e45ab3c0 Unloading class 0x000002a5812f9400 'java/lang/invoke/LambdaForm$DMH+0x000002a5812f9400'

Classes redefined (0 events):
No events

Internal exceptions (20 events):
Event: 159.278 Thread 0x000002a5c9c546e0 Exception <a 'sun/nio/fs/WindowsException'{0x00000000d6038eb8}> (0x00000000d6038eb8) 
thrown [s\src\hotspot\share\prims\jni.cpp, line 520]
Event: 159.278 Thread 0x000002a5c9c546e0 Exception <a 'sun/nio/fs/WindowsException'{0x00000000d6039880}> (0x00000000d6039880) 
thrown [s\src\hotspot\share\prims\jni.cpp, line 520]
Event: 159.279 Thread 0x000002a5c9c546e0 Exception <a 'sun/nio/fs/WindowsException'{0x00000000d603b218}> (0x00000000d603b218) 
thrown [s\src\hotspot\share\prims\jni.cpp, line 520]
Event: 159.279 Thread 0x000002a5c9c546e0 Exception <a 'sun/nio/fs/WindowsException'{0x00000000d60877c8}> (0x00000000d60877c8) 
thrown [s\src\hotspot\share\prims\jni.cpp, line 520]
Event: 159.347 Thread 0x000002a5c9c58f10 Exception <a 'sun/nio/fs/WindowsException'{0x00000000d55cf360}> (0x00000000d55cf360) 
thrown [s\src\hotspot\share\prims\jni.cpp, line 520]
Event: 159.347 Thread 0x000002a5c9c58f10 Exception <a 'sun/nio/fs/WindowsException'{0x00000000d55cfd48}> (0x00000000d55cfd48) 
thrown [s\src\hotspot\share\prims\jni.cpp, line 520]
Event: 2251.210 Thread 0x000002a5c64d6b60 Exception <a 'sun/nio/fs/WindowsException'{0x00000000d587f730}> (0x00000000d587f730) 
thrown [s\src\hotspot\share\prims\jni.cpp, line 520]
Event: 2251.213 Thread 0x000002a5c64d6b60 Exception <a 'sun/nio/fs/WindowsException'{0x00000000d5880118}> (0x00000000d5880118) 
thrown [s\src\hotspot\share\prims\jni.cpp, line 520]
Event: 2251.409 Thread 0x000002a5c64d6b60 Exception <a 'java/lang/NoSuchMethodError'{0x00000000d58d4180}: 'java.lang.Object java.lang.invoke.DirectMethodHandle$Holder.invokeStatic(java.lang.Object, java.lang.Object, int, java.lang.Object)'> (0x00000000d58d4180) 
thrown [s\src\hotspot\share\interpreter\linkResolver.cpp, line 773]
Event: 2251.436 Thread 0x000002a5c64d6b60 Exception <a 'java/lang/NoSuchMethodError'{0x00000000d58dafe8}: 'java.lang.Object java.lang.invoke.DirectMethodHandle$Holder.newInvokeSpecial(java.lang.Object, java.lang.Object, int)'> (0x00000000d58dafe8) 
thrown [s\src\hotspot\share\interpreter\linkResolver.cpp, line 773]
Event: 2251.828 Thread 0x000002a5c64d6b60 Exception <a 'java/io/FileNotFoundException'{0x00000000d5b536f8}> (0x00000000d5b536f8) 
thrown [s\src\hotspot\share\prims\jni.cpp, line 520]
Event: 2251.828 Thread 0x000002a5c64d6b60 Exception <a 'java/io/FileNotFoundException'{0x00000000d5b54710}> (0x00000000d5b54710) 
thrown [s\src\hotspot\share\prims\jni.cpp, line 520]
Event: 2252.356 Thread 0x000002a5c5658110 Exception <a 'java/io/FileNotFoundException'{0x00000000d5e22618}> (0x00000000d5e22618) 
thrown [s\src\hotspot\share\prims\jni.cpp, line 520]
Event: 2252.357 Thread 0x000002a5c5658110 Exception <a 'java/io/FileNotFoundException'{0x00000000d5e238e0}> (0x00000000d5e238e0) 
thrown [s\src\hotspot\share\prims\jni.cpp, line 520]
Event: 2252.357 Thread 0x000002a5c5658110 Exception <a 'java/io/FileNotFoundException'{0x00000000d5e248f8}> (0x00000000d5e248f8) 
thrown [s\src\hotspot\share\prims\jni.cpp, line 520]
Event: 2552.905 Thread 0x000002a5c5658110 Exception <a 'sun/nio/fs/WindowsException'{0x00000000d60b2eb0}> (0x00000000d60b2eb0) 
thrown [s\src\hotspot\share\prims\jni.cpp, line 520]
Event: 2552.908 Thread 0x000002a5c5658110 Exception <a 'sun/nio/fs/WindowsException'{0x00000000d60b3ab8}> (0x00000000d60b3ab8) 
thrown [s\src\hotspot\share\prims\jni.cpp, line 520]
Event: 2553.188 Thread 0x000002a5c5658110 Exception <a 'java/lang/NoSuchMethodError'{0x00000000d6105dd8}: 'java.lang.Object java.lang.invoke.DirectMethodHandle$Holder.newInvokeSpecial(java.lang.Object, java.lang.Object, java.lang.Object, java.lang.Object, java.lang.Object, java.lang.Object, java.lang.Object, java.lang.Object)'> (0x00000000d6105dd8) 
thrown [s\src\hotspot\share\interpreter\linkResolver.cpp, line 773]
Event: 3006.898 Thread 0x000002a5c5658110 Exception <a 'sun/nio/fs/WindowsException'{0x00000000d574f060}> (0x00000000d574f060) 
thrown [s\src\hotspot\share\prims\jni.cpp, line 520]
Event: 3006.902 Thread 0x000002a5c5658110 Exception <a 'sun/nio/fs/WindowsException'{0x00000000d574fa28}> (0x00000000d574fa28) 
thrown [s\src\hotspot\share\prims\jni.cpp, line 520]

ZGC Phase Switch (0 events):
No events

VM Operations (20 events):
Event: 3067.088 Executing VM operation: RendezvousGCThreads
Event: 3067.088 Executing VM operation: RendezvousGCThreads done
Event: 3095.233 Executing VM operation: Cleanup
Event: 3095.233 Executing VM operation: Cleanup done
Event: 3127.325 Executing VM operation: HandshakeAllThreads (HandshakeForDeflation)
Event: 3127.325 Executing VM operation: HandshakeAllThreads (HandshakeForDeflation) done
Event: 3127.325 Executing VM operation: RendezvousGCThreads
Event: 3127.325 Executing VM operation: RendezvousGCThreads done
Event: 3187.519 Executing VM operation: HandshakeAllThreads (HandshakeForDeflation)
Event: 3187.519 Executing VM operation: HandshakeAllThreads (HandshakeForDeflation) done
Event: 3187.520 Executing VM operation: RendezvousGCThreads
Event: 3187.520 Executing VM operation: RendezvousGCThreads done
Event: 3247.559 Executing VM operation: HandshakeAllThreads (HandshakeForDeflation)
Event: 3247.559 Executing VM operation: HandshakeAllThreads (HandshakeForDeflation) done
Event: 3247.559 Executing VM operation: RendezvousGCThreads
Event: 3247.559 Executing VM operation: RendezvousGCThreads done
Event: 3297.747 Executing VM operation: Cleanup
Event: 3297.754 Executing VM operation: Cleanup done
Event: 3298.754 Executing VM operation: Cleanup
Event: 3298.754 Executing VM operation: Cleanup done

Memory protections (0 events):
No events

Nmethod flushes (20 events):
Event: 155.287 Thread 0x000002a5e45ab3c0 flushing  nmethod 0x000002a5e7fec590
Event: 155.287 Thread 0x000002a5e45ab3c0 flushing  nmethod 0x000002a5e800ca10
Event: 155.287 Thread 0x000002a5e45ab3c0 flushing  nmethod 0x000002a5e803a410
Event: 155.287 Thread 0x000002a5e45ab3c0 flushing  nmethod 0x000002a5e8044610
Event: 155.287 Thread 0x000002a5e45ab3c0 flushing  nmethod 0x000002a5e8044e90
Event: 155.287 Thread 0x000002a5e45ab3c0 flushing  nmethod 0x000002a5e8045410
Event: 155.287 Thread 0x000002a5e45ab3c0 flushing  nmethod 0x000002a5e8045890
Event: 155.287 Thread 0x000002a5e45ab3c0 flushing  nmethod 0x000002a5e8045e10
Event: 155.287 Thread 0x000002a5e45ab3c0 flushing  nmethod 0x000002a5e8046190
Event: 155.287 Thread 0x000002a5e45ab3c0 flushing  nmethod 0x000002a5e8046690
Event: 155.287 Thread 0x000002a5e45ab3c0 flushing  nmethod 0x000002a5e8046c90
Event: 155.287 Thread 0x000002a5e45ab3c0 flushing  nmethod 0x000002a5e8047c10
Event: 155.287 Thread 0x000002a5e45ab3c0 flushing  nmethod 0x000002a5e8048490
Event: 155.287 Thread 0x000002a5e45ab3c0 flushing  nmethod 0x000002a5e8049010
Event: 155.287 Thread 0x000002a5e45ab3c0 flushing  nmethod 0x000002a5e8049810
Event: 155.287 Thread 0x000002a5e45ab3c0 flushing  nmethod 0x000002a5e804a290
Event: 155.287 Thread 0x000002a5e45ab3c0 flushing  nmethod 0x000002a5e8053310
Event: 155.287 Thread 0x000002a5e45ab3c0 flushing  nmethod 0x000002a5e8054d90
Event: 155.287 Thread 0x000002a5e45ab3c0 flushing  nmethod 0x000002a5e8058710
Event: 155.287 Thread 0x000002a5e45ab3c0 flushing  nmethod 0x000002a5e8079a90

Events (20 events):
Event: 158.009 Thread 0x000002a5c5658110 Thread added: 0x000002a5c9c574d0
Event: 158.054 Thread 0x000002a5c9c574d0 Thread exited: 0x000002a5c9c574d0
Event: 159.098 Thread 0x000002a5c5658110 Thread added: 0x000002a5c9c574d0
Event: 159.132 Thread 0x000002a5c9c574d0 Thread exited: 0x000002a5c9c574d0
Event: 159.166 Thread 0x000002a5c5658110 Thread added: 0x000002a5c9c581f0
Event: 159.209 Thread 0x000002a5c9c581f0 Thread exited: 0x000002a5c9c581f0
Event: 219.523 Thread 0x000002a5c9c55400 Thread exited: 0x000002a5c9c55400
Event: 219.547 Thread 0x000002a5c9c539c0 Thread exited: 0x000002a5c9c539c0
Event: 219.590 Thread 0x000002a5c9c58f10 Thread exited: 0x000002a5c9c58f10
Event: 219.593 Thread 0x000002a5c56573f0 Thread exited: 0x000002a5c56573f0
Event: 279.516 Thread 0x000002a5c9c546e0 Thread exited: 0x000002a5c9c546e0
Event: 339.523 Thread 0x000002a5c9c52ca0 Thread exited: 0x000002a5c9c52ca0
Event: 2552.601 Thread 0x000002a5c5658110 Thread added: 0x000002a5c9c55400
Event: 2552.724 Thread 0x000002a5c9c55400 Thread exited: 0x000002a5c9c55400
Event: 2552.934 Thread 0x000002a5c5658110 Thread added: 0x000002a5c9c58f10
Event: 2552.953 Thread 0x000002a5c9c58f10 Thread exited: 0x000002a5c9c58f10
Event: 3005.770 Thread 0x000002a5c5658110 Thread added: 0x000002a5c9c51f80
Event: 3006.059 Thread 0x000002a5c9c51f80 Thread exited: 0x000002a5c9c51f80
Event: 3006.970 Thread 0x000002a5c5658110 Thread added: 0x000002a5c9c58880
Event: 3007.030 Thread 0x000002a5c9c58880 Thread exited: 0x000002a5c9c58880


Dynamic libraries:
0x00007ff6f4220000 - 0x00007ff6f422e000 	c:\Users\hafid\.vscode\extensions\redhat.java-1.50.0-win32-x64\jre\21.0.9-win32-x86_64\bin\java.exe
0x00007ff916750000 - 0x00007ff916967000 	C:\Windows\SYSTEM32\ntdll.dll
0x00007ff914870000 - 0x00007ff914934000 	C:\Windows\System32\KERNEL32.DLL
0x00007ff914010000 - 0x00007ff9143c7000 	C:\Windows\System32\KERNELBASE.dll
0x00007ff913a60000 - 0x00007ff913b71000 	C:\Windows\System32\ucrtbase.dll
0x00007ff8dde10000 - 0x00007ff8dde28000 	c:\Users\hafid\.vscode\extensions\redhat.java-1.50.0-win32-x64\jre\21.0.9-win32-x86_64\bin\jli.dll
0x00007ff914990000 - 0x00007ff914b3f000 	C:\Windows\System32\USER32.dll
0x00007ff914450000 - 0x00007ff914476000 	C:\Windows\System32\win32u.dll
0x00007ff915b20000 - 0x00007ff915b49000 	C:\Windows\System32\GDI32.dll
0x00007ff913c90000 - 0x00007ff913da8000 	C:\Windows\System32\gdi32full.dll
0x00007ff913bf0000 - 0x00007ff913c8a000 	C:\Windows\System32\msvcp_win.dll
0x00007ff8d8fe0000 - 0x00007ff8d8ffe000 	c:\Users\hafid\.vscode\extensions\redhat.java-1.50.0-win32-x64\jre\21.0.9-win32-x86_64\bin\VCRUNTIME140.dll
0x00007ff8fdc80000 - 0x00007ff8fdf13000 	C:\Windows\WinSxS\amd64_microsoft.windows.common-controls_6595b64144ccf1df_6.0.22621.3672_none_2713b9d173822955\COMCTL32.dll
0x00007ff915170000 - 0x00007ff915217000 	C:\Windows\System32\msvcrt.dll
0x00007ff914b40000 - 0x00007ff914b71000 	C:\Windows\System32\IMM32.DLL
0x00007ff90d4e0000 - 0x00007ff90d4ec000 	c:\Users\hafid\.vscode\extensions\redhat.java-1.50.0-win32-x64\jre\21.0.9-win32-x86_64\bin\vcruntime140_1.dll
0x00007ff8b6120000 - 0x00007ff8b61ad000 	c:\Users\hafid\.vscode\extensions\redhat.java-1.50.0-win32-x64\jre\21.0.9-win32-x86_64\bin\msvcp140.dll
0x00007ff870820000 - 0x00007ff8715c0000 	c:\Users\hafid\.vscode\extensions\redhat.java-1.50.0-win32-x64\jre\21.0.9-win32-x86_64\bin\server\jvm.dll
0x00007ff915ce0000 - 0x00007ff915d92000 	C:\Windows\System32\ADVAPI32.dll
0x00007ff915da0000 - 0x00007ff915e48000 	C:\Windows\System32\sechost.dll
0x00007ff913fe0000 - 0x00007ff914008000 	C:\Windows\System32\bcrypt.dll
0x00007ff9146e0000 - 0x00007ff9147f4000 	C:\Windows\System32\RPCRT4.dll
0x00007ff915b50000 - 0x00007ff915bc1000 	C:\Windows\System32\WS2_32.dll
0x00007ff9128f0000 - 0x00007ff91293d000 	C:\Windows\SYSTEM32\POWRPROF.dll
0x00007ff90fd40000 - 0x00007ff90fd74000 	C:\Windows\SYSTEM32\WINMM.dll
0x00007ff90fcf0000 - 0x00007ff90fcfa000 	C:\Windows\SYSTEM32\VERSION.dll
0x00007ff9128b0000 - 0x00007ff9128c3000 	C:\Windows\SYSTEM32\UMPDC.dll
0x00007ff912b00000 - 0x00007ff912b18000 	C:\Windows\SYSTEM32\kernel.appcore.dll
0x00007ff8ffd70000 - 0x00007ff8ffd7a000 	c:\Users\hafid\.vscode\extensions\redhat.java-1.50.0-win32-x64\jre\21.0.9-win32-x86_64\bin\jimage.dll
0x00007ff8fe120000 - 0x00007ff8fe352000 	C:\Windows\SYSTEM32\DBGHELP.DLL
0x00007ff915eb0000 - 0x00007ff91623e000 	C:\Windows\System32\combase.dll
0x00007ff914600000 - 0x00007ff9146d7000 	C:\Windows\System32\OLEAUT32.dll
0x00007ff901580000 - 0x00007ff9015b2000 	C:\Windows\SYSTEM32\dbgcore.DLL
0x00007ff9143d0000 - 0x00007ff91444b000 	C:\Windows\System32\bcryptPrimitives.dll
0x00007ff8ff870000 - 0x00007ff8ff87f000 	c:\Users\hafid\.vscode\extensions\redhat.java-1.50.0-win32-x64\jre\21.0.9-win32-x86_64\bin\instrument.dll
0x00007ff8d8320000 - 0x00007ff8d8340000 	c:\Users\hafid\.vscode\extensions\redhat.java-1.50.0-win32-x64\jre\21.0.9-win32-x86_64\bin\java.dll
0x00007ff9152a0000 - 0x00007ff915b09000 	C:\Windows\System32\SHELL32.dll
0x00007ff911990000 - 0x00007ff91228f000 	C:\Windows\SYSTEM32\windows.storage.dll
0x00007ff911850000 - 0x00007ff91198f000 	C:\Windows\SYSTEM32\wintypes.dll
0x00007ff915be0000 - 0x00007ff915cd9000 	C:\Windows\System32\SHCORE.dll
0x00007ff915110000 - 0x00007ff91516e000 	C:\Windows\System32\shlwapi.dll
0x00007ff913990000 - 0x00007ff9139b7000 	C:\Windows\SYSTEM32\profapi.dll
0x00007ff8ff820000 - 0x00007ff8ff838000 	c:\Users\hafid\.vscode\extensions\redhat.java-1.50.0-win32-x64\jre\21.0.9-win32-x86_64\bin\zip.dll
0x00007ff9102f0000 - 0x00007ff910300000 	C:\Users\hafid\.vscode\extensions\redhat.java-1.50.0-win32-x64\jre\21.0.9-win32-x86_64\bin\net.dll
0x00007ff90d380000 - 0x00007ff90d4b6000 	C:\Windows\SYSTEM32\WINHTTP.dll
0x00007ff912fc0000 - 0x00007ff913029000 	C:\Windows\system32\mswsock.dll
0x00007ff8e2940000 - 0x00007ff8e2956000 	C:\Users\hafid\.vscode\extensions\redhat.java-1.50.0-win32-x64\jre\21.0.9-win32-x86_64\bin\nio.dll
0x00007ff8ff840000 - 0x00007ff8ff850000 	c:\Users\hafid\.vscode\extensions\redhat.java-1.50.0-win32-x64\jre\21.0.9-win32-x86_64\bin\verify.dll
0x00007ff8707d0000 - 0x00007ff870814000 	C:\Users\hafid\AppData\Roaming\Code\User\globalStorage\redhat.java\1.50.0\config_win\org.eclipse.equinox.launcher\org.eclipse.equinox.launcher.win32.win32.x86_64_1.2.1400.v20250801-0854\eclipse_11916.dll
0x00007ff916560000 - 0x00007ff916705000 	C:\Windows\System32\ole32.dll
0x00007ff913310000 - 0x00007ff91332b000 	C:\Windows\SYSTEM32\CRYPTSP.dll
0x00007ff912ac0000 - 0x00007ff912af5000 	C:\Windows\system32\rsaenh.dll
0x00007ff913060000 - 0x00007ff913088000 	C:\Windows\SYSTEM32\USERENV.dll
0x00007ff9132f0000 - 0x00007ff9132fc000 	C:\Windows\SYSTEM32\CRYPTBASE.dll
0x00007ff9125a0000 - 0x00007ff9125cd000 	C:\Windows\SYSTEM32\IPHLPAPI.DLL
0x00007ff915bd0000 - 0x00007ff915bd9000 	C:\Windows\System32\NSI.dll
0x00007ff8b60d0000 - 0x00007ff8b6119000 	C:\Users\hafid\AppData\Local\Temp\jna-99037288\jna17359231434889306752.dll
0x00007ff914800000 - 0x00007ff914808000 	C:\Windows\System32\PSAPI.DLL
0x00007ff8da410000 - 0x00007ff8da41a000 	C:\Users\hafid\.vscode\extensions\redhat.java-1.50.0-win32-x64\jre\21.0.9-win32-x86_64\bin\management.dll
0x00007ff8d98c0000 - 0x00007ff8d98cc000 	C:\Users\hafid\.vscode\extensions\redhat.java-1.50.0-win32-x64\jre\21.0.9-win32-x86_64\bin\management_ext.dll
0x00007ff90d360000 - 0x00007ff90d379000 	C:\Windows\SYSTEM32\dhcpcsvc6.DLL
0x00007ff90d320000 - 0x00007ff90d33f000 	C:\Windows\SYSTEM32\dhcpcsvc.DLL
0x00007ff8ffa80000 - 0x00007ff8ffaa7000 	C:\Users\hafid\.gradle\native\1def1411415f61bf3af743bc5b6707747c0891f09f0c88961ee8f79bc544acac\windows-amd64\native-platform.dll
0x00007ff8d2710000 - 0x00007ff8d271e000 	C:\Users\hafid\.vscode\extensions\redhat.java-1.50.0-win32-x64\jre\21.0.9-win32-x86_64\bin\sunmscapi.dll
0x00007ff913db0000 - 0x00007ff913f16000 	C:\Windows\System32\CRYPT32.dll
0x00007ff913420000 - 0x00007ff91344d000 	C:\Windows\SYSTEM32\ncrypt.dll
0x00007ff9133e0000 - 0x00007ff913417000 	C:\Windows\SYSTEM32\NTASN1.dll
0x00007ff912620000 - 0x00007ff912722000 	C:\Windows\SYSTEM32\DNSAPI.dll
0x00007ff9090d0000 - 0x00007ff9090da000 	C:\Windows\System32\rasadhlp.dll
0x00007ff90c520000 - 0x00007ff90c5a3000 	C:\Windows\System32\fwpuclnt.dll
0x00007ff8d09d0000 - 0x00007ff8d09d9000 	C:\Users\hafid\.vscode\extensions\redhat.java-1.50.0-win32-x64\jre\21.0.9-win32-x86_64\bin\extnet.dll

JVMTI agents:
c:\Users\hafid\.vscode\extensions\redhat.java-1.50.0-win32-x64\lombok\lombok-1.18.39-4050.jar path:c:\Users\hafid\.vscode\extensions\redhat.java-1.50.0-win32-x64\jre\21.0.9-win32-x86_64\bin\instrument.dll, loaded, initialized, instrumentlib options:none

dbghelp: loaded successfully - version: 4.0.5 - missing functions: none
symbol engine: initialized successfully - sym options: 0x614 - pdb path: .;c:\Users\hafid\.vscode\extensions\redhat.java-1.50.0-win32-x64\jre\21.0.9-win32-x86_64\bin;C:\Windows\SYSTEM32;C:\Windows\WinSxS\amd64_microsoft.windows.common-controls_6595b64144ccf1df_6.0.22621.3672_none_2713b9d173822955;c:\Users\hafid\.vscode\extensions\redhat.java-1.50.0-win32-x64\jre\21.0.9-win32-x86_64\bin\server;C:\Users\hafid\AppData\Roaming\Code\User\globalStorage\redhat.java\1.50.0\config_win\org.eclipse.equinox.launcher\org.eclipse.equinox.launcher.win32.win32.x86_64_1.2.1400.v20250801-0854;C:\Users\hafid\AppData\Local\Temp\jna-99037288;C:\Users\hafid\.gradle\native\1def1411415f61bf3af743bc5b6707747c0891f09f0c88961ee8f79bc544acac\windows-amd64

VM Arguments:
jvm_args: --add-modules=ALL-SYSTEM --add-opens=java.base/java.util=ALL-UNNAMED --add-opens=java.base/java.lang=ALL-UNNAMED --add-opens=java.base/sun.nio.fs=ALL-UNNAMED -Declipse.application=org.eclipse.jdt.ls.core.id1 -Dosgi.bundles.defaultStartLevel=4 -Declipse.product=org.eclipse.jdt.ls.core.product -Djava.import.generatesMetadataFilesAtProjectRoot=false -DDetectVMInstallationsJob.disabled=true -Dfile.encoding=utf8 -XX:+UseParallelGC -XX:GCTimeRatio=4 -XX:AdaptiveSizePolicyWeight=90 -Dsun.zip.disableMemoryMapping=true -Xmx2G -Xms100m -Xlog:disable -javaagent:c:\Users\hafid\.vscode\extensions\redhat.java-1.50.0-win32-x64\lombok\lombok-1.18.39-4050.jar -XX:+HeapDumpOnOutOfMemoryError -XX:HeapDumpPath=c:\Users\hafid\AppData\Roaming\Code\User\workspaceStorage\271670c6d88b3c30270340dfd9cafa37\redhat.java -Daether.dependencyCollector.impl=bf 
java_command: c:\Users\hafid\.vscode\extensions\redhat.java-1.50.0-win32-x64\server\plugins\org.eclipse.equinox.launcher_1.7.100.v20251111-0406.jar -configuration c:\Users\hafid\AppData\Roaming\Code\User\globalStorage\redhat.java\1.50.0\config_win -data c:\Users\hafid\AppData\Roaming\Code\User\workspaceStorage\271670c6d88b3c30270340dfd9cafa37\redhat.java\jdt_ws --pipe=\\.\pipe\lsp-7780d5802b27442f4a6406fcd1c1ebe3-sock
java_class_path (initial): c:\Users\hafid\.vscode\extensions\redhat.java-1.50.0-win32-x64\server\plugins\org.eclipse.equinox.launcher_1.7.100.v20251111-0406.jar
Launcher Type: SUN_STANDARD

[Global flags]
    uintx AdaptiveSizePolicyWeight                 = 90                                        {product} {command line}
     intx CICompilerCount                          = 3                                         {product} {ergonomic}
    uintx GCTimeRatio                              = 4                                         {product} {command line}
     bool HeapDumpOnOutOfMemoryError               = true                                   {manageable} {command line}
    ccstr HeapDumpPath                             = c:\Users\hafid\AppData\Roaming\Code\User\workspaceStorage\271670c6d88b3c30270340dfd9cafa37\redhat.java         {manageable} {command line}
   size_t InitialHeapSize                          = 104857600                                 {product} {command line}
   size_t MaxHeapSize                              = 2147483648                                {product} {command line}
   size_t MaxNewSize                               = 715653120                                 {product} {ergonomic}
   size_t MinHeapDeltaBytes                        = 524288                                    {product} {ergonomic}
   size_t MinHeapSize                              = 104857600                                 {product} {command line}
   size_t NewSize                                  = 34603008                                  {product} {ergonomic}
    uintx NonNMethodCodeHeapSize                   = 5832780                                {pd product} {ergonomic}
    uintx NonProfiledCodeHeapSize                  = 122912730                              {pd product} {ergonomic}
   size_t OldSize                                  = 70254592                                  {product} {ergonomic}
    uintx ProfiledCodeHeapSize                     = 122912730                              {pd product} {ergonomic}
    uintx ReservedCodeCacheSize                    = 251658240                              {pd product} {ergonomic}
     bool SegmentedCodeCache                       = true                                      {product} {ergonomic}
   size_t SoftMaxHeapSize                          = 2147483648                             {manageable} {ergonomic}
     bool UseCompressedOops                        = true                           {product lp64_product} {ergonomic}
     bool UseLargePagesIndividualAllocation        = false                                  {pd product} {ergonomic}
     bool UseParallelGC                            = true                                      {product} {command line}

Logging:
Log output configuration:
 #0: stdout all=off uptime,level,tags foldmultilines=false
 #1: stderr all=off uptime,level,tags foldmultilines=false

Release file:
JAVA_VERSION="21.0.9" 
MODULES="java.base java.compiler java.datatransfer java.xml java.prefs java.desktop java.instrument java.logging java.management java.security.sasl java.naming java.rmi java.management.rmi java.net.http java.scripting java.security.jgss java.transaction.xa java.sql java.sql.rowset java.xml.crypto java.se java.smartcardio jdk.accessibility jdk.internal.jvmstat jdk.attach jdk.charsets jdk.internal.opt jdk.zipfs jdk.compiler jdk.crypto.ec jdk.crypto.cryptoki jdk.crypto.mscapi jdk.dynalink jdk.internal.ed jdk.editpad jdk.hotspot.agent jdk.httpserver jdk.internal.le jdk.internal.vm.ci jdk.internal.vm.compiler jdk.internal.vm.compiler.management jdk.jartool jdk.javadoc jdk.jcmd jdk.management jdk.management.agent jdk.jconsole jdk.jdeps jdk.jdwp.agent jdk.jdi jdk.jfr jdk.jshell jdk.jsobject jdk.jstatd jdk.localedata jdk.management.jfr jdk.naming.dns jdk.naming.rmi jdk.net jdk.nio.mapmode jdk.random jdk.sctp jdk.security.auth jdk.security.jgss jdk.unsupported jdk.unsupported.desktop jdk.xml.dom" 

Environment Variables:
JAVA_HOME=C:\Program Files\Eclipse Adoptium\jdk-17.0.15.6-hotspot
PATH=C:\Program Files\Eclipse Adoptium\jdk-17.0.15.6-hotspot\bin;C:\Program Files\Eclipse Adoptium\jdk-17.0.15.6-hotspot\bin;C:\Program Files\Common Files\Oracle\Java\javapath;C:\ProgramData\Oracle\Java\javapath;C:\Windows\system32;C:\Windows;C:\Windows\System32\Wbem;C:\Windows\System32\WindowsPowerShell\v1.0\;C:\Windows\System32\OpenSSH\;C:\Program Files (x86)\NVIDIA Corporation\PhysX\Common;C:\Windows\System32;C:\Users\Git\cmd;C:\Program Files\Docker\Docker\resources\bin;C:\Program Files\MongoDB\Server\8.0\bin;C:\xampp\php;C:\ProgramData\ComposerSetup\bin;C:\flutter\bin;C:\Users\hafid\AppData\Local\Android\sdk\platform-tools;C:\Program Files\nodejs\;C:\kotlinc\bin;C:\Users\hafid\AppData\Local\Programs\Python\Python310\Scripts\;C:\Users\hafid\AppData\Local\Programs\Python\Python310\;C:\Users\hafid\AppData\Local\Microsoft\WindowsApps;C:\Users\hafid\AppData\Local\Programs\Microsoft VS Code\bin;C:\Users\hafid\AppData\Roaming\Composer\vendor\bin;C:\Users\hafid\AppData\Roaming\npm;C:\Users\hafid\AppData\Local\Google\Cloud SDK\google-cloud-sdk\bin;D:\cursor\resources\app\bin;C:\Users\hafid\AppData\Local\Programs\Windsurf\bin;C:\Users\hafid\AppData\Local\Programs\Antigravity\bin
USERNAME=hafid
OS=Windows_NT
PROCESSOR_IDENTIFIER=Intel64 Family 6 Model 142 Stepping 9, GenuineIntel
TMP=C:\Users\hafid\AppData\Local\Temp
TEMP=C:\Users\hafid\AppData\Local\Temp




Periodic native trim disabled

---------------  S Y S T E M  ---------------

OS:
 Windows 11 , 64 bit Build 22621 (10.0.22621.3958)
OS uptime: 0 days 2:39 hours
Hyper-V role detected

CPU: total 4 (initial active 4) (2 cores per cpu, 2 threads per core) family 6 model 142 stepping 9 microcode 0xde, cx8, cmov, fxsr, ht, mmx, 3dnowpref, sse, sse2, sse3, ssse3, sse4.1, sse4.2, popcnt, lzcnt, tsc, tscinvbit, avx, avx2, aes, erms, clmul, bmi1, bmi2, adx, fma, vzeroupper, clflush, clflushopt, hv, rdtscp, f16c
Processor Information for the first 4 processors :
  Max Mhz: 2712, Current Mhz: 2511, Mhz Limit: 2495

Memory: 4k page, system-wide physical 3964M (451M free)
TotalPageFile size 16252M (AvailPageFile size 92M)
current process WorkingSet (physical memory assigned to process): 8M, peak: 216M
current process commit charge ("private bytes"): 329M, peak: 353M

vm_info: OpenJDK 64-Bit Server VM (21.0.9+10-LTS) for windows-amd64 JRE (21.0.9+10-LTS), built on 2025-10-21T00:00:00Z by "admin" with unknown MS VC++:1942

END.
