#
# There is insufficient memory for the Java Runtime Environment to continue.
# Native memory allocation (malloc) failed to allocate 1048576 bytes. Error detail: AllocateHeap
# Possible reasons:
#   The system is out of physical RAM or swap space
#   This process is running with CompressedOops enabled, and the Java Heap may be blocking the growth of the native heap
# Possible solutions:
#   Reduce memory load on the system
#   Increase physical memory or swap space
#   Check if swap backing store is full
#   Decrease Java heap size (-Xmx/-Xms)
#   Decrease number of Java threads
#   Decrease Java thread stack sizes (-Xss)
#   Set larger code cache with -XX:ReservedCodeCacheSize=
#   JVM is running with Unscaled Compressed Oops mode in which the Java heap is
#     placed in the first 4GB address space. The Java Heap base address is the
#     maximum limit for the native heap growth. Please use -XX:HeapBaseMinAddress
#     to set the Java Heap base and to place the Java Heap above 4GB virtual address.
# This output file may be truncated or incomplete.
#
#  Out of Memory Error (allocation.cpp:44), pid=1804, tid=4528
#
# JRE version: OpenJDK Runtime Environment Temurin-21.0.9+10 (21.0.9+10) (build 21.0.9+10-LTS)
# Java VM: OpenJDK 64-Bit Server VM Temurin-21.0.9+10 (21.0.9+10-LTS, mixed mode, sharing, tiered, compressed oops, compressed class ptrs, parallel gc, windows-amd64)
# No core dump will be written. Minidumps are not enabled by default on client versions of Windows
#

---------------  S U M M A R Y ------------

Command Line: --add-modules=ALL-SYSTEM --add-opens=java.base/java.util=ALL-UNNAMED --add-opens=java.base/java.lang=ALL-UNNAMED --add-opens=java.base/sun.nio.fs=ALL-UNNAMED -Declipse.application=org.eclipse.jdt.ls.core.id1 -Dosgi.bundles.defaultStartLevel=4 -Declipse.product=org.eclipse.jdt.ls.core.product -Djava.import.generatesMetadataFilesAtProjectRoot=false -DDetectVMInstallationsJob.disabled=true -Dfile.encoding=utf8 -XX:+UseParallelGC -XX:GCTimeRatio=4 -XX:AdaptiveSizePolicyWeight=90 -Dsun.zip.disableMemoryMapping=true -Xmx2G -Xms100m -Xlog:disable -javaagent:c:\Users\hafid\.vscode\extensions\redhat.java-1.50.0-win32-x64\lombok\lombok-1.18.39-4050.jar -XX:+HeapDumpOnOutOfMemoryError -XX:HeapDumpPath=c:\Users\hafid\AppData\Roaming\Code\User\workspaceStorage\271670c6d88b3c30270340dfd9cafa37\redhat.java -Daether.dependencyCollector.impl=bf c:\Users\hafid\.vscode\extensions\redhat.java-1.50.0-win32-x64\server\plugins\org.eclipse.equinox.launcher_1.7.100.v20251111-0406.jar -configuration c:\Users\hafid\AppData\Roaming\Code\User\globalStorage\redhat.java\1.50.0\config_win -data c:\Users\hafid\AppData\Roaming\Code\User\workspaceStorage\271670c6d88b3c30270340dfd9cafa37\redhat.java\jdt_ws --pipe=\\.\pipe\lsp-0c8811ab128bef9c65d43a4f29fd2f1a-sock

Host: Intel(R) Core(TM) i5-7200U CPU @ 2.50GHz, 4 cores, 3G,  Windows 11 , 64 bit Build 22621 (10.0.22621.3958)
Time: Tue Dec  2 00:01:48 2025 SE Asia Standard Time elapsed time: 225.223711 seconds (0d 0h 3m 45s)

---------------  T H R E A D  ---------------

Current thread (0x0000021ba2b6ebc0):  JavaThread "Attach Listener" daemon [_thread_in_vm, id=4528, stack(0x000000a279a00000,0x000000a279b00000) (1024K)]

Stack: [0x000000a279a00000,0x000000a279b00000]
Native frames: (J=compiled Java code, j=interpreted, Vv=VM code, C=native code)
V  [jvm.dll+0x6d6e29]
V  [jvm.dll+0x8b4b76]
V  [jvm.dll+0x8b712e]
V  [jvm.dll+0x8b7813]
V  [jvm.dll+0x283d86]
V  [jvm.dll+0xc1277]
V  [jvm.dll+0x6d76d9]
V  [jvm.dll+0x133466]
V  [jvm.dll+0x3f7ea6]
V  [jvm.dll+0x85e9ad]
V  [jvm.dll+0x6d565d]
C  [ucrtbase.dll+0x29333]
C  [KERNEL32.DLL+0x1257d]
C  [ntdll.dll+0x5af08]


---------------  P R O C E S S  ---------------

Threads class SMR info:
_java_thread_list=0x0000021becbadee0, length=32, elements={
0x0000021b8c17b9c0, 0x0000021ba2b69340, 0x0000021ba2b6be40, 0x0000021ba2b6dcb0,
0x0000021ba2b6ebc0, 0x0000021ba2b6fad0, 0x0000021ba2b71730, 0x0000021ba2b74570,
0x0000021ba2bddc30, 0x0000021be4a0b370, 0x0000021be4a40b30, 0x0000021be94b7020,
0x0000021be4c60450, 0x0000021be914d4a0, 0x0000021be914e5c0, 0x0000021be982ecb0,
0x0000021be9c33820, 0x0000021be9235040, 0x0000021be9237e30, 0x0000021be92363f0,
0x0000021be9237110, 0x0000021be92384c0, 0x0000021beb760920, 0x0000021beb761cd0,
0x0000021beb760fb0, 0x0000021beb75f570, 0x0000021beb762360, 0x0000021beb75ce10,
0x0000021beb75d4a0, 0x0000021beb761640, 0x0000021beb75eee0, 0x0000021beb75fc00
}

Java Threads: ( => current thread )
  0x0000021b8c17b9c0 JavaThread "main"                              [_thread_blocked, id=1776, stack(0x000000a279300000,0x000000a279400000) (1024K)]
  0x0000021ba2b69340 JavaThread "Reference Handler"          daemon [_thread_blocked, id=12996, stack(0x000000a279700000,0x000000a279800000) (1024K)]
  0x0000021ba2b6be40 JavaThread "Finalizer"                  daemon [_thread_blocked, id=1908, stack(0x000000a279800000,0x000000a279900000) (1024K)]
  0x0000021ba2b6dcb0 JavaThread "Signal Dispatcher"          daemon [_thread_blocked, id=15012, stack(0x000000a279900000,0x000000a279a00000) (1024K)]
=>0x0000021ba2b6ebc0 JavaThread "Attach Listener"            daemon [_thread_in_vm, id=4528, stack(0x000000a279a00000,0x000000a279b00000) (1024K)]
  0x0000021ba2b6fad0 JavaThread "Service Thread"             daemon [_thread_blocked, id=12816, stack(0x000000a279b00000,0x000000a279c00000) (1024K)]
  0x0000021ba2b71730 JavaThread "Monitor Deflation Thread"   daemon [_thread_blocked, id=12280, stack(0x000000a279c00000,0x000000a279d00000) (1024K)]
  0x0000021ba2b74570 JavaThread "C2 CompilerThread0"         daemon [_thread_blocked, id=11440, stack(0x000000a279d00000,0x000000a279e00000) (1024K)]
  0x0000021ba2bddc30 JavaThread "C1 CompilerThread0"         daemon [_thread_blocked, id=3092, stack(0x000000a279e00000,0x000000a279f00000) (1024K)]
  0x0000021be4a0b370 JavaThread "Common-Cleaner"             daemon [_thread_blocked, id=13004, stack(0x000000a279f00000,0x000000a27a000000) (1024K)]
  0x0000021be4a40b30 JavaThread "Notification Thread"        daemon [_thread_blocked, id=2808, stack(0x000000a27a000000,0x000000a27a100000) (1024K)]
  0x0000021be94b7020 JavaThread "Active Thread: Equinox Container: 9106a3c1-a3b1-4033-b1b5-ec9cc05fcf88"        [_thread_blocked, id=9284, stack(0x000000a27a400000,0x000000a27a500000) (1024K)]
  0x0000021be4c60450 JavaThread "Refresh Thread: Equinox Container: 9106a3c1-a3b1-4033-b1b5-ec9cc05fcf88" daemon [_thread_blocked, id=9184, stack(0x000000a27a500000,0x000000a27a600000) (1024K)]
  0x0000021be914d4a0 JavaThread "Framework Event Dispatcher: Equinox Container: 9106a3c1-a3b1-4033-b1b5-ec9cc05fcf88" daemon [_thread_blocked, id=5716, stack(0x000000a27a600000,0x000000a27a700000) (1024K)]
  0x0000021be914e5c0 JavaThread "Start Level: Equinox Container: 9106a3c1-a3b1-4033-b1b5-ec9cc05fcf88" daemon [_thread_blocked, id=8884, stack(0x000000a27a700000,0x000000a27a800000) (1024K)]
  0x0000021be982ecb0 JavaThread "Bundle File Closer"         daemon [_thread_blocked, id=13380, stack(0x000000a27a800000,0x000000a27a900000) (1024K)]
  0x0000021be9c33820 JavaThread "SCR Component Actor"        daemon [_thread_blocked, id=15304, stack(0x000000a27a900000,0x000000a27aa00000) (1024K)]
  0x0000021be9235040 JavaThread "Worker-JM"                         [_thread_blocked, id=15324, stack(0x000000a27aa00000,0x000000a27ab00000) (1024K)]
  0x0000021be9237e30 JavaThread "JNA Cleaner"                daemon [_thread_blocked, id=9912, stack(0x000000a27ab00000,0x000000a27ac00000) (1024K)]
  0x0000021be92363f0 JavaThread "Worker-3"                          [_thread_blocked, id=10356, stack(0x000000a27af00000,0x000000a27b000000) (1024K)]
  0x0000021be9237110 JavaThread "Java indexing"              daemon [_thread_blocked, id=12764, stack(0x000000a27b000000,0x000000a27b100000) (1024K)]
  0x0000021be92384c0 JavaThread "Worker-4"                          [_thread_blocked, id=11544, stack(0x000000a27b300000,0x000000a27b400000) (1024K)]
  0x0000021beb760920 JavaThread "Thread-1"                   daemon [_thread_in_native, id=6884, stack(0x000000a27b500000,0x000000a27b600000) (1024K)]
  0x0000021beb761cd0 JavaThread "Thread-2"                   daemon [_thread_in_native, id=10268, stack(0x000000a27b600000,0x000000a27b700000) (1024K)]
  0x0000021beb760fb0 JavaThread "Thread-3"                   daemon [_thread_in_native, id=6100, stack(0x000000a27b700000,0x000000a27b800000) (1024K)]
  0x0000021beb75f570 JavaThread "Thread-4"                   daemon [_thread_in_native, id=8612, stack(0x000000a27b800000,0x000000a27b900000) (1024K)]
  0x0000021beb762360 JavaThread "Thread-5"                   daemon [_thread_in_native, id=6792, stack(0x000000a27b900000,0x000000a27ba00000) (1024K)]
  0x0000021beb75ce10 JavaThread "pool-2-thread-1"                   [_thread_blocked, id=9144, stack(0x000000a27ba00000,0x000000a27bb00000) (1024K)]
  0x0000021beb75d4a0 JavaThread "WorkspaceEventsHandler"            [_thread_blocked, id=14112, stack(0x000000a27bb00000,0x000000a27bc00000) (1024K)]
  0x0000021beb761640 JavaThread "pool-1-thread-1"                   [_thread_blocked, id=15156, stack(0x000000a27bc00000,0x000000a27bd00000) (1024K)]
  0x0000021beb75eee0 JavaThread "ForkJoinPool.commonPool-worker-1" daemon [_thread_blocked, id=3388, stack(0x000000a27bd00000,0x000000a27be00000) (1024K)]
  0x0000021beb75fc00 JavaThread "Timer-0"                           [_thread_blocked, id=8000, stack(0x000000a27bf00000,0x000000a27c000000) (1024K)]
Total: 32

Other Threads:
  0x0000021b8c23c420 VMThread "VM Thread"                           [id=9356, stack(0x000000a279600000,0x000000a279700000) (1024K)]
  0x0000021b8c1e6c70 WatcherThread "VM Periodic Task Thread"        [id=6804, stack(0x000000a279500000,0x000000a279600000) (1024K)]
  0x0000021b8c19ad30 WorkerThread "GC Thread#0"                     [id=14616, stack(0x000000a279400000,0x000000a279500000) (1024K)]
  0x0000021be9533770 WorkerThread "GC Thread#1"                     [id=8060, stack(0x000000a27a100000,0x000000a27a200000) (1024K)]
  0x0000021be9533b10 WorkerThread "GC Thread#2"                     [id=6416, stack(0x000000a27a200000,0x000000a27a300000) (1024K)]
  0x0000021be92b0480 WorkerThread "GC Thread#3"                     [id=13908, stack(0x000000a27a300000,0x000000a27a400000) (1024K)]
Total: 6

Threads with active compile tasks:
Total: 0

VM state: not at safepoint (normal execution)

VM Mutex/Monitor currently owned by a thread: None

Heap address: 0x0000000080000000, size: 2048 MB, Compressed Oops mode: 32-bit

CDS archive(s) mapped at: [0x0000021ba3000000-0x0000021ba3ba0000-0x0000021ba3ba0000), size 12189696, SharedBaseAddress: 0x0000021ba3000000, ArchiveRelocationMode: 1.
Compressed class space mapped at: 0x0000021ba4000000-0x0000021be4000000, reserved size: 1073741824
Narrow klass base: 0x0000021ba3000000, Narrow klass shift: 0, Narrow klass range: 0x100000000

GC Precious Log:
 CardTable entry size: 512
 CPUs: 4 total, 4 available
 Memory: 3964M
 Large Page Support: Disabled
 NUMA Support: Disabled
 Compressed Oops: Enabled (32-bit)
 Alignments: Space 512K, Generation 512K, Heap 2M
 Heap Min Capacity: 100M
 Heap Initial Capacity: 100M
 Heap Max Capacity: 2G
 Pre-touch: Disabled
 Parallel Workers: 4

Heap:
 PSYoungGen      total 19968K, used 6301K [0x00000000d5580000, 0x00000000d6c00000, 0x0000000100000000)
  eden space 18432K, 26% used [0x00000000d5580000,0x00000000d5a4f440,0x00000000d6780000)
  from space 1536K, 89% used [0x00000000d6a80000,0x00000000d6bd8040,0x00000000d6c00000)
  to   space 2048K, 0% used [0x00000000d6800000,0x00000000d6800000,0x00000000d6a00000)
 ParOldGen       total 68608K, used 54513K [0x0000000080000000, 0x0000000084300000, 0x00000000d5580000)
  object space 68608K, 79% used [0x0000000080000000,0x000000008353c730,0x0000000084300000)
 Metaspace       used 62134K, committed 63552K, reserved 1114112K
  class space    used 7291K, committed 7936K, reserved 1048576K

Card table byte_map: [0x0000021b8bb20000,0x0000021b8bf30000] _byte_map_base: 0x0000021b8b720000

Marking Bits: (ParMarkBitMap*) 0x00007ff9a7502460
 Begin Bits: [0x0000021b9e630000, 0x0000021ba0630000)
 End Bits:   [0x0000021ba0630000, 0x0000021ba2630000)

Polling page: 0x0000021b89f50000

Metaspace:

Usage:
  Non-class:     53.56 MB used.
      Class:      7.12 MB used.
       Both:     60.68 MB used.

Virtual space:
  Non-class space:       64.00 MB reserved,      54.31 MB ( 85%) committed,  1 nodes.
      Class space:        1.00 GB reserved,       7.75 MB ( <1%) committed,  1 nodes.
             Both:        1.06 GB reserved,      62.06 MB (  6%) committed. 

Chunk freelists:
   Non-Class:  9.66 MB
       Class:  8.11 MB
        Both:  17.77 MB

MaxMetaspaceSize: unlimited
CompressedClassSpaceSize: 1.00 GB
Initial GC threshold: 21.00 MB
Current GC threshold: 97.81 MB
CDS: on
 - commit_granule_bytes: 65536.
 - commit_granule_words: 8192.
 - virtual_space_node_default_size: 8388608.
 - enlarge_chunks_in_place: 1.
 - use_allocation_guard: 0.


Internal statistics:

num_allocs_failed_limit: 13.
num_arena_births: 1022.
num_arena_deaths: 14.
num_vsnodes_births: 2.
num_vsnodes_deaths: 0.
num_space_committed: 993.
num_space_uncommitted: 0.
num_chunks_returned_to_freelist: 27.
num_chunks_taken_from_freelist: 3607.
num_chunk_merges: 15.
num_chunk_splits: 2315.
num_chunks_enlarged: 1405.
num_inconsistent_stats: 0.

CodeHeap 'non-profiled nmethods': size=120000Kb used=4930Kb max_used=4930Kb free=115069Kb
 bounds [0x0000021b96e50000, 0x0000021b97330000, 0x0000021b9e380000]
CodeHeap 'profiled nmethods': size=120000Kb used=15051Kb max_used=15051Kb free=104948Kb
 bounds [0x0000021b8f380000, 0x0000021b90240000, 0x0000021b968b0000]
CodeHeap 'non-nmethods': size=5760Kb used=1423Kb max_used=1468Kb free=4336Kb
 bounds [0x0000021b968b0000, 0x0000021b96b20000, 0x0000021b96e50000]
CodeCache: size=245760Kb, used=21404Kb, max_used=21449Kb, free=224353Kb
 total_blobs=8279, nmethods=7547, adapters=638, full_count=0
Compilation: enabled, stopped_count=0, restarted_count=0

Compilation events (20 events):
Event: 204.198 Thread 0x0000021ba2bddc30 nmethod 8330 0x0000021b90230e90 code [0x0000021b902310a0, 0x0000021b90231608]
Event: 204.199 Thread 0x0000021ba2b74570 nmethod 8323 0x0000021b9731dc10 code [0x0000021b9731de20, 0x0000021b9731e4d0]
Event: 204.200 Thread 0x0000021ba2b74570 8324       4       jdk.internal.jrtfs.JrtDirectoryStream::<init> (39 bytes)
Event: 204.212 Thread 0x0000021ba2b74570 nmethod 8324 0x0000021b9731ec10 code [0x0000021b9731ee20, 0x0000021b9731f480]
Event: 204.212 Thread 0x0000021ba2b74570 8325       4       jdk.internal.jimage.ImageReader$Directory::getChildren (8 bytes)
Event: 204.215 Thread 0x0000021ba2b74570 nmethod 8325 0x0000021b9731fa90 code [0x0000021b9731fc40, 0x0000021b9731fec0]
Event: 204.385 Thread 0x0000021ba2bddc30 8331       1       org.eclipse.core.internal.events.ResourceDelta::getFullPath (5 bytes)
Event: 204.386 Thread 0x0000021ba2bddc30 nmethod 8331 0x0000021b97320010 code [0x0000021b973201a0, 0x0000021b97320268]
Event: 204.393 Thread 0x0000021ba2bddc30 8332  s    3       jdk.internal.ref.Cleaner::remove (89 bytes)
Event: 204.393 Thread 0x0000021ba2bddc30 nmethod 8332 0x0000021b90231810 code [0x0000021b902319e0, 0x0000021b90231de0]
Event: 204.393 Thread 0x0000021ba2bddc30 8333       3       java.nio.DirectByteBuffer$Deallocator::run (23 bytes)
Event: 204.394 Thread 0x0000021ba2bddc30 nmethod 8333 0x0000021b90231f10 code [0x0000021b90232100, 0x0000021b90232470]
Event: 204.394 Thread 0x0000021ba2bddc30 8334       3       java.nio.Bits::unreserveMemory (64 bytes)
Event: 204.394 Thread 0x0000021ba2bddc30 nmethod 8334 0x0000021b90232610 code [0x0000021b902327e0, 0x0000021b902329b0]
Event: 204.394 Thread 0x0000021ba2bddc30 8335       3       java.util.concurrent.atomic.AtomicLong::decrementAndGet (16 bytes)
Event: 204.395 Thread 0x0000021ba2bddc30 nmethod 8335 0x0000021b90232b10 code [0x0000021b90232ca0, 0x0000021b90232dc8]
Event: 204.395 Thread 0x0000021ba2bddc30 8336       1       org.eclipse.core.internal.resources.Workspace::getMarkerManager (5 bytes)
Event: 204.395 Thread 0x0000021ba2b74570 8337       4       java.lang.Math::min (12 bytes)
Event: 204.395 Thread 0x0000021ba2bddc30 nmethod 8336 0x0000021b97320310 code [0x0000021b973204a0, 0x0000021b97320568]
Event: 204.395 Thread 0x0000021ba2b74570 nmethod 8337 0x0000021b97320610 code [0x0000021b97320780, 0x0000021b973207f8]

GC Heap History (20 events):
Event: 65.638 GC heap before
{Heap before GC invocations=30 (full 2):
 PSYoungGen      total 21504K, used 16442K [0x00000000d5580000, 0x00000000d7680000, 0x0000000100000000)
  eden space 18432K, 72% used [0x00000000d5580000,0x00000000d628e940,0x00000000d6780000)
  from space 3072K, 100% used [0x00000000d6780000,0x00000000d6a80000,0x00000000d6a80000)
  to   space 7680K, 0% used [0x00000000d6f00000,0x00000000d6f00000,0x00000000d7680000)
 ParOldGen       total 68608K, used 43417K [0x0000000080000000, 0x0000000084300000, 0x00000000d5580000)
  object space 68608K, 63% used [0x0000000080000000,0x0000000082a66570,0x0000000084300000)
 Metaspace       used 58482K, committed 59840K, reserved 1114112K
  class space    used 6841K, committed 7424K, reserved 1048576K
}
Event: 65.646 GC heap after
{Heap after GC invocations=30 (full 2):
 PSYoungGen      total 19968K, used 1065K [0x00000000d5580000, 0x00000000d7080000, 0x0000000100000000)
  eden space 18432K, 0% used [0x00000000d5580000,0x00000000d5580000,0x00000000d6780000)
  from space 1536K, 69% used [0x00000000d6f00000,0x00000000d700a460,0x00000000d7080000)
  to   space 3584K, 0% used [0x00000000d6980000,0x00000000d6980000,0x00000000d6d00000)
 ParOldGen       total 68608K, used 46506K [0x0000000080000000, 0x0000000084300000, 0x00000000d5580000)
  object space 68608K, 67% used [0x0000000080000000,0x0000000082d6abc8,0x0000000084300000)
 Metaspace       used 58482K, committed 59840K, reserved 1114112K
  class space    used 6841K, committed 7424K, reserved 1048576K
}
Event: 66.016 GC heap before
{Heap before GC invocations=31 (full 2):
 PSYoungGen      total 19968K, used 10388K [0x00000000d5580000, 0x00000000d7080000, 0x0000000100000000)
  eden space 18432K, 50% used [0x00000000d5580000,0x00000000d5e9adf0,0x00000000d6780000)
  from space 1536K, 69% used [0x00000000d6f00000,0x00000000d700a460,0x00000000d7080000)
  to   space 3584K, 0% used [0x00000000d6980000,0x00000000d6980000,0x00000000d6d00000)
 ParOldGen       total 68608K, used 46506K [0x0000000080000000, 0x0000000084300000, 0x00000000d5580000)
  object space 68608K, 67% used [0x0000000080000000,0x0000000082d6abc8,0x0000000084300000)
 Metaspace       used 58764K, committed 60096K, reserved 1114112K
  class space    used 6884K, committed 7488K, reserved 1048576K
}
Event: 66.023 GC heap after
{Heap after GC invocations=31 (full 2):
 PSYoungGen      total 22016K, used 992K [0x00000000d5580000, 0x00000000d6f80000, 0x0000000100000000)
  eden space 18432K, 0% used [0x00000000d5580000,0x00000000d5580000,0x00000000d6780000)
  from space 3584K, 27% used [0x00000000d6980000,0x00000000d6a78030,0x00000000d6d00000)
  to   space 1536K, 0% used [0x00000000d6e00000,0x00000000d6e00000,0x00000000d6f80000)
 ParOldGen       total 68608K, used 47513K [0x0000000080000000, 0x0000000084300000, 0x00000000d5580000)
  object space 68608K, 69% used [0x0000000080000000,0x0000000082e66598,0x0000000084300000)
 Metaspace       used 58764K, committed 60096K, reserved 1114112K
  class space    used 6884K, committed 7488K, reserved 1048576K
}
Event: 66.023 GC heap before
{Heap before GC invocations=32 (full 3):
 PSYoungGen      total 22016K, used 992K [0x00000000d5580000, 0x00000000d6f80000, 0x0000000100000000)
  eden space 18432K, 0% used [0x00000000d5580000,0x00000000d5580000,0x00000000d6780000)
  from space 3584K, 27% used [0x00000000d6980000,0x00000000d6a78030,0x00000000d6d00000)
  to   space 1536K, 0% used [0x00000000d6e00000,0x00000000d6e00000,0x00000000d6f80000)
 ParOldGen       total 68608K, used 47513K [0x0000000080000000, 0x0000000084300000, 0x00000000d5580000)
  object space 68608K, 69% used [0x0000000080000000,0x0000000082e66598,0x0000000084300000)
 Metaspace       used 58764K, committed 60096K, reserved 1114112K
  class space    used 6884K, committed 7488K, reserved 1048576K
}
Event: 66.997 GC heap after
{Heap after GC invocations=32 (full 3):
 PSYoungGen      total 22016K, used 0K [0x00000000d5580000, 0x00000000d6f80000, 0x0000000100000000)
  eden space 18432K, 0% used [0x00000000d5580000,0x00000000d5580000,0x00000000d6780000)
  from space 3584K, 0% used [0x00000000d6980000,0x00000000d6980000,0x00000000d6d00000)
  to   space 1536K, 0% used [0x00000000d6e00000,0x00000000d6e00000,0x00000000d6f80000)
 ParOldGen       total 68608K, used 43625K [0x0000000080000000, 0x0000000084300000, 0x00000000d5580000)
  object space 68608K, 63% used [0x0000000080000000,0x0000000082a9a560,0x0000000084300000)
 Metaspace       used 58764K, committed 60096K, reserved 1114112K
  class space    used 6884K, committed 7488K, reserved 1048576K
}
Event: 67.725 GC heap before
{Heap before GC invocations=33 (full 3):
 PSYoungGen      total 22016K, used 18432K [0x00000000d5580000, 0x00000000d6f80000, 0x0000000100000000)
  eden space 18432K, 100% used [0x00000000d5580000,0x00000000d6780000,0x00000000d6780000)
  from space 3584K, 0% used [0x00000000d6980000,0x00000000d6980000,0x00000000d6d00000)
  to   space 1536K, 0% used [0x00000000d6e00000,0x00000000d6e00000,0x00000000d6f80000)
 ParOldGen       total 68608K, used 43625K [0x0000000080000000, 0x0000000084300000, 0x00000000d5580000)
  object space 68608K, 63% used [0x0000000080000000,0x0000000082a9a560,0x0000000084300000)
 Metaspace       used 59241K, committed 60608K, reserved 1114112K
  class space    used 6948K, committed 7552K, reserved 1048576K
}
Event: 67.736 GC heap after
{Heap after GC invocations=33 (full 3):
 PSYoungGen      total 19968K, used 1536K [0x00000000d5580000, 0x00000000d6f80000, 0x0000000100000000)
  eden space 18432K, 0% used [0x00000000d5580000,0x00000000d5580000,0x00000000d6780000)
  from space 1536K, 100% used [0x00000000d6e00000,0x00000000d6f80000,0x00000000d6f80000)
  to   space 2048K, 0% used [0x00000000d6b80000,0x00000000d6b80000,0x00000000d6d80000)
 ParOldGen       total 68608K, used 43825K [0x0000000080000000, 0x0000000084300000, 0x00000000d5580000)
  object space 68608K, 63% used [0x0000000080000000,0x0000000082acc570,0x0000000084300000)
 Metaspace       used 59241K, committed 60608K, reserved 1114112K
  class space    used 6948K, committed 7552K, reserved 1048576K
}
Event: 69.009 GC heap before
{Heap before GC invocations=34 (full 3):
 PSYoungGen      total 19968K, used 19968K [0x00000000d5580000, 0x00000000d6f80000, 0x0000000100000000)
  eden space 18432K, 100% used [0x00000000d5580000,0x00000000d6780000,0x00000000d6780000)
  from space 1536K, 100% used [0x00000000d6e00000,0x00000000d6f80000,0x00000000d6f80000)
  to   space 2048K, 0% used [0x00000000d6b80000,0x00000000d6b80000,0x00000000d6d80000)
 ParOldGen       total 68608K, used 43825K [0x0000000080000000, 0x0000000084300000, 0x00000000d5580000)
  object space 68608K, 63% used [0x0000000080000000,0x0000000082acc570,0x0000000084300000)
 Metaspace       used 60051K, committed 61376K, reserved 1114112K
  class space    used 7046K, committed 7616K, reserved 1048576K
}
Event: 69.015 GC heap after
{Heap after GC invocations=34 (full 3):
 PSYoungGen      total 20480K, used 2033K [0x00000000d5580000, 0x00000000d6f80000, 0x0000000100000000)
  eden space 18432K, 0% used [0x00000000d5580000,0x00000000d5580000,0x00000000d6780000)
  from space 2048K, 99% used [0x00000000d6b80000,0x00000000d6d7c420,0x00000000d6d80000)
  to   space 2048K, 0% used [0x00000000d6d80000,0x00000000d6d80000,0x00000000d6f80000)
 ParOldGen       total 68608K, used 45433K [0x0000000080000000, 0x0000000084300000, 0x00000000d5580000)
  object space 68608K, 66% used [0x0000000080000000,0x0000000082c5e580,0x0000000084300000)
 Metaspace       used 60051K, committed 61376K, reserved 1114112K
  class space    used 7046K, committed 7616K, reserved 1048576K
}
Event: 69.507 GC heap before
{Heap before GC invocations=35 (full 3):
 PSYoungGen      total 20480K, used 20465K [0x00000000d5580000, 0x00000000d6f80000, 0x0000000100000000)
  eden space 18432K, 100% used [0x00000000d5580000,0x00000000d6780000,0x00000000d6780000)
  from space 2048K, 99% used [0x00000000d6b80000,0x00000000d6d7c420,0x00000000d6d80000)
  to   space 2048K, 0% used [0x00000000d6d80000,0x00000000d6d80000,0x00000000d6f80000)
 ParOldGen       total 68608K, used 45433K [0x0000000080000000, 0x0000000084300000, 0x00000000d5580000)
  object space 68608K, 66% used [0x0000000080000000,0x0000000082c5e580,0x0000000084300000)
 Metaspace       used 60197K, committed 61504K, reserved 1114112K
  class space    used 7059K, committed 7616K, reserved 1048576K
}
Event: 69.515 GC heap after
{Heap after GC invocations=35 (full 3):
 PSYoungGen      total 20480K, used 1762K [0x00000000d5580000, 0x00000000d6f80000, 0x0000000100000000)
  eden space 18432K, 0% used [0x00000000d5580000,0x00000000d5580000,0x00000000d6780000)
  from space 2048K, 86% used [0x00000000d6d80000,0x00000000d6f38800,0x00000000d6f80000)
  to   space 2560K, 0% used [0x00000000d6a80000,0x00000000d6a80000,0x00000000d6d00000)
 ParOldGen       total 68608K, used 47356K [0x0000000080000000, 0x0000000084300000, 0x00000000d5580000)
  object space 68608K, 69% used [0x0000000080000000,0x0000000082e3f270,0x0000000084300000)
 Metaspace       used 60197K, committed 61504K, reserved 1114112K
  class space    used 7059K, committed 7616K, reserved 1048576K
}
Event: 69.699 GC heap before
{Heap before GC invocations=36 (full 3):
 PSYoungGen      total 20480K, used 20194K [0x00000000d5580000, 0x00000000d6f80000, 0x0000000100000000)
  eden space 18432K, 100% used [0x00000000d5580000,0x00000000d6780000,0x00000000d6780000)
  from space 2048K, 86% used [0x00000000d6d80000,0x00000000d6f38800,0x00000000d6f80000)
  to   space 2560K, 0% used [0x00000000d6a80000,0x00000000d6a80000,0x00000000d6d00000)
 ParOldGen       total 68608K, used 47356K [0x0000000080000000, 0x0000000084300000, 0x00000000d5580000)
  object space 68608K, 69% used [0x0000000080000000,0x0000000082e3f270,0x0000000084300000)
 Metaspace       used 60201K, committed 61504K, reserved 1114112K
  class space    used 7059K, committed 7616K, reserved 1048576K
}
Event: 69.704 GC heap after
{Heap after GC invocations=36 (full 3):
 PSYoungGen      total 20480K, used 1924K [0x00000000d5580000, 0x00000000d6e00000, 0x0000000100000000)
  eden space 18432K, 0% used [0x00000000d5580000,0x00000000d5580000,0x00000000d6780000)
  from space 2048K, 93% used [0x00000000d6a80000,0x00000000d6c61000,0x00000000d6c80000)
  to   space 1536K, 0% used [0x00000000d6c80000,0x00000000d6c80000,0x00000000d6e00000)
 ParOldGen       total 68608K, used 48955K [0x0000000080000000, 0x0000000084300000, 0x00000000d5580000)
  object space 68608K, 71% used [0x0000000080000000,0x0000000082fcec20,0x0000000084300000)
 Metaspace       used 60201K, committed 61504K, reserved 1114112K
  class space    used 7059K, committed 7616K, reserved 1048576K
}
Event: 70.050 GC heap before
{Heap before GC invocations=37 (full 3):
 PSYoungGen      total 20480K, used 20215K [0x00000000d5580000, 0x00000000d6e00000, 0x0000000100000000)
  eden space 18432K, 99% used [0x00000000d5580000,0x00000000d675ce08,0x00000000d6780000)
  from space 2048K, 93% used [0x00000000d6a80000,0x00000000d6c61000,0x00000000d6c80000)
  to   space 1536K, 0% used [0x00000000d6c80000,0x00000000d6c80000,0x00000000d6e00000)
 ParOldGen       total 68608K, used 48955K [0x0000000080000000, 0x0000000084300000, 0x00000000d5580000)
  object space 68608K, 71% used [0x0000000080000000,0x0000000082fcec20,0x0000000084300000)
 Metaspace       used 60361K, committed 61696K, reserved 1114112K
  class space    used 7086K, committed 7680K, reserved 1048576K
}
Event: 70.057 GC heap after
{Heap after GC invocations=37 (full 3):
 PSYoungGen      total 19968K, used 1536K [0x00000000d5580000, 0x00000000d6f80000, 0x0000000100000000)
  eden space 18432K, 0% used [0x00000000d5580000,0x00000000d5580000,0x00000000d6780000)
  from space 1536K, 100% used [0x00000000d6c80000,0x00000000d6e00000,0x00000000d6e00000)
  to   space 4096K, 0% used [0x00000000d6780000,0x00000000d6780000,0x00000000d6b80000)
 ParOldGen       total 68608K, used 51011K [0x0000000080000000, 0x0000000084300000, 0x00000000d5580000)
  object space 68608K, 74% used [0x0000000080000000,0x00000000831d0d20,0x0000000084300000)
 Metaspace       used 60361K, committed 61696K, reserved 1114112K
  class space    used 7086K, committed 7680K, reserved 1048576K
}
Event: 70.433 GC heap before
{Heap before GC invocations=38 (full 3):
 PSYoungGen      total 19968K, used 19968K [0x00000000d5580000, 0x00000000d6f80000, 0x0000000100000000)
  eden space 18432K, 100% used [0x00000000d5580000,0x00000000d6780000,0x00000000d6780000)
  from space 1536K, 100% used [0x00000000d6c80000,0x00000000d6e00000,0x00000000d6e00000)
  to   space 4096K, 0% used [0x00000000d6780000,0x00000000d6780000,0x00000000d6b80000)
 ParOldGen       total 68608K, used 51011K [0x0000000080000000, 0x0000000084300000, 0x00000000d5580000)
  object space 68608K, 74% used [0x0000000080000000,0x00000000831d0d20,0x0000000084300000)
 Metaspace       used 60620K, committed 61952K, reserved 1114112K
  class space    used 7117K, committed 7680K, reserved 1048576K
}
Event: 70.443 GC heap after
{Heap after GC invocations=38 (full 3):
 PSYoungGen      total 20480K, used 1992K [0x00000000d5580000, 0x00000000d6d80000, 0x0000000100000000)
  eden space 18432K, 0% used [0x00000000d5580000,0x00000000d5580000,0x00000000d6780000)
  from space 2048K, 97% used [0x00000000d6780000,0x00000000d6972220,0x00000000d6980000)
  to   space 3072K, 0% used [0x00000000d6a80000,0x00000000d6a80000,0x00000000d6d80000)
 ParOldGen       total 68608K, used 52561K [0x0000000080000000, 0x0000000084300000, 0x00000000d5580000)
  object space 68608K, 76% used [0x0000000080000000,0x00000000833544f0,0x0000000084300000)
 Metaspace       used 60620K, committed 61952K, reserved 1114112K
  class space    used 7117K, committed 7680K, reserved 1048576K
}
Event: 201.807 GC heap before
{Heap before GC invocations=39 (full 3):
 PSYoungGen      total 20480K, used 20424K [0x00000000d5580000, 0x00000000d6d80000, 0x0000000100000000)
  eden space 18432K, 100% used [0x00000000d5580000,0x00000000d6780000,0x00000000d6780000)
  from space 2048K, 97% used [0x00000000d6780000,0x00000000d6972220,0x00000000d6980000)
  to   space 3072K, 0% used [0x00000000d6a80000,0x00000000d6a80000,0x00000000d6d80000)
 ParOldGen       total 68608K, used 52561K [0x0000000080000000, 0x0000000084300000, 0x00000000d5580000)
  object space 68608K, 76% used [0x0000000080000000,0x00000000833544f0,0x0000000084300000)
 Metaspace       used 61499K, committed 62912K, reserved 1114112K
  class space    used 7210K, committed 7872K, reserved 1048576K
}
Event: 201.986 GC heap after
{Heap after GC invocations=39 (full 3):
 PSYoungGen      total 19968K, used 1376K [0x00000000d5580000, 0x00000000d6c00000, 0x0000000100000000)
  eden space 18432K, 0% used [0x00000000d5580000,0x00000000d5580000,0x00000000d6780000)
  from space 1536K, 89% used [0x00000000d6a80000,0x00000000d6bd8040,0x00000000d6c00000)
  to   space 2048K, 0% used [0x00000000d6800000,0x00000000d6800000,0x00000000d6a00000)
 ParOldGen       total 68608K, used 54513K [0x0000000080000000, 0x0000000084300000, 0x00000000d5580000)
  object space 68608K, 79% used [0x0000000080000000,0x000000008353c730,0x0000000084300000)
 Metaspace       used 61499K, committed 62912K, reserved 1114112K
  class space    used 7210K, committed 7872K, reserved 1048576K
}

Dll operation events (15 events):
Event: 0.070 Loaded shared library c:\Users\hafid\.vscode\extensions\redhat.java-1.50.0-win32-x64\jre\21.0.9-win32-x86_64\bin\java.dll
Event: 1.277 Loaded shared library c:\Users\hafid\.vscode\extensions\redhat.java-1.50.0-win32-x64\jre\21.0.9-win32-x86_64\bin\zip.dll
Event: 1.474 Loaded shared library C:\Users\hafid\.vscode\extensions\redhat.java-1.50.0-win32-x64\jre\21.0.9-win32-x86_64\bin\instrument.dll
Event: 1.535 Loaded shared library C:\Users\hafid\.vscode\extensions\redhat.java-1.50.0-win32-x64\jre\21.0.9-win32-x86_64\bin\net.dll
Event: 1.544 Loaded shared library C:\Users\hafid\.vscode\extensions\redhat.java-1.50.0-win32-x64\jre\21.0.9-win32-x86_64\bin\nio.dll
Event: 1.583 Loaded shared library C:\Users\hafid\.vscode\extensions\redhat.java-1.50.0-win32-x64\jre\21.0.9-win32-x86_64\bin\zip.dll
Event: 1.849 Loaded shared library C:\Users\hafid\.vscode\extensions\redhat.java-1.50.0-win32-x64\jre\21.0.9-win32-x86_64\bin\jimage.dll
Event: 2.364 Loaded shared library c:\Users\hafid\.vscode\extensions\redhat.java-1.50.0-win32-x64\jre\21.0.9-win32-x86_64\bin\verify.dll
Event: 11.615 Loaded shared library C:\Users\hafid\AppData\Roaming\Code\User\globalStorage\redhat.java\1.50.0\config_win\org.eclipse.equinox.launcher\org.eclipse.equinox.launcher.win32.win32.x86_64_1.2.1400.v20250801-0854\eclipse_11916.dll
Event: 20.088 Loaded shared library C:\Users\hafid\AppData\Local\Temp\jna-99037288\jna14559560753509414378.dll
Event: 33.334 Loaded shared library C:\Users\hafid\.vscode\extensions\redhat.java-1.50.0-win32-x64\jre\21.0.9-win32-x86_64\bin\management.dll
Event: 33.340 Loaded shared library C:\Users\hafid\.vscode\extensions\redhat.java-1.50.0-win32-x64\jre\21.0.9-win32-x86_64\bin\management_ext.dll
Event: 46.602 Loaded shared library C:\Users\hafid\.gradle\native\1def1411415f61bf3af743bc5b6707747c0891f09f0c88961ee8f79bc544acac\windows-amd64\native-platform.dll
Event: 64.341 Loaded shared library C:\Users\hafid\.vscode\extensions\redhat.java-1.50.0-win32-x64\jre\21.0.9-win32-x86_64\bin\sunmscapi.dll
Event: 65.053 Loaded shared library C:\Users\hafid\.vscode\extensions\redhat.java-1.50.0-win32-x64\jre\21.0.9-win32-x86_64\bin\extnet.dll

Deoptimization events (20 events):
Event: 72.053 Thread 0x0000021be92363f0 Uncommon trap: trap_request=0xffffff45 fr.pc=0x0000021b96fd9e70 relative=0x00000000000000d0
Event: 72.053 Thread 0x0000021be92363f0 Uncommon trap: reason=unstable_if action=reinterpret pc=0x0000021b96fd9e70 method=java.lang.StringConcatHelper.newString([BJ)Ljava/lang/String; @ 3 c2
Event: 72.053 Thread 0x0000021be92363f0 DEOPT PACKING pc=0x0000021b96fd9e70 sp=0x000000a27affec10
Event: 72.053 Thread 0x0000021be92363f0 DEOPT UNPACKING pc=0x0000021b96903aa2 sp=0x000000a27affeb98 mode 2
Event: 72.058 Thread 0x0000021be92363f0 Uncommon trap: trap_request=0xffffff45 fr.pc=0x0000021b972f4158 relative=0x0000000000001878
Event: 72.058 Thread 0x0000021be92363f0 Uncommon trap: reason=unstable_if action=reinterpret pc=0x0000021b972f4158 method=com.google.gson.stream.JsonWriter.string(Ljava/lang/String;)V @ 57 c2
Event: 72.058 Thread 0x0000021be92363f0 DEOPT PACKING pc=0x0000021b972f4158 sp=0x000000a27affe220
Event: 72.058 Thread 0x0000021be92363f0 DEOPT UNPACKING pc=0x0000021b96903aa2 sp=0x000000a27affe218 mode 2
Event: 202.136 Thread 0x0000021beb75d4a0 Uncommon trap: trap_request=0xffffffc6 fr.pc=0x0000021b96fc6614 relative=0x00000000000001f4
Event: 202.136 Thread 0x0000021beb75d4a0 Uncommon trap: reason=bimorphic_or_optimized_type_check action=maybe_recompile pc=0x0000021b96fc6614 method=java.util.Collections.eq(Ljava/lang/Object;Ljava/lang/Object;)Z @ 18 c2
Event: 202.136 Thread 0x0000021beb75d4a0 DEOPT PACKING pc=0x0000021b96fc6614 sp=0x000000a27bbfe6b0
Event: 202.137 Thread 0x0000021beb75d4a0 DEOPT UNPACKING pc=0x0000021b96903aa2 sp=0x000000a27bbfe5f0 mode 2
Event: 202.138 Thread 0x0000021beb75d4a0 Uncommon trap: trap_request=0xffffffc6 fr.pc=0x0000021b96fc6614 relative=0x00000000000001f4
Event: 202.138 Thread 0x0000021beb75d4a0 Uncommon trap: reason=bimorphic_or_optimized_type_check action=maybe_recompile pc=0x0000021b96fc6614 method=java.util.Collections.eq(Ljava/lang/Object;Ljava/lang/Object;)Z @ 18 c2
Event: 202.138 Thread 0x0000021beb75d4a0 DEOPT PACKING pc=0x0000021b96fc6614 sp=0x000000a27bbfe810
Event: 202.139 Thread 0x0000021beb75d4a0 DEOPT UNPACKING pc=0x0000021b96903aa2 sp=0x000000a27bbfe750 mode 2
Event: 204.353 Thread 0x0000021be92363f0 Uncommon trap: trap_request=0xffffffc6 fr.pc=0x0000021b972e58a4 relative=0x0000000000000d84
Event: 204.353 Thread 0x0000021be92363f0 Uncommon trap: reason=bimorphic_or_optimized_type_check action=maybe_recompile pc=0x0000021b972e58a4 method=java.util.zip.InflaterInputStream.read([BII)I @ 78 c2
Event: 204.353 Thread 0x0000021be92363f0 DEOPT PACKING pc=0x0000021b972e58a4 sp=0x000000a27affe760
Event: 204.354 Thread 0x0000021be92363f0 DEOPT UNPACKING pc=0x0000021b96903aa2 sp=0x000000a27affe750 mode 2

Classes loaded (20 events):
Event: 71.224 Loading class java/util/AbstractList$SubList$1
Event: 71.224 Loading class java/util/AbstractList$SubList$1 done
Event: 72.028 Loading class sun/net/www/http/ChunkedInputStream
Event: 72.029 Loading class sun/net/www/http/ChunkedInputStream done
Event: 72.029 Loading class sun/net/www/protocol/http/HttpURLConnection$HttpInputStream
Event: 72.029 Loading class sun/net/www/protocol/http/HttpURLConnection$HttpInputStream done
Event: 72.032 Loading class java/lang/Throwable$WrappedPrintWriter
Event: 72.035 Loading class java/lang/Throwable$PrintStreamOrWriter
Event: 72.036 Loading class java/lang/Throwable$PrintStreamOrWriter done
Event: 72.036 Loading class java/lang/Throwable$WrappedPrintWriter done
Event: 73.395 Loading class java/security/DigestInputStream
Event: 73.396 Loading class java/security/DigestInputStream done
Event: 200.817 Loading class java/util/WeakHashMap$KeyIterator
Event: 200.823 Loading class java/util/WeakHashMap$KeyIterator done
Event: 201.990 Loading class java/nio/charset/CharacterCodingException
Event: 201.991 Loading class java/nio/charset/CharacterCodingException done
Event: 201.992 Loading class java/io/SequenceInputStream
Event: 201.996 Loading class java/io/SequenceInputStream done
Event: 204.347 Loading class java/util/zip/CheckedInputStream
Event: 204.350 Loading class java/util/zip/CheckedInputStream done

Classes unloaded (7 events):
Event: 24.995 Thread 0x0000021b8c23c420 Unloading class 0x0000021ba41aac00 'java/lang/invoke/LambdaForm$MH+0x0000021ba41aac00'
Event: 24.995 Thread 0x0000021b8c23c420 Unloading class 0x0000021ba41aa800 'java/lang/invoke/LambdaForm$MH+0x0000021ba41aa800'
Event: 24.995 Thread 0x0000021b8c23c420 Unloading class 0x0000021ba41aa400 'java/lang/invoke/LambdaForm$MH+0x0000021ba41aa400'
Event: 24.995 Thread 0x0000021b8c23c420 Unloading class 0x0000021ba41aa000 'java/lang/invoke/LambdaForm$MH+0x0000021ba41aa000'
Event: 24.995 Thread 0x0000021b8c23c420 Unloading class 0x0000021ba41a9c00 'java/lang/invoke/LambdaForm$BMH+0x0000021ba41a9c00'
Event: 24.995 Thread 0x0000021b8c23c420 Unloading class 0x0000021ba41a9800 'java/lang/invoke/LambdaForm$DMH+0x0000021ba41a9800'
Event: 24.995 Thread 0x0000021b8c23c420 Unloading class 0x0000021ba41a8400 'java/lang/invoke/LambdaForm$DMH+0x0000021ba41a8400'

Classes redefined (0 events):
No events

Internal exceptions (20 events):
Event: 70.904 Thread 0x0000021beb75e1c0 Exception <a 'java/io/FileNotFoundException'{0x00000000d5fb8cf8}> (0x00000000d5fb8cf8) 
thrown [s\src\hotspot\share\prims\jni.cpp, line 520]
Event: 70.979 Thread 0x0000021beb75e1c0 Exception <a 'sun/nio/fs/WindowsException'{0x00000000d6023ea8}> (0x00000000d6023ea8) 
thrown [s\src\hotspot\share\prims\jni.cpp, line 520]
Event: 70.980 Thread 0x0000021beb75e1c0 Exception <a 'sun/nio/fs/WindowsException'{0x00000000d60245c0}> (0x00000000d60245c0) 
thrown [s\src\hotspot\share\prims\jni.cpp, line 520]
Event: 71.227 Thread 0x0000021beb75c0f0 Exception <a 'sun/nio/fs/WindowsException'{0x00000000d610d9d8}> (0x00000000d610d9d8) 
thrown [s\src\hotspot\share\prims\jni.cpp, line 520]
Event: 71.228 Thread 0x0000021beb75c0f0 Exception <a 'sun/nio/fs/WindowsException'{0x00000000d610e3c0}> (0x00000000d610e3c0) 
thrown [s\src\hotspot\share\prims\jni.cpp, line 520]
Event: 71.228 Thread 0x0000021beb75c0f0 Exception <a 'sun/nio/fs/WindowsException'{0x00000000d610f3b0}> (0x00000000d610f3b0) 
thrown [s\src\hotspot\share\prims\jni.cpp, line 520]
Event: 71.228 Thread 0x0000021beb75c0f0 Exception <a 'sun/nio/fs/WindowsException'{0x00000000d610fd78}> (0x00000000d610fd78) 
thrown [s\src\hotspot\share\prims\jni.cpp, line 520]
Event: 71.229 Thread 0x0000021beb75c0f0 Exception <a 'sun/nio/fs/WindowsException'{0x00000000d6164078}> (0x00000000d6164078) 
thrown [s\src\hotspot\share\prims\jni.cpp, line 520]
Event: 71.229 Thread 0x0000021beb75c0f0 Exception <a 'sun/nio/fs/WindowsException'{0x00000000d6164a40}> (0x00000000d6164a40) 
thrown [s\src\hotspot\share\prims\jni.cpp, line 520]
Event: 71.884 Thread 0x0000021beb75db30 Exception <a 'sun/nio/fs/WindowsException'{0x00000000d63a3958}> (0x00000000d63a3958) 
thrown [s\src\hotspot\share\prims\jni.cpp, line 520]
Event: 71.884 Thread 0x0000021beb75db30 Exception <a 'sun/nio/fs/WindowsException'{0x00000000d63a45b0}> (0x00000000d63a45b0) 
thrown [s\src\hotspot\share\prims\jni.cpp, line 520]
Event: 200.734 Thread 0x0000021beb75d4a0 Exception <a 'sun/nio/fs/WindowsException'{0x00000000d66124a0}> (0x00000000d66124a0) 
thrown [s\src\hotspot\share\prims\jni.cpp, line 520]
Event: 200.737 Thread 0x0000021beb75d4a0 Exception <a 'sun/nio/fs/WindowsException'{0x00000000d6612e88}> (0x00000000d6612e88) 
thrown [s\src\hotspot\share\prims\jni.cpp, line 520]
Event: 201.170 Thread 0x0000021beb75d4a0 Exception <a 'java/lang/NoSuchMethodError'{0x00000000d6665c40}: 'java.lang.Object java.lang.invoke.DirectMethodHandle$Holder.invokeStatic(java.lang.Object, java.lang.Object, int, java.lang.Object)'> (0x00000000d6665c40) 
thrown [s\src\hotspot\share\interpreter\linkResolver.cpp, line 773]
Event: 201.309 Thread 0x0000021beb75d4a0 Exception <a 'java/lang/NoSuchMethodError'{0x00000000d666ca20}: 'java.lang.Object java.lang.invoke.DirectMethodHandle$Holder.newInvokeSpecial(java.lang.Object, java.lang.Object, int)'> (0x00000000d666ca20) 
thrown [s\src\hotspot\share\interpreter\linkResolver.cpp, line 773]
Event: 202.290 Thread 0x0000021beb75d4a0 Exception <a 'java/io/FileNotFoundException'{0x00000000d56dbe98}> (0x00000000d56dbe98) 
thrown [s\src\hotspot\share\prims\jni.cpp, line 520]
Event: 202.291 Thread 0x0000021beb75d4a0 Exception <a 'java/io/FileNotFoundException'{0x00000000d56dceb0}> (0x00000000d56dceb0) 
thrown [s\src\hotspot\share\prims\jni.cpp, line 520]
Event: 204.072 Thread 0x0000021be92363f0 Exception <a 'java/io/FileNotFoundException'{0x00000000d589c730}> (0x00000000d589c730) 
thrown [s\src\hotspot\share\prims\jni.cpp, line 520]
Event: 204.076 Thread 0x0000021be92363f0 Exception <a 'java/io/FileNotFoundException'{0x00000000d589d9f8}> (0x00000000d589d9f8) 
thrown [s\src\hotspot\share\prims\jni.cpp, line 520]
Event: 204.076 Thread 0x0000021be92363f0 Exception <a 'java/io/FileNotFoundException'{0x00000000d589ec50}> (0x00000000d589ec50) 
thrown [s\src\hotspot\share\prims\jni.cpp, line 520]

ZGC Phase Switch (0 events):
No events

VM Operations (20 events):
Event: 120.130 Executing VM operation: RendezvousGCThreads
Event: 120.130 Executing VM operation: RendezvousGCThreads done
Event: 132.168 Executing VM operation: Cleanup
Event: 132.168 Executing VM operation: Cleanup done
Event: 197.483 Executing VM operation: Cleanup
Event: 197.495 Executing VM operation: Cleanup done
Event: 198.510 Executing VM operation: Cleanup
Event: 198.557 Executing VM operation: Cleanup done
Event: 199.559 Executing VM operation: Cleanup
Event: 199.562 Executing VM operation: Cleanup done
Event: 200.563 Executing VM operation: Cleanup
Event: 200.587 Executing VM operation: Cleanup done
Event: 201.807 Executing VM operation: ParallelGCFailedAllocation (Allocation Failure)
Event: 201.986 Executing VM operation: ParallelGCFailedAllocation (Allocation Failure) done
Event: 202.987 Executing VM operation: Cleanup
Event: 202.987 Executing VM operation: Cleanup done
Event: 203.774 Executing VM operation: HandshakeAllThreads (Deoptimize)
Event: 203.774 Executing VM operation: HandshakeAllThreads (Deoptimize) done
Event: 204.776 Executing VM operation: Cleanup
Event: 204.776 Executing VM operation: Cleanup done

Memory protections (0 events):
No events

Nmethod flushes (20 events):
Event: 66.790 Thread 0x0000021b8c23c420 flushing  nmethod 0x0000021b8fc53410
Event: 66.790 Thread 0x0000021b8c23c420 flushing  nmethod 0x0000021b8fc5e090
Event: 66.790 Thread 0x0000021b8c23c420 flushing  nmethod 0x0000021b8fc5e910
Event: 66.790 Thread 0x0000021b8c23c420 flushing  nmethod 0x0000021b8fc5ed90
Event: 66.790 Thread 0x0000021b8c23c420 flushing  nmethod 0x0000021b8fc5f310
Event: 66.791 Thread 0x0000021b8c23c420 flushing  nmethod 0x0000021b8fc60510
Event: 66.791 Thread 0x0000021b8c23c420 flushing  nmethod 0x0000021b8fc60a90
Event: 66.791 Thread 0x0000021b8c23c420 flushing  nmethod 0x0000021b8fc62190
Event: 66.791 Thread 0x0000021b8c23c420 flushing  nmethod 0x0000021b8fc63810
Event: 66.791 Thread 0x0000021b8c23c420 flushing  nmethod 0x0000021b8fc64790
Event: 66.791 Thread 0x0000021b8c23c420 flushing  nmethod 0x0000021b8fc64d90
Event: 66.791 Thread 0x0000021b8c23c420 flushing  nmethod 0x0000021b8fc65610
Event: 66.791 Thread 0x0000021b8c23c420 flushing  nmethod 0x0000021b8fc66590
Event: 66.791 Thread 0x0000021b8c23c420 flushing  nmethod 0x0000021b8fc69d90
Event: 66.791 Thread 0x0000021b8c23c420 flushing  nmethod 0x0000021b8fc6a590
Event: 66.791 Thread 0x0000021b8c23c420 flushing  nmethod 0x0000021b8fc6f210
Event: 66.791 Thread 0x0000021b8c23c420 flushing  nmethod 0x0000021b8fc6fc90
Event: 66.791 Thread 0x0000021b8c23c420 flushing  nmethod 0x0000021b8fc70e10
Event: 66.791 Thread 0x0000021b8c23c420 flushing  nmethod 0x0000021b8fc7d910
Event: 66.791 Thread 0x0000021b8c23c420 flushing  nmethod 0x0000021b8fc81110

Events (20 events):
Event: 43.787 Thread 0x0000021be9235d60 Thread added: 0x0000021beb75fc00
Event: 44.670 Thread 0x0000021be9235d60 Thread added: 0x0000021beb7629f0
Event: 60.470 Thread 0x0000021be9235d60 Thread added: 0x0000021beb75c0f0
Event: 60.678 Thread 0x0000021beb7629f0 Thread exited: 0x0000021beb7629f0
Event: 60.678 Thread 0x0000021beb75c0f0 Thread exited: 0x0000021beb75c0f0
Event: 65.208 Thread 0x0000021beb761640 Thread added: 0x0000021beb75c0f0
Event: 70.343 Thread 0x0000021be92363f0 Thread added: 0x0000021beb7629f0
Event: 70.461 Thread 0x0000021beb7629f0 Thread exited: 0x0000021beb7629f0
Event: 70.817 Thread 0x0000021be92363f0 Thread added: 0x0000021beb7629f0
Event: 71.001 Thread 0x0000021beb7629f0 Thread exited: 0x0000021beb7629f0
Event: 72.143 Thread 0x0000021be92363f0 Thread added: 0x0000021beb7629f0
Event: 72.165 Thread 0x0000021beb7629f0 Thread exited: 0x0000021beb7629f0
Event: 72.271 Thread 0x0000021be92363f0 Thread added: 0x0000021beb7629f0
Event: 72.279 Thread 0x0000021beb7629f0 Thread exited: 0x0000021beb7629f0
Event: 131.489 Thread 0x0000021be9236a80 Thread exited: 0x0000021be9236a80
Event: 131.590 Thread 0x0000021be92356d0 Thread exited: 0x0000021be92356d0
Event: 131.618 Thread 0x0000021be9235d60 Thread exited: 0x0000021be9235d60
Event: 131.701 Thread 0x0000021beb75e1c0 Thread exited: 0x0000021beb75e1c0
Event: 131.976 Thread 0x0000021beb75db30 Thread exited: 0x0000021beb75db30
Event: 192.160 Thread 0x0000021beb75c0f0 Thread exited: 0x0000021beb75c0f0


Dynamic libraries:
0x00007ff76a160000 - 0x00007ff76a16e000 	c:\Users\hafid\.vscode\extensions\redhat.java-1.50.0-win32-x64\jre\21.0.9-win32-x86_64\bin\java.exe
0x00007ffa21ff0000 - 0x00007ffa22207000 	C:\Windows\SYSTEM32\ntdll.dll
0x00007ffa21c60000 - 0x00007ffa21d24000 	C:\Windows\System32\KERNEL32.DLL
0x00007ffa1f5a0000 - 0x00007ffa1f957000 	C:\Windows\System32\KERNELBASE.dll
0x00007ffa1f480000 - 0x00007ffa1f591000 	C:\Windows\System32\ucrtbase.dll
0x00007ff9ee5f0000 - 0x00007ff9ee608000 	c:\Users\hafid\.vscode\extensions\redhat.java-1.50.0-win32-x64\jre\21.0.9-win32-x86_64\bin\jli.dll
0x00007ffa20110000 - 0x00007ffa202bf000 	C:\Windows\System32\USER32.dll
0x00007ffa1f3d0000 - 0x00007ffa1f3f6000 	C:\Windows\System32\win32u.dll
0x00007ffa20750000 - 0x00007ffa20779000 	C:\Windows\System32\GDI32.dll
0x00007ffa1fc00000 - 0x00007ffa1fd18000 	C:\Windows\System32\gdi32full.dll
0x00007ffa1f300000 - 0x00007ffa1f39a000 	C:\Windows\System32\msvcp_win.dll
0x00007ff9eb630000 - 0x00007ff9eb64e000 	c:\Users\hafid\.vscode\extensions\redhat.java-1.50.0-win32-x64\jre\21.0.9-win32-x86_64\bin\VCRUNTIME140.dll
0x00007ffa09050000 - 0x00007ffa092e3000 	C:\Windows\WinSxS\amd64_microsoft.windows.common-controls_6595b64144ccf1df_6.0.22621.3672_none_2713b9d173822955\COMCTL32.dll
0x00007ffa21f00000 - 0x00007ffa21fa7000 	C:\Windows\System32\msvcrt.dll
0x00007ffa21b40000 - 0x00007ffa21b71000 	C:\Windows\System32\IMM32.DLL
0x00007ffa00b40000 - 0x00007ffa00b4c000 	c:\Users\hafid\.vscode\extensions\redhat.java-1.50.0-win32-x64\jre\21.0.9-win32-x86_64\bin\vcruntime140_1.dll
0x00007ff9d8270000 - 0x00007ff9d82fd000 	c:\Users\hafid\.vscode\extensions\redhat.java-1.50.0-win32-x64\jre\21.0.9-win32-x86_64\bin\msvcp140.dll
0x00007ff9a6840000 - 0x00007ff9a75e0000 	c:\Users\hafid\.vscode\extensions\redhat.java-1.50.0-win32-x64\jre\21.0.9-win32-x86_64\bin\server\jvm.dll
0x00007ffa20b70000 - 0x00007ffa20c22000 	C:\Windows\System32\ADVAPI32.dll
0x00007ffa21d30000 - 0x00007ffa21dd8000 	C:\Windows\System32\sechost.dll
0x00007ffa1f3a0000 - 0x00007ffa1f3c8000 	C:\Windows\System32\bcrypt.dll
0x00007ffa218a0000 - 0x00007ffa219b4000 	C:\Windows\System32\RPCRT4.dll
0x00007ffa21de0000 - 0x00007ffa21e51000 	C:\Windows\System32\WS2_32.dll
0x00007ffa1e170000 - 0x00007ffa1e1bd000 	C:\Windows\SYSTEM32\POWRPROF.dll
0x00007ffa1b5b0000 - 0x00007ffa1b5e4000 	C:\Windows\SYSTEM32\WINMM.dll
0x00007ffa1b3e0000 - 0x00007ffa1b3ea000 	C:\Windows\SYSTEM32\VERSION.dll
0x00007ffa1e150000 - 0x00007ffa1e163000 	C:\Windows\SYSTEM32\UMPDC.dll
0x00007ffa1e3a0000 - 0x00007ffa1e3b8000 	C:\Windows\SYSTEM32\kernel.appcore.dll
0x00007ff9fe730000 - 0x00007ff9fe73a000 	c:\Users\hafid\.vscode\extensions\redhat.java-1.50.0-win32-x64\jre\21.0.9-win32-x86_64\bin\jimage.dll
0x00007ffa09320000 - 0x00007ffa09552000 	C:\Windows\SYSTEM32\DBGHELP.DLL
0x00007ffa1fd80000 - 0x00007ffa2010e000 	C:\Windows\System32\combase.dll
0x00007ffa20d80000 - 0x00007ffa20e57000 	C:\Windows\System32\OLEAUT32.dll
0x00007ffa0dfc0000 - 0x00007ffa0dff2000 	C:\Windows\SYSTEM32\dbgcore.DLL
0x00007ffa1f400000 - 0x00007ffa1f47b000 	C:\Windows\System32\bcryptPrimitives.dll
0x00007ffa09aa0000 - 0x00007ffa09aaf000 	c:\Users\hafid\.vscode\extensions\redhat.java-1.50.0-win32-x64\jre\21.0.9-win32-x86_64\bin\instrument.dll
0x00007ff9eb240000 - 0x00007ff9eb260000 	c:\Users\hafid\.vscode\extensions\redhat.java-1.50.0-win32-x64\jre\21.0.9-win32-x86_64\bin\java.dll
0x00007ffa21020000 - 0x00007ffa21889000 	C:\Windows\System32\SHELL32.dll
0x00007ffa1d230000 - 0x00007ffa1db2f000 	C:\Windows\SYSTEM32\windows.storage.dll
0x00007ffa1d0f0000 - 0x00007ffa1d22f000 	C:\Windows\SYSTEM32\wintypes.dll
0x00007ffa20c80000 - 0x00007ffa20d79000 	C:\Windows\System32\SHCORE.dll
0x00007ffa20800000 - 0x00007ffa2085e000 	C:\Windows\System32\shlwapi.dll
0x00007ffa1f230000 - 0x00007ffa1f257000 	C:\Windows\SYSTEM32\profapi.dll
0x00007ff9f0b50000 - 0x00007ff9f0b68000 	c:\Users\hafid\.vscode\extensions\redhat.java-1.50.0-win32-x64\jre\21.0.9-win32-x86_64\bin\zip.dll
0x00007ff9fb2c0000 - 0x00007ff9fb2d0000 	C:\Users\hafid\.vscode\extensions\redhat.java-1.50.0-win32-x64\jre\21.0.9-win32-x86_64\bin\net.dll
0x00007ffa1aa30000 - 0x00007ffa1ab66000 	C:\Windows\SYSTEM32\WINHTTP.dll
0x00007ffa1e860000 - 0x00007ffa1e8c9000 	C:\Windows\system32\mswsock.dll
0x00007ff9f0b30000 - 0x00007ff9f0b46000 	C:\Users\hafid\.vscode\extensions\redhat.java-1.50.0-win32-x64\jre\21.0.9-win32-x86_64\bin\nio.dll
0x00007ffa00b60000 - 0x00007ffa00b70000 	c:\Users\hafid\.vscode\extensions\redhat.java-1.50.0-win32-x64\jre\21.0.9-win32-x86_64\bin\verify.dll
0x00007ff9d8970000 - 0x00007ff9d89b4000 	C:\Users\hafid\AppData\Roaming\Code\User\globalStorage\redhat.java\1.50.0\config_win\org.eclipse.equinox.launcher\org.eclipse.equinox.launcher.win32.win32.x86_64_1.2.1400.v20250801-0854\eclipse_11916.dll
0x00007ffa209c0000 - 0x00007ffa20b65000 	C:\Windows\System32\ole32.dll
0x00007ffa1ebb0000 - 0x00007ffa1ebcb000 	C:\Windows\SYSTEM32\CRYPTSP.dll
0x00007ffa1e360000 - 0x00007ffa1e395000 	C:\Windows\system32\rsaenh.dll
0x00007ffa1e900000 - 0x00007ffa1e928000 	C:\Windows\SYSTEM32\USERENV.dll
0x00007ffa1eb90000 - 0x00007ffa1eb9c000 	C:\Windows\SYSTEM32\CRYPTBASE.dll
0x00007ffa1de40000 - 0x00007ffa1de6d000 	C:\Windows\SYSTEM32\IPHLPAPI.DLL
0x00007ffa21890000 - 0x00007ffa21899000 	C:\Windows\System32\NSI.dll
0x00007ff9d88a0000 - 0x00007ff9d88e9000 	C:\Users\hafid\AppData\Local\Temp\jna-99037288\jna14559560753509414378.dll
0x00007ffa21b80000 - 0x00007ffa21b88000 	C:\Windows\System32\PSAPI.DLL
0x00007ffa195a0000 - 0x00007ffa195aa000 	C:\Users\hafid\.vscode\extensions\redhat.java-1.50.0-win32-x64\jre\21.0.9-win32-x86_64\bin\management.dll
0x00007ffa18c10000 - 0x00007ffa18c1c000 	C:\Users\hafid\.vscode\extensions\redhat.java-1.50.0-win32-x64\jre\21.0.9-win32-x86_64\bin\management_ext.dll
0x00007ffa19bd0000 - 0x00007ffa19be9000 	C:\Windows\SYSTEM32\dhcpcsvc6.DLL
0x00007ffa19a90000 - 0x00007ffa19aaf000 	C:\Windows\SYSTEM32\dhcpcsvc.DLL
0x00007ff9e5d80000 - 0x00007ff9e5da7000 	C:\Users\hafid\.gradle\native\1def1411415f61bf3af743bc5b6707747c0891f09f0c88961ee8f79bc544acac\windows-amd64\native-platform.dll
0x00007ffa18c00000 - 0x00007ffa18c0e000 	C:\Users\hafid\.vscode\extensions\redhat.java-1.50.0-win32-x64\jre\21.0.9-win32-x86_64\bin\sunmscapi.dll
0x00007ffa1fa90000 - 0x00007ffa1fbf6000 	C:\Windows\System32\CRYPT32.dll
0x00007ffa1ecc0000 - 0x00007ffa1eced000 	C:\Windows\SYSTEM32\ncrypt.dll
0x00007ffa1ec80000 - 0x00007ffa1ecb7000 	C:\Windows\SYSTEM32\NTASN1.dll
0x00007ffa1de70000 - 0x00007ffa1df72000 	C:\Windows\SYSTEM32\DNSAPI.dll
0x00007ffa13f30000 - 0x00007ffa13f3a000 	C:\Windows\System32\rasadhlp.dll
0x00007ffa18670000 - 0x00007ffa186f3000 	C:\Windows\System32\fwpuclnt.dll
0x00007ffa09ab0000 - 0x00007ffa09ab9000 	C:\Users\hafid\.vscode\extensions\redhat.java-1.50.0-win32-x64\jre\21.0.9-win32-x86_64\bin\extnet.dll

JVMTI agents:
c:\Users\hafid\.vscode\extensions\redhat.java-1.50.0-win32-x64\lombok\lombok-1.18.39-4050.jar path:c:\Users\hafid\.vscode\extensions\redhat.java-1.50.0-win32-x64\jre\21.0.9-win32-x86_64\bin\instrument.dll, loaded, initialized, instrumentlib options:none

dbghelp: loaded successfully - version: 4.0.5 - missing functions: none
symbol engine: initialized successfully - sym options: 0x614 - pdb path: .;c:\Users\hafid\.vscode\extensions\redhat.java-1.50.0-win32-x64\jre\21.0.9-win32-x86_64\bin;C:\Windows\SYSTEM32;C:\Windows\WinSxS\amd64_microsoft.windows.common-controls_6595b64144ccf1df_6.0.22621.3672_none_2713b9d173822955;c:\Users\hafid\.vscode\extensions\redhat.java-1.50.0-win32-x64\jre\21.0.9-win32-x86_64\bin\server;C:\Users\hafid\AppData\Roaming\Code\User\globalStorage\redhat.java\1.50.0\config_win\org.eclipse.equinox.launcher\org.eclipse.equinox.launcher.win32.win32.x86_64_1.2.1400.v20250801-0854;C:\Users\hafid\AppData\Local\Temp\jna-99037288;C:\Users\hafid\.gradle\native\1def1411415f61bf3af743bc5b6707747c0891f09f0c88961ee8f79bc544acac\windows-amd64

VM Arguments:
jvm_args: --add-modules=ALL-SYSTEM --add-opens=java.base/java.util=ALL-UNNAMED --add-opens=java.base/java.lang=ALL-UNNAMED --add-opens=java.base/sun.nio.fs=ALL-UNNAMED -Declipse.application=org.eclipse.jdt.ls.core.id1 -Dosgi.bundles.defaultStartLevel=4 -Declipse.product=org.eclipse.jdt.ls.core.product -Djava.import.generatesMetadataFilesAtProjectRoot=false -DDetectVMInstallationsJob.disabled=true -Dfile.encoding=utf8 -XX:+UseParallelGC -XX:GCTimeRatio=4 -XX:AdaptiveSizePolicyWeight=90 -Dsun.zip.disableMemoryMapping=true -Xmx2G -Xms100m -Xlog:disable -javaagent:c:\Users\hafid\.vscode\extensions\redhat.java-1.50.0-win32-x64\lombok\lombok-1.18.39-4050.jar -XX:+HeapDumpOnOutOfMemoryError -XX:HeapDumpPath=c:\Users\hafid\AppData\Roaming\Code\User\workspaceStorage\271670c6d88b3c30270340dfd9cafa37\redhat.java -Daether.dependencyCollector.impl=bf 
java_command: c:\Users\hafid\.vscode\extensions\redhat.java-1.50.0-win32-x64\server\plugins\org.eclipse.equinox.launcher_1.7.100.v20251111-0406.jar -configuration c:\Users\hafid\AppData\Roaming\Code\User\globalStorage\redhat.java\1.50.0\config_win -data c:\Users\hafid\AppData\Roaming\Code\User\workspaceStorage\271670c6d88b3c30270340dfd9cafa37\redhat.java\jdt_ws --pipe=\\.\pipe\lsp-0c8811ab128bef9c65d43a4f29fd2f1a-sock
java_class_path (initial): c:\Users\hafid\.vscode\extensions\redhat.java-1.50.0-win32-x64\server\plugins\org.eclipse.equinox.launcher_1.7.100.v20251111-0406.jar
Launcher Type: SUN_STANDARD

[Global flags]
    uintx AdaptiveSizePolicyWeight                 = 90                                        {product} {command line}
     intx CICompilerCount                          = 3                                         {product} {ergonomic}
    uintx GCTimeRatio                              = 4                                         {product} {command line}
     bool HeapDumpOnOutOfMemoryError               = true                                   {manageable} {command line}
    ccstr HeapDumpPath                             = c:\Users\hafid\AppData\Roaming\Code\User\workspaceStorage\271670c6d88b3c30270340dfd9cafa37\redhat.java         {manageable} {command line}
   size_t InitialHeapSize                          = 104857600                                 {product} {command line}
   size_t MaxHeapSize                              = 2147483648                                {product} {command line}
   size_t MaxNewSize                               = 715653120                                 {product} {ergonomic}
   size_t MinHeapDeltaBytes                        = 524288                                    {product} {ergonomic}
   size_t MinHeapSize                              = 104857600                                 {product} {command line}
   size_t NewSize                                  = 34603008                                  {product} {ergonomic}
    uintx NonNMethodCodeHeapSize                   = 5832780                                {pd product} {ergonomic}
    uintx NonProfiledCodeHeapSize                  = 122912730                              {pd product} {ergonomic}
   size_t OldSize                                  = 70254592                                  {product} {ergonomic}
    uintx ProfiledCodeHeapSize                     = 122912730                              {pd product} {ergonomic}
    uintx ReservedCodeCacheSize                    = 251658240                              {pd product} {ergonomic}
     bool SegmentedCodeCache                       = true                                      {product} {ergonomic}
   size_t SoftMaxHeapSize                          = 2147483648                             {manageable} {ergonomic}
     bool UseCompressedOops                        = true                           {product lp64_product} {ergonomic}
     bool UseLargePagesIndividualAllocation        = false                                  {pd product} {ergonomic}
     bool UseParallelGC                            = true                                      {product} {command line}

Logging:
Log output configuration:
 #0: stdout all=off uptime,level,tags foldmultilines=false
 #1: stderr all=off uptime,level,tags foldmultilines=false

Release file:
JAVA_VERSION="21.0.9" 
MODULES="java.base java.compiler java.datatransfer java.xml java.prefs java.desktop java.instrument java.logging java.management java.security.sasl java.naming java.rmi java.management.rmi java.net.http java.scripting java.security.jgss java.transaction.xa java.sql java.sql.rowset java.xml.crypto java.se java.smartcardio jdk.accessibility jdk.internal.jvmstat jdk.attach jdk.charsets jdk.internal.opt jdk.zipfs jdk.compiler jdk.crypto.ec jdk.crypto.cryptoki jdk.crypto.mscapi jdk.dynalink jdk.internal.ed jdk.editpad jdk.hotspot.agent jdk.httpserver jdk.internal.le jdk.internal.vm.ci jdk.internal.vm.compiler jdk.internal.vm.compiler.management jdk.jartool jdk.javadoc jdk.jcmd jdk.management jdk.management.agent jdk.jconsole jdk.jdeps jdk.jdwp.agent jdk.jdi jdk.jfr jdk.jshell jdk.jsobject jdk.jstatd jdk.localedata jdk.management.jfr jdk.naming.dns jdk.naming.rmi jdk.net jdk.nio.mapmode jdk.random jdk.sctp jdk.security.auth jdk.security.jgss jdk.unsupported jdk.unsupported.desktop jdk.xml.dom" 

Environment Variables:
JAVA_HOME=C:\Program Files\Eclipse Adoptium\jdk-17.0.15.6-hotspot
PATH=C:\Program Files\Eclipse Adoptium\jdk-17.0.15.6-hotspot\bin;C:\Program Files\Eclipse Adoptium\jdk-17.0.15.6-hotspot\bin;C:\Program Files\Common Files\Oracle\Java\javapath;C:\ProgramData\Oracle\Java\javapath;C:\Windows\system32;C:\Windows;C:\Windows\System32\Wbem;C:\Windows\System32\WindowsPowerShell\v1.0\;C:\Windows\System32\OpenSSH\;C:\Program Files (x86)\NVIDIA Corporation\PhysX\Common;C:\Windows\System32;C:\Users\Git\cmd;C:\Program Files\Docker\Docker\resources\bin;C:\Program Files\MongoDB\Server\8.0\bin;C:\xampp\php;C:\ProgramData\ComposerSetup\bin;C:\flutter\bin;C:\Users\hafid\AppData\Local\Android\sdk\platform-tools;C:\Program Files\nodejs\;C:\kotlinc\bin;C:\Users\hafid\AppData\Local\Programs\Python\Python310\Scripts\;C:\Users\hafid\AppData\Local\Programs\Python\Python310\;C:\Users\hafid\AppData\Local\Microsoft\WindowsApps;C:\Users\hafid\AppData\Local\Programs\Microsoft VS Code\bin;C:\Users\hafid\AppData\Roaming\Composer\vendor\bin;C:\Users\hafid\AppData\Roaming\npm;C:\Users\hafid\AppData\Local\Google\Cloud SDK\google-cloud-sdk\bin;D:\cursor\resources\app\bin;C:\Users\hafid\AppData\Local\Programs\Windsurf\bin;C:\Users\hafid\AppData\Local\Programs\Antigravity\bin
USERNAME=hafid
OS=Windows_NT
PROCESSOR_IDENTIFIER=Intel64 Family 6 Model 142 Stepping 9, GenuineIntel
TMP=C:\Users\hafid\AppData\Local\Temp
TEMP=C:\Users\hafid\AppData\Local\Temp




Periodic native trim disabled

---------------  S Y S T E M  ---------------

OS:
 Windows 11 , 64 bit Build 22621 (10.0.22621.3958)
OS uptime: 0 days 4:50 hours
Hyper-V role detected

CPU: total 4 (initial active 4) (2 cores per cpu, 2 threads per core) family 6 model 142 stepping 9 microcode 0xde, cx8, cmov, fxsr, ht, mmx, 3dnowpref, sse, sse2, sse3, ssse3, sse4.1, sse4.2, popcnt, lzcnt, tsc, tscinvbit, avx, avx2, aes, erms, clmul, bmi1, bmi2, adx, fma, vzeroupper, clflush, clflushopt, hv, rdtscp, f16c
Processor Information for the first 4 processors :
  Max Mhz: 2712, Current Mhz: 2511, Mhz Limit: 2495

Memory: 4k page, system-wide physical 3964M (396M free)
TotalPageFile size 16252M (AvailPageFile size 53M)
current process WorkingSet (physical memory assigned to process): 18M, peak: 236M
current process commit charge ("private bytes"): 330M, peak: 346M

vm_info: OpenJDK 64-Bit Server VM (21.0.9+10-LTS) for windows-amd64 JRE (21.0.9+10-LTS), built on 2025-10-21T00:00:00Z by "admin" with unknown MS VC++:1942

END.
