#
# There is insufficient memory for the Java Runtime Environment to continue.
# Native memory allocation (mmap) failed to map 60817408 bytes. Error detail: G1 virtual space
# Possible reasons:
#   The system is out of physical RAM or swap space
#   This process is running with CompressedOops enabled, and the Java Heap may be blocking the growth of the native heap
# Possible solutions:
#   Reduce memory load on the system
#   Increase physical memory or swap space
#   Check if swap backing store is full
#   Decrease Java heap size (-Xmx/-Xms)
#   Decrease number of Java threads
#   Decrease Java thread stack sizes (-Xss)
#   Set larger code cache with -XX:ReservedCodeCacheSize=
#   JVM is running with Unscaled Compressed Oops mode in which the Java heap is
#     placed in the first 4GB address space. The Java Heap base address is the
#     maximum limit for the native heap growth. Please use -XX:HeapBaseMinAddress
#     to set the Java Heap base and to place the Java Heap above 4GB virtual address.
# This output file may be truncated or incomplete.
#
#  Out of Memory Error (os_windows.cpp:3618), pid=13276, tid=5724
#
# JRE version: OpenJDK Runtime Environment Temurin-17.0.15+6 (17.0.15+6) (build 17.0.15+6)
# Java VM: OpenJDK 64-Bit Server VM Temurin-17.0.15+6 (17.0.15+6, mixed mode, sharing, tiered, compressed oops, compressed class ptrs, g1 gc, windows-amd64)
# No core dump will be written. Minidumps are not enabled by default on client versions of Windows
#

---------------  S U M M A R Y ------------

Command Line: --add-opens=java.base/java.lang=ALL-UNNAMED --add-opens=java.base/java.lang.invoke=ALL-UNNAMED --add-opens=java.base/java.util=ALL-UNNAMED --add-opens=java.prefs/java.util.prefs=ALL-UNNAMED --add-exports=jdk.compiler/com.sun.tools.javac.api=ALL-UNNAMED --add-exports=jdk.compiler/com.sun.tools.javac.util=ALL-UNNAMED --add-opens=java.base/java.util=ALL-UNNAMED --add-opens=java.prefs/java.util.prefs=ALL-UNNAMED --add-opens=java.base/java.nio.charset=ALL-UNNAMED --add-opens=java.base/java.net=ALL-UNNAMED --add-opens=java.base/java.util.concurrent.atomic=ALL-UNNAMED --add-opens=java.xml/javax.xml.namespace=ALL-UNNAMED -Xmx2048m -Dfile.encoding=UTF-8 -Duser.country=ID -Duser.language=en -Duser.variant -javaagent:C:\Users\hafid\.gradle\wrapper\dists\gradle-8.13-bin\5xuhj0ry160q40clulazy9h7d\gradle-8.13\lib\agents\gradle-instrumentation-agent-8.13.jar org.gradle.launcher.daemon.bootstrap.GradleDaemon 8.13

Host: Intel(R) Core(TM) i5-7200U CPU @ 2.50GHz, 4 cores, 3G,  Windows 11 , 64 bit Build 22621 (10.0.22621.3958)
Time: Fri Dec  5 08:53:06 2025 SE Asia Standard Time elapsed time: 95.897277 seconds (0d 0h 1m 35s)

---------------  T H R E A D  ---------------

Current thread (0x000002185af20410):  VMThread "VM Thread" [stack: 0x0000005256600000,0x0000005256700000] [id=5724]

Stack: [0x0000005256600000,0x0000005256700000]
Native frames: (J=compiled Java code, j=interpreted, Vv=VM code, C=native code)
V  [jvm.dll+0x682fc9]
V  [jvm.dll+0x839878]
V  [jvm.dll+0x83b323]
V  [jvm.dll+0x83b993]
V  [jvm.dll+0x24725f]
V  [jvm.dll+0x67fda9]
V  [jvm.dll+0x674c9a]
V  [jvm.dll+0x304d06]
V  [jvm.dll+0x30c1c6]
V  [jvm.dll+0x35dd4e]
V  [jvm.dll+0x35df8d]
V  [jvm.dll+0x2dc0cc]
V  [jvm.dll+0x2da46f]
V  [jvm.dll+0x2d9bdc]
V  [jvm.dll+0x31d3bb]
V  [jvm.dll+0x8401cd]
V  [jvm.dll+0x840f03]
V  [jvm.dll+0x84142f]
V  [jvm.dll+0x841814]
V  [jvm.dll+0x8418de]
V  [jvm.dll+0x7e94dc]
V  [jvm.dll+0x681ea7]
C  [ucrtbase.dll+0x29333]
C  [KERNEL32.DLL+0x1257d]
C  [ntdll.dll+0x5af08]

VM_Operation (0x0000005257ffe1f0): G1CollectForAllocation, mode: safepoint, requested by thread 0x00000218a050b380


---------------  P R O C E S S  ---------------

Threads class SMR info:
_java_thread_list=0x00000218a21dd810, length=46, elements={
0x000002183d3424c0, 0x000002185af26670, 0x000002185af274f0, 0x000002185af3bfc0,
0x000002185af3daa0, 0x000002185af40570, 0x000002185af40f30, 0x000002185af41cd0,
0x000002185afa7ea0, 0x000002185afaa4c0, 0x00000218a017a470, 0x00000218a02309e0,
0x00000218a01bc500, 0x00000218a196e770, 0x00000218a0ab9050, 0x00000218a0fe2050,
0x00000218a0be9df0, 0x00000218a0509520, 0x00000218a0509f40, 0x00000218a0509a30,
0x00000218a050a960, 0x00000218a050a450, 0x00000218a050b380, 0x00000218a05085f0,
0x00000218a050ae70, 0x00000218a05080e0, 0x00000218a0508b00, 0x00000218a0509010,
0x00000218a25f3d10, 0x00000218a25f7ee0, 0x00000218a25f6080, 0x00000218a25f8e10,
0x00000218a25f74c0, 0x00000218a25f32f0, 0x00000218a25f6590, 0x00000218a25f9830,
0x00000218a25f5660, 0x00000218a25f6fb0, 0x00000218a25f8900, 0x00000218a25f9d40,
0x00000218a25f28d0, 0x00000218a25fa250, 0x00000218a25f4c40, 0x00000218a25f2de0,
0x00000218a25f5150, 0x00000218a25f4730
}

Java Threads: ( => current thread )
  0x000002183d3424c0 JavaThread "main" [_thread_blocked, id=4488, stack(0x0000005256000000,0x0000005256100000)]
  0x000002185af26670 JavaThread "Reference Handler" daemon [_thread_blocked, id=952, stack(0x0000005256700000,0x0000005256800000)]
  0x000002185af274f0 JavaThread "Finalizer" daemon [_thread_blocked, id=9404, stack(0x0000005256800000,0x0000005256900000)]
  0x000002185af3bfc0 JavaThread "Signal Dispatcher" daemon [_thread_blocked, id=1108, stack(0x0000005256900000,0x0000005256a00000)]
  0x000002185af3daa0 JavaThread "Attach Listener" daemon [_thread_blocked, id=10696, stack(0x0000005256a00000,0x0000005256b00000)]
  0x000002185af40570 JavaThread "Service Thread" daemon [_thread_blocked, id=4388, stack(0x0000005256b00000,0x0000005256c00000)]
  0x000002185af40f30 JavaThread "Monitor Deflation Thread" daemon [_thread_blocked, id=8212, stack(0x0000005256c00000,0x0000005256d00000)]
  0x000002185af41cd0 JavaThread "C2 CompilerThread0" daemon [_thread_blocked, id=6200, stack(0x0000005256d00000,0x0000005256e00000)]
  0x000002185afa7ea0 JavaThread "C1 CompilerThread0" daemon [_thread_blocked, id=11312, stack(0x0000005256e00000,0x0000005256f00000)]
  0x000002185afaa4c0 JavaThread "Sweeper thread" daemon [_thread_blocked, id=12520, stack(0x0000005256f00000,0x0000005257000000)]
  0x00000218a017a470 JavaThread "Common-Cleaner" daemon [_thread_blocked, id=6736, stack(0x0000005257000000,0x0000005257100000)]
  0x00000218a02309e0 JavaThread "Notification Thread" daemon [_thread_blocked, id=5568, stack(0x0000005257100000,0x0000005257200000)]
  0x00000218a01bc500 JavaThread "Daemon health stats" [_thread_blocked, id=3292, stack(0x0000005257600000,0x0000005257700000)]
  0x00000218a196e770 JavaThread "Incoming local TCP Connector on port 64767" [_thread_in_native, id=16140, stack(0x0000005257700000,0x0000005257800000)]
  0x00000218a0ab9050 JavaThread "Daemon periodic checks" [_thread_blocked, id=3256, stack(0x0000005257800000,0x0000005257900000)]
  0x00000218a0fe2050 JavaThread "Daemon" [_thread_blocked, id=14980, stack(0x0000005257900000,0x0000005257a00000)]
  0x00000218a0be9df0 JavaThread "Handler for socket connection from /127.0.0.1:64767 to /127.0.0.1:64768" [_thread_in_native, id=6108, stack(0x0000005257a00000,0x0000005257b00000)]
  0x00000218a0509520 JavaThread "Cancel handler" [_thread_blocked, id=5540, stack(0x0000005255f00000,0x0000005256000000)]
  0x00000218a0509f40 JavaThread "Daemon worker" [_thread_blocked, id=9940, stack(0x0000005257b00000,0x0000005257c00000)]
  0x00000218a0509a30 JavaThread "Asynchronous log dispatcher for DefaultDaemonConnection: socket connection from /127.0.0.1:64767 to /127.0.0.1:64768" [_thread_blocked, id=9732, stack(0x0000005257c00000,0x0000005257d00000)]
  0x00000218a050a960 JavaThread "Stdin handler" [_thread_blocked, id=15696, stack(0x0000005257d00000,0x0000005257e00000)]
  0x00000218a050a450 JavaThread "Daemon client event forwarder" [_thread_blocked, id=6420, stack(0x0000005257e00000,0x0000005257f00000)]
  0x00000218a050b380 JavaThread "Cache worker for journal cache (C:\Users\hafid\.gradle\caches\journal-1)" [_thread_blocked, id=13784, stack(0x0000005257f00000,0x0000005258000000)]
  0x00000218a05085f0 JavaThread "File lock request listener" [_thread_in_native, id=3752, stack(0x0000005258000000,0x0000005258100000)]
  0x00000218a050ae70 JavaThread "Cache worker for file hash cache (C:\Users\hafid\.gradle\caches\8.13\fileHashes)" [_thread_blocked, id=2968, stack(0x0000005258100000,0x0000005258200000)]
  0x00000218a05080e0 JavaThread "Cache worker for file hash cache (C:\Sparin Clone\SparIn\.gradle\8.13\fileHashes)" [_thread_blocked, id=10468, stack(0x0000005258400000,0x0000005258500000)]
  0x00000218a0508b00 JavaThread "Cache worker for Build Output Cleanup Cache (C:\Sparin Clone\SparIn\.gradle\buildOutputCleanup)" [_thread_blocked, id=4780, stack(0x0000005258500000,0x0000005258600000)]
  0x00000218a0509010 JavaThread "File watcher server" daemon [_thread_in_native, id=9980, stack(0x0000005258600000,0x0000005258700000)]
  0x00000218a25f3d10 JavaThread "File watcher consumer" daemon [_thread_blocked, id=14640, stack(0x0000005258700000,0x0000005258800000)]
  0x00000218a25f7ee0 JavaThread "jar transforms" [_thread_blocked, id=13280, stack(0x0000005258800000,0x0000005258900000)]
  0x00000218a25f6080 JavaThread "jar transforms Thread 2" [_thread_blocked, id=13956, stack(0x0000005258900000,0x0000005258a00000)]
  0x00000218a25f8e10 JavaThread "jar transforms Thread 3" [_thread_blocked, id=13904, stack(0x0000005258a00000,0x0000005258b00000)]
  0x00000218a25f74c0 JavaThread "jar transforms Thread 4" [_thread_blocked, id=2716, stack(0x0000005255d00000,0x0000005255e00000)]
  0x00000218a25f32f0 JavaThread "Cache worker for checksums cache (C:\Sparin Clone\SparIn\.gradle\8.13\checksums)" [_thread_blocked, id=3028, stack(0x0000005255e00000,0x0000005255f00000)]
  0x00000218a25f6590 JavaThread "Cache worker for file content cache (C:\Users\hafid\.gradle\caches\8.13\fileContent)" [_thread_blocked, id=14284, stack(0x0000005258b00000,0x0000005258c00000)]
  0x00000218a25f9830 JavaThread "Cache worker for cache directory md-supplier (C:\Users\hafid\.gradle\caches\8.13\md-supplier)" [_thread_blocked, id=13628, stack(0x0000005258c00000,0x0000005258d00000)]
  0x00000218a25f5660 JavaThread "Cache worker for cache directory md-rule (C:\Users\hafid\.gradle\caches\8.13\md-rule)" [_thread_blocked, id=5992, stack(0x0000005258d00000,0x0000005258e00000)]
  0x00000218a25f6fb0 JavaThread "Unconstrained build operations" [_thread_blocked, id=9956, stack(0x0000005258e00000,0x0000005258f00000)]
  0x00000218a25f8900 JavaThread "Unconstrained build operations Thread 2" [_thread_blocked, id=11740, stack(0x0000005258f00000,0x0000005259000000)]
  0x00000218a25f9d40 JavaThread "Unconstrained build operations Thread 3" [_thread_blocked, id=9552, stack(0x0000005259000000,0x0000005259100000)]
  0x00000218a25f28d0 JavaThread "Unconstrained build operations Thread 4" [_thread_blocked, id=14544, stack(0x0000005259100000,0x0000005259200000)]
  0x00000218a25fa250 JavaThread "Unconstrained build operations Thread 5" [_thread_blocked, id=14104, stack(0x0000005259200000,0x0000005259300000)]
  0x00000218a25f4c40 JavaThread "Unconstrained build operations Thread 6" [_thread_blocked, id=15532, stack(0x0000005259300000,0x0000005259400000)]
  0x00000218a25f2de0 JavaThread "Unconstrained build operations Thread 7" [_thread_blocked, id=15672, stack(0x0000005259400000,0x0000005259500000)]
  0x00000218a25f5150 JavaThread "Unconstrained build operations Thread 8" [_thread_blocked, id=2632, stack(0x0000005259500000,0x0000005259600000)]
  0x00000218a25f4730 JavaThread "Unconstrained build operations Thread 9" [_thread_blocked, id=12948, stack(0x0000005259600000,0x0000005259700000)]

Other Threads:
=>0x000002185af20410 VMThread "VM Thread" [stack: 0x0000005256600000,0x0000005256700000] [id=5724]
  0x00000218a0244800 WatcherThread [stack: 0x0000005257200000,0x0000005257300000] [id=11248]
  0x000002183d39b810 GCTaskThread "GC Thread#0" [stack: 0x0000005256100000,0x0000005256200000] [id=6300]
  0x00000218a032eef0 GCTaskThread "GC Thread#1" [stack: 0x0000005257300000,0x0000005257400000] [id=1388]
  0x00000218a047d950 GCTaskThread "GC Thread#2" [stack: 0x0000005257400000,0x0000005257500000] [id=15952]
  0x00000218a0a9bab0 GCTaskThread "GC Thread#3" [stack: 0x0000005257500000,0x0000005257600000] [id=15680]
  0x000002183d3ac090 ConcurrentGCThread "G1 Main Marker" [stack: 0x0000005256200000,0x0000005256300000] [id=9280]
  0x000002183d3ae260 ConcurrentGCThread "G1 Conc#0" [stack: 0x0000005256300000,0x0000005256400000] [id=11244]
  0x000002183b2ceca0 ConcurrentGCThread "G1 Refine#0" [stack: 0x0000005256400000,0x0000005256500000] [id=16148]
  0x000002183d3e8be0 ConcurrentGCThread "G1 Service" [stack: 0x0000005256500000,0x0000005256600000] [id=4316]

Threads with active compile tasks:

VM state: at safepoint (normal execution)

VM Mutex/Monitor currently owned by a thread:  ([mutex/lock_event])
[0x000002183d33cce0] Threads_lock - owner thread: 0x000002185af20410
[0x000002183d33d8b0] Heap_lock - owner thread: 0x00000218a050b380

Heap address: 0x0000000080000000, size: 2048 MB, Compressed Oops mode: 32-bit

CDS archive(s) mapped at: [0x000002185b000000-0x000002185bbb0000-0x000002185bbb0000), size 12255232, SharedBaseAddress: 0x000002185b000000, ArchiveRelocationMode: 1.
Compressed class space mapped at: 0x000002185c000000-0x000002189c000000, reserved size: 1073741824
Narrow klass base: 0x000002185b000000, Narrow klass shift: 0, Narrow klass range: 0x100000000

GC Precious Log:
 CPUs: 4 total, 4 available
 Memory: 3964M
 Large Page Support: Disabled
 NUMA Support: Disabled
 Compressed Oops: Enabled (32-bit)
 Heap Region Size: 1M
 Heap Min Capacity: 8M
 Heap Initial Capacity: 62M
 Heap Max Capacity: 2G
 Pre-touch: Disabled
 Parallel Workers: 4
 Concurrent Workers: 1
 Concurrent Refinement Workers: 4
 Periodic GC: Disabled

Heap:
 garbage-first heap   total 94208K, used 57696K [0x0000000080000000, 0x0000000100000000)
  region size 1024K, 3 young (3072K), 3 survivors (3072K)
 Metaspace       used 56937K, committed 57600K, reserved 1114112K
  class space    used 7854K, committed 8192K, reserved 1048576K

Heap Regions: E=young(eden), S=young(survivor), O=old, HS=humongous(starts), HC=humongous(continues), CS=collection set, F=free, OA=open archive, CA=closed archive, TAMS=top-at-mark-start (previous, next)
|   0|0x0000000080000000, 0x0000000080100000, 0x0000000080100000|100%|HS|  |TAMS 0x0000000080100000, 0x0000000080000000| Complete 
|   1|0x0000000080100000, 0x0000000080200000, 0x0000000080200000|100%|HC|  |TAMS 0x0000000080200000, 0x0000000080100000| Complete 
|   2|0x0000000080200000, 0x0000000080300000, 0x0000000080300000|100%|HC|  |TAMS 0x0000000080300000, 0x0000000080200000| Complete 
|   3|0x0000000080300000, 0x0000000080400000, 0x0000000080400000|100%| O|  |TAMS 0x0000000080400000, 0x0000000080300000| Untracked 
|   4|0x0000000080400000, 0x0000000080500000, 0x0000000080500000|100%| O|  |TAMS 0x0000000080500000, 0x0000000080400000| Untracked 
|   5|0x0000000080500000, 0x0000000080600000, 0x0000000080600000|100%| O|  |TAMS 0x0000000080600000, 0x0000000080500000| Untracked 
|   6|0x0000000080600000, 0x0000000080700000, 0x0000000080700000|100%| O|  |TAMS 0x0000000080700000, 0x0000000080600000| Untracked 
|   7|0x0000000080700000, 0x0000000080800000, 0x0000000080800000|100%| O|  |TAMS 0x0000000080800000, 0x0000000080700000| Untracked 
|   8|0x0000000080800000, 0x0000000080900000, 0x0000000080900000|100%| O|  |TAMS 0x0000000080900000, 0x0000000080800000| Untracked 
|   9|0x0000000080900000, 0x0000000080a00000, 0x0000000080a00000|100%| O|  |TAMS 0x0000000080a00000, 0x0000000080900000| Untracked 
|  10|0x0000000080a00000, 0x0000000080b00000, 0x0000000080b00000|100%|HS|  |TAMS 0x0000000080b00000, 0x0000000080a00000| Complete 
|  11|0x0000000080b00000, 0x0000000080c00000, 0x0000000080c00000|100%| O|  |TAMS 0x0000000080c00000, 0x0000000080b00000| Untracked 
|  12|0x0000000080c00000, 0x0000000080d00000, 0x0000000080d00000|100%| O|  |TAMS 0x0000000080d00000, 0x0000000080c00000| Untracked 
|  13|0x0000000080d00000, 0x0000000080e00000, 0x0000000080e00000|100%| O|  |TAMS 0x0000000080e00000, 0x0000000080d00000| Untracked 
|  14|0x0000000080e00000, 0x0000000080f00000, 0x0000000080f00000|100%| O|  |TAMS 0x0000000080f00000, 0x0000000080e00000| Untracked 
|  15|0x0000000080f00000, 0x0000000081000000, 0x0000000081000000|100%| O|  |TAMS 0x0000000081000000, 0x0000000080f00000| Untracked 
|  16|0x0000000081000000, 0x0000000081100000, 0x0000000081100000|100%| O|  |TAMS 0x0000000081100000, 0x0000000081000000| Untracked 
|  17|0x0000000081100000, 0x0000000081200000, 0x0000000081200000|100%| O|  |TAMS 0x0000000081200000, 0x0000000081100000| Untracked 
|  18|0x0000000081200000, 0x0000000081300000, 0x0000000081300000|100%| O|  |TAMS 0x0000000081300000, 0x0000000081200000| Untracked 
|  19|0x0000000081300000, 0x0000000081400000, 0x0000000081400000|100%| O|  |TAMS 0x0000000081400000, 0x0000000081300000| Untracked 
|  20|0x0000000081400000, 0x0000000081500000, 0x0000000081500000|100%| O|  |TAMS 0x0000000081500000, 0x0000000081400000| Untracked 
|  21|0x0000000081500000, 0x0000000081600000, 0x0000000081600000|100%| O|  |TAMS 0x0000000081600000, 0x0000000081500000| Untracked 
|  22|0x0000000081600000, 0x0000000081700000, 0x0000000081700000|100%| O|  |TAMS 0x0000000081700000, 0x0000000081600000| Untracked 
|  23|0x0000000081700000, 0x0000000081800000, 0x0000000081800000|100%| O|  |TAMS 0x0000000081700000, 0x0000000081700000| Untracked 
|  24|0x0000000081800000, 0x0000000081900000, 0x0000000081900000|100%| O|  |TAMS 0x0000000081900000, 0x0000000081800000| Untracked 
|  25|0x0000000081900000, 0x0000000081a00000, 0x0000000081a00000|100%| O|  |TAMS 0x0000000081a00000, 0x0000000081900000| Untracked 
|  26|0x0000000081a00000, 0x0000000081b00000, 0x0000000081b00000|100%| O|  |TAMS 0x0000000081b00000, 0x0000000081a00000| Untracked 
|  27|0x0000000081b00000, 0x0000000081c00000, 0x0000000081c00000|100%| O|  |TAMS 0x0000000081c00000, 0x0000000081b00000| Untracked 
|  28|0x0000000081c00000, 0x0000000081d00000, 0x0000000081d00000|100%| O|  |TAMS 0x0000000081d00000, 0x0000000081c00000| Untracked 
|  29|0x0000000081d00000, 0x0000000081e00000, 0x0000000081e00000|100%| O|  |TAMS 0x0000000081e00000, 0x0000000081d00000| Untracked 
|  30|0x0000000081e00000, 0x0000000081f00000, 0x0000000081f00000|100%| O|  |TAMS 0x0000000081f00000, 0x0000000081e00000| Untracked 
|  31|0x0000000081f00000, 0x0000000082000000, 0x0000000082000000|100%| O|  |TAMS 0x0000000082000000, 0x0000000081f00000| Untracked 
|  32|0x0000000082000000, 0x0000000082100000, 0x0000000082100000|100%| O|  |TAMS 0x0000000082100000, 0x0000000082000000| Untracked 
|  33|0x0000000082100000, 0x0000000082200000, 0x0000000082200000|100%| O|  |TAMS 0x0000000082200000, 0x0000000082100000| Untracked 
|  34|0x0000000082200000, 0x0000000082300000, 0x0000000082300000|100%| O|  |TAMS 0x0000000082300000, 0x0000000082200000| Untracked 
|  35|0x0000000082300000, 0x0000000082400000, 0x0000000082400000|100%| O|  |TAMS 0x0000000082400000, 0x0000000082300000| Untracked 
|  36|0x0000000082400000, 0x0000000082500000, 0x0000000082500000|100%| O|  |TAMS 0x0000000082500000, 0x0000000082400000| Untracked 
|  37|0x0000000082500000, 0x000000008258e800, 0x0000000082600000| 55%| O|  |TAMS 0x0000000082500000, 0x0000000082500000| Untracked 
|  38|0x0000000082600000, 0x0000000082700000, 0x0000000082700000|100%| O|  |TAMS 0x0000000082700000, 0x0000000082600000| Untracked 
|  39|0x0000000082700000, 0x0000000082800000, 0x0000000082800000|100%| O|  |TAMS 0x0000000082800000, 0x0000000082700000| Untracked 
|  40|0x0000000082800000, 0x0000000082900000, 0x0000000082900000|100%| O|  |TAMS 0x0000000082900000, 0x0000000082800000| Untracked 
|  41|0x0000000082900000, 0x0000000082a00000, 0x0000000082a00000|100%| O|  |TAMS 0x0000000082a00000, 0x0000000082900000| Untracked 
|  42|0x0000000082a00000, 0x0000000082b00000, 0x0000000082b00000|100%| O|  |TAMS 0x0000000082b00000, 0x0000000082a00000| Untracked 
|  43|0x0000000082b00000, 0x0000000082c00000, 0x0000000082c00000|100%| O|  |TAMS 0x0000000082c00000, 0x0000000082b00000| Untracked 
|  44|0x0000000082c00000, 0x0000000082c00000, 0x0000000082d00000|  0%| F|  |TAMS 0x0000000082c00000, 0x0000000082c00000| Untracked 
|  45|0x0000000082d00000, 0x0000000082e00000, 0x0000000082e00000|100%| O|  |TAMS 0x0000000082e00000, 0x0000000082d00000| Untracked 
|  46|0x0000000082e00000, 0x0000000082f00000, 0x0000000082f00000|100%| O|  |TAMS 0x0000000082f00000, 0x0000000082e00000| Untracked 
|  47|0x0000000082f00000, 0x0000000083000000, 0x0000000083000000|100%| O|  |TAMS 0x0000000083000000, 0x0000000082f00000| Untracked 
|  48|0x0000000083000000, 0x0000000083100000, 0x0000000083100000|100%| O|  |TAMS 0x0000000083100000, 0x0000000083000000| Untracked 
|  49|0x0000000083100000, 0x0000000083200000, 0x0000000083200000|100%| O|  |TAMS 0x00000000831e5200, 0x0000000083100000| Untracked 
|  50|0x0000000083200000, 0x0000000083300000, 0x0000000083300000|100%| O|  |TAMS 0x0000000083200000, 0x0000000083200000| Untracked 
|  51|0x0000000083300000, 0x0000000083400000, 0x0000000083400000|100%| O|  |TAMS 0x0000000083300000, 0x0000000083300000| Untracked 
|  52|0x0000000083400000, 0x0000000083500000, 0x0000000083500000|100%| O|  |TAMS 0x0000000083400000, 0x0000000083400000| Untracked 
|  53|0x0000000083500000, 0x0000000083600000, 0x0000000083600000|100%| O|  |TAMS 0x0000000083500000, 0x0000000083500000| Untracked 
|  54|0x0000000083600000, 0x0000000083700000, 0x0000000083700000|100%| O|  |TAMS 0x0000000083600000, 0x0000000083600000| Untracked 
|  55|0x0000000083700000, 0x0000000083700000, 0x0000000083800000|  0%| F|  |TAMS 0x0000000083700000, 0x0000000083700000| Untracked 
|  56|0x0000000083800000, 0x0000000083800000, 0x0000000083900000|  0%| F|  |TAMS 0x0000000083800000, 0x0000000083800000| Untracked 
|  57|0x0000000083900000, 0x0000000083900000, 0x0000000083a00000|  0%| F|  |TAMS 0x0000000083900000, 0x0000000083900000| Untracked 
|  58|0x0000000083a00000, 0x0000000083a00000, 0x0000000083b00000|  0%| F|  |TAMS 0x0000000083a00000, 0x0000000083a00000| Untracked 
|  59|0x0000000083b00000, 0x0000000083b00000, 0x0000000083c00000|  0%| F|  |TAMS 0x0000000083b00000, 0x0000000083b00000| Untracked 
|  60|0x0000000083c00000, 0x0000000083c00000, 0x0000000083d00000|  0%| F|  |TAMS 0x0000000083c00000, 0x0000000083c00000| Untracked 
|  61|0x0000000083d00000, 0x0000000083d00000, 0x0000000083e00000|  0%| F|  |TAMS 0x0000000083d00000, 0x0000000083d00000| Untracked 
|  62|0x0000000083e00000, 0x0000000083e00000, 0x0000000083f00000|  0%| F|  |TAMS 0x0000000083e00000, 0x0000000083e00000| Untracked 
|  63|0x0000000083f00000, 0x0000000083f00000, 0x0000000084000000|  0%| F|  |TAMS 0x0000000083f00000, 0x0000000083f00000| Untracked 
|  64|0x0000000084000000, 0x0000000084000000, 0x0000000084100000|  0%| F|  |TAMS 0x0000000084000000, 0x0000000084000000| Untracked 
|  65|0x0000000084100000, 0x0000000084100000, 0x0000000084200000|  0%| F|  |TAMS 0x0000000084100000, 0x0000000084100000| Untracked 
|  66|0x0000000084200000, 0x0000000084200000, 0x0000000084300000|  0%| F|  |TAMS 0x0000000084200000, 0x0000000084200000| Untracked 
|  67|0x0000000084300000, 0x0000000084300000, 0x0000000084400000|  0%| F|  |TAMS 0x0000000084300000, 0x0000000084300000| Untracked 
|  68|0x0000000084400000, 0x0000000084400000, 0x0000000084500000|  0%| F|  |TAMS 0x0000000084400000, 0x0000000084400000| Untracked 
|  69|0x0000000084500000, 0x0000000084500000, 0x0000000084600000|  0%| F|  |TAMS 0x0000000084500000, 0x0000000084500000| Untracked 
|  70|0x0000000084600000, 0x0000000084600000, 0x0000000084700000|  0%| F|  |TAMS 0x0000000084600000, 0x0000000084600000| Untracked 
|  71|0x0000000084700000, 0x0000000084700000, 0x0000000084800000|  0%| F|  |TAMS 0x0000000084700000, 0x0000000084700000| Untracked 
|  72|0x0000000084800000, 0x00000000848c98a0, 0x0000000084900000| 78%| S|CS|TAMS 0x0000000084800000, 0x0000000084800000| Complete 
|  73|0x0000000084900000, 0x0000000084a00000, 0x0000000084a00000|100%| S|CS|TAMS 0x0000000084900000, 0x0000000084900000| Complete 
|  74|0x0000000084a00000, 0x0000000084b00000, 0x0000000084b00000|100%| S|CS|TAMS 0x0000000084a00000, 0x0000000084a00000| Complete 
|  75|0x0000000084b00000, 0x0000000084b00000, 0x0000000084c00000|  0%| F|  |TAMS 0x0000000084b00000, 0x0000000084b00000| Untracked 
|  76|0x0000000084c00000, 0x0000000084c00000, 0x0000000084d00000|  0%| F|  |TAMS 0x0000000084c00000, 0x0000000084c00000| Untracked 
|  77|0x0000000084d00000, 0x0000000084d00000, 0x0000000084e00000|  0%| F|  |TAMS 0x0000000084d00000, 0x0000000084d00000| Untracked 
|  78|0x0000000084e00000, 0x0000000084e00000, 0x0000000084f00000|  0%| F|  |TAMS 0x0000000084e00000, 0x0000000084e00000| Untracked 
|  79|0x0000000084f00000, 0x0000000084f00000, 0x0000000085000000|  0%| F|  |TAMS 0x0000000084f00000, 0x0000000084f00000| Untracked 
|  80|0x0000000085000000, 0x0000000085000000, 0x0000000085100000|  0%| F|  |TAMS 0x0000000085000000, 0x0000000085000000| Untracked 
|  81|0x0000000085100000, 0x0000000085100000, 0x0000000085200000|  0%| F|  |TAMS 0x0000000085100000, 0x0000000085100000| Untracked 
|  82|0x0000000085200000, 0x0000000085200000, 0x0000000085300000|  0%| F|  |TAMS 0x0000000085200000, 0x0000000085200000| Untracked 
|  83|0x0000000085300000, 0x0000000085300000, 0x0000000085400000|  0%| F|  |TAMS 0x0000000085300000, 0x0000000085300000| Untracked 
|  84|0x0000000085400000, 0x0000000085400000, 0x0000000085500000|  0%| F|  |TAMS 0x0000000085400000, 0x0000000085400000| Untracked 
|  85|0x0000000085500000, 0x0000000085500000, 0x0000000085600000|  0%| F|  |TAMS 0x0000000085500000, 0x0000000085500000| Untracked 
|  86|0x0000000085600000, 0x0000000085600000, 0x0000000085700000|  0%| F|  |TAMS 0x0000000085600000, 0x0000000085600000| Untracked 
|  87|0x0000000085700000, 0x0000000085700000, 0x0000000085800000|  0%| F|  |TAMS 0x0000000085700000, 0x0000000085700000| Untracked 
|  88|0x0000000085800000, 0x0000000085800000, 0x0000000085900000|  0%| F|  |TAMS 0x0000000085800000, 0x0000000085800000| Untracked 
|  89|0x0000000085900000, 0x0000000085900000, 0x0000000085a00000|  0%| F|  |TAMS 0x0000000085900000, 0x0000000085900000| Untracked 
|  90|0x0000000085a00000, 0x0000000085a00000, 0x0000000085b00000|  0%| F|  |TAMS 0x0000000085a00000, 0x0000000085a00000| Untracked 
|  91|0x0000000085b00000, 0x0000000085b00000, 0x0000000085c00000|  0%| F|  |TAMS 0x0000000085b00000, 0x0000000085b00000| Untracked 

Card table byte_map: [0x0000021854290000,0x0000021854690000] _byte_map_base: 0x0000021853e90000

Marking Bits (Prev, Next): (CMBitMap*) 0x000002183b2cb0b0, (CMBitMap*) 0x000002183b2cb070
 Prev Bits: [0x0000021856a90000, 0x0000021858a90000)
 Next Bits: [0x0000021854a90000, 0x0000021856a90000)

Polling page: 0x000002183b2e0000

Metaspace:

Usage:
  Non-class:     47.93 MB used.
      Class:      7.67 MB used.
       Both:     55.60 MB used.

Virtual space:
  Non-class space:       64.00 MB reserved,      48.25 MB ( 75%) committed,  1 nodes.
      Class space:        1.00 GB reserved,       8.00 MB ( <1%) committed,  1 nodes.
             Both:        1.06 GB reserved,      56.25 MB (  5%) committed. 

Chunk freelists:
   Non-Class:  15.72 MB
       Class:  8.00 MB
        Both:  23.72 MB

MaxMetaspaceSize: unlimited
CompressedClassSpaceSize: 1.00 GB
Initial GC threshold: 21.00 MB
Current GC threshold: 92.81 MB
CDS: on
MetaspaceReclaimPolicy: balanced
 - commit_granule_bytes: 65536.
 - commit_granule_words: 8192.
 - virtual_space_node_default_size: 8388608.
 - enlarge_chunks_in_place: 1.
 - new_chunks_are_fully_committed: 0.
 - uncommit_free_chunks: 1.
 - use_allocation_guard: 0.
 - handle_deallocations: 1.


Internal statistics:

num_allocs_failed_limit: 3.
num_arena_births: 786.
num_arena_deaths: 0.
num_vsnodes_births: 2.
num_vsnodes_deaths: 0.
num_space_committed: 900.
num_space_uncommitted: 0.
num_chunks_returned_to_freelist: 3.
num_chunks_taken_from_freelist: 3091.
num_chunk_merges: 3.
num_chunk_splits: 2036.
num_chunks_enlarged: 1353.
num_inconsistent_stats: 0.

CodeHeap 'non-profiled nmethods': size=120000Kb used=4167Kb max_used=4167Kb free=115832Kb
 bounds [0x000002184c960000, 0x000002184cd80000, 0x0000021853e90000]
CodeHeap 'profiled nmethods': size=120000Kb used=15083Kb max_used=15083Kb free=104916Kb
 bounds [0x0000021844e90000, 0x0000021845d50000, 0x000002184c3c0000]
CodeHeap 'non-nmethods': size=5760Kb used=2350Kb max_used=2434Kb free=3409Kb
 bounds [0x000002184c3c0000, 0x000002184c640000, 0x000002184c960000]
 total_blobs=8649 nmethods=7775 adapters=786
 compilation: enabled
              stopped_count=0, restarted_count=0
 full_count=0

Compilation events (20 events):
Event: 95.668 Thread 0x000002185afa7ea0 8532       3       org.gradle.api.internal.artifacts.transform.TransformExecutionResult$Builder$MixedInputAndProducedOutputResult::resolveForWorkspace (37 bytes)
Event: 95.670 Thread 0x000002185afa7ea0 nmethod 8532 0x0000021845d48390 code [0x0000021845d48660, 0x0000021845d497b8]
Event: 95.670 Thread 0x000002185afa7ea0 8533       3       org.gradle.api.internal.artifacts.transform.TransformExecutionResult$Builder$MixedInputAndProducedOutputResult$$Lambda$1113/0x000002185c7f68e8::<init> (10 bytes)
Event: 95.670 Thread 0x000002185afa7ea0 nmethod 8533 0x0000021845d49d10 code [0x0000021845d49ea0, 0x0000021845d4a058]
Event: 95.670 Thread 0x000002185afa7ea0 8534       3       org.gradle.api.internal.artifacts.transform.TransformExecutionResult$Builder$EntireInputArtifact::resolveForWorkspace (2 bytes)
Event: 95.670 Thread 0x000002185afa7ea0 nmethod 8534 0x0000021845d4a110 code [0x0000021845d4a2a0, 0x0000021845d4a3b8]
Event: 95.736 Thread 0x000002185afa7ea0 8535       3       sun.nio.ch.FileDispatcherImpl::size (5 bytes)
Event: 95.736 Thread 0x000002185afa7ea0 nmethod 8535 0x0000021845d4a490 code [0x0000021845d4a620, 0x0000021845d4a768]
Event: 95.763 Thread 0x000002185af41cd0 8536       4       org.gradle.tooling.internal.provider.runner.BuildPhaseOperationListener::progress (1 bytes)
Event: 95.764 Thread 0x000002185af41cd0 nmethod 8536 0x000002184cd6fb10 code [0x000002184cd6fc80, 0x000002184cd6fcf8]
Event: 95.793 Thread 0x000002185af41cd0 8537   !   4       sun.security.provider.DigestBase::engineDigest (39 bytes)
Event: 95.795 Thread 0x000002185af41cd0 nmethod 8537 0x000002184cd6fe10 code [0x000002184cd6ffa0, 0x000002184cd701a8]
Event: 95.817 Thread 0x000002185af41cd0 8538       4       com.google.common.collect.ImmutableSortedMap::get (27 bytes)
Event: 95.835 Thread 0x000002185af41cd0 nmethod 8538 0x000002184cd70310 code [0x000002184cd70500, 0x000002184cd70f98]
Event: 95.855 Thread 0x000002185af41cd0 8539       4       org.gradle.internal.logging.slf4j.BuildOperationAwareLogger::debug (18 bytes)
Event: 95.857 Thread 0x000002185af41cd0 nmethod 8539 0x000002184cd71610 code [0x000002184cd717a0, 0x000002184cd718b8]
Event: 95.864 Thread 0x000002185afa7ea0 8540       3       java.util.concurrent.locks.AbstractQueuedSynchronizer::acquire (20 bytes)
Event: 95.864 Thread 0x000002185afa7ea0 nmethod 8540 0x0000021845d4a810 code [0x0000021845d4a9c0, 0x0000021845d4ac38]
Event: 95.878 Thread 0x000002185af41cd0 8541   !   4       org.gradle.launcher.daemon.server.exec.DaemonConnectionBackedEventConsumer$ForwardEvents::getNextEvent (27 bytes)
Event: 95.880 Thread 0x000002185af41cd0 nmethod 8541 0x000002184cd71a90 code [0x000002184cd71c20, 0x000002184cd71d48]

GC Heap History (20 events):
Event: 82.341 GC heap after
{Heap after GC invocations=37 (full 0):
 garbage-first heap   total 80896K, used 46661K [0x0000000080000000, 0x0000000100000000)
  region size 1024K, 1 young (1024K), 1 survivors (1024K)
 Metaspace       used 53147K, committed 53760K, reserved 1114112K
  class space    used 7397K, committed 7680K, reserved 1048576K
}
Event: 83.326 GC heap before
{Heap before GC invocations=37 (full 0):
 garbage-first heap   total 80896K, used 66117K [0x0000000080000000, 0x0000000100000000)
  region size 1024K, 20 young (20480K), 1 survivors (1024K)
 Metaspace       used 54861K, committed 55552K, reserved 1114112K
  class space    used 7672K, committed 8000K, reserved 1048576K
}
Event: 83.330 GC heap after
{Heap after GC invocations=38 (full 0):
 garbage-first heap   total 80896K, used 47679K [0x0000000080000000, 0x0000000100000000)
  region size 1024K, 2 young (2048K), 2 survivors (2048K)
 Metaspace       used 54861K, committed 55552K, reserved 1114112K
  class space    used 7672K, committed 8000K, reserved 1048576K
}
Event: 85.509 GC heap before
{Heap before GC invocations=39 (full 0):
 garbage-first heap   total 87040K, used 66111K [0x0000000080000000, 0x0000000100000000)
  region size 1024K, 20 young (20480K), 2 survivors (2048K)
 Metaspace       used 55775K, committed 56448K, reserved 1114112K
  class space    used 7762K, committed 8064K, reserved 1048576K
}
Event: 85.519 GC heap after
{Heap after GC invocations=40 (full 0):
 garbage-first heap   total 87040K, used 50615K [0x0000000080000000, 0x0000000100000000)
  region size 1024K, 3 young (3072K), 3 survivors (3072K)
 Metaspace       used 55775K, committed 56448K, reserved 1114112K
  class space    used 7762K, committed 8064K, reserved 1048576K
}
Event: 85.632 GC heap before
{Heap before GC invocations=40 (full 0):
 garbage-first heap   total 87040K, used 51639K [0x0000000080000000, 0x0000000100000000)
  region size 1024K, 4 young (4096K), 3 survivors (3072K)
 Metaspace       used 55807K, committed 56448K, reserved 1114112K
  class space    used 7763K, committed 8064K, reserved 1048576K
}
Event: 85.640 GC heap after
{Heap after GC invocations=41 (full 0):
 garbage-first heap   total 87040K, used 50565K [0x0000000080000000, 0x0000000100000000)
  region size 1024K, 1 young (1024K), 1 survivors (1024K)
 Metaspace       used 55807K, committed 56448K, reserved 1114112K
  class space    used 7763K, committed 8064K, reserved 1048576K
}
Event: 90.309 GC heap before
{Heap before GC invocations=41 (full 0):
 garbage-first heap   total 87040K, used 68997K [0x0000000080000000, 0x0000000100000000)
  region size 1024K, 20 young (20480K), 1 survivors (1024K)
 Metaspace       used 56330K, committed 57024K, reserved 1114112K
  class space    used 7827K, committed 8128K, reserved 1048576K
}
Event: 90.317 GC heap after
{Heap after GC invocations=42 (full 0):
 garbage-first heap   total 87040K, used 53943K [0x0000000080000000, 0x0000000100000000)
  region size 1024K, 3 young (3072K), 3 survivors (3072K)
 Metaspace       used 56330K, committed 57024K, reserved 1114112K
  class space    used 7827K, committed 8128K, reserved 1048576K
}
Event: 91.554 GC heap before
{Heap before GC invocations=43 (full 0):
 garbage-first heap   total 94208K, used 70327K [0x0000000080000000, 0x0000000100000000)
  region size 1024K, 19 young (19456K), 3 survivors (3072K)
 Metaspace       used 56475K, committed 57088K, reserved 1114112K
  class space    used 7827K, committed 8128K, reserved 1048576K
}
Event: 91.560 GC heap after
{Heap after GC invocations=44 (full 0):
 garbage-first heap   total 94208K, used 55314K [0x0000000080000000, 0x0000000100000000)
  region size 1024K, 3 young (3072K), 3 survivors (3072K)
 Metaspace       used 56475K, committed 57088K, reserved 1114112K
  class space    used 7827K, committed 8128K, reserved 1048576K
}
Event: 91.595 GC heap before
{Heap before GC invocations=44 (full 0):
 garbage-first heap   total 94208K, used 56338K [0x0000000080000000, 0x0000000100000000)
  region size 1024K, 4 young (4096K), 3 survivors (3072K)
 Metaspace       used 56479K, committed 57088K, reserved 1114112K
  class space    used 7827K, committed 8128K, reserved 1048576K
}
Event: 91.601 GC heap after
{Heap after GC invocations=45 (full 0):
 garbage-first heap   total 94208K, used 54164K [0x0000000080000000, 0x0000000100000000)
  region size 1024K, 1 young (1024K), 1 survivors (1024K)
 Metaspace       used 56479K, committed 57088K, reserved 1114112K
  class space    used 7827K, committed 8128K, reserved 1048576K
}
Event: 92.775 GC heap before
{Heap before GC invocations=45 (full 0):
 garbage-first heap   total 94208K, used 73620K [0x0000000080000000, 0x0000000100000000)
  region size 1024K, 21 young (21504K), 1 survivors (1024K)
 Metaspace       used 56738K, committed 57472K, reserved 1114112K
  class space    used 7854K, committed 8192K, reserved 1048576K
}
Event: 92.782 GC heap after
{Heap after GC invocations=46 (full 0):
 garbage-first heap   total 94208K, used 56527K [0x0000000080000000, 0x0000000100000000)
  region size 1024K, 3 young (3072K), 3 survivors (3072K)
 Metaspace       used 56738K, committed 57472K, reserved 1114112K
  class space    used 7854K, committed 8192K, reserved 1048576K
}
Event: 94.491 GC heap before
{Heap before GC invocations=46 (full 0):
 garbage-first heap   total 94208K, used 73935K [0x0000000080000000, 0x0000000100000000)
  region size 1024K, 21 young (21504K), 3 survivors (3072K)
 Metaspace       used 56867K, committed 57536K, reserved 1114112K
  class space    used 7854K, committed 8192K, reserved 1048576K
}
Event: 94.495 GC heap after
{Heap after GC invocations=47 (full 0):
 garbage-first heap   total 94208K, used 56951K [0x0000000080000000, 0x0000000100000000)
  region size 1024K, 3 young (3072K), 3 survivors (3072K)
 Metaspace       used 56867K, committed 57536K, reserved 1114112K
  class space    used 7854K, committed 8192K, reserved 1048576K
}
Event: 95.022 GC heap before
{Heap before GC invocations=47 (full 0):
 garbage-first heap   total 94208K, used 74359K [0x0000000080000000, 0x0000000100000000)
  region size 1024K, 21 young (21504K), 3 survivors (3072K)
 Metaspace       used 56915K, committed 57600K, reserved 1114112K
  class space    used 7854K, committed 8192K, reserved 1048576K
}
Event: 95.027 GC heap after
{Heap after GC invocations=48 (full 0):
 garbage-first heap   total 94208K, used 57272K [0x0000000080000000, 0x0000000100000000)
  region size 1024K, 3 young (3072K), 3 survivors (3072K)
 Metaspace       used 56915K, committed 57600K, reserved 1114112K
  class space    used 7854K, committed 8192K, reserved 1048576K
}
Event: 95.882 GC heap before
{Heap before GC invocations=48 (full 0):
 garbage-first heap   total 94208K, used 74680K [0x0000000080000000, 0x0000000100000000)
  region size 1024K, 20 young (20480K), 3 survivors (3072K)
 Metaspace       used 56937K, committed 57600K, reserved 1114112K
  class space    used 7854K, committed 8192K, reserved 1048576K
}

Dll operation events (15 events):
Event: 0.219 Loaded shared library C:\Program Files\Eclipse Adoptium\jdk-17.0.15.6-hotspot\bin\java.dll
Event: 0.446 Loaded shared library C:\Program Files\Eclipse Adoptium\jdk-17.0.15.6-hotspot\bin\jsvml.dll
Event: 1.496 Loaded shared library C:\Program Files\Eclipse Adoptium\jdk-17.0.15.6-hotspot\bin\zip.dll
Event: 1.504 Loaded shared library C:\Program Files\Eclipse Adoptium\jdk-17.0.15.6-hotspot\bin\instrument.dll
Event: 1.578 Loaded shared library C:\Program Files\Eclipse Adoptium\jdk-17.0.15.6-hotspot\bin\net.dll
Event: 1.589 Loaded shared library C:\Program Files\Eclipse Adoptium\jdk-17.0.15.6-hotspot\bin\nio.dll
Event: 1.596 Loaded shared library C:\Program Files\Eclipse Adoptium\jdk-17.0.15.6-hotspot\bin\zip.dll
Event: 3.088 Loaded shared library C:\Program Files\Eclipse Adoptium\jdk-17.0.15.6-hotspot\bin\jimage.dll
Event: 4.909 Loaded shared library C:\Program Files\Eclipse Adoptium\jdk-17.0.15.6-hotspot\bin\verify.dll
Event: 6.411 Loaded shared library C:\Users\hafid\.gradle\native\1def1411415f61bf3af743bc5b6707747c0891f09f0c88961ee8f79bc544acac\windows-amd64\native-platform.dll
Event: 6.471 Loaded shared library C:\Users\hafid\.gradle\native\0.2.7\x86_64-windows-gnu\gradle-fileevents.dll
Event: 16.951 Loaded shared library C:\Program Files\Eclipse Adoptium\jdk-17.0.15.6-hotspot\bin\management.dll
Event: 16.978 Loaded shared library C:\Program Files\Eclipse Adoptium\jdk-17.0.15.6-hotspot\bin\management_ext.dll
Event: 20.378 Loaded shared library C:\Program Files\Eclipse Adoptium\jdk-17.0.15.6-hotspot\bin\extnet.dll
Event: 25.840 Loaded shared library C:\Program Files\Eclipse Adoptium\jdk-17.0.15.6-hotspot\bin\sunmscapi.dll

Deoptimization events (20 events):
Event: 95.253 Thread 0x00000218a0509f40 Uncommon trap: trap_request=0xffffffde fr.pc=0x000002184cd390a8 relative=0x0000000000000288
Event: 95.253 Thread 0x00000218a0509f40 Uncommon trap: reason=class_check action=maybe_recompile pc=0x000002184cd390a8 method=java.util.concurrent.ConcurrentHashMap.get(Ljava/lang/Object;)Ljava/lang/Object; @ 93 c2
Event: 95.253 Thread 0x00000218a0509f40 DEOPT PACKING pc=0x000002184cd390a8 sp=0x0000005257bf6c70
Event: 95.253 Thread 0x00000218a0509f40 DEOPT UNPACKING pc=0x000002184c4169a3 sp=0x0000005257bf6bc8 mode 2
Event: 95.253 Thread 0x00000218a0509f40 Uncommon trap: trap_request=0xffffffde fr.pc=0x000002184cd390a8 relative=0x0000000000000288
Event: 95.253 Thread 0x00000218a0509f40 Uncommon trap: reason=class_check action=maybe_recompile pc=0x000002184cd390a8 method=java.util.concurrent.ConcurrentHashMap.get(Ljava/lang/Object;)Ljava/lang/Object; @ 93 c2
Event: 95.254 Thread 0x00000218a0509f40 DEOPT PACKING pc=0x000002184cd390a8 sp=0x0000005257bf6c70
Event: 95.254 Thread 0x00000218a0509f40 DEOPT UNPACKING pc=0x000002184c4169a3 sp=0x0000005257bf6bc8 mode 2
Event: 95.255 Thread 0x00000218a25f2de0 Uncommon trap: trap_request=0xffffff45 fr.pc=0x000002184cd36778 relative=0x0000000000000238
Event: 95.255 Thread 0x00000218a25f2de0 Uncommon trap: reason=unstable_if action=reinterpret pc=0x000002184cd36778 method=java.util.concurrent.ConcurrentHashMap.addCount(JI)V @ 171 c2
Event: 95.255 Thread 0x00000218a25f2de0 DEOPT PACKING pc=0x000002184cd36778 sp=0x00000052594fdc30
Event: 95.255 Thread 0x00000218a25f2de0 DEOPT UNPACKING pc=0x000002184c4169a3 sp=0x00000052594fdb70 mode 2
Event: 95.256 Thread 0x00000218a25f2de0 Uncommon trap: trap_request=0xffffffde fr.pc=0x000002184cd390a8 relative=0x0000000000000288
Event: 95.256 Thread 0x00000218a25f2de0 Uncommon trap: reason=class_check action=maybe_recompile pc=0x000002184cd390a8 method=java.util.concurrent.ConcurrentHashMap.get(Ljava/lang/Object;)Ljava/lang/Object; @ 93 c2
Event: 95.256 Thread 0x00000218a25f2de0 DEOPT PACKING pc=0x000002184cd390a8 sp=0x00000052594fdca0
Event: 95.256 Thread 0x00000218a25f2de0 DEOPT UNPACKING pc=0x000002184c4169a3 sp=0x00000052594fdbf8 mode 2
Event: 95.262 Thread 0x00000218a25f4730 Uncommon trap: trap_request=0xffffffde fr.pc=0x000002184cd390a8 relative=0x0000000000000288
Event: 95.262 Thread 0x00000218a25f4730 Uncommon trap: reason=class_check action=maybe_recompile pc=0x000002184cd390a8 method=java.util.concurrent.ConcurrentHashMap.get(Ljava/lang/Object;)Ljava/lang/Object; @ 93 c2
Event: 95.262 Thread 0x00000218a25f4730 DEOPT PACKING pc=0x000002184cd390a8 sp=0x00000052596fdee0
Event: 95.262 Thread 0x00000218a25f4730 DEOPT UNPACKING pc=0x000002184c4169a3 sp=0x00000052596fde38 mode 2

Classes loaded (20 events):
Event: 81.937 Loading class java/io/FileBeanInfo
Event: 81.937 Loading class java/io/FileBeanInfo done
Event: 81.938 Loading class java/io/FileBeanInfo
Event: 81.938 Loading class java/io/FileBeanInfo done
Event: 81.938 Loading class java/io/FileCustomizer
Event: 81.938 Loading class java/io/FileCustomizer done
Event: 81.939 Loading class java/io/FileCustomizer
Event: 81.939 Loading class java/io/FileCustomizer done
Event: 82.948 Loading class sun/reflect/ReflectionFactory
Event: 82.948 Loading class sun/reflect/ReflectionFactory done
Event: 82.948 Loading class sun/reflect/ReflectionFactory$1
Event: 82.949 Loading class sun/reflect/ReflectionFactory$1 done
Event: 84.682 Loading class java/util/Collections$ReverseComparator
Event: 84.683 Loading class java/util/Collections$ReverseComparator done
Event: 84.683 Loading class java/util/Collections$ReverseComparator2
Event: 84.683 Loading class java/util/Collections$ReverseComparator2 done
Event: 85.330 Loading class java/util/LinkedList$LLSpliterator
Event: 85.331 Loading class java/util/LinkedList$LLSpliterator done
Event: 90.054 Loading class jdk/internal/access/foreign/MemorySegmentProxy
Event: 90.055 Loading class jdk/internal/access/foreign/MemorySegmentProxy done

Classes unloaded (0 events):
No events

Classes redefined (0 events):
No events

Internal exceptions (20 events):
Event: 81.620 Thread 0x00000218a0509f40 Exception <a 'java/lang/NoSuchMethodError'{0x0000000084a64250}: 'long java.lang.invoke.DirectMethodHandle$Holder.invokeStatic(java.lang.Object, long)'> (0x0000000084a64250) 
thrown [s\src\hotspot\share\interpreter\linkResolver.cpp, line 759]
Event: 81.926 Thread 0x00000218a0509f40 Exception <a 'java/lang/ClassNotFoundException'{0x00000000842e5fe0}: java/lang/StringBeanInfo> (0x00000000842e5fe0) 
thrown [s\src\hotspot\share\classfile\systemDictionary.cpp, line 256]
Event: 81.928 Thread 0x00000218a0509f40 Exception <a 'java/lang/ClassNotFoundException'{0x00000000842f20f8}: java/lang/StringCustomizer> (0x00000000842f20f8) 
thrown [s\src\hotspot\share\classfile\systemDictionary.cpp, line 256]
Event: 81.938 Thread 0x00000218a0509f40 Exception <a 'java/lang/ClassNotFoundException'{0x000000008414de20}: java/io/FileBeanInfo> (0x000000008414de20) 
thrown [s\src\hotspot\share\classfile\systemDictionary.cpp, line 256]
Event: 81.939 Thread 0x00000218a0509f40 Exception <a 'java/lang/ClassNotFoundException'{0x0000000084159b10}: java/io/FileCustomizer> (0x0000000084159b10) 
thrown [s\src\hotspot\share\classfile\systemDictionary.cpp, line 256]
Event: 82.097 Thread 0x00000218a050a450 Exception <a 'java/lang/NoSuchMethodError'{0x00000000840a3ad8}: static Lorg/gradle/internal/build/event/types/DefaultProjectConfigurationDescriptor;.<clinit>()V> (0x00000000840a3ad8) 
thrown [s\src\hotspot\share\prims\jni.cpp, line 1112]
Event: 82.902 Thread 0x00000218a0509f40 Exception <a 'java/lang/NoSuchMethodError'{0x0000000084345130}: static Lorg/gradle/api/internal/catalog/DefaultVersionCatalog;.<clinit>()V> (0x0000000084345130) 
thrown [s\src\hotspot\share\prims\jni.cpp, line 1112]
Event: 82.912 Thread 0x00000218a0509f40 Exception <a 'java/lang/NoSuchMethodError'{0x000000008437df70}: static [Ljava/lang/Object;.<clinit>()V> (0x000000008437df70) 
thrown [s\src\hotspot\share\prims\jni.cpp, line 1112]
Event: 82.915 Thread 0x00000218a0509f40 Exception <a 'java/lang/NoSuchMethodError'{0x00000000843a6ca8}: static Lorg/gradle/api/internal/catalog/DependencyModel;.<clinit>()V> (0x00000000843a6ca8) 
thrown [s\src\hotspot\share\prims\jni.cpp, line 1112]
Event: 82.916 Thread 0x00000218a0509f40 Exception <a 'java/lang/NoSuchMethodError'{0x00000000843ab3b0}: static Lorg/gradle/api/internal/catalog/AbstractContextAwareModel;.<clinit>()V> (0x00000000843ab3b0) 
thrown [s\src\hotspot\share\prims\jni.cpp, line 1112]
Event: 82.917 Thread 0x00000218a0509f40 Exception <a 'java/lang/NoSuchMethodError'{0x00000000843c4910}: static Lorg/gradle/api/internal/artifacts/dependencies/AbstractVersionConstraint;.<clinit>()V> (0x00000000843c4910) 
thrown [s\src\hotspot\share\prims\jni.cpp, line 1112]
Event: 82.924 Thread 0x00000218a0509f40 Exception <a 'java/lang/NoSuchMethodError'{0x0000000084218228}: static Lorg/gradle/api/internal/catalog/PluginModel;.<clinit>()V> (0x0000000084218228) 
thrown [s\src\hotspot\share\prims\jni.cpp, line 1112]
Event: 82.928 Thread 0x00000218a0509f40 Exception <a 'java/lang/NoSuchMethodError'{0x000000008422f420}: static Lorg/gradle/api/internal/catalog/VersionModel;.<clinit>()V> (0x000000008422f420) 
thrown [s\src\hotspot\share\prims\jni.cpp, line 1112]
Event: 83.201 Thread 0x00000218a0509f40 Exception <a 'java/lang/NoSuchMethodError'{0x0000000083d09628}: 'int java.lang.invoke.DirectMethodHandle$Holder.invokeSpecialIFC(java.lang.Object, java.lang.Object, java.lang.Object)'> (0x0000000083d09628) 
thrown [s\src\hotspot\share\interpreter\linkResolver.cpp, line 759]
Event: 83.376 Thread 0x00000218a0509f40 Exception <a 'java/lang/NoSuchMethodError'{0x0000000084efca70}: 'void java.lang.invoke.DirectMethodHandle$Holder.invokeStatic(java.lang.Object, java.lang.Object, java.lang.Object, int, java.lang.Object)'> (0x0000000084efca70) 
thrown [s\src\hotspot\share\interpreter\linkResolver.cpp, line 759]
Event: 85.332 Thread 0x00000218a0509f40 Exception <a 'java/lang/IncompatibleClassChangeError'{0x0000000084420f88}: Found class java.lang.Object, but interface was expected> (0x0000000084420f88) 
thrown [s\src\hotspot\share\interpreter\linkResolver.cpp, line 826]
Event: 86.146 Thread 0x00000218a0509f40 Exception <a 'java/lang/NoSuchMethodError'{0x0000000084d06378}: 'java.lang.Object java.lang.invoke.DirectMethodHandle$Holder.newInvokeSpecial(java.lang.Object, java.lang.Object, java.lang.Object, java.lang.Object, int, java.lang.Object)'> (0x0000000084d06378) 
thrown [s\src\hotspot\share\interpreter\linkResolver.cpp, line 759]
Event: 86.147 Thread 0x00000218a0509f40 Exception <a 'java/lang/NoSuchMethodError'{0x0000000084d0f178}: 'java.lang.Object java.lang.invoke.Invokers$Holder.linkToTargetMethod(java.lang.Object, java.lang.Object, java.lang.Object, int, java.lang.Object, java.lang.Object)'> (0x0000000084d0f178) 
thrown [s\src\hotspot\share\interpreter\linkResolver.cpp, line 759]
Event: 92.465 Thread 0x00000218a0509f40 Exception <a 'java/lang/NoSuchMethodError'{0x0000000084b79c78}: 'java.lang.Object java.lang.invoke.DirectMethodHandle$Holder.invokeSpecialIFC(java.lang.Object, java.lang.Object, java.lang.Object)'> (0x0000000084b79c78) 
thrown [s\src\hotspot\share\interpreter\linkResolver.cpp, line 759]
Event: 92.854 Thread 0x00000218a25f5150 Implicit null exception at 0x000002184cd35208 to 0x000002184cd3590c

VM Operations (20 events):
Event: 90.476 Executing VM operation: G1PauseRemark done
Event: 90.552 Executing VM operation: G1PauseCleanup
Event: 90.552 Executing VM operation: G1PauseCleanup done
Event: 91.554 Executing VM operation: G1CollectForAllocation
Event: 91.560 Executing VM operation: G1CollectForAllocation done
Event: 91.595 Executing VM operation: G1CollectForAllocation
Event: 91.601 Executing VM operation: G1CollectForAllocation done
Event: 92.302 Executing VM operation: HandshakeAllThreads
Event: 92.302 Executing VM operation: HandshakeAllThreads done
Event: 92.433 Executing VM operation: HandshakeAllThreads
Event: 92.433 Executing VM operation: HandshakeAllThreads done
Event: 92.775 Executing VM operation: G1CollectForAllocation
Event: 92.782 Executing VM operation: G1CollectForAllocation done
Event: 93.795 Executing VM operation: Cleanup
Event: 93.795 Executing VM operation: Cleanup done
Event: 94.490 Executing VM operation: G1CollectForAllocation
Event: 94.495 Executing VM operation: G1CollectForAllocation done
Event: 95.022 Executing VM operation: G1CollectForAllocation
Event: 95.027 Executing VM operation: G1CollectForAllocation done
Event: 95.881 Executing VM operation: G1CollectForAllocation

Memory protections (0 events):
No events

Nmethod flushes (20 events):
Event: 72.608 Thread 0x000002185afaa4c0 flushing  nmethod 0x000002184564ab90
Event: 72.608 Thread 0x000002185afaa4c0 flushing  nmethod 0x000002184564b090
Event: 72.608 Thread 0x000002185afaa4c0 flushing  nmethod 0x000002184564b790
Event: 72.608 Thread 0x000002185afaa4c0 flushing  nmethod 0x000002184564bf90
Event: 72.608 Thread 0x000002185afaa4c0 flushing  nmethod 0x0000021845650610
Event: 72.608 Thread 0x000002185afaa4c0 flushing  nmethod 0x0000021845650b90
Event: 72.608 Thread 0x000002185afaa4c0 flushing  nmethod 0x0000021845651210
Event: 72.608 Thread 0x000002185afaa4c0 flushing  nmethod 0x0000021845651790
Event: 72.608 Thread 0x000002185afaa4c0 flushing  nmethod 0x0000021845651f90
Event: 72.609 Thread 0x000002185afaa4c0 flushing  nmethod 0x0000021845680290
Event: 72.609 Thread 0x000002185afaa4c0 flushing  nmethod 0x000002184568cb10
Event: 72.609 Thread 0x000002185afaa4c0 flushing  nmethod 0x000002184568d690
Event: 72.609 Thread 0x000002185afaa4c0 flushing  nmethod 0x000002184568de90
Event: 72.609 Thread 0x000002185afaa4c0 flushing  nmethod 0x000002184568e910
Event: 72.609 Thread 0x000002185afaa4c0 flushing  nmethod 0x000002184568f710
Event: 72.609 Thread 0x000002185afaa4c0 flushing  nmethod 0x0000021845698110
Event: 72.609 Thread 0x000002185afaa4c0 flushing  nmethod 0x00000218456b1490
Event: 72.609 Thread 0x000002185afaa4c0 flushing  nmethod 0x00000218456ca890
Event: 72.609 Thread 0x000002185afaa4c0 flushing  nmethod 0x00000218456dae10
Event: 72.610 Thread 0x000002185afaa4c0 flushing  nmethod 0x00000218457b1690

Events (20 events):
Event: 51.441 Thread 0x00000218a0509f40 Thread added: 0x00000218a0508b00
Event: 52.932 Thread 0x00000218a0509f40 Thread added: 0x00000218a0509010
Event: 52.987 Thread 0x00000218a0509f40 Thread added: 0x00000218a25f3d10
Event: 54.085 Thread 0x00000218a0509f40 Thread added: 0x00000218a25f7ee0
Event: 54.086 Thread 0x00000218a0509f40 Thread added: 0x00000218a25f6080
Event: 54.086 Thread 0x00000218a0509f40 Thread added: 0x00000218a25f8e10
Event: 61.608 Thread 0x00000218a0509f40 Thread added: 0x00000218a25f74c0
Event: 65.433 Thread 0x00000218a0509f40 Thread added: 0x00000218a25f32f0
Event: 65.538 Thread 0x00000218a0509f40 Thread added: 0x00000218a25f6590
Event: 69.556 Thread 0x00000218a0509f40 Thread added: 0x00000218a25f9830
Event: 70.048 Thread 0x00000218a0509f40 Thread added: 0x00000218a25f5660
Event: 85.430 Thread 0x00000218a0509f40 Thread added: 0x00000218a25f6fb0
Event: 85.433 Thread 0x00000218a0509f40 Thread added: 0x00000218a25f8900
Event: 85.434 Thread 0x00000218a0509f40 Thread added: 0x00000218a25f9d40
Event: 86.330 Thread 0x00000218a0509f40 Thread added: 0x00000218a25f28d0
Event: 86.333 Thread 0x00000218a0509f40 Thread added: 0x00000218a25fa250
Event: 86.341 Thread 0x00000218a0509f40 Thread added: 0x00000218a25f4c40
Event: 92.466 Thread 0x00000218a0509f40 Thread added: 0x00000218a25f2de0
Event: 92.467 Thread 0x00000218a0509f40 Thread added: 0x00000218a25f5150
Event: 92.468 Thread 0x00000218a0509f40 Thread added: 0x00000218a25f4730


Dynamic libraries:
0x00007ff76b9d0000 - 0x00007ff76b9de000 	C:\Program Files\Eclipse Adoptium\jdk-17.0.15.6-hotspot\bin\java.exe
0x00007ffcbea70000 - 0x00007ffcbec87000 	C:\Windows\SYSTEM32\ntdll.dll
0x00007ffcbe000000 - 0x00007ffcbe0c4000 	C:\Windows\System32\KERNEL32.DLL
0x00007ffcbbe40000 - 0x00007ffcbc1f7000 	C:\Windows\System32\KERNELBASE.dll
0x00007ffcbc390000 - 0x00007ffcbc4a1000 	C:\Windows\System32\ucrtbase.dll
0x00007ffcaaf30000 - 0x00007ffcaaf47000 	C:\Program Files\Eclipse Adoptium\jdk-17.0.15.6-hotspot\bin\jli.dll
0x00007ffcaaf10000 - 0x00007ffcaaf2e000 	C:\Program Files\Eclipse Adoptium\jdk-17.0.15.6-hotspot\bin\VCRUNTIME140.dll
0x00007ffcbe0d0000 - 0x00007ffcbe27f000 	C:\Windows\System32\USER32.dll
0x00007ffcbc770000 - 0x00007ffcbc796000 	C:\Windows\System32\win32u.dll
0x00007ffcbe9d0000 - 0x00007ffcbe9f9000 	C:\Windows\System32\GDI32.dll
0x00007ffcbc650000 - 0x00007ffcbc768000 	C:\Windows\System32\gdi32full.dll
0x00007ffcbc2f0000 - 0x00007ffcbc38a000 	C:\Windows\System32\msvcp_win.dll
0x00007ffca6b70000 - 0x00007ffca6e03000 	C:\Windows\WinSxS\amd64_microsoft.windows.common-controls_6595b64144ccf1df_6.0.22621.3672_none_2713b9d173822955\COMCTL32.dll
0x00007ffcbdbc0000 - 0x00007ffcbdc67000 	C:\Windows\System32\msvcrt.dll
0x00007ffcbe450000 - 0x00007ffcbe481000 	C:\Windows\System32\IMM32.DLL
0x00007ffc99060000 - 0x00007ffc9906c000 	C:\Program Files\Eclipse Adoptium\jdk-17.0.15.6-hotspot\bin\vcruntime140_1.dll
0x00007ffc7a670000 - 0x00007ffc7a6fd000 	C:\Program Files\Eclipse Adoptium\jdk-17.0.15.6-hotspot\bin\msvcp140.dll
0x00007ffc27dc0000 - 0x00007ffc28a2b000 	C:\Program Files\Eclipse Adoptium\jdk-17.0.15.6-hotspot\bin\server\jvm.dll
0x00007ffcbe490000 - 0x00007ffcbe542000 	C:\Windows\System32\ADVAPI32.dll
0x00007ffcbc950000 - 0x00007ffcbc9f8000 	C:\Windows\System32\sechost.dll
0x00007ffcbc4b0000 - 0x00007ffcbc4d8000 	C:\Windows\System32\bcrypt.dll
0x00007ffcbd810000 - 0x00007ffcbd924000 	C:\Windows\System32\RPCRT4.dll
0x00007ffcbd790000 - 0x00007ffcbd801000 	C:\Windows\System32\WS2_32.dll
0x00007ffcbabf0000 - 0x00007ffcbac3d000 	C:\Windows\SYSTEM32\POWRPROF.dll
0x00007ffcb7e90000 - 0x00007ffcb7ec4000 	C:\Windows\SYSTEM32\WINMM.dll
0x00007ffcb7da0000 - 0x00007ffcb7daa000 	C:\Windows\SYSTEM32\VERSION.dll
0x00007ffcbabd0000 - 0x00007ffcbabe3000 	C:\Windows\SYSTEM32\UMPDC.dll
0x00007ffcbae20000 - 0x00007ffcbae38000 	C:\Windows\SYSTEM32\kernel.appcore.dll
0x00007ffc979f0000 - 0x00007ffc979fa000 	C:\Program Files\Eclipse Adoptium\jdk-17.0.15.6-hotspot\bin\jimage.dll
0x00007ffca5be0000 - 0x00007ffca5e12000 	C:\Windows\SYSTEM32\DBGHELP.DLL
0x00007ffcbdc70000 - 0x00007ffcbdffe000 	C:\Windows\System32\combase.dll
0x00007ffcbca00000 - 0x00007ffcbcad7000 	C:\Windows\System32\OLEAUT32.dll
0x00007ffcaaa30000 - 0x00007ffcaaa62000 	C:\Windows\SYSTEM32\dbgcore.DLL
0x00007ffcbc200000 - 0x00007ffcbc27b000 	C:\Windows\System32\bcryptPrimitives.dll
0x00007ffc97060000 - 0x00007ffc9706e000 	C:\Program Files\Eclipse Adoptium\jdk-17.0.15.6-hotspot\bin\instrument.dll
0x00007ffc8a410000 - 0x00007ffc8a435000 	C:\Program Files\Eclipse Adoptium\jdk-17.0.15.6-hotspot\bin\java.dll
0x00007ffc79390000 - 0x00007ffc79467000 	C:\Program Files\Eclipse Adoptium\jdk-17.0.15.6-hotspot\bin\jsvml.dll
0x00007ffcbccc0000 - 0x00007ffcbd529000 	C:\Windows\System32\SHELL32.dll
0x00007ffcb9cb0000 - 0x00007ffcba5af000 	C:\Windows\SYSTEM32\windows.storage.dll
0x00007ffcb9b70000 - 0x00007ffcb9caf000 	C:\Windows\SYSTEM32\wintypes.dll
0x00007ffcbd530000 - 0x00007ffcbd629000 	C:\Windows\System32\SHCORE.dll
0x00007ffcbcbe0000 - 0x00007ffcbcc3e000 	C:\Windows\System32\shlwapi.dll
0x00007ffcbbcb0000 - 0x00007ffcbbcd7000 	C:\Windows\SYSTEM32\profapi.dll
0x00007ffc85690000 - 0x00007ffc856a8000 	C:\Program Files\Eclipse Adoptium\jdk-17.0.15.6-hotspot\bin\zip.dll
0x00007ffc89410000 - 0x00007ffc89429000 	C:\Program Files\Eclipse Adoptium\jdk-17.0.15.6-hotspot\bin\net.dll
0x00007ffcb7800000 - 0x00007ffcb7936000 	C:\Windows\SYSTEM32\WINHTTP.dll
0x00007ffcbb2e0000 - 0x00007ffcbb349000 	C:\Windows\system32\mswsock.dll
0x00007ffc88990000 - 0x00007ffc889a6000 	C:\Program Files\Eclipse Adoptium\jdk-17.0.15.6-hotspot\bin\nio.dll
0x00007ffc8a1f0000 - 0x00007ffc8a200000 	C:\Program Files\Eclipse Adoptium\jdk-17.0.15.6-hotspot\bin\verify.dll
0x00007ffcb8860000 - 0x00007ffcb8887000 	C:\Users\hafid\.gradle\native\1def1411415f61bf3af743bc5b6707747c0891f09f0c88961ee8f79bc544acac\windows-amd64\native-platform.dll
0x00007ffc85890000 - 0x00007ffc85908000 	C:\Users\hafid\.gradle\native\0.2.7\x86_64-windows-gnu\gradle-fileevents.dll
0x00007ffc97050000 - 0x00007ffc9705a000 	C:\Program Files\Eclipse Adoptium\jdk-17.0.15.6-hotspot\bin\management.dll
0x00007ffc97040000 - 0x00007ffc9704b000 	C:\Program Files\Eclipse Adoptium\jdk-17.0.15.6-hotspot\bin\management_ext.dll
0x00007ffcbd990000 - 0x00007ffcbd998000 	C:\Windows\System32\PSAPI.DLL
0x00007ffcba880000 - 0x00007ffcba8ad000 	C:\Windows\SYSTEM32\IPHLPAPI.DLL
0x00007ffcbd980000 - 0x00007ffcbd989000 	C:\Windows\System32\NSI.dll
0x00007ffcb7a10000 - 0x00007ffcb7a29000 	C:\Windows\SYSTEM32\dhcpcsvc6.DLL
0x00007ffcb77e0000 - 0x00007ffcb77ff000 	C:\Windows\SYSTEM32\dhcpcsvc.DLL
0x00007ffcba8f0000 - 0x00007ffcba9f2000 	C:\Windows\SYSTEM32\DNSAPI.dll
0x00007ffc97030000 - 0x00007ffc97039000 	C:\Program Files\Eclipse Adoptium\jdk-17.0.15.6-hotspot\bin\extnet.dll
0x00007ffcbb630000 - 0x00007ffcbb64b000 	C:\Windows\SYSTEM32\CRYPTSP.dll
0x00007ffcbade0000 - 0x00007ffcbae15000 	C:\Windows\system32\rsaenh.dll
0x00007ffcbb380000 - 0x00007ffcbb3a8000 	C:\Windows\SYSTEM32\USERENV.dll
0x00007ffcbb610000 - 0x00007ffcbb61c000 	C:\Windows\SYSTEM32\CRYPTBASE.dll
0x00007ffc97020000 - 0x00007ffc9702e000 	C:\Program Files\Eclipse Adoptium\jdk-17.0.15.6-hotspot\bin\sunmscapi.dll
0x00007ffcbc4e0000 - 0x00007ffcbc646000 	C:\Windows\System32\CRYPT32.dll
0x00007ffcbb740000 - 0x00007ffcbb76d000 	C:\Windows\SYSTEM32\ncrypt.dll
0x00007ffcbb700000 - 0x00007ffcbb737000 	C:\Windows\SYSTEM32\NTASN1.dll
0x00007ffc45610000 - 0x00007ffc45618000 	C:\Windows\system32\wshunix.dll

dbghelp: loaded successfully - version: 4.0.5 - missing functions: none
symbol engine: initialized successfully - sym options: 0x614 - pdb path: .;C:\Program Files\Eclipse Adoptium\jdk-17.0.15.6-hotspot\bin;C:\Windows\SYSTEM32;C:\Windows\WinSxS\amd64_microsoft.windows.common-controls_6595b64144ccf1df_6.0.22621.3672_none_2713b9d173822955;C:\Program Files\Eclipse Adoptium\jdk-17.0.15.6-hotspot\bin\server;C:\Users\hafid\.gradle\native\1def1411415f61bf3af743bc5b6707747c0891f09f0c88961ee8f79bc544acac\windows-amd64;C:\Users\hafid\.gradle\native\0.2.7\x86_64-windows-gnu

VM Arguments:
jvm_args: --add-opens=java.base/java.lang=ALL-UNNAMED --add-opens=java.base/java.lang.invoke=ALL-UNNAMED --add-opens=java.base/java.util=ALL-UNNAMED --add-opens=java.prefs/java.util.prefs=ALL-UNNAMED --add-exports=jdk.compiler/com.sun.tools.javac.api=ALL-UNNAMED --add-exports=jdk.compiler/com.sun.tools.javac.util=ALL-UNNAMED --add-opens=java.base/java.util=ALL-UNNAMED --add-opens=java.prefs/java.util.prefs=ALL-UNNAMED --add-opens=java.base/java.nio.charset=ALL-UNNAMED --add-opens=java.base/java.net=ALL-UNNAMED --add-opens=java.base/java.util.concurrent.atomic=ALL-UNNAMED --add-opens=java.xml/javax.xml.namespace=ALL-UNNAMED -Xmx2048m -Dfile.encoding=UTF-8 -Duser.country=ID -Duser.language=en -Duser.variant -javaagent:C:\Users\hafid\.gradle\wrapper\dists\gradle-8.13-bin\5xuhj0ry160q40clulazy9h7d\gradle-8.13\lib\agents\gradle-instrumentation-agent-8.13.jar 
java_command: org.gradle.launcher.daemon.bootstrap.GradleDaemon 8.13
java_class_path (initial): C:\Users\hafid\.gradle\wrapper\dists\gradle-8.13-bin\5xuhj0ry160q40clulazy9h7d\gradle-8.13\lib\gradle-daemon-main-8.13.jar
Launcher Type: SUN_STANDARD

[Global flags]
     intx CICompilerCount                          = 3                                         {product} {ergonomic}
     uint ConcGCThreads                            = 1                                         {product} {ergonomic}
     uint G1ConcRefinementThreads                  = 4                                         {product} {ergonomic}
   size_t G1HeapRegionSize                         = 1048576                                   {product} {ergonomic}
    uintx GCDrainStackTargetSize                   = 64                                        {product} {ergonomic}
   size_t InitialHeapSize                          = 65011712                                  {product} {ergonomic}
   size_t MarkStackSize                            = 4194304                                   {product} {ergonomic}
   size_t MaxHeapSize                              = 2147483648                                {product} {command line}
   size_t MaxNewSize                               = 1287651328                                {product} {ergonomic}
   size_t MinHeapDeltaBytes                        = 1048576                                   {product} {ergonomic}
   size_t MinHeapSize                              = 8388608                                   {product} {ergonomic}
    uintx NonNMethodCodeHeapSize                   = 5832780                                {pd product} {ergonomic}
    uintx NonProfiledCodeHeapSize                  = 122912730                              {pd product} {ergonomic}
    uintx ProfiledCodeHeapSize                     = 122912730                              {pd product} {ergonomic}
    uintx ReservedCodeCacheSize                    = 251658240                              {pd product} {ergonomic}
     bool SegmentedCodeCache                       = true                                      {product} {ergonomic}
   size_t SoftMaxHeapSize                          = 2147483648                             {manageable} {ergonomic}
     bool UseCompressedClassPointers               = true                           {product lp64_product} {ergonomic}
     bool UseCompressedOops                        = true                           {product lp64_product} {ergonomic}
     bool UseG1GC                                  = true                                      {product} {ergonomic}
     bool UseLargePagesIndividualAllocation        = false                                  {pd product} {ergonomic}

Logging:
Log output configuration:
 #0: stdout all=warning uptime,level,tags
 #1: stderr all=off uptime,level,tags

Environment Variables:
JAVA_HOME=C:\Program Files\Eclipse Adoptium\jdk-17.0.15.6-hotspot
PATH=C:\Program Files\Eclipse Adoptium\jdk-17.0.15.6-hotspot\bin;C:\Program Files\Eclipse Adoptium\jdk-17.0.15.6-hotspot\bin;C:\Program Files\Common Files\Oracle\Java\javapath;C:\ProgramData\Oracle\Java\javapath;C:\Windows\system32;C:\Windows;C:\Windows\System32\Wbem;C:\Windows\System32\WindowsPowerShell\v1.0\;C:\Windows\System32\OpenSSH\;C:\Program Files (x86)\NVIDIA Corporation\PhysX\Common;C:\Windows\System32;C:\Users\Git\cmd;C:\Program Files\Docker\Docker\resources\bin;C:\Program Files\MongoDB\Server\8.0\bin;C:\xampp\php;C:\ProgramData\ComposerSetup\bin;C:\flutter\bin;C:\Users\hafid\AppData\Local\Android\sdk\platform-tools;C:\Program Files\nodejs\;C:\kotlinc\bin;C:\Users\hafid\AppData\Local\Programs\Python\Python310\Scripts\;C:\Users\hafid\AppData\Local\Programs\Python\Python310\;C:\Users\hafid\AppData\Local\Microsoft\WindowsApps;C:\Users\hafid\AppData\Local\Programs\Microsoft VS Code\bin;C:\Users\hafid\AppData\Roaming\Composer\vendor\bin;C:\Users\hafid\AppData\Roaming\npm;C:\Users\hafid\AppData\Local\Google\Cloud SDK\google-cloud-sdk\bin;D:\cursor\resources\app\bin;C:\Users\hafid\AppData\Local\Programs\Windsurf\bin;C:\Users\hafid\AppData\Local\Programs\Antigravity\bin
USERNAME=hafid
OS=Windows_NT
PROCESSOR_IDENTIFIER=Intel64 Family 6 Model 142 Stepping 9, GenuineIntel
TMP=C:\Users\hafid\AppData\Local\Temp
TEMP=C:\Users\hafid\AppData\Local\Temp



Periodic native trim disabled


---------------  S Y S T E M  ---------------

OS:
 Windows 11 , 64 bit Build 22621 (10.0.22621.3958)
OS uptime: 0 days 0:51 hours
Hyper-V role detected

CPU: total 4 (initial active 4) (2 cores per cpu, 2 threads per core) family 6 model 142 stepping 9 microcode 0xde, cx8, cmov, fxsr, ht, mmx, 3dnowpref, sse, sse2, sse3, ssse3, sse4.1, sse4.2, popcnt, lzcnt, tsc, tscinvbit, avx, avx2, aes, erms, clmul, bmi1, bmi2, adx, fma, vzeroupper, clflush, clflushopt, hv
Processor Information for all 4 processors :
  Max Mhz: 2712, Current Mhz: 2511, Mhz Limit: 2495

Memory: 4k page, system-wide physical 3964M (149M free)
TotalPageFile size 16252M (AvailPageFile size 49M)
current process WorkingSet (physical memory assigned to process): 237M, peak: 237M
current process commit charge ("private bytes"): 298M, peak: 356M

vm_info: OpenJDK 64-Bit Server VM (17.0.15+6) for windows-amd64 JRE (17.0.15+6), built on Apr 15 2025 21:25:47 by "admin" with MS VC++ 17.7 (VS2022)

END.
