#
# There is insufficient memory for the Java Runtime Environment to continue.
# Native memory allocation (malloc) failed to allocate 1048576 bytes. Error detail: AllocateHeap
# Possible reasons:
#   The system is out of physical RAM or swap space
#   This process is running with CompressedOops enabled, and the Java Heap may be blocking the growth of the native heap
# Possible solutions:
#   Reduce memory load on the system
#   Increase physical memory or swap space
#   Check if swap backing store is full
#   Decrease Java heap size (-Xmx/-Xms)
#   Decrease number of Java threads
#   Decrease Java thread stack sizes (-Xss)
#   Set larger code cache with -XX:ReservedCodeCacheSize=
#   JVM is running with Unscaled Compressed Oops mode in which the Java heap is
#     placed in the first 4GB address space. The Java Heap base address is the
#     maximum limit for the native heap growth. Please use -XX:HeapBaseMinAddress
#     to set the Java Heap base and to place the Java Heap above 4GB virtual address.
# This output file may be truncated or incomplete.
#
#  Out of Memory Error (allocation.cpp:44), pid=3988, tid=16604
#
# JRE version: OpenJDK Runtime Environment Temurin-21.0.9+10 (21.0.9+10) (build 21.0.9+10-LTS)
# Java VM: OpenJDK 64-Bit Server VM Temurin-21.0.9+10 (21.0.9+10-LTS, mixed mode, sharing, tiered, compressed oops, compressed class ptrs, parallel gc, windows-amd64)
# No core dump will be written. Minidumps are not enabled by default on client versions of Windows
#

---------------  S U M M A R Y ------------

Command Line: --add-modules=ALL-SYSTEM --add-opens=java.base/java.util=ALL-UNNAMED --add-opens=java.base/java.lang=ALL-UNNAMED --add-opens=java.base/sun.nio.fs=ALL-UNNAMED -Declipse.application=org.eclipse.jdt.ls.core.id1 -Dosgi.bundles.defaultStartLevel=4 -Declipse.product=org.eclipse.jdt.ls.core.product -Djava.import.generatesMetadataFilesAtProjectRoot=false -DDetectVMInstallationsJob.disabled=true -Dfile.encoding=utf8 -XX:+UseParallelGC -XX:GCTimeRatio=4 -XX:AdaptiveSizePolicyWeight=90 -Dsun.zip.disableMemoryMapping=true -Xmx2G -Xms100m -Xlog:disable -javaagent:c:\Users\hafid\.vscode\extensions\redhat.java-1.50.0-win32-x64\lombok\lombok-1.18.39-4050.jar -XX:+HeapDumpOnOutOfMemoryError -XX:HeapDumpPath=c:\Users\hafid\AppData\Roaming\Code\User\workspaceStorage\271670c6d88b3c30270340dfd9cafa37\redhat.java -Daether.dependencyCollector.impl=bf c:\Users\hafid\.vscode\extensions\redhat.java-1.50.0-win32-x64\server\plugins\org.eclipse.equinox.launcher_1.7.100.v20251111-0406.jar -configuration c:\Users\hafid\AppData\Roaming\Code\User\globalStorage\redhat.java\1.50.0\config_win -data c:\Users\hafid\AppData\Roaming\Code\User\workspaceStorage\271670c6d88b3c30270340dfd9cafa37\redhat.java\jdt_ws --pipe=\\.\pipe\lsp-a9c2747c7292145b31622ee82b4665aa-sock

Host: Intel(R) Core(TM) i5-7200U CPU @ 2.50GHz, 4 cores, 3G,  Windows 11 , 64 bit Build 22621 (10.0.22621.3958)
Time: Fri Dec  5 09:53:42 2025 SE Asia Standard Time elapsed time: 798.677457 seconds (0d 0h 13m 18s)

---------------  T H R E A D  ---------------

Current thread (0x0000019a0908d860):  JavaThread "Attach Listener" daemon [_thread_in_vm, id=16604, stack(0x0000004a3df00000,0x0000004a3e000000) (1024K)]

Stack: [0x0000004a3df00000,0x0000004a3e000000]
Native frames: (J=compiled Java code, j=interpreted, Vv=VM code, C=native code)
V  [jvm.dll+0x6d6e29]
V  [jvm.dll+0x8b4b76]
V  [jvm.dll+0x8b712e]
V  [jvm.dll+0x8b7813]
V  [jvm.dll+0x283d86]
V  [jvm.dll+0xc1277]
V  [jvm.dll+0x6d76d9]
V  [jvm.dll+0x133466]
V  [jvm.dll+0x3f7ea6]
V  [jvm.dll+0x85e9ad]
V  [jvm.dll+0x6d565d]
C  [ucrtbase.dll+0x29333]
C  [KERNEL32.DLL+0x1257d]
C  [ntdll.dll+0x5af08]


---------------  P R O C E S S  ---------------

Threads class SMR info:
_java_thread_list=0x0000019a69c94a70, length=31, elements={
0x0000019a0919c7f0, 0x0000019a090883b0, 0x0000019a0908acc0, 0x0000019a0908bf60,
0x0000019a0908d860, 0x0000019a0908e9d0, 0x0000019a09092a30, 0x0000019a09093860,
0x0000019a09103f40, 0x0000019a61906620, 0x0000019a619f9aa0, 0x0000019a6199e690,
0x0000019a617e8850, 0x0000019a66262690, 0x0000019a662630c0, 0x0000019a66783270,
0x0000019a665a1960, 0x0000019a619bf510, 0x0000019a619c0f50, 0x0000019a619c15e0,
0x0000019a619c2300, 0x0000019a619c2990, 0x0000019a61950960, 0x0000019a6194a060,
0x0000019a6194c7c0, 0x0000019a6194e890, 0x0000019a6194fc40, 0x0000019a6194baa0,
0x0000019a619502d0, 0x0000019a619499d0, 0x0000019a6194db70
}

Java Threads: ( => current thread )
  0x0000019a0919c7f0 JavaThread "main"                              [_thread_blocked, id=9344, stack(0x0000004a3d700000,0x0000004a3d800000) (1024K)]
  0x0000019a090883b0 JavaThread "Reference Handler"          daemon [_thread_blocked, id=5372, stack(0x0000004a3dc00000,0x0000004a3dd00000) (1024K)]
  0x0000019a0908acc0 JavaThread "Finalizer"                  daemon [_thread_blocked, id=5668, stack(0x0000004a3dd00000,0x0000004a3de00000) (1024K)]
  0x0000019a0908bf60 JavaThread "Signal Dispatcher"          daemon [_thread_blocked, id=4040, stack(0x0000004a3de00000,0x0000004a3df00000) (1024K)]
=>0x0000019a0908d860 JavaThread "Attach Listener"            daemon [_thread_in_vm, id=16604, stack(0x0000004a3df00000,0x0000004a3e000000) (1024K)]
  0x0000019a0908e9d0 JavaThread "Service Thread"             daemon [_thread_blocked, id=13612, stack(0x0000004a3e000000,0x0000004a3e100000) (1024K)]
  0x0000019a09092a30 JavaThread "Monitor Deflation Thread"   daemon [_thread_blocked, id=17400, stack(0x0000004a3e100000,0x0000004a3e200000) (1024K)]
  0x0000019a09093860 JavaThread "C2 CompilerThread0"         daemon [_thread_blocked, id=15708, stack(0x0000004a3e200000,0x0000004a3e300000) (1024K)]
  0x0000019a09103f40 JavaThread "C1 CompilerThread0"         daemon [_thread_blocked, id=3380, stack(0x0000004a3e300000,0x0000004a3e400000) (1024K)]
  0x0000019a61906620 JavaThread "Common-Cleaner"             daemon [_thread_blocked, id=16840, stack(0x0000004a3e400000,0x0000004a3e500000) (1024K)]
  0x0000019a619f9aa0 JavaThread "Notification Thread"        daemon [_thread_blocked, id=9348, stack(0x0000004a3e500000,0x0000004a3e600000) (1024K)]
  0x0000019a6199e690 JavaThread "Active Thread: Equinox Container: c56e4b3f-81c9-4aa4-b2eb-23433898ebe0"        [_thread_blocked, id=14452, stack(0x0000004a3e900000,0x0000004a3ea00000) (1024K)]
  0x0000019a617e8850 JavaThread "Refresh Thread: Equinox Container: c56e4b3f-81c9-4aa4-b2eb-23433898ebe0" daemon [_thread_blocked, id=664, stack(0x0000004a3ea00000,0x0000004a3eb00000) (1024K)]
  0x0000019a66262690 JavaThread "Framework Event Dispatcher: Equinox Container: c56e4b3f-81c9-4aa4-b2eb-23433898ebe0" daemon [_thread_blocked, id=9416, stack(0x0000004a3eb00000,0x0000004a3ec00000) (1024K)]
  0x0000019a662630c0 JavaThread "Start Level: Equinox Container: c56e4b3f-81c9-4aa4-b2eb-23433898ebe0" daemon [_thread_blocked, id=13520, stack(0x0000004a3ec00000,0x0000004a3ed00000) (1024K)]
  0x0000019a66783270 JavaThread "Bundle File Closer"         daemon [_thread_blocked, id=16768, stack(0x0000004a3ed00000,0x0000004a3ee00000) (1024K)]
  0x0000019a665a1960 JavaThread "SCR Component Actor"        daemon [_thread_blocked, id=16924, stack(0x0000004a3ee00000,0x0000004a3ef00000) (1024K)]
  0x0000019a619bf510 JavaThread "Worker-JM"                         [_thread_blocked, id=16916, stack(0x0000004a3ef00000,0x0000004a3f000000) (1024K)]
  0x0000019a619c0f50 JavaThread "JNA Cleaner"                daemon [_thread_blocked, id=16944, stack(0x0000004a3f000000,0x0000004a3f100000) (1024K)]
  0x0000019a619c15e0 JavaThread "Worker-1"                          [_thread_blocked, id=16996, stack(0x0000004a3f200000,0x0000004a3f300000) (1024K)]
  0x0000019a619c2300 JavaThread "Worker-3"                          [_thread_blocked, id=16624, stack(0x0000004a3f400000,0x0000004a3f500000) (1024K)]
  0x0000019a619c2990 JavaThread "Java indexing"              daemon [_thread_blocked, id=11732, stack(0x0000004a3f500000,0x0000004a3f600000) (1024K)]
  0x0000019a61950960 JavaThread "Thread-1"                   daemon [_thread_in_native, id=3452, stack(0x0000004a3f900000,0x0000004a3fa00000) (1024K)]
  0x0000019a6194a060 JavaThread "Thread-2"                   daemon [_thread_in_native, id=9276, stack(0x0000004a3fa00000,0x0000004a3fb00000) (1024K)]
  0x0000019a6194c7c0 JavaThread "Thread-3"                   daemon [_thread_in_native, id=10024, stack(0x0000004a3fb00000,0x0000004a3fc00000) (1024K)]
  0x0000019a6194e890 JavaThread "Thread-4"                   daemon [_thread_in_native, id=9584, stack(0x0000004a3fc00000,0x0000004a3fd00000) (1024K)]
  0x0000019a6194fc40 JavaThread "Thread-5"                   daemon [_thread_in_native, id=1748, stack(0x0000004a3fd00000,0x0000004a3fe00000) (1024K)]
  0x0000019a6194baa0 JavaThread "pool-2-thread-1"                   [_thread_blocked, id=6508, stack(0x0000004a3fe00000,0x0000004a3ff00000) (1024K)]
  0x0000019a619502d0 JavaThread "WorkspaceEventsHandler"            [_thread_blocked, id=16280, stack(0x0000004a3ff00000,0x0000004a40000000) (1024K)]
  0x0000019a619499d0 JavaThread "pool-1-thread-1"                   [_thread_blocked, id=16640, stack(0x0000004a40000000,0x0000004a40100000) (1024K)]
  0x0000019a6194db70 JavaThread "Timer-0"                           [_thread_blocked, id=14004, stack(0x0000004a40300000,0x0000004a40400000) (1024K)]
Total: 31

Other Threads:
  0x0000019a0925b3c0 VMThread "VM Thread"                           [id=4316, stack(0x0000004a3db00000,0x0000004a3dc00000) (1024K)]
  0x0000019a09206820 WatcherThread "VM Periodic Task Thread"        [id=16744, stack(0x0000004a3da00000,0x0000004a3db00000) (1024K)]
  0x0000019a091bace0 WorkerThread "GC Thread#0"                     [id=13448, stack(0x0000004a3d900000,0x0000004a3da00000) (1024K)]
  0x0000019a61a56dc0 WorkerThread "GC Thread#1"                     [id=16676, stack(0x0000004a3e600000,0x0000004a3e700000) (1024K)]
  0x0000019a61a57160 WorkerThread "GC Thread#2"                     [id=10488, stack(0x0000004a3e700000,0x0000004a3e800000) (1024K)]
  0x0000019a66036350 WorkerThread "GC Thread#3"                     [id=16776, stack(0x0000004a3e800000,0x0000004a3e900000) (1024K)]
Total: 6

Threads with active compile tasks:
Total: 0

VM state: not at safepoint (normal execution)

VM Mutex/Monitor currently owned by a thread: None

Heap address: 0x0000000080000000, size: 2048 MB, Compressed Oops mode: 32-bit

CDS archive(s) mapped at: [0x0000019a20000000-0x0000019a20ba0000-0x0000019a20ba0000), size 12189696, SharedBaseAddress: 0x0000019a20000000, ArchiveRelocationMode: 1.
Compressed class space mapped at: 0x0000019a21000000-0x0000019a61000000, reserved size: 1073741824
Narrow klass base: 0x0000019a20000000, Narrow klass shift: 0, Narrow klass range: 0x100000000

GC Precious Log:
 CardTable entry size: 512
 CPUs: 4 total, 4 available
 Memory: 3964M
 Large Page Support: Disabled
 NUMA Support: Disabled
 Compressed Oops: Enabled (32-bit)
 Alignments: Space 512K, Generation 512K, Heap 2M
 Heap Min Capacity: 100M
 Heap Initial Capacity: 100M
 Heap Max Capacity: 2G
 Pre-touch: Disabled
 Parallel Workers: 4

Heap:
 PSYoungGen      total 13824K, used 12526K [0x00000000d5580000, 0x00000000d6480000, 0x0000000100000000)
  eden space 12288K, 94% used [0x00000000d5580000,0x00000000d60dba18,0x00000000d6180000)
  from space 1536K, 58% used [0x00000000d6300000,0x00000000d63e0000,0x00000000d6480000)
  to   space 1536K, 0% used [0x00000000d6180000,0x00000000d6180000,0x00000000d6300000)
 ParOldGen       total 68608K, used 54689K [0x0000000080000000, 0x0000000084300000, 0x00000000d5580000)
  object space 68608K, 79% used [0x0000000080000000,0x0000000083568488,0x0000000084300000)
 Metaspace       used 61995K, committed 63296K, reserved 1114112K
  class space    used 7249K, committed 7744K, reserved 1048576K

Card table byte_map: [0x0000019a08b40000,0x0000019a08f50000] _byte_map_base: 0x0000019a08740000

Marking Bits: (ParMarkBitMap*) 0x00007ffc76db2460
 Begin Bits: [0x0000019a1b650000, 0x0000019a1d650000)
 End Bits:   [0x0000019a1d650000, 0x0000019a1f650000)

Polling page: 0x0000019a07020000

Metaspace:

Usage:
  Non-class:     53.46 MB used.
      Class:      7.08 MB used.
       Both:     60.54 MB used.

Virtual space:
  Non-class space:       64.00 MB reserved,      54.25 MB ( 85%) committed,  1 nodes.
      Class space:        1.00 GB reserved,       7.56 MB ( <1%) committed,  1 nodes.
             Both:        1.06 GB reserved,      61.81 MB (  6%) committed. 

Chunk freelists:
   Non-Class:  9.80 MB
       Class:  8.44 MB
        Both:  18.24 MB

MaxMetaspaceSize: unlimited
CompressedClassSpaceSize: 1.00 GB
Initial GC threshold: 21.00 MB
Current GC threshold: 97.31 MB
CDS: on
 - commit_granule_bytes: 65536.
 - commit_granule_words: 8192.
 - virtual_space_node_default_size: 8388608.
 - enlarge_chunks_in_place: 1.
 - use_allocation_guard: 0.


Internal statistics:

num_allocs_failed_limit: 9.
num_arena_births: 1008.
num_arena_deaths: 20.
num_vsnodes_births: 2.
num_vsnodes_deaths: 0.
num_space_committed: 989.
num_space_uncommitted: 0.
num_chunks_returned_to_freelist: 32.
num_chunks_taken_from_freelist: 3537.
num_chunk_merges: 14.
num_chunk_splits: 2272.
num_chunks_enlarged: 1420.
num_inconsistent_stats: 0.

CodeHeap 'non-profiled nmethods': size=120000Kb used=4693Kb max_used=4693Kb free=115306Kb
 bounds [0x0000019a13e70000, 0x0000019a14310000, 0x0000019a1b3a0000]
CodeHeap 'profiled nmethods': size=120000Kb used=15029Kb max_used=15029Kb free=104971Kb
 bounds [0x0000019a0c3a0000, 0x0000019a0d250000, 0x0000019a138d0000]
CodeHeap 'non-nmethods': size=5760Kb used=1425Kb max_used=1483Kb free=4334Kb
 bounds [0x0000019a138d0000, 0x0000019a13b40000, 0x0000019a13e70000]
CodeCache: size=245760Kb, used=21147Kb, max_used=21205Kb, free=224611Kb
 total_blobs=8223, nmethods=7489, adapters=640, full_count=0
Compilation: enabled, stopped_count=0, restarted_count=0

Compilation events (20 events):
Event: 363.183 Thread 0x0000019a09103f40 8245       3       java.util.concurrent.Executors$RunnableAdapter::call (14 bytes)
Event: 363.195 Thread 0x0000019a09103f40 nmethod 8245 0x0000019a0d24af90 code [0x0000019a0d24b140, 0x0000019a0d24b328]
Event: 363.862 Thread 0x0000019a09093860 8246       4       java.util.TaskQueue::getMin (7 bytes)
Event: 363.869 Thread 0x0000019a09093860 nmethod 8246 0x0000019a14304c10 code [0x0000019a14304da0, 0x0000019a14304e68]
Event: 369.410 Thread 0x0000019a09103f40 8247       3       java.util.concurrent.locks.AbstractQueuedSynchronizer$ConditionObject::canReacquire (38 bytes)
Event: 369.418 Thread 0x0000019a09103f40 nmethod 8247 0x0000019a0d24b410 code [0x0000019a0d24b5e0, 0x0000019a0d24b928]
Event: 386.618 Thread 0x0000019a09103f40 8248       3       java.util.concurrent.locks.LockSupport::unpark (26 bytes)
Event: 386.628 Thread 0x0000019a09103f40 nmethod 8248 0x0000019a0d24ba90 code [0x0000019a0d24bc60, 0x0000019a0d24bfa8]
Event: 483.338 Thread 0x0000019a09103f40 8250       3       java.util.concurrent.locks.ReentrantLock$NonfairSync::tryAcquire (27 bytes)
Event: 483.356 Thread 0x0000019a09103f40 nmethod 8250 0x0000019a0d24c090 code [0x0000019a0d24c240, 0x0000019a0d24c488]
Event: 553.362 Thread 0x0000019a09103f40 8251       3       java.util.concurrent.locks.AbstractQueuedSynchronizer$Node::getAndUnsetStatus (14 bytes)
Event: 553.396 Thread 0x0000019a09103f40 nmethod 8251 0x0000019a0d24c590 code [0x0000019a0d24c760, 0x0000019a0d24ca00]
Event: 553.396 Thread 0x0000019a09103f40 8252       3       jdk.internal.misc.Unsafe::getAndBitwiseAndInt (27 bytes)
Event: 553.396 Thread 0x0000019a09103f40 nmethod 8252 0x0000019a0d24cb10 code [0x0000019a0d24ccc0, 0x0000019a0d24cef0]
Event: 553.397 Thread 0x0000019a09103f40 8253       3       java.util.concurrent.ScheduledThreadPoolExecutor$ScheduledFutureTask::getDelay (16 bytes)
Event: 553.404 Thread 0x0000019a09103f40 nmethod 8253 0x0000019a0d24d010 code [0x0000019a0d24d1c0, 0x0000019a0d24d358]
Event: 564.743 Thread 0x0000019a09093860 8254       4       java.lang.Math::min (12 bytes)
Event: 564.750 Thread 0x0000019a09093860 nmethod 8254 0x0000019a14304f10 code [0x0000019a14305080, 0x0000019a143050f8]
Event: 717.451 Thread 0x0000019a09093860 8255       4       java.util.TaskQueue::isEmpty (13 bytes)
Event: 717.459 Thread 0x0000019a09093860 nmethod 8255 0x0000019a14305210 code [0x0000019a143053a0, 0x0000019a14305448]

GC Heap History (20 events):
Event: 59.354 GC heap before
{Heap before GC invocations=34 (full 2):
 PSYoungGen      total 15360K, used 14810K [0x00000000d5580000, 0x00000000d6800000, 0x0000000100000000)
  eden space 13824K, 96% used [0x00000000d5580000,0x00000000d627ead0,0x00000000d6300000)
  from space 1536K, 97% used [0x00000000d6580000,0x00000000d66f8030,0x00000000d6700000)
  to   space 1024K, 0% used [0x00000000d6700000,0x00000000d6700000,0x00000000d6800000)
 ParOldGen       total 68608K, used 45639K [0x0000000080000000, 0x0000000084300000, 0x00000000d5580000)
  object space 68608K, 66% used [0x0000000080000000,0x0000000082c91f38,0x0000000084300000)
 Metaspace       used 58446K, committed 59776K, reserved 1114112K
  class space    used 6806K, committed 7424K, reserved 1048576K
}
Event: 59.362 GC heap after
{Heap after GC invocations=34 (full 2):
 PSYoungGen      total 14848K, used 1009K [0x00000000d5580000, 0x00000000d6a00000, 0x0000000100000000)
  eden space 13824K, 0% used [0x00000000d5580000,0x00000000d5580000,0x00000000d6300000)
  from space 1024K, 98% used [0x00000000d6700000,0x00000000d67fc420,0x00000000d6800000)
  to   space 3584K, 0% used [0x00000000d6300000,0x00000000d6300000,0x00000000d6680000)
 ParOldGen       total 68608K, used 47559K [0x0000000080000000, 0x0000000084300000, 0x00000000d5580000)
  object space 68608K, 69% used [0x0000000080000000,0x0000000082e71f78,0x0000000084300000)
 Metaspace       used 58446K, committed 59776K, reserved 1114112K
  class space    used 6806K, committed 7424K, reserved 1048576K
}
Event: 59.362 GC heap before
{Heap before GC invocations=35 (full 3):
 PSYoungGen      total 14848K, used 1009K [0x00000000d5580000, 0x00000000d6a00000, 0x0000000100000000)
  eden space 13824K, 0% used [0x00000000d5580000,0x00000000d5580000,0x00000000d6300000)
  from space 1024K, 98% used [0x00000000d6700000,0x00000000d67fc420,0x00000000d6800000)
  to   space 3584K, 0% used [0x00000000d6300000,0x00000000d6300000,0x00000000d6680000)
 ParOldGen       total 68608K, used 47559K [0x0000000080000000, 0x0000000084300000, 0x00000000d5580000)
  object space 68608K, 69% used [0x0000000080000000,0x0000000082e71f78,0x0000000084300000)
 Metaspace       used 58446K, committed 59776K, reserved 1114112K
  class space    used 6806K, committed 7424K, reserved 1048576K
}
Event: 59.536 GC heap after
{Heap after GC invocations=35 (full 3):
 PSYoungGen      total 14848K, used 0K [0x00000000d5580000, 0x00000000d6a00000, 0x0000000100000000)
  eden space 13824K, 0% used [0x00000000d5580000,0x00000000d5580000,0x00000000d6300000)
  from space 1024K, 0% used [0x00000000d6700000,0x00000000d6700000,0x00000000d6800000)
  to   space 3584K, 0% used [0x00000000d6300000,0x00000000d6300000,0x00000000d6680000)
 ParOldGen       total 68608K, used 45409K [0x0000000080000000, 0x0000000084300000, 0x00000000d5580000)
  object space 68608K, 66% used [0x0000000080000000,0x0000000082c586b8,0x0000000084300000)
 Metaspace       used 58446K, committed 59776K, reserved 1114112K
  class space    used 6806K, committed 7424K, reserved 1048576K
}
Event: 59.914 GC heap before
{Heap before GC invocations=36 (full 3):
 PSYoungGen      total 14848K, used 13824K [0x00000000d5580000, 0x00000000d6a00000, 0x0000000100000000)
  eden space 13824K, 100% used [0x00000000d5580000,0x00000000d6300000,0x00000000d6300000)
  from space 1024K, 0% used [0x00000000d6700000,0x00000000d6700000,0x00000000d6800000)
  to   space 3584K, 0% used [0x00000000d6300000,0x00000000d6300000,0x00000000d6680000)
 ParOldGen       total 68608K, used 45409K [0x0000000080000000, 0x0000000084300000, 0x00000000d5580000)
  object space 68608K, 66% used [0x0000000080000000,0x0000000082c586b8,0x0000000084300000)
 Metaspace       used 58587K, committed 59968K, reserved 1114112K
  class space    used 6824K, committed 7424K, reserved 1048576K
}
Event: 59.920 GC heap after
{Heap after GC invocations=36 (full 3):
 PSYoungGen      total 15872K, used 1568K [0x00000000d5580000, 0x00000000d6800000, 0x0000000100000000)
  eden space 13824K, 0% used [0x00000000d5580000,0x00000000d5580000,0x00000000d6300000)
  from space 2048K, 76% used [0x00000000d6300000,0x00000000d6488010,0x00000000d6500000)
  to   space 2560K, 0% used [0x00000000d6580000,0x00000000d6580000,0x00000000d6800000)
 ParOldGen       total 68608K, used 45409K [0x0000000080000000, 0x0000000084300000, 0x00000000d5580000)
  object space 68608K, 66% used [0x0000000080000000,0x0000000082c586b8,0x0000000084300000)
 Metaspace       used 58587K, committed 59968K, reserved 1114112K
  class space    used 6824K, committed 7424K, reserved 1048576K
}
Event: 60.481 GC heap before
{Heap before GC invocations=37 (full 3):
 PSYoungGen      total 15872K, used 15392K [0x00000000d5580000, 0x00000000d6800000, 0x0000000100000000)
  eden space 13824K, 100% used [0x00000000d5580000,0x00000000d6300000,0x00000000d6300000)
  from space 2048K, 76% used [0x00000000d6300000,0x00000000d6488010,0x00000000d6500000)
  to   space 2560K, 0% used [0x00000000d6580000,0x00000000d6580000,0x00000000d6800000)
 ParOldGen       total 68608K, used 45409K [0x0000000080000000, 0x0000000084300000, 0x00000000d5580000)
  object space 68608K, 66% used [0x0000000080000000,0x0000000082c586b8,0x0000000084300000)
 Metaspace       used 59383K, committed 60736K, reserved 1114112K
  class space    used 6955K, committed 7552K, reserved 1048576K
}
Event: 60.504 GC heap after
{Heap after GC invocations=37 (full 3):
 PSYoungGen      total 15360K, used 1436K [0x00000000d5580000, 0x00000000d6700000, 0x0000000100000000)
  eden space 13824K, 0% used [0x00000000d5580000,0x00000000d5580000,0x00000000d6300000)
  from space 1536K, 93% used [0x00000000d6580000,0x00000000d66e7338,0x00000000d6700000)
  to   space 2048K, 0% used [0x00000000d6300000,0x00000000d6300000,0x00000000d6500000)
 ParOldGen       total 68608K, used 46857K [0x0000000080000000, 0x0000000084300000, 0x00000000d5580000)
  object space 68608K, 68% used [0x0000000080000000,0x0000000082dc26c8,0x0000000084300000)
 Metaspace       used 59383K, committed 60736K, reserved 1114112K
  class space    used 6955K, committed 7552K, reserved 1048576K
}
Event: 60.978 GC heap before
{Heap before GC invocations=38 (full 3):
 PSYoungGen      total 15360K, used 15260K [0x00000000d5580000, 0x00000000d6700000, 0x0000000100000000)
  eden space 13824K, 100% used [0x00000000d5580000,0x00000000d6300000,0x00000000d6300000)
  from space 1536K, 93% used [0x00000000d6580000,0x00000000d66e7338,0x00000000d6700000)
  to   space 2048K, 0% used [0x00000000d6300000,0x00000000d6300000,0x00000000d6500000)
 ParOldGen       total 68608K, used 46857K [0x0000000080000000, 0x0000000084300000, 0x00000000d5580000)
  object space 68608K, 68% used [0x0000000080000000,0x0000000082dc26c8,0x0000000084300000)
 Metaspace       used 59639K, committed 61056K, reserved 1114112K
  class space    used 6981K, committed 7616K, reserved 1048576K
}
Event: 60.985 GC heap after
{Heap after GC invocations=38 (full 3):
 PSYoungGen      total 15360K, used 1248K [0x00000000d5580000, 0x00000000d6600000, 0x0000000100000000)
  eden space 13824K, 0% used [0x00000000d5580000,0x00000000d5580000,0x00000000d6300000)
  from space 1536K, 81% used [0x00000000d6300000,0x00000000d6438000,0x00000000d6480000)
  to   space 1536K, 0% used [0x00000000d6480000,0x00000000d6480000,0x00000000d6600000)
 ParOldGen       total 68608K, used 48259K [0x0000000080000000, 0x0000000084300000, 0x00000000d5580000)
  object space 68608K, 70% used [0x0000000080000000,0x0000000082f20c50,0x0000000084300000)
 Metaspace       used 59639K, committed 61056K, reserved 1114112K
  class space    used 6981K, committed 7616K, reserved 1048576K
}
Event: 61.585 GC heap before
{Heap before GC invocations=39 (full 3):
 PSYoungGen      total 15360K, used 15072K [0x00000000d5580000, 0x00000000d6600000, 0x0000000100000000)
  eden space 13824K, 100% used [0x00000000d5580000,0x00000000d6300000,0x00000000d6300000)
  from space 1536K, 81% used [0x00000000d6300000,0x00000000d6438000,0x00000000d6480000)
  to   space 1536K, 0% used [0x00000000d6480000,0x00000000d6480000,0x00000000d6600000)
 ParOldGen       total 68608K, used 48259K [0x0000000080000000, 0x0000000084300000, 0x00000000d5580000)
  object space 68608K, 70% used [0x0000000080000000,0x0000000082f20c50,0x0000000084300000)
 Metaspace       used 59664K, committed 61056K, reserved 1114112K
  class space    used 6981K, committed 7616K, reserved 1048576K
}
Event: 61.592 GC heap after
{Heap after GC invocations=39 (full 3):
 PSYoungGen      total 13824K, used 1508K [0x00000000d5580000, 0x00000000d6900000, 0x0000000100000000)
  eden space 12288K, 0% used [0x00000000d5580000,0x00000000d5580000,0x00000000d6180000)
  from space 1536K, 98% used [0x00000000d6480000,0x00000000d65f9000,0x00000000d6600000)
  to   space 3072K, 0% used [0x00000000d6180000,0x00000000d6180000,0x00000000d6480000)
 ParOldGen       total 68608K, used 49459K [0x0000000080000000, 0x0000000084300000, 0x00000000d5580000)
  object space 68608K, 72% used [0x0000000080000000,0x000000008304cc50,0x0000000084300000)
 Metaspace       used 59664K, committed 61056K, reserved 1114112K
  class space    used 6981K, committed 7616K, reserved 1048576K
}
Event: 61.861 GC heap before
{Heap before GC invocations=40 (full 3):
 PSYoungGen      total 13824K, used 13796K [0x00000000d5580000, 0x00000000d6900000, 0x0000000100000000)
  eden space 12288K, 100% used [0x00000000d5580000,0x00000000d6180000,0x00000000d6180000)
  from space 1536K, 98% used [0x00000000d6480000,0x00000000d65f9000,0x00000000d6600000)
  to   space 3072K, 0% used [0x00000000d6180000,0x00000000d6180000,0x00000000d6480000)
 ParOldGen       total 68608K, used 49459K [0x0000000080000000, 0x0000000084300000, 0x00000000d5580000)
  object space 68608K, 72% used [0x0000000080000000,0x000000008304cc50,0x0000000084300000)
 Metaspace       used 59686K, committed 61056K, reserved 1114112K
  class space    used 6983K, committed 7616K, reserved 1048576K
}
Event: 61.869 GC heap after
{Heap after GC invocations=40 (full 3):
 PSYoungGen      total 13824K, used 1216K [0x00000000d5580000, 0x00000000d6580000, 0x0000000100000000)
  eden space 12288K, 0% used [0x00000000d5580000,0x00000000d5580000,0x00000000d6180000)
  from space 1536K, 79% used [0x00000000d6180000,0x00000000d62b0000,0x00000000d6300000)
  to   space 2048K, 0% used [0x00000000d6380000,0x00000000d6380000,0x00000000d6580000)
 ParOldGen       total 68608K, used 50960K [0x0000000080000000, 0x0000000084300000, 0x00000000d5580000)
  object space 68608K, 74% used [0x0000000080000000,0x00000000831c4278,0x0000000084300000)
 Metaspace       used 59686K, committed 61056K, reserved 1114112K
  class space    used 6983K, committed 7616K, reserved 1048576K
}
Event: 62.269 GC heap before
{Heap before GC invocations=41 (full 3):
 PSYoungGen      total 13824K, used 13504K [0x00000000d5580000, 0x00000000d6580000, 0x0000000100000000)
  eden space 12288K, 100% used [0x00000000d5580000,0x00000000d6180000,0x00000000d6180000)
  from space 1536K, 79% used [0x00000000d6180000,0x00000000d62b0000,0x00000000d6300000)
  to   space 2048K, 0% used [0x00000000d6380000,0x00000000d6380000,0x00000000d6580000)
 ParOldGen       total 68608K, used 50960K [0x0000000080000000, 0x0000000084300000, 0x00000000d5580000)
  object space 68608K, 74% used [0x0000000080000000,0x00000000831c4278,0x0000000084300000)
 Metaspace       used 59711K, committed 61056K, reserved 1114112K
  class space    used 6983K, committed 7616K, reserved 1048576K
}
Event: 62.278 GC heap after
{Heap after GC invocations=41 (full 3):
 PSYoungGen      total 13824K, used 1408K [0x00000000d5580000, 0x00000000d6500000, 0x0000000100000000)
  eden space 12288K, 0% used [0x00000000d5580000,0x00000000d5580000,0x00000000d6180000)
  from space 1536K, 91% used [0x00000000d6380000,0x00000000d64e0010,0x00000000d6500000)
  to   space 1536K, 0% used [0x00000000d6180000,0x00000000d6180000,0x00000000d6300000)
 ParOldGen       total 68608K, used 52152K [0x0000000080000000, 0x0000000084300000, 0x00000000d5580000)
  object space 68608K, 76% used [0x0000000080000000,0x00000000832ee278,0x0000000084300000)
 Metaspace       used 59711K, committed 61056K, reserved 1114112K
  class space    used 6983K, committed 7616K, reserved 1048576K
}
Event: 62.527 GC heap before
{Heap before GC invocations=42 (full 3):
 PSYoungGen      total 13824K, used 13696K [0x00000000d5580000, 0x00000000d6500000, 0x0000000100000000)
  eden space 12288K, 100% used [0x00000000d5580000,0x00000000d6180000,0x00000000d6180000)
  from space 1536K, 91% used [0x00000000d6380000,0x00000000d64e0010,0x00000000d6500000)
  to   space 1536K, 0% used [0x00000000d6180000,0x00000000d6180000,0x00000000d6300000)
 ParOldGen       total 68608K, used 52152K [0x0000000080000000, 0x0000000084300000, 0x00000000d5580000)
  object space 68608K, 76% used [0x0000000080000000,0x00000000832ee278,0x0000000084300000)
 Metaspace       used 59730K, committed 61120K, reserved 1114112K
  class space    used 6985K, committed 7616K, reserved 1048576K
}
Event: 62.539 GC heap after
{Heap after GC invocations=42 (full 3):
 PSYoungGen      total 13824K, used 1216K [0x00000000d5580000, 0x00000000d6480000, 0x0000000100000000)
  eden space 12288K, 0% used [0x00000000d5580000,0x00000000d5580000,0x00000000d6180000)
  from space 1536K, 79% used [0x00000000d6180000,0x00000000d62b0000,0x00000000d6300000)
  to   space 1536K, 0% used [0x00000000d6300000,0x00000000d6300000,0x00000000d6480000)
 ParOldGen       total 68608K, used 53512K [0x0000000080000000, 0x0000000084300000, 0x00000000d5580000)
  object space 68608K, 77% used [0x0000000080000000,0x0000000083442288,0x0000000084300000)
 Metaspace       used 59730K, committed 61120K, reserved 1114112K
  class space    used 6985K, committed 7616K, reserved 1048576K
}
Event: 63.261 GC heap before
{Heap before GC invocations=43 (full 3):
 PSYoungGen      total 13824K, used 13504K [0x00000000d5580000, 0x00000000d6480000, 0x0000000100000000)
  eden space 12288K, 100% used [0x00000000d5580000,0x00000000d6180000,0x00000000d6180000)
  from space 1536K, 79% used [0x00000000d6180000,0x00000000d62b0000,0x00000000d6300000)
  to   space 1536K, 0% used [0x00000000d6300000,0x00000000d6300000,0x00000000d6480000)
 ParOldGen       total 68608K, used 53512K [0x0000000080000000, 0x0000000084300000, 0x00000000d5580000)
  object space 68608K, 77% used [0x0000000080000000,0x0000000083442288,0x0000000084300000)
 Metaspace       used 60323K, committed 61632K, reserved 1114112K
  class space    used 7045K, committed 7616K, reserved 1048576K
}
Event: 63.269 GC heap after
{Heap after GC invocations=43 (full 3):
 PSYoungGen      total 13824K, used 896K [0x00000000d5580000, 0x00000000d6480000, 0x0000000100000000)
  eden space 12288K, 0% used [0x00000000d5580000,0x00000000d5580000,0x00000000d6180000)
  from space 1536K, 58% used [0x00000000d6300000,0x00000000d63e0000,0x00000000d6480000)
  to   space 1536K, 0% used [0x00000000d6180000,0x00000000d6180000,0x00000000d6300000)
 ParOldGen       total 68608K, used 54689K [0x0000000080000000, 0x0000000084300000, 0x00000000d5580000)
  object space 68608K, 79% used [0x0000000080000000,0x0000000083568488,0x0000000084300000)
 Metaspace       used 60323K, committed 61632K, reserved 1114112K
  class space    used 7045K, committed 7616K, reserved 1048576K
}

Dll operation events (15 events):
Event: 0.035 Loaded shared library c:\Users\hafid\.vscode\extensions\redhat.java-1.50.0-win32-x64\jre\21.0.9-win32-x86_64\bin\java.dll
Event: 0.569 Loaded shared library c:\Users\hafid\.vscode\extensions\redhat.java-1.50.0-win32-x64\jre\21.0.9-win32-x86_64\bin\zip.dll
Event: 0.672 Loaded shared library C:\Users\hafid\.vscode\extensions\redhat.java-1.50.0-win32-x64\jre\21.0.9-win32-x86_64\bin\instrument.dll
Event: 0.697 Loaded shared library C:\Users\hafid\.vscode\extensions\redhat.java-1.50.0-win32-x64\jre\21.0.9-win32-x86_64\bin\net.dll
Event: 0.701 Loaded shared library C:\Users\hafid\.vscode\extensions\redhat.java-1.50.0-win32-x64\jre\21.0.9-win32-x86_64\bin\nio.dll
Event: 0.716 Loaded shared library C:\Users\hafid\.vscode\extensions\redhat.java-1.50.0-win32-x64\jre\21.0.9-win32-x86_64\bin\zip.dll
Event: 0.850 Loaded shared library C:\Users\hafid\.vscode\extensions\redhat.java-1.50.0-win32-x64\jre\21.0.9-win32-x86_64\bin\jimage.dll
Event: 1.435 Loaded shared library c:\Users\hafid\.vscode\extensions\redhat.java-1.50.0-win32-x64\jre\21.0.9-win32-x86_64\bin\verify.dll
Event: 8.584 Loaded shared library C:\Users\hafid\AppData\Roaming\Code\User\globalStorage\redhat.java\1.50.0\config_win\org.eclipse.equinox.launcher\org.eclipse.equinox.launcher.win32.win32.x86_64_1.2.1400.v20250801-0854\eclipse_11916.dll
Event: 18.160 Loaded shared library C:\Users\hafid\AppData\Local\Temp\jna-99037288\jna16605983184263957036.dll
Event: 28.762 Loaded shared library C:\Users\hafid\.vscode\extensions\redhat.java-1.50.0-win32-x64\jre\21.0.9-win32-x86_64\bin\management.dll
Event: 28.783 Loaded shared library C:\Users\hafid\.vscode\extensions\redhat.java-1.50.0-win32-x64\jre\21.0.9-win32-x86_64\bin\management_ext.dll
Event: 45.264 Loaded shared library C:\Users\hafid\.gradle\native\1def1411415f61bf3af743bc5b6707747c0891f09f0c88961ee8f79bc544acac\windows-amd64\native-platform.dll
Event: 55.363 Loaded shared library C:\Users\hafid\.vscode\extensions\redhat.java-1.50.0-win32-x64\jre\21.0.9-win32-x86_64\bin\sunmscapi.dll
Event: 59.891 Loaded shared library C:\Users\hafid\.vscode\extensions\redhat.java-1.50.0-win32-x64\jre\21.0.9-win32-x86_64\bin\extnet.dll

Deoptimization events (20 events):
Event: 64.235 Thread 0x0000019a619bfba0 Uncommon trap: trap_request=0xffffff54 fr.pc=0x0000019a142ef440 relative=0x00000000000000a0
Event: 64.235 Thread 0x0000019a619bfba0 Uncommon trap: reason=speculate_null_assert action=make_not_entrant pc=0x0000019a142ef440 method=java.lang.invoke.LambdaFormEditor.getInCache(Ljava/lang/invoke/LambdaFormEditor$TransformKey;)Ljava/lang/invoke/LambdaForm; @ 37 c2
Event: 64.235 Thread 0x0000019a619bfba0 DEOPT PACKING pc=0x0000019a142ef440 sp=0x0000004a3f1fdd40
Event: 64.235 Thread 0x0000019a619bfba0 DEOPT UNPACKING pc=0x0000019a13923aa2 sp=0x0000004a3f1fdca0 mode 2
Event: 66.052 Thread 0x0000019a619c15e0 DEOPT PACKING pc=0x0000019a0c7ec6e1 sp=0x0000004a3f2fe7c0
Event: 66.052 Thread 0x0000019a619c15e0 DEOPT UNPACKING pc=0x0000019a13924242 sp=0x0000004a3f2fdc38 mode 0
Event: 67.514 Thread 0x0000019a619c15e0 Uncommon trap: trap_request=0xffffff45 fr.pc=0x0000019a1424839c relative=0x000000000000007c
Event: 67.514 Thread 0x0000019a619c15e0 Uncommon trap: reason=unstable_if action=reinterpret pc=0x0000019a1424839c method=java.lang.StringConcatHelper.mix(JLjava/lang/String;)J @ 13 c2
Event: 67.514 Thread 0x0000019a619c15e0 DEOPT PACKING pc=0x0000019a1424839c sp=0x0000004a3f2febc0
Event: 67.514 Thread 0x0000019a619c15e0 DEOPT UNPACKING pc=0x0000019a13923aa2 sp=0x0000004a3f2feb40 mode 2
Event: 67.514 Thread 0x0000019a619c15e0 Uncommon trap: trap_request=0xffffff45 fr.pc=0x0000019a13fecd58 relative=0x0000000000000138
Event: 67.514 Thread 0x0000019a619c15e0 Uncommon trap: reason=unstable_if action=reinterpret pc=0x0000019a13fecd58 method=java.lang.StringConcatHelper.prepend(J[BLjava/lang/String;)J @ 13 c2
Event: 67.514 Thread 0x0000019a619c15e0 DEOPT PACKING pc=0x0000019a13fecd58 sp=0x0000004a3f2fead0
Event: 67.514 Thread 0x0000019a619c15e0 DEOPT UNPACKING pc=0x0000019a13923aa2 sp=0x0000004a3f2fea80 mode 2
Event: 67.514 Thread 0x0000019a619c15e0 Uncommon trap: trap_request=0xffffff45 fr.pc=0x0000019a13ffc770 relative=0x00000000000000d0
Event: 67.514 Thread 0x0000019a619c15e0 Uncommon trap: reason=unstable_if action=reinterpret pc=0x0000019a13ffc770 method=java.lang.StringConcatHelper.newString([BJ)Ljava/lang/String; @ 3 c2
Event: 67.514 Thread 0x0000019a619c15e0 DEOPT PACKING pc=0x0000019a13ffc770 sp=0x0000004a3f2fec10
Event: 67.514 Thread 0x0000019a619c15e0 DEOPT UNPACKING pc=0x0000019a13923aa2 sp=0x0000004a3f2feb98 mode 2
Event: 67.766 Thread 0x0000019a619c15e0 DEOPT PACKING pc=0x0000019a0cc723ed sp=0x0000004a3f2fe730
Event: 67.766 Thread 0x0000019a619c15e0 DEOPT UNPACKING pc=0x0000019a13924242 sp=0x0000004a3f2fdbb0 mode 0

Classes loaded (20 events):
Event: 64.710 Loading class sun/net/www/http/KeepAliveStreamCleaner$1
Event: 64.711 Loading class sun/net/www/http/KeepAliveStreamCleaner$1 done
Event: 64.711 Loading class sun/net/www/http/KeepAliveStreamCleaner$2
Event: 64.711 Loading class sun/net/www/http/KeepAliveStreamCleaner$2 done
Event: 64.713 Loading class sun/security/ssl/Alert
Event: 64.714 Loading class sun/security/ssl/Alert done
Event: 64.715 Loading class sun/security/ssl/Alert$AlertConsumer
Event: 64.715 Loading class sun/security/ssl/Alert$AlertConsumer done
Event: 64.715 Loading class sun/security/ssl/Alert$Level
Event: 64.715 Loading class sun/security/ssl/Alert$Level done
Event: 67.505 Loading class sun/net/www/http/ChunkedInputStream
Event: 67.507 Loading class sun/net/www/http/ChunkedInputStream done
Event: 67.507 Loading class sun/net/www/protocol/http/HttpURLConnection$HttpInputStream
Event: 67.508 Loading class sun/net/www/protocol/http/HttpURLConnection$HttpInputStream done
Event: 67.512 Loading class java/lang/Throwable$WrappedPrintWriter
Event: 67.512 Loading class java/lang/Throwable$PrintStreamOrWriter
Event: 67.512 Loading class java/lang/Throwable$PrintStreamOrWriter done
Event: 67.512 Loading class java/lang/Throwable$WrappedPrintWriter done
Event: 69.468 Loading class java/security/DigestInputStream
Event: 69.469 Loading class java/security/DigestInputStream done

Classes unloaded (10 events):
Event: 22.476 Thread 0x0000019a0925b3c0 Unloading class 0x0000019a211acc00 'java/lang/invoke/LambdaForm$MH+0x0000019a211acc00'
Event: 22.476 Thread 0x0000019a0925b3c0 Unloading class 0x0000019a211ac800 'java/lang/invoke/LambdaForm$MH+0x0000019a211ac800'
Event: 22.476 Thread 0x0000019a0925b3c0 Unloading class 0x0000019a211ac400 'java/lang/invoke/LambdaForm$MH+0x0000019a211ac400'
Event: 22.476 Thread 0x0000019a0925b3c0 Unloading class 0x0000019a211ac000 'java/lang/invoke/LambdaForm$MH+0x0000019a211ac000'
Event: 22.476 Thread 0x0000019a0925b3c0 Unloading class 0x0000019a211abc00 'java/lang/invoke/LambdaForm$BMH+0x0000019a211abc00'
Event: 22.476 Thread 0x0000019a0925b3c0 Unloading class 0x0000019a211ab800 'java/lang/invoke/LambdaForm$DMH+0x0000019a211ab800'
Event: 22.476 Thread 0x0000019a0925b3c0 Unloading class 0x0000019a211aa400 'java/lang/invoke/LambdaForm$DMH+0x0000019a211aa400'
Event: 29.530 Thread 0x0000019a0925b3c0 Unloading class 0x0000019a212c9c00 'java/lang/invoke/LambdaForm$MH+0x0000019a212c9c00'
Event: 29.530 Thread 0x0000019a0925b3c0 Unloading class 0x0000019a212c8c00 'java/lang/invoke/LambdaForm$MH+0x0000019a212c8c00'
Event: 29.530 Thread 0x0000019a0925b3c0 Unloading class 0x0000019a212c8800 'java/lang/invoke/LambdaForm$DMH+0x0000019a212c8800'

Classes redefined (0 events):
No events

Internal exceptions (20 events):
Event: 57.455 Thread 0x0000019a619bfba0 Exception <a 'java/lang/NoSuchMethodError'{0x00000000d5c73fc8}: 'java.lang.Object java.lang.invoke.DelegatingMethodHandle$Holder.reinvoke_L(java.lang.Object, int, long, java.lang.Object, java.lang.Object, int, java.lang.Object)'> (0x00000000d5c73fc8) 
thrown [s\src\hotspot\share\interpreter\linkResolver.cpp, line 773]
Event: 57.795 Thread 0x0000019a619499d0 Exception <a 'java/lang/IncompatibleClassChangeError'{0x00000000d5fb0b00}: Found class java.lang.Object, but interface was expected> (0x00000000d5fb0b00) 
thrown [s\src\hotspot\share\interpreter\linkResolver.cpp, line 840]
Event: 58.143 Thread 0x0000019a619bfba0 Exception <a 'java/lang/NoSuchMethodError'{0x00000000d5691ef8}: 'java.lang.Object java.lang.invoke.Invokers$Holder.invoke_MT(java.lang.Object, java.lang.Object, java.lang.Object, java.lang.Object, java.lang.Object, java.lang.Object, java.lang.Object, java.lang.Object, java.lang.Object, java.lang.Object)'> (0x00000000d5691ef8) 
thrown [s\src\hotspot\share\interpreter\linkResolver.cpp, line 773]
Event: 62.770 Thread 0x0000019a619c15e0 Implicit null exception at 0x0000019a13fdf3f1 to 0x0000019a13fdf4ac
Event: 62.842 Thread 0x0000019a619bfba0 Exception <a 'java/io/FileNotFoundException'{0x00000000d5c7ff10}> (0x00000000d5c7ff10) 
thrown [s\src\hotspot\share\prims\jni.cpp, line 520]
Event: 62.894 Thread 0x0000019a619bfba0 Exception <a 'java/io/FileNotFoundException'{0x00000000d5c80c90}> (0x00000000d5c80c90) 
thrown [s\src\hotspot\share\prims\jni.cpp, line 520]
Event: 62.921 Thread 0x0000019a619bfba0 Exception <a 'sun/nio/fs/WindowsException'{0x00000000d5cfb7c0}> (0x00000000d5cfb7c0) 
thrown [s\src\hotspot\share\prims\jni.cpp, line 520]
Event: 62.921 Thread 0x0000019a619bfba0 Exception <a 'sun/nio/fs/WindowsException'{0x00000000d5cfbed8}> (0x00000000d5cfbed8) 
thrown [s\src\hotspot\share\prims\jni.cpp, line 520]
Event: 63.221 Thread 0x0000019a6194c130 Exception <a 'sun/nio/fs/WindowsException'{0x00000000d5da13f0}> (0x00000000d5da13f0) 
thrown [s\src\hotspot\share\prims\jni.cpp, line 520]
Event: 63.221 Thread 0x0000019a6194c130 Exception <a 'sun/nio/fs/WindowsException'{0x00000000d5da1db8}> (0x00000000d5da1db8) 
thrown [s\src\hotspot\share\prims\jni.cpp, line 520]
Event: 63.223 Thread 0x0000019a6194c130 Exception <a 'sun/nio/fs/WindowsException'{0x00000000d5da2da8}> (0x00000000d5da2da8) 
thrown [s\src\hotspot\share\prims\jni.cpp, line 520]
Event: 63.223 Thread 0x0000019a6194c130 Exception <a 'sun/nio/fs/WindowsException'{0x00000000d5da3770}> (0x00000000d5da3770) 
thrown [s\src\hotspot\share\prims\jni.cpp, line 520]
Event: 63.226 Thread 0x0000019a6194c130 Exception <a 'sun/nio/fs/WindowsException'{0x00000000d5da5da8}> (0x00000000d5da5da8) 
thrown [s\src\hotspot\share\prims\jni.cpp, line 520]
Event: 63.227 Thread 0x0000019a6194c130 Exception <a 'sun/nio/fs/WindowsException'{0x00000000d5da6770}> (0x00000000d5da6770) 
thrown [s\src\hotspot\share\prims\jni.cpp, line 520]
Event: 64.055 Thread 0x0000019a619bfba0 Exception <a 'java/io/FileNotFoundException'{0x00000000d5b62340}> (0x00000000d5b62340) 
thrown [s\src\hotspot\share\prims\jni.cpp, line 520]
Event: 64.056 Thread 0x0000019a619bfba0 Exception <a 'java/io/FileNotFoundException'{0x00000000d5b630a8}> (0x00000000d5b630a8) 
thrown [s\src\hotspot\share\prims\jni.cpp, line 520]
Event: 64.148 Thread 0x0000019a619bfba0 Exception <a 'java/lang/NoSuchMethodError'{0x00000000d5b85f70}: 'java.lang.Object java.lang.invoke.DirectMethodHandle$Holder.invokeStatic(java.lang.Object, java.lang.Object, int, java.lang.Object)'> (0x00000000d5b85f70) 
thrown [s\src\hotspot\share\interpreter\linkResolver.cpp, line 773]
Event: 64.149 Thread 0x0000019a619bfba0 Exception <a 'java/lang/NoSuchMethodError'{0x00000000d5b8c5a0}: 'java.lang.Object java.lang.invoke.DirectMethodHandle$Holder.newInvokeSpecial(java.lang.Object, java.lang.Object, int)'> (0x00000000d5b8c5a0) 
thrown [s\src\hotspot\share\interpreter\linkResolver.cpp, line 773]
Event: 246.662 Thread 0x0000019a619499d0 Exception <a 'java/lang/IncompatibleClassChangeError'{0x00000000d5dbd710}: Found class java.lang.Object, but interface was expected> (0x00000000d5dbd710) 
thrown [s\src\hotspot\share\interpreter\linkResolver.cpp, line 840]
Event: 325.829 Thread 0x0000019a6194ef20 Exception <a 'java/lang/NoSuchMethodError'{0x00000000d5e6c0a8}: 'java.lang.Object java.lang.invoke.DirectMethodHandle$Holder.invokeStaticInit(java.lang.Object, java.lang.Object, java.lang.Object)'> (0x00000000d5e6c0a8) 
thrown [s\src\hotspot\share\interpreter\linkResolver.cpp, line 773]

ZGC Phase Switch (0 events):
No events

VM Operations (20 events):
Event: 324.804 Executing VM operation: Cleanup
Event: 324.806 Executing VM operation: Cleanup done
Event: 325.807 Executing VM operation: Cleanup
Event: 325.807 Executing VM operation: Cleanup done
Event: 327.808 Executing VM operation: Cleanup
Event: 327.808 Executing VM operation: Cleanup done
Event: 360.843 Executing VM operation: HandshakeAllThreads (HandshakeForDeflation)
Event: 360.845 Executing VM operation: HandshakeAllThreads (HandshakeForDeflation) done
Event: 360.845 Executing VM operation: RendezvousGCThreads
Event: 360.845 Executing VM operation: RendezvousGCThreads done
Event: 369.880 Executing VM operation: Cleanup
Event: 369.880 Executing VM operation: Cleanup done
Event: 373.881 Executing VM operation: Cleanup
Event: 373.881 Executing VM operation: Cleanup done
Event: 421.059 Executing VM operation: HandshakeAllThreads (HandshakeForDeflation)
Event: 421.063 Executing VM operation: HandshakeAllThreads (HandshakeForDeflation) done
Event: 421.063 Executing VM operation: RendezvousGCThreads
Event: 421.064 Executing VM operation: RendezvousGCThreads done
Event: 490.284 Executing VM operation: Cleanup
Event: 490.496 Executing VM operation: Cleanup done

Memory protections (0 events):
No events

Nmethod flushes (20 events):
Event: 59.422 Thread 0x0000019a0925b3c0 flushing  nmethod 0x0000019a0cc6d690
Event: 59.422 Thread 0x0000019a0925b3c0 flushing  nmethod 0x0000019a0cc72110
Event: 59.422 Thread 0x0000019a0925b3c0 flushing  nmethod 0x0000019a0cc72e10
Event: 59.422 Thread 0x0000019a0925b3c0 flushing  nmethod 0x0000019a0cc76610
Event: 59.422 Thread 0x0000019a0925b3c0 flushing  nmethod 0x0000019a0cc76c10
Event: 59.422 Thread 0x0000019a0925b3c0 flushing  nmethod 0x0000019a0cc77490
Event: 59.422 Thread 0x0000019a0925b3c0 flushing  nmethod 0x0000019a0cc77910
Event: 59.422 Thread 0x0000019a0925b3c0 flushing  nmethod 0x0000019a0cc7a390
Event: 59.422 Thread 0x0000019a0925b3c0 flushing  nmethod 0x0000019a0cc7a710
Event: 59.422 Thread 0x0000019a0925b3c0 flushing  nmethod 0x0000019a0cc84a90
Event: 59.422 Thread 0x0000019a0925b3c0 flushing  nmethod 0x0000019a0cc8ae10
Event: 59.422 Thread 0x0000019a0925b3c0 flushing  nmethod 0x0000019a0ccaa210
Event: 59.422 Thread 0x0000019a0925b3c0 flushing  nmethod 0x0000019a0ccada10
Event: 59.422 Thread 0x0000019a0925b3c0 flushing  nmethod 0x0000019a0ccb8e90
Event: 59.422 Thread 0x0000019a0925b3c0 flushing  nmethod 0x0000019a0ccb9410
Event: 59.422 Thread 0x0000019a0925b3c0 flushing  nmethod 0x0000019a0cd18b90
Event: 59.422 Thread 0x0000019a0925b3c0 flushing  nmethod 0x0000019a0cd1a490
Event: 59.422 Thread 0x0000019a0925b3c0 flushing  nmethod 0x0000019a0cd1e690
Event: 59.422 Thread 0x0000019a0925b3c0 flushing  nmethod 0x0000019a0cd1ef10
Event: 59.422 Thread 0x0000019a0925b3c0 flushing  nmethod 0x0000019a0cd22110

Events (20 events):
Event: 41.948 Thread 0x0000019a619bfba0 Thread added: 0x0000019a6194db70
Event: 42.601 Thread 0x0000019a619bfba0 Thread added: 0x0000019a6194b410
Event: 52.803 Thread 0x0000019a6194b410 Thread exited: 0x0000019a6194b410
Event: 64.654 Thread 0x0000019a619c15e0 Thread added: 0x0000019a6194a6f0
Event: 64.691 Thread 0x0000019a6194a6f0 Thread exited: 0x0000019a6194a6f0
Event: 66.133 Thread 0x0000019a619c15e0 Thread added: 0x0000019a6194ef20
Event: 66.139 Thread 0x0000019a6194ef20 Thread exited: 0x0000019a6194ef20
Event: 68.092 Thread 0x0000019a619c15e0 Thread added: 0x0000019a6194a6f0
Event: 68.186 Thread 0x0000019a6194a6f0 Thread exited: 0x0000019a6194a6f0
Event: 68.687 Thread 0x0000019a619c15e0 Thread added: 0x0000019a6194ef20
Event: 68.908 Thread 0x0000019a6194ef20 Thread exited: 0x0000019a6194ef20
Event: 123.660 Thread 0x0000019a619c0230 Thread exited: 0x0000019a619c0230
Event: 123.660 Thread 0x0000019a6194c130 Thread exited: 0x0000019a6194c130
Event: 123.660 Thread 0x0000019a619c08c0 Thread exited: 0x0000019a619c08c0
Event: 124.311 Thread 0x0000019a619bfba0 Thread exited: 0x0000019a619bfba0
Event: 186.057 Thread 0x0000019a6194ce50 Thread exited: 0x0000019a6194ce50
Event: 323.888 Thread 0x0000019a619499d0 Thread added: 0x0000019a6194ef20
Event: 326.092 Thread 0x0000019a6194ef20 Thread added: 0x0000019a61950ff0
Event: 386.690 Thread 0x0000019a6194ef20 Thread exited: 0x0000019a6194ef20
Event: 446.714 Thread 0x0000019a61950ff0 Thread exited: 0x0000019a61950ff0


Dynamic libraries:
0x00007ff79ffe0000 - 0x00007ff79ffee000 	c:\Users\hafid\.vscode\extensions\redhat.java-1.50.0-win32-x64\jre\21.0.9-win32-x86_64\bin\java.exe
0x00007ffcbea70000 - 0x00007ffcbec87000 	C:\Windows\SYSTEM32\ntdll.dll
0x00007ffcbe000000 - 0x00007ffcbe0c4000 	C:\Windows\System32\KERNEL32.DLL
0x00007ffcbbe40000 - 0x00007ffcbc1f7000 	C:\Windows\System32\KERNELBASE.dll
0x00007ffcbc390000 - 0x00007ffcbc4a1000 	C:\Windows\System32\ucrtbase.dll
0x00007ffca8390000 - 0x00007ffca83a8000 	c:\Users\hafid\.vscode\extensions\redhat.java-1.50.0-win32-x64\jre\21.0.9-win32-x86_64\bin\jli.dll
0x00007ffcbe0d0000 - 0x00007ffcbe27f000 	C:\Windows\System32\USER32.dll
0x00007ffcbc770000 - 0x00007ffcbc796000 	C:\Windows\System32\win32u.dll
0x00007ffcbe9d0000 - 0x00007ffcbe9f9000 	C:\Windows\System32\GDI32.dll
0x00007ffcbc650000 - 0x00007ffcbc768000 	C:\Windows\System32\gdi32full.dll
0x00007ffcbc2f0000 - 0x00007ffcbc38a000 	C:\Windows\System32\msvcp_win.dll
0x00007ffc99070000 - 0x00007ffc9908e000 	c:\Users\hafid\.vscode\extensions\redhat.java-1.50.0-win32-x64\jre\21.0.9-win32-x86_64\bin\VCRUNTIME140.dll
0x00007ffca6b70000 - 0x00007ffca6e03000 	C:\Windows\WinSxS\amd64_microsoft.windows.common-controls_6595b64144ccf1df_6.0.22621.3672_none_2713b9d173822955\COMCTL32.dll
0x00007ffcbdbc0000 - 0x00007ffcbdc67000 	C:\Windows\System32\msvcrt.dll
0x00007ffcbe450000 - 0x00007ffcbe481000 	C:\Windows\System32\IMM32.DLL
0x00007ffca2360000 - 0x00007ffca236c000 	c:\Users\hafid\.vscode\extensions\redhat.java-1.50.0-win32-x64\jre\21.0.9-win32-x86_64\bin\vcruntime140_1.dll
0x00007ffc786f0000 - 0x00007ffc7877d000 	c:\Users\hafid\.vscode\extensions\redhat.java-1.50.0-win32-x64\jre\21.0.9-win32-x86_64\bin\msvcp140.dll
0x00007ffc760f0000 - 0x00007ffc76e90000 	c:\Users\hafid\.vscode\extensions\redhat.java-1.50.0-win32-x64\jre\21.0.9-win32-x86_64\bin\server\jvm.dll
0x00007ffcbe490000 - 0x00007ffcbe542000 	C:\Windows\System32\ADVAPI32.dll
0x00007ffcbc950000 - 0x00007ffcbc9f8000 	C:\Windows\System32\sechost.dll
0x00007ffcbc4b0000 - 0x00007ffcbc4d8000 	C:\Windows\System32\bcrypt.dll
0x00007ffcbd810000 - 0x00007ffcbd924000 	C:\Windows\System32\RPCRT4.dll
0x00007ffcbd790000 - 0x00007ffcbd801000 	C:\Windows\System32\WS2_32.dll
0x00007ffcbabf0000 - 0x00007ffcbac3d000 	C:\Windows\SYSTEM32\POWRPROF.dll
0x00007ffcb7e90000 - 0x00007ffcb7ec4000 	C:\Windows\SYSTEM32\WINMM.dll
0x00007ffcb7da0000 - 0x00007ffcb7daa000 	C:\Windows\SYSTEM32\VERSION.dll
0x00007ffcbabd0000 - 0x00007ffcbabe3000 	C:\Windows\SYSTEM32\UMPDC.dll
0x00007ffcbae20000 - 0x00007ffcbae38000 	C:\Windows\SYSTEM32\kernel.appcore.dll
0x00007ffca1470000 - 0x00007ffca147a000 	c:\Users\hafid\.vscode\extensions\redhat.java-1.50.0-win32-x64\jre\21.0.9-win32-x86_64\bin\jimage.dll
0x00007ffca5be0000 - 0x00007ffca5e12000 	C:\Windows\SYSTEM32\DBGHELP.DLL
0x00007ffcbdc70000 - 0x00007ffcbdffe000 	C:\Windows\System32\combase.dll
0x00007ffcbca00000 - 0x00007ffcbcad7000 	C:\Windows\System32\OLEAUT32.dll
0x00007ffcaaa30000 - 0x00007ffcaaa62000 	C:\Windows\SYSTEM32\dbgcore.DLL
0x00007ffcbc200000 - 0x00007ffcbc27b000 	C:\Windows\System32\bcryptPrimitives.dll
0x00007ffc89620000 - 0x00007ffc8962f000 	c:\Users\hafid\.vscode\extensions\redhat.java-1.50.0-win32-x64\jre\21.0.9-win32-x86_64\bin\instrument.dll
0x00007ffc98440000 - 0x00007ffc98460000 	c:\Users\hafid\.vscode\extensions\redhat.java-1.50.0-win32-x64\jre\21.0.9-win32-x86_64\bin\java.dll
0x00007ffcbccc0000 - 0x00007ffcbd529000 	C:\Windows\System32\SHELL32.dll
0x00007ffcb9cb0000 - 0x00007ffcba5af000 	C:\Windows\SYSTEM32\windows.storage.dll
0x00007ffcb9b70000 - 0x00007ffcb9caf000 	C:\Windows\SYSTEM32\wintypes.dll
0x00007ffcbd530000 - 0x00007ffcbd629000 	C:\Windows\System32\SHCORE.dll
0x00007ffcbcbe0000 - 0x00007ffcbcc3e000 	C:\Windows\System32\shlwapi.dll
0x00007ffcbbcb0000 - 0x00007ffcbbcd7000 	C:\Windows\SYSTEM32\profapi.dll
0x00007ffc8f000000 - 0x00007ffc8f018000 	c:\Users\hafid\.vscode\extensions\redhat.java-1.50.0-win32-x64\jre\21.0.9-win32-x86_64\bin\zip.dll
0x00007ffc9b890000 - 0x00007ffc9b8a0000 	C:\Users\hafid\.vscode\extensions\redhat.java-1.50.0-win32-x64\jre\21.0.9-win32-x86_64\bin\net.dll
0x00007ffcb7800000 - 0x00007ffcb7936000 	C:\Windows\SYSTEM32\WINHTTP.dll
0x00007ffcbb2e0000 - 0x00007ffcbb349000 	C:\Windows\system32\mswsock.dll
0x00007ffc8d7f0000 - 0x00007ffc8d806000 	C:\Users\hafid\.vscode\extensions\redhat.java-1.50.0-win32-x64\jre\21.0.9-win32-x86_64\bin\nio.dll
0x00007ffc89380000 - 0x00007ffc89390000 	c:\Users\hafid\.vscode\extensions\redhat.java-1.50.0-win32-x64\jre\21.0.9-win32-x86_64\bin\verify.dll
0x00007ffc81720000 - 0x00007ffc81764000 	C:\Users\hafid\AppData\Roaming\Code\User\globalStorage\redhat.java\1.50.0\config_win\org.eclipse.equinox.launcher\org.eclipse.equinox.launcher.win32.win32.x86_64_1.2.1400.v20250801-0854\eclipse_11916.dll
0x00007ffcbe2a0000 - 0x00007ffcbe445000 	C:\Windows\System32\ole32.dll
0x00007ffcbb630000 - 0x00007ffcbb64b000 	C:\Windows\SYSTEM32\CRYPTSP.dll
0x00007ffcbade0000 - 0x00007ffcbae15000 	C:\Windows\system32\rsaenh.dll
0x00007ffcbb380000 - 0x00007ffcbb3a8000 	C:\Windows\SYSTEM32\USERENV.dll
0x00007ffcbb610000 - 0x00007ffcbb61c000 	C:\Windows\SYSTEM32\CRYPTBASE.dll
0x00007ffcba880000 - 0x00007ffcba8ad000 	C:\Windows\SYSTEM32\IPHLPAPI.DLL
0x00007ffcbd980000 - 0x00007ffcbd989000 	C:\Windows\System32\NSI.dll
0x00007ffc7a550000 - 0x00007ffc7a599000 	C:\Users\hafid\AppData\Local\Temp\jna-99037288\jna16605983184263957036.dll
0x00007ffcbd990000 - 0x00007ffcbd998000 	C:\Windows\System32\PSAPI.DLL
0x00007ffc99b90000 - 0x00007ffc99b9a000 	C:\Users\hafid\.vscode\extensions\redhat.java-1.50.0-win32-x64\jre\21.0.9-win32-x86_64\bin\management.dll
0x00007ffc97180000 - 0x00007ffc9718c000 	C:\Users\hafid\.vscode\extensions\redhat.java-1.50.0-win32-x64\jre\21.0.9-win32-x86_64\bin\management_ext.dll
0x00007ffcb7a10000 - 0x00007ffcb7a29000 	C:\Windows\SYSTEM32\dhcpcsvc6.DLL
0x00007ffcb77e0000 - 0x00007ffcb77ff000 	C:\Windows\SYSTEM32\dhcpcsvc.DLL
0x00007ffcb8860000 - 0x00007ffcb8887000 	C:\Users\hafid\.gradle\native\1def1411415f61bf3af743bc5b6707747c0891f09f0c88961ee8f79bc544acac\windows-amd64\native-platform.dll
0x00007ffc8d730000 - 0x00007ffc8d73e000 	C:\Users\hafid\.vscode\extensions\redhat.java-1.50.0-win32-x64\jre\21.0.9-win32-x86_64\bin\sunmscapi.dll
0x00007ffcbc4e0000 - 0x00007ffcbc646000 	C:\Windows\System32\CRYPT32.dll
0x00007ffcbb740000 - 0x00007ffcbb76d000 	C:\Windows\SYSTEM32\ncrypt.dll
0x00007ffcbb700000 - 0x00007ffcbb737000 	C:\Windows\SYSTEM32\NTASN1.dll
0x00007ffcba8f0000 - 0x00007ffcba9f2000 	C:\Windows\SYSTEM32\DNSAPI.dll
0x00007ffcb23b0000 - 0x00007ffcb23ba000 	C:\Windows\System32\rasadhlp.dll
0x00007ffcb5170000 - 0x00007ffcb51f3000 	C:\Windows\System32\fwpuclnt.dll
0x00007ffc8bb50000 - 0x00007ffc8bb59000 	C:\Users\hafid\.vscode\extensions\redhat.java-1.50.0-win32-x64\jre\21.0.9-win32-x86_64\bin\extnet.dll

JVMTI agents:
c:\Users\hafid\.vscode\extensions\redhat.java-1.50.0-win32-x64\lombok\lombok-1.18.39-4050.jar path:c:\Users\hafid\.vscode\extensions\redhat.java-1.50.0-win32-x64\jre\21.0.9-win32-x86_64\bin\instrument.dll, loaded, initialized, instrumentlib options:none

dbghelp: loaded successfully - version: 4.0.5 - missing functions: none
symbol engine: initialized successfully - sym options: 0x614 - pdb path: .;c:\Users\hafid\.vscode\extensions\redhat.java-1.50.0-win32-x64\jre\21.0.9-win32-x86_64\bin;C:\Windows\SYSTEM32;C:\Windows\WinSxS\amd64_microsoft.windows.common-controls_6595b64144ccf1df_6.0.22621.3672_none_2713b9d173822955;c:\Users\hafid\.vscode\extensions\redhat.java-1.50.0-win32-x64\jre\21.0.9-win32-x86_64\bin\server;C:\Users\hafid\AppData\Roaming\Code\User\globalStorage\redhat.java\1.50.0\config_win\org.eclipse.equinox.launcher\org.eclipse.equinox.launcher.win32.win32.x86_64_1.2.1400.v20250801-0854;C:\Users\hafid\AppData\Local\Temp\jna-99037288;C:\Users\hafid\.gradle\native\1def1411415f61bf3af743bc5b6707747c0891f09f0c88961ee8f79bc544acac\windows-amd64

VM Arguments:
jvm_args: --add-modules=ALL-SYSTEM --add-opens=java.base/java.util=ALL-UNNAMED --add-opens=java.base/java.lang=ALL-UNNAMED --add-opens=java.base/sun.nio.fs=ALL-UNNAMED -Declipse.application=org.eclipse.jdt.ls.core.id1 -Dosgi.bundles.defaultStartLevel=4 -Declipse.product=org.eclipse.jdt.ls.core.product -Djava.import.generatesMetadataFilesAtProjectRoot=false -DDetectVMInstallationsJob.disabled=true -Dfile.encoding=utf8 -XX:+UseParallelGC -XX:GCTimeRatio=4 -XX:AdaptiveSizePolicyWeight=90 -Dsun.zip.disableMemoryMapping=true -Xmx2G -Xms100m -Xlog:disable -javaagent:c:\Users\hafid\.vscode\extensions\redhat.java-1.50.0-win32-x64\lombok\lombok-1.18.39-4050.jar -XX:+HeapDumpOnOutOfMemoryError -XX:HeapDumpPath=c:\Users\hafid\AppData\Roaming\Code\User\workspaceStorage\271670c6d88b3c30270340dfd9cafa37\redhat.java -Daether.dependencyCollector.impl=bf 
java_command: c:\Users\hafid\.vscode\extensions\redhat.java-1.50.0-win32-x64\server\plugins\org.eclipse.equinox.launcher_1.7.100.v20251111-0406.jar -configuration c:\Users\hafid\AppData\Roaming\Code\User\globalStorage\redhat.java\1.50.0\config_win -data c:\Users\hafid\AppData\Roaming\Code\User\workspaceStorage\271670c6d88b3c30270340dfd9cafa37\redhat.java\jdt_ws --pipe=\\.\pipe\lsp-a9c2747c7292145b31622ee82b4665aa-sock
java_class_path (initial): c:\Users\hafid\.vscode\extensions\redhat.java-1.50.0-win32-x64\server\plugins\org.eclipse.equinox.launcher_1.7.100.v20251111-0406.jar
Launcher Type: SUN_STANDARD

[Global flags]
    uintx AdaptiveSizePolicyWeight                 = 90                                        {product} {command line}
     intx CICompilerCount                          = 3                                         {product} {ergonomic}
    uintx GCTimeRatio                              = 4                                         {product} {command line}
     bool HeapDumpOnOutOfMemoryError               = true                                   {manageable} {command line}
    ccstr HeapDumpPath                             = c:\Users\hafid\AppData\Roaming\Code\User\workspaceStorage\271670c6d88b3c30270340dfd9cafa37\redhat.java         {manageable} {command line}
   size_t InitialHeapSize                          = 104857600                                 {product} {command line}
   size_t MaxHeapSize                              = 2147483648                                {product} {command line}
   size_t MaxNewSize                               = 715653120                                 {product} {ergonomic}
   size_t MinHeapDeltaBytes                        = 524288                                    {product} {ergonomic}
   size_t MinHeapSize                              = 104857600                                 {product} {command line}
   size_t NewSize                                  = 34603008                                  {product} {ergonomic}
    uintx NonNMethodCodeHeapSize                   = 5832780                                {pd product} {ergonomic}
    uintx NonProfiledCodeHeapSize                  = 122912730                              {pd product} {ergonomic}
   size_t OldSize                                  = 70254592                                  {product} {ergonomic}
    uintx ProfiledCodeHeapSize                     = 122912730                              {pd product} {ergonomic}
    uintx ReservedCodeCacheSize                    = 251658240                              {pd product} {ergonomic}
     bool SegmentedCodeCache                       = true                                      {product} {ergonomic}
   size_t SoftMaxHeapSize                          = 2147483648                             {manageable} {ergonomic}
     bool UseCompressedOops                        = true                           {product lp64_product} {ergonomic}
     bool UseLargePagesIndividualAllocation        = false                                  {pd product} {ergonomic}
     bool UseParallelGC                            = true                                      {product} {command line}

Logging:
Log output configuration:
 #0: stdout all=off uptime,level,tags foldmultilines=false
 #1: stderr all=off uptime,level,tags foldmultilines=false

Release file:
JAVA_VERSION="21.0.9" 
MODULES="java.base java.compiler java.datatransfer java.xml java.prefs java.desktop java.instrument java.logging java.management java.security.sasl java.naming java.rmi java.management.rmi java.net.http java.scripting java.security.jgss java.transaction.xa java.sql java.sql.rowset java.xml.crypto java.se java.smartcardio jdk.accessibility jdk.internal.jvmstat jdk.attach jdk.charsets jdk.internal.opt jdk.zipfs jdk.compiler jdk.crypto.ec jdk.crypto.cryptoki jdk.crypto.mscapi jdk.dynalink jdk.internal.ed jdk.editpad jdk.hotspot.agent jdk.httpserver jdk.internal.le jdk.internal.vm.ci jdk.internal.vm.compiler jdk.internal.vm.compiler.management jdk.jartool jdk.javadoc jdk.jcmd jdk.management jdk.management.agent jdk.jconsole jdk.jdeps jdk.jdwp.agent jdk.jdi jdk.jfr jdk.jshell jdk.jsobject jdk.jstatd jdk.localedata jdk.management.jfr jdk.naming.dns jdk.naming.rmi jdk.net jdk.nio.mapmode jdk.random jdk.sctp jdk.security.auth jdk.security.jgss jdk.unsupported jdk.unsupported.desktop jdk.xml.dom" 

Environment Variables:
JAVA_HOME=C:\Program Files\Eclipse Adoptium\jdk-17.0.15.6-hotspot
PATH=C:\Program Files\Eclipse Adoptium\jdk-17.0.15.6-hotspot\bin;C:\Program Files\Eclipse Adoptium\jdk-17.0.15.6-hotspot\bin;C:\Program Files\Common Files\Oracle\Java\javapath;C:\ProgramData\Oracle\Java\javapath;C:\Windows\system32;C:\Windows;C:\Windows\System32\Wbem;C:\Windows\System32\WindowsPowerShell\v1.0\;C:\Windows\System32\OpenSSH\;C:\Program Files (x86)\NVIDIA Corporation\PhysX\Common;C:\Windows\System32;C:\Users\Git\cmd;C:\Program Files\Docker\Docker\resources\bin;C:\Program Files\MongoDB\Server\8.0\bin;C:\xampp\php;C:\ProgramData\ComposerSetup\bin;C:\flutter\bin;C:\Users\hafid\AppData\Local\Android\sdk\platform-tools;C:\Program Files\nodejs\;C:\kotlinc\bin;C:\Users\hafid\AppData\Local\Programs\Python\Python310\Scripts\;C:\Users\hafid\AppData\Local\Programs\Python\Python310\;C:\Users\hafid\AppData\Local\Microsoft\WindowsApps;C:\Users\hafid\AppData\Local\Programs\Microsoft VS Code\bin;C:\Users\hafid\AppData\Roaming\Composer\vendor\bin;C:\Users\hafid\AppData\Roaming\npm;C:\Users\hafid\AppData\Local\Google\Cloud SDK\google-cloud-sdk\bin;D:\cursor\resources\app\bin;C:\Users\hafid\AppData\Local\Programs\Windsurf\bin;C:\Users\hafid\AppData\Local\Programs\Antigravity\bin
USERNAME=hafid
OS=Windows_NT
PROCESSOR_IDENTIFIER=Intel64 Family 6 Model 142 Stepping 9, GenuineIntel
TMP=C:\Users\hafid\AppData\Local\Temp
TEMP=C:\Users\hafid\AppData\Local\Temp




Periodic native trim disabled

---------------  S Y S T E M  ---------------

OS:
 Windows 11 , 64 bit Build 22621 (10.0.22621.3958)
OS uptime: 0 days 1:52 hours
Hyper-V role detected

CPU: total 4 (initial active 4) (2 cores per cpu, 2 threads per core) family 6 model 142 stepping 9 microcode 0xde, cx8, cmov, fxsr, ht, mmx, 3dnowpref, sse, sse2, sse3, ssse3, sse4.1, sse4.2, popcnt, lzcnt, tsc, tscinvbit, avx, avx2, aes, erms, clmul, bmi1, bmi2, adx, fma, vzeroupper, clflush, clflushopt, hv, rdtscp, f16c
Processor Information for the first 4 processors :
  Max Mhz: 2712, Current Mhz: 2511, Mhz Limit: 2495

Memory: 4k page, system-wide physical 3964M (255M free)
TotalPageFile size 16252M (AvailPageFile size 1M)
current process WorkingSet (physical memory assigned to process): 10M, peak: 268M
current process commit charge ("private bytes"): 319M, peak: 352M

vm_info: OpenJDK 64-Bit Server VM (21.0.9+10-LTS) for windows-amd64 JRE (21.0.9+10-LTS), built on 2025-10-21T00:00:00Z by "admin" with unknown MS VC++:1942

END.
