#
# There is insufficient memory for the Java Runtime Environment to continue.
# Native memory allocation (mmap) failed to map 104857600 bytes. Error detail: G1 virtual space
# Possible reasons:
#   The system is out of physical RAM or swap space
#   This process is running with CompressedOops enabled, and the Java Heap may be blocking the growth of the native heap
# Possible solutions:
#   Reduce memory load on the system
#   Increase physical memory or swap space
#   Check if swap backing store is full
#   Decrease Java heap size (-Xmx/-Xms)
#   Decrease number of Java threads
#   Decrease Java thread stack sizes (-Xss)
#   Set larger code cache with -XX:ReservedCodeCacheSize=
#   JVM is running with Unscaled Compressed Oops mode in which the Java heap is
#     placed in the first 4GB address space. The Java Heap base address is the
#     maximum limit for the native heap growth. Please use -XX:HeapBaseMinAddress
#     to set the Java Heap base and to place the Java Heap above 4GB virtual address.
# This output file may be truncated or incomplete.
#
#  Out of Memory Error (os_windows.cpp:3618), pid=13680, tid=15036
#
# JRE version: OpenJDK Runtime Environment Temurin-17.0.15+6 (17.0.15+6) (build 17.0.15+6)
# Java VM: OpenJDK 64-Bit Server VM Temurin-17.0.15+6 (17.0.15+6, mixed mode, sharing, tiered, compressed oops, compressed class ptrs, g1 gc, windows-amd64)
# No core dump will be written. Minidumps are not enabled by default on client versions of Windows
#

---------------  S U M M A R Y ------------

Command Line: --add-opens=java.base/java.lang=ALL-UNNAMED --add-opens=java.base/java.lang.invoke=ALL-UNNAMED --add-opens=java.base/java.util=ALL-UNNAMED --add-opens=java.prefs/java.util.prefs=ALL-UNNAMED --add-exports=jdk.compiler/com.sun.tools.javac.api=ALL-UNNAMED --add-exports=jdk.compiler/com.sun.tools.javac.util=ALL-UNNAMED --add-opens=java.base/java.util=ALL-UNNAMED --add-opens=java.prefs/java.util.prefs=ALL-UNNAMED --add-opens=java.base/java.nio.charset=ALL-UNNAMED --add-opens=java.base/java.net=ALL-UNNAMED --add-opens=java.base/java.util.concurrent.atomic=ALL-UNNAMED --add-opens=java.xml/javax.xml.namespace=ALL-UNNAMED -Xmx2048m -Dfile.encoding=UTF-8 -Duser.country=ID -Duser.language=en -Duser.variant -javaagent:C:\Users\hafid\.gradle\wrapper\dists\gradle-8.13-bin\5xuhj0ry160q40clulazy9h7d\gradle-8.13\lib\agents\gradle-instrumentation-agent-8.13.jar org.gradle.launcher.daemon.bootstrap.GradleDaemon 8.13

Host: Intel(R) Core(TM) i5-7200U CPU @ 2.50GHz, 4 cores, 3G,  Windows 11 , 64 bit Build 22621 (10.0.22621.3958)
Time: Mon Dec  1 15:44:41 2025 SE Asia Standard Time elapsed time: 13.196137 seconds (0d 0h 0m 13s)

---------------  T H R E A D  ---------------

Current thread (0x000001f0d78838e0):  VMThread "VM Thread" [stack: 0x0000006747c00000,0x0000006747d00000] [id=15036]

Stack: [0x0000006747c00000,0x0000006747d00000]
Native frames: (J=compiled Java code, j=interpreted, Vv=VM code, C=native code)
V  [jvm.dll+0x682fc9]
V  [jvm.dll+0x839878]
V  [jvm.dll+0x83b323]
V  [jvm.dll+0x83b993]
V  [jvm.dll+0x24725f]
V  [jvm.dll+0x67fda9]
V  [jvm.dll+0x674c9a]
V  [jvm.dll+0x304d06]
V  [jvm.dll+0x30c1c6]
V  [jvm.dll+0x35dd4e]
V  [jvm.dll+0x35df8d]
V  [jvm.dll+0x2dc0cc]
V  [jvm.dll+0x2da46f]
V  [jvm.dll+0x2d9bdc]
V  [jvm.dll+0x31d3bb]
V  [jvm.dll+0x8401cd]
V  [jvm.dll+0x840f03]
V  [jvm.dll+0x84142f]
V  [jvm.dll+0x841814]
V  [jvm.dll+0x8418de]
V  [jvm.dll+0x7e94dc]
V  [jvm.dll+0x681ea7]
C  [ucrtbase.dll+0x29333]
C  [KERNEL32.DLL+0x1257d]
C  [ntdll.dll+0x5af08]

VM_Operation (0x00000067492f55a0): G1CollectForAllocation, mode: safepoint, requested by thread 0x000001f11d5974f0


---------------  P R O C E S S  ---------------

Threads class SMR info:
_java_thread_list=0x000001f120738cc0, length=36, elements={
0x000001f0b9caef80, 0x000001f0d788a140, 0x000001f0d788ac10, 0x000001f0d789af40,
0x000001f0d789ba10, 0x000001f0d789e3f0, 0x000001f0d789ecc0, 0x000001f0d789f970,
0x000001f0d78a3830, 0x000001f0d78ae160, 0x000001f0d7871360, 0x000001f0d7c1afb0,
0x000001f11d844420, 0x000001f11e223460, 0x000001f11de61440, 0x000001f11d59aca0,
0x000001f11d598930, 0x000001f11d598e40, 0x000001f11d5974f0, 0x000001f11d598420,
0x000001f11d599350, 0x000001f11d599860, 0x000001f11d599d70, 0x000001f11d59a280,
0x000001f11d59a790, 0x000001f11d597f10, 0x000001f120706b90, 0x000001f120702ed0,
0x000001f1207033e0, 0x000001f120707ac0, 0x000001f120706170, 0x000001f1207075b0,
0x000001f120752580, 0x000001f1207070a0, 0x000001f120703e00, 0x000001f1207084e0
}

Java Threads: ( => current thread )
  0x000001f0b9caef80 JavaThread "main" [_thread_blocked, id=14676, stack(0x0000006747600000,0x0000006747700000)]
  0x000001f0d788a140 JavaThread "Reference Handler" daemon [_thread_blocked, id=9176, stack(0x0000006747d00000,0x0000006747e00000)]
  0x000001f0d788ac10 JavaThread "Finalizer" daemon [_thread_blocked, id=6076, stack(0x0000006747e00000,0x0000006747f00000)]
  0x000001f0d789af40 JavaThread "Signal Dispatcher" daemon [_thread_blocked, id=3200, stack(0x0000006747f00000,0x0000006748000000)]
  0x000001f0d789ba10 JavaThread "Attach Listener" daemon [_thread_blocked, id=14284, stack(0x0000006748000000,0x0000006748100000)]
  0x000001f0d789e3f0 JavaThread "Service Thread" daemon [_thread_blocked, id=5764, stack(0x0000006748100000,0x0000006748200000)]
  0x000001f0d789ecc0 JavaThread "Monitor Deflation Thread" daemon [_thread_blocked, id=12292, stack(0x0000006748200000,0x0000006748300000)]
  0x000001f0d789f970 JavaThread "C2 CompilerThread0" daemon [_thread_blocked, id=9312, stack(0x0000006748300000,0x0000006748400000)]
  0x000001f0d78a3830 JavaThread "C1 CompilerThread0" daemon [_thread_blocked, id=12756, stack(0x0000006748400000,0x0000006748500000)]
  0x000001f0d78ae160 JavaThread "Sweeper thread" daemon [_thread_blocked, id=3636, stack(0x0000006748500000,0x0000006748600000)]
  0x000001f0d7871360 JavaThread "Common-Cleaner" daemon [_thread_blocked, id=2412, stack(0x0000006748600000,0x0000006748700000)]
  0x000001f0d7c1afb0 JavaThread "Notification Thread" daemon [_thread_blocked, id=15116, stack(0x0000006748700000,0x0000006748800000)]
  0x000001f11d844420 JavaThread "Daemon health stats" [_thread_blocked, id=8948, stack(0x0000006748c00000,0x0000006748d00000)]
  0x000001f11e223460 JavaThread "Incoming local TCP Connector on port 59769" [_thread_in_native, id=14312, stack(0x0000006748d00000,0x0000006748e00000)]
  0x000001f11de61440 JavaThread "Daemon periodic checks" [_thread_blocked, id=6572, stack(0x0000006748e00000,0x0000006748f00000)]
  0x000001f11d59aca0 JavaThread "Daemon" [_thread_blocked, id=6072, stack(0x0000006748f00000,0x0000006749000000)]
  0x000001f11d598930 JavaThread "Handler for socket connection from /127.0.0.1:59769 to /127.0.0.1:59770" [_thread_in_native, id=15308, stack(0x0000006749000000,0x0000006749100000)]
  0x000001f11d598e40 JavaThread "Cancel handler" [_thread_blocked, id=14368, stack(0x0000006749100000,0x0000006749200000)]
  0x000001f11d5974f0 JavaThread "Daemon worker" [_thread_blocked, id=5520, stack(0x0000006749200000,0x0000006749300000)]
  0x000001f11d598420 JavaThread "Asynchronous log dispatcher for DefaultDaemonConnection: socket connection from /127.0.0.1:59769 to /127.0.0.1:59770" [_thread_blocked, id=228, stack(0x0000006749300000,0x0000006749400000)]
  0x000001f11d599350 JavaThread "Stdin handler" [_thread_blocked, id=7416, stack(0x0000006749400000,0x0000006749500000)]
  0x000001f11d599860 JavaThread "Daemon client event forwarder" [_thread_blocked, id=2104, stack(0x0000006749500000,0x0000006749600000)]
  0x000001f11d599d70 JavaThread "Cache worker for journal cache (C:\Users\hafid\.gradle\caches\journal-1)" [_thread_blocked, id=11660, stack(0x0000006749600000,0x0000006749700000)]
  0x000001f11d59a280 JavaThread "File lock request listener" [_thread_in_native, id=14452, stack(0x0000006749700000,0x0000006749800000)]
  0x000001f11d59a790 JavaThread "Cache worker for file hash cache (C:\Users\hafid\.gradle\caches\8.13\fileHashes)" [_thread_blocked, id=5548, stack(0x0000006749800000,0x0000006749900000)]
  0x000001f11d597f10 JavaThread "Cache worker for file hash cache (C:\Sparin Clone\SparIn\.gradle\8.13\fileHashes)" [_thread_blocked, id=8408, stack(0x0000006749a00000,0x0000006749b00000)]
  0x000001f120706b90 JavaThread "Cache worker for Build Output Cleanup Cache (C:\Sparin Clone\SparIn\.gradle\buildOutputCleanup)" [_thread_blocked, id=5708, stack(0x0000006749b00000,0x0000006749c00000)]
  0x000001f120702ed0 JavaThread "File watcher server" daemon [_thread_in_native, id=2300, stack(0x0000006749c00000,0x0000006749d00000)]
  0x000001f1207033e0 JavaThread "File watcher consumer" daemon [_thread_blocked, id=6980, stack(0x0000006749d00000,0x0000006749e00000)]
  0x000001f120707ac0 JavaThread "jar transforms" [_thread_blocked, id=13464, stack(0x0000006749e00000,0x0000006749f00000)]
  0x000001f120706170 JavaThread "jar transforms Thread 2" [_thread_blocked, id=2324, stack(0x0000006749f00000,0x000000674a000000)]
  0x000001f1207075b0 JavaThread "jar transforms Thread 3" [_thread_blocked, id=8952, stack(0x000000674a000000,0x000000674a100000)]
  0x000001f120752580 JavaThread "C2 CompilerThread1" daemon [_thread_blocked, id=13992, stack(0x0000006749900000,0x0000006749a00000)]
  0x000001f1207070a0 JavaThread "jar transforms Thread 4" [_thread_blocked, id=10148, stack(0x000000674a200000,0x000000674a300000)]
  0x000001f120703e00 JavaThread "Cache worker for checksums cache (C:\Sparin Clone\SparIn\.gradle\8.13\checksums)" [_thread_blocked, id=9580, stack(0x000000674a300000,0x000000674a400000)]
  0x000001f1207084e0 JavaThread "Cache worker for file content cache (C:\Users\hafid\.gradle\caches\8.13\fileContent)" [_thread_blocked, id=14644, stack(0x000000674a400000,0x000000674a500000)]

Other Threads:
=>0x000001f0d78838e0 VMThread "VM Thread" [stack: 0x0000006747c00000,0x0000006747d00000] [id=15036]
  0x000001f0b9cafa50 WatcherThread [stack: 0x0000006748800000,0x0000006748900000] [id=12296]
  0x000001f0b9d0acc0 GCTaskThread "GC Thread#0" [stack: 0x0000006747700000,0x0000006747800000] [id=15332]
  0x000001f0d7c94f90 GCTaskThread "GC Thread#1" [stack: 0x0000006748900000,0x0000006748a00000] [id=1480]
  0x000001f11d19d290 GCTaskThread "GC Thread#2" [stack: 0x0000006748a00000,0x0000006748b00000] [id=5232]
  0x000001f11d9c6760 GCTaskThread "GC Thread#3" [stack: 0x0000006748b00000,0x0000006748c00000] [id=13236]
  0x000001f0b9d1b9c0 ConcurrentGCThread "G1 Main Marker" [stack: 0x0000006747800000,0x0000006747900000] [id=10100]
  0x000001f0b9d1c930 ConcurrentGCThread "G1 Conc#0" [stack: 0x0000006747900000,0x0000006747a00000] [id=15012]
  0x000001f0b9d59630 ConcurrentGCThread "G1 Refine#0" [stack: 0x0000006747a00000,0x0000006747b00000] [id=9420]
  0x000001f120bccd40 ConcurrentGCThread "G1 Refine#1" [stack: 0x000000674a100000,0x000000674a200000] [id=1176]
  0x000001f0d7740090 ConcurrentGCThread "G1 Service" [stack: 0x0000006747b00000,0x0000006747c00000] [id=4976]

Threads with active compile tasks:
C2 CompilerThread0    13240 4749       4       org.objectweb.asm.SymbolTable::put (150 bytes)
C2 CompilerThread1    13240 4737   !   4       java.util.zip.ZipFile$ZipFileInflaterInputStream::close (67 bytes)

VM state: at safepoint (normal execution)

VM Mutex/Monitor currently owned by a thread:  ([mutex/lock_event])
[0x000001f0b9caaab0] Threads_lock - owner thread: 0x000001f0d78838e0
[0x000001f0b9cab440] Heap_lock - owner thread: 0x000001f11d5974f0

Heap address: 0x0000000080000000, size: 2048 MB, Compressed Oops mode: 32-bit

CDS archive(s) mapped at: [0x000001f0d8000000-0x000001f0d8bb0000-0x000001f0d8bb0000), size 12255232, SharedBaseAddress: 0x000001f0d8000000, ArchiveRelocationMode: 1.
Compressed class space mapped at: 0x000001f0d9000000-0x000001f119000000, reserved size: 1073741824
Narrow klass base: 0x000001f0d8000000, Narrow klass shift: 0, Narrow klass range: 0x100000000

GC Precious Log:
 CPUs: 4 total, 4 available
 Memory: 3964M
 Large Page Support: Disabled
 NUMA Support: Disabled
 Compressed Oops: Enabled (32-bit)
 Heap Region Size: 1M
 Heap Min Capacity: 8M
 Heap Initial Capacity: 62M
 Heap Max Capacity: 2G
 Pre-touch: Disabled
 Parallel Workers: 4
 Concurrent Workers: 1
 Concurrent Refinement Workers: 4
 Periodic GC: Disabled

Heap:
 garbage-first heap   total 76800K, used 36786K [0x0000000080000000, 0x0000000100000000)
  region size 1024K, 2 young (2048K), 2 survivors (2048K)
 Metaspace       used 38936K, committed 39424K, reserved 1114112K
  class space    used 5267K, committed 5504K, reserved 1048576K

Heap Regions: E=young(eden), S=young(survivor), O=old, HS=humongous(starts), HC=humongous(continues), CS=collection set, F=free, OA=open archive, CA=closed archive, TAMS=top-at-mark-start (previous, next)
|   0|0x0000000080000000, 0x0000000080100000, 0x0000000080100000|100%|HS|  |TAMS 0x0000000080100000, 0x0000000080100000| Complete 
|   1|0x0000000080100000, 0x0000000080200000, 0x0000000080200000|100%|HC|  |TAMS 0x0000000080200000, 0x0000000080200000| Complete 
|   2|0x0000000080200000, 0x0000000080300000, 0x0000000080300000|100%|HC|  |TAMS 0x0000000080300000, 0x0000000080300000| Complete 
|   3|0x0000000080300000, 0x0000000080400000, 0x0000000080400000|100%| O|  |TAMS 0x0000000080400000, 0x0000000080400000| Untracked 
|   4|0x0000000080400000, 0x0000000080500000, 0x0000000080500000|100%| O|  |TAMS 0x0000000080500000, 0x0000000080500000| Untracked 
|   5|0x0000000080500000, 0x0000000080600000, 0x0000000080600000|100%| O|  |TAMS 0x0000000080600000, 0x0000000080600000| Untracked 
|   6|0x0000000080600000, 0x0000000080700000, 0x0000000080700000|100%| O|  |TAMS 0x0000000080700000, 0x0000000080700000| Untracked 
|   7|0x0000000080700000, 0x0000000080800000, 0x0000000080800000|100%| O|  |TAMS 0x0000000080800000, 0x0000000080800000| Untracked 
|   8|0x0000000080800000, 0x0000000080900000, 0x0000000080900000|100%|HS|  |TAMS 0x0000000080900000, 0x0000000080900000| Complete 
|   9|0x0000000080900000, 0x0000000080a00000, 0x0000000080a00000|100%| O|  |TAMS 0x0000000080a00000, 0x0000000080a00000| Untracked 
|  10|0x0000000080a00000, 0x0000000080b00000, 0x0000000080b00000|100%| O|  |TAMS 0x0000000080b00000, 0x0000000080b00000| Untracked 
|  11|0x0000000080b00000, 0x0000000080c00000, 0x0000000080c00000|100%| O|  |TAMS 0x0000000080c00000, 0x0000000080c00000| Untracked 
|  12|0x0000000080c00000, 0x0000000080d00000, 0x0000000080d00000|100%| O|  |TAMS 0x0000000080d00000, 0x0000000080d00000| Untracked 
|  13|0x0000000080d00000, 0x0000000080e00000, 0x0000000080e00000|100%| O|  |TAMS 0x0000000080e00000, 0x0000000080e00000| Untracked 
|  14|0x0000000080e00000, 0x0000000080f00000, 0x0000000080f00000|100%| O|  |TAMS 0x0000000080f00000, 0x0000000080f00000| Untracked 
|  15|0x0000000080f00000, 0x0000000081000000, 0x0000000081000000|100%| O|  |TAMS 0x0000000081000000, 0x0000000081000000| Untracked 
|  16|0x0000000081000000, 0x0000000081100000, 0x0000000081100000|100%| O|  |TAMS 0x0000000081100000, 0x0000000081100000| Untracked 
|  17|0x0000000081100000, 0x0000000081200000, 0x0000000081200000|100%| O|  |TAMS 0x0000000081200000, 0x0000000081200000| Untracked 
|  18|0x0000000081200000, 0x0000000081300000, 0x0000000081300000|100%| O|  |TAMS 0x0000000081300000, 0x0000000081300000| Untracked 
|  19|0x0000000081300000, 0x0000000081300000, 0x0000000081400000|  0%| F|  |TAMS 0x0000000081300000, 0x0000000081300000| Untracked 
|  20|0x0000000081400000, 0x0000000081500000, 0x0000000081500000|100%| O|  |TAMS 0x0000000081500000, 0x0000000081500000| Untracked 
|  21|0x0000000081500000, 0x0000000081600000, 0x0000000081600000|100%| O|  |TAMS 0x0000000081600000, 0x0000000081600000| Untracked 
|  22|0x0000000081600000, 0x0000000081700000, 0x0000000081700000|100%| O|  |TAMS 0x0000000081700000, 0x0000000081700000| Untracked 
|  23|0x0000000081700000, 0x0000000081800000, 0x0000000081800000|100%| O|  |TAMS 0x0000000081800000, 0x0000000081800000| Untracked 
|  24|0x0000000081800000, 0x0000000081900000, 0x0000000081900000|100%| O|  |TAMS 0x0000000081900000, 0x0000000081900000| Untracked 
|  25|0x0000000081900000, 0x0000000081a00000, 0x0000000081a00000|100%| O|  |TAMS 0x0000000081a00000, 0x0000000081a00000| Untracked 
|  26|0x0000000081a00000, 0x0000000081b00000, 0x0000000081b00000|100%| O|  |TAMS 0x0000000081b00000, 0x0000000081b00000| Untracked 
|  27|0x0000000081b00000, 0x0000000081c00000, 0x0000000081c00000|100%| O|  |TAMS 0x0000000081c00000, 0x0000000081c00000| Untracked 
|  28|0x0000000081c00000, 0x0000000081d00000, 0x0000000081d00000|100%| O|  |TAMS 0x0000000081c6a000, 0x0000000081d00000| Untracked 
|  29|0x0000000081d00000, 0x0000000081e00000, 0x0000000081e00000|100%| O|  |TAMS 0x0000000081d00000, 0x0000000081e00000| Untracked 
|  30|0x0000000081e00000, 0x0000000081e9c000, 0x0000000081f00000| 60%| O|  |TAMS 0x0000000081e00000, 0x0000000081e9c000| Untracked 
|  31|0x0000000081f00000, 0x0000000082000000, 0x0000000082000000|100%| O|  |TAMS 0x0000000081f00000, 0x0000000082000000| Untracked 
|  32|0x0000000082000000, 0x0000000082100000, 0x0000000082100000|100%| O|  |TAMS 0x0000000082000000, 0x0000000082100000| Untracked 
|  33|0x0000000082100000, 0x0000000082200000, 0x0000000082200000|100%| O|  |TAMS 0x0000000082100000, 0x0000000082200000| Untracked 
|  34|0x0000000082200000, 0x0000000082300000, 0x0000000082300000|100%| O|  |TAMS 0x0000000082200000, 0x0000000082300000| Untracked 
|  35|0x0000000082300000, 0x0000000082400000, 0x0000000082400000|100%| O|  |TAMS 0x0000000082300000, 0x0000000082400000| Untracked 
|  36|0x0000000082400000, 0x0000000082400000, 0x0000000082500000|  0%| F|  |TAMS 0x0000000082400000, 0x0000000082400000| Untracked 
|  37|0x0000000082500000, 0x0000000082500000, 0x0000000082600000|  0%| F|  |TAMS 0x0000000082500000, 0x0000000082500000| Untracked 
|  38|0x0000000082600000, 0x0000000082600000, 0x0000000082700000|  0%| F|  |TAMS 0x0000000082600000, 0x0000000082600000| Untracked 
|  39|0x0000000082700000, 0x0000000082700000, 0x0000000082800000|  0%| F|  |TAMS 0x0000000082700000, 0x0000000082700000| Untracked 
|  40|0x0000000082800000, 0x0000000082800000, 0x0000000082900000|  0%| F|  |TAMS 0x0000000082800000, 0x0000000082800000| Untracked 
|  41|0x0000000082900000, 0x0000000082900000, 0x0000000082a00000|  0%| F|  |TAMS 0x0000000082900000, 0x0000000082900000| Untracked 
|  42|0x0000000082a00000, 0x0000000082a00000, 0x0000000082b00000|  0%| F|  |TAMS 0x0000000082a00000, 0x0000000082a00000| Untracked 
|  43|0x0000000082b00000, 0x0000000082b00000, 0x0000000082c00000|  0%| F|  |TAMS 0x0000000082b00000, 0x0000000082b00000| Untracked 
|  44|0x0000000082c00000, 0x0000000082c00000, 0x0000000082d00000|  0%| F|  |TAMS 0x0000000082c00000, 0x0000000082c00000| Untracked 
|  45|0x0000000082d00000, 0x0000000082d00000, 0x0000000082e00000|  0%| F|  |TAMS 0x0000000082d00000, 0x0000000082d00000| Untracked 
|  46|0x0000000082e00000, 0x0000000082e00000, 0x0000000082f00000|  0%| F|  |TAMS 0x0000000082e00000, 0x0000000082e00000| Untracked 
|  47|0x0000000082f00000, 0x0000000082f00000, 0x0000000083000000|  0%| F|  |TAMS 0x0000000082f00000, 0x0000000082f00000| Untracked 
|  48|0x0000000083000000, 0x0000000083050870, 0x0000000083100000| 31%| S|CS|TAMS 0x0000000083000000, 0x0000000083000000| Complete 
|  49|0x0000000083100000, 0x0000000083200000, 0x0000000083200000|100%| S|CS|TAMS 0x0000000083100000, 0x0000000083100000| Complete 
|  50|0x0000000083200000, 0x0000000083200000, 0x0000000083300000|  0%| F|  |TAMS 0x0000000083200000, 0x0000000083200000| Untracked 
|  51|0x0000000083300000, 0x0000000083300000, 0x0000000083400000|  0%| F|  |TAMS 0x0000000083300000, 0x0000000083300000| Untracked 
|  52|0x0000000083400000, 0x0000000083400000, 0x0000000083500000|  0%| F|  |TAMS 0x0000000083400000, 0x0000000083400000| Untracked 
|  53|0x0000000083500000, 0x0000000083500000, 0x0000000083600000|  0%| F|  |TAMS 0x0000000083500000, 0x0000000083500000| Untracked 
|  54|0x0000000083600000, 0x0000000083600000, 0x0000000083700000|  0%| F|  |TAMS 0x0000000083600000, 0x0000000083600000| Untracked 
|  55|0x0000000083700000, 0x0000000083700000, 0x0000000083800000|  0%| F|  |TAMS 0x0000000083700000, 0x0000000083700000| Untracked 
|  56|0x0000000083800000, 0x0000000083800000, 0x0000000083900000|  0%| F|  |TAMS 0x0000000083800000, 0x0000000083800000| Untracked 
|  57|0x0000000083900000, 0x0000000083900000, 0x0000000083a00000|  0%| F|  |TAMS 0x0000000083900000, 0x0000000083900000| Untracked 
|  58|0x0000000083a00000, 0x0000000083a00000, 0x0000000083b00000|  0%| F|  |TAMS 0x0000000083a00000, 0x0000000083a00000| Untracked 
|  59|0x0000000083b00000, 0x0000000083b00000, 0x0000000083c00000|  0%| F|  |TAMS 0x0000000083b00000, 0x0000000083b00000| Untracked 
|  60|0x0000000083c00000, 0x0000000083c00000, 0x0000000083d00000|  0%| F|  |TAMS 0x0000000083c00000, 0x0000000083c00000| Untracked 
|  61|0x0000000083d00000, 0x0000000083d00000, 0x0000000083e00000|  0%| F|  |TAMS 0x0000000083d00000, 0x0000000083d00000| Untracked 
|  62|0x0000000083e00000, 0x0000000083e00000, 0x0000000083f00000|  0%| F|  |TAMS 0x0000000083e00000, 0x0000000083e00000| Untracked 
|  63|0x0000000083f00000, 0x0000000083f00000, 0x0000000084000000|  0%| F|  |TAMS 0x0000000083f00000, 0x0000000083f00000| Untracked 
|  64|0x0000000084000000, 0x0000000084000000, 0x0000000084100000|  0%| F|  |TAMS 0x0000000084000000, 0x0000000084000000| Untracked 
|  65|0x0000000084100000, 0x0000000084100000, 0x0000000084200000|  0%| F|  |TAMS 0x0000000084100000, 0x0000000084100000| Untracked 
|  66|0x0000000084200000, 0x0000000084200000, 0x0000000084300000|  0%| F|  |TAMS 0x0000000084200000, 0x0000000084200000| Untracked 
|  67|0x0000000084300000, 0x0000000084300000, 0x0000000084400000|  0%| F|  |TAMS 0x0000000084300000, 0x0000000084300000| Untracked 
|  68|0x0000000084400000, 0x0000000084400000, 0x0000000084500000|  0%| F|  |TAMS 0x0000000084400000, 0x0000000084400000| Untracked 
|  69|0x0000000084500000, 0x0000000084500000, 0x0000000084600000|  0%| F|  |TAMS 0x0000000084500000, 0x0000000084500000| Untracked 
|  70|0x0000000084600000, 0x0000000084600000, 0x0000000084700000|  0%| F|  |TAMS 0x0000000084600000, 0x0000000084600000| Untracked 
|  71|0x0000000084700000, 0x0000000084700000, 0x0000000084800000|  0%| F|  |TAMS 0x0000000084700000, 0x0000000084700000| Untracked 
|  72|0x0000000084800000, 0x0000000084800000, 0x0000000084900000|  0%| F|  |TAMS 0x0000000084800000, 0x0000000084800000| Untracked 
|  73|0x0000000084900000, 0x0000000084900000, 0x0000000084a00000|  0%| F|  |TAMS 0x0000000084900000, 0x0000000084900000| Untracked 
|  74|0x0000000084a00000, 0x0000000084a00000, 0x0000000084b00000|  0%| F|  |TAMS 0x0000000084a00000, 0x0000000084a00000| Untracked 

Card table byte_map: [0x000001f0d0c00000,0x000001f0d1000000] _byte_map_base: 0x000001f0d0800000

Marking Bits (Prev, Next): (CMBitMap*) 0x000001f0b9d0b090, (CMBitMap*) 0x000001f0b9d0b0d0
 Prev Bits: [0x000001f0d1400000, 0x000001f0d3400000)
 Next Bits: [0x000001f0d3400000, 0x000001f0d5400000)

Polling page: 0x000001f0b7c00000

Metaspace:

Usage:
  Non-class:     32.88 MB used.
      Class:      5.14 MB used.
       Both:     38.02 MB used.

Virtual space:
  Non-class space:       64.00 MB reserved,      33.12 MB ( 52%) committed,  1 nodes.
      Class space:        1.00 GB reserved,       5.38 MB ( <1%) committed,  1 nodes.
             Both:        1.06 GB reserved,      38.50 MB (  4%) committed. 

Chunk freelists:
   Non-Class:  14.12 MB
       Class:  10.53 MB
        Both:  24.66 MB

MaxMetaspaceSize: unlimited
CompressedClassSpaceSize: 1.00 GB
Initial GC threshold: 21.00 MB
Current GC threshold: 59.19 MB
CDS: on
MetaspaceReclaimPolicy: balanced
 - commit_granule_bytes: 65536.
 - commit_granule_words: 8192.
 - virtual_space_node_default_size: 8388608.
 - enlarge_chunks_in_place: 1.
 - new_chunks_are_fully_committed: 0.
 - uncommit_free_chunks: 1.
 - use_allocation_guard: 0.
 - handle_deallocations: 1.


Internal statistics:

num_allocs_failed_limit: 6.
num_arena_births: 614.
num_arena_deaths: 0.
num_vsnodes_births: 2.
num_vsnodes_deaths: 0.
num_space_committed: 616.
num_space_uncommitted: 0.
num_chunks_returned_to_freelist: 6.
num_chunks_taken_from_freelist: 2109.
num_chunk_merges: 6.
num_chunk_splits: 1377.
num_chunks_enlarged: 909.
num_inconsistent_stats: 0.

CodeHeap 'non-profiled nmethods': size=120000Kb used=2778Kb max_used=2778Kb free=117221Kb
 bounds [0x000001f0c92d0000, 0x000001f0c9590000, 0x000001f0d0800000]
CodeHeap 'profiled nmethods': size=120000Kb used=9611Kb max_used=9611Kb free=110388Kb
 bounds [0x000001f0c1800000, 0x000001f0c2170000, 0x000001f0c8d30000]
CodeHeap 'non-nmethods': size=5760Kb used=2307Kb max_used=2389Kb free=3452Kb
 bounds [0x000001f0c8d30000, 0x000001f0c8fa0000, 0x000001f0c92d0000]
 total_blobs=5563 nmethods=4745 adapters=730
 compilation: enabled
              stopped_count=0, restarted_count=0
 full_count=0

Compilation events (20 events):
Event: 13.176 Thread 0x000001f0d78a3830 nmethod 4741 0x000001f0c9586090 code [0x000001f0c9586220, 0x000001f0c95862f8]
Event: 13.176 Thread 0x000001f0d78a3830 4746       1       com.google.common.collect.LinkedHashMultimap::access$300 (5 bytes)
Event: 13.176 Thread 0x000001f0d78a3830 nmethod 4746 0x000001f0c9586390 code [0x000001f0c9586520, 0x000001f0c95865d8]
Event: 13.176 Thread 0x000001f0d789f970 4747       4       java.util.stream.AbstractPipeline::wrapSink (37 bytes)
Event: 13.176 Thread 0x000001f0d78a3830 4748       3       org.objectweb.asm.Type::hashCode (68 bytes)
Event: 13.177 Thread 0x000001f0d78a3830 nmethod 4748 0x000001f0c215d510 code [0x000001f0c215d720, 0x000001f0c215de98]
Event: 13.179 Thread 0x000001f0d789f970 nmethod 4747 0x000001f0c9586690 code [0x000001f0c9586820, 0x000001f0c9586938]
Event: 13.179 Thread 0x000001f0d789f970 4749       4       org.objectweb.asm.SymbolTable::put (150 bytes)
Event: 13.180 Thread 0x000001f0d78a3830 4751       3       org.gradle.model.internal.asm.MethodVisitorScope::_GETFIELD (11 bytes)
Event: 13.180 Thread 0x000001f0d78a3830 nmethod 4751 0x000001f0c215e190 code [0x000001f0c215e360, 0x000001f0c215e728]
Event: 13.180 Thread 0x000001f0d78a3830 4756       3       org.objectweb.asm.MethodWriter::putFrame (549 bytes)
Event: 13.183 Thread 0x000001f0d78a3830 nmethod 4756 0x000001f0c215e910 code [0x000001f0c215ed60, 0x000001f0c21607b8]
Event: 13.183 Thread 0x000001f0d78a3830 4754       3       org.objectweb.asm.MethodVisitor::visitJumpInsn (17 bytes)
Event: 13.183 Thread 0x000001f0d78a3830 nmethod 4754 0x000001f0c2161410 code [0x000001f0c21615c0, 0x000001f0c21617c8]
Event: 13.183 Thread 0x000001f0d78a3830 4755       3       org.objectweb.asm.MethodVisitor::visitLabel (16 bytes)
Event: 13.184 Thread 0x000001f0d78a3830 nmethod 4755 0x000001f0c2161890 code [0x000001f0c2161a40, 0x000001f0c2161c48]
Event: 13.184 Thread 0x000001f0d78a3830 4752       3       org.gradle.internal.instantiation.generator.AsmBackedClassGenerator::access$200 (5 bytes)
Event: 13.184 Thread 0x000001f0d78a3830 nmethod 4752 0x000001f0c2161d10 code [0x000001f0c2161f20, 0x000001f0c2162408]
Event: 13.184 Thread 0x000001f0d78a3830 4753       3       org.gradle.internal.instantiation.generator.AsmBackedClassGenerator::propFieldName (8 bytes)
Event: 13.185 Thread 0x000001f0d78a3830 nmethod 4753 0x000001f0c2162690 code [0x000001f0c21628a0, 0x000001f0c2162d28]

GC Heap History (20 events):
Event: 5.320 GC heap after
{Heap after GC invocations=6 (full 0):
 garbage-first heap   total 63488K, used 21479K [0x0000000080000000, 0x0000000100000000)
  region size 1024K, 2 young (2048K), 2 survivors (2048K)
 Metaspace       used 14842K, committed 15168K, reserved 1114112K
  class space    used 2037K, committed 2176K, reserved 1048576K
}
Event: 6.457 GC heap before
{Heap before GC invocations=6 (full 0):
 garbage-first heap   total 63488K, used 47079K [0x0000000080000000, 0x0000000100000000)
  region size 1024K, 27 young (27648K), 2 survivors (2048K)
 Metaspace       used 18204K, committed 18496K, reserved 1114112K
  class space    used 2609K, committed 2752K, reserved 1048576K
}
Event: 6.467 GC heap after
{Heap after GC invocations=7 (full 0):
 garbage-first heap   total 76800K, used 22638K [0x0000000080000000, 0x0000000100000000)
  region size 1024K, 3 young (3072K), 3 survivors (3072K)
 Metaspace       used 18204K, committed 18496K, reserved 1114112K
  class space    used 2609K, committed 2752K, reserved 1048576K
}
Event: 7.672 GC heap before
{Heap before GC invocations=7 (full 0):
 garbage-first heap   total 76800K, used 50286K [0x0000000080000000, 0x0000000100000000)
  region size 1024K, 31 young (31744K), 3 survivors (3072K)
 Metaspace       used 21194K, committed 21504K, reserved 1114112K
  class space    used 3096K, committed 3264K, reserved 1048576K
}
Event: 7.680 GC heap after
{Heap after GC invocations=8 (full 0):
 garbage-first heap   total 76800K, used 24356K [0x0000000080000000, 0x0000000100000000)
  region size 1024K, 5 young (5120K), 5 survivors (5120K)
 Metaspace       used 21194K, committed 21504K, reserved 1114112K
  class space    used 3096K, committed 3264K, reserved 1048576K
}
Event: 9.117 GC heap before
{Heap before GC invocations=9 (full 0):
 garbage-first heap   total 76800K, used 58148K [0x0000000080000000, 0x0000000100000000)
  region size 1024K, 39 young (39936K), 5 survivors (5120K)
 Metaspace       used 25690K, committed 26176K, reserved 1114112K
  class space    used 3758K, committed 3968K, reserved 1048576K
}
Event: 9.127 GC heap after
{Heap after GC invocations=10 (full 0):
 garbage-first heap   total 76800K, used 27544K [0x0000000080000000, 0x0000000100000000)
  region size 1024K, 5 young (5120K), 5 survivors (5120K)
 Metaspace       used 25690K, committed 26176K, reserved 1114112K
  class space    used 3758K, committed 3968K, reserved 1048576K
}
Event: 9.152 GC heap before
{Heap before GC invocations=10 (full 0):
 garbage-first heap   total 76800K, used 28568K [0x0000000080000000, 0x0000000100000000)
  region size 1024K, 6 young (6144K), 5 survivors (5120K)
 Metaspace       used 25881K, committed 26304K, reserved 1114112K
  class space    used 3764K, committed 3968K, reserved 1048576K
}
Event: 9.159 GC heap after
{Heap after GC invocations=11 (full 0):
 garbage-first heap   total 76800K, used 27737K [0x0000000080000000, 0x0000000100000000)
  region size 1024K, 1 young (1024K), 1 survivors (1024K)
 Metaspace       used 25881K, committed 26304K, reserved 1114112K
  class space    used 3764K, committed 3968K, reserved 1048576K
}
Event: 10.295 GC heap before
{Heap before GC invocations=11 (full 0):
 garbage-first heap   total 76800K, used 57433K [0x0000000080000000, 0x0000000100000000)
  region size 1024K, 31 young (31744K), 1 survivors (1024K)
 Metaspace       used 29884K, committed 30336K, reserved 1114112K
  class space    used 4326K, committed 4544K, reserved 1048576K
}
Event: 10.303 GC heap after
{Heap after GC invocations=12 (full 0):
 garbage-first heap   total 76800K, used 29098K [0x0000000080000000, 0x0000000100000000)
  region size 1024K, 3 young (3072K), 3 survivors (3072K)
 Metaspace       used 29884K, committed 30336K, reserved 1114112K
  class space    used 4326K, committed 4544K, reserved 1048576K
}
Event: 11.133 GC heap before
{Heap before GC invocations=12 (full 0):
 garbage-first heap   total 76800K, used 57770K [0x0000000080000000, 0x0000000100000000)
  region size 1024K, 32 young (32768K), 3 survivors (3072K)
 Metaspace       used 33653K, committed 34112K, reserved 1114112K
  class space    used 4713K, committed 4928K, reserved 1048576K
}
Event: 11.142 GC heap after
{Heap after GC invocations=13 (full 0):
 garbage-first heap   total 76800K, used 32826K [0x0000000080000000, 0x0000000100000000)
  region size 1024K, 4 young (4096K), 4 survivors (4096K)
 Metaspace       used 33653K, committed 34112K, reserved 1114112K
  class space    used 4713K, committed 4928K, reserved 1048576K
}
Event: 11.937 GC heap before
{Heap before GC invocations=13 (full 0):
 garbage-first heap   total 76800K, used 56378K [0x0000000080000000, 0x0000000100000000)
  region size 1024K, 24 young (24576K), 4 survivors (4096K)
 Metaspace       used 35737K, committed 36160K, reserved 1114112K
  class space    used 4901K, committed 5120K, reserved 1048576K
}
Event: 11.945 GC heap after
{Heap after GC invocations=14 (full 0):
 garbage-first heap   total 76800K, used 34633K [0x0000000080000000, 0x0000000100000000)
  region size 1024K, 3 young (3072K), 3 survivors (3072K)
 Metaspace       used 35737K, committed 36160K, reserved 1114112K
  class space    used 4901K, committed 5120K, reserved 1048576K
}
Event: 12.771 GC heap before
{Heap before GC invocations=15 (full 0):
 garbage-first heap   total 76800K, used 60233K [0x0000000080000000, 0x0000000100000000)
  region size 1024K, 27 young (27648K), 3 survivors (3072K)
 Metaspace       used 38372K, committed 38848K, reserved 1114112K
  class space    used 5185K, committed 5376K, reserved 1048576K
}
Event: 12.779 GC heap after
{Heap after GC invocations=16 (full 0):
 garbage-first heap   total 76800K, used 35907K [0x0000000080000000, 0x0000000100000000)
  region size 1024K, 2 young (2048K), 2 survivors (2048K)
 Metaspace       used 38372K, committed 38848K, reserved 1114112K
  class space    used 5185K, committed 5376K, reserved 1048576K
}
Event: 12.785 GC heap before
{Heap before GC invocations=16 (full 0):
 garbage-first heap   total 76800K, used 36931K [0x0000000080000000, 0x0000000100000000)
  region size 1024K, 3 young (3072K), 2 survivors (2048K)
 Metaspace       used 38372K, committed 38848K, reserved 1114112K
  class space    used 5185K, committed 5376K, reserved 1048576K
}
Event: 12.791 GC heap after
{Heap after GC invocations=17 (full 0):
 garbage-first heap   total 76800K, used 35734K [0x0000000080000000, 0x0000000100000000)
  region size 1024K, 1 young (1024K), 1 survivors (1024K)
 Metaspace       used 38372K, committed 38848K, reserved 1114112K
  class space    used 5185K, committed 5376K, reserved 1048576K
}
Event: 13.188 GC heap before
{Heap before GC invocations=17 (full 0):
 garbage-first heap   total 76800K, used 60310K [0x0000000080000000, 0x0000000100000000)
  region size 1024K, 25 young (25600K), 1 survivors (1024K)
 Metaspace       used 38936K, committed 39424K, reserved 1114112K
  class space    used 5267K, committed 5504K, reserved 1048576K
}

Dll operation events (15 events):
Event: 0.019 Loaded shared library C:\Program Files\Eclipse Adoptium\jdk-17.0.15.6-hotspot\bin\java.dll
Event: 0.044 Loaded shared library C:\Program Files\Eclipse Adoptium\jdk-17.0.15.6-hotspot\bin\jsvml.dll
Event: 0.159 Loaded shared library C:\Program Files\Eclipse Adoptium\jdk-17.0.15.6-hotspot\bin\zip.dll
Event: 0.167 Loaded shared library C:\Program Files\Eclipse Adoptium\jdk-17.0.15.6-hotspot\bin\instrument.dll
Event: 0.179 Loaded shared library C:\Program Files\Eclipse Adoptium\jdk-17.0.15.6-hotspot\bin\net.dll
Event: 0.183 Loaded shared library C:\Program Files\Eclipse Adoptium\jdk-17.0.15.6-hotspot\bin\nio.dll
Event: 0.186 Loaded shared library C:\Program Files\Eclipse Adoptium\jdk-17.0.15.6-hotspot\bin\zip.dll
Event: 0.712 Loaded shared library C:\Program Files\Eclipse Adoptium\jdk-17.0.15.6-hotspot\bin\jimage.dll
Event: 0.926 Loaded shared library C:\Program Files\Eclipse Adoptium\jdk-17.0.15.6-hotspot\bin\verify.dll
Event: 1.075 Loaded shared library C:\Users\hafid\.gradle\native\1def1411415f61bf3af743bc5b6707747c0891f09f0c88961ee8f79bc544acac\windows-amd64\native-platform.dll
Event: 1.096 Loaded shared library C:\Users\hafid\.gradle\native\0.2.7\x86_64-windows-gnu\gradle-fileevents.dll
Event: 3.150 Loaded shared library C:\Program Files\Eclipse Adoptium\jdk-17.0.15.6-hotspot\bin\management.dll
Event: 3.160 Loaded shared library C:\Program Files\Eclipse Adoptium\jdk-17.0.15.6-hotspot\bin\management_ext.dll
Event: 3.865 Loaded shared library C:\Program Files\Eclipse Adoptium\jdk-17.0.15.6-hotspot\bin\extnet.dll
Event: 4.373 Loaded shared library C:\Program Files\Eclipse Adoptium\jdk-17.0.15.6-hotspot\bin\sunmscapi.dll

Deoptimization events (20 events):
Event: 12.901 Thread 0x000001f11d5974f0 DEOPT PACKING pc=0x000001f0c1bba6b8 sp=0x00000067492f8680
Event: 12.901 Thread 0x000001f11d5974f0 DEOPT UNPACKING pc=0x000001f0c8d87143 sp=0x00000067492f7b88 mode 0
Event: 12.902 Thread 0x000001f11d5974f0 DEOPT PACKING pc=0x000001f0c1e2f9e1 sp=0x00000067492f8320
Event: 12.902 Thread 0x000001f11d5974f0 DEOPT UNPACKING pc=0x000001f0c8d87143 sp=0x00000067492f7818 mode 0
Event: 12.902 Thread 0x000001f11d5974f0 DEOPT PACKING pc=0x000001f0c1e2bfaa sp=0x00000067492f8300
Event: 12.902 Thread 0x000001f11d5974f0 DEOPT UNPACKING pc=0x000001f0c8d87143 sp=0x00000067492f77f8 mode 0
Event: 12.903 Thread 0x000001f11d5974f0 DEOPT PACKING pc=0x000001f0c1bba6b8 sp=0x00000067492f86e0
Event: 12.903 Thread 0x000001f11d5974f0 DEOPT UNPACKING pc=0x000001f0c8d87143 sp=0x00000067492f7be8 mode 0
Event: 12.920 Thread 0x000001f11d5974f0 Uncommon trap: trap_request=0xffffffc6 fr.pc=0x000001f0c9544e48 relative=0x0000000000000288
Event: 12.920 Thread 0x000001f11d5974f0 Uncommon trap: reason=bimorphic_or_optimized_type_check action=maybe_recompile pc=0x000001f0c9544e48 method=java.util.stream.ReferencePipeline.forEachWithCancel(Ljava/util/Spliterator;Ljava/util/stream/Sink;)Z @ 1 c2
Event: 12.920 Thread 0x000001f11d5974f0 DEOPT PACKING pc=0x000001f0c9544e48 sp=0x00000067492f70d0
Event: 12.920 Thread 0x000001f11d5974f0 DEOPT UNPACKING pc=0x000001f0c8d869a3 sp=0x00000067492f6ff0 mode 2
Event: 12.922 Thread 0x000001f11d5974f0 Uncommon trap: trap_request=0xffffffc6 fr.pc=0x000001f0c9544e48 relative=0x0000000000000288
Event: 12.922 Thread 0x000001f11d5974f0 Uncommon trap: reason=bimorphic_or_optimized_type_check action=maybe_recompile pc=0x000001f0c9544e48 method=java.util.stream.ReferencePipeline.forEachWithCancel(Ljava/util/Spliterator;Ljava/util/stream/Sink;)Z @ 1 c2
Event: 12.922 Thread 0x000001f11d5974f0 DEOPT PACKING pc=0x000001f0c9544e48 sp=0x00000067492f70d0
Event: 12.922 Thread 0x000001f11d5974f0 DEOPT UNPACKING pc=0x000001f0c8d869a3 sp=0x00000067492f6ff0 mode 2
Event: 12.924 Thread 0x000001f11d5974f0 Uncommon trap: trap_request=0xffffffc6 fr.pc=0x000001f0c9544e48 relative=0x0000000000000288
Event: 12.925 Thread 0x000001f11d5974f0 Uncommon trap: reason=bimorphic_or_optimized_type_check action=maybe_recompile pc=0x000001f0c9544e48 method=java.util.stream.ReferencePipeline.forEachWithCancel(Ljava/util/Spliterator;Ljava/util/stream/Sink;)Z @ 1 c2
Event: 12.925 Thread 0x000001f11d5974f0 DEOPT PACKING pc=0x000001f0c9544e48 sp=0x00000067492f6d50
Event: 12.925 Thread 0x000001f11d5974f0 DEOPT UNPACKING pc=0x000001f0c8d869a3 sp=0x00000067492f6c70 mode 2

Classes loaded (20 events):
Event: 12.092 Loading class jdk/internal/reflect/UnsafeObjectFieldAccessorImpl
Event: 12.093 Loading class jdk/internal/reflect/UnsafeObjectFieldAccessorImpl done
Event: 12.186 Loading class java/util/BitSet$1BitSetSpliterator
Event: 12.186 Loading class java/util/BitSet$1BitSetSpliterator done
Event: 12.256 Loading class java/lang/SafeVarargs
Event: 12.257 Loading class java/lang/SafeVarargs done
Event: 12.291 Loading class jdk/internal/reflect/UnsafeStaticIntegerFieldAccessorImpl
Event: 12.291 Loading class jdk/internal/reflect/UnsafeStaticIntegerFieldAccessorImpl done
Event: 12.336 Loading class sun/nio/fs/WindowsException
Event: 12.336 Loading class sun/nio/fs/WindowsException done
Event: 12.409 Loading class java/util/Collections$SynchronizedRandomAccessList
Event: 12.409 Loading class java/util/Collections$SynchronizedList
Event: 12.409 Loading class java/util/Collections$SynchronizedList done
Event: 12.409 Loading class java/util/Collections$SynchronizedRandomAccessList done
Event: 12.453 Loading class java/lang/invoke/BoundMethodHandle$Species_LLLLLLLLLLLLLLLLLLLLLLLL
Event: 12.453 Loading class java/lang/invoke/BoundMethodHandle$Species_LLLLLLLLLLLLLLLLLLLLLLLL done
Event: 12.457 Loading class java/lang/invoke/BoundMethodHandle$Species_LLLLLLLLLLLLLLLLLLLLLLLLL
Event: 12.457 Loading class java/lang/invoke/BoundMethodHandle$Species_LLLLLLLLLLLLLLLLLLLLLLLLL done
Event: 12.465 Loading class java/lang/invoke/BoundMethodHandle$Species_LLLLLLLLLLLLLLLLLLLLLLLLLL
Event: 12.465 Loading class java/lang/invoke/BoundMethodHandle$Species_LLLLLLLLLLLLLLLLLLLLLLLLLL done

Classes unloaded (0 events):
No events

Classes redefined (0 events):
No events

Internal exceptions (20 events):
Event: 11.870 Thread 0x000001f11d5974f0 Exception <a 'java/lang/ClassNotFoundException'{0x0000000083842830}: eclipsePlugin_skaoww9ancwh1hz491odkxo0Customizer> (0x0000000083842830) 
thrown [s\src\hotspot\share\classfile\systemDictionary.cpp, line 256]
Event: 11.987 Thread 0x000001f11d5974f0 Exception <a 'java/lang/ClassNotFoundException'{0x0000000084a83e48}: org/gradle/internal/metaobject/ConfigureDelegateBeanInfo> (0x0000000084a83e48) 
thrown [s\src\hotspot\share\classfile\systemDictionary.cpp, line 256]
Event: 11.988 Thread 0x000001f11d5974f0 Exception <a 'java/lang/ClassNotFoundException'{0x0000000084a94c80}: org/gradle/internal/metaobject/ConfigureDelegateCustomizer> (0x0000000084a94c80) 
thrown [s\src\hotspot\share\classfile\systemDictionary.cpp, line 256]
Event: 12.084 Thread 0x000001f11d5974f0 Exception <a 'java/lang/ClassNotFoundException'{0x000000008499c2f0}: org/gradle/api/internal/initialization/DefaultScriptHandler_DecoratedBeanInfo> (0x000000008499c2f0) 
thrown [s\src\hotspot\share\classfile\systemDictionary.cpp, line 256]
Event: 12.086 Thread 0x000001f11d5974f0 Exception <a 'java/lang/ClassNotFoundException'{0x00000000849ae5f0}: org/gradle/api/internal/initialization/DefaultScriptHandlerBeanInfo> (0x00000000849ae5f0) 
thrown [s\src\hotspot\share\classfile\systemDictionary.cpp, line 256]
Event: 12.087 Thread 0x000001f11d5974f0 Exception <a 'java/lang/ClassNotFoundException'{0x00000000849c0618}: org/gradle/api/internal/initialization/DefaultScriptHandlerCustomizer> (0x00000000849c0618) 
thrown [s\src\hotspot\share\classfile\systemDictionary.cpp, line 256]
Event: 12.090 Thread 0x000001f11d5974f0 Exception <a 'java/lang/ClassNotFoundException'{0x00000000849dea80}: org/gradle/api/internal/initialization/DefaultScriptHandler_DecoratedCustomizer> (0x00000000849dea80) 
thrown [s\src\hotspot\share\classfile\systemDictionary.cpp, line 256]
Event: 12.241 Thread 0x000001f11d5974f0 Implicit null exception at 0x000001f0c934630f to 0x000001f0c9346884
Event: 12.285 Thread 0x000001f11d5974f0 Exception <a 'java/lang/NoSuchMethodError'{0x00000000844c0928}: 'java.lang.Object java.lang.invoke.DirectMethodHandle$Holder.newInvokeSpecial(java.lang.Object, java.lang.Object, int, int)'> (0x00000000844c0928) 
thrown [s\src\hotspot\share\interpreter\linkResolver.cpp, line 759]
Event: 12.336 Thread 0x000001f11d5974f0 Exception <a 'sun/nio/fs/WindowsException'{0x0000000084206988}> (0x0000000084206988) 
thrown [s\src\hotspot\share\prims\jni.cpp, line 516]
Event: 12.337 Thread 0x000001f11d5974f0 Exception <a 'sun/nio/fs/WindowsException'{0x0000000084208148}> (0x0000000084208148) 
thrown [s\src\hotspot\share\prims\jni.cpp, line 516]
Event: 12.338 Thread 0x000001f11d5974f0 Exception <a 'sun/nio/fs/WindowsException'{0x00000000842098b0}> (0x00000000842098b0) 
thrown [s\src\hotspot\share\prims\jni.cpp, line 516]
Event: 12.340 Thread 0x000001f11d5974f0 Exception <a 'sun/nio/fs/WindowsException'{0x000000008420b028}> (0x000000008420b028) 
thrown [s\src\hotspot\share\prims\jni.cpp, line 516]
Event: 12.386 Thread 0x000001f11d5974f0 Exception <a 'java/lang/NoSuchMethodError'{0x00000000841144f0}: 'java.lang.Object java.lang.invoke.Invokers$Holder.invoker(java.lang.Object, java.lang.Object, java.lang.Object, java.lang.Object, java.lang.Object, java.lang.Object)'> (0x00000000841144f0) 
thrown [s\src\hotspot\share\interpreter\linkResolver.cpp, line 759]
Event: 12.433 Thread 0x000001f11d5974f0 Exception <a 'java/lang/NoSuchMethodError'{0x000000008405c5e0}: 'java.lang.Object java.lang.invoke.DelegatingMethodHandle$Holder.reinvoke_L(java.lang.Object, java.lang.Object, java.lang.Object, java.lang.Object, java.lang.Object, java.lang.Object, java.lang.Object, java.lang.Object, java.lang.Object, java.lang.Object, java.lang.Object, java.lang.Object, java.lang.Object, java.lang.Object, java.lang.Object, java.lang.Object, java.lang.Object, java.lang.Object, java.lang.Object, java.lang.Object, java.lang.O
Event: 12.434 Thread 0x000001f11d5974f0 Exception <a 'java/lang/NoSuchMethodError'{0x0000000084068b90}: 'java.lang.Object java.lang.invoke.Invokers$Holder.invoker(java.lang.Object, java.lang.Object, java.lang.Object, java.lang.Object, java.lang.Object, java.lang.Object, java.lang.Object, java.lang.Object, java.lang.Object, java.lang.Object, java.lang.Object, java.lang.Object, java.lang.Object, java.lang.Object, java.lang.Object, java.lang.Object, java.lang.Object, java.lang.Object, java.lang.Object, java.lang.Object, java.lang.Object, java.lang.
Event: 12.434 Thread 0x000001f11d5974f0 Exception <a 'java/lang/NoSuchMethodError'{0x000000008406fa58}: 'java.lang.Object java.lang.invoke.DelegatingMethodHandle$Holder.delegate(java.lang.Object, java.lang.Object, java.lang.Object, java.lang.Object, java.lang.Object, java.lang.Object, java.lang.Object, java.lang.Object, java.lang.Object, java.lang.Object, java.lang.Object, java.lang.Object, java.lang.Object, java.lang.Object, java.lang.Object, java.lang.Object, java.lang.Object, java.lang.Object, java.lang.Object, java.lang.Object, java.lang.Obj
Event: 12.455 Thread 0x000001f11d5974f0 Exception <a 'java/lang/NoSuchMethodError'{0x0000000083f40560}: 'java.lang.Object java.lang.invoke.DirectMethodHandle$Holder.invokeStatic(java.lang.Object, java.lang.Object, java.lang.Object, java.lang.Object, java.lang.Object, java.lang.Object, java.lang.Object, java.lang.Object, java.lang.Object, java.lang.Object, java.lang.Object, java.lang.Object, java.lang.Object, java.lang.Object, java.lang.Object, java.lang.Object, java.lang.Object, java.lang.Object, java.lang.Object, java.lang.Object, java.lang.Obj
Event: 12.459 Thread 0x000001f11d5974f0 Exception <a 'java/lang/NoSuchMethodError'{0x0000000083f74cd0}: 'java.lang.Object java.lang.invoke.DirectMethodHandle$Holder.invokeStatic(java.lang.Object, java.lang.Object, java.lang.Object, java.lang.Object, java.lang.Object, java.lang.Object, java.lang.Object, java.lang.Object, java.lang.Object, java.lang.Object, java.lang.Object, java.lang.Object, java.lang.Object, java.lang.Object, java.lang.Object, java.lang.Object, java.lang.Object, java.lang.Object, java.lang.Object, java.lang.Object, java.lang.Obj
Event: 12.467 Thread 0x000001f11d5974f0 Exception <a 'java/lang/NoSuchMethodError'{0x0000000083fab070}: 'java.lang.Object java.lang.invoke.DirectMethodHandle$Holder.invokeStatic(java.lang.Object, java.lang.Object, java.lang.Object, java.lang.Object, java.lang.Object, java.lang.Object, java.lang.Object, java.lang.Object, java.lang.Object, java.lang.Object, java.lang.Object, java.lang.Object, java.lang.Object, java.lang.Object, java.lang.Object, java.lang.Object, java.lang.Object, java.lang.Object, java.lang.Object, java.lang.Object, java.lang.Obj

VM Operations (20 events):
Event: 10.811 Executing VM operation: HandshakeAllThreads done
Event: 10.962 Executing VM operation: HandshakeAllThreads
Event: 10.963 Executing VM operation: HandshakeAllThreads done
Event: 11.132 Executing VM operation: G1CollectForAllocation
Event: 11.142 Executing VM operation: G1CollectForAllocation done
Event: 11.657 Executing VM operation: ICBufferFull
Event: 11.658 Executing VM operation: ICBufferFull done
Event: 11.937 Executing VM operation: CollectForMetadataAllocation
Event: 11.945 Executing VM operation: CollectForMetadataAllocation done
Event: 12.023 Executing VM operation: G1PauseRemark
Event: 12.029 Executing VM operation: G1PauseRemark done
Event: 12.066 Executing VM operation: G1PauseCleanup
Event: 12.066 Executing VM operation: G1PauseCleanup done
Event: 12.245 Executing VM operation: HandshakeAllThreads
Event: 12.245 Executing VM operation: HandshakeAllThreads done
Event: 12.771 Executing VM operation: G1CollectForAllocation
Event: 12.779 Executing VM operation: G1CollectForAllocation done
Event: 12.785 Executing VM operation: G1CollectForAllocation
Event: 12.791 Executing VM operation: G1CollectForAllocation done
Event: 13.188 Executing VM operation: G1CollectForAllocation

Memory protections (0 events):
No events

Nmethod flushes (0 events):
No events

Events (20 events):
Event: 4.575 Thread 0x000001f11d59aca0 Thread added: 0x000001f11d5974f0
Event: 4.592 Thread 0x000001f11d5974f0 Thread added: 0x000001f11d598420
Event: 4.597 Thread 0x000001f11d5974f0 Thread added: 0x000001f11d599350
Event: 4.615 Thread 0x000001f11d5974f0 Thread added: 0x000001f11d599860
Event: 5.245 Thread 0x000001f11d5974f0 Thread added: 0x000001f11d599d70
Event: 5.263 Thread 0x000001f11d5974f0 Thread added: 0x000001f11d59a280
Event: 5.346 Thread 0x000001f11d5974f0 Thread added: 0x000001f11d59a790
Event: 7.377 Thread 0x000001f0d78a3830 Thread added: 0x000001f11f401440
Event: 7.464 Thread 0x000001f11d5974f0 Thread added: 0x000001f11d597f10
Event: 7.503 Thread 0x000001f11d5974f0 Thread added: 0x000001f120706b90
Event: 8.013 Thread 0x000001f11d5974f0 Thread added: 0x000001f120702ed0
Event: 8.029 Thread 0x000001f11d5974f0 Thread added: 0x000001f1207033e0
Event: 8.264 Thread 0x000001f11d5974f0 Thread added: 0x000001f120707ac0
Event: 8.264 Thread 0x000001f11d5974f0 Thread added: 0x000001f120706170
Event: 8.264 Thread 0x000001f11d5974f0 Thread added: 0x000001f1207075b0
Event: 9.170 Thread 0x000001f11f401440 Thread exited: 0x000001f11f401440
Event: 9.550 Thread 0x000001f0d78a3830 Thread added: 0x000001f120752580
Event: 9.595 Thread 0x000001f11d5974f0 Thread added: 0x000001f1207070a0
Event: 11.281 Thread 0x000001f11d5974f0 Thread added: 0x000001f120703e00
Event: 11.334 Thread 0x000001f11d5974f0 Thread added: 0x000001f1207084e0


Dynamic libraries:
0x00007ff65a970000 - 0x00007ff65a97e000 	C:\Program Files\Eclipse Adoptium\jdk-17.0.15.6-hotspot\bin\java.exe
0x00007ff927fd0000 - 0x00007ff9281e7000 	C:\Windows\SYSTEM32\ntdll.dll
0x00007ff926360000 - 0x00007ff926424000 	C:\Windows\System32\KERNEL32.DLL
0x00007ff925570000 - 0x00007ff925927000 	C:\Windows\System32\KERNELBASE.dll
0x00007ff925be0000 - 0x00007ff925cf1000 	C:\Windows\System32\ucrtbase.dll
0x00007ff912e10000 - 0x00007ff912e27000 	C:\Program Files\Eclipse Adoptium\jdk-17.0.15.6-hotspot\bin\jli.dll
0x00007ff912db0000 - 0x00007ff912dce000 	C:\Program Files\Eclipse Adoptium\jdk-17.0.15.6-hotspot\bin\VCRUNTIME140.dll
0x00007ff926080000 - 0x00007ff92622f000 	C:\Windows\System32\USER32.dll
0x00007ff925b40000 - 0x00007ff925b66000 	C:\Windows\System32\win32u.dll
0x00007ff9271b0000 - 0x00007ff9271d9000 	C:\Windows\System32\GDI32.dll
0x00007ff90f5c0000 - 0x00007ff90f853000 	C:\Windows\WinSxS\amd64_microsoft.windows.common-controls_6595b64144ccf1df_6.0.22621.3672_none_2713b9d173822955\COMCTL32.dll
0x00007ff925450000 - 0x00007ff925568000 	C:\Windows\System32\gdi32full.dll
0x00007ff925aa0000 - 0x00007ff925b3a000 	C:\Windows\System32\msvcp_win.dll
0x00007ff926690000 - 0x00007ff926737000 	C:\Windows\System32\msvcrt.dll
0x00007ff927160000 - 0x00007ff927191000 	C:\Windows\System32\IMM32.DLL
0x00007ff921770000 - 0x00007ff92177c000 	C:\Program Files\Eclipse Adoptium\jdk-17.0.15.6-hotspot\bin\vcruntime140_1.dll
0x00007ff8dd710000 - 0x00007ff8dd79d000 	C:\Program Files\Eclipse Adoptium\jdk-17.0.15.6-hotspot\bin\msvcp140.dll
0x00007ff8ce070000 - 0x00007ff8cecdb000 	C:\Program Files\Eclipse Adoptium\jdk-17.0.15.6-hotspot\bin\server\jvm.dll
0x00007ff9264b0000 - 0x00007ff926562000 	C:\Windows\System32\ADVAPI32.dll
0x00007ff927820000 - 0x00007ff9278c8000 	C:\Windows\System32\sechost.dll
0x00007ff9259f0000 - 0x00007ff925a18000 	C:\Windows\System32\bcrypt.dll
0x00007ff926fb0000 - 0x00007ff9270c4000 	C:\Windows\System32\RPCRT4.dll
0x00007ff927f10000 - 0x00007ff927f81000 	C:\Windows\System32\WS2_32.dll
0x00007ff9215b0000 - 0x00007ff9215e4000 	C:\Windows\SYSTEM32\WINMM.dll
0x00007ff921150000 - 0x00007ff92115a000 	C:\Windows\SYSTEM32\VERSION.dll
0x00007ff924150000 - 0x00007ff92419d000 	C:\Windows\SYSTEM32\POWRPROF.dll
0x00007ff924130000 - 0x00007ff924143000 	C:\Windows\SYSTEM32\UMPDC.dll
0x00007ff924380000 - 0x00007ff924398000 	C:\Windows\SYSTEM32\kernel.appcore.dll
0x00007ff913140000 - 0x00007ff91314a000 	C:\Program Files\Eclipse Adoptium\jdk-17.0.15.6-hotspot\bin\jimage.dll
0x00007ff90fcc0000 - 0x00007ff90fef2000 	C:\Windows\SYSTEM32\DBGHELP.DLL
0x00007ff9271e0000 - 0x00007ff92756e000 	C:\Windows\System32\combase.dll
0x00007ff926570000 - 0x00007ff926647000 	C:\Windows\System32\OLEAUT32.dll
0x00007ff914060000 - 0x00007ff914092000 	C:\Windows\SYSTEM32\dbgcore.DLL
0x00007ff925a20000 - 0x00007ff925a9b000 	C:\Windows\System32\bcryptPrimitives.dll
0x00007ff912e00000 - 0x00007ff912e0e000 	C:\Program Files\Eclipse Adoptium\jdk-17.0.15.6-hotspot\bin\instrument.dll
0x00007ff912d80000 - 0x00007ff912da5000 	C:\Program Files\Eclipse Adoptium\jdk-17.0.15.6-hotspot\bin\java.dll
0x00007ff8dd630000 - 0x00007ff8dd707000 	C:\Program Files\Eclipse Adoptium\jdk-17.0.15.6-hotspot\bin\jsvml.dll
0x00007ff926740000 - 0x00007ff926fa9000 	C:\Windows\System32\SHELL32.dll
0x00007ff923210000 - 0x00007ff923b0f000 	C:\Windows\SYSTEM32\windows.storage.dll
0x00007ff9230d0000 - 0x00007ff92320f000 	C:\Windows\SYSTEM32\wintypes.dll
0x00007ff925ec0000 - 0x00007ff925fb9000 	C:\Windows\System32\SHCORE.dll
0x00007ff9262b0000 - 0x00007ff92630e000 	C:\Windows\System32\shlwapi.dll
0x00007ff925210000 - 0x00007ff925237000 	C:\Windows\SYSTEM32\profapi.dll
0x00007ff911ec0000 - 0x00007ff911ed8000 	C:\Program Files\Eclipse Adoptium\jdk-17.0.15.6-hotspot\bin\zip.dll
0x00007ff9098c0000 - 0x00007ff9098d9000 	C:\Program Files\Eclipse Adoptium\jdk-17.0.15.6-hotspot\bin\net.dll
0x00007ff920a00000 - 0x00007ff920b36000 	C:\Windows\SYSTEM32\WINHTTP.dll
0x00007ff924840000 - 0x00007ff9248a9000 	C:\Windows\system32\mswsock.dll
0x00007ff9098a0000 - 0x00007ff9098b6000 	C:\Program Files\Eclipse Adoptium\jdk-17.0.15.6-hotspot\bin\nio.dll
0x00007ff911eb0000 - 0x00007ff911ec0000 	C:\Program Files\Eclipse Adoptium\jdk-17.0.15.6-hotspot\bin\verify.dll
0x00007ff912bd0000 - 0x00007ff912bf7000 	C:\Users\hafid\.gradle\native\1def1411415f61bf3af743bc5b6707747c0891f09f0c88961ee8f79bc544acac\windows-amd64\native-platform.dll
0x00007ff901530000 - 0x00007ff9015a8000 	C:\Users\hafid\.gradle\native\0.2.7\x86_64-windows-gnu\gradle-fileevents.dll
0x00007ff912cb0000 - 0x00007ff912cba000 	C:\Program Files\Eclipse Adoptium\jdk-17.0.15.6-hotspot\bin\management.dll
0x00007ff909960000 - 0x00007ff90996b000 	C:\Program Files\Eclipse Adoptium\jdk-17.0.15.6-hotspot\bin\management_ext.dll
0x00007ff926070000 - 0x00007ff926078000 	C:\Windows\System32\PSAPI.DLL
0x00007ff923de0000 - 0x00007ff923e0d000 	C:\Windows\SYSTEM32\IPHLPAPI.DLL
0x00007ff9271a0000 - 0x00007ff9271a9000 	C:\Windows\System32\NSI.dll
0x00007ff920bf0000 - 0x00007ff920c09000 	C:\Windows\SYSTEM32\dhcpcsvc6.DLL
0x00007ff91ff30000 - 0x00007ff91ff4f000 	C:\Windows\SYSTEM32\dhcpcsvc.DLL
0x00007ff923e50000 - 0x00007ff923f52000 	C:\Windows\SYSTEM32\DNSAPI.dll
0x00007ff909800000 - 0x00007ff909809000 	C:\Program Files\Eclipse Adoptium\jdk-17.0.15.6-hotspot\bin\extnet.dll
0x00007ff924b90000 - 0x00007ff924bab000 	C:\Windows\SYSTEM32\CRYPTSP.dll
0x00007ff924340000 - 0x00007ff924375000 	C:\Windows\system32\rsaenh.dll
0x00007ff9248e0000 - 0x00007ff924908000 	C:\Windows\SYSTEM32\USERENV.dll
0x00007ff924b70000 - 0x00007ff924b7c000 	C:\Windows\SYSTEM32\CRYPTBASE.dll
0x00007ff908d50000 - 0x00007ff908d5e000 	C:\Program Files\Eclipse Adoptium\jdk-17.0.15.6-hotspot\bin\sunmscapi.dll
0x00007ff9252e0000 - 0x00007ff925446000 	C:\Windows\System32\CRYPT32.dll
0x00007ff924ca0000 - 0x00007ff924ccd000 	C:\Windows\SYSTEM32\ncrypt.dll
0x00007ff924c60000 - 0x00007ff924c97000 	C:\Windows\SYSTEM32\NTASN1.dll
0x00007ff8adc60000 - 0x00007ff8adc68000 	C:\Windows\system32\wshunix.dll

dbghelp: loaded successfully - version: 4.0.5 - missing functions: none
symbol engine: initialized successfully - sym options: 0x614 - pdb path: .;C:\Program Files\Eclipse Adoptium\jdk-17.0.15.6-hotspot\bin;C:\Windows\SYSTEM32;C:\Windows\WinSxS\amd64_microsoft.windows.common-controls_6595b64144ccf1df_6.0.22621.3672_none_2713b9d173822955;C:\Program Files\Eclipse Adoptium\jdk-17.0.15.6-hotspot\bin\server;C:\Users\hafid\.gradle\native\1def1411415f61bf3af743bc5b6707747c0891f09f0c88961ee8f79bc544acac\windows-amd64;C:\Users\hafid\.gradle\native\0.2.7\x86_64-windows-gnu

VM Arguments:
jvm_args: --add-opens=java.base/java.lang=ALL-UNNAMED --add-opens=java.base/java.lang.invoke=ALL-UNNAMED --add-opens=java.base/java.util=ALL-UNNAMED --add-opens=java.prefs/java.util.prefs=ALL-UNNAMED --add-exports=jdk.compiler/com.sun.tools.javac.api=ALL-UNNAMED --add-exports=jdk.compiler/com.sun.tools.javac.util=ALL-UNNAMED --add-opens=java.base/java.util=ALL-UNNAMED --add-opens=java.prefs/java.util.prefs=ALL-UNNAMED --add-opens=java.base/java.nio.charset=ALL-UNNAMED --add-opens=java.base/java.net=ALL-UNNAMED --add-opens=java.base/java.util.concurrent.atomic=ALL-UNNAMED --add-opens=java.xml/javax.xml.namespace=ALL-UNNAMED -Xmx2048m -Dfile.encoding=UTF-8 -Duser.country=ID -Duser.language=en -Duser.variant -javaagent:C:\Users\hafid\.gradle\wrapper\dists\gradle-8.13-bin\5xuhj0ry160q40clulazy9h7d\gradle-8.13\lib\agents\gradle-instrumentation-agent-8.13.jar 
java_command: org.gradle.launcher.daemon.bootstrap.GradleDaemon 8.13
java_class_path (initial): C:\Users\hafid\.gradle\wrapper\dists\gradle-8.13-bin\5xuhj0ry160q40clulazy9h7d\gradle-8.13\lib\gradle-daemon-main-8.13.jar
Launcher Type: SUN_STANDARD

[Global flags]
     intx CICompilerCount                          = 3                                         {product} {ergonomic}
     uint ConcGCThreads                            = 1                                         {product} {ergonomic}
     uint G1ConcRefinementThreads                  = 4                                         {product} {ergonomic}
   size_t G1HeapRegionSize                         = 1048576                                   {product} {ergonomic}
    uintx GCDrainStackTargetSize                   = 64                                        {product} {ergonomic}
   size_t InitialHeapSize                          = 65011712                                  {product} {ergonomic}
   size_t MarkStackSize                            = 4194304                                   {product} {ergonomic}
   size_t MaxHeapSize                              = 2147483648                                {product} {command line}
   size_t MaxNewSize                               = 1287651328                                {product} {ergonomic}
   size_t MinHeapDeltaBytes                        = 1048576                                   {product} {ergonomic}
   size_t MinHeapSize                              = 8388608                                   {product} {ergonomic}
    uintx NonNMethodCodeHeapSize                   = 5832780                                {pd product} {ergonomic}
    uintx NonProfiledCodeHeapSize                  = 122912730                              {pd product} {ergonomic}
    uintx ProfiledCodeHeapSize                     = 122912730                              {pd product} {ergonomic}
    uintx ReservedCodeCacheSize                    = 251658240                              {pd product} {ergonomic}
     bool SegmentedCodeCache                       = true                                      {product} {ergonomic}
   size_t SoftMaxHeapSize                          = 2147483648                             {manageable} {ergonomic}
     bool UseCompressedClassPointers               = true                           {product lp64_product} {ergonomic}
     bool UseCompressedOops                        = true                           {product lp64_product} {ergonomic}
     bool UseG1GC                                  = true                                      {product} {ergonomic}
     bool UseLargePagesIndividualAllocation        = false                                  {pd product} {ergonomic}

Logging:
Log output configuration:
 #0: stdout all=warning uptime,level,tags
 #1: stderr all=off uptime,level,tags

Environment Variables:
JAVA_HOME=C:\Program Files\Eclipse Adoptium\jdk-17.0.15.6-hotspot
PATH=C:\Program Files\Eclipse Adoptium\jdk-17.0.15.6-hotspot\bin;C:\Program Files\Eclipse Adoptium\jdk-17.0.15.6-hotspot\bin;C:\Program Files\Common Files\Oracle\Java\javapath;C:\ProgramData\Oracle\Java\javapath;C:\Windows\system32;C:\Windows;C:\Windows\System32\Wbem;C:\Windows\System32\WindowsPowerShell\v1.0\;C:\Windows\System32\OpenSSH\;C:\Program Files (x86)\NVIDIA Corporation\PhysX\Common;C:\Windows\System32;C:\Users\Git\cmd;C:\Program Files\Docker\Docker\resources\bin;C:\Program Files\MongoDB\Server\8.0\bin;C:\xampp\php;C:\ProgramData\ComposerSetup\bin;C:\flutter\bin;C:\Users\hafid\AppData\Local\Android\sdk\platform-tools;C:\Program Files\nodejs\;C:\kotlinc\bin;C:\Users\hafid\AppData\Local\Programs\Python\Python310\Scripts\;C:\Users\hafid\AppData\Local\Programs\Python\Python310\;C:\Users\hafid\AppData\Local\Microsoft\WindowsApps;C:\Users\hafid\AppData\Local\Programs\Microsoft VS Code\bin;C:\Users\hafid\AppData\Roaming\Composer\vendor\bin;C:\Users\hafid\AppData\Roaming\npm;C:\Users\hafid\AppData\Local\Google\Cloud SDK\google-cloud-sdk\bin;D:\cursor\resources\app\bin;C:\Users\hafid\AppData\Local\Programs\Windsurf\bin;C:\Users\hafid\AppData\Local\Programs\Antigravity\bin
USERNAME=hafid
OS=Windows_NT
PROCESSOR_IDENTIFIER=Intel64 Family 6 Model 142 Stepping 9, GenuineIntel
TMP=C:\Users\hafid\AppData\Local\Temp
TEMP=C:\Users\hafid\AppData\Local\Temp



Periodic native trim disabled


---------------  S Y S T E M  ---------------

OS:
 Windows 11 , 64 bit Build 22621 (10.0.22621.3958)
OS uptime: 0 days 2:15 hours
Hyper-V role detected

CPU: total 4 (initial active 4) (2 cores per cpu, 2 threads per core) family 6 model 142 stepping 9 microcode 0xde, cx8, cmov, fxsr, ht, mmx, 3dnowpref, sse, sse2, sse3, ssse3, sse4.1, sse4.2, popcnt, lzcnt, tsc, tscinvbit, avx, avx2, aes, erms, clmul, bmi1, bmi2, adx, fma, vzeroupper, clflush, clflushopt, hv
Processor Information for all 4 processors :
  Max Mhz: 2712, Current Mhz: 2511, Mhz Limit: 2495

Memory: 4k page, system-wide physical 3964M (433M free)
TotalPageFile size 16252M (AvailPageFile size 79M)
current process WorkingSet (physical memory assigned to process): 241M, peak: 248M
current process commit charge ("private bytes"): 270M, peak: 370M

vm_info: OpenJDK 64-Bit Server VM (17.0.15+6) for windows-amd64 JRE (17.0.15+6), built on Apr 15 2025 21:25:47 by "admin" with MS VC++ 17.7 (VS2022)

END.
