#
# There is insufficient memory for the Java Runtime Environment to continue.
# Native memory allocation (malloc) failed to allocate 1048576 bytes. Error detail: AllocateHeap
# Possible reasons:
#   The system is out of physical RAM or swap space
#   This process is running with CompressedOops enabled, and the Java Heap may be blocking the growth of the native heap
# Possible solutions:
#   Reduce memory load on the system
#   Increase physical memory or swap space
#   Check if swap backing store is full
#   Decrease Java heap size (-Xmx/-Xms)
#   Decrease number of Java threads
#   Decrease Java thread stack sizes (-Xss)
#   Set larger code cache with -XX:ReservedCodeCacheSize=
#   JVM is running with Unscaled Compressed Oops mode in which the Java heap is
#     placed in the first 4GB address space. The Java Heap base address is the
#     maximum limit for the native heap growth. Please use -XX:HeapBaseMinAddress
#     to set the Java Heap base and to place the Java Heap above 4GB virtual address.
# This output file may be truncated or incomplete.
#
#  Out of Memory Error (allocation.cpp:44), pid=828, tid=6376
#
# JRE version: OpenJDK Runtime Environment Temurin-21.0.9+10 (21.0.9+10) (build 21.0.9+10-LTS)
# Java VM: OpenJDK 64-Bit Server VM Temurin-21.0.9+10 (21.0.9+10-LTS, mixed mode, sharing, tiered, compressed oops, compressed class ptrs, parallel gc, windows-amd64)
# No core dump will be written. Minidumps are not enabled by default on client versions of Windows
#

---------------  S U M M A R Y ------------

Command Line: --add-modules=ALL-SYSTEM --add-opens=java.base/java.util=ALL-UNNAMED --add-opens=java.base/java.lang=ALL-UNNAMED --add-opens=java.base/sun.nio.fs=ALL-UNNAMED -Declipse.application=org.eclipse.jdt.ls.core.id1 -Dosgi.bundles.defaultStartLevel=4 -Declipse.product=org.eclipse.jdt.ls.core.product -Djava.import.generatesMetadataFilesAtProjectRoot=false -DDetectVMInstallationsJob.disabled=true -Dfile.encoding=utf8 -XX:+UseParallelGC -XX:GCTimeRatio=4 -XX:AdaptiveSizePolicyWeight=90 -Dsun.zip.disableMemoryMapping=true -Xmx2G -Xms100m -Xlog:disable -javaagent:c:\Users\hafid\.vscode\extensions\redhat.java-1.50.0-win32-x64\lombok\lombok-1.18.39-4050.jar -XX:+HeapDumpOnOutOfMemoryError -XX:HeapDumpPath=c:\Users\hafid\AppData\Roaming\Code\User\workspaceStorage\271670c6d88b3c30270340dfd9cafa37\redhat.java -Daether.dependencyCollector.impl=bf c:\Users\hafid\.vscode\extensions\redhat.java-1.50.0-win32-x64\server\plugins\org.eclipse.equinox.launcher_1.7.100.v20251111-0406.jar -configuration c:\Users\hafid\AppData\Roaming\Code\User\globalStorage\redhat.java\1.50.0\config_win -data c:\Users\hafid\AppData\Roaming\Code\User\workspaceStorage\271670c6d88b3c30270340dfd9cafa37\redhat.java\jdt_ws --pipe=\\.\pipe\lsp-cea86f26f3d8b21c8afcdedd319cb960-sock

Host: Intel(R) Core(TM) i5-7200U CPU @ 2.50GHz, 4 cores, 3G,  Windows 11 , 64 bit Build 22621 (10.0.22621.3958)
Time: Mon Dec  1 14:50:22 2025 SE Asia Standard Time elapsed time: 1259.056697 seconds (0d 0h 20m 59s)

---------------  T H R E A D  ---------------

Current thread (0x000002b52e24e060):  JavaThread "Attach Listener" daemon [_thread_in_vm, id=6376, stack(0x000000cef1b00000,0x000000cef1c00000) (1024K)]

Stack: [0x000000cef1b00000,0x000000cef1c00000]
Native frames: (J=compiled Java code, j=interpreted, Vv=VM code, C=native code)
V  [jvm.dll+0x6d6e29]
V  [jvm.dll+0x8b4b76]
V  [jvm.dll+0x8b712e]
V  [jvm.dll+0x8b7813]
V  [jvm.dll+0x283d86]
V  [jvm.dll+0xc1277]
V  [jvm.dll+0x6d76d9]
V  [jvm.dll+0x133466]
V  [jvm.dll+0x3f7ea6]
V  [jvm.dll+0x85e9ad]
V  [jvm.dll+0x6d565d]
C  [ucrtbase.dll+0x29333]
C  [KERNEL32.DLL+0x1257d]
C  [ntdll.dll+0x5af08]


---------------  P R O C E S S  ---------------

Threads class SMR info:
_java_thread_list=0x000002b577224bc0, length=31, elements={
0x000002b51785aae0, 0x000002b52e2485a0, 0x000002b52e24b240, 0x000002b52e24d150,
0x000002b52e24e060, 0x000002b52e24ef70, 0x000002b52e250bd0, 0x000002b52e253a10,
0x000002b52e2c4fd0, 0x000002b5740dfd90, 0x000002b5742792c0, 0x000002b5745dcd30,
0x000002b57457c350, 0x000002b574810210, 0x000002b5742477e0, 0x000002b57510d010,
0x000002b5743434c0, 0x000002b57486d9d0, 0x000002b57486e060, 0x000002b57486bf90,
0x000002b57486ccb0, 0x000002b57486e6f0, 0x000002b52e29b880, 0x000002b52e29f390,
0x000002b52e29ed00, 0x000002b52e29cc30, 0x000002b52e29a4d0, 0x000002b52e29bf10,
0x000002b52e29c5a0, 0x000002b52e2a1af0, 0x000002b52e29b1f0
}

Java Threads: ( => current thread )
  0x000002b51785aae0 JavaThread "main"                              [_thread_blocked, id=8960, stack(0x000000cef1400000,0x000000cef1500000) (1024K)]
  0x000002b52e2485a0 JavaThread "Reference Handler"          daemon [_thread_blocked, id=14208, stack(0x000000cef1800000,0x000000cef1900000) (1024K)]
  0x000002b52e24b240 JavaThread "Finalizer"                  daemon [_thread_blocked, id=9384, stack(0x000000cef1900000,0x000000cef1a00000) (1024K)]
  0x000002b52e24d150 JavaThread "Signal Dispatcher"          daemon [_thread_blocked, id=6248, stack(0x000000cef1a00000,0x000000cef1b00000) (1024K)]
=>0x000002b52e24e060 JavaThread "Attach Listener"            daemon [_thread_in_vm, id=6376, stack(0x000000cef1b00000,0x000000cef1c00000) (1024K)]
  0x000002b52e24ef70 JavaThread "Service Thread"             daemon [_thread_blocked, id=14580, stack(0x000000cef1c00000,0x000000cef1d00000) (1024K)]
  0x000002b52e250bd0 JavaThread "Monitor Deflation Thread"   daemon [_thread_blocked, id=5380, stack(0x000000cef1d00000,0x000000cef1e00000) (1024K)]
  0x000002b52e253a10 JavaThread "C2 CompilerThread0"         daemon [_thread_blocked, id=4648, stack(0x000000cef1e00000,0x000000cef1f00000) (1024K)]
  0x000002b52e2c4fd0 JavaThread "C1 CompilerThread0"         daemon [_thread_blocked, id=13992, stack(0x000000cef1f00000,0x000000cef2000000) (1024K)]
  0x000002b5740dfd90 JavaThread "Common-Cleaner"             daemon [_thread_blocked, id=3664, stack(0x000000cef2000000,0x000000cef2100000) (1024K)]
  0x000002b5742792c0 JavaThread "Notification Thread"        daemon [_thread_blocked, id=15280, stack(0x000000cef2100000,0x000000cef2200000) (1024K)]
  0x000002b5745dcd30 JavaThread "Active Thread: Equinox Container: abf24ec6-a49e-44c4-8e96-e727f09a9049"        [_thread_blocked, id=9188, stack(0x000000cef2500000,0x000000cef2600000) (1024K)]
  0x000002b57457c350 JavaThread "Refresh Thread: Equinox Container: abf24ec6-a49e-44c4-8e96-e727f09a9049" daemon [_thread_blocked, id=5404, stack(0x000000cef2600000,0x000000cef2700000) (1024K)]
  0x000002b574810210 JavaThread "Framework Event Dispatcher: Equinox Container: abf24ec6-a49e-44c4-8e96-e727f09a9049" daemon [_thread_blocked, id=6868, stack(0x000000cef2700000,0x000000cef2800000) (1024K)]
  0x000002b5742477e0 JavaThread "Start Level: Equinox Container: abf24ec6-a49e-44c4-8e96-e727f09a9049" daemon [_thread_blocked, id=14924, stack(0x000000cef2800000,0x000000cef2900000) (1024K)]
  0x000002b57510d010 JavaThread "Bundle File Closer"         daemon [_thread_blocked, id=13452, stack(0x000000cef2900000,0x000000cef2a00000) (1024K)]
  0x000002b5743434c0 JavaThread "SCR Component Actor"        daemon [_thread_blocked, id=10388, stack(0x000000cef1200000,0x000000cef1300000) (1024K)]
  0x000002b57486d9d0 JavaThread "Worker-JM"                         [_thread_blocked, id=12472, stack(0x000000cef1300000,0x000000cef1400000) (1024K)]
  0x000002b57486e060 JavaThread "JNA Cleaner"                daemon [_thread_blocked, id=13320, stack(0x000000cef2c00000,0x000000cef2d00000) (1024K)]
  0x000002b57486bf90 JavaThread "Worker-1"                          [_thread_blocked, id=14512, stack(0x000000cef2e00000,0x000000cef2f00000) (1024K)]
  0x000002b57486ccb0 JavaThread "Worker-3"                          [_thread_blocked, id=6584, stack(0x000000cef3000000,0x000000cef3100000) (1024K)]
  0x000002b57486e6f0 JavaThread "Java indexing"              daemon [_thread_blocked, id=7112, stack(0x000000cef3100000,0x000000cef3200000) (1024K)]
  0x000002b52e29b880 JavaThread "Thread-1"                   daemon [_thread_in_native, id=15120, stack(0x000000cef3400000,0x000000cef3500000) (1024K)]
  0x000002b52e29f390 JavaThread "Thread-2"                   daemon [_thread_in_native, id=3800, stack(0x000000cef3500000,0x000000cef3600000) (1024K)]
  0x000002b52e29ed00 JavaThread "Thread-3"                   daemon [_thread_in_native, id=7080, stack(0x000000cef3600000,0x000000cef3700000) (1024K)]
  0x000002b52e29cc30 JavaThread "Thread-4"                   daemon [_thread_in_native, id=12028, stack(0x000000cef3700000,0x000000cef3800000) (1024K)]
  0x000002b52e29a4d0 JavaThread "Thread-5"                   daemon [_thread_in_native, id=11624, stack(0x000000cef3800000,0x000000cef3900000) (1024K)]
  0x000002b52e29bf10 JavaThread "pool-2-thread-1"                   [_thread_blocked, id=14696, stack(0x000000cef3900000,0x000000cef3a00000) (1024K)]
  0x000002b52e29c5a0 JavaThread "WorkspaceEventsHandler"            [_thread_blocked, id=13288, stack(0x000000cef3a00000,0x000000cef3b00000) (1024K)]
  0x000002b52e2a1af0 JavaThread "pool-1-thread-1"                   [_thread_blocked, id=11664, stack(0x000000cef3b00000,0x000000cef3c00000) (1024K)]
  0x000002b52e29b1f0 JavaThread "Timer-0"                           [_thread_blocked, id=13188, stack(0x000000cef2a00000,0x000000cef2b00000) (1024K)]
Total: 31

Other Threads:
  0x000002b51791b570 VMThread "VM Thread"                           [id=2480, stack(0x000000cef1700000,0x000000cef1800000) (1024K)]
  0x000002b52e1ecc40 WatcherThread "VM Periodic Task Thread"        [id=10352, stack(0x000000cef1600000,0x000000cef1700000) (1024K)]
  0x000002b517879f40 WorkerThread "GC Thread#0"                     [id=2176, stack(0x000000cef1500000,0x000000cef1600000) (1024K)]
  0x000002b5747d00b0 WorkerThread "GC Thread#1"                     [id=12716, stack(0x000000cef2200000,0x000000cef2300000) (1024K)]
  0x000002b5746482e0 WorkerThread "GC Thread#2"                     [id=3452, stack(0x000000cef2300000,0x000000cef2400000) (1024K)]
  0x000002b5747d0850 WorkerThread "GC Thread#3"                     [id=9568, stack(0x000000cef2400000,0x000000cef2500000) (1024K)]
Total: 6

Threads with active compile tasks:
Total: 0

VM state: not at safepoint (normal execution)

VM Mutex/Monitor currently owned by a thread: None

Heap address: 0x0000000080000000, size: 2048 MB, Compressed Oops mode: 32-bit

CDS archive(s) mapped at: [0x000002b52f000000-0x000002b52fba0000-0x000002b52fba0000), size 12189696, SharedBaseAddress: 0x000002b52f000000, ArchiveRelocationMode: 1.
Compressed class space mapped at: 0x000002b530000000-0x000002b570000000, reserved size: 1073741824
Narrow klass base: 0x000002b52f000000, Narrow klass shift: 0, Narrow klass range: 0x100000000

GC Precious Log:
 CardTable entry size: 512
 CPUs: 4 total, 4 available
 Memory: 3964M
 Large Page Support: Disabled
 NUMA Support: Disabled
 Compressed Oops: Enabled (32-bit)
 Alignments: Space 512K, Generation 512K, Heap 2M
 Heap Min Capacity: 100M
 Heap Initial Capacity: 100M
 Heap Max Capacity: 2G
 Pre-touch: Disabled
 Parallel Workers: 4

Heap:
 PSYoungGen      total 14848K, used 13113K [0x00000000d5580000, 0x00000000d6500000, 0x0000000100000000)
  eden space 13824K, 90% used [0x00000000d5580000,0x00000000d61b6608,0x00000000d6300000)
  from space 1024K, 59% used [0x00000000d6300000,0x00000000d6398020,0x00000000d6400000)
  to   space 1024K, 0% used [0x00000000d6400000,0x00000000d6400000,0x00000000d6500000)
 ParOldGen       total 68608K, used 53819K [0x0000000080000000, 0x0000000084300000, 0x00000000d5580000)
  object space 68608K, 78% used [0x0000000080000000,0x000000008348ef58,0x0000000084300000)
 Metaspace       used 62382K, committed 63744K, reserved 1114112K
  class space    used 7311K, committed 7936K, reserved 1048576K

Card table byte_map: [0x000002b517200000,0x000002b517610000] _byte_map_base: 0x000002b516e00000

Marking Bits: (ParMarkBitMap*) 0x00007ff8db5c2460
 Begin Bits: [0x000002b529d10000, 0x000002b52bd10000)
 End Bits:   [0x000002b52bd10000, 0x000002b52dd10000)

Polling page: 0x000002b515720000

Metaspace:

Usage:
  Non-class:     53.78 MB used.
      Class:      7.14 MB used.
       Both:     60.92 MB used.

Virtual space:
  Non-class space:       64.00 MB reserved,      54.50 MB ( 85%) committed,  1 nodes.
      Class space:        1.00 GB reserved,       7.75 MB ( <1%) committed,  1 nodes.
             Both:        1.06 GB reserved,      62.25 MB (  6%) committed. 

Chunk freelists:
   Non-Class:  9.41 MB
       Class:  8.06 MB
        Both:  17.47 MB

MaxMetaspaceSize: unlimited
CompressedClassSpaceSize: 1.00 GB
Initial GC threshold: 21.00 MB
Current GC threshold: 97.31 MB
CDS: on
 - commit_granule_bytes: 65536.
 - commit_granule_words: 8192.
 - virtual_space_node_default_size: 8388608.
 - enlarge_chunks_in_place: 1.
 - use_allocation_guard: 0.


Internal statistics:

num_allocs_failed_limit: 9.
num_arena_births: 1032.
num_arena_deaths: 26.
num_vsnodes_births: 2.
num_vsnodes_deaths: 0.
num_space_committed: 996.
num_space_uncommitted: 0.
num_chunks_returned_to_freelist: 37.
num_chunks_taken_from_freelist: 3632.
num_chunk_merges: 5.
num_chunk_splits: 2307.
num_chunks_enlarged: 1401.
num_inconsistent_stats: 0.

CodeHeap 'non-profiled nmethods': size=120000Kb used=4818Kb max_used=4818Kb free=115181Kb
 bounds [0x000002b522530000, 0x000002b5229f0000, 0x000002b529a60000]
CodeHeap 'profiled nmethods': size=120000Kb used=15165Kb max_used=15165Kb free=104834Kb
 bounds [0x000002b51aa60000, 0x000002b51b930000, 0x000002b521f90000]
CodeHeap 'non-nmethods': size=5760Kb used=1424Kb max_used=1465Kb free=4335Kb
 bounds [0x000002b521f90000, 0x000002b522200000, 0x000002b522530000]
CodeCache: size=245760Kb, used=21407Kb, max_used=21448Kb, free=224350Kb
 total_blobs=8243, nmethods=7511, adapters=638, full_count=0
Compilation: enabled, stopped_count=0, restarted_count=0

Compilation events (20 events):
Event: 1167.442 Thread 0x000002b52e2c4fd0 8313       3       java.util.concurrent.ScheduledThreadPoolExecutor$ScheduledFutureTask::isPeriodic (15 bytes)
Event: 1167.666 Thread 0x000002b52e2c4fd0 nmethod 8313 0x000002b51b928f90 code [0x000002b51b929120, 0x000002b51b929288]
Event: 1176.254 Thread 0x000002b52e2c4fd0 8314   !   3       java.util.concurrent.locks.AbstractQueuedSynchronizer::reacquire (64 bytes)
Event: 1176.258 Thread 0x000002b52e2c4fd0 nmethod 8314 0x000002b51b929310 code [0x000002b51b9294e0, 0x000002b51b929850]
Event: 1184.084 Thread 0x000002b52e2c4fd0 8315       3       java.util.concurrent.ThreadPoolExecutor$Worker::lock (6 bytes)
Event: 1184.122 Thread 0x000002b52e2c4fd0 nmethod 8315 0x000002b51b929a10 code [0x000002b51b929bc0, 0x000002b51b929d00]
Event: 1197.372 Thread 0x000002b52e2c4fd0 8316   !   3       java.util.concurrent.ThreadPoolExecutor::getTask (177 bytes)
Event: 1197.411 Thread 0x000002b52e2c4fd0 nmethod 8316 0x000002b51b929d90 code [0x000002b51b92a040, 0x000002b51b92ae70]
Event: 1214.145 Thread 0x000002b52e2c4fd0 8318   !   3       java.util.concurrent.ScheduledThreadPoolExecutor$DelayedWorkQueue::take (203 bytes)
Event: 1214.278 Thread 0x000002b52e2c4fd0 nmethod 8318 0x000002b51b92b310 code [0x000002b51b92b6e0, 0x000002b51b92cf80]
Event: 1217.464 Thread 0x000002b52e2c4fd0 8319       3       java.util.concurrent.ScheduledThreadPoolExecutor::triggerTime (22 bytes)
Event: 1217.468 Thread 0x000002b52e2c4fd0 nmethod 8319 0x000002b51b92da90 code [0x000002b51b92dc40, 0x000002b51b92de20]
Event: 1217.468 Thread 0x000002b52e2c4fd0 8320       3       java.util.concurrent.ScheduledThreadPoolExecutor$DelayedWorkQueue::add (9 bytes)
Event: 1217.470 Thread 0x000002b52e2c4fd0 nmethod 8320 0x000002b51b92df10 code [0x000002b51b92e0e0, 0x000002b51b92e3b8]
Event: 1217.470 Thread 0x000002b52e2c4fd0 8321       3       java.util.concurrent.ScheduledThreadPoolExecutor$DelayedWorkQueue::add (6 bytes)
Event: 1217.471 Thread 0x000002b52e2c4fd0 nmethod 8321 0x000002b51b92e490 code [0x000002b51b92e640, 0x000002b51b92e798]
Event: 1237.467 Thread 0x000002b52e2c4fd0 8322       3       java.util.concurrent.ScheduledThreadPoolExecutor$ScheduledFutureTask::run (57 bytes)
Event: 1237.553 Thread 0x000002b52e2c4fd0 nmethod 8322 0x000002b51b92e890 code [0x000002b51b92eac0, 0x000002b51b92f030]
Event: 1244.147 Thread 0x000002b52e2c4fd0 8323       3       java.util.concurrent.locks.AbstractQueuedSynchronizer$ConditionObject::unlinkCancelledWaiters (91 bytes)
Event: 1244.152 Thread 0x000002b52e2c4fd0 nmethod 8323 0x000002b51b92f210 code [0x000002b51b92f3c0, 0x000002b51b92f750]

GC Heap History (20 events):
Event: 312.120 GC heap before
{Heap before GC invocations=35 (full 2):
 PSYoungGen      total 16384K, used 15936K [0x00000000d5580000, 0x00000000d6900000, 0x0000000100000000)
  eden space 14336K, 100% used [0x00000000d5580000,0x00000000d6380000,0x00000000d6380000)
  from space 2048K, 78% used [0x00000000d6700000,0x00000000d6890010,0x00000000d6900000)
  to   space 2048K, 0% used [0x00000000d6500000,0x00000000d6500000,0x00000000d6700000)
 ParOldGen       total 68608K, used 44413K [0x0000000080000000, 0x0000000084300000, 0x00000000d5580000)
  object space 68608K, 64% used [0x0000000080000000,0x0000000082b5f778,0x0000000084300000)
 Metaspace       used 58190K, committed 59520K, reserved 1114112K
  class space    used 6800K, committed 7360K, reserved 1048576K
}
Event: 312.127 GC heap after
{Heap after GC invocations=35 (full 2):
 PSYoungGen      total 16384K, used 1873K [0x00000000d5580000, 0x00000000d6780000, 0x0000000100000000)
  eden space 14336K, 0% used [0x00000000d5580000,0x00000000d5580000,0x00000000d6380000)
  from space 2048K, 91% used [0x00000000d6500000,0x00000000d66d4420,0x00000000d6700000)
  to   space 512K, 0% used [0x00000000d6700000,0x00000000d6700000,0x00000000d6780000)
 ParOldGen       total 68608K, used 45885K [0x0000000080000000, 0x0000000084300000, 0x00000000d5580000)
  object space 68608K, 66% used [0x0000000080000000,0x0000000082ccf778,0x0000000084300000)
 Metaspace       used 58190K, committed 59520K, reserved 1114112K
  class space    used 6800K, committed 7360K, reserved 1048576K
}
Event: 312.342 GC heap before
{Heap before GC invocations=36 (full 2):
 PSYoungGen      total 16384K, used 16209K [0x00000000d5580000, 0x00000000d6780000, 0x0000000100000000)
  eden space 14336K, 100% used [0x00000000d5580000,0x00000000d6380000,0x00000000d6380000)
  from space 2048K, 91% used [0x00000000d6500000,0x00000000d66d4420,0x00000000d6700000)
  to   space 512K, 0% used [0x00000000d6700000,0x00000000d6700000,0x00000000d6780000)
 ParOldGen       total 68608K, used 45885K [0x0000000080000000, 0x0000000084300000, 0x00000000d5580000)
  object space 68608K, 66% used [0x0000000080000000,0x0000000082ccf778,0x0000000084300000)
 Metaspace       used 58216K, committed 59584K, reserved 1114112K
  class space    used 6800K, committed 7360K, reserved 1048576K
}
Event: 312.351 GC heap after
{Heap after GC invocations=36 (full 2):
 PSYoungGen      total 14336K, used 512K [0x00000000d5580000, 0x00000000d6b80000, 0x0000000100000000)
  eden space 13824K, 0% used [0x00000000d5580000,0x00000000d5580000,0x00000000d6300000)
  from space 512K, 100% used [0x00000000d6700000,0x00000000d6780000,0x00000000d6780000)
  to   space 4096K, 0% used [0x00000000d6300000,0x00000000d6300000,0x00000000d6700000)
 ParOldGen       total 68608K, used 48755K [0x0000000080000000, 0x0000000084300000, 0x00000000d5580000)
  object space 68608K, 71% used [0x0000000080000000,0x0000000082f9cc68,0x0000000084300000)
 Metaspace       used 58216K, committed 59584K, reserved 1114112K
  class space    used 6800K, committed 7360K, reserved 1048576K
}
Event: 313.064 GC heap before
{Heap before GC invocations=37 (full 2):
 PSYoungGen      total 14336K, used 14336K [0x00000000d5580000, 0x00000000d6b80000, 0x0000000100000000)
  eden space 13824K, 100% used [0x00000000d5580000,0x00000000d6300000,0x00000000d6300000)
  from space 512K, 100% used [0x00000000d6700000,0x00000000d6780000,0x00000000d6780000)
  to   space 4096K, 0% used [0x00000000d6300000,0x00000000d6300000,0x00000000d6700000)
 ParOldGen       total 68608K, used 48755K [0x0000000080000000, 0x0000000084300000, 0x00000000d5580000)
  object space 68608K, 71% used [0x0000000080000000,0x0000000082f9cc68,0x0000000084300000)
 Metaspace       used 58219K, committed 59584K, reserved 1114112K
  class space    used 6800K, committed 7360K, reserved 1048576K
}
Event: 313.078 GC heap after
{Heap after GC invocations=37 (full 2):
 PSYoungGen      total 15872K, used 1636K [0x00000000d5580000, 0x00000000d6800000, 0x0000000100000000)
  eden space 13824K, 0% used [0x00000000d5580000,0x00000000d5580000,0x00000000d6300000)
  from space 2048K, 79% used [0x00000000d6300000,0x00000000d6499000,0x00000000d6500000)
  to   space 2560K, 0% used [0x00000000d6580000,0x00000000d6580000,0x00000000d6800000)
 ParOldGen       total 68608K, used 49281K [0x0000000080000000, 0x0000000084300000, 0x00000000d5580000)
  object space 68608K, 71% used [0x0000000080000000,0x0000000083020618,0x0000000084300000)
 Metaspace       used 58219K, committed 59584K, reserved 1114112K
  class space    used 6800K, committed 7360K, reserved 1048576K
}
Event: 313.529 GC heap before
{Heap before GC invocations=38 (full 2):
 PSYoungGen      total 15872K, used 15460K [0x00000000d5580000, 0x00000000d6800000, 0x0000000100000000)
  eden space 13824K, 100% used [0x00000000d5580000,0x00000000d6300000,0x00000000d6300000)
  from space 2048K, 79% used [0x00000000d6300000,0x00000000d6499000,0x00000000d6500000)
  to   space 2560K, 0% used [0x00000000d6580000,0x00000000d6580000,0x00000000d6800000)
 ParOldGen       total 68608K, used 49281K [0x0000000080000000, 0x0000000084300000, 0x00000000d5580000)
  object space 68608K, 71% used [0x0000000080000000,0x0000000083020618,0x0000000084300000)
 Metaspace       used 58221K, committed 59584K, reserved 1114112K
  class space    used 6800K, committed 7360K, reserved 1048576K
}
Event: 313.538 GC heap after
{Heap after GC invocations=38 (full 2):
 PSYoungGen      total 15360K, used 1440K [0x00000000d5580000, 0x00000000d6700000, 0x0000000100000000)
  eden space 13824K, 0% used [0x00000000d5580000,0x00000000d5580000,0x00000000d6300000)
  from space 1536K, 93% used [0x00000000d6580000,0x00000000d66e8000,0x00000000d6700000)
  to   space 2048K, 0% used [0x00000000d6300000,0x00000000d6300000,0x00000000d6500000)
 ParOldGen       total 68608K, used 50815K [0x0000000080000000, 0x0000000084300000, 0x00000000d5580000)
  object space 68608K, 74% used [0x0000000080000000,0x000000008319fc40,0x0000000084300000)
 Metaspace       used 58221K, committed 59584K, reserved 1114112K
  class space    used 6800K, committed 7360K, reserved 1048576K
}
Event: 314.110 GC heap before
{Heap before GC invocations=39 (full 2):
 PSYoungGen      total 15360K, used 15264K [0x00000000d5580000, 0x00000000d6700000, 0x0000000100000000)
  eden space 13824K, 100% used [0x00000000d5580000,0x00000000d6300000,0x00000000d6300000)
  from space 1536K, 93% used [0x00000000d6580000,0x00000000d66e8000,0x00000000d6700000)
  to   space 2048K, 0% used [0x00000000d6300000,0x00000000d6300000,0x00000000d6500000)
 ParOldGen       total 68608K, used 50815K [0x0000000080000000, 0x0000000084300000, 0x00000000d5580000)
  object space 68608K, 74% used [0x0000000080000000,0x000000008319fc40,0x0000000084300000)
 Metaspace       used 58410K, committed 59776K, reserved 1114112K
  class space    used 6823K, committed 7424K, reserved 1048576K
}
Event: 314.146 GC heap after
{Heap after GC invocations=39 (full 2):
 PSYoungGen      total 15872K, used 1689K [0x00000000d5580000, 0x00000000d6700000, 0x0000000100000000)
  eden space 13824K, 0% used [0x00000000d5580000,0x00000000d5580000,0x00000000d6300000)
  from space 2048K, 82% used [0x00000000d6300000,0x00000000d64a6798,0x00000000d6500000)
  to   space 2048K, 0% used [0x00000000d6500000,0x00000000d6500000,0x00000000d6700000)
 ParOldGen       total 68608K, used 52199K [0x0000000080000000, 0x0000000084300000, 0x00000000d5580000)
  object space 68608K, 76% used [0x0000000080000000,0x00000000832f9c40,0x0000000084300000)
 Metaspace       used 58410K, committed 59776K, reserved 1114112K
  class space    used 6823K, committed 7424K, reserved 1048576K
}
Event: 314.339 GC heap before
{Heap before GC invocations=40 (full 2):
 PSYoungGen      total 15872K, used 3673K [0x00000000d5580000, 0x00000000d6700000, 0x0000000100000000)
  eden space 13824K, 14% used [0x00000000d5580000,0x00000000d576ff30,0x00000000d6300000)
  from space 2048K, 82% used [0x00000000d6300000,0x00000000d64a6798,0x00000000d6500000)
  to   space 2048K, 0% used [0x00000000d6500000,0x00000000d6500000,0x00000000d6700000)
 ParOldGen       total 68608K, used 52199K [0x0000000080000000, 0x0000000084300000, 0x00000000d5580000)
  object space 68608K, 76% used [0x0000000080000000,0x00000000832f9c40,0x0000000084300000)
 Metaspace       used 58423K, committed 59776K, reserved 1114112K
  class space    used 6825K, committed 7424K, reserved 1048576K
}
Event: 314.349 GC heap after
{Heap after GC invocations=40 (full 2):
 PSYoungGen      total 14336K, used 361K [0x00000000d5580000, 0x00000000d6580000, 0x0000000100000000)
  eden space 13824K, 0% used [0x00000000d5580000,0x00000000d5580000,0x00000000d6300000)
  from space 512K, 70% used [0x00000000d6500000,0x00000000d655a460,0x00000000d6580000)
  to   space 1024K, 0% used [0x00000000d6380000,0x00000000d6380000,0x00000000d6480000)
 ParOldGen       total 68608K, used 53632K [0x0000000080000000, 0x0000000084300000, 0x00000000d5580000)
  object space 68608K, 78% used [0x0000000080000000,0x0000000083460328,0x0000000084300000)
 Metaspace       used 58423K, committed 59776K, reserved 1114112K
  class space    used 6825K, committed 7424K, reserved 1048576K
}
Event: 314.349 GC heap before
{Heap before GC invocations=41 (full 3):
 PSYoungGen      total 14336K, used 361K [0x00000000d5580000, 0x00000000d6580000, 0x0000000100000000)
  eden space 13824K, 0% used [0x00000000d5580000,0x00000000d5580000,0x00000000d6300000)
  from space 512K, 70% used [0x00000000d6500000,0x00000000d655a460,0x00000000d6580000)
  to   space 1024K, 0% used [0x00000000d6380000,0x00000000d6380000,0x00000000d6480000)
 ParOldGen       total 68608K, used 53632K [0x0000000080000000, 0x0000000084300000, 0x00000000d5580000)
  object space 68608K, 78% used [0x0000000080000000,0x0000000083460328,0x0000000084300000)
 Metaspace       used 58423K, committed 59776K, reserved 1114112K
  class space    used 6825K, committed 7424K, reserved 1048576K
}
Event: 314.963 GC heap after
{Heap after GC invocations=41 (full 3):
 PSYoungGen      total 14336K, used 0K [0x00000000d5580000, 0x00000000d6580000, 0x0000000100000000)
  eden space 13824K, 0% used [0x00000000d5580000,0x00000000d5580000,0x00000000d6300000)
  from space 512K, 0% used [0x00000000d6500000,0x00000000d6500000,0x00000000d6580000)
  to   space 1024K, 0% used [0x00000000d6380000,0x00000000d6380000,0x00000000d6480000)
 ParOldGen       total 68608K, used 51606K [0x0000000080000000, 0x0000000084300000, 0x00000000d5580000)
  object space 68608K, 75% used [0x0000000080000000,0x00000000832659c0,0x0000000084300000)
 Metaspace       used 58423K, committed 59776K, reserved 1114112K
  class space    used 6825K, committed 7424K, reserved 1048576K
}
Event: 315.438 GC heap before
{Heap before GC invocations=42 (full 3):
 PSYoungGen      total 14336K, used 13824K [0x00000000d5580000, 0x00000000d6580000, 0x0000000100000000)
  eden space 13824K, 100% used [0x00000000d5580000,0x00000000d6300000,0x00000000d6300000)
  from space 512K, 0% used [0x00000000d6500000,0x00000000d6500000,0x00000000d6580000)
  to   space 1024K, 0% used [0x00000000d6380000,0x00000000d6380000,0x00000000d6480000)
 ParOldGen       total 68608K, used 51606K [0x0000000080000000, 0x0000000084300000, 0x00000000d5580000)
  object space 68608K, 75% used [0x0000000080000000,0x00000000832659c0,0x0000000084300000)
 Metaspace       used 58827K, committed 60224K, reserved 1114112K
  class space    used 6894K, committed 7552K, reserved 1048576K
}
Event: 315.444 GC heap after
{Heap after GC invocations=42 (full 3):
 PSYoungGen      total 14848K, used 1024K [0x00000000d5580000, 0x00000000d6600000, 0x0000000100000000)
  eden space 13824K, 0% used [0x00000000d5580000,0x00000000d5580000,0x00000000d6300000)
  from space 1024K, 100% used [0x00000000d6380000,0x00000000d6480000,0x00000000d6480000)
  to   space 1536K, 0% used [0x00000000d6480000,0x00000000d6480000,0x00000000d6600000)
 ParOldGen       total 68608K, used 51766K [0x0000000080000000, 0x0000000084300000, 0x00000000d5580000)
  object space 68608K, 75% used [0x0000000080000000,0x000000008328d9c0,0x0000000084300000)
 Metaspace       used 58827K, committed 60224K, reserved 1114112K
  class space    used 6894K, committed 7552K, reserved 1048576K
}
Event: 316.797 GC heap before
{Heap before GC invocations=43 (full 3):
 PSYoungGen      total 14848K, used 14848K [0x00000000d5580000, 0x00000000d6600000, 0x0000000100000000)
  eden space 13824K, 100% used [0x00000000d5580000,0x00000000d6300000,0x00000000d6300000)
  from space 1024K, 100% used [0x00000000d6380000,0x00000000d6480000,0x00000000d6480000)
  to   space 1536K, 0% used [0x00000000d6480000,0x00000000d6480000,0x00000000d6600000)
 ParOldGen       total 68608K, used 51766K [0x0000000080000000, 0x0000000084300000, 0x00000000d5580000)
  object space 68608K, 75% used [0x0000000080000000,0x000000008328d9c0,0x0000000084300000)
 Metaspace       used 59525K, committed 60928K, reserved 1114112K
  class space    used 6983K, committed 7616K, reserved 1048576K
}
Event: 316.806 GC heap after
{Heap after GC invocations=43 (full 3):
 PSYoungGen      total 15360K, used 1184K [0x00000000d5580000, 0x00000000d6600000, 0x0000000100000000)
  eden space 13824K, 0% used [0x00000000d5580000,0x00000000d5580000,0x00000000d6300000)
  from space 1536K, 77% used [0x00000000d6480000,0x00000000d65a8000,0x00000000d6600000)
  to   space 1536K, 0% used [0x00000000d6300000,0x00000000d6300000,0x00000000d6480000)
 ParOldGen       total 68608K, used 52798K [0x0000000080000000, 0x0000000084300000, 0x00000000d5580000)
  object space 68608K, 76% used [0x0000000080000000,0x000000008338fbe0,0x0000000084300000)
 Metaspace       used 59525K, committed 60928K, reserved 1114112K
  class space    used 6983K, committed 7616K, reserved 1048576K
}
Event: 334.722 GC heap before
{Heap before GC invocations=44 (full 3):
 PSYoungGen      total 15360K, used 15008K [0x00000000d5580000, 0x00000000d6600000, 0x0000000100000000)
  eden space 13824K, 100% used [0x00000000d5580000,0x00000000d6300000,0x00000000d6300000)
  from space 1536K, 77% used [0x00000000d6480000,0x00000000d65a8000,0x00000000d6600000)
  to   space 1536K, 0% used [0x00000000d6300000,0x00000000d6300000,0x00000000d6480000)
 ParOldGen       total 68608K, used 52798K [0x0000000080000000, 0x0000000084300000, 0x00000000d5580000)
  object space 68608K, 76% used [0x0000000080000000,0x000000008338fbe0,0x0000000084300000)
 Metaspace       used 61034K, committed 62272K, reserved 1114112K
  class space    used 7154K, committed 7680K, reserved 1048576K
}
Event: 334.740 GC heap after
{Heap after GC invocations=44 (full 3):
 PSYoungGen      total 14848K, used 608K [0x00000000d5580000, 0x00000000d6500000, 0x0000000100000000)
  eden space 13824K, 0% used [0x00000000d5580000,0x00000000d5580000,0x00000000d6300000)
  from space 1024K, 59% used [0x00000000d6300000,0x00000000d6398020,0x00000000d6400000)
  to   space 1024K, 0% used [0x00000000d6400000,0x00000000d6400000,0x00000000d6500000)
 ParOldGen       total 68608K, used 53819K [0x0000000080000000, 0x0000000084300000, 0x00000000d5580000)
  object space 68608K, 78% used [0x0000000080000000,0x000000008348ef58,0x0000000084300000)
 Metaspace       used 61034K, committed 62272K, reserved 1114112K
  class space    used 7154K, committed 7680K, reserved 1048576K
}

Dll operation events (15 events):
Event: 0.099 Loaded shared library c:\Users\hafid\.vscode\extensions\redhat.java-1.50.0-win32-x64\jre\21.0.9-win32-x86_64\bin\java.dll
Event: 0.735 Loaded shared library c:\Users\hafid\.vscode\extensions\redhat.java-1.50.0-win32-x64\jre\21.0.9-win32-x86_64\bin\zip.dll
Event: 0.849 Loaded shared library C:\Users\hafid\.vscode\extensions\redhat.java-1.50.0-win32-x64\jre\21.0.9-win32-x86_64\bin\instrument.dll
Event: 0.863 Loaded shared library C:\Users\hafid\.vscode\extensions\redhat.java-1.50.0-win32-x64\jre\21.0.9-win32-x86_64\bin\net.dll
Event: 0.867 Loaded shared library C:\Users\hafid\.vscode\extensions\redhat.java-1.50.0-win32-x64\jre\21.0.9-win32-x86_64\bin\nio.dll
Event: 0.877 Loaded shared library C:\Users\hafid\.vscode\extensions\redhat.java-1.50.0-win32-x64\jre\21.0.9-win32-x86_64\bin\zip.dll
Event: 0.970 Loaded shared library C:\Users\hafid\.vscode\extensions\redhat.java-1.50.0-win32-x64\jre\21.0.9-win32-x86_64\bin\jimage.dll
Event: 1.490 Loaded shared library c:\Users\hafid\.vscode\extensions\redhat.java-1.50.0-win32-x64\jre\21.0.9-win32-x86_64\bin\verify.dll
Event: 25.864 Loaded shared library C:\Users\hafid\AppData\Roaming\Code\User\globalStorage\redhat.java\1.50.0\config_win\org.eclipse.equinox.launcher\org.eclipse.equinox.launcher.win32.win32.x86_64_1.2.1400.v20250801-0854\eclipse_11916.dll
Event: 99.293 Loaded shared library C:\Users\hafid\AppData\Local\Temp\jna-99037288\jna5197336861035798395.dll
Event: 125.040 Loaded shared library C:\Users\hafid\.vscode\extensions\redhat.java-1.50.0-win32-x64\jre\21.0.9-win32-x86_64\bin\management.dll
Event: 125.057 Loaded shared library C:\Users\hafid\.vscode\extensions\redhat.java-1.50.0-win32-x64\jre\21.0.9-win32-x86_64\bin\management_ext.dll
Event: 247.324 Loaded shared library C:\Users\hafid\.gradle\native\1def1411415f61bf3af743bc5b6707747c0891f09f0c88961ee8f79bc544acac\windows-amd64\native-platform.dll
Event: 310.605 Loaded shared library C:\Users\hafid\.vscode\extensions\redhat.java-1.50.0-win32-x64\jre\21.0.9-win32-x86_64\bin\sunmscapi.dll
Event: 313.960 Loaded shared library C:\Users\hafid\.vscode\extensions\redhat.java-1.50.0-win32-x64\jre\21.0.9-win32-x86_64\bin\extnet.dll

Deoptimization events (20 events):
Event: 662.363 Thread 0x000002b57486bf90 Uncommon trap: trap_request=0xffffffc6 fr.pc=0x000002b522592ca8 relative=0x0000000000000a28
Event: 662.363 Thread 0x000002b57486bf90 Uncommon trap: reason=bimorphic_or_optimized_type_check action=maybe_recompile pc=0x000002b522592ca8 method=java.io.DataOutputStream.writeInt(I)V @ 19 c2
Event: 662.363 Thread 0x000002b57486bf90 DEOPT PACKING pc=0x000002b522592ca8 sp=0x000000cef2efe520
Event: 662.363 Thread 0x000002b57486bf90 DEOPT UNPACKING pc=0x000002b521fe3aa2 sp=0x000000cef2efe518 mode 2
Event: 832.076 Thread 0x000002b52e29c5a0 Uncommon trap: trap_request=0xffffffbe fr.pc=0x000002b5229db61c relative=0x0000000000000b3c
Event: 832.077 Thread 0x000002b52e29c5a0 Uncommon trap: reason=profile_predicate action=maybe_recompile pc=0x000002b5229db61c method=java.util.regex.Pattern$BnM.optimize(Ljava/util/regex/Pattern$Node;)Ljava/util/regex/Pattern$Node; @ 67 c2
Event: 832.077 Thread 0x000002b52e29c5a0 DEOPT PACKING pc=0x000002b5229db61c sp=0x000000cef3afe6a0
Event: 832.083 Thread 0x000002b52e29c5a0 DEOPT UNPACKING pc=0x000002b521fe3aa2 sp=0x000000cef3afe5d0 mode 2
Event: 832.143 Thread 0x000002b52e29c5a0 Uncommon trap: trap_request=0xffffffc6 fr.pc=0x000002b522672694 relative=0x00000000000001f4
Event: 832.144 Thread 0x000002b52e29c5a0 Uncommon trap: reason=bimorphic_or_optimized_type_check action=maybe_recompile pc=0x000002b522672694 method=java.util.Collections.eq(Ljava/lang/Object;Ljava/lang/Object;)Z @ 18 c2
Event: 832.144 Thread 0x000002b52e29c5a0 DEOPT PACKING pc=0x000002b522672694 sp=0x000000cef3afe300
Event: 832.145 Thread 0x000002b52e29c5a0 DEOPT UNPACKING pc=0x000002b521fe3aa2 sp=0x000000cef3afe240 mode 2
Event: 832.146 Thread 0x000002b52e29c5a0 Uncommon trap: trap_request=0xffffffc6 fr.pc=0x000002b522672694 relative=0x00000000000001f4
Event: 832.146 Thread 0x000002b52e29c5a0 Uncommon trap: reason=bimorphic_or_optimized_type_check action=maybe_recompile pc=0x000002b522672694 method=java.util.Collections.eq(Ljava/lang/Object;Ljava/lang/Object;)Z @ 18 c2
Event: 832.147 Thread 0x000002b52e29c5a0 DEOPT PACKING pc=0x000002b522672694 sp=0x000000cef3afe460
Event: 832.147 Thread 0x000002b52e29c5a0 DEOPT UNPACKING pc=0x000002b521fe3aa2 sp=0x000000cef3afe3a0 mode 2
Event: 832.172 Thread 0x000002b52e29c5a0 Uncommon trap: trap_request=0xffffffbe fr.pc=0x000002b5229db61c relative=0x0000000000000b3c
Event: 832.172 Thread 0x000002b52e29c5a0 Uncommon trap: reason=profile_predicate action=maybe_recompile pc=0x000002b5229db61c method=java.util.regex.Pattern$BnM.optimize(Ljava/util/regex/Pattern$Node;)Ljava/util/regex/Pattern$Node; @ 67 c2
Event: 832.172 Thread 0x000002b52e29c5a0 DEOPT PACKING pc=0x000002b5229db61c sp=0x000000cef3afe6a0
Event: 832.172 Thread 0x000002b52e29c5a0 DEOPT UNPACKING pc=0x000002b521fe3aa2 sp=0x000000cef3afe5d0 mode 2

Classes loaded (20 events):
Event: 335.172 Loading class java/io/SequenceInputStream
Event: 335.174 Loading class java/io/SequenceInputStream done
Event: 335.619 Loading class java/util/zip/CheckedInputStream
Event: 335.621 Loading class java/util/zip/CheckedInputStream done
Event: 647.768 Loading class java/util/stream/Nodes$CollectorTask$OfRef
Event: 647.852 Loading class java/util/stream/Nodes$CollectorTask
Event: 647.907 Loading class java/util/stream/Nodes$CollectorTask done
Event: 647.907 Loading class java/util/stream/Nodes$CollectorTask$OfRef done
Event: 647.919 Loading class java/util/function/LongFunction
Event: 647.922 Loading class java/util/function/LongFunction done
Event: 647.949 Loading class java/util/stream/Nodes$ConcNode
Event: 647.970 Loading class java/util/stream/Nodes$AbstractConcNode
Event: 648.376 Loading class java/util/stream/Nodes$AbstractConcNode done
Event: 648.378 Loading class java/util/stream/Nodes$ConcNode done
Event: 655.820 Loading class java/io/ObjectOutputStream$BlockDataOutputStream
Event: 655.927 Loading class java/io/ObjectOutputStream$BlockDataOutputStream done
Event: 655.934 Loading class java/io/ObjectOutputStream$HandleTable
Event: 656.189 Loading class java/io/ObjectOutputStream$HandleTable done
Event: 656.202 Loading class java/io/ObjectOutputStream$ReplaceTable
Event: 656.221 Loading class java/io/ObjectOutputStream$ReplaceTable done

Classes unloaded (13 events):
Event: 107.549 Thread 0x000002b51791b570 Unloading class 0x000002b5301a9800 'java/lang/invoke/LambdaForm$MH+0x000002b5301a9800'
Event: 107.549 Thread 0x000002b51791b570 Unloading class 0x000002b5301a9400 'java/lang/invoke/LambdaForm$MH+0x000002b5301a9400'
Event: 107.549 Thread 0x000002b51791b570 Unloading class 0x000002b5301a9000 'java/lang/invoke/LambdaForm$MH+0x000002b5301a9000'
Event: 107.549 Thread 0x000002b51791b570 Unloading class 0x000002b5301a8c00 'java/lang/invoke/LambdaForm$MH+0x000002b5301a8c00'
Event: 107.549 Thread 0x000002b51791b570 Unloading class 0x000002b5301a8800 'java/lang/invoke/LambdaForm$BMH+0x000002b5301a8800'
Event: 107.549 Thread 0x000002b51791b570 Unloading class 0x000002b5301a8400 'java/lang/invoke/LambdaForm$DMH+0x000002b5301a8400'
Event: 107.549 Thread 0x000002b51791b570 Unloading class 0x000002b5301a3000 'java/lang/invoke/LambdaForm$DMH+0x000002b5301a3000'
Event: 120.202 Thread 0x000002b51791b570 Unloading class 0x000002b5302bf800 'java/lang/invoke/LambdaForm$MH+0x000002b5302bf800'
Event: 120.202 Thread 0x000002b51791b570 Unloading class 0x000002b5302bec00 'java/lang/invoke/LambdaForm$MH+0x000002b5302bec00'
Event: 120.202 Thread 0x000002b51791b570 Unloading class 0x000002b5302be400 'java/lang/invoke/LambdaForm$MH+0x000002b5302be400'
Event: 120.202 Thread 0x000002b51791b570 Unloading class 0x000002b5302ba000 'java/lang/invoke/LambdaForm$MH+0x000002b5302ba000'
Event: 120.202 Thread 0x000002b51791b570 Unloading class 0x000002b5302b9000 'java/lang/invoke/LambdaForm$MH+0x000002b5302b9000'
Event: 120.202 Thread 0x000002b51791b570 Unloading class 0x000002b5302b8800 'java/lang/invoke/LambdaForm$MH+0x000002b5302b8800'

Classes redefined (0 events):
No events

Internal exceptions (20 events):
Event: 334.904 Thread 0x000002b52e29ab60 Exception <a 'sun/nio/fs/WindowsException'{0x00000000d570adf8}> (0x00000000d570adf8) 
thrown [s\src\hotspot\share\prims\jni.cpp, line 520]
Event: 334.908 Thread 0x000002b52e29ab60 Exception <a 'sun/nio/fs/WindowsException'{0x00000000d5727630}> (0x00000000d5727630) 
thrown [s\src\hotspot\share\prims\jni.cpp, line 520]
Event: 334.909 Thread 0x000002b52e29ab60 Exception <a 'sun/nio/fs/WindowsException'{0x00000000d5729058}> (0x00000000d5729058) 
thrown [s\src\hotspot\share\prims\jni.cpp, line 520]
Event: 334.909 Thread 0x000002b52e29ab60 Exception <a 'sun/nio/fs/WindowsException'{0x00000000d5729a20}> (0x00000000d5729a20) 
thrown [s\src\hotspot\share\prims\jni.cpp, line 520]
Event: 334.905 Thread 0x000002b52e2a0dd0 Exception <a 'sun/nio/fs/WindowsException'{0x00000000d571c0c0}> (0x00000000d571c0c0) 
thrown [s\src\hotspot\share\prims\jni.cpp, line 520]
Event: 334.913 Thread 0x000002b52e2a0dd0 Exception <a 'sun/nio/fs/WindowsException'{0x00000000d571ca88}> (0x00000000d571ca88) 
thrown [s\src\hotspot\share\prims\jni.cpp, line 520]
Event: 335.003 Thread 0x000002b52e29c5a0 Exception <a 'sun/nio/fs/WindowsException'{0x00000000d58a75b8}> (0x00000000d58a75b8) 
thrown [s\src\hotspot\share\prims\jni.cpp, line 520]
Event: 335.003 Thread 0x000002b52e29c5a0 Exception <a 'sun/nio/fs/WindowsException'{0x00000000d58a7fa0}> (0x00000000d58a7fa0) 
thrown [s\src\hotspot\share\prims\jni.cpp, line 520]
Event: 335.072 Thread 0x000002b52e29c5a0 Exception <a 'java/lang/NoSuchMethodError'{0x00000000d5907bb8}: 'java.lang.Object java.lang.invoke.DirectMethodHandle$Holder.invokeStatic(java.lang.Object, java.lang.Object, int, java.lang.Object)'> (0x00000000d5907bb8) 
thrown [s\src\hotspot\share\interpreter\linkResolver.cpp, line 773]
Event: 335.073 Thread 0x000002b52e29c5a0 Exception <a 'java/lang/NoSuchMethodError'{0x00000000d590e888}: 'java.lang.Object java.lang.invoke.DirectMethodHandle$Holder.newInvokeSpecial(java.lang.Object, java.lang.Object, int)'> (0x00000000d590e888) 
thrown [s\src\hotspot\share\interpreter\linkResolver.cpp, line 773]
Event: 335.307 Thread 0x000002b52e29c5a0 Exception <a 'java/io/FileNotFoundException'{0x00000000d5baaa18}> (0x00000000d5baaa18) 
thrown [s\src\hotspot\share\prims\jni.cpp, line 520]
Event: 335.308 Thread 0x000002b52e29c5a0 Exception <a 'java/io/FileNotFoundException'{0x00000000d5baba30}> (0x00000000d5baba30) 
thrown [s\src\hotspot\share\prims\jni.cpp, line 520]
Event: 335.479 Thread 0x000002b52e2a1460 Exception <a 'java/io/FileNotFoundException'{0x00000000d5d7c3e8}> (0x00000000d5d7c3e8) 
thrown [s\src\hotspot\share\prims\jni.cpp, line 520]
Event: 335.480 Thread 0x000002b52e2a1460 Exception <a 'java/io/FileNotFoundException'{0x00000000d5d7d6b0}> (0x00000000d5d7d6b0) 
thrown [s\src\hotspot\share\prims\jni.cpp, line 520]
Event: 335.480 Thread 0x000002b52e2a1460 Exception <a 'java/io/FileNotFoundException'{0x00000000d5d7e6c8}> (0x00000000d5d7e6c8) 
thrown [s\src\hotspot\share\prims\jni.cpp, line 520]
Event: 653.411 Thread 0x000002b57486bf90 Exception <a 'sun/nio/fs/WindowsException'{0x00000000d6033ec8}> (0x00000000d6033ec8) 
thrown [s\src\hotspot\share\prims\jni.cpp, line 520]
Event: 653.456 Thread 0x000002b57486bf90 Exception <a 'sun/nio/fs/WindowsException'{0x00000000d6034b00}> (0x00000000d6034b00) 
thrown [s\src\hotspot\share\prims\jni.cpp, line 520]
Event: 663.428 Thread 0x000002b57486bf90 Exception <a 'java/lang/NoSuchMethodError'{0x00000000d608eb28}: 'java.lang.Object java.lang.invoke.DirectMethodHandle$Holder.newInvokeSpecial(java.lang.Object, java.lang.Object, java.lang.Object, java.lang.Object, java.lang.Object, java.lang.Object, java.lang.Object, java.lang.Object)'> (0x00000000d608eb28) 
thrown [s\src\hotspot\share\interpreter\linkResolver.cpp, line 773]
Event: 1137.336 Thread 0x000002b57486ccb0 Exception <a 'sun/nio/fs/WindowsException'{0x00000000d6177fa8}> (0x00000000d6177fa8) 
thrown [s\src\hotspot\share\prims\jni.cpp, line 520]
Event: 1137.352 Thread 0x000002b57486ccb0 Exception <a 'sun/nio/fs/WindowsException'{0x00000000d6178970}> (0x00000000d6178970) 
thrown [s\src\hotspot\share\prims\jni.cpp, line 520]

ZGC Phase Switch (0 events):
No events

VM Operations (20 events):
Event: 664.091 Executing VM operation: Cleanup
Event: 664.096 Executing VM operation: Cleanup done
Event: 665.096 Executing VM operation: Cleanup
Event: 665.097 Executing VM operation: Cleanup done
Event: 721.863 Executing VM operation: HandshakeAllThreads (HandshakeForDeflation)
Event: 721.868 Executing VM operation: HandshakeAllThreads (HandshakeForDeflation) done
Event: 721.868 Executing VM operation: RendezvousGCThreads
Event: 721.871 Executing VM operation: RendezvousGCThreads done
Event: 832.248 Executing VM operation: Cleanup
Event: 832.249 Executing VM operation: Cleanup done
Event: 833.254 Executing VM operation: Cleanup
Event: 833.254 Executing VM operation: Cleanup done
Event: 1138.090 Executing VM operation: Cleanup
Event: 1138.092 Executing VM operation: Cleanup done
Event: 1142.405 Executing VM operation: HandshakeAllThreads (HandshakeForDeflation)
Event: 1142.405 Executing VM operation: HandshakeAllThreads (HandshakeForDeflation) done
Event: 1142.405 Executing VM operation: RendezvousGCThreads
Event: 1142.405 Executing VM operation: RendezvousGCThreads done
Event: 1207.591 Executing VM operation: Cleanup
Event: 1207.597 Executing VM operation: Cleanup done

Memory protections (0 events):
No events

Nmethod flushes (20 events):
Event: 314.730 Thread 0x000002b51791b570 flushing  nmethod 0x000002b51b30cb10
Event: 314.730 Thread 0x000002b51791b570 flushing  nmethod 0x000002b51b30d690
Event: 314.730 Thread 0x000002b51791b570 flushing  nmethod 0x000002b51b30da90
Event: 314.730 Thread 0x000002b51791b570 flushing  nmethod 0x000002b51b30e290
Event: 314.730 Thread 0x000002b51791b570 flushing  nmethod 0x000002b51b30e690
Event: 314.730 Thread 0x000002b51791b570 flushing  nmethod 0x000002b51b30fc10
Event: 314.730 Thread 0x000002b51791b570 flushing  nmethod 0x000002b51b319110
Event: 314.730 Thread 0x000002b51791b570 flushing  nmethod 0x000002b51b31db10
Event: 314.730 Thread 0x000002b51791b570 flushing  nmethod 0x000002b51b327a90
Event: 314.730 Thread 0x000002b51791b570 flushing  nmethod 0x000002b51b328a90
Event: 314.730 Thread 0x000002b51791b570 flushing  nmethod 0x000002b51b368a90
Event: 314.730 Thread 0x000002b51791b570 flushing  nmethod 0x000002b51b369f10
Event: 314.730 Thread 0x000002b51791b570 flushing  nmethod 0x000002b51b36d890
Event: 314.730 Thread 0x000002b51791b570 flushing  nmethod 0x000002b51b36e010
Event: 314.730 Thread 0x000002b51791b570 flushing  nmethod 0x000002b51b36e990
Event: 314.730 Thread 0x000002b51791b570 flushing  nmethod 0x000002b51b372510
Event: 314.730 Thread 0x000002b51791b570 flushing  nmethod 0x000002b51b378810
Event: 314.730 Thread 0x000002b51791b570 flushing  nmethod 0x000002b51b392c10
Event: 314.730 Thread 0x000002b51791b570 flushing  nmethod 0x000002b51b396410
Event: 314.730 Thread 0x000002b51791b570 flushing  nmethod 0x000002b51b3c4b90

Events (20 events):
Event: 322.873 Thread 0x000002b52e29d2c0 Thread exited: 0x000002b52e29d2c0
Event: 324.078 Thread 0x000002b52e2a1460 Thread added: 0x000002b52e29ab60
Event: 324.085 Thread 0x000002b52e29ab60 Thread exited: 0x000002b52e29ab60
Event: 324.190 Thread 0x000002b52e2a1460 Thread added: 0x000002b52e29ab60
Event: 324.191 Thread 0x000002b52e29ab60 Thread exited: 0x000002b52e29ab60
Event: 334.373 Thread 0x000002b52e2a1af0 Thread added: 0x000002b52e29ab60
Event: 395.047 Thread 0x000002b52e29fa20 Thread exited: 0x000002b52e29fa20
Event: 395.140 Thread 0x000002b52e2a0dd0 Thread exited: 0x000002b52e2a0dd0
Event: 395.142 Thread 0x000002b57486c620 Thread exited: 0x000002b57486c620
Event: 395.646 Thread 0x000002b52e2a1460 Thread exited: 0x000002b52e2a1460
Event: 455.184 Thread 0x000002b52e29ab60 Thread exited: 0x000002b52e29ab60
Event: 515.193 Thread 0x000002b52e2a0740 Thread exited: 0x000002b52e2a0740
Event: 647.522 Thread 0x000002b57486bf90 Thread added: 0x000002b52e29d950
Event: 648.947 Thread 0x000002b52e29d950 Thread exited: 0x000002b52e29d950
Event: 654.287 Thread 0x000002b57486bf90 Thread added: 0x000002b52e29ab60
Event: 654.688 Thread 0x000002b52e29ab60 Thread exited: 0x000002b52e29ab60
Event: 1137.146 Thread 0x000002b57486ccb0 Thread added: 0x000002b52e29d2c0
Event: 1137.190 Thread 0x000002b52e29d2c0 Thread exited: 0x000002b52e29d2c0
Event: 1137.385 Thread 0x000002b57486ccb0 Thread added: 0x000002b52e29d950
Event: 1137.425 Thread 0x000002b52e29d950 Thread exited: 0x000002b52e29d950


Dynamic libraries:
0x00007ff7f2770000 - 0x00007ff7f277e000 	c:\Users\hafid\.vscode\extensions\redhat.java-1.50.0-win32-x64\jre\21.0.9-win32-x86_64\bin\java.exe
0x00007ff927fd0000 - 0x00007ff9281e7000 	C:\Windows\SYSTEM32\ntdll.dll
0x00007ff926360000 - 0x00007ff926424000 	C:\Windows\System32\KERNEL32.DLL
0x00007ff925570000 - 0x00007ff925927000 	C:\Windows\System32\KERNELBASE.dll
0x00007ff925be0000 - 0x00007ff925cf1000 	C:\Windows\System32\ucrtbase.dll
0x00007ff921b30000 - 0x00007ff921b48000 	c:\Users\hafid\.vscode\extensions\redhat.java-1.50.0-win32-x64\jre\21.0.9-win32-x86_64\bin\jli.dll
0x00007ff926080000 - 0x00007ff92622f000 	C:\Windows\System32\USER32.dll
0x00007ff925b40000 - 0x00007ff925b66000 	C:\Windows\System32\win32u.dll
0x00007ff9271b0000 - 0x00007ff9271d9000 	C:\Windows\System32\GDI32.dll
0x00007ff925450000 - 0x00007ff925568000 	C:\Windows\System32\gdi32full.dll
0x00007ff925aa0000 - 0x00007ff925b3a000 	C:\Windows\System32\msvcp_win.dll
0x00007ff921750000 - 0x00007ff92176e000 	c:\Users\hafid\.vscode\extensions\redhat.java-1.50.0-win32-x64\jre\21.0.9-win32-x86_64\bin\VCRUNTIME140.dll
0x00007ff90f5c0000 - 0x00007ff90f853000 	C:\Windows\WinSxS\amd64_microsoft.windows.common-controls_6595b64144ccf1df_6.0.22621.3672_none_2713b9d173822955\COMCTL32.dll
0x00007ff926690000 - 0x00007ff926737000 	C:\Windows\System32\msvcrt.dll
0x00007ff927160000 - 0x00007ff927191000 	C:\Windows\System32\IMM32.DLL
0x00007ff922210000 - 0x00007ff92221c000 	c:\Users\hafid\.vscode\extensions\redhat.java-1.50.0-win32-x64\jre\21.0.9-win32-x86_64\bin\vcruntime140_1.dll
0x00007ff909810000 - 0x00007ff90989d000 	c:\Users\hafid\.vscode\extensions\redhat.java-1.50.0-win32-x64\jre\21.0.9-win32-x86_64\bin\msvcp140.dll
0x00007ff8da900000 - 0x00007ff8db6a0000 	c:\Users\hafid\.vscode\extensions\redhat.java-1.50.0-win32-x64\jre\21.0.9-win32-x86_64\bin\server\jvm.dll
0x00007ff9264b0000 - 0x00007ff926562000 	C:\Windows\System32\ADVAPI32.dll
0x00007ff927820000 - 0x00007ff9278c8000 	C:\Windows\System32\sechost.dll
0x00007ff9259f0000 - 0x00007ff925a18000 	C:\Windows\System32\bcrypt.dll
0x00007ff926fb0000 - 0x00007ff9270c4000 	C:\Windows\System32\RPCRT4.dll
0x00007ff927f10000 - 0x00007ff927f81000 	C:\Windows\System32\WS2_32.dll
0x00007ff924150000 - 0x00007ff92419d000 	C:\Windows\SYSTEM32\POWRPROF.dll
0x00007ff9215b0000 - 0x00007ff9215e4000 	C:\Windows\SYSTEM32\WINMM.dll
0x00007ff921150000 - 0x00007ff92115a000 	C:\Windows\SYSTEM32\VERSION.dll
0x00007ff924130000 - 0x00007ff924143000 	C:\Windows\SYSTEM32\UMPDC.dll
0x00007ff924380000 - 0x00007ff924398000 	C:\Windows\SYSTEM32\kernel.appcore.dll
0x00007ff9215f0000 - 0x00007ff9215fa000 	c:\Users\hafid\.vscode\extensions\redhat.java-1.50.0-win32-x64\jre\21.0.9-win32-x86_64\bin\jimage.dll
0x00007ff90fcc0000 - 0x00007ff90fef2000 	C:\Windows\SYSTEM32\DBGHELP.DLL
0x00007ff9271e0000 - 0x00007ff92756e000 	C:\Windows\System32\combase.dll
0x00007ff926570000 - 0x00007ff926647000 	C:\Windows\System32\OLEAUT32.dll
0x00007ff914060000 - 0x00007ff914092000 	C:\Windows\SYSTEM32\dbgcore.DLL
0x00007ff925a20000 - 0x00007ff925a9b000 	C:\Windows\System32\bcryptPrimitives.dll
0x00007ff909800000 - 0x00007ff90980f000 	c:\Users\hafid\.vscode\extensions\redhat.java-1.50.0-win32-x64\jre\21.0.9-win32-x86_64\bin\instrument.dll
0x00007ff91ed70000 - 0x00007ff91ed90000 	c:\Users\hafid\.vscode\extensions\redhat.java-1.50.0-win32-x64\jre\21.0.9-win32-x86_64\bin\java.dll
0x00007ff926740000 - 0x00007ff926fa9000 	C:\Windows\System32\SHELL32.dll
0x00007ff923210000 - 0x00007ff923b0f000 	C:\Windows\SYSTEM32\windows.storage.dll
0x00007ff9230d0000 - 0x00007ff92320f000 	C:\Windows\SYSTEM32\wintypes.dll
0x00007ff925ec0000 - 0x00007ff925fb9000 	C:\Windows\System32\SHCORE.dll
0x00007ff9262b0000 - 0x00007ff92630e000 	C:\Windows\System32\shlwapi.dll
0x00007ff925210000 - 0x00007ff925237000 	C:\Windows\SYSTEM32\profapi.dll
0x00007ff911ef0000 - 0x00007ff911f08000 	c:\Users\hafid\.vscode\extensions\redhat.java-1.50.0-win32-x64\jre\21.0.9-win32-x86_64\bin\zip.dll
0x00007ff91ed60000 - 0x00007ff91ed70000 	C:\Users\hafid\.vscode\extensions\redhat.java-1.50.0-win32-x64\jre\21.0.9-win32-x86_64\bin\net.dll
0x00007ff920a00000 - 0x00007ff920b36000 	C:\Windows\SYSTEM32\WINHTTP.dll
0x00007ff924840000 - 0x00007ff9248a9000 	C:\Windows\system32\mswsock.dll
0x00007ff908db0000 - 0x00007ff908dc6000 	C:\Users\hafid\.vscode\extensions\redhat.java-1.50.0-win32-x64\jre\21.0.9-win32-x86_64\bin\nio.dll
0x00007ff908d50000 - 0x00007ff908d60000 	c:\Users\hafid\.vscode\extensions\redhat.java-1.50.0-win32-x64\jre\21.0.9-win32-x86_64\bin\verify.dll
0x00007ff8f49e0000 - 0x00007ff8f4a24000 	C:\Users\hafid\AppData\Roaming\Code\User\globalStorage\redhat.java\1.50.0\config_win\org.eclipse.equinox.launcher\org.eclipse.equinox.launcher.win32.win32.x86_64_1.2.1400.v20250801-0854\eclipse_11916.dll
0x00007ff927570000 - 0x00007ff927715000 	C:\Windows\System32\ole32.dll
0x00007ff924b90000 - 0x00007ff924bab000 	C:\Windows\SYSTEM32\CRYPTSP.dll
0x00007ff924340000 - 0x00007ff924375000 	C:\Windows\system32\rsaenh.dll
0x00007ff9248e0000 - 0x00007ff924908000 	C:\Windows\SYSTEM32\USERENV.dll
0x00007ff924b70000 - 0x00007ff924b7c000 	C:\Windows\SYSTEM32\CRYPTBASE.dll
0x00007ff923de0000 - 0x00007ff923e0d000 	C:\Windows\SYSTEM32\IPHLPAPI.DLL
0x00007ff9271a0000 - 0x00007ff9271a9000 	C:\Windows\System32\NSI.dll
0x00007ff8ef9a0000 - 0x00007ff8ef9e9000 	C:\Users\hafid\AppData\Local\Temp\jna-99037288\jna5197336861035798395.dll
0x00007ff926070000 - 0x00007ff926078000 	C:\Windows\System32\PSAPI.DLL
0x00007ff908d10000 - 0x00007ff908d1a000 	C:\Users\hafid\.vscode\extensions\redhat.java-1.50.0-win32-x64\jre\21.0.9-win32-x86_64\bin\management.dll
0x00007ff9069a0000 - 0x00007ff9069ac000 	C:\Users\hafid\.vscode\extensions\redhat.java-1.50.0-win32-x64\jre\21.0.9-win32-x86_64\bin\management_ext.dll
0x00007ff920bf0000 - 0x00007ff920c09000 	C:\Windows\SYSTEM32\dhcpcsvc6.DLL
0x00007ff91ff30000 - 0x00007ff91ff4f000 	C:\Windows\SYSTEM32\dhcpcsvc.DLL
0x00007ff912bd0000 - 0x00007ff912bf7000 	C:\Users\hafid\.gradle\native\1def1411415f61bf3af743bc5b6707747c0891f09f0c88961ee8f79bc544acac\windows-amd64\native-platform.dll
0x00007ff903610000 - 0x00007ff90361e000 	C:\Users\hafid\.vscode\extensions\redhat.java-1.50.0-win32-x64\jre\21.0.9-win32-x86_64\bin\sunmscapi.dll
0x00007ff9252e0000 - 0x00007ff925446000 	C:\Windows\System32\CRYPT32.dll
0x00007ff924ca0000 - 0x00007ff924ccd000 	C:\Windows\SYSTEM32\ncrypt.dll
0x00007ff924c60000 - 0x00007ff924c97000 	C:\Windows\SYSTEM32\NTASN1.dll
0x00007ff923e50000 - 0x00007ff923f52000 	C:\Windows\SYSTEM32\DNSAPI.dll
0x00007ff91c500000 - 0x00007ff91c50a000 	C:\Windows\System32\rasadhlp.dll
0x00007ff91e600000 - 0x00007ff91e683000 	C:\Windows\System32\fwpuclnt.dll
0x00007ff8ffb30000 - 0x00007ff8ffb39000 	C:\Users\hafid\.vscode\extensions\redhat.java-1.50.0-win32-x64\jre\21.0.9-win32-x86_64\bin\extnet.dll

JVMTI agents:
c:\Users\hafid\.vscode\extensions\redhat.java-1.50.0-win32-x64\lombok\lombok-1.18.39-4050.jar path:c:\Users\hafid\.vscode\extensions\redhat.java-1.50.0-win32-x64\jre\21.0.9-win32-x86_64\bin\instrument.dll, loaded, initialized, instrumentlib options:none

dbghelp: loaded successfully - version: 4.0.5 - missing functions: none
symbol engine: initialized successfully - sym options: 0x614 - pdb path: .;c:\Users\hafid\.vscode\extensions\redhat.java-1.50.0-win32-x64\jre\21.0.9-win32-x86_64\bin;C:\Windows\SYSTEM32;C:\Windows\WinSxS\amd64_microsoft.windows.common-controls_6595b64144ccf1df_6.0.22621.3672_none_2713b9d173822955;c:\Users\hafid\.vscode\extensions\redhat.java-1.50.0-win32-x64\jre\21.0.9-win32-x86_64\bin\server;C:\Users\hafid\AppData\Roaming\Code\User\globalStorage\redhat.java\1.50.0\config_win\org.eclipse.equinox.launcher\org.eclipse.equinox.launcher.win32.win32.x86_64_1.2.1400.v20250801-0854;C:\Users\hafid\AppData\Local\Temp\jna-99037288;C:\Users\hafid\.gradle\native\1def1411415f61bf3af743bc5b6707747c0891f09f0c88961ee8f79bc544acac\windows-amd64

VM Arguments:
jvm_args: --add-modules=ALL-SYSTEM --add-opens=java.base/java.util=ALL-UNNAMED --add-opens=java.base/java.lang=ALL-UNNAMED --add-opens=java.base/sun.nio.fs=ALL-UNNAMED -Declipse.application=org.eclipse.jdt.ls.core.id1 -Dosgi.bundles.defaultStartLevel=4 -Declipse.product=org.eclipse.jdt.ls.core.product -Djava.import.generatesMetadataFilesAtProjectRoot=false -DDetectVMInstallationsJob.disabled=true -Dfile.encoding=utf8 -XX:+UseParallelGC -XX:GCTimeRatio=4 -XX:AdaptiveSizePolicyWeight=90 -Dsun.zip.disableMemoryMapping=true -Xmx2G -Xms100m -Xlog:disable -javaagent:c:\Users\hafid\.vscode\extensions\redhat.java-1.50.0-win32-x64\lombok\lombok-1.18.39-4050.jar -XX:+HeapDumpOnOutOfMemoryError -XX:HeapDumpPath=c:\Users\hafid\AppData\Roaming\Code\User\workspaceStorage\271670c6d88b3c30270340dfd9cafa37\redhat.java -Daether.dependencyCollector.impl=bf 
java_command: c:\Users\hafid\.vscode\extensions\redhat.java-1.50.0-win32-x64\server\plugins\org.eclipse.equinox.launcher_1.7.100.v20251111-0406.jar -configuration c:\Users\hafid\AppData\Roaming\Code\User\globalStorage\redhat.java\1.50.0\config_win -data c:\Users\hafid\AppData\Roaming\Code\User\workspaceStorage\271670c6d88b3c30270340dfd9cafa37\redhat.java\jdt_ws --pipe=\\.\pipe\lsp-cea86f26f3d8b21c8afcdedd319cb960-sock
java_class_path (initial): c:\Users\hafid\.vscode\extensions\redhat.java-1.50.0-win32-x64\server\plugins\org.eclipse.equinox.launcher_1.7.100.v20251111-0406.jar
Launcher Type: SUN_STANDARD

[Global flags]
    uintx AdaptiveSizePolicyWeight                 = 90                                        {product} {command line}
     intx CICompilerCount                          = 3                                         {product} {ergonomic}
    uintx GCTimeRatio                              = 4                                         {product} {command line}
     bool HeapDumpOnOutOfMemoryError               = true                                   {manageable} {command line}
    ccstr HeapDumpPath                             = c:\Users\hafid\AppData\Roaming\Code\User\workspaceStorage\271670c6d88b3c30270340dfd9cafa37\redhat.java         {manageable} {command line}
   size_t InitialHeapSize                          = 104857600                                 {product} {command line}
   size_t MaxHeapSize                              = 2147483648                                {product} {command line}
   size_t MaxNewSize                               = 715653120                                 {product} {ergonomic}
   size_t MinHeapDeltaBytes                        = 524288                                    {product} {ergonomic}
   size_t MinHeapSize                              = 104857600                                 {product} {command line}
   size_t NewSize                                  = 34603008                                  {product} {ergonomic}
    uintx NonNMethodCodeHeapSize                   = 5832780                                {pd product} {ergonomic}
    uintx NonProfiledCodeHeapSize                  = 122912730                              {pd product} {ergonomic}
   size_t OldSize                                  = 70254592                                  {product} {ergonomic}
    uintx ProfiledCodeHeapSize                     = 122912730                              {pd product} {ergonomic}
    uintx ReservedCodeCacheSize                    = 251658240                              {pd product} {ergonomic}
     bool SegmentedCodeCache                       = true                                      {product} {ergonomic}
   size_t SoftMaxHeapSize                          = 2147483648                             {manageable} {ergonomic}
     bool UseCompressedOops                        = true                           {product lp64_product} {ergonomic}
     bool UseLargePagesIndividualAllocation        = false                                  {pd product} {ergonomic}
     bool UseParallelGC                            = true                                      {product} {command line}

Logging:
Log output configuration:
 #0: stdout all=off uptime,level,tags foldmultilines=false
 #1: stderr all=off uptime,level,tags foldmultilines=false

Release file:
JAVA_VERSION="21.0.9" 
MODULES="java.base java.compiler java.datatransfer java.xml java.prefs java.desktop java.instrument java.logging java.management java.security.sasl java.naming java.rmi java.management.rmi java.net.http java.scripting java.security.jgss java.transaction.xa java.sql java.sql.rowset java.xml.crypto java.se java.smartcardio jdk.accessibility jdk.internal.jvmstat jdk.attach jdk.charsets jdk.internal.opt jdk.zipfs jdk.compiler jdk.crypto.ec jdk.crypto.cryptoki jdk.crypto.mscapi jdk.dynalink jdk.internal.ed jdk.editpad jdk.hotspot.agent jdk.httpserver jdk.internal.le jdk.internal.vm.ci jdk.internal.vm.compiler jdk.internal.vm.compiler.management jdk.jartool jdk.javadoc jdk.jcmd jdk.management jdk.management.agent jdk.jconsole jdk.jdeps jdk.jdwp.agent jdk.jdi jdk.jfr jdk.jshell jdk.jsobject jdk.jstatd jdk.localedata jdk.management.jfr jdk.naming.dns jdk.naming.rmi jdk.net jdk.nio.mapmode jdk.random jdk.sctp jdk.security.auth jdk.security.jgss jdk.unsupported jdk.unsupported.desktop jdk.xml.dom" 

Environment Variables:
JAVA_HOME=C:\Program Files\Eclipse Adoptium\jdk-17.0.15.6-hotspot
PATH=C:\Program Files\Eclipse Adoptium\jdk-17.0.15.6-hotspot\bin;C:\Program Files\Eclipse Adoptium\jdk-17.0.15.6-hotspot\bin;C:\Program Files\Common Files\Oracle\Java\javapath;C:\ProgramData\Oracle\Java\javapath;C:\Windows\system32;C:\Windows;C:\Windows\System32\Wbem;C:\Windows\System32\WindowsPowerShell\v1.0\;C:\Windows\System32\OpenSSH\;C:\Program Files (x86)\NVIDIA Corporation\PhysX\Common;C:\Windows\System32;C:\Users\Git\cmd;C:\Program Files\Docker\Docker\resources\bin;C:\Program Files\MongoDB\Server\8.0\bin;C:\xampp\php;C:\ProgramData\ComposerSetup\bin;C:\flutter\bin;C:\Users\hafid\AppData\Local\Android\sdk\platform-tools;C:\Program Files\nodejs\;C:\kotlinc\bin;C:\Users\hafid\AppData\Local\Programs\Python\Python310\Scripts\;C:\Users\hafid\AppData\Local\Programs\Python\Python310\;C:\Users\hafid\AppData\Local\Microsoft\WindowsApps;C:\Users\hafid\AppData\Local\Programs\Microsoft VS Code\bin;C:\Users\hafid\AppData\Roaming\Composer\vendor\bin;C:\Users\hafid\AppData\Roaming\npm;C:\Users\hafid\AppData\Local\Google\Cloud SDK\google-cloud-sdk\bin;D:\cursor\resources\app\bin;C:\Users\hafid\AppData\Local\Programs\Windsurf\bin;C:\Users\hafid\AppData\Local\Programs\Antigravity\bin
USERNAME=hafid
OS=Windows_NT
PROCESSOR_IDENTIFIER=Intel64 Family 6 Model 142 Stepping 9, GenuineIntel
TMP=C:\Users\hafid\AppData\Local\Temp
TEMP=C:\Users\hafid\AppData\Local\Temp




Periodic native trim disabled

---------------  S Y S T E M  ---------------

OS:
 Windows 11 , 64 bit Build 22621 (10.0.22621.3958)
OS uptime: 0 days 1:21 hours
Hyper-V role detected

CPU: total 4 (initial active 4) (2 cores per cpu, 2 threads per core) family 6 model 142 stepping 9 microcode 0xde, cx8, cmov, fxsr, ht, mmx, 3dnowpref, sse, sse2, sse3, ssse3, sse4.1, sse4.2, popcnt, lzcnt, tsc, tscinvbit, avx, avx2, aes, erms, clmul, bmi1, bmi2, adx, fma, vzeroupper, clflush, clflushopt, hv, rdtscp, f16c
Processor Information for the first 4 processors :
  Max Mhz: 2712, Current Mhz: 2511, Mhz Limit: 2495

Memory: 4k page, system-wide physical 3964M (1093M free)
TotalPageFile size 16252M (AvailPageFile size 81M)
current process WorkingSet (physical memory assigned to process): 13M, peak: 193M
current process commit charge ("private bytes"): 325M, peak: 342M

vm_info: OpenJDK 64-Bit Server VM (21.0.9+10-LTS) for windows-amd64 JRE (21.0.9+10-LTS), built on 2025-10-21T00:00:00Z by "admin" with unknown MS VC++:1942

END.
