#
# There is insufficient memory for the Java Runtime Environment to continue.
# Native memory allocation (malloc) failed to allocate 1048576 bytes. Error detail: AllocateHeap
# Possible reasons:
#   The system is out of physical RAM or swap space
#   This process is running with CompressedOops enabled, and the Java Heap may be blocking the growth of the native heap
# Possible solutions:
#   Reduce memory load on the system
#   Increase physical memory or swap space
#   Check if swap backing store is full
#   Decrease Java heap size (-Xmx/-Xms)
#   Decrease number of Java threads
#   Decrease Java thread stack sizes (-Xss)
#   Set larger code cache with -XX:ReservedCodeCacheSize=
#   JVM is running with Unscaled Compressed Oops mode in which the Java heap is
#     placed in the first 4GB address space. The Java Heap base address is the
#     maximum limit for the native heap growth. Please use -XX:HeapBaseMinAddress
#     to set the Java Heap base and to place the Java Heap above 4GB virtual address.
# This output file may be truncated or incomplete.
#
#  Out of Memory Error (allocation.cpp:44), pid=10472, tid=6504
#
# JRE version: OpenJDK Runtime Environment Temurin-21.0.9+10 (21.0.9+10) (build 21.0.9+10-LTS)
# Java VM: OpenJDK 64-Bit Server VM Temurin-21.0.9+10 (21.0.9+10-LTS, mixed mode, sharing, tiered, compressed oops, compressed class ptrs, parallel gc, windows-amd64)
# No core dump will be written. Minidumps are not enabled by default on client versions of Windows
#

---------------  S U M M A R Y ------------

Command Line: --add-modules=ALL-SYSTEM --add-opens=java.base/java.util=ALL-UNNAMED --add-opens=java.base/java.lang=ALL-UNNAMED --add-opens=java.base/sun.nio.fs=ALL-UNNAMED -Declipse.application=org.eclipse.jdt.ls.core.id1 -Dosgi.bundles.defaultStartLevel=4 -Declipse.product=org.eclipse.jdt.ls.core.product -Djava.import.generatesMetadataFilesAtProjectRoot=false -DDetectVMInstallationsJob.disabled=true -Dfile.encoding=utf8 -XX:+UseParallelGC -XX:GCTimeRatio=4 -XX:AdaptiveSizePolicyWeight=90 -Dsun.zip.disableMemoryMapping=true -Xmx2G -Xms100m -Xlog:disable -javaagent:c:\Users\hafid\.vscode\extensions\redhat.java-1.50.0-win32-x64\lombok\lombok-1.18.39-4050.jar -XX:+HeapDumpOnOutOfMemoryError -XX:HeapDumpPath=c:\Users\hafid\AppData\Roaming\Code\User\workspaceStorage\271670c6d88b3c30270340dfd9cafa37\redhat.java -Daether.dependencyCollector.impl=bf c:\Users\hafid\.vscode\extensions\redhat.java-1.50.0-win32-x64\server\plugins\org.eclipse.equinox.launcher_1.7.100.v20251111-0406.jar -configuration c:\Users\hafid\AppData\Roaming\Code\User\globalStorage\redhat.java\1.50.0\config_win -data c:\Users\hafid\AppData\Roaming\Code\User\workspaceStorage\271670c6d88b3c30270340dfd9cafa37\redhat.java\jdt_ws --pipe=\\.\pipe\lsp-a62738bf7cf91dbc2a9528e23242cc39-sock

Host: Intel(R) Core(TM) i5-7200U CPU @ 2.50GHz, 4 cores, 3G,  Windows 11 , 64 bit Build 22621 (10.0.22621.3958)
Time: Mon Dec  1 15:47:14 2025 SE Asia Standard Time elapsed time: 185.868339 seconds (0d 0h 3m 5s)

---------------  T H R E A D  ---------------

Current thread (0x000001aca43f1290):  JavaThread "Attach Listener" daemon [_thread_in_vm, id=6504, stack(0x00000041d2200000,0x00000041d2300000) (1024K)]

Stack: [0x00000041d2200000,0x00000041d2300000]
Native frames: (J=compiled Java code, j=interpreted, Vv=VM code, C=native code)
V  [jvm.dll+0x6d6e29]
V  [jvm.dll+0x8b4b76]
V  [jvm.dll+0x8b712e]
V  [jvm.dll+0x8b7813]
V  [jvm.dll+0x283d86]
V  [jvm.dll+0xc1277]
V  [jvm.dll+0x6d76d9]
V  [jvm.dll+0x133466]
V  [jvm.dll+0x3f7ea6]
V  [jvm.dll+0x85e9ad]
V  [jvm.dll+0x6d565d]
C  [ucrtbase.dll+0x29333]
C  [KERNEL32.DLL+0x1257d]
C  [ntdll.dll+0x5af08]


---------------  P R O C E S S  ---------------

Threads class SMR info:
_java_thread_list=0x000001acfe09edd0, length=39, elements={
0x000001aca4502b80, 0x000001aca43eb270, 0x000001aca43ec080, 0x000001aca43ef5b0,
0x000001aca43f1290, 0x000001aca43f4cf0, 0x000001aca43f8fc0, 0x000001aca4408490,
0x000001aca4408e30, 0x000001acfcbf42d0, 0x000001acfcd27410, 0x000001acfd01cf90,
0x000001acfd820560, 0x000001acfd424c60, 0x000001acfd4252c0, 0x000001acfd65e740,
0x000001acfd5e0dd0, 0x000001acfda454f0, 0x000001acfda46210, 0x000001acfda482e0,
0x000001acff194fe0, 0x000001acff196a20, 0x000001acff193c30, 0x000001acff199ea0,
0x000001acff197740, 0x000001acff198460, 0x000001acff195d00, 0x000001acff19a530,
0x000001acff19b250, 0x000001acff1942c0, 0x000001acff194950, 0x000001acff197dd0,
0x000001acff198af0, 0x000001acfcccc5f0, 0x000001acfccc6a10, 0x000001acfccc5660,
0x000001acfccc7730, 0x000001acfccc6380, 0x000001acfccc5cf0
}

Java Threads: ( => current thread )
  0x000001aca4502b80 JavaThread "main"                              [_thread_blocked, id=8868, stack(0x00000041d1b00000,0x00000041d1c00000) (1024K)]
  0x000001aca43eb270 JavaThread "Reference Handler"          daemon [_thread_blocked, id=14816, stack(0x00000041d1f00000,0x00000041d2000000) (1024K)]
  0x000001aca43ec080 JavaThread "Finalizer"                  daemon [_thread_blocked, id=7112, stack(0x00000041d2000000,0x00000041d2100000) (1024K)]
  0x000001aca43ef5b0 JavaThread "Signal Dispatcher"          daemon [_thread_blocked, id=7060, stack(0x00000041d2100000,0x00000041d2200000) (1024K)]
=>0x000001aca43f1290 JavaThread "Attach Listener"            daemon [_thread_in_vm, id=6504, stack(0x00000041d2200000,0x00000041d2300000) (1024K)]
  0x000001aca43f4cf0 JavaThread "Service Thread"             daemon [_thread_blocked, id=13316, stack(0x00000041d2300000,0x00000041d2400000) (1024K)]
  0x000001aca43f8fc0 JavaThread "Monitor Deflation Thread"   daemon [_thread_blocked, id=13800, stack(0x00000041d2400000,0x00000041d2500000) (1024K)]
  0x000001aca4408490 JavaThread "C2 CompilerThread0"         daemon [_thread_blocked, id=7132, stack(0x00000041d2500000,0x00000041d2600000) (1024K)]
  0x000001aca4408e30 JavaThread "C1 CompilerThread0"         daemon [_thread_blocked, id=9416, stack(0x00000041d2600000,0x00000041d2700000) (1024K)]
  0x000001acfcbf42d0 JavaThread "Common-Cleaner"             daemon [_thread_blocked, id=2800, stack(0x00000041d2700000,0x00000041d2800000) (1024K)]
  0x000001acfcd27410 JavaThread "Notification Thread"        daemon [_thread_blocked, id=2768, stack(0x00000041d2900000,0x00000041d2a00000) (1024K)]
  0x000001acfd01cf90 JavaThread "Active Thread: Equinox Container: e02c75dd-3c9b-4747-8f6d-ca582ac0e0ab"        [_thread_blocked, id=12700, stack(0x00000041d2d00000,0x00000041d2e00000) (1024K)]
  0x000001acfd820560 JavaThread "Refresh Thread: Equinox Container: e02c75dd-3c9b-4747-8f6d-ca582ac0e0ab" daemon [_thread_blocked, id=14552, stack(0x00000041d2e00000,0x00000041d2f00000) (1024K)]
  0x000001acfd424c60 JavaThread "Framework Event Dispatcher: Equinox Container: e02c75dd-3c9b-4747-8f6d-ca582ac0e0ab" daemon [_thread_blocked, id=13256, stack(0x00000041d2f00000,0x00000041d3000000) (1024K)]
  0x000001acfd4252c0 JavaThread "Start Level: Equinox Container: e02c75dd-3c9b-4747-8f6d-ca582ac0e0ab" daemon [_thread_blocked, id=5004, stack(0x00000041d3000000,0x00000041d3100000) (1024K)]
  0x000001acfd65e740 JavaThread "Bundle File Closer"         daemon [_thread_blocked, id=14392, stack(0x00000041d3100000,0x00000041d3200000) (1024K)]
  0x000001acfd5e0dd0 JavaThread "SCR Component Actor"        daemon [_thread_blocked, id=9316, stack(0x00000041d3200000,0x00000041d3300000) (1024K)]
  0x000001acfda454f0 JavaThread "Worker-JM"                         [_thread_blocked, id=11500, stack(0x00000041d3300000,0x00000041d3400000) (1024K)]
  0x000001acfda46210 JavaThread "JNA Cleaner"                daemon [_thread_blocked, id=14828, stack(0x00000041d2800000,0x00000041d2900000) (1024K)]
  0x000001acfda482e0 JavaThread "Worker-3"                          [_thread_blocked, id=4764, stack(0x00000041d3800000,0x00000041d3900000) (1024K)]
  0x000001acff194fe0 JavaThread "Java indexing"              daemon [_thread_blocked, id=9072, stack(0x00000041d3a00000,0x00000041d3b00000) (1024K)]
  0x000001acff196a20 JavaThread "Worker-5"                          [_thread_blocked, id=3244, stack(0x00000041d3d00000,0x00000041d3e00000) (1024K)]
  0x000001acff193c30 JavaThread "Thread-1"                   daemon [_thread_in_native, id=9964, stack(0x00000041d3f00000,0x00000041d4000000) (1024K)]
  0x000001acff199ea0 JavaThread "Thread-2"                   daemon [_thread_in_native, id=2044, stack(0x00000041d4000000,0x00000041d4100000) (1024K)]
  0x000001acff197740 JavaThread "Thread-3"                   daemon [_thread_in_native, id=3572, stack(0x00000041d4100000,0x00000041d4200000) (1024K)]
  0x000001acff198460 JavaThread "Thread-4"                   daemon [_thread_in_native, id=11748, stack(0x00000041d4200000,0x00000041d4300000) (1024K)]
  0x000001acff195d00 JavaThread "Thread-5"                   daemon [_thread_in_native, id=3408, stack(0x00000041d4300000,0x00000041d4400000) (1024K)]
  0x000001acff19a530 JavaThread "pool-2-thread-1"                   [_thread_blocked, id=5484, stack(0x00000041d4400000,0x00000041d4500000) (1024K)]
  0x000001acff19b250 JavaThread "WorkspaceEventsHandler"            [_thread_blocked, id=2428, stack(0x00000041d4500000,0x00000041d4600000) (1024K)]
  0x000001acff1942c0 JavaThread "pool-1-thread-1"                   [_thread_blocked, id=13844, stack(0x00000041d4600000,0x00000041d4700000) (1024K)]
  0x000001acff194950 JavaThread "ForkJoinPool.commonPool-worker-2" daemon [_thread_blocked, id=14556, stack(0x00000041d4800000,0x00000041d4900000) (1024K)]
  0x000001acff197dd0 JavaThread "Timer-0"                           [_thread_blocked, id=3764, stack(0x00000041d4900000,0x00000041d4a00000) (1024K)]
  0x000001acff198af0 JavaThread "Timer-1"                           [_thread_blocked, id=5876, stack(0x00000041d4a00000,0x00000041d4b00000) (1024K)]
  0x000001acfcccc5f0 JavaThread "Timer-2"                           [_thread_blocked, id=7236, stack(0x00000041d4b00000,0x00000041d4c00000) (1024K)]
  0x000001acfccc6a10 JavaThread "Timer-3"                           [_thread_blocked, id=12660, stack(0x00000041d4c00000,0x00000041d4d00000) (1024K)]
  0x000001acfccc5660 JavaThread "Timer-4"                           [_thread_blocked, id=10180, stack(0x00000041d4d00000,0x00000041d4e00000) (1024K)]
  0x000001acfccc7730 JavaThread "Timer-5"                           [_thread_blocked, id=14956, stack(0x00000041d3600000,0x00000041d3700000) (1024K)]
  0x000001acfccc6380 JavaThread "Timer-6"                           [_thread_blocked, id=2716, stack(0x00000041d5300000,0x00000041d5400000) (1024K)]
  0x000001acfccc5cf0 JavaThread "ForkJoinPool.commonPool-worker-3" daemon [_thread_blocked, id=15260, stack(0x00000041d1800000,0x00000041d1900000) (1024K)]
Total: 39

Other Threads:
  0x000001aca45bd4e0 VMThread "VM Thread"                           [id=1972, stack(0x00000041d1e00000,0x00000041d1f00000) (1024K)]
  0x000001aca438ca00 WatcherThread "VM Periodic Task Thread"        [id=14356, stack(0x00000041d1d00000,0x00000041d1e00000) (1024K)]
  0x000001aca4521ec0 WorkerThread "GC Thread#0"                     [id=14272, stack(0x00000041d1c00000,0x00000041d1d00000) (1024K)]
  0x000001acfced7ca0 WorkerThread "GC Thread#1"                     [id=15120, stack(0x00000041d2a00000,0x00000041d2b00000) (1024K)]
  0x000001acfced8040 WorkerThread "GC Thread#2"                     [id=3608, stack(0x00000041d2b00000,0x00000041d2c00000) (1024K)]
  0x000001acfd34bc40 WorkerThread "GC Thread#3"                     [id=7152, stack(0x00000041d2c00000,0x00000041d2d00000) (1024K)]
Total: 6

Threads with active compile tasks:
Total: 0

VM state: not at safepoint (normal execution)

VM Mutex/Monitor currently owned by a thread: None

Heap address: 0x0000000080000000, size: 2048 MB, Compressed Oops mode: 32-bit

CDS archive(s) mapped at: [0x000001acbb000000-0x000001acbbba0000-0x000001acbbba0000), size 12189696, SharedBaseAddress: 0x000001acbb000000, ArchiveRelocationMode: 1.
Compressed class space mapped at: 0x000001acbc000000-0x000001acfc000000, reserved size: 1073741824
Narrow klass base: 0x000001acbb000000, Narrow klass shift: 0, Narrow klass range: 0x100000000

GC Precious Log:
 CardTable entry size: 512
 CPUs: 4 total, 4 available
 Memory: 3964M
 Large Page Support: Disabled
 NUMA Support: Disabled
 Compressed Oops: Enabled (32-bit)
 Alignments: Space 512K, Generation 512K, Heap 2M
 Heap Min Capacity: 100M
 Heap Initial Capacity: 100M
 Heap Max Capacity: 2G
 Pre-touch: Disabled
 Parallel Workers: 4

Heap:
 PSYoungGen      total 18944K, used 14008K [0x00000000d5580000, 0x00000000d6a80000, 0x0000000100000000)
  eden space 17920K, 74% used [0x00000000d5580000,0x00000000d629e160,0x00000000d6700000)
  from space 1024K, 56% used [0x00000000d6980000,0x00000000d6a10040,0x00000000d6a80000)
  to   space 1024K, 0% used [0x00000000d6880000,0x00000000d6880000,0x00000000d6980000)
 ParOldGen       total 68608K, used 60358K [0x0000000080000000, 0x0000000084300000, 0x00000000d5580000)
  object space 68608K, 87% used [0x0000000080000000,0x0000000083af18a8,0x0000000084300000)
 Metaspace       used 72817K, committed 74432K, reserved 1114112K
  class space    used 9057K, committed 9728K, reserved 1048576K

Card table byte_map: [0x000001aca3ea0000,0x000001aca42b0000] _byte_map_base: 0x000001aca3aa0000

Marking Bits: (ParMarkBitMap*) 0x00007ff8db5c2460
 Begin Bits: [0x000001acb69b0000, 0x000001acb89b0000)
 End Bits:   [0x000001acb89b0000, 0x000001acba9b0000)

Polling page: 0x000001aca2360000

Metaspace:

Usage:
  Non-class:     62.27 MB used.
      Class:      8.84 MB used.
       Both:     71.11 MB used.

Virtual space:
  Non-class space:       64.00 MB reserved,      63.19 MB ( 99%) committed,  1 nodes.
      Class space:        1.00 GB reserved,       9.50 MB ( <1%) committed,  1 nodes.
             Both:        1.06 GB reserved,      72.69 MB (  7%) committed. 

Chunk freelists:
   Non-Class:  624.00 KB
       Class:  6.44 MB
        Both:  7.05 MB

MaxMetaspaceSize: unlimited
CompressedClassSpaceSize: 1.00 GB
Initial GC threshold: 21.00 MB
Current GC threshold: 97.31 MB
CDS: on
 - commit_granule_bytes: 65536.
 - commit_granule_words: 8192.
 - virtual_space_node_default_size: 8388608.
 - enlarge_chunks_in_place: 1.
 - use_allocation_guard: 0.


Internal statistics:

num_allocs_failed_limit: 11.
num_arena_births: 1298.
num_arena_deaths: 18.
num_vsnodes_births: 2.
num_vsnodes_deaths: 0.
num_space_committed: 1163.
num_space_uncommitted: 0.
num_chunks_returned_to_freelist: 30.
num_chunks_taken_from_freelist: 4422.
num_chunk_merges: 17.
num_chunk_splits: 2792.
num_chunks_enlarged: 1679.
num_inconsistent_stats: 0.

CodeHeap 'non-profiled nmethods': size=120000Kb used=6338Kb max_used=6338Kb free=113661Kb
 bounds [0x000001acaf1d0000, 0x000001acaf810000, 0x000001acb6700000]
CodeHeap 'profiled nmethods': size=120000Kb used=17975Kb max_used=17975Kb free=102025Kb
 bounds [0x000001aca7700000, 0x000001aca8890000, 0x000001acaec30000]
CodeHeap 'non-nmethods': size=5760Kb used=1448Kb max_used=1497Kb free=4311Kb
 bounds [0x000001acaec30000, 0x000001acaeea0000, 0x000001acaf1d0000]
CodeCache: size=245760Kb, used=25761Kb, max_used=25810Kb, free=219997Kb
 total_blobs=9841, nmethods=9085, adapters=662, full_count=0
Compilation: enabled, stopped_count=0, restarted_count=0

Compilation events (20 events):
Event: 96.707 Thread 0x000001aca4408e30 9880       1       org.eclipse.jdt.internal.core.JavaModelManager::getJavaModel (5 bytes)
Event: 96.708 Thread 0x000001aca4408e30 nmethod 9880 0x000001acaf7f7310 code [0x000001acaf7f74a0, 0x000001acaf7f7568]
Event: 96.708 Thread 0x000001aca4408e30 9886       1       org.eclipse.core.internal.watson.ElementTree::getTreeData (5 bytes)
Event: 96.708 Thread 0x000001aca4408e30 nmethod 9886 0x000001acaf7f7610 code [0x000001acaf7f77a0, 0x000001acaf7f7868]
Event: 116.141 Thread 0x000001aca4408490 9887       4       java.util.TaskQueue::isEmpty (13 bytes)
Event: 116.141 Thread 0x000001aca4408490 nmethod 9887 0x000001acaf7f7910 code [0x000001acaf7f7aa0, 0x000001acaf7f7b48]
Event: 147.941 Thread 0x000001aca4408e30 9888       1       org.eclipse.lsp4j.jsonrpc.json.JsonRpcMethod::getParameterTypes (5 bytes)
Event: 147.943 Thread 0x000001aca4408e30 nmethod 9888 0x000001acaf7f7c10 code [0x000001acaf7f7da0, 0x000001acaf7f7e68]
Event: 147.993 Thread 0x000001aca4408490 9889       4       java.nio.charset.CharsetDecoder::flush (49 bytes)
Event: 147.998 Thread 0x000001aca4408490 nmethod 9889 0x000001acaf7f7f10 code [0x000001acaf7f80a0, 0x000001acaf7f8180]
Event: 148.126 Thread 0x000001aca4408e30 9890       3       java.util.HashMap::<init> (17 bytes)
Event: 148.129 Thread 0x000001aca4408e30 nmethod 9890 0x000001aca888c790 code [0x000001aca888c940, 0x000001aca888cb48]
Event: 148.183 Thread 0x000001aca4408490 9891       4       java.lang.invoke.DirectMethodHandle::make (275 bytes)
Event: 148.195 Thread 0x000001aca4408e30 9892       3       org.eclipse.core.internal.resources.Project::hasNature (36 bytes)
Event: 148.197 Thread 0x000001aca4408e30 nmethod 9892 0x000001aca888cc90 code [0x000001aca888cec0, 0x000001aca888d8a0]
Event: 148.527 Thread 0x000001aca4408490 nmethod 9891 0x000001acaf7f8290 code [0x000001acaf7f8b00, 0x000001acaf7fcd30]
Event: 148.528 Thread 0x000001aca4408490 9893       4       java.nio.ByteBuffer::allocate (20 bytes)
Event: 148.536 Thread 0x000001aca4408490 nmethod 9893 0x000001acaf800190 code [0x000001acaf800320, 0x000001acaf8005a8]
Event: 174.641 Thread 0x000001aca4408e30 9894       1       org.eclipse.core.internal.jobs.JobManager::isActive (5 bytes)
Event: 174.642 Thread 0x000001aca4408e30 nmethod 9894 0x000001acaf800790 code [0x000001acaf800920, 0x000001acaf8009f0]

GC Heap History (20 events):
Event: 18.853 GC heap before
{Heap before GC invocations=52 (full 3):
 PSYoungGen      total 20992K, used 20689K [0x00000000d5580000, 0x00000000d6d80000, 0x0000000100000000)
  eden space 20480K, 100% used [0x00000000d5580000,0x00000000d6980000,0x00000000d6980000)
  from space 512K, 40% used [0x00000000d6d00000,0x00000000d6d34640,0x00000000d6d80000)
  to   space 512K, 0% used [0x00000000d6c80000,0x00000000d6c80000,0x00000000d6d00000)
 ParOldGen       total 68608K, used 52762K [0x0000000080000000, 0x0000000084300000, 0x00000000d5580000)
  object space 68608K, 76% used [0x0000000080000000,0x0000000083386aa8,0x0000000084300000)
 Metaspace       used 61138K, committed 62464K, reserved 1114112K
  class space    used 7613K, committed 8192K, reserved 1048576K
}
Event: 18.854 GC heap after
{Heap after GC invocations=52 (full 3):
 PSYoungGen      total 20992K, used 405K [0x00000000d5580000, 0x00000000d6d80000, 0x0000000100000000)
  eden space 20480K, 0% used [0x00000000d5580000,0x00000000d5580000,0x00000000d6980000)
  from space 512K, 79% used [0x00000000d6c80000,0x00000000d6ce5780,0x00000000d6d00000)
  to   space 512K, 0% used [0x00000000d6d00000,0x00000000d6d00000,0x00000000d6d80000)
 ParOldGen       total 68608K, used 52810K [0x0000000080000000, 0x0000000084300000, 0x00000000d5580000)
  object space 68608K, 76% used [0x0000000080000000,0x0000000083392ab8,0x0000000084300000)
 Metaspace       used 61138K, committed 62464K, reserved 1114112K
  class space    used 7613K, committed 8192K, reserved 1048576K
}
Event: 18.992 GC heap before
{Heap before GC invocations=53 (full 3):
 PSYoungGen      total 20992K, used 20885K [0x00000000d5580000, 0x00000000d6d80000, 0x0000000100000000)
  eden space 20480K, 100% used [0x00000000d5580000,0x00000000d6980000,0x00000000d6980000)
  from space 512K, 79% used [0x00000000d6c80000,0x00000000d6ce5780,0x00000000d6d00000)
  to   space 512K, 0% used [0x00000000d6d00000,0x00000000d6d00000,0x00000000d6d80000)
 ParOldGen       total 68608K, used 52810K [0x0000000080000000, 0x0000000084300000, 0x00000000d5580000)
  object space 68608K, 76% used [0x0000000080000000,0x0000000083392ab8,0x0000000084300000)
 Metaspace       used 61138K, committed 62464K, reserved 1114112K
  class space    used 7613K, committed 8192K, reserved 1048576K
}
Event: 18.993 GC heap after
{Heap after GC invocations=53 (full 3):
 PSYoungGen      total 20992K, used 494K [0x00000000d5580000, 0x00000000d6d80000, 0x0000000100000000)
  eden space 20480K, 0% used [0x00000000d5580000,0x00000000d5580000,0x00000000d6980000)
  from space 512K, 96% used [0x00000000d6d00000,0x00000000d6d7bb68,0x00000000d6d80000)
  to   space 1024K, 0% used [0x00000000d6b80000,0x00000000d6b80000,0x00000000d6c80000)
 ParOldGen       total 68608K, used 53208K [0x0000000080000000, 0x0000000084300000, 0x00000000d5580000)
  object space 68608K, 77% used [0x0000000080000000,0x00000000833f6340,0x0000000084300000)
 Metaspace       used 61138K, committed 62464K, reserved 1114112K
  class space    used 7613K, committed 8192K, reserved 1048576K
}
Event: 19.104 GC heap before
{Heap before GC invocations=54 (full 3):
 PSYoungGen      total 20992K, used 20974K [0x00000000d5580000, 0x00000000d6d80000, 0x0000000100000000)
  eden space 20480K, 100% used [0x00000000d5580000,0x00000000d6980000,0x00000000d6980000)
  from space 512K, 96% used [0x00000000d6d00000,0x00000000d6d7bb68,0x00000000d6d80000)
  to   space 1024K, 0% used [0x00000000d6b80000,0x00000000d6b80000,0x00000000d6c80000)
 ParOldGen       total 68608K, used 53208K [0x0000000080000000, 0x0000000084300000, 0x00000000d5580000)
  object space 68608K, 77% used [0x0000000080000000,0x00000000833f6340,0x0000000084300000)
 Metaspace       used 61138K, committed 62464K, reserved 1114112K
  class space    used 7613K, committed 8192K, reserved 1048576K
}
Event: 19.105 GC heap after
{Heap after GC invocations=54 (full 3):
 PSYoungGen      total 21504K, used 1013K [0x00000000d5580000, 0x00000000d6d80000, 0x0000000100000000)
  eden space 20480K, 0% used [0x00000000d5580000,0x00000000d5580000,0x00000000d6980000)
  from space 1024K, 98% used [0x00000000d6b80000,0x00000000d6c7d620,0x00000000d6c80000)
  to   space 1024K, 0% used [0x00000000d6c80000,0x00000000d6c80000,0x00000000d6d80000)
 ParOldGen       total 68608K, used 53369K [0x0000000080000000, 0x0000000084300000, 0x00000000d5580000)
  object space 68608K, 77% used [0x0000000080000000,0x000000008341e470,0x0000000084300000)
 Metaspace       used 61138K, committed 62464K, reserved 1114112K
  class space    used 7613K, committed 8192K, reserved 1048576K
}
Event: 19.330 GC heap before
{Heap before GC invocations=55 (full 3):
 PSYoungGen      total 21504K, used 21493K [0x00000000d5580000, 0x00000000d6d80000, 0x0000000100000000)
  eden space 20480K, 100% used [0x00000000d5580000,0x00000000d6980000,0x00000000d6980000)
  from space 1024K, 98% used [0x00000000d6b80000,0x00000000d6c7d620,0x00000000d6c80000)
  to   space 1024K, 0% used [0x00000000d6c80000,0x00000000d6c80000,0x00000000d6d80000)
 ParOldGen       total 68608K, used 53369K [0x0000000080000000, 0x0000000084300000, 0x00000000d5580000)
  object space 68608K, 77% used [0x0000000080000000,0x000000008341e470,0x0000000084300000)
 Metaspace       used 62554K, committed 64000K, reserved 1114112K
  class space    used 7829K, committed 8512K, reserved 1048576K
}
Event: 19.332 GC heap after
{Heap after GC invocations=55 (full 3):
 PSYoungGen      total 20992K, used 512K [0x00000000d5580000, 0x00000000d6d00000, 0x0000000100000000)
  eden space 20480K, 0% used [0x00000000d5580000,0x00000000d5580000,0x00000000d6980000)
  from space 512K, 100% used [0x00000000d6c80000,0x00000000d6d00000,0x00000000d6d00000)
  to   space 1024K, 0% used [0x00000000d6b00000,0x00000000d6b00000,0x00000000d6c00000)
 ParOldGen       total 68608K, used 53401K [0x0000000080000000, 0x0000000084300000, 0x00000000d5580000)
  object space 68608K, 77% used [0x0000000080000000,0x0000000083426470,0x0000000084300000)
 Metaspace       used 62554K, committed 64000K, reserved 1114112K
  class space    used 7829K, committed 8512K, reserved 1048576K
}
Event: 24.312 GC heap before
{Heap before GC invocations=56 (full 3):
 PSYoungGen      total 20992K, used 20992K [0x00000000d5580000, 0x00000000d6d00000, 0x0000000100000000)
  eden space 20480K, 100% used [0x00000000d5580000,0x00000000d6980000,0x00000000d6980000)
  from space 512K, 100% used [0x00000000d6c80000,0x00000000d6d00000,0x00000000d6d00000)
  to   space 1024K, 0% used [0x00000000d6b00000,0x00000000d6b00000,0x00000000d6c00000)
 ParOldGen       total 68608K, used 53401K [0x0000000080000000, 0x0000000084300000, 0x00000000d5580000)
  object space 68608K, 77% used [0x0000000080000000,0x0000000083426470,0x0000000084300000)
 Metaspace       used 64746K, committed 66240K, reserved 1114112K
  class space    used 8127K, committed 8832K, reserved 1048576K
}
Event: 24.315 GC heap after
{Heap after GC invocations=56 (full 3):
 PSYoungGen      total 21504K, used 992K [0x00000000d5580000, 0x00000000d6d00000, 0x0000000100000000)
  eden space 20480K, 0% used [0x00000000d5580000,0x00000000d5580000,0x00000000d6980000)
  from space 1024K, 96% used [0x00000000d6b00000,0x00000000d6bf8010,0x00000000d6c00000)
  to   space 1024K, 0% used [0x00000000d6c00000,0x00000000d6c00000,0x00000000d6d00000)
 ParOldGen       total 68608K, used 53880K [0x0000000080000000, 0x0000000084300000, 0x00000000d5580000)
  object space 68608K, 78% used [0x0000000080000000,0x000000008349e180,0x0000000084300000)
 Metaspace       used 64746K, committed 66240K, reserved 1114112K
  class space    used 8127K, committed 8832K, reserved 1048576K
}
Event: 33.600 GC heap before
{Heap before GC invocations=57 (full 3):
 PSYoungGen      total 21504K, used 21472K [0x00000000d5580000, 0x00000000d6d00000, 0x0000000100000000)
  eden space 20480K, 100% used [0x00000000d5580000,0x00000000d6980000,0x00000000d6980000)
  from space 1024K, 96% used [0x00000000d6b00000,0x00000000d6bf8010,0x00000000d6c00000)
  to   space 1024K, 0% used [0x00000000d6c00000,0x00000000d6c00000,0x00000000d6d00000)
 ParOldGen       total 68608K, used 53880K [0x0000000080000000, 0x0000000084300000, 0x00000000d5580000)
  object space 68608K, 78% used [0x0000000080000000,0x000000008349e180,0x0000000084300000)
 Metaspace       used 66489K, committed 68032K, reserved 1114112K
  class space    used 8326K, committed 9024K, reserved 1048576K
}
Event: 33.606 GC heap after
{Heap after GC invocations=57 (full 3):
 PSYoungGen      total 18944K, used 1024K [0x00000000d5580000, 0x00000000d7380000, 0x0000000100000000)
  eden space 17920K, 0% used [0x00000000d5580000,0x00000000d5580000,0x00000000d6700000)
  from space 1024K, 100% used [0x00000000d6c00000,0x00000000d6d00000,0x00000000d6d00000)
  to   space 5120K, 0% used [0x00000000d6700000,0x00000000d6700000,0x00000000d6c00000)
 ParOldGen       total 68608K, used 57309K [0x0000000080000000, 0x0000000084300000, 0x00000000d5580000)
  object space 68608K, 83% used [0x0000000080000000,0x00000000837f77f8,0x0000000084300000)
 Metaspace       used 66489K, committed 68032K, reserved 1114112K
  class space    used 8326K, committed 9024K, reserved 1048576K
}
Event: 33.950 GC heap before
{Heap before GC invocations=58 (full 3):
 PSYoungGen      total 18944K, used 18944K [0x00000000d5580000, 0x00000000d7380000, 0x0000000100000000)
  eden space 17920K, 100% used [0x00000000d5580000,0x00000000d6700000,0x00000000d6700000)
  from space 1024K, 100% used [0x00000000d6c00000,0x00000000d6d00000,0x00000000d6d00000)
  to   space 5120K, 0% used [0x00000000d6700000,0x00000000d6700000,0x00000000d6c00000)
 ParOldGen       total 68608K, used 57309K [0x0000000080000000, 0x0000000084300000, 0x00000000d5580000)
  object space 68608K, 83% used [0x0000000080000000,0x00000000837f77f8,0x0000000084300000)
 Metaspace       used 68509K, committed 69952K, reserved 1114112K
  class space    used 8581K, committed 9216K, reserved 1048576K
}
Event: 33.955 GC heap after
{Heap after GC invocations=58 (full 3):
 PSYoungGen      total 19456K, used 1401K [0x00000000d5580000, 0x00000000d6c80000, 0x0000000100000000)
  eden space 17920K, 0% used [0x00000000d5580000,0x00000000d5580000,0x00000000d6700000)
  from space 1536K, 91% used [0x00000000d6700000,0x00000000d685e470,0x00000000d6880000)
  to   space 2560K, 0% used [0x00000000d6a00000,0x00000000d6a00000,0x00000000d6c80000)
 ParOldGen       total 68608K, used 58289K [0x0000000080000000, 0x0000000084300000, 0x00000000d5580000)
  object space 68608K, 84% used [0x0000000080000000,0x00000000838ec420,0x0000000084300000)
 Metaspace       used 68509K, committed 69952K, reserved 1114112K
  class space    used 8581K, committed 9216K, reserved 1048576K
}
Event: 36.465 GC heap before
{Heap before GC invocations=59 (full 3):
 PSYoungGen      total 19456K, used 19321K [0x00000000d5580000, 0x00000000d6c80000, 0x0000000100000000)
  eden space 17920K, 100% used [0x00000000d5580000,0x00000000d6700000,0x00000000d6700000)
  from space 1536K, 91% used [0x00000000d6700000,0x00000000d685e470,0x00000000d6880000)
  to   space 2560K, 0% used [0x00000000d6a00000,0x00000000d6a00000,0x00000000d6c80000)
 ParOldGen       total 68608K, used 58289K [0x0000000080000000, 0x0000000084300000, 0x00000000d5580000)
  object space 68608K, 84% used [0x0000000080000000,0x00000000838ec420,0x0000000084300000)
 Metaspace       used 69938K, committed 71424K, reserved 1114112K
  class space    used 8754K, committed 9408K, reserved 1048576K
}
Event: 36.469 GC heap after
{Heap after GC invocations=59 (full 3):
 PSYoungGen      total 19456K, used 1047K [0x00000000d5580000, 0x00000000d6b80000, 0x0000000100000000)
  eden space 17920K, 0% used [0x00000000d5580000,0x00000000d5580000,0x00000000d6700000)
  from space 1536K, 68% used [0x00000000d6a00000,0x00000000d6b05fb0,0x00000000d6b80000)
  to   space 1536K, 0% used [0x00000000d6700000,0x00000000d6700000,0x00000000d6880000)
 ParOldGen       total 68608K, used 59627K [0x0000000080000000, 0x0000000084300000, 0x00000000d5580000)
  object space 68608K, 86% used [0x0000000080000000,0x0000000083a3af78,0x0000000084300000)
 Metaspace       used 69938K, committed 71424K, reserved 1114112K
  class space    used 8754K, committed 9408K, reserved 1048576K
}
Event: 51.156 GC heap before
{Heap before GC invocations=60 (full 3):
 PSYoungGen      total 19456K, used 18965K [0x00000000d5580000, 0x00000000d6b80000, 0x0000000100000000)
  eden space 17920K, 99% used [0x00000000d5580000,0x00000000d66ff7c8,0x00000000d6700000)
  from space 1536K, 68% used [0x00000000d6a00000,0x00000000d6b05fb0,0x00000000d6b80000)
  to   space 1536K, 0% used [0x00000000d6700000,0x00000000d6700000,0x00000000d6880000)
 ParOldGen       total 68608K, used 59627K [0x0000000080000000, 0x0000000084300000, 0x00000000d5580000)
  object space 68608K, 86% used [0x0000000080000000,0x0000000083a3af78,0x0000000084300000)
 Metaspace       used 71008K, committed 72576K, reserved 1114112K
  class space    used 8850K, committed 9536K, reserved 1048576K
}
Event: 51.159 GC heap after
{Heap after GC invocations=60 (full 3):
 PSYoungGen      total 19456K, used 456K [0x00000000d5580000, 0x00000000d6a80000, 0x0000000100000000)
  eden space 17920K, 0% used [0x00000000d5580000,0x00000000d5580000,0x00000000d6700000)
  from space 1536K, 29% used [0x00000000d6700000,0x00000000d67721b8,0x00000000d6880000)
  to   space 1024K, 0% used [0x00000000d6980000,0x00000000d6980000,0x00000000d6a80000)
 ParOldGen       total 68608K, used 60039K [0x0000000080000000, 0x0000000084300000, 0x00000000d5580000)
  object space 68608K, 87% used [0x0000000080000000,0x0000000083aa1fa8,0x0000000084300000)
 Metaspace       used 71008K, committed 72576K, reserved 1114112K
  class space    used 8850K, committed 9536K, reserved 1048576K
}
Event: 52.455 GC heap before
{Heap before GC invocations=61 (full 3):
 PSYoungGen      total 19456K, used 18376K [0x00000000d5580000, 0x00000000d6a80000, 0x0000000100000000)
  eden space 17920K, 100% used [0x00000000d5580000,0x00000000d6700000,0x00000000d6700000)
  from space 1536K, 29% used [0x00000000d6700000,0x00000000d67721b8,0x00000000d6880000)
  to   space 1024K, 0% used [0x00000000d6980000,0x00000000d6980000,0x00000000d6a80000)
 ParOldGen       total 68608K, used 60039K [0x0000000080000000, 0x0000000084300000, 0x00000000d5580000)
  object space 68608K, 87% used [0x0000000080000000,0x0000000083aa1fa8,0x0000000084300000)
 Metaspace       used 71881K, committed 73408K, reserved 1114112K
  class space    used 8954K, committed 9664K, reserved 1048576K
}
Event: 52.456 GC heap after
{Heap after GC invocations=61 (full 3):
 PSYoungGen      total 18944K, used 576K [0x00000000d5580000, 0x00000000d6a80000, 0x0000000100000000)
  eden space 17920K, 0% used [0x00000000d5580000,0x00000000d5580000,0x00000000d6700000)
  from space 1024K, 56% used [0x00000000d6980000,0x00000000d6a10040,0x00000000d6a80000)
  to   space 1024K, 0% used [0x00000000d6880000,0x00000000d6880000,0x00000000d6980000)
 ParOldGen       total 68608K, used 60358K [0x0000000080000000, 0x0000000084300000, 0x00000000d5580000)
  object space 68608K, 87% used [0x0000000080000000,0x0000000083af18a8,0x0000000084300000)
 Metaspace       used 71881K, committed 73408K, reserved 1114112K
  class space    used 8954K, committed 9664K, reserved 1048576K
}

Dll operation events (15 events):
Event: 0.023 Loaded shared library c:\Users\hafid\.vscode\extensions\redhat.java-1.50.0-win32-x64\jre\21.0.9-win32-x86_64\bin\java.dll
Event: 0.137 Loaded shared library c:\Users\hafid\.vscode\extensions\redhat.java-1.50.0-win32-x64\jre\21.0.9-win32-x86_64\bin\zip.dll
Event: 0.176 Loaded shared library C:\Users\hafid\.vscode\extensions\redhat.java-1.50.0-win32-x64\jre\21.0.9-win32-x86_64\bin\instrument.dll
Event: 0.186 Loaded shared library C:\Users\hafid\.vscode\extensions\redhat.java-1.50.0-win32-x64\jre\21.0.9-win32-x86_64\bin\net.dll
Event: 0.191 Loaded shared library C:\Users\hafid\.vscode\extensions\redhat.java-1.50.0-win32-x64\jre\21.0.9-win32-x86_64\bin\nio.dll
Event: 0.197 Loaded shared library C:\Users\hafid\.vscode\extensions\redhat.java-1.50.0-win32-x64\jre\21.0.9-win32-x86_64\bin\zip.dll
Event: 0.243 Loaded shared library C:\Users\hafid\.vscode\extensions\redhat.java-1.50.0-win32-x64\jre\21.0.9-win32-x86_64\bin\jimage.dll
Event: 0.402 Loaded shared library c:\Users\hafid\.vscode\extensions\redhat.java-1.50.0-win32-x64\jre\21.0.9-win32-x86_64\bin\verify.dll
Event: 2.742 Loaded shared library C:\Users\hafid\AppData\Roaming\Code\User\globalStorage\redhat.java\1.50.0\config_win\org.eclipse.equinox.launcher\org.eclipse.equinox.launcher.win32.win32.x86_64_1.2.1400.v20250801-0854\eclipse_11916.dll
Event: 5.110 Loaded shared library C:\Users\hafid\AppData\Local\Temp\jna-99037288\jna4579290180274178864.dll
Event: 8.051 Loaded shared library C:\Users\hafid\.vscode\extensions\redhat.java-1.50.0-win32-x64\jre\21.0.9-win32-x86_64\bin\management.dll
Event: 8.056 Loaded shared library C:\Users\hafid\.vscode\extensions\redhat.java-1.50.0-win32-x64\jre\21.0.9-win32-x86_64\bin\management_ext.dll
Event: 13.340 Loaded shared library C:\Users\hafid\.gradle\native\1def1411415f61bf3af743bc5b6707747c0891f09f0c88961ee8f79bc544acac\windows-amd64\native-platform.dll
Event: 19.221 Loaded shared library C:\Users\hafid\.vscode\extensions\redhat.java-1.50.0-win32-x64\jre\21.0.9-win32-x86_64\bin\extnet.dll
Event: 24.295 Loaded shared library C:\Users\hafid\.vscode\extensions\redhat.java-1.50.0-win32-x64\jre\21.0.9-win32-x86_64\bin\sunmscapi.dll

Deoptimization events (20 events):
Event: 54.505 Thread 0x000001acff19b250 Uncommon trap: trap_request=0xffffff45 fr.pc=0x000001acaf7e16b0 relative=0x0000000000000810
Event: 54.505 Thread 0x000001acff19b250 Uncommon trap: reason=unstable_if action=reinterpret pc=0x000001acaf7e16b0 method=org.eclipse.core.internal.events.NodeIDMap.isEmpty()Z @ 4 c2
Event: 54.505 Thread 0x000001acff19b250 DEOPT PACKING pc=0x000001acaf7e16b0 sp=0x00000041d45feb80
Event: 54.505 Thread 0x000001acff19b250 DEOPT UNPACKING pc=0x000001acaec83aa2 sp=0x00000041d45feab8 mode 2
Event: 54.517 Thread 0x000001acff19b250 Uncommon trap: trap_request=0xffffffc6 fr.pc=0x000001acaf348714 relative=0x00000000000001f4
Event: 54.517 Thread 0x000001acff19b250 Uncommon trap: reason=bimorphic_or_optimized_type_check action=maybe_recompile pc=0x000001acaf348714 method=java.util.Collections.eq(Ljava/lang/Object;Ljava/lang/Object;)Z @ 18 c2
Event: 54.517 Thread 0x000001acff19b250 DEOPT PACKING pc=0x000001acaf348714 sp=0x00000041d45fe250
Event: 54.517 Thread 0x000001acff19b250 DEOPT UNPACKING pc=0x000001acaec83aa2 sp=0x00000041d45fe190 mode 2
Event: 54.518 Thread 0x000001acff19b250 Uncommon trap: trap_request=0xffffffc6 fr.pc=0x000001acaf348714 relative=0x00000000000001f4
Event: 54.518 Thread 0x000001acff19b250 Uncommon trap: reason=bimorphic_or_optimized_type_check action=maybe_recompile pc=0x000001acaf348714 method=java.util.Collections.eq(Ljava/lang/Object;Ljava/lang/Object;)Z @ 18 c2
Event: 54.518 Thread 0x000001acff19b250 DEOPT PACKING pc=0x000001acaf348714 sp=0x00000041d45fe3b0
Event: 54.518 Thread 0x000001acff19b250 DEOPT UNPACKING pc=0x000001acaec83aa2 sp=0x00000041d45fe2f0 mode 2
Event: 85.435 Thread 0x000001acff19b250 Uncommon trap: trap_request=0xffffffc6 fr.pc=0x000001acaf348714 relative=0x00000000000001f4
Event: 85.435 Thread 0x000001acff19b250 Uncommon trap: reason=bimorphic_or_optimized_type_check action=maybe_recompile pc=0x000001acaf348714 method=java.util.Collections.eq(Ljava/lang/Object;Ljava/lang/Object;)Z @ 18 c2
Event: 85.435 Thread 0x000001acff19b250 DEOPT PACKING pc=0x000001acaf348714 sp=0x00000041d45fe210
Event: 85.435 Thread 0x000001acff19b250 DEOPT UNPACKING pc=0x000001acaec83aa2 sp=0x00000041d45fe150 mode 2
Event: 85.435 Thread 0x000001acff19b250 Uncommon trap: trap_request=0xffffffc6 fr.pc=0x000001acaf348714 relative=0x00000000000001f4
Event: 85.435 Thread 0x000001acff19b250 Uncommon trap: reason=bimorphic_or_optimized_type_check action=maybe_recompile pc=0x000001acaf348714 method=java.util.Collections.eq(Ljava/lang/Object;Ljava/lang/Object;)Z @ 18 c2
Event: 85.435 Thread 0x000001acff19b250 DEOPT PACKING pc=0x000001acaf348714 sp=0x00000041d45fe370
Event: 85.435 Thread 0x000001acff19b250 DEOPT UNPACKING pc=0x000001acaec83aa2 sp=0x00000041d45fe2b0 mode 2

Classes loaded (20 events):
Event: 50.680 Loading class java/util/concurrent/CompletableFuture$Signaller
Event: 50.681 Loading class java/util/concurrent/CompletableFuture$Signaller done
Event: 50.865 Loading class java/util/Hashtable$KeySet
Event: 50.865 Loading class java/util/Hashtable$KeySet done
Event: 51.078 Loading class java/util/concurrent/CompletableFuture$UniApply
Event: 51.078 Loading class java/util/concurrent/CompletableFuture$UniCompletion
Event: 51.078 Loading class java/util/concurrent/CompletableFuture$UniCompletion done
Event: 51.078 Loading class java/util/concurrent/CompletableFuture$UniApply done
Event: 51.080 Loading class java/util/concurrent/CompletableFuture$UniAccept
Event: 51.081 Loading class java/util/concurrent/CompletableFuture$UniAccept done
Event: 51.083 Loading class java/util/concurrent/CompletableFuture$UniExceptionally
Event: 51.084 Loading class java/util/concurrent/CompletableFuture$UniExceptionally done
Event: 51.228 Loading class java/util/stream/DistinctOps
Event: 51.228 Loading class java/util/stream/DistinctOps done
Event: 51.228 Loading class java/util/stream/DistinctOps$1
Event: 51.229 Loading class java/util/stream/DistinctOps$1 done
Event: 51.235 Loading class java/util/stream/DistinctOps$1$2
Event: 51.235 Loading class java/util/stream/DistinctOps$1$2 done
Event: 51.516 Loading class java/io/SequenceInputStream
Event: 51.516 Loading class java/io/SequenceInputStream done

Classes unloaded (9 events):
Event: 5.862 Thread 0x000001aca45bd4e0 Unloading class 0x000001acbc1acc00 'java/lang/invoke/LambdaForm$MH+0x000001acbc1acc00'
Event: 5.862 Thread 0x000001aca45bd4e0 Unloading class 0x000001acbc1ac800 'java/lang/invoke/LambdaForm$MH+0x000001acbc1ac800'
Event: 5.862 Thread 0x000001aca45bd4e0 Unloading class 0x000001acbc1ac400 'java/lang/invoke/LambdaForm$MH+0x000001acbc1ac400'
Event: 5.862 Thread 0x000001aca45bd4e0 Unloading class 0x000001acbc1ac000 'java/lang/invoke/LambdaForm$MH+0x000001acbc1ac000'
Event: 5.862 Thread 0x000001aca45bd4e0 Unloading class 0x000001acbc1abc00 'java/lang/invoke/LambdaForm$BMH+0x000001acbc1abc00'
Event: 5.862 Thread 0x000001aca45bd4e0 Unloading class 0x000001acbc1ab800 'java/lang/invoke/LambdaForm$DMH+0x000001acbc1ab800'
Event: 5.862 Thread 0x000001aca45bd4e0 Unloading class 0x000001acbc1aa400 'java/lang/invoke/LambdaForm$DMH+0x000001acbc1aa400'
Event: 8.734 Thread 0x000001aca45bd4e0 Unloading class 0x000001acbc301000 'java/lang/invoke/LambdaForm$MH+0x000001acbc301000'
Event: 8.734 Thread 0x000001aca45bd4e0 Unloading class 0x000001acbc300000 'java/lang/invoke/LambdaForm$MH+0x000001acbc300000'

Classes redefined (0 events):
No events

Internal exceptions (20 events):
Event: 51.136 Thread 0x000001acff19abc0 Exception <a 'sun/nio/fs/WindowsException'{0x00000000d66a39f0}> (0x00000000d66a39f0) 
thrown [s\src\hotspot\share\prims\jni.cpp, line 520]
Event: 51.142 Thread 0x000001acff19abc0 Exception <a 'java/io/FileNotFoundException'{0x00000000d66bc580}> (0x00000000d66bc580) 
thrown [s\src\hotspot\share\prims\jni.cpp, line 520]
Event: 51.142 Thread 0x000001acff19abc0 Exception <a 'java/io/FileNotFoundException'{0x00000000d66bd550}> (0x00000000d66bd550) 
thrown [s\src\hotspot\share\prims\jni.cpp, line 520]
Event: 51.174 Thread 0x000001acff19abc0 Exception <a 'sun/nio/fs/WindowsException'{0x00000000d55d0780}> (0x00000000d55d0780) 
thrown [s\src\hotspot\share\prims\jni.cpp, line 520]
Event: 51.174 Thread 0x000001acff19abc0 Exception <a 'sun/nio/fs/WindowsException'{0x00000000d55d0e98}> (0x00000000d55d0e98) 
thrown [s\src\hotspot\share\prims\jni.cpp, line 520]
Event: 51.273 Thread 0x000001acff1970b0 Implicit null exception at 0x000001acaf6a4aca to 0x000001acaf6a5b58
Event: 51.273 Thread 0x000001acff1970b0 Implicit null exception at 0x000001acaf688d0d to 0x000001acaf689070
Event: 51.350 Thread 0x000001acff1970b0 Exception <a 'sun/nio/fs/WindowsException'{0x00000000d58c0da0}> (0x00000000d58c0da0) 
thrown [s\src\hotspot\share\prims\jni.cpp, line 520]
Event: 51.350 Thread 0x000001acff1970b0 Exception <a 'sun/nio/fs/WindowsException'{0x00000000d58c1768}> (0x00000000d58c1768) 
thrown [s\src\hotspot\share\prims\jni.cpp, line 520]
Event: 51.351 Thread 0x000001acff1970b0 Exception <a 'sun/nio/fs/WindowsException'{0x00000000d58c2758}> (0x00000000d58c2758) 
thrown [s\src\hotspot\share\prims\jni.cpp, line 520]
Event: 51.351 Thread 0x000001acff1970b0 Exception <a 'sun/nio/fs/WindowsException'{0x00000000d58c3120}> (0x00000000d58c3120) 
thrown [s\src\hotspot\share\prims\jni.cpp, line 520]
Event: 51.352 Thread 0x000001acff1970b0 Exception <a 'sun/nio/fs/WindowsException'{0x00000000d58c4ab8}> (0x00000000d58c4ab8) 
thrown [s\src\hotspot\share\prims\jni.cpp, line 520]
Event: 51.352 Thread 0x000001acff1970b0 Exception <a 'sun/nio/fs/WindowsException'{0x00000000d58c5480}> (0x00000000d58c5480) 
thrown [s\src\hotspot\share\prims\jni.cpp, line 520]
Event: 51.566 Thread 0x000001acff19abc0 Exception <a 'java/io/FileNotFoundException'{0x00000000d5df8290}> (0x00000000d5df8290) 
thrown [s\src\hotspot\share\prims\jni.cpp, line 520]
Event: 51.566 Thread 0x000001acff19abc0 Exception <a 'java/io/FileNotFoundException'{0x00000000d5df8ff8}> (0x00000000d5df8ff8) 
thrown [s\src\hotspot\share\prims\jni.cpp, line 520]
Event: 51.578 Thread 0x000001acff19abc0 Exception <a 'java/lang/NoSuchMethodError'{0x00000000d5e1c748}: 'java.lang.Object java.lang.invoke.DirectMethodHandle$Holder.invokeStatic(java.lang.Object, java.lang.Object, int, java.lang.Object)'> (0x00000000d5e1c748) 
thrown [s\src\hotspot\share\interpreter\linkResolver.cpp, line 773]
Event: 52.947 Thread 0x000001acff19abc0 Exception <a 'java/io/FileNotFoundException'{0x00000000d5b6cfa8}> (0x00000000d5b6cfa8) 
thrown [s\src\hotspot\share\prims\jni.cpp, line 520]
Event: 52.947 Thread 0x000001acff19abc0 Exception <a 'java/io/FileNotFoundException'{0x00000000d5b6e638}> (0x00000000d5b6e638) 
thrown [s\src\hotspot\share\prims\jni.cpp, line 520]
Event: 52.947 Thread 0x000001acff19abc0 Exception <a 'java/io/FileNotFoundException'{0x00000000d5b6f650}> (0x00000000d5b6f650) 
thrown [s\src\hotspot\share\prims\jni.cpp, line 520]
Event: 148.265 Thread 0x000001acff194950 Exception <a 'java/lang/NoSuchMethodError'{0x00000000d60313a8}: 'java.lang.Object java.lang.invoke.DirectMethodHandle$Holder.invokeStaticInit(java.lang.Object, java.lang.Object, java.lang.Object)'> (0x00000000d60313a8) 
thrown [s\src\hotspot\share\interpreter\linkResolver.cpp, line 773]

ZGC Phase Switch (0 events):
No events

VM Operations (20 events):
Event: 54.845 Executing VM operation: Cleanup
Event: 54.845 Executing VM operation: Cleanup done
Event: 60.091 Executing VM operation: HandshakeAllThreads (HandshakeForDeflation)
Event: 60.091 Executing VM operation: HandshakeAllThreads (HandshakeForDeflation) done
Event: 60.091 Executing VM operation: RendezvousGCThreads
Event: 60.091 Executing VM operation: RendezvousGCThreads done
Event: 86.101 Executing VM operation: Cleanup
Event: 86.101 Executing VM operation: Cleanup done
Event: 94.102 Executing VM operation: Cleanup
Event: 94.103 Executing VM operation: Cleanup done
Event: 97.104 Executing VM operation: Cleanup
Event: 97.104 Executing VM operation: Cleanup done
Event: 120.227 Executing VM operation: HandshakeAllThreads (HandshakeForDeflation)
Event: 120.227 Executing VM operation: HandshakeAllThreads (HandshakeForDeflation) done
Event: 120.227 Executing VM operation: RendezvousGCThreads
Event: 120.227 Executing VM operation: RendezvousGCThreads done
Event: 148.260 Executing VM operation: Cleanup
Event: 148.260 Executing VM operation: Cleanup done
Event: 149.261 Executing VM operation: Cleanup
Event: 149.261 Executing VM operation: Cleanup done

Memory protections (0 events):
No events

Nmethod flushes (20 events):
Event: 17.094 Thread 0x000001aca45bd4e0 flushing  nmethod 0x000001aca808ee10
Event: 17.094 Thread 0x000001aca45bd4e0 flushing  nmethod 0x000001aca8090790
Event: 17.094 Thread 0x000001aca45bd4e0 flushing  nmethod 0x000001aca809d590
Event: 17.094 Thread 0x000001aca45bd4e0 flushing  nmethod 0x000001aca80bbe90
Event: 17.094 Thread 0x000001aca45bd4e0 flushing  nmethod 0x000001aca80bd090
Event: 17.094 Thread 0x000001aca45bd4e0 flushing  nmethod 0x000001aca80bd610
Event: 17.094 Thread 0x000001aca45bd4e0 flushing  nmethod 0x000001aca80bde90
Event: 17.094 Thread 0x000001aca45bd4e0 flushing  nmethod 0x000001aca80be410
Event: 17.094 Thread 0x000001aca45bd4e0 flushing  nmethod 0x000001aca80be790
Event: 17.094 Thread 0x000001aca45bd4e0 flushing  nmethod 0x000001aca80c0310
Event: 17.094 Thread 0x000001aca45bd4e0 flushing  nmethod 0x000001aca80c0810
Event: 17.094 Thread 0x000001aca45bd4e0 flushing  nmethod 0x000001aca80c5610
Event: 17.094 Thread 0x000001aca45bd4e0 flushing  nmethod 0x000001aca80c5990
Event: 17.094 Thread 0x000001aca45bd4e0 flushing  nmethod 0x000001aca80f4390
Event: 17.094 Thread 0x000001aca45bd4e0 flushing  nmethod 0x000001aca80f4890
Event: 17.094 Thread 0x000001aca45bd4e0 flushing  nmethod 0x000001aca80f4e10
Event: 17.094 Thread 0x000001aca45bd4e0 flushing  nmethod 0x000001aca8103610
Event: 17.094 Thread 0x000001aca45bd4e0 flushing  nmethod 0x000001aca8104d10
Event: 17.094 Thread 0x000001aca45bd4e0 flushing  nmethod 0x000001aca8106e90
Event: 17.094 Thread 0x000001aca45bd4e0 flushing  nmethod 0x000001aca8107490

Events (20 events):
Event: 37.037 Thread 0x000001acfcccb240 Thread exited: 0x000001acfcccb240
Event: 37.387 Thread 0x000001acfda482e0 Thread added: 0x000001acfccca520
Event: 37.391 Thread 0x000001acfccca520 Thread exited: 0x000001acfccca520
Event: 39.007 Thread 0x000001acfccccc80 Thread exited: 0x000001acfccccc80
Event: 39.007 Thread 0x000001acfccc9e90 Thread exited: 0x000001acfccc9e90
Event: 50.401 Thread 0x000001acfccc8ae0 Thread exited: 0x000001acfccc8ae0
Event: 50.403 Thread 0x000001acfccc8450 Thread exited: 0x000001acfccc8450
Event: 50.404 Thread 0x000001acfccc7dc0 Thread exited: 0x000001acfccc7dc0
Event: 50.497 Thread 0x000001aca4408e30 Thread added: 0x000001acfe7195b0
Event: 54.495 Thread 0x000001acfe7195b0 Thread exited: 0x000001acfe7195b0
Event: 93.827 Thread 0x000001acfcccbf60 Thread exited: 0x000001acfcccbf60
Event: 93.827 Thread 0x000001acfccc70a0 Thread exited: 0x000001acfccc70a0
Event: 93.835 Thread 0x000001acfccc9800 Thread exited: 0x000001acfccc9800
Event: 111.365 Thread 0x000001acff1970b0 Thread exited: 0x000001acff1970b0
Event: 113.479 Thread 0x000001acfda475c0 Thread exited: 0x000001acfda475c0
Event: 114.623 Thread 0x000001acfda48970 Thread exited: 0x000001acfda48970
Event: 145.547 Thread 0x000001acfda468a0 Thread exited: 0x000001acfda468a0
Event: 148.488 Thread 0x000001acff194950 Thread added: 0x000001acfccc5cf0
Event: 156.700 Thread 0x000001acff19abc0 Thread exited: 0x000001acff19abc0
Event: 156.707 Thread 0x000001acfda45b80 Thread exited: 0x000001acfda45b80


Dynamic libraries:
0x00007ff7f2770000 - 0x00007ff7f277e000 	c:\Users\hafid\.vscode\extensions\redhat.java-1.50.0-win32-x64\jre\21.0.9-win32-x86_64\bin\java.exe
0x00007ff927fd0000 - 0x00007ff9281e7000 	C:\Windows\SYSTEM32\ntdll.dll
0x00007ff926360000 - 0x00007ff926424000 	C:\Windows\System32\KERNEL32.DLL
0x00007ff925570000 - 0x00007ff925927000 	C:\Windows\System32\KERNELBASE.dll
0x00007ff925be0000 - 0x00007ff925cf1000 	C:\Windows\System32\ucrtbase.dll
0x00007ff921750000 - 0x00007ff92176e000 	c:\Users\hafid\.vscode\extensions\redhat.java-1.50.0-win32-x64\jre\21.0.9-win32-x86_64\bin\VCRUNTIME140.dll
0x00007ff921b30000 - 0x00007ff921b48000 	c:\Users\hafid\.vscode\extensions\redhat.java-1.50.0-win32-x64\jre\21.0.9-win32-x86_64\bin\jli.dll
0x00007ff926080000 - 0x00007ff92622f000 	C:\Windows\System32\USER32.dll
0x00007ff925b40000 - 0x00007ff925b66000 	C:\Windows\System32\win32u.dll
0x00007ff9271b0000 - 0x00007ff9271d9000 	C:\Windows\System32\GDI32.dll
0x00007ff925450000 - 0x00007ff925568000 	C:\Windows\System32\gdi32full.dll
0x00007ff90f5c0000 - 0x00007ff90f853000 	C:\Windows\WinSxS\amd64_microsoft.windows.common-controls_6595b64144ccf1df_6.0.22621.3672_none_2713b9d173822955\COMCTL32.dll
0x00007ff925aa0000 - 0x00007ff925b3a000 	C:\Windows\System32\msvcp_win.dll
0x00007ff926690000 - 0x00007ff926737000 	C:\Windows\System32\msvcrt.dll
0x00007ff927160000 - 0x00007ff927191000 	C:\Windows\System32\IMM32.DLL
0x00007ff922210000 - 0x00007ff92221c000 	c:\Users\hafid\.vscode\extensions\redhat.java-1.50.0-win32-x64\jre\21.0.9-win32-x86_64\bin\vcruntime140_1.dll
0x00007ff909810000 - 0x00007ff90989d000 	c:\Users\hafid\.vscode\extensions\redhat.java-1.50.0-win32-x64\jre\21.0.9-win32-x86_64\bin\msvcp140.dll
0x00007ff8da900000 - 0x00007ff8db6a0000 	c:\Users\hafid\.vscode\extensions\redhat.java-1.50.0-win32-x64\jre\21.0.9-win32-x86_64\bin\server\jvm.dll
0x00007ff9264b0000 - 0x00007ff926562000 	C:\Windows\System32\ADVAPI32.dll
0x00007ff927820000 - 0x00007ff9278c8000 	C:\Windows\System32\sechost.dll
0x00007ff9259f0000 - 0x00007ff925a18000 	C:\Windows\System32\bcrypt.dll
0x00007ff926fb0000 - 0x00007ff9270c4000 	C:\Windows\System32\RPCRT4.dll
0x00007ff927f10000 - 0x00007ff927f81000 	C:\Windows\System32\WS2_32.dll
0x00007ff924150000 - 0x00007ff92419d000 	C:\Windows\SYSTEM32\POWRPROF.dll
0x00007ff921150000 - 0x00007ff92115a000 	C:\Windows\SYSTEM32\VERSION.dll
0x00007ff9215b0000 - 0x00007ff9215e4000 	C:\Windows\SYSTEM32\WINMM.dll
0x00007ff924130000 - 0x00007ff924143000 	C:\Windows\SYSTEM32\UMPDC.dll
0x00007ff924380000 - 0x00007ff924398000 	C:\Windows\SYSTEM32\kernel.appcore.dll
0x00007ff9215f0000 - 0x00007ff9215fa000 	c:\Users\hafid\.vscode\extensions\redhat.java-1.50.0-win32-x64\jre\21.0.9-win32-x86_64\bin\jimage.dll
0x00007ff90fcc0000 - 0x00007ff90fef2000 	C:\Windows\SYSTEM32\DBGHELP.DLL
0x00007ff9271e0000 - 0x00007ff92756e000 	C:\Windows\System32\combase.dll
0x00007ff926570000 - 0x00007ff926647000 	C:\Windows\System32\OLEAUT32.dll
0x00007ff914060000 - 0x00007ff914092000 	C:\Windows\SYSTEM32\dbgcore.DLL
0x00007ff925a20000 - 0x00007ff925a9b000 	C:\Windows\System32\bcryptPrimitives.dll
0x00007ff91ece0000 - 0x00007ff91ecef000 	c:\Users\hafid\.vscode\extensions\redhat.java-1.50.0-win32-x64\jre\21.0.9-win32-x86_64\bin\instrument.dll
0x00007ff91ed70000 - 0x00007ff91ed90000 	c:\Users\hafid\.vscode\extensions\redhat.java-1.50.0-win32-x64\jre\21.0.9-win32-x86_64\bin\java.dll
0x00007ff926740000 - 0x00007ff926fa9000 	C:\Windows\System32\SHELL32.dll
0x00007ff923210000 - 0x00007ff923b0f000 	C:\Windows\SYSTEM32\windows.storage.dll
0x00007ff9230d0000 - 0x00007ff92320f000 	C:\Windows\SYSTEM32\wintypes.dll
0x00007ff925ec0000 - 0x00007ff925fb9000 	C:\Windows\System32\SHCORE.dll
0x00007ff9262b0000 - 0x00007ff92630e000 	C:\Windows\System32\shlwapi.dll
0x00007ff925210000 - 0x00007ff925237000 	C:\Windows\SYSTEM32\profapi.dll
0x00007ff911ef0000 - 0x00007ff911f08000 	c:\Users\hafid\.vscode\extensions\redhat.java-1.50.0-win32-x64\jre\21.0.9-win32-x86_64\bin\zip.dll
0x00007ff91ed60000 - 0x00007ff91ed70000 	C:\Users\hafid\.vscode\extensions\redhat.java-1.50.0-win32-x64\jre\21.0.9-win32-x86_64\bin\net.dll
0x00007ff920a00000 - 0x00007ff920b36000 	C:\Windows\SYSTEM32\WINHTTP.dll
0x00007ff924840000 - 0x00007ff9248a9000 	C:\Windows\system32\mswsock.dll
0x00007ff908db0000 - 0x00007ff908dc6000 	C:\Users\hafid\.vscode\extensions\redhat.java-1.50.0-win32-x64\jre\21.0.9-win32-x86_64\bin\nio.dll
0x00007ff912e30000 - 0x00007ff912e40000 	c:\Users\hafid\.vscode\extensions\redhat.java-1.50.0-win32-x64\jre\21.0.9-win32-x86_64\bin\verify.dll
0x00007ff8f3660000 - 0x00007ff8f36a4000 	C:\Users\hafid\AppData\Roaming\Code\User\globalStorage\redhat.java\1.50.0\config_win\org.eclipse.equinox.launcher\org.eclipse.equinox.launcher.win32.win32.x86_64_1.2.1400.v20250801-0854\eclipse_11916.dll
0x00007ff927570000 - 0x00007ff927715000 	C:\Windows\System32\ole32.dll
0x00007ff924b90000 - 0x00007ff924bab000 	C:\Windows\SYSTEM32\CRYPTSP.dll
0x00007ff924340000 - 0x00007ff924375000 	C:\Windows\system32\rsaenh.dll
0x00007ff9248e0000 - 0x00007ff924908000 	C:\Windows\SYSTEM32\USERENV.dll
0x00007ff924b70000 - 0x00007ff924b7c000 	C:\Windows\SYSTEM32\CRYPTBASE.dll
0x00007ff923de0000 - 0x00007ff923e0d000 	C:\Windows\SYSTEM32\IPHLPAPI.DLL
0x00007ff9271a0000 - 0x00007ff9271a9000 	C:\Windows\System32\NSI.dll
0x00007ff8dd7a0000 - 0x00007ff8dd7e9000 	C:\Users\hafid\AppData\Local\Temp\jna-99037288\jna4579290180274178864.dll
0x00007ff926070000 - 0x00007ff926078000 	C:\Windows\System32\PSAPI.DLL
0x00007ff908d10000 - 0x00007ff908d1a000 	C:\Users\hafid\.vscode\extensions\redhat.java-1.50.0-win32-x64\jre\21.0.9-win32-x86_64\bin\management.dll
0x00007ff9069a0000 - 0x00007ff9069ac000 	C:\Users\hafid\.vscode\extensions\redhat.java-1.50.0-win32-x64\jre\21.0.9-win32-x86_64\bin\management_ext.dll
0x00007ff920bf0000 - 0x00007ff920c09000 	C:\Windows\SYSTEM32\dhcpcsvc6.DLL
0x00007ff91ff30000 - 0x00007ff91ff4f000 	C:\Windows\SYSTEM32\dhcpcsvc.DLL
0x00007ff912bd0000 - 0x00007ff912bf7000 	C:\Users\hafid\.gradle\native\1def1411415f61bf3af743bc5b6707747c0891f09f0c88961ee8f79bc544acac\windows-amd64\native-platform.dll
0x00007ff8ffb30000 - 0x00007ff8ffb39000 	C:\Users\hafid\.vscode\extensions\redhat.java-1.50.0-win32-x64\jre\21.0.9-win32-x86_64\bin\extnet.dll
0x00007ff903610000 - 0x00007ff90361e000 	C:\Users\hafid\.vscode\extensions\redhat.java-1.50.0-win32-x64\jre\21.0.9-win32-x86_64\bin\sunmscapi.dll
0x00007ff9252e0000 - 0x00007ff925446000 	C:\Windows\System32\CRYPT32.dll
0x00007ff924ca0000 - 0x00007ff924ccd000 	C:\Windows\SYSTEM32\ncrypt.dll
0x00007ff924c60000 - 0x00007ff924c97000 	C:\Windows\SYSTEM32\NTASN1.dll
0x00007ff8adc60000 - 0x00007ff8adc68000 	C:\Windows\system32\wshunix.dll
0x00007ff923e50000 - 0x00007ff923f52000 	C:\Windows\SYSTEM32\DNSAPI.dll
0x00007ff91c500000 - 0x00007ff91c50a000 	C:\Windows\System32\rasadhlp.dll
0x00007ff91e600000 - 0x00007ff91e683000 	C:\Windows\System32\fwpuclnt.dll

JVMTI agents:
c:\Users\hafid\.vscode\extensions\redhat.java-1.50.0-win32-x64\lombok\lombok-1.18.39-4050.jar path:c:\Users\hafid\.vscode\extensions\redhat.java-1.50.0-win32-x64\jre\21.0.9-win32-x86_64\bin\instrument.dll, loaded, initialized, instrumentlib options:none

dbghelp: loaded successfully - version: 4.0.5 - missing functions: none
symbol engine: initialized successfully - sym options: 0x614 - pdb path: .;c:\Users\hafid\.vscode\extensions\redhat.java-1.50.0-win32-x64\jre\21.0.9-win32-x86_64\bin;C:\Windows\SYSTEM32;C:\Windows\WinSxS\amd64_microsoft.windows.common-controls_6595b64144ccf1df_6.0.22621.3672_none_2713b9d173822955;c:\Users\hafid\.vscode\extensions\redhat.java-1.50.0-win32-x64\jre\21.0.9-win32-x86_64\bin\server;C:\Users\hafid\AppData\Roaming\Code\User\globalStorage\redhat.java\1.50.0\config_win\org.eclipse.equinox.launcher\org.eclipse.equinox.launcher.win32.win32.x86_64_1.2.1400.v20250801-0854;C:\Users\hafid\AppData\Local\Temp\jna-99037288;C:\Users\hafid\.gradle\native\1def1411415f61bf3af743bc5b6707747c0891f09f0c88961ee8f79bc544acac\windows-amd64

VM Arguments:
jvm_args: --add-modules=ALL-SYSTEM --add-opens=java.base/java.util=ALL-UNNAMED --add-opens=java.base/java.lang=ALL-UNNAMED --add-opens=java.base/sun.nio.fs=ALL-UNNAMED -Declipse.application=org.eclipse.jdt.ls.core.id1 -Dosgi.bundles.defaultStartLevel=4 -Declipse.product=org.eclipse.jdt.ls.core.product -Djava.import.generatesMetadataFilesAtProjectRoot=false -DDetectVMInstallationsJob.disabled=true -Dfile.encoding=utf8 -XX:+UseParallelGC -XX:GCTimeRatio=4 -XX:AdaptiveSizePolicyWeight=90 -Dsun.zip.disableMemoryMapping=true -Xmx2G -Xms100m -Xlog:disable -javaagent:c:\Users\hafid\.vscode\extensions\redhat.java-1.50.0-win32-x64\lombok\lombok-1.18.39-4050.jar -XX:+HeapDumpOnOutOfMemoryError -XX:HeapDumpPath=c:\Users\hafid\AppData\Roaming\Code\User\workspaceStorage\271670c6d88b3c30270340dfd9cafa37\redhat.java -Daether.dependencyCollector.impl=bf 
java_command: c:\Users\hafid\.vscode\extensions\redhat.java-1.50.0-win32-x64\server\plugins\org.eclipse.equinox.launcher_1.7.100.v20251111-0406.jar -configuration c:\Users\hafid\AppData\Roaming\Code\User\globalStorage\redhat.java\1.50.0\config_win -data c:\Users\hafid\AppData\Roaming\Code\User\workspaceStorage\271670c6d88b3c30270340dfd9cafa37\redhat.java\jdt_ws --pipe=\\.\pipe\lsp-a62738bf7cf91dbc2a9528e23242cc39-sock
java_class_path (initial): c:\Users\hafid\.vscode\extensions\redhat.java-1.50.0-win32-x64\server\plugins\org.eclipse.equinox.launcher_1.7.100.v20251111-0406.jar
Launcher Type: SUN_STANDARD

[Global flags]
    uintx AdaptiveSizePolicyWeight                 = 90                                        {product} {command line}
     intx CICompilerCount                          = 3                                         {product} {ergonomic}
    uintx GCTimeRatio                              = 4                                         {product} {command line}
     bool HeapDumpOnOutOfMemoryError               = true                                   {manageable} {command line}
    ccstr HeapDumpPath                             = c:\Users\hafid\AppData\Roaming\Code\User\workspaceStorage\271670c6d88b3c30270340dfd9cafa37\redhat.java         {manageable} {command line}
   size_t InitialHeapSize                          = 104857600                                 {product} {command line}
   size_t MaxHeapSize                              = 2147483648                                {product} {command line}
   size_t MaxNewSize                               = 715653120                                 {product} {ergonomic}
   size_t MinHeapDeltaBytes                        = 524288                                    {product} {ergonomic}
   size_t MinHeapSize                              = 104857600                                 {product} {command line}
   size_t NewSize                                  = 34603008                                  {product} {ergonomic}
    uintx NonNMethodCodeHeapSize                   = 5832780                                {pd product} {ergonomic}
    uintx NonProfiledCodeHeapSize                  = 122912730                              {pd product} {ergonomic}
   size_t OldSize                                  = 70254592                                  {product} {ergonomic}
    uintx ProfiledCodeHeapSize                     = 122912730                              {pd product} {ergonomic}
    uintx ReservedCodeCacheSize                    = 251658240                              {pd product} {ergonomic}
     bool SegmentedCodeCache                       = true                                      {product} {ergonomic}
   size_t SoftMaxHeapSize                          = 2147483648                             {manageable} {ergonomic}
     bool UseCompressedOops                        = true                           {product lp64_product} {ergonomic}
     bool UseLargePagesIndividualAllocation        = false                                  {pd product} {ergonomic}
     bool UseParallelGC                            = true                                      {product} {command line}

Logging:
Log output configuration:
 #0: stdout all=off uptime,level,tags foldmultilines=false
 #1: stderr all=off uptime,level,tags foldmultilines=false

Release file:
JAVA_VERSION="21.0.9" 
MODULES="java.base java.compiler java.datatransfer java.xml java.prefs java.desktop java.instrument java.logging java.management java.security.sasl java.naming java.rmi java.management.rmi java.net.http java.scripting java.security.jgss java.transaction.xa java.sql java.sql.rowset java.xml.crypto java.se java.smartcardio jdk.accessibility jdk.internal.jvmstat jdk.attach jdk.charsets jdk.internal.opt jdk.zipfs jdk.compiler jdk.crypto.ec jdk.crypto.cryptoki jdk.crypto.mscapi jdk.dynalink jdk.internal.ed jdk.editpad jdk.hotspot.agent jdk.httpserver jdk.internal.le jdk.internal.vm.ci jdk.internal.vm.compiler jdk.internal.vm.compiler.management jdk.jartool jdk.javadoc jdk.jcmd jdk.management jdk.management.agent jdk.jconsole jdk.jdeps jdk.jdwp.agent jdk.jdi jdk.jfr jdk.jshell jdk.jsobject jdk.jstatd jdk.localedata jdk.management.jfr jdk.naming.dns jdk.naming.rmi jdk.net jdk.nio.mapmode jdk.random jdk.sctp jdk.security.auth jdk.security.jgss jdk.unsupported jdk.unsupported.desktop jdk.xml.dom" 

Environment Variables:
JAVA_HOME=C:\Program Files\Eclipse Adoptium\jdk-17.0.15.6-hotspot
PATH=C:\Program Files\Eclipse Adoptium\jdk-17.0.15.6-hotspot\bin;C:\Program Files\Eclipse Adoptium\jdk-17.0.15.6-hotspot\bin;C:\Program Files\Common Files\Oracle\Java\javapath;C:\ProgramData\Oracle\Java\javapath;C:\Windows\system32;C:\Windows;C:\Windows\System32\Wbem;C:\Windows\System32\WindowsPowerShell\v1.0\;C:\Windows\System32\OpenSSH\;C:\Program Files (x86)\NVIDIA Corporation\PhysX\Common;C:\Windows\System32;C:\Users\Git\cmd;C:\Program Files\Docker\Docker\resources\bin;C:\Program Files\MongoDB\Server\8.0\bin;C:\xampp\php;C:\ProgramData\ComposerSetup\bin;C:\flutter\bin;C:\Users\hafid\AppData\Local\Android\sdk\platform-tools;C:\Program Files\nodejs\;C:\kotlinc\bin;C:\Users\hafid\AppData\Local\Programs\Python\Python310\Scripts\;C:\Users\hafid\AppData\Local\Programs\Python\Python310\;C:\Users\hafid\AppData\Local\Microsoft\WindowsApps;C:\Users\hafid\AppData\Local\Programs\Microsoft VS Code\bin;C:\Users\hafid\AppData\Roaming\Composer\vendor\bin;C:\Users\hafid\AppData\Roaming\npm;C:\Users\hafid\AppData\Local\Google\Cloud SDK\google-cloud-sdk\bin;D:\cursor\resources\app\bin;C:\Users\hafid\AppData\Local\Programs\Windsurf\bin;C:\Users\hafid\AppData\Local\Programs\Antigravity\bin
USERNAME=hafid
OS=Windows_NT
PROCESSOR_IDENTIFIER=Intel64 Family 6 Model 142 Stepping 9, GenuineIntel
TMP=C:\Users\hafid\AppData\Local\Temp
TEMP=C:\Users\hafid\AppData\Local\Temp




Periodic native trim disabled

---------------  S Y S T E M  ---------------

OS:
 Windows 11 , 64 bit Build 22621 (10.0.22621.3958)
OS uptime: 0 days 2:18 hours
Hyper-V role detected

CPU: total 4 (initial active 4) (2 cores per cpu, 2 threads per core) family 6 model 142 stepping 9 microcode 0xde, cx8, cmov, fxsr, ht, mmx, 3dnowpref, sse, sse2, sse3, ssse3, sse4.1, sse4.2, popcnt, lzcnt, tsc, tscinvbit, avx, avx2, aes, erms, clmul, bmi1, bmi2, adx, fma, vzeroupper, clflush, clflushopt, hv, rdtscp, f16c
Processor Information for the first 4 processors :
  Max Mhz: 2712, Current Mhz: 2511, Mhz Limit: 2495

Memory: 4k page, system-wide physical 3964M (391M free)
TotalPageFile size 16252M (AvailPageFile size 0M)
current process WorkingSet (physical memory assigned to process): 21M, peak: 299M
current process commit charge ("private bytes"): 347M, peak: 368M

vm_info: OpenJDK 64-Bit Server VM (21.0.9+10-LTS) for windows-amd64 JRE (21.0.9+10-LTS), built on 2025-10-21T00:00:00Z by "admin" with unknown MS VC++:1942

END.
