#
# There is insufficient memory for the Java Runtime Environment to continue.
# Native memory allocation (mmap) failed to map 212860928 bytes. Error detail: G1 virtual space
# Possible reasons:
#   The system is out of physical RAM or swap space
#   This process is running with CompressedOops enabled, and the Java Heap may be blocking the growth of the native heap
# Possible solutions:
#   Reduce memory load on the system
#   Increase physical memory or swap space
#   Check if swap backing store is full
#   Decrease Java heap size (-Xmx/-Xms)
#   Decrease number of Java threads
#   Decrease Java thread stack sizes (-Xss)
#   Set larger code cache with -XX:ReservedCodeCacheSize=
#   JVM is running with Unscaled Compressed Oops mode in which the Java heap is
#     placed in the first 4GB address space. The Java Heap base address is the
#     maximum limit for the native heap growth. Please use -XX:HeapBaseMinAddress
#     to set the Java Heap base and to place the Java Heap above 4GB virtual address.
# This output file may be truncated or incomplete.
#
#  Out of Memory Error (os_windows.cpp:3618), pid=14656, tid=3104
#
# JRE version: OpenJDK Runtime Environment Temurin-17.0.15+6 (17.0.15+6) (build 17.0.15+6)
# Java VM: OpenJDK 64-Bit Server VM Temurin-17.0.15+6 (17.0.15+6, mixed mode, sharing, tiered, compressed oops, compressed class ptrs, g1 gc, windows-amd64)
# No core dump will be written. Minidumps are not enabled by default on client versions of Windows
#

---------------  S U M M A R Y ------------

Command Line: --add-opens=java.base/java.lang=ALL-UNNAMED --add-opens=java.base/java.lang.invoke=ALL-UNNAMED --add-opens=java.base/java.util=ALL-UNNAMED --add-opens=java.prefs/java.util.prefs=ALL-UNNAMED --add-exports=jdk.compiler/com.sun.tools.javac.api=ALL-UNNAMED --add-exports=jdk.compiler/com.sun.tools.javac.util=ALL-UNNAMED --add-opens=java.base/java.util=ALL-UNNAMED --add-opens=java.prefs/java.util.prefs=ALL-UNNAMED --add-opens=java.base/java.nio.charset=ALL-UNNAMED --add-opens=java.base/java.net=ALL-UNNAMED --add-opens=java.base/java.util.concurrent.atomic=ALL-UNNAMED --add-opens=java.xml/javax.xml.namespace=ALL-UNNAMED -Xmx2048m -Dfile.encoding=UTF-8 -Duser.country=ID -Duser.language=en -Duser.variant -javaagent:C:\Users\hafid\.gradle\wrapper\dists\gradle-8.13-bin\5xuhj0ry160q40clulazy9h7d\gradle-8.13\lib\agents\gradle-instrumentation-agent-8.13.jar org.gradle.launcher.daemon.bootstrap.GradleDaemon 8.13

Host: Intel(R) Core(TM) i5-7200U CPU @ 2.50GHz, 4 cores, 3G,  Windows 11 , 64 bit Build 22621 (10.0.22621.3958)
Time: Fri Dec  5 10:13:41 2025 SE Asia Standard Time elapsed time: 25.980470 seconds (0d 0h 0m 25s)

---------------  T H R E A D  ---------------

Current thread (0x000001e02a23f430):  VMThread "VM Thread" [stack: 0x00000085e0300000,0x00000085e0400000] [id=3104]

Stack: [0x00000085e0300000,0x00000085e0400000]
Native frames: (J=compiled Java code, j=interpreted, Vv=VM code, C=native code)
V  [jvm.dll+0x682fc9]
V  [jvm.dll+0x839878]
V  [jvm.dll+0x83b323]
V  [jvm.dll+0x83b993]
V  [jvm.dll+0x24725f]
V  [jvm.dll+0x67fda9]
V  [jvm.dll+0x674c9a]
V  [jvm.dll+0x304d06]
V  [jvm.dll+0x30c1c6]
V  [jvm.dll+0x35dd4e]
V  [jvm.dll+0x35df8d]
V  [jvm.dll+0x2dc0cc]
V  [jvm.dll+0x2da46f]
V  [jvm.dll+0x2d9bdc]
V  [jvm.dll+0x31d3bb]
V  [jvm.dll+0x8401cd]
V  [jvm.dll+0x840f03]
V  [jvm.dll+0x84142f]
V  [jvm.dll+0x841814]
V  [jvm.dll+0x8418de]
V  [jvm.dll+0x7e94dc]
V  [jvm.dll+0x681ea7]
C  [ucrtbase.dll+0x29333]
C  [KERNEL32.DLL+0x1257d]
C  [ntdll.dll+0x5af08]

VM_Operation (0x00000085e19f5870): G1CollectForAllocation, mode: safepoint, requested by thread 0x000001e0713c2ab0


---------------  P R O C E S S  ---------------

Threads class SMR info:
_java_thread_list=0x000001e070cd61e0, length=47, elements={
0x000001e00c66e410, 0x000001e02a2460d0, 0x000001e02a247430, 0x000001e02a256fc0,
0x000001e02a257a90, 0x000001e02a25cc40, 0x000001e02a261610, 0x000001e02a283a60,
0x000001e02a284370, 0x000001e02a285d80, 0x000001e02a22db90, 0x000001e02a51d360,
0x000001e070c77540, 0x000001e070b730c0, 0x000001e0707d9c80, 0x000001e070b535f0,
0x000001e070b53ad0, 0x000001e0713c25a0, 0x000001e0713c2ab0, 0x000001e0713c2fc0,
0x000001e0713c34d0, 0x000001e0713c4e20, 0x000001e0713c4910, 0x000001e0713c4400,
0x000001e0713c5330, 0x000001e0713c3ef0, 0x000001e0713c2090, 0x000001e0735cf1f0,
0x000001e0735d29a0, 0x000001e0735d42f0, 0x000001e0735d4d10, 0x000001e0735d5220,
0x000001e0735d1560, 0x000001e0735cddb0, 0x000001e0735d0b40, 0x000001e0735d1a70,
0x000001e0735d33c0, 0x000001e0735ce2c0, 0x000001e0735d38d0, 0x000001e0735cf700,
0x000001e0735d1f80, 0x000001e0735ce7d0, 0x000001e0735cfc10, 0x000001e0735d0120,
0x000001e0735d1050, 0x000001e0735d2490, 0x000001e07342edb0
}

Java Threads: ( => current thread )
  0x000001e00c66e410 JavaThread "main" [_thread_blocked, id=9868, stack(0x00000085dfd00000,0x00000085dfe00000)]
  0x000001e02a2460d0 JavaThread "Reference Handler" daemon [_thread_blocked, id=11424, stack(0x00000085e0400000,0x00000085e0500000)]
  0x000001e02a247430 JavaThread "Finalizer" daemon [_thread_blocked, id=12648, stack(0x00000085e0500000,0x00000085e0600000)]
  0x000001e02a256fc0 JavaThread "Signal Dispatcher" daemon [_thread_blocked, id=2652, stack(0x00000085e0600000,0x00000085e0700000)]
  0x000001e02a257a90 JavaThread "Attach Listener" daemon [_thread_blocked, id=12100, stack(0x00000085e0700000,0x00000085e0800000)]
  0x000001e02a25cc40 JavaThread "Service Thread" daemon [_thread_blocked, id=17124, stack(0x00000085e0800000,0x00000085e0900000)]
  0x000001e02a261610 JavaThread "Monitor Deflation Thread" daemon [_thread_blocked, id=14792, stack(0x00000085e0900000,0x00000085e0a00000)]
  0x000001e02a283a60 JavaThread "C2 CompilerThread0" daemon [_thread_blocked, id=9112, stack(0x00000085e0a00000,0x00000085e0b00000)]
  0x000001e02a284370 JavaThread "C1 CompilerThread0" daemon [_thread_blocked, id=17384, stack(0x00000085e0b00000,0x00000085e0c00000)]
  0x000001e02a285d80 JavaThread "Sweeper thread" daemon [_thread_blocked, id=16208, stack(0x00000085e0c00000,0x00000085e0d00000)]
  0x000001e02a22db90 JavaThread "Common-Cleaner" daemon [_thread_blocked, id=16776, stack(0x00000085e0d00000,0x00000085e0e00000)]
  0x000001e02a51d360 JavaThread "Notification Thread" daemon [_thread_blocked, id=8640, stack(0x00000085e0e00000,0x00000085e0f00000)]
  0x000001e070c77540 JavaThread "Daemon health stats" [_thread_blocked, id=16540, stack(0x00000085e1300000,0x00000085e1400000)]
  0x000001e070b730c0 JavaThread "Incoming local TCP Connector on port 52011" [_thread_in_native, id=16900, stack(0x00000085e1400000,0x00000085e1500000)]
  0x000001e0707d9c80 JavaThread "Daemon periodic checks" [_thread_blocked, id=12320, stack(0x00000085e1500000,0x00000085e1600000)]
  0x000001e070b535f0 JavaThread "Daemon" [_thread_blocked, id=16472, stack(0x00000085e1600000,0x00000085e1700000)]
  0x000001e070b53ad0 JavaThread "Handler for socket connection from /127.0.0.1:52011 to /127.0.0.1:52012" [_thread_in_native, id=13628, stack(0x00000085e1700000,0x00000085e1800000)]
  0x000001e0713c25a0 JavaThread "Cancel handler" [_thread_blocked, id=16644, stack(0x00000085e1800000,0x00000085e1900000)]
  0x000001e0713c2ab0 JavaThread "Daemon worker" [_thread_blocked, id=8312, stack(0x00000085e1900000,0x00000085e1a00000)]
  0x000001e0713c2fc0 JavaThread "Asynchronous log dispatcher for DefaultDaemonConnection: socket connection from /127.0.0.1:52011 to /127.0.0.1:52012" [_thread_blocked, id=9184, stack(0x00000085e1a00000,0x00000085e1b00000)]
  0x000001e0713c34d0 JavaThread "Stdin handler" [_thread_blocked, id=2208, stack(0x00000085e1b00000,0x00000085e1c00000)]
  0x000001e0713c4e20 JavaThread "Daemon client event forwarder" [_thread_blocked, id=8916, stack(0x00000085e1c00000,0x00000085e1d00000)]
  0x000001e0713c4910 JavaThread "Cache worker for journal cache (C:\Users\hafid\.gradle\caches\journal-1)" [_thread_blocked, id=3776, stack(0x00000085e1d00000,0x00000085e1e00000)]
  0x000001e0713c4400 JavaThread "File lock request listener" [_thread_in_native, id=14300, stack(0x00000085e1e00000,0x00000085e1f00000)]
  0x000001e0713c5330 JavaThread "Cache worker for file hash cache (C:\Users\hafid\.gradle\caches\8.13\fileHashes)" [_thread_blocked, id=2420, stack(0x00000085e1f00000,0x00000085e2000000)]
  0x000001e0713c3ef0 JavaThread "Cache worker for file hash cache (C:\Sparin Clone\SparIn\.gradle\8.13\fileHashes)" [_thread_blocked, id=12628, stack(0x00000085e2000000,0x00000085e2100000)]
  0x000001e0713c2090 JavaThread "Cache worker for Build Output Cleanup Cache (C:\Sparin Clone\SparIn\.gradle\buildOutputCleanup)" [_thread_blocked, id=16224, stack(0x00000085e2100000,0x00000085e2200000)]
  0x000001e0735cf1f0 JavaThread "File watcher server" daemon [_thread_in_native, id=14388, stack(0x00000085e2200000,0x00000085e2300000)]
  0x000001e0735d29a0 JavaThread "File watcher consumer" daemon [_thread_blocked, id=17228, stack(0x00000085e2300000,0x00000085e2400000)]
  0x000001e0735d42f0 JavaThread "jar transforms" [_thread_blocked, id=4048, stack(0x00000085e2400000,0x00000085e2500000)]
  0x000001e0735d4d10 JavaThread "jar transforms Thread 2" [_thread_blocked, id=15836, stack(0x00000085e2500000,0x00000085e2600000)]
  0x000001e0735d5220 JavaThread "jar transforms Thread 3" [_thread_blocked, id=12672, stack(0x00000085e2600000,0x00000085e2700000)]
  0x000001e0735d1560 JavaThread "jar transforms Thread 4" [_thread_blocked, id=13816, stack(0x00000085e2700000,0x00000085e2800000)]
  0x000001e0735cddb0 JavaThread "Cache worker for checksums cache (C:\Sparin Clone\SparIn\.gradle\8.13\checksums)" [_thread_blocked, id=3156, stack(0x00000085e2800000,0x00000085e2900000)]
  0x000001e0735d0b40 JavaThread "Cache worker for file content cache (C:\Users\hafid\.gradle\caches\8.13\fileContent)" [_thread_blocked, id=14840, stack(0x00000085e2900000,0x00000085e2a00000)]
  0x000001e0735d1a70 JavaThread "Cache worker for cache directory md-supplier (C:\Users\hafid\.gradle\caches\8.13\md-supplier)" [_thread_blocked, id=3224, stack(0x00000085e2a00000,0x00000085e2b00000)]
  0x000001e0735d33c0 JavaThread "Cache worker for cache directory md-rule (C:\Users\hafid\.gradle\caches\8.13\md-rule)" [_thread_blocked, id=14284, stack(0x00000085e2b00000,0x00000085e2c00000)]
  0x000001e0735ce2c0 JavaThread "Unconstrained build operations" [_thread_blocked, id=11240, stack(0x00000085e2c00000,0x00000085e2d00000)]
  0x000001e0735d38d0 JavaThread "Unconstrained build operations Thread 2" [_thread_blocked, id=17188, stack(0x00000085e2d00000,0x00000085e2e00000)]
  0x000001e0735cf700 JavaThread "Unconstrained build operations Thread 3" [_thread_blocked, id=14092, stack(0x00000085e2e00000,0x00000085e2f00000)]
  0x000001e0735d1f80 JavaThread "Unconstrained build operations Thread 4" [_thread_blocked, id=6452, stack(0x00000085e2f00000,0x00000085e3000000)]
  0x000001e0735ce7d0 JavaThread "Unconstrained build operations Thread 5" [_thread_blocked, id=3108, stack(0x00000085e3000000,0x00000085e3100000)]
  0x000001e0735cfc10 JavaThread "Unconstrained build operations Thread 6" [_thread_blocked, id=9408, stack(0x00000085e3100000,0x00000085e3200000)]
  0x000001e0735d0120 JavaThread "Unconstrained build operations Thread 7" [_thread_blocked, id=10616, stack(0x00000085e3200000,0x00000085e3300000)]
  0x000001e0735d1050 JavaThread "Unconstrained build operations Thread 8" [_thread_blocked, id=13316, stack(0x00000085e3300000,0x00000085e3400000)]
  0x000001e0735d2490 JavaThread "Unconstrained build operations Thread 9" [_thread_blocked, id=16988, stack(0x00000085e3400000,0x00000085e3500000)]
  0x000001e07342edb0 JavaThread "C2 CompilerThread1" daemon [_thread_blocked, id=10232, stack(0x00000085e3500000,0x00000085e3600000)]

Other Threads:
=>0x000001e02a23f430 VMThread "VM Thread" [stack: 0x00000085e0300000,0x00000085e0400000] [id=3104]
  0x000001e02a52cf90 WatcherThread [stack: 0x00000085e0f00000,0x00000085e1000000] [id=15956]
  0x000001e00c6c8f60 GCTaskThread "GC Thread#0" [stack: 0x00000085dfe00000,0x00000085dff00000] [id=16088]
  0x000001e02a631e60 GCTaskThread "GC Thread#1" [stack: 0x00000085e1000000,0x00000085e1100000] [id=1596]
  0x000001e02a7ada20 GCTaskThread "GC Thread#2" [stack: 0x00000085e1100000,0x00000085e1200000] [id=16432]
  0x000001e02af4f250 GCTaskThread "GC Thread#3" [stack: 0x00000085e1200000,0x00000085e1300000] [id=5552]
  0x000001e00c6d9d50 ConcurrentGCThread "G1 Main Marker" [stack: 0x00000085dff00000,0x00000085e0000000] [id=16880]
  0x000001e00c6db620 ConcurrentGCThread "G1 Conc#0" [stack: 0x00000085e0000000,0x00000085e0100000] [id=11008]
  0x000001e02a100090 ConcurrentGCThread "G1 Refine#0" [stack: 0x00000085e0100000,0x00000085e0200000] [id=1488]
  0x000001e02a100960 ConcurrentGCThread "G1 Service" [stack: 0x00000085e0200000,0x00000085e0300000] [id=16920]

Threads with active compile tasks:
C2 CompilerThread0    26030 9670       4       org.objectweb.asm.SymbolTable::addConstantMemberReference (147 bytes)
C2 CompilerThread1    26030 9664       4       org.gradle.internal.service.DefaultServiceRegistry$ClassInspector$ClassDetails::collectTypes (63 bytes)

VM state: at safepoint (normal execution)

VM Mutex/Monitor currently owned by a thread:  ([mutex/lock_event])
[0x000001e00c669140] Threads_lock - owner thread: 0x000001e02a23f430
[0x000001e00c66a070] Heap_lock - owner thread: 0x000001e0713c2ab0

Heap address: 0x0000000080000000, size: 2048 MB, Compressed Oops mode: 32-bit

CDS archive(s) mapped at: [0x000001e02b000000-0x000001e02bbb0000-0x000001e02bbb0000), size 12255232, SharedBaseAddress: 0x000001e02b000000, ArchiveRelocationMode: 1.
Compressed class space mapped at: 0x000001e02c000000-0x000001e06c000000, reserved size: 1073741824
Narrow klass base: 0x000001e02b000000, Narrow klass shift: 0, Narrow klass range: 0x100000000

GC Precious Log:
 CPUs: 4 total, 4 available
 Memory: 3964M
 Large Page Support: Disabled
 NUMA Support: Disabled
 Compressed Oops: Enabled (32-bit)
 Heap Region Size: 1M
 Heap Min Capacity: 8M
 Heap Initial Capacity: 62M
 Heap Max Capacity: 2G
 Pre-touch: Disabled
 Parallel Workers: 4
 Concurrent Workers: 1
 Concurrent Refinement Workers: 4
 Periodic GC: Disabled

Heap:
 garbage-first heap   total 133120K, used 76555K [0x0000000080000000, 0x0000000100000000)
  region size 1024K, 3 young (3072K), 3 survivors (3072K)
 Metaspace       used 63755K, committed 64512K, reserved 1114112K
  class space    used 8591K, committed 8960K, reserved 1048576K

Heap Regions: E=young(eden), S=young(survivor), O=old, HS=humongous(starts), HC=humongous(continues), CS=collection set, F=free, OA=open archive, CA=closed archive, TAMS=top-at-mark-start (previous, next)
|   0|0x0000000080000000, 0x0000000080100000, 0x0000000080100000|100%|HS|  |TAMS 0x0000000080100000, 0x0000000080100000| Complete 
|   1|0x0000000080100000, 0x0000000080200000, 0x0000000080200000|100%|HC|  |TAMS 0x0000000080200000, 0x0000000080200000| Complete 
|   2|0x0000000080200000, 0x0000000080300000, 0x0000000080300000|100%|HC|  |TAMS 0x0000000080300000, 0x0000000080300000| Complete 
|   3|0x0000000080300000, 0x0000000080400000, 0x0000000080400000|100%| O|  |TAMS 0x0000000080400000, 0x0000000080400000| Untracked 
|   4|0x0000000080400000, 0x0000000080500000, 0x0000000080500000|100%| O|  |TAMS 0x0000000080500000, 0x0000000080500000| Untracked 
|   5|0x0000000080500000, 0x0000000080600000, 0x0000000080600000|100%| O|  |TAMS 0x0000000080600000, 0x0000000080600000| Untracked 
|   6|0x0000000080600000, 0x0000000080700000, 0x0000000080700000|100%| O|  |TAMS 0x0000000080700000, 0x0000000080700000| Untracked 
|   7|0x0000000080700000, 0x0000000080800000, 0x0000000080800000|100%|HS|  |TAMS 0x0000000080800000, 0x0000000080800000| Complete 
|   8|0x0000000080800000, 0x0000000080900000, 0x0000000080900000|100%| O|  |TAMS 0x0000000080900000, 0x0000000080900000| Untracked 
|   9|0x0000000080900000, 0x0000000080a00000, 0x0000000080a00000|100%| O|  |TAMS 0x0000000080a00000, 0x0000000080a00000| Untracked 
|  10|0x0000000080a00000, 0x0000000080b00000, 0x0000000080b00000|100%| O|  |TAMS 0x0000000080b00000, 0x0000000080b00000| Untracked 
|  11|0x0000000080b00000, 0x0000000080c00000, 0x0000000080c00000|100%| O|  |TAMS 0x0000000080c00000, 0x0000000080c00000| Untracked 
|  12|0x0000000080c00000, 0x0000000080d00000, 0x0000000080d00000|100%| O|  |TAMS 0x0000000080d00000, 0x0000000080d00000| Untracked 
|  13|0x0000000080d00000, 0x0000000080e00000, 0x0000000080e00000|100%| O|  |TAMS 0x0000000080e00000, 0x0000000080e00000| Untracked 
|  14|0x0000000080e00000, 0x0000000080f00000, 0x0000000080f00000|100%| O|  |TAMS 0x0000000080f00000, 0x0000000080f00000| Untracked 
|  15|0x0000000080f00000, 0x0000000081000000, 0x0000000081000000|100%| O|  |TAMS 0x0000000081000000, 0x0000000081000000| Untracked 
|  16|0x0000000081000000, 0x0000000081100000, 0x0000000081100000|100%| O|  |TAMS 0x0000000081100000, 0x0000000081100000| Untracked 
|  17|0x0000000081100000, 0x0000000081200000, 0x0000000081200000|100%| O|  |TAMS 0x0000000081200000, 0x0000000081200000| Untracked 
|  18|0x0000000081200000, 0x0000000081300000, 0x0000000081300000|100%| O|  |TAMS 0x0000000081300000, 0x0000000081300000| Untracked 
|  19|0x0000000081300000, 0x0000000081400000, 0x0000000081400000|100%| O|  |TAMS 0x0000000081400000, 0x0000000081400000| Untracked 
|  20|0x0000000081400000, 0x0000000081500000, 0x0000000081500000|100%| O|  |TAMS 0x0000000081500000, 0x0000000081500000| Untracked 
|  21|0x0000000081500000, 0x0000000081600000, 0x0000000081600000|100%| O|  |TAMS 0x0000000081600000, 0x0000000081600000| Untracked 
|  22|0x0000000081600000, 0x0000000081700000, 0x0000000081700000|100%| O|  |TAMS 0x0000000081700000, 0x0000000081700000| Untracked 
|  23|0x0000000081700000, 0x0000000081800000, 0x0000000081800000|100%| O|  |TAMS 0x0000000081800000, 0x0000000081800000| Untracked 
|  24|0x0000000081800000, 0x0000000081900000, 0x0000000081900000|100%| O|  |TAMS 0x0000000081900000, 0x0000000081900000| Untracked 
|  25|0x0000000081900000, 0x0000000081a00000, 0x0000000081a00000|100%| O|  |TAMS 0x0000000081a00000, 0x0000000081a00000| Untracked 
|  26|0x0000000081a00000, 0x0000000081b00000, 0x0000000081b00000|100%| O|  |TAMS 0x0000000081b00000, 0x0000000081b00000| Untracked 
|  27|0x0000000081b00000, 0x0000000081c00000, 0x0000000081c00000|100%| O|  |TAMS 0x0000000081c00000, 0x0000000081c00000| Untracked 
|  28|0x0000000081c00000, 0x0000000081d00000, 0x0000000081d00000|100%| O|  |TAMS 0x0000000081d00000, 0x0000000081d00000| Untracked 
|  29|0x0000000081d00000, 0x0000000081e00000, 0x0000000081e00000|100%| O|  |TAMS 0x0000000081e00000, 0x0000000081e00000| Untracked 
|  30|0x0000000081e00000, 0x0000000081f00000, 0x0000000081f00000|100%| O|  |TAMS 0x0000000081f00000, 0x0000000081f00000| Untracked 
|  31|0x0000000081f00000, 0x0000000082000000, 0x0000000082000000|100%| O|  |TAMS 0x0000000082000000, 0x0000000082000000| Untracked 
|  32|0x0000000082000000, 0x0000000082100000, 0x0000000082100000|100%| O|  |TAMS 0x0000000082100000, 0x0000000082100000| Untracked 
|  33|0x0000000082100000, 0x0000000082200000, 0x0000000082200000|100%| O|  |TAMS 0x0000000082200000, 0x0000000082200000| Untracked 
|  34|0x0000000082200000, 0x0000000082300000, 0x0000000082300000|100%| O|  |TAMS 0x0000000082300000, 0x0000000082300000| Untracked 
|  35|0x0000000082300000, 0x0000000082400000, 0x0000000082400000|100%| O|  |TAMS 0x0000000082400000, 0x0000000082400000| Untracked 
|  36|0x0000000082400000, 0x0000000082500000, 0x0000000082500000|100%|HS|  |TAMS 0x0000000082400000, 0x0000000082500000| Complete 
|  37|0x0000000082500000, 0x0000000082600000, 0x0000000082600000|100%| O|  |TAMS 0x0000000082600000, 0x0000000082600000| Untracked 
|  38|0x0000000082600000, 0x0000000082700000, 0x0000000082700000|100%| O|  |TAMS 0x0000000082700000, 0x0000000082700000| Untracked 
|  39|0x0000000082700000, 0x0000000082800000, 0x0000000082800000|100%| O|  |TAMS 0x0000000082800000, 0x0000000082800000| Untracked 
|  40|0x0000000082800000, 0x0000000082900000, 0x0000000082900000|100%| O|  |TAMS 0x0000000082900000, 0x0000000082900000| Untracked 
|  41|0x0000000082900000, 0x0000000082a00000, 0x0000000082a00000|100%| O|  |TAMS 0x0000000082a00000, 0x0000000082a00000| Untracked 
|  42|0x0000000082a00000, 0x0000000082b00000, 0x0000000082b00000|100%| O|  |TAMS 0x0000000082b00000, 0x0000000082b00000| Untracked 
|  43|0x0000000082b00000, 0x0000000082c00000, 0x0000000082c00000|100%| O|  |TAMS 0x0000000082c00000, 0x0000000082c00000| Untracked 
|  44|0x0000000082c00000, 0x0000000082d00000, 0x0000000082d00000|100%| O|  |TAMS 0x0000000082d00000, 0x0000000082d00000| Untracked 
|  45|0x0000000082d00000, 0x0000000082e00000, 0x0000000082e00000|100%| O|  |TAMS 0x0000000082e00000, 0x0000000082e00000| Untracked 
|  46|0x0000000082e00000, 0x0000000082f00000, 0x0000000082f00000|100%| O|  |TAMS 0x0000000082f00000, 0x0000000082f00000| Untracked 
|  47|0x0000000082f00000, 0x0000000083000000, 0x0000000083000000|100%| O|  |TAMS 0x0000000082f9ac00, 0x0000000083000000| Untracked 
|  48|0x0000000083000000, 0x0000000083100000, 0x0000000083100000|100%|HS|  |TAMS 0x0000000083100000, 0x0000000083100000| Complete 
|  49|0x0000000083100000, 0x0000000083200000, 0x0000000083200000|100%|HS|  |TAMS 0x0000000083200000, 0x0000000083200000| Complete 
|  50|0x0000000083200000, 0x0000000083300000, 0x0000000083300000|100%|HS|  |TAMS 0x0000000083300000, 0x0000000083300000| Complete 
|  51|0x0000000083300000, 0x0000000083400000, 0x0000000083400000|100%|HC|  |TAMS 0x0000000083400000, 0x0000000083400000| Complete 
|  52|0x0000000083400000, 0x0000000083500000, 0x0000000083500000|100%|HS|  |TAMS 0x0000000083500000, 0x0000000083500000| Complete 
|  53|0x0000000083500000, 0x0000000083600000, 0x0000000083600000|100%|HC|  |TAMS 0x0000000083600000, 0x0000000083600000| Complete 
|  54|0x0000000083600000, 0x0000000083700000, 0x0000000083700000|100%|HS|  |TAMS 0x0000000083700000, 0x0000000083700000| Complete 
|  55|0x0000000083700000, 0x0000000083800000, 0x0000000083800000|100%|HS|  |TAMS 0x0000000083800000, 0x0000000083800000| Complete 
|  56|0x0000000083800000, 0x0000000083900000, 0x0000000083900000|100%|HC|  |TAMS 0x0000000083900000, 0x0000000083900000| Complete 
|  57|0x0000000083900000, 0x0000000083a00000, 0x0000000083a00000|100%|HC|  |TAMS 0x0000000083a00000, 0x0000000083a00000| Complete 
|  58|0x0000000083a00000, 0x0000000083b00000, 0x0000000083b00000|100%| O|  |TAMS 0x0000000083a00000, 0x0000000083b00000| Untracked 
|  59|0x0000000083b00000, 0x0000000083c00000, 0x0000000083c00000|100%|HS|  |TAMS 0x0000000083b00000, 0x0000000083c00000| Complete 
|  60|0x0000000083c00000, 0x0000000083d00000, 0x0000000083d00000|100%|HS|  |TAMS 0x0000000083c00000, 0x0000000083d00000| Complete 
|  61|0x0000000083d00000, 0x0000000083e00000, 0x0000000083e00000|100%| O|  |TAMS 0x0000000083d00000, 0x0000000083e00000| Untracked 
|  62|0x0000000083e00000, 0x0000000083f00000, 0x0000000083f00000|100%| O|  |TAMS 0x0000000083e00000, 0x0000000083f00000| Untracked 
|  63|0x0000000083f00000, 0x0000000084000000, 0x0000000084000000|100%| O|  |TAMS 0x0000000083f00000, 0x0000000084000000| Untracked 
|  64|0x0000000084000000, 0x0000000084100000, 0x0000000084100000|100%| O|  |TAMS 0x0000000084000000, 0x0000000084100000| Untracked 
|  65|0x0000000084100000, 0x0000000084200000, 0x0000000084200000|100%| O|  |TAMS 0x0000000084100000, 0x0000000084200000| Untracked 
|  66|0x0000000084200000, 0x0000000084300000, 0x0000000084300000|100%| O|  |TAMS 0x0000000084200000, 0x0000000084300000| Untracked 
|  67|0x0000000084300000, 0x0000000084400000, 0x0000000084400000|100%| O|  |TAMS 0x0000000084300000, 0x0000000084400000| Untracked 
|  68|0x0000000084400000, 0x0000000084500000, 0x0000000084500000|100%| O|  |TAMS 0x0000000084400000, 0x0000000084500000| Untracked 
|  69|0x0000000084500000, 0x0000000084600000, 0x0000000084600000|100%| O|  |TAMS 0x0000000084500000, 0x0000000084600000| Untracked 
|  70|0x0000000084600000, 0x0000000084700000, 0x0000000084700000|100%| O|  |TAMS 0x0000000084600000, 0x0000000084700000| Untracked 
|  71|0x0000000084700000, 0x0000000084800000, 0x0000000084800000|100%| O|  |TAMS 0x0000000084700000, 0x0000000084800000| Untracked 
|  72|0x0000000084800000, 0x000000008489c800, 0x0000000084900000| 61%| O|  |TAMS 0x0000000084800000, 0x000000008489c800| Untracked 
|  73|0x0000000084900000, 0x0000000084900000, 0x0000000084a00000|  0%| F|  |TAMS 0x0000000084900000, 0x0000000084900000| Untracked 
|  74|0x0000000084a00000, 0x0000000084a00000, 0x0000000084b00000|  0%| F|  |TAMS 0x0000000084a00000, 0x0000000084a00000| Untracked 
|  75|0x0000000084b00000, 0x0000000084b00000, 0x0000000084c00000|  0%| F|  |TAMS 0x0000000084b00000, 0x0000000084b00000| Untracked 
|  76|0x0000000084c00000, 0x0000000084c00000, 0x0000000084d00000|  0%| F|  |TAMS 0x0000000084c00000, 0x0000000084c00000| Untracked 
|  77|0x0000000084d00000, 0x0000000084d00000, 0x0000000084e00000|  0%| F|  |TAMS 0x0000000084d00000, 0x0000000084d00000| Untracked 
|  78|0x0000000084e00000, 0x0000000084e00000, 0x0000000084f00000|  0%| F|  |TAMS 0x0000000084e00000, 0x0000000084e00000| Untracked 
|  79|0x0000000084f00000, 0x0000000084f00000, 0x0000000085000000|  0%| F|  |TAMS 0x0000000084f00000, 0x0000000084f00000| Untracked 
|  80|0x0000000085000000, 0x0000000085000000, 0x0000000085100000|  0%| F|  |TAMS 0x0000000085000000, 0x0000000085000000| Untracked 
|  81|0x0000000085100000, 0x0000000085100000, 0x0000000085200000|  0%| F|  |TAMS 0x0000000085100000, 0x0000000085100000| Untracked 
|  82|0x0000000085200000, 0x0000000085200000, 0x0000000085300000|  0%| F|  |TAMS 0x0000000085200000, 0x0000000085200000| Untracked 
|  83|0x0000000085300000, 0x0000000085300000, 0x0000000085400000|  0%| F|  |TAMS 0x0000000085300000, 0x0000000085300000| Untracked 
|  84|0x0000000085400000, 0x0000000085400000, 0x0000000085500000|  0%| F|  |TAMS 0x0000000085400000, 0x0000000085400000| Untracked 
|  85|0x0000000085500000, 0x0000000085500000, 0x0000000085600000|  0%| F|  |TAMS 0x0000000085500000, 0x0000000085500000| Untracked 
|  86|0x0000000085600000, 0x0000000085600000, 0x0000000085700000|  0%| F|  |TAMS 0x0000000085600000, 0x0000000085600000| Untracked 
|  87|0x0000000085700000, 0x0000000085700000, 0x0000000085800000|  0%| F|  |TAMS 0x0000000085700000, 0x0000000085700000| Untracked 
|  88|0x0000000085800000, 0x0000000085800000, 0x0000000085900000|  0%| F|  |TAMS 0x0000000085800000, 0x0000000085800000| Untracked 
|  89|0x0000000085900000, 0x0000000085900000, 0x0000000085a00000|  0%| F|  |TAMS 0x0000000085900000, 0x0000000085900000| Untracked 
|  90|0x0000000085a00000, 0x0000000085a00000, 0x0000000085b00000|  0%| F|  |TAMS 0x0000000085a00000, 0x0000000085a00000| Untracked 
|  91|0x0000000085b00000, 0x0000000085b00000, 0x0000000085c00000|  0%| F|  |TAMS 0x0000000085b00000, 0x0000000085b00000| Untracked 
|  92|0x0000000085c00000, 0x0000000085c00000, 0x0000000085d00000|  0%| F|  |TAMS 0x0000000085c00000, 0x0000000085c00000| Untracked 
|  93|0x0000000085d00000, 0x0000000085d266e0, 0x0000000085e00000| 15%| S|CS|TAMS 0x0000000085d00000, 0x0000000085d00000| Complete 
|  94|0x0000000085e00000, 0x0000000085f00000, 0x0000000085f00000|100%| S|CS|TAMS 0x0000000085e00000, 0x0000000085e00000| Complete 
|  95|0x0000000085f00000, 0x0000000086000000, 0x0000000086000000|100%| S|CS|TAMS 0x0000000085f00000, 0x0000000085f00000| Complete 
|  96|0x0000000086000000, 0x0000000086000000, 0x0000000086100000|  0%| F|  |TAMS 0x0000000086000000, 0x0000000086000000| Untracked 
|  97|0x0000000086100000, 0x0000000086100000, 0x0000000086200000|  0%| F|  |TAMS 0x0000000086100000, 0x0000000086100000| Untracked 
|  98|0x0000000086200000, 0x0000000086200000, 0x0000000086300000|  0%| F|  |TAMS 0x0000000086200000, 0x0000000086200000| Untracked 
|  99|0x0000000086300000, 0x0000000086300000, 0x0000000086400000|  0%| F|  |TAMS 0x0000000086300000, 0x0000000086300000| Untracked 
| 100|0x0000000086400000, 0x0000000086400000, 0x0000000086500000|  0%| F|  |TAMS 0x0000000086400000, 0x0000000086400000| Untracked 
| 101|0x0000000086500000, 0x0000000086500000, 0x0000000086600000|  0%| F|  |TAMS 0x0000000086500000, 0x0000000086500000| Untracked 
| 102|0x0000000086600000, 0x0000000086600000, 0x0000000086700000|  0%| F|  |TAMS 0x0000000086600000, 0x0000000086600000| Untracked 
| 103|0x0000000086700000, 0x0000000086700000, 0x0000000086800000|  0%| F|  |TAMS 0x0000000086700000, 0x0000000086700000| Untracked 
| 104|0x0000000086800000, 0x0000000086800000, 0x0000000086900000|  0%| F|  |TAMS 0x0000000086800000, 0x0000000086800000| Untracked 
| 105|0x0000000086900000, 0x0000000086900000, 0x0000000086a00000|  0%| F|  |TAMS 0x0000000086900000, 0x0000000086900000| Untracked 
| 106|0x0000000086a00000, 0x0000000086a00000, 0x0000000086b00000|  0%| F|  |TAMS 0x0000000086a00000, 0x0000000086a00000| Untracked 
| 107|0x0000000086b00000, 0x0000000086b00000, 0x0000000086c00000|  0%| F|  |TAMS 0x0000000086b00000, 0x0000000086b00000| Untracked 
| 108|0x0000000086c00000, 0x0000000086c00000, 0x0000000086d00000|  0%| F|  |TAMS 0x0000000086c00000, 0x0000000086c00000| Untracked 
| 109|0x0000000086d00000, 0x0000000086d00000, 0x0000000086e00000|  0%| F|  |TAMS 0x0000000086d00000, 0x0000000086d00000| Untracked 
| 110|0x0000000086e00000, 0x0000000086e00000, 0x0000000086f00000|  0%| F|  |TAMS 0x0000000086e00000, 0x0000000086e00000| Untracked 
| 111|0x0000000086f00000, 0x0000000086f00000, 0x0000000087000000|  0%| F|  |TAMS 0x0000000086f00000, 0x0000000086f00000| Untracked 
| 112|0x0000000087000000, 0x0000000087000000, 0x0000000087100000|  0%| F|  |TAMS 0x0000000087000000, 0x0000000087000000| Untracked 
| 113|0x0000000087100000, 0x0000000087100000, 0x0000000087200000|  0%| F|  |TAMS 0x0000000087100000, 0x0000000087100000| Untracked 
| 114|0x0000000087200000, 0x0000000087200000, 0x0000000087300000|  0%| F|  |TAMS 0x0000000087200000, 0x0000000087200000| Untracked 
| 115|0x0000000087300000, 0x0000000087300000, 0x0000000087400000|  0%| F|  |TAMS 0x0000000087300000, 0x0000000087300000| Untracked 
| 116|0x0000000087400000, 0x0000000087400000, 0x0000000087500000|  0%| F|  |TAMS 0x0000000087400000, 0x0000000087400000| Untracked 
| 117|0x0000000087500000, 0x0000000087500000, 0x0000000087600000|  0%| F|  |TAMS 0x0000000087500000, 0x0000000087500000| Untracked 
| 118|0x0000000087600000, 0x0000000087600000, 0x0000000087700000|  0%| F|  |TAMS 0x0000000087600000, 0x0000000087600000| Untracked 
| 119|0x0000000087700000, 0x0000000087700000, 0x0000000087800000|  0%| F|  |TAMS 0x0000000087700000, 0x0000000087700000| Untracked 
| 120|0x0000000087800000, 0x0000000087800000, 0x0000000087900000|  0%| F|  |TAMS 0x0000000087800000, 0x0000000087800000| Untracked 
| 121|0x0000000087900000, 0x0000000087900000, 0x0000000087a00000|  0%| F|  |TAMS 0x0000000087900000, 0x0000000087900000| Untracked 
| 122|0x0000000087a00000, 0x0000000087a00000, 0x0000000087b00000|  0%| F|  |TAMS 0x0000000087a00000, 0x0000000087a00000| Untracked 
| 123|0x0000000087b00000, 0x0000000087b00000, 0x0000000087c00000|  0%| F|  |TAMS 0x0000000087b00000, 0x0000000087b00000| Untracked 
| 124|0x0000000087c00000, 0x0000000087c00000, 0x0000000087d00000|  0%| F|  |TAMS 0x0000000087c00000, 0x0000000087c00000| Untracked 
| 125|0x0000000087d00000, 0x0000000087d00000, 0x0000000087e00000|  0%| F|  |TAMS 0x0000000087d00000, 0x0000000087d00000| Untracked 
| 126|0x0000000087e00000, 0x0000000087e00000, 0x0000000087f00000|  0%| F|  |TAMS 0x0000000087e00000, 0x0000000087e00000| Untracked 
| 127|0x0000000087f00000, 0x0000000087f00000, 0x0000000088000000|  0%| F|  |TAMS 0x0000000087f00000, 0x0000000087f00000| Untracked 
| 128|0x0000000088000000, 0x0000000088000000, 0x0000000088100000|  0%| F|  |TAMS 0x0000000088000000, 0x0000000088000000| Untracked 
| 129|0x0000000088100000, 0x0000000088100000, 0x0000000088200000|  0%| F|  |TAMS 0x0000000088100000, 0x0000000088100000| Untracked 

Card table byte_map: [0x000001e0235c0000,0x000001e0239c0000] _byte_map_base: 0x000001e0231c0000

Marking Bits (Prev, Next): (CMBitMap*) 0x000001e00c6c9460, (CMBitMap*) 0x000001e00c6c9420
 Prev Bits: [0x000001e025dc0000, 0x000001e027dc0000)
 Next Bits: [0x000001e023dc0000, 0x000001e025dc0000)

Polling page: 0x000001e00a620000

Metaspace:

Usage:
  Non-class:     53.87 MB used.
      Class:      8.39 MB used.
       Both:     62.26 MB used.

Virtual space:
  Non-class space:       64.00 MB reserved,      54.25 MB ( 85%) committed,  1 nodes.
      Class space:        1.00 GB reserved,       8.75 MB ( <1%) committed,  1 nodes.
             Both:        1.06 GB reserved,      63.00 MB (  6%) committed. 

Chunk freelists:
   Non-Class:  9.31 MB
       Class:  7.23 MB
        Both:  16.55 MB

MaxMetaspaceSize: unlimited
CompressedClassSpaceSize: 1.00 GB
Initial GC threshold: 21.00 MB
Current GC threshold: 95.88 MB
CDS: on
MetaspaceReclaimPolicy: balanced
 - commit_granule_bytes: 65536.
 - commit_granule_words: 8192.
 - virtual_space_node_default_size: 8388608.
 - enlarge_chunks_in_place: 1.
 - new_chunks_are_fully_committed: 0.
 - uncommit_free_chunks: 1.
 - use_allocation_guard: 0.
 - handle_deallocations: 1.


Internal statistics:

num_allocs_failed_limit: 6.
num_arena_births: 930.
num_arena_deaths: 0.
num_vsnodes_births: 2.
num_vsnodes_deaths: 0.
num_space_committed: 1008.
num_space_uncommitted: 0.
num_chunks_returned_to_freelist: 6.
num_chunks_taken_from_freelist: 3576.
num_chunk_merges: 6.
num_chunk_splits: 2356.
num_chunks_enlarged: 1555.
num_inconsistent_stats: 0.

CodeHeap 'non-profiled nmethods': size=120000Kb used=4135Kb max_used=4135Kb free=115864Kb
 bounds [0x000001e01bc90000, 0x000001e01c0a0000, 0x000001e0231c0000]
CodeHeap 'profiled nmethods': size=120000Kb used=15906Kb max_used=15906Kb free=104094Kb
 bounds [0x000001e0141c0000, 0x000001e015150000, 0x000001e01b6f0000]
CodeHeap 'non-nmethods': size=5760Kb used=2360Kb max_used=2467Kb free=3399Kb
 bounds [0x000001e01b6f0000, 0x000001e01b970000, 0x000001e01bc90000]
 total_blobs=9518 nmethods=8631 adapters=799
 compilation: enabled
              stopped_count=0, restarted_count=0
 full_count=0

Compilation events (20 events):
Event: 25.941 Thread 0x000001e02a284370 9652       3       org.gradle.internal.Describables::of (10 bytes)
Event: 25.941 Thread 0x000001e02a284370 nmethod 9652 0x000001e015144510 code [0x000001e0151446c0, 0x000001e015144a38]
Event: 25.941 Thread 0x000001e02a284370 9654       3       org.gradle.internal.serialization.Cached::of (9 bytes)
Event: 25.942 Thread 0x000001e02a284370 nmethod 9654 0x000001e015144b90 code [0x000001e015144d40, 0x000001e015145018]
Event: 25.942 Thread 0x000001e02a284370 9655       3       org.gradle.internal.instantiation.generator.ManagedObjectFactory::displayNameFor (73 bytes)
Event: 25.942 Thread 0x000001e07342edb0 nmethod 9651 0x000001e01c097810 code [0x000001e01c0979e0, 0x000001e01c097f20]
Event: 25.942 Thread 0x000001e07342edb0 9664       4       org.gradle.internal.service.DefaultServiceRegistry$ClassInspector$ClassDetails::collectTypes (63 bytes)
Event: 25.943 Thread 0x000001e02a284370 nmethod 9655 0x000001e015145110 code [0x000001e015145440, 0x000001e0151469a8]
Event: 25.946 Thread 0x000001e02a283a60 nmethod 9656 0x000001e01c098210 code [0x000001e01c0983c0, 0x000001e01c098a68]
Event: 25.946 Thread 0x000001e02a283a60 9663       4       com.google.common.collect.SingletonImmutableList::get (11 bytes)
Event: 25.947 Thread 0x000001e02a283a60 nmethod 9663 0x000001e01c098d10 code [0x000001e01c098e80, 0x000001e01c098f18]
Event: 25.947 Thread 0x000001e02a283a60 9665       4       org.gradle.internal.instantiation.generator.AsmBackedClassGenerator::access$9600 (4 bytes)
Event: 25.947 Thread 0x000001e02a283a60 nmethod 9665 0x000001e01c099010 code [0x000001e01c099180, 0x000001e01c0991d8]
Event: 25.962 Thread 0x000001e02a283a60 9666       4       java.lang.ReflectiveOperationException::<init> (7 bytes)
Event: 25.963 Thread 0x000001e02a284370 9668       3       org.objectweb.asm.MethodWriter::visitLdcInsn (215 bytes)
Event: 25.964 Thread 0x000001e02a284370 nmethod 9668 0x000001e015147090 code [0x000001e015147300, 0x000001e015147e28]
Event: 25.968 Thread 0x000001e02a284370 9672       2       java.lang.Throwable::<init> (39 bytes)
Event: 25.969 Thread 0x000001e02a284370 nmethod 9672 0x000001e015148290 code [0x000001e015148440, 0x000001e015148788]
Event: 25.969 Thread 0x000001e02a283a60 nmethod 9666 0x000001e01c099310 code [0x000001e01c0994a0, 0x000001e01c099c88]
Event: 25.969 Thread 0x000001e02a283a60 9670       4       org.objectweb.asm.SymbolTable::addConstantMemberReference (147 bytes)

GC Heap History (20 events):
Event: 10.809 GC heap after
{Heap after GC invocations=18 (full 0):
 garbage-first heap   total 133120K, used 35397K [0x0000000080000000, 0x0000000100000000)
  region size 1024K, 1 young (1024K), 1 survivors (1024K)
 Metaspace       used 38330K, committed 38848K, reserved 1114112K
  class space    used 5183K, committed 5440K, reserved 1048576K
}
Event: 12.300 GC heap before
{Heap before GC invocations=18 (full 0):
 garbage-first heap   total 133120K, used 104005K [0x0000000080000000, 0x0000000100000000)
  region size 1024K, 68 young (69632K), 1 survivors (1024K)
 Metaspace       used 43703K, committed 44224K, reserved 1114112K
  class space    used 6044K, committed 6272K, reserved 1048576K
}
Event: 12.307 GC heap after
{Heap after GC invocations=19 (full 0):
 garbage-first heap   total 133120K, used 38100K [0x0000000080000000, 0x0000000100000000)
  region size 1024K, 3 young (3072K), 3 survivors (3072K)
 Metaspace       used 43703K, committed 44224K, reserved 1114112K
  class space    used 6044K, committed 6272K, reserved 1048576K
}
Event: 13.869 GC heap before
{Heap before GC invocations=19 (full 0):
 garbage-first heap   total 133120K, used 105684K [0x0000000080000000, 0x0000000100000000)
  region size 1024K, 69 young (70656K), 3 survivors (3072K)
 Metaspace       used 51245K, committed 51840K, reserved 1114112K
  class space    used 7125K, committed 7424K, reserved 1048576K
}
Event: 13.880 GC heap after
{Heap after GC invocations=20 (full 0):
 garbage-first heap   total 133120K, used 42428K [0x0000000080000000, 0x0000000100000000)
  region size 1024K, 7 young (7168K), 7 survivors (7168K)
 Metaspace       used 51245K, committed 51840K, reserved 1114112K
  class space    used 7125K, committed 7424K, reserved 1048576K
}
Event: 16.327 GC heap before
{Heap before GC invocations=20 (full 0):
 garbage-first heap   total 133120K, used 105916K [0x0000000080000000, 0x0000000100000000)
  region size 1024K, 69 young (70656K), 7 survivors (7168K)
 Metaspace       used 55748K, committed 56384K, reserved 1114112K
  class space    used 7763K, committed 8064K, reserved 1048576K
}
Event: 16.346 GC heap after
{Heap after GC invocations=21 (full 0):
 garbage-first heap   total 133120K, used 47453K [0x0000000080000000, 0x0000000100000000)
  region size 1024K, 9 young (9216K), 9 survivors (9216K)
 Metaspace       used 55748K, committed 56384K, reserved 1114112K
  class space    used 7763K, committed 8064K, reserved 1048576K
}
Event: 18.759 GC heap before
{Heap before GC invocations=21 (full 0):
 garbage-first heap   total 133120K, used 104797K [0x0000000080000000, 0x0000000100000000)
  region size 1024K, 66 young (67584K), 9 survivors (9216K)
 Metaspace       used 56729K, committed 57408K, reserved 1114112K
  class space    used 7858K, committed 8192K, reserved 1048576K
}
Event: 18.784 GC heap after
{Heap after GC invocations=22 (full 0):
 garbage-first heap   total 133120K, used 51200K [0x0000000080000000, 0x0000000100000000)
  region size 1024K, 5 young (5120K), 5 survivors (5120K)
 Metaspace       used 56729K, committed 57408K, reserved 1114112K
  class space    used 7858K, committed 8192K, reserved 1048576K
}
Event: 19.748 GC heap before
{Heap before GC invocations=22 (full 0):
 garbage-first heap   total 133120K, used 106496K [0x0000000080000000, 0x0000000100000000)
  region size 1024K, 59 young (60416K), 5 survivors (5120K)
 Metaspace       used 56922K, committed 57600K, reserved 1114112K
  class space    used 7858K, committed 8192K, reserved 1048576K
}
Event: 19.755 GC heap after
{Heap after GC invocations=23 (full 0):
 garbage-first heap   total 133120K, used 52632K [0x0000000080000000, 0x0000000100000000)
  region size 1024K, 4 young (4096K), 4 survivors (4096K)
 Metaspace       used 56922K, committed 57600K, reserved 1114112K
  class space    used 7858K, committed 8192K, reserved 1048576K
}
Event: 20.563 GC heap before
{Heap before GC invocations=23 (full 0):
 garbage-first heap   total 133120K, used 105880K [0x0000000080000000, 0x0000000100000000)
  region size 1024K, 57 young (58368K), 4 survivors (4096K)
 Metaspace       used 56937K, committed 57600K, reserved 1114112K
  class space    used 7858K, committed 8192K, reserved 1048576K
}
Event: 20.572 GC heap after
{Heap after GC invocations=24 (full 0):
 garbage-first heap   total 133120K, used 53233K [0x0000000080000000, 0x0000000100000000)
  region size 1024K, 5 young (5120K), 5 survivors (5120K)
 Metaspace       used 56937K, committed 57600K, reserved 1114112K
  class space    used 7858K, committed 8192K, reserved 1048576K
}
Event: 21.592 GC heap before
{Heap before GC invocations=24 (full 0):
 garbage-first heap   total 133120K, used 109553K [0x0000000080000000, 0x0000000100000000)
  region size 1024K, 52 young (53248K), 5 survivors (5120K)
 Metaspace       used 57970K, committed 58688K, reserved 1114112K
  class space    used 7983K, committed 8320K, reserved 1048576K
}
Event: 21.607 GC heap after
{Heap after GC invocations=25 (full 0):
 garbage-first heap   total 133120K, used 67545K [0x0000000080000000, 0x0000000100000000)
  region size 1024K, 8 young (8192K), 8 survivors (8192K)
 Metaspace       used 57970K, committed 58688K, reserved 1114112K
  class space    used 7983K, committed 8320K, reserved 1048576K
}
Event: 25.052 GC heap before
{Heap before GC invocations=26 (full 0):
 garbage-first heap   total 133120K, used 106457K [0x0000000080000000, 0x0000000100000000)
  region size 1024K, 45 young (46080K), 8 survivors (8192K)
 Metaspace       used 60658K, committed 61376K, reserved 1114112K
  class space    used 8289K, committed 8640K, reserved 1048576K
}
Event: 25.069 GC heap after
{Heap after GC invocations=27 (full 0):
 garbage-first heap   total 133120K, used 74095K [0x0000000080000000, 0x0000000100000000)
  region size 1024K, 5 young (5120K), 5 survivors (5120K)
 Metaspace       used 60658K, committed 61376K, reserved 1114112K
  class space    used 8289K, committed 8640K, reserved 1048576K
}
Event: 25.090 GC heap before
{Heap before GC invocations=27 (full 0):
 garbage-first heap   total 133120K, used 74095K [0x0000000080000000, 0x0000000100000000)
  region size 1024K, 6 young (6144K), 5 survivors (5120K)
 Metaspace       used 60766K, committed 61504K, reserved 1114112K
  class space    used 8298K, committed 8640K, reserved 1048576K
}
Event: 25.094 GC heap after
{Heap after GC invocations=28 (full 0):
 garbage-first heap   total 133120K, used 73906K [0x0000000080000000, 0x0000000100000000)
  region size 1024K, 1 young (1024K), 1 survivors (1024K)
 Metaspace       used 60766K, committed 61504K, reserved 1114112K
  class space    used 8298K, committed 8640K, reserved 1048576K
}
Event: 25.971 GC heap before
{Heap before GC invocations=28 (full 0):
 garbage-first heap   total 133120K, used 108722K [0x0000000080000000, 0x0000000100000000)
  region size 1024K, 34 young (34816K), 1 survivors (1024K)
 Metaspace       used 63755K, committed 64512K, reserved 1114112K
  class space    used 8591K, committed 8960K, reserved 1048576K
}

Dll operation events (15 events):
Event: 0.020 Loaded shared library C:\Program Files\Eclipse Adoptium\jdk-17.0.15.6-hotspot\bin\java.dll
Event: 0.047 Loaded shared library C:\Program Files\Eclipse Adoptium\jdk-17.0.15.6-hotspot\bin\jsvml.dll
Event: 0.136 Loaded shared library C:\Program Files\Eclipse Adoptium\jdk-17.0.15.6-hotspot\bin\zip.dll
Event: 0.141 Loaded shared library C:\Program Files\Eclipse Adoptium\jdk-17.0.15.6-hotspot\bin\instrument.dll
Event: 0.150 Loaded shared library C:\Program Files\Eclipse Adoptium\jdk-17.0.15.6-hotspot\bin\net.dll
Event: 0.154 Loaded shared library C:\Program Files\Eclipse Adoptium\jdk-17.0.15.6-hotspot\bin\nio.dll
Event: 0.157 Loaded shared library C:\Program Files\Eclipse Adoptium\jdk-17.0.15.6-hotspot\bin\zip.dll
Event: 0.500 Loaded shared library C:\Program Files\Eclipse Adoptium\jdk-17.0.15.6-hotspot\bin\jimage.dll
Event: 0.728 Loaded shared library C:\Program Files\Eclipse Adoptium\jdk-17.0.15.6-hotspot\bin\verify.dll
Event: 0.868 Loaded shared library C:\Users\hafid\.gradle\native\1def1411415f61bf3af743bc5b6707747c0891f09f0c88961ee8f79bc544acac\windows-amd64\native-platform.dll
Event: 0.889 Loaded shared library C:\Users\hafid\.gradle\native\0.2.7\x86_64-windows-gnu\gradle-fileevents.dll
Event: 3.648 Loaded shared library C:\Program Files\Eclipse Adoptium\jdk-17.0.15.6-hotspot\bin\management.dll
Event: 3.653 Loaded shared library C:\Program Files\Eclipse Adoptium\jdk-17.0.15.6-hotspot\bin\management_ext.dll
Event: 4.274 Loaded shared library C:\Program Files\Eclipse Adoptium\jdk-17.0.15.6-hotspot\bin\extnet.dll
Event: 4.754 Loaded shared library C:\Program Files\Eclipse Adoptium\jdk-17.0.15.6-hotspot\bin\sunmscapi.dll

Deoptimization events (20 events):
Event: 25.390 Thread 0x000001e0713c2ab0 Uncommon trap: trap_request=0xffffffbe fr.pc=0x000001e01c04a070 relative=0x00000000000007b0
Event: 25.390 Thread 0x000001e0713c2ab0 Uncommon trap: reason=profile_predicate action=maybe_recompile pc=0x000001e01c04a070 method=java.lang.PublicMethods$MethodList.filter([Ljava/lang/reflect/Method;Ljava/lang/String;[Ljava/lang/Class;Z)Ljava/lang/PublicMethods$MethodList; @ 21 c2
Event: 25.390 Thread 0x000001e0713c2ab0 DEOPT PACKING pc=0x000001e01c04a070 sp=0x00000085e19f5220
Event: 25.390 Thread 0x000001e0713c2ab0 DEOPT UNPACKING pc=0x000001e01b7469a3 sp=0x00000085e19f51d8 mode 2
Event: 25.405 Thread 0x000001e0713c2ab0 Uncommon trap: trap_request=0xffffffbe fr.pc=0x000001e01c04a070 relative=0x00000000000007b0
Event: 25.405 Thread 0x000001e0713c2ab0 Uncommon trap: reason=profile_predicate action=maybe_recompile pc=0x000001e01c04a070 method=java.lang.PublicMethods$MethodList.filter([Ljava/lang/reflect/Method;Ljava/lang/String;[Ljava/lang/Class;Z)Ljava/lang/PublicMethods$MethodList; @ 21 c2
Event: 25.405 Thread 0x000001e0713c2ab0 DEOPT PACKING pc=0x000001e01c04a070 sp=0x00000085e19f6210
Event: 25.405 Thread 0x000001e0713c2ab0 DEOPT UNPACKING pc=0x000001e01b7469a3 sp=0x00000085e19f61c8 mode 2
Event: 25.405 Thread 0x000001e0713c2ab0 Uncommon trap: trap_request=0xffffffbe fr.pc=0x000001e01c04a070 relative=0x00000000000007b0
Event: 25.405 Thread 0x000001e0713c2ab0 Uncommon trap: reason=profile_predicate action=maybe_recompile pc=0x000001e01c04a070 method=java.lang.PublicMethods$MethodList.filter([Ljava/lang/reflect/Method;Ljava/lang/String;[Ljava/lang/Class;Z)Ljava/lang/PublicMethods$MethodList; @ 21 c2
Event: 25.405 Thread 0x000001e0713c2ab0 DEOPT PACKING pc=0x000001e01c04a070 sp=0x00000085e19f6210
Event: 25.405 Thread 0x000001e0713c2ab0 DEOPT UNPACKING pc=0x000001e01b7469a3 sp=0x00000085e19f61c8 mode 2
Event: 25.592 Thread 0x000001e0713c2ab0 Uncommon trap: trap_request=0xffffffc6 fr.pc=0x000001e01bfa60a0 relative=0x0000000000000060
Event: 25.592 Thread 0x000001e0713c2ab0 Uncommon trap: reason=bimorphic_or_optimized_type_check action=maybe_recompile pc=0x000001e01bfa60a0 method=java.util.AbstractQueue.add(Ljava/lang/Object;)Z @ 2 c2
Event: 25.592 Thread 0x000001e0713c2ab0 DEOPT PACKING pc=0x000001e01bfa60a0 sp=0x00000085e19f6750
Event: 25.592 Thread 0x000001e0713c2ab0 DEOPT UNPACKING pc=0x000001e01b7469a3 sp=0x00000085e19f6718 mode 2
Event: 25.592 Thread 0x000001e0713c2ab0 Uncommon trap: trap_request=0xffffffc6 fr.pc=0x000001e01bfa60a0 relative=0x0000000000000060
Event: 25.592 Thread 0x000001e0713c2ab0 Uncommon trap: reason=bimorphic_or_optimized_type_check action=maybe_recompile pc=0x000001e01bfa60a0 method=java.util.AbstractQueue.add(Ljava/lang/Object;)Z @ 2 c2
Event: 25.592 Thread 0x000001e0713c2ab0 DEOPT PACKING pc=0x000001e01bfa60a0 sp=0x00000085e19f6750
Event: 25.592 Thread 0x000001e0713c2ab0 DEOPT UNPACKING pc=0x000001e01b7469a3 sp=0x00000085e19f6718 mode 2

Classes loaded (20 events):
Event: 25.263 Loading class java/util/stream/ReduceOps$2ReducingSink
Event: 25.263 Loading class java/util/stream/ReduceOps$2ReducingSink done
Event: 25.266 Loading class java/lang/management/ClassLoadingMXBean
Event: 25.270 Loading class java/lang/management/ClassLoadingMXBean done
Event: 25.270 Loading class sun/management/ClassLoadingImpl
Event: 25.272 Loading class sun/management/ClassLoadingImpl done
Event: 25.336 Loading class java/lang/management/ThreadMXBean
Event: 25.337 Loading class java/lang/management/ThreadMXBean done
Event: 25.337 Loading class com/sun/management/internal/HotSpotThreadImpl
Event: 25.338 Loading class com/sun/management/ThreadMXBean
Event: 25.338 Loading class com/sun/management/ThreadMXBean done
Event: 25.338 Loading class sun/management/ThreadImpl
Event: 25.339 Loading class sun/management/ThreadImpl done
Event: 25.339 Loading class com/sun/management/internal/HotSpotThreadImpl done
Event: 25.358 Loading class java/util/concurrent/Executors$DefaultThreadFactory
Event: 25.359 Loading class java/util/concurrent/Executors$DefaultThreadFactory done
Event: 25.793 Loading class java/nio/charset/UnsupportedCharsetException
Event: 25.793 Loading class java/nio/charset/UnsupportedCharsetException done
Event: 25.824 Loading class sun/misc/SharedSecrets
Event: 25.824 Loading class sun/misc/SharedSecrets done

Classes unloaded (0 events):
No events

Classes redefined (0 events):
No events

Internal exceptions (20 events):
Event: 18.457 Thread 0x000001e0713c2ab0 Exception <a 'java/lang/NoSuchMethodError'{0x0000000084ecfed0}: 'java.lang.Object java.lang.invoke.DirectMethodHandle$Holder.invokeSpecialIFC(java.lang.Object, java.lang.Object, java.lang.Object)'> (0x0000000084ecfed0) 
thrown [s\src\hotspot\share\interpreter\linkResolver.cpp, line 759]
Event: 20.227 Thread 0x000001e0735d2490 Implicit null exception at 0x000001e01bfe09e3 to 0x000001e01bfe0a84
Event: 21.087 Thread 0x000001e0713c2ab0 Exception <a 'java/lang/ClassNotFoundException'{0x00000000866a5300}: java/util/ArraysBeanInfo> (0x00000000866a5300) 
thrown [s\src\hotspot\share\classfile\systemDictionary.cpp, line 256]
Event: 21.088 Thread 0x000001e0713c2ab0 Exception <a 'java/lang/ClassNotFoundException'{0x00000000866ae1f0}: java/util/ArraysCustomizer> (0x00000000866ae1f0) 
thrown [s\src\hotspot\share\classfile\systemDictionary.cpp, line 256]
Event: 21.097 Thread 0x000001e0713c2ab0 Exception <a 'java/lang/ClassNotFoundException'{0x000000008655fb30}: ProtobufPatchPluginBeanInfo> (0x000000008655fb30) 
thrown [s\src\hotspot\share\classfile\systemDictionary.cpp, line 256]
Event: 21.098 Thread 0x000001e0713c2ab0 Exception <a 'java/lang/ClassNotFoundException'{0x000000008656b408}: ProtobufPatchPluginCustomizer> (0x000000008656b408) 
thrown [s\src\hotspot\share\classfile\systemDictionary.cpp, line 256]
Event: 21.108 Thread 0x000001e0713c2ab0 Exception <a 'java/lang/ClassNotFoundException'{0x00000000865f2f28}: groovy/lang/ReferenceBeanInfo> (0x00000000865f2f28) 
thrown [s\src\hotspot\share\classfile\systemDictionary.cpp, line 256]
Event: 21.109 Thread 0x000001e0713c2ab0 Exception <a 'java/lang/ClassNotFoundException'{0x00000000864167f8}: groovy/lang/ReferenceCustomizer> (0x00000000864167f8) 
thrown [s\src\hotspot\share\classfile\systemDictionary.cpp, line 256]
Event: 21.126 Thread 0x000001e0713c2ab0 Exception <a 'java/lang/NoSuchMethodError'{0x000000008648fbb8}: 'long java.lang.invoke.DirectMethodHandle$Holder.invokeVirtual(java.lang.Object, java.lang.Object)'> (0x000000008648fbb8) 
thrown [s\src\hotspot\share\interpreter\linkResolver.cpp, line 759]
Event: 21.133 Thread 0x000001e0713c4e20 Exception <a 'java/lang/NoSuchMethodError'{0x00000000864ce460}: static Lorg/gradle/internal/build/event/types/DefaultProjectConfigurationSuccessResult;.<clinit>()V> (0x00000000864ce460) 
thrown [s\src\hotspot\share\prims\jni.cpp, line 1112]
Event: 21.133 Thread 0x000001e0713c4e20 Exception <a 'java/lang/NoSuchMethodError'{0x00000000864cf530}: static Lorg/gradle/internal/build/event/types/AbstractProjectConfigurationResult;.<clinit>()V> (0x00000000864cf530) 
thrown [s\src\hotspot\share\prims\jni.cpp, line 1112]
Event: 21.135 Thread 0x000001e0713c4e20 Exception <a 'java/lang/NoSuchMethodError'{0x00000000864d9410}: static Lorg/gradle/internal/build/event/types/DefaultPluginApplicationResult;.<clinit>()V> (0x00000000864d9410) 
thrown [s\src\hotspot\share\prims\jni.cpp, line 1112]
Event: 21.136 Thread 0x000001e0713c4e20 Exception <a 'java/lang/NoSuchMethodError'{0x00000000864e3a60}: static Lorg/gradle/internal/build/event/types/DefaultBinaryPluginIdentifier;.<clinit>()V> (0x00000000864e3a60) 
thrown [s\src\hotspot\share\prims\jni.cpp, line 1112]
Event: 21.140 Thread 0x000001e0713c4e20 Exception <a 'java/lang/NoSuchMethodError'{0x000000008630b318}: static Lorg/gradle/internal/build/event/types/DefaultScriptPluginIdentifier;.<clinit>()V> (0x000000008630b318) 
thrown [s\src\hotspot\share\prims\jni.cpp, line 1112]
Event: 21.260 Thread 0x000001e0713c2ab0 Implicit null exception at 0x000001e01bd1f112 to 0x000001e01bd1f7d8
Event: 21.260 Thread 0x000001e0713c2ab0 Implicit null exception at 0x000001e01bce8094 to 0x000001e01bce8728
Event: 22.236 Thread 0x000001e0713c2ab0 Exception <a 'java/lang/NoSuchMethodError'{0x0000000086b2d9e8}: 'java.lang.Object java.lang.invoke.DirectMethodHandle$Holder.invokeSpecial(java.lang.Object, java.lang.Object, long, java.lang.Object, java.lang.Object, java.lang.Object, java.lang.Object, java.lang.Object, java.lang.Object, java.lang.Object, java.lang.Object, java.lang.Object)'> (0x0000000086b2d9e8) 
thrown [s\src\hotspot\share\interpreter\linkResolver.cpp, line 759]
Event: 22.237 Thread 0x000001e0713c2ab0 Exception <a 'java/lang/NoSuchMethodError'{0x0000000086b33470}: 'java.lang.Object java.lang.invoke.DelegatingMethodHandle$Holder.reinvoke_L(java.lang.Object, long, java.lang.Object, java.lang.Object, java.lang.Object, java.lang.Object, java.lang.Object, java.lang.Object, java.lang.Object, java.lang.Object, java.lang.Object)'> (0x0000000086b33470) 
thrown [s\src\hotspot\share\interpreter\linkResolver.cpp, line 759]
Event: 22.434 Thread 0x000001e0713c2ab0 Exception <a 'java/lang/NoSuchMethodError'{0x00000000865952f0}: 'int java.lang.invoke.DirectMethodHandle$Holder.invokeSpecialIFC(java.lang.Object, java.lang.Object, java.lang.Object, java.lang.Object, java.lang.Object)'> (0x00000000865952f0) 
thrown [s\src\hotspot\share\interpreter\linkResolver.cpp, line 759]
Event: 25.825 Thread 0x000001e0713c2ab0 Exception <a 'java/lang/ClassNotFoundException'{0x0000000086728528}: sun/misc/SharedSecrets> (0x0000000086728528) 
thrown [s\src\hotspot\share\classfile\systemDictionary.cpp, line 256]

VM Operations (20 events):
Event: 21.607 Executing VM operation: G1TryInitiateConcMark done
Event: 21.615 Executing VM operation: HandshakeAllThreads
Event: 21.615 Executing VM operation: HandshakeAllThreads done
Event: 21.775 Executing VM operation: G1PauseRemark
Event: 21.787 Executing VM operation: G1PauseRemark done
Event: 21.858 Executing VM operation: G1PauseCleanup
Event: 21.858 Executing VM operation: G1PauseCleanup done
Event: 22.869 Executing VM operation: Cleanup
Event: 22.869 Executing VM operation: Cleanup done
Event: 23.873 Executing VM operation: Cleanup
Event: 23.888 Executing VM operation: Cleanup done
Event: 24.890 Executing VM operation: Cleanup
Event: 24.906 Executing VM operation: Cleanup done
Event: 25.049 Executing VM operation: G1CollectForAllocation
Event: 25.069 Executing VM operation: G1CollectForAllocation done
Event: 25.090 Executing VM operation: G1CollectForAllocation
Event: 25.094 Executing VM operation: G1CollectForAllocation done
Event: 25.945 Executing VM operation: HandshakeAllThreads
Event: 25.946 Executing VM operation: HandshakeAllThreads done
Event: 25.971 Executing VM operation: G1CollectForAllocation

Memory protections (0 events):
No events

Nmethod flushes (20 events):
Event: 13.752 Thread 0x000001e02a285d80 flushing  nmethod 0x000001e014bbc510
Event: 13.752 Thread 0x000001e02a285d80 flushing  nmethod 0x000001e014bbcd90
Event: 13.752 Thread 0x000001e02a285d80 flushing  nmethod 0x000001e014bbd890
Event: 13.752 Thread 0x000001e02a285d80 flushing  nmethod 0x000001e014bbeb90
Event: 13.752 Thread 0x000001e02a285d80 flushing  nmethod 0x000001e014bbf110
Event: 13.752 Thread 0x000001e02a285d80 flushing  nmethod 0x000001e014bbf790
Event: 13.752 Thread 0x000001e02a285d80 flushing  nmethod 0x000001e014bbfc10
Event: 13.752 Thread 0x000001e02a285d80 flushing  nmethod 0x000001e014bc0010
Event: 13.752 Thread 0x000001e02a285d80 flushing  nmethod 0x000001e014bc1010
Event: 13.752 Thread 0x000001e02a285d80 flushing  nmethod 0x000001e014bc2190
Event: 13.752 Thread 0x000001e02a285d80 flushing  nmethod 0x000001e014bc3410
Event: 13.752 Thread 0x000001e02a285d80 flushing  nmethod 0x000001e014bc4090
Event: 13.752 Thread 0x000001e02a285d80 flushing  nmethod 0x000001e014bddf10
Event: 13.752 Thread 0x000001e02a285d80 flushing  nmethod 0x000001e014bde890
Event: 13.752 Thread 0x000001e02a285d80 flushing  nmethod 0x000001e014bdf110
Event: 13.752 Thread 0x000001e02a285d80 flushing  nmethod 0x000001e014bdf710
Event: 13.752 Thread 0x000001e02a285d80 flushing  nmethod 0x000001e014bec010
Event: 13.752 Thread 0x000001e02a285d80 flushing  nmethod 0x000001e014bec490
Event: 13.752 Thread 0x000001e02a285d80 flushing  nmethod 0x000001e014bf1990
Event: 20.210 Thread 0x000001e02a285d80 flushing  nmethod 0x000001e014858b10

Events (20 events):
Event: 7.858 Thread 0x000001e0713c2ab0 Thread added: 0x000001e0735cf1f0
Event: 7.867 Thread 0x000001e0713c2ab0 Thread added: 0x000001e0735d29a0
Event: 7.999 Thread 0x000001e0713c2ab0 Thread added: 0x000001e0735d42f0
Event: 7.999 Thread 0x000001e0713c2ab0 Thread added: 0x000001e0735d4d10
Event: 8.000 Thread 0x000001e0713c2ab0 Thread added: 0x000001e0735d5220
Event: 8.823 Thread 0x000001e0713c2ab0 Thread added: 0x000001e0735d1560
Event: 9.925 Thread 0x000001e0713c2ab0 Thread added: 0x000001e0735cddb0
Event: 9.968 Thread 0x000001e0713c2ab0 Thread added: 0x000001e0735d0b40
Event: 11.290 Thread 0x000001e0713c2ab0 Thread added: 0x000001e0735d1a70
Event: 11.347 Thread 0x000001e0713c2ab0 Thread added: 0x000001e0735d33c0
Event: 16.270 Thread 0x000001e0713c2ab0 Thread added: 0x000001e0735ce2c0
Event: 16.271 Thread 0x000001e0713c2ab0 Thread added: 0x000001e0735d38d0
Event: 16.271 Thread 0x000001e0713c2ab0 Thread added: 0x000001e0735cf700
Event: 16.643 Thread 0x000001e0713c2ab0 Thread added: 0x000001e0735d1f80
Event: 16.645 Thread 0x000001e0713c2ab0 Thread added: 0x000001e0735ce7d0
Event: 16.649 Thread 0x000001e0713c2ab0 Thread added: 0x000001e0735cfc10
Event: 18.459 Thread 0x000001e0713c2ab0 Thread added: 0x000001e0735d0120
Event: 18.460 Thread 0x000001e0713c2ab0 Thread added: 0x000001e0735d1050
Event: 18.462 Thread 0x000001e0713c2ab0 Thread added: 0x000001e0735d2490
Event: 25.170 Thread 0x000001e02a284370 Thread added: 0x000001e07342edb0


Dynamic libraries:
0x00007ff76b9d0000 - 0x00007ff76b9de000 	C:\Program Files\Eclipse Adoptium\jdk-17.0.15.6-hotspot\bin\java.exe
0x00007ffcbea70000 - 0x00007ffcbec87000 	C:\Windows\SYSTEM32\ntdll.dll
0x00007ffcbe000000 - 0x00007ffcbe0c4000 	C:\Windows\System32\KERNEL32.DLL
0x00007ffcbbe40000 - 0x00007ffcbc1f7000 	C:\Windows\System32\KERNELBASE.dll
0x00007ffcbc390000 - 0x00007ffcbc4a1000 	C:\Windows\System32\ucrtbase.dll
0x00007ffcaaf10000 - 0x00007ffcaaf2e000 	C:\Program Files\Eclipse Adoptium\jdk-17.0.15.6-hotspot\bin\VCRUNTIME140.dll
0x00007ffcaaf30000 - 0x00007ffcaaf47000 	C:\Program Files\Eclipse Adoptium\jdk-17.0.15.6-hotspot\bin\jli.dll
0x00007ffcbe0d0000 - 0x00007ffcbe27f000 	C:\Windows\System32\USER32.dll
0x00007ffcbc770000 - 0x00007ffcbc796000 	C:\Windows\System32\win32u.dll
0x00007ffcbe9d0000 - 0x00007ffcbe9f9000 	C:\Windows\System32\GDI32.dll
0x00007ffcbc650000 - 0x00007ffcbc768000 	C:\Windows\System32\gdi32full.dll
0x00007ffcbc2f0000 - 0x00007ffcbc38a000 	C:\Windows\System32\msvcp_win.dll
0x00007ffca6b70000 - 0x00007ffca6e03000 	C:\Windows\WinSxS\amd64_microsoft.windows.common-controls_6595b64144ccf1df_6.0.22621.3672_none_2713b9d173822955\COMCTL32.dll
0x00007ffcbdbc0000 - 0x00007ffcbdc67000 	C:\Windows\System32\msvcrt.dll
0x00007ffcbe450000 - 0x00007ffcbe481000 	C:\Windows\System32\IMM32.DLL
0x00007ffc99060000 - 0x00007ffc9906c000 	C:\Program Files\Eclipse Adoptium\jdk-17.0.15.6-hotspot\bin\vcruntime140_1.dll
0x00007ffc7a670000 - 0x00007ffc7a6fd000 	C:\Program Files\Eclipse Adoptium\jdk-17.0.15.6-hotspot\bin\msvcp140.dll
0x00007ffc27dc0000 - 0x00007ffc28a2b000 	C:\Program Files\Eclipse Adoptium\jdk-17.0.15.6-hotspot\bin\server\jvm.dll
0x00007ffcbe490000 - 0x00007ffcbe542000 	C:\Windows\System32\ADVAPI32.dll
0x00007ffcbc950000 - 0x00007ffcbc9f8000 	C:\Windows\System32\sechost.dll
0x00007ffcbc4b0000 - 0x00007ffcbc4d8000 	C:\Windows\System32\bcrypt.dll
0x00007ffcbd810000 - 0x00007ffcbd924000 	C:\Windows\System32\RPCRT4.dll
0x00007ffcbd790000 - 0x00007ffcbd801000 	C:\Windows\System32\WS2_32.dll
0x00007ffcbabf0000 - 0x00007ffcbac3d000 	C:\Windows\SYSTEM32\POWRPROF.dll
0x00007ffcb7da0000 - 0x00007ffcb7daa000 	C:\Windows\SYSTEM32\VERSION.dll
0x00007ffcb7e90000 - 0x00007ffcb7ec4000 	C:\Windows\SYSTEM32\WINMM.dll
0x00007ffcbabd0000 - 0x00007ffcbabe3000 	C:\Windows\SYSTEM32\UMPDC.dll
0x00007ffcbae20000 - 0x00007ffcbae38000 	C:\Windows\SYSTEM32\kernel.appcore.dll
0x00007ffc979f0000 - 0x00007ffc979fa000 	C:\Program Files\Eclipse Adoptium\jdk-17.0.15.6-hotspot\bin\jimage.dll
0x00007ffca5be0000 - 0x00007ffca5e12000 	C:\Windows\SYSTEM32\DBGHELP.DLL
0x00007ffcbdc70000 - 0x00007ffcbdffe000 	C:\Windows\System32\combase.dll
0x00007ffcbca00000 - 0x00007ffcbcad7000 	C:\Windows\System32\OLEAUT32.dll
0x00007ffcaaa30000 - 0x00007ffcaaa62000 	C:\Windows\SYSTEM32\dbgcore.DLL
0x00007ffcbc200000 - 0x00007ffcbc27b000 	C:\Windows\System32\bcryptPrimitives.dll
0x00007ffcb7f00000 - 0x00007ffcb7f0e000 	C:\Program Files\Eclipse Adoptium\jdk-17.0.15.6-hotspot\bin\instrument.dll
0x00007ffc8a410000 - 0x00007ffc8a435000 	C:\Program Files\Eclipse Adoptium\jdk-17.0.15.6-hotspot\bin\java.dll
0x00007ffc79390000 - 0x00007ffc79467000 	C:\Program Files\Eclipse Adoptium\jdk-17.0.15.6-hotspot\bin\jsvml.dll
0x00007ffcbccc0000 - 0x00007ffcbd529000 	C:\Windows\System32\SHELL32.dll
0x00007ffcb9cb0000 - 0x00007ffcba5af000 	C:\Windows\SYSTEM32\windows.storage.dll
0x00007ffcb9b70000 - 0x00007ffcb9caf000 	C:\Windows\SYSTEM32\wintypes.dll
0x00007ffcbd530000 - 0x00007ffcbd629000 	C:\Windows\System32\SHCORE.dll
0x00007ffcbcbe0000 - 0x00007ffcbcc3e000 	C:\Windows\System32\shlwapi.dll
0x00007ffcbbcb0000 - 0x00007ffcbbcd7000 	C:\Windows\SYSTEM32\profapi.dll
0x00007ffc85690000 - 0x00007ffc856a8000 	C:\Program Files\Eclipse Adoptium\jdk-17.0.15.6-hotspot\bin\zip.dll
0x00007ffc89410000 - 0x00007ffc89429000 	C:\Program Files\Eclipse Adoptium\jdk-17.0.15.6-hotspot\bin\net.dll
0x00007ffcb7800000 - 0x00007ffcb7936000 	C:\Windows\SYSTEM32\WINHTTP.dll
0x00007ffcbb2e0000 - 0x00007ffcbb349000 	C:\Windows\system32\mswsock.dll
0x00007ffc88990000 - 0x00007ffc889a6000 	C:\Program Files\Eclipse Adoptium\jdk-17.0.15.6-hotspot\bin\nio.dll
0x00007ffc8a1f0000 - 0x00007ffc8a200000 	C:\Program Files\Eclipse Adoptium\jdk-17.0.15.6-hotspot\bin\verify.dll
0x00007ffcb8860000 - 0x00007ffcb8887000 	C:\Users\hafid\.gradle\native\1def1411415f61bf3af743bc5b6707747c0891f09f0c88961ee8f79bc544acac\windows-amd64\native-platform.dll
0x00007ffc99090000 - 0x00007ffc99108000 	C:\Users\hafid\.gradle\native\0.2.7\x86_64-windows-gnu\gradle-fileevents.dll
0x00007ffcaa380000 - 0x00007ffcaa38a000 	C:\Program Files\Eclipse Adoptium\jdk-17.0.15.6-hotspot\bin\management.dll
0x00007ffcaa260000 - 0x00007ffcaa26b000 	C:\Program Files\Eclipse Adoptium\jdk-17.0.15.6-hotspot\bin\management_ext.dll
0x00007ffcbd990000 - 0x00007ffcbd998000 	C:\Windows\System32\PSAPI.DLL
0x00007ffcba880000 - 0x00007ffcba8ad000 	C:\Windows\SYSTEM32\IPHLPAPI.DLL
0x00007ffcbd980000 - 0x00007ffcbd989000 	C:\Windows\System32\NSI.dll
0x00007ffcb7a10000 - 0x00007ffcb7a29000 	C:\Windows\SYSTEM32\dhcpcsvc6.DLL
0x00007ffcb77e0000 - 0x00007ffcb77ff000 	C:\Windows\SYSTEM32\dhcpcsvc.DLL
0x00007ffcba8f0000 - 0x00007ffcba9f2000 	C:\Windows\SYSTEM32\DNSAPI.dll
0x00007ffcaa250000 - 0x00007ffcaa259000 	C:\Program Files\Eclipse Adoptium\jdk-17.0.15.6-hotspot\bin\extnet.dll
0x00007ffcbb630000 - 0x00007ffcbb64b000 	C:\Windows\SYSTEM32\CRYPTSP.dll
0x00007ffcbade0000 - 0x00007ffcbae15000 	C:\Windows\system32\rsaenh.dll
0x00007ffcbb380000 - 0x00007ffcbb3a8000 	C:\Windows\SYSTEM32\USERENV.dll
0x00007ffcbb610000 - 0x00007ffcbb61c000 	C:\Windows\SYSTEM32\CRYPTBASE.dll
0x00007ffcaa240000 - 0x00007ffcaa24e000 	C:\Program Files\Eclipse Adoptium\jdk-17.0.15.6-hotspot\bin\sunmscapi.dll
0x00007ffcbc4e0000 - 0x00007ffcbc646000 	C:\Windows\System32\CRYPT32.dll
0x00007ffcbb740000 - 0x00007ffcbb76d000 	C:\Windows\SYSTEM32\ncrypt.dll
0x00007ffcbb700000 - 0x00007ffcbb737000 	C:\Windows\SYSTEM32\NTASN1.dll
0x00007ffc45610000 - 0x00007ffc45618000 	C:\Windows\system32\wshunix.dll

dbghelp: loaded successfully - version: 4.0.5 - missing functions: none
symbol engine: initialized successfully - sym options: 0x614 - pdb path: .;C:\Program Files\Eclipse Adoptium\jdk-17.0.15.6-hotspot\bin;C:\Windows\SYSTEM32;C:\Windows\WinSxS\amd64_microsoft.windows.common-controls_6595b64144ccf1df_6.0.22621.3672_none_2713b9d173822955;C:\Program Files\Eclipse Adoptium\jdk-17.0.15.6-hotspot\bin\server;C:\Users\hafid\.gradle\native\1def1411415f61bf3af743bc5b6707747c0891f09f0c88961ee8f79bc544acac\windows-amd64;C:\Users\hafid\.gradle\native\0.2.7\x86_64-windows-gnu

VM Arguments:
jvm_args: --add-opens=java.base/java.lang=ALL-UNNAMED --add-opens=java.base/java.lang.invoke=ALL-UNNAMED --add-opens=java.base/java.util=ALL-UNNAMED --add-opens=java.prefs/java.util.prefs=ALL-UNNAMED --add-exports=jdk.compiler/com.sun.tools.javac.api=ALL-UNNAMED --add-exports=jdk.compiler/com.sun.tools.javac.util=ALL-UNNAMED --add-opens=java.base/java.util=ALL-UNNAMED --add-opens=java.prefs/java.util.prefs=ALL-UNNAMED --add-opens=java.base/java.nio.charset=ALL-UNNAMED --add-opens=java.base/java.net=ALL-UNNAMED --add-opens=java.base/java.util.concurrent.atomic=ALL-UNNAMED --add-opens=java.xml/javax.xml.namespace=ALL-UNNAMED -Xmx2048m -Dfile.encoding=UTF-8 -Duser.country=ID -Duser.language=en -Duser.variant -javaagent:C:\Users\hafid\.gradle\wrapper\dists\gradle-8.13-bin\5xuhj0ry160q40clulazy9h7d\gradle-8.13\lib\agents\gradle-instrumentation-agent-8.13.jar 
java_command: org.gradle.launcher.daemon.bootstrap.GradleDaemon 8.13
java_class_path (initial): C:\Users\hafid\.gradle\wrapper\dists\gradle-8.13-bin\5xuhj0ry160q40clulazy9h7d\gradle-8.13\lib\gradle-daemon-main-8.13.jar
Launcher Type: SUN_STANDARD

[Global flags]
     intx CICompilerCount                          = 3                                         {product} {ergonomic}
     uint ConcGCThreads                            = 1                                         {product} {ergonomic}
     uint G1ConcRefinementThreads                  = 4                                         {product} {ergonomic}
   size_t G1HeapRegionSize                         = 1048576                                   {product} {ergonomic}
    uintx GCDrainStackTargetSize                   = 64                                        {product} {ergonomic}
   size_t InitialHeapSize                          = 65011712                                  {product} {ergonomic}
   size_t MarkStackSize                            = 4194304                                   {product} {ergonomic}
   size_t MaxHeapSize                              = 2147483648                                {product} {command line}
   size_t MaxNewSize                               = 1287651328                                {product} {ergonomic}
   size_t MinHeapDeltaBytes                        = 1048576                                   {product} {ergonomic}
   size_t MinHeapSize                              = 8388608                                   {product} {ergonomic}
    uintx NonNMethodCodeHeapSize                   = 5832780                                {pd product} {ergonomic}
    uintx NonProfiledCodeHeapSize                  = 122912730                              {pd product} {ergonomic}
    uintx ProfiledCodeHeapSize                     = 122912730                              {pd product} {ergonomic}
    uintx ReservedCodeCacheSize                    = 251658240                              {pd product} {ergonomic}
     bool SegmentedCodeCache                       = true                                      {product} {ergonomic}
   size_t SoftMaxHeapSize                          = 2147483648                             {manageable} {ergonomic}
     bool UseCompressedClassPointers               = true                           {product lp64_product} {ergonomic}
     bool UseCompressedOops                        = true                           {product lp64_product} {ergonomic}
     bool UseG1GC                                  = true                                      {product} {ergonomic}
     bool UseLargePagesIndividualAllocation        = false                                  {pd product} {ergonomic}

Logging:
Log output configuration:
 #0: stdout all=warning uptime,level,tags
 #1: stderr all=off uptime,level,tags

Environment Variables:
JAVA_HOME=C:\Program Files\Eclipse Adoptium\jdk-17.0.15.6-hotspot
PATH=C:\Program Files\Eclipse Adoptium\jdk-17.0.15.6-hotspot\bin;C:\Program Files\Eclipse Adoptium\jdk-17.0.15.6-hotspot\bin;C:\Program Files\Common Files\Oracle\Java\javapath;C:\ProgramData\Oracle\Java\javapath;C:\Windows\system32;C:\Windows;C:\Windows\System32\Wbem;C:\Windows\System32\WindowsPowerShell\v1.0\;C:\Windows\System32\OpenSSH\;C:\Program Files (x86)\NVIDIA Corporation\PhysX\Common;C:\Windows\System32;C:\Users\Git\cmd;C:\Program Files\Docker\Docker\resources\bin;C:\Program Files\MongoDB\Server\8.0\bin;C:\xampp\php;C:\ProgramData\ComposerSetup\bin;C:\flutter\bin;C:\Users\hafid\AppData\Local\Android\sdk\platform-tools;C:\Program Files\nodejs\;C:\kotlinc\bin;C:\Users\hafid\AppData\Local\Programs\Python\Python310\Scripts\;C:\Users\hafid\AppData\Local\Programs\Python\Python310\;C:\Users\hafid\AppData\Local\Microsoft\WindowsApps;C:\Users\hafid\AppData\Local\Programs\Microsoft VS Code\bin;C:\Users\hafid\AppData\Roaming\Composer\vendor\bin;C:\Users\hafid\AppData\Roaming\npm;C:\Users\hafid\AppData\Local\Google\Cloud SDK\google-cloud-sdk\bin;D:\cursor\resources\app\bin;C:\Users\hafid\AppData\Local\Programs\Windsurf\bin;C:\Users\hafid\AppData\Local\Programs\Antigravity\bin
USERNAME=hafid
OS=Windows_NT
PROCESSOR_IDENTIFIER=Intel64 Family 6 Model 142 Stepping 9, GenuineIntel
TMP=C:\Users\hafid\AppData\Local\Temp
TEMP=C:\Users\hafid\AppData\Local\Temp



Periodic native trim disabled


---------------  S Y S T E M  ---------------

OS:
 Windows 11 , 64 bit Build 22621 (10.0.22621.3958)
OS uptime: 0 days 2:12 hours
Hyper-V role detected

CPU: total 4 (initial active 4) (2 cores per cpu, 2 threads per core) family 6 model 142 stepping 9 microcode 0xde, cx8, cmov, fxsr, ht, mmx, 3dnowpref, sse, sse2, sse3, ssse3, sse4.1, sse4.2, popcnt, lzcnt, tsc, tscinvbit, avx, avx2, aes, erms, clmul, bmi1, bmi2, adx, fma, vzeroupper, clflush, clflushopt, hv
Processor Information for all 4 processors :
  Max Mhz: 2712, Current Mhz: 2511, Mhz Limit: 2495

Memory: 4k page, system-wide physical 3964M (405M free)
TotalPageFile size 16252M (AvailPageFile size 24M)
current process WorkingSet (physical memory assigned to process): 271M, peak: 279M
current process commit charge ("private bytes"): 369M, peak: 572M

vm_info: OpenJDK 64-Bit Server VM (17.0.15+6) for windows-amd64 JRE (17.0.15+6), built on Apr 15 2025 21:25:47 by "admin" with MS VC++ 17.7 (VS2022)

END.
