#
# There is insufficient memory for the Java Runtime Environment to continue.
# Native memory allocation (mmap) failed to map 9437184 bytes. Error detail: G1 virtual space
# Possible reasons:
#   The system is out of physical RAM or swap space
#   This process is running with CompressedOops enabled, and the Java Heap may be blocking the growth of the native heap
# Possible solutions:
#   Reduce memory load on the system
#   Increase physical memory or swap space
#   Check if swap backing store is full
#   Decrease Java heap size (-Xmx/-Xms)
#   Decrease number of Java threads
#   Decrease Java thread stack sizes (-Xss)
#   Set larger code cache with -XX:ReservedCodeCacheSize=
#   JVM is running with Unscaled Compressed Oops mode in which the Java heap is
#     placed in the first 4GB address space. The Java Heap base address is the
#     maximum limit for the native heap growth. Please use -XX:HeapBaseMinAddress
#     to set the Java Heap base and to place the Java Heap above 4GB virtual address.
# This output file may be truncated or incomplete.
#
#  Out of Memory Error (os_windows.cpp:3618), pid=17404, tid=16276
#
# JRE version: OpenJDK Runtime Environment Temurin-17.0.15+6 (17.0.15+6) (build 17.0.15+6)
# Java VM: OpenJDK 64-Bit Server VM Temurin-17.0.15+6 (17.0.15+6, mixed mode, sharing, tiered, compressed oops, compressed class ptrs, g1 gc, windows-amd64)
# No core dump will be written. Minidumps are not enabled by default on client versions of Windows
#

---------------  S U M M A R Y ------------

Command Line: --add-opens=java.base/java.lang=ALL-UNNAMED --add-opens=java.base/java.lang.invoke=ALL-UNNAMED --add-opens=java.base/java.util=ALL-UNNAMED --add-opens=java.prefs/java.util.prefs=ALL-UNNAMED --add-exports=jdk.compiler/com.sun.tools.javac.api=ALL-UNNAMED --add-exports=jdk.compiler/com.sun.tools.javac.util=ALL-UNNAMED --add-opens=java.base/java.util=ALL-UNNAMED --add-opens=java.prefs/java.util.prefs=ALL-UNNAMED --add-opens=java.base/java.nio.charset=ALL-UNNAMED --add-opens=java.base/java.net=ALL-UNNAMED --add-opens=java.base/java.util.concurrent.atomic=ALL-UNNAMED --add-opens=java.xml/javax.xml.namespace=ALL-UNNAMED -Xmx2048m -Dfile.encoding=UTF-8 -Duser.country=ID -Duser.language=en -Duser.variant -javaagent:C:\Users\hafid\.gradle\wrapper\dists\gradle-8.13-bin\5xuhj0ry160q40clulazy9h7d\gradle-8.13\lib\agents\gradle-instrumentation-agent-8.13.jar org.gradle.launcher.daemon.bootstrap.GradleDaemon 8.13

Host: Intel(R) Core(TM) i5-7200U CPU @ 2.50GHz, 4 cores, 3G,  Windows 11 , 64 bit Build 22621 (10.0.22621.3958)
Time: Fri Dec  5 10:14:36 2025 SE Asia Standard Time elapsed time: 23.707740 seconds (0d 0h 0m 23s)

---------------  T H R E A D  ---------------

Current thread (0x000001f9ff5d4010):  VMThread "VM Thread" [stack: 0x0000004c94900000,0x0000004c94a00000] [id=16276]

Stack: [0x0000004c94900000,0x0000004c94a00000]
Native frames: (J=compiled Java code, j=interpreted, Vv=VM code, C=native code)
V  [jvm.dll+0x682fc9]
V  [jvm.dll+0x839878]
V  [jvm.dll+0x83b323]
V  [jvm.dll+0x83b993]
V  [jvm.dll+0x24725f]
V  [jvm.dll+0x67fda9]
V  [jvm.dll+0x674c9a]
V  [jvm.dll+0x304d06]
V  [jvm.dll+0x30c1c6]
V  [jvm.dll+0x35dd4e]
V  [jvm.dll+0x35df8d]
V  [jvm.dll+0x2dc0cc]
V  [jvm.dll+0x2df0e6]
V  [jvm.dll+0x2e980c]
V  [jvm.dll+0x31d62d]
V  [jvm.dll+0x8401cd]
V  [jvm.dll+0x840f03]
V  [jvm.dll+0x84142f]
V  [jvm.dll+0x841814]
V  [jvm.dll+0x8418de]
V  [jvm.dll+0x7e94dc]
V  [jvm.dll+0x681ea7]
C  [ucrtbase.dll+0x29333]
C  [KERNEL32.DLL+0x1257d]
C  [ntdll.dll+0x5af08]

VM_Operation (0x0000004c945ff780): G1PauseRemark, mode: safepoint, requested by thread 0x000001f9f6a29c80


---------------  P R O C E S S  ---------------

Threads class SMR info:
_java_thread_list=0x000001f9dd0d59d0, length=46, elements={
0x000001f9f69c2950, 0x000001f9ff5daa80, 0x000001f9ff5db900, 0x000001f9ff5ebe80,
0x000001f9ff5ed960, 0x000001f9ff5f0330, 0x000001f9ff5f0cf0, 0x000001f9ff5f1a90,
0x000001f9ff5ffe50, 0x000001f9ff623440, 0x000001f9ff7febf0, 0x000001f9ff7fc880,
0x000001f9ff7ff100, 0x000001f9ff7fd2a0, 0x000001f9ff7fd7b0, 0x000001f9ff7fdcc0,
0x000001f9ff7fe6e0, 0x000001f9ff7fe1d0, 0x000001f9ff800030, 0x000001f9ff7ff610,
0x000001f9ff7ffb20, 0x000001f9da8db050, 0x000001f9da8dd3c0, 0x000001f9da8dd8d0,
0x000001f9da8da630, 0x000001f9da8db560, 0x000001f9da8dc9a0, 0x000001f9da8dba70,
0x000001f9da8dc490, 0x000001f9da8dceb0, 0x000001f9da8da120, 0x000001f9da8dab40,
0x000001f9dd6befc0, 0x000001f9dd6b94a0, 0x000001f9dd6bf9e0, 0x000001f9dd6bd160,
0x000001f9dd6b99b0, 0x000001f9dd6be090, 0x000001f9dd6beab0, 0x000001f9dd6b8570,
0x000001f9dd6ba3d0, 0x000001f9dd6b8f90, 0x000001f9dd6ba8e0, 0x000001f9dd6badf0,
0x000001f9dd6bc230, 0x000001f9dd6bc740
}

Java Threads: ( => current thread )
  0x000001f9f69c2950 JavaThread "main" [_thread_blocked, id=15408, stack(0x0000004c94300000,0x0000004c94400000)]
  0x000001f9ff5daa80 JavaThread "Reference Handler" daemon [_thread_blocked, id=11908, stack(0x0000004c94a00000,0x0000004c94b00000)]
  0x000001f9ff5db900 JavaThread "Finalizer" daemon [_thread_blocked, id=10592, stack(0x0000004c94b00000,0x0000004c94c00000)]
  0x000001f9ff5ebe80 JavaThread "Signal Dispatcher" daemon [_thread_blocked, id=15136, stack(0x0000004c94c00000,0x0000004c94d00000)]
  0x000001f9ff5ed960 JavaThread "Attach Listener" daemon [_thread_blocked, id=1984, stack(0x0000004c94d00000,0x0000004c94e00000)]
  0x000001f9ff5f0330 JavaThread "Service Thread" daemon [_thread_blocked, id=8040, stack(0x0000004c94e00000,0x0000004c94f00000)]
  0x000001f9ff5f0cf0 JavaThread "Monitor Deflation Thread" daemon [_thread_blocked, id=9384, stack(0x0000004c94f00000,0x0000004c95000000)]
  0x000001f9ff5f1a90 JavaThread "C2 CompilerThread0" daemon [_thread_blocked, id=14488, stack(0x0000004c95000000,0x0000004c95100000)]
  0x000001f9ff5ffe50 JavaThread "C1 CompilerThread0" daemon [_thread_blocked, id=15784, stack(0x0000004c95100000,0x0000004c95200000)]
  0x000001f9ff623440 JavaThread "Sweeper thread" daemon [_thread_blocked, id=13720, stack(0x0000004c95200000,0x0000004c95300000)]
  0x000001f9ff7febf0 JavaThread "Common-Cleaner" daemon [_thread_blocked, id=11620, stack(0x0000004c95300000,0x0000004c95400000)]
  0x000001f9ff7fc880 JavaThread "Notification Thread" daemon [_thread_blocked, id=16172, stack(0x0000004c95400000,0x0000004c95500000)]
  0x000001f9ff7ff100 JavaThread "Daemon health stats" [_thread_blocked, id=5916, stack(0x0000004c95900000,0x0000004c95a00000)]
  0x000001f9ff7fd2a0 JavaThread "Incoming local TCP Connector on port 52022" [_thread_in_native, id=15864, stack(0x0000004c95a00000,0x0000004c95b00000)]
  0x000001f9ff7fd7b0 JavaThread "Daemon periodic checks" [_thread_blocked, id=13820, stack(0x0000004c95b00000,0x0000004c95c00000)]
  0x000001f9ff7fdcc0 JavaThread "Daemon" [_thread_blocked, id=16508, stack(0x0000004c95c00000,0x0000004c95d00000)]
  0x000001f9ff7fe6e0 JavaThread "Handler for socket connection from /127.0.0.1:52022 to /127.0.0.1:52023" [_thread_in_native, id=12248, stack(0x0000004c95d00000,0x0000004c95e00000)]
  0x000001f9ff7fe1d0 JavaThread "Cancel handler" [_thread_blocked, id=8656, stack(0x0000004c95e00000,0x0000004c95f00000)]
  0x000001f9ff800030 JavaThread "Daemon worker" [_thread_blocked, id=16628, stack(0x0000004c95f00000,0x0000004c96000000)]
  0x000001f9ff7ff610 JavaThread "Asynchronous log dispatcher for DefaultDaemonConnection: socket connection from /127.0.0.1:52022 to /127.0.0.1:52023" [_thread_blocked, id=10272, stack(0x0000004c96000000,0x0000004c96100000)]
  0x000001f9ff7ffb20 JavaThread "Stdin handler" [_thread_blocked, id=6624, stack(0x0000004c96100000,0x0000004c96200000)]
  0x000001f9da8db050 JavaThread "Daemon client event forwarder" [_thread_blocked, id=16940, stack(0x0000004c96200000,0x0000004c96300000)]
  0x000001f9da8dd3c0 JavaThread "Cache worker for journal cache (C:\Users\hafid\.gradle\caches\journal-1)" [_thread_blocked, id=5040, stack(0x0000004c96300000,0x0000004c96400000)]
  0x000001f9da8dd8d0 JavaThread "File lock request listener" [_thread_in_native, id=8936, stack(0x0000004c96400000,0x0000004c96500000)]
  0x000001f9da8da630 JavaThread "Cache worker for file hash cache (C:\Users\hafid\.gradle\caches\8.13\fileHashes)" [_thread_blocked, id=13992, stack(0x0000004c96500000,0x0000004c96600000)]
  0x000001f9da8db560 JavaThread "Cache worker for file hash cache (C:\Sparin Clone\SparIn\.gradle\8.13\fileHashes)" [_thread_blocked, id=8060, stack(0x0000004c96700000,0x0000004c96800000)]
  0x000001f9da8dc9a0 JavaThread "Cache worker for Build Output Cleanup Cache (C:\Sparin Clone\SparIn\.gradle\buildOutputCleanup)" [_thread_blocked, id=13368, stack(0x0000004c96800000,0x0000004c96900000)]
  0x000001f9da8dba70 JavaThread "File watcher server" daemon [_thread_in_native, id=2820, stack(0x0000004c96900000,0x0000004c96a00000)]
  0x000001f9da8dc490 JavaThread "File watcher consumer" daemon [_thread_blocked, id=17048, stack(0x0000004c96a00000,0x0000004c96b00000)]
  0x000001f9da8dceb0 JavaThread "jar transforms" [_thread_blocked, id=12044, stack(0x0000004c96b00000,0x0000004c96c00000)]
  0x000001f9da8da120 JavaThread "jar transforms Thread 2" [_thread_blocked, id=3496, stack(0x0000004c96c00000,0x0000004c96d00000)]
  0x000001f9da8dab40 JavaThread "jar transforms Thread 3" [_thread_blocked, id=9980, stack(0x0000004c96d00000,0x0000004c96e00000)]
  0x000001f9dd6befc0 JavaThread "jar transforms Thread 4" [_thread_blocked, id=9832, stack(0x0000004c96e00000,0x0000004c96f00000)]
  0x000001f9dd6b94a0 JavaThread "Cache worker for checksums cache (C:\Sparin Clone\SparIn\.gradle\8.13\checksums)" [_thread_blocked, id=2228, stack(0x0000004c96f00000,0x0000004c97000000)]
  0x000001f9dd6bf9e0 JavaThread "Cache worker for file content cache (C:\Users\hafid\.gradle\caches\8.13\fileContent)" [_thread_blocked, id=3620, stack(0x0000004c97000000,0x0000004c97100000)]
  0x000001f9dd6bd160 JavaThread "Cache worker for cache directory md-supplier (C:\Users\hafid\.gradle\caches\8.13\md-supplier)" [_thread_blocked, id=8544, stack(0x0000004c97100000,0x0000004c97200000)]
  0x000001f9dd6b99b0 JavaThread "Cache worker for cache directory md-rule (C:\Users\hafid\.gradle\caches\8.13\md-rule)" [_thread_blocked, id=12120, stack(0x0000004c97200000,0x0000004c97300000)]
  0x000001f9dd6be090 JavaThread "Unconstrained build operations" [_thread_blocked, id=9492, stack(0x0000004c96600000,0x0000004c96700000)]
  0x000001f9dd6beab0 JavaThread "Unconstrained build operations Thread 2" [_thread_blocked, id=9732, stack(0x0000004c97300000,0x0000004c97400000)]
  0x000001f9dd6b8570 JavaThread "Unconstrained build operations Thread 3" [_thread_blocked, id=16212, stack(0x0000004c97400000,0x0000004c97500000)]
  0x000001f9dd6ba3d0 JavaThread "Unconstrained build operations Thread 4" [_thread_blocked, id=6424, stack(0x0000004c97500000,0x0000004c97600000)]
  0x000001f9dd6b8f90 JavaThread "Unconstrained build operations Thread 5" [_thread_blocked, id=10448, stack(0x0000004c97600000,0x0000004c97700000)]
  0x000001f9dd6ba8e0 JavaThread "Unconstrained build operations Thread 6" [_thread_blocked, id=16056, stack(0x0000004c97700000,0x0000004c97800000)]
  0x000001f9dd6badf0 JavaThread "Unconstrained build operations Thread 7" [_thread_blocked, id=16084, stack(0x0000004c97800000,0x0000004c97900000)]
  0x000001f9dd6bc230 JavaThread "Unconstrained build operations Thread 8" [_thread_blocked, id=16524, stack(0x0000004c97900000,0x0000004c97a00000)]
  0x000001f9dd6bc740 JavaThread "Unconstrained build operations Thread 9" [_thread_blocked, id=17336, stack(0x0000004c97a00000,0x0000004c97b00000)]

Other Threads:
=>0x000001f9ff5d4010 VMThread "VM Thread" [stack: 0x0000004c94900000,0x0000004c94a00000] [id=16276]
  0x000001f9ff88fc50 WatcherThread [stack: 0x0000004c95500000,0x0000004c95600000] [id=12156]
  0x000001f9f488e870 GCTaskThread "GC Thread#0" [stack: 0x0000004c94400000,0x0000004c94500000] [id=2052]
  0x000001f9ff9b3660 GCTaskThread "GC Thread#1" [stack: 0x0000004c95600000,0x0000004c95700000] [id=6696]
  0x000001f9ff9c3f90 GCTaskThread "GC Thread#2" [stack: 0x0000004c95700000,0x0000004c95800000] [id=560]
  0x000001f9da81c6b0 GCTaskThread "GC Thread#3" [stack: 0x0000004c95800000,0x0000004c95900000] [id=4388]
  0x000001f9f6a29c80 ConcurrentGCThread "G1 Main Marker" [stack: 0x0000004c94500000,0x0000004c94600000] [id=5700]
  0x000001f9f6a2bd60 ConcurrentGCThread "G1 Conc#0" [stack: 0x0000004c94600000,0x0000004c94700000] [id=12172]
  0x000001f9ff450090 ConcurrentGCThread "G1 Refine#0" [stack: 0x0000004c94700000,0x0000004c94800000] [id=4788]
  0x000001f9ff450ac0 ConcurrentGCThread "G1 Service" [stack: 0x0000004c94800000,0x0000004c94900000] [id=1476]

Threads with active compile tasks:
C2 CompilerThread0    23748 8141   !   4       java.util.concurrent.ConcurrentHashMap::putVal (432 bytes)

VM state: at safepoint (normal execution)

VM Mutex/Monitor currently owned by a thread:  ([mutex/lock_event])
[0x000001f9f69bd9e0] Threads_lock - owner thread: 0x000001f9ff5d4010
[0x000001f9f69bd680] Heap_lock - owner thread: 0x000001f9f6a29c80

Heap address: 0x0000000080000000, size: 2048 MB, Compressed Oops mode: 32-bit

CDS archive(s) mapped at: [0x000001f995000000-0x000001f995bb0000-0x000001f995bb0000), size 12255232, SharedBaseAddress: 0x000001f995000000, ArchiveRelocationMode: 1.
Compressed class space mapped at: 0x000001f996000000-0x000001f9d6000000, reserved size: 1073741824
Narrow klass base: 0x000001f995000000, Narrow klass shift: 0, Narrow klass range: 0x100000000

GC Precious Log:
 CPUs: 4 total, 4 available
 Memory: 3964M
 Large Page Support: Disabled
 NUMA Support: Disabled
 Compressed Oops: Enabled (32-bit)
 Heap Region Size: 1M
 Heap Min Capacity: 8M
 Heap Initial Capacity: 62M
 Heap Max Capacity: 2G
 Pre-touch: Disabled
 Parallel Workers: 4
 Concurrent Workers: 1
 Concurrent Refinement Workers: 4
 Periodic GC: Disabled

Heap:
 garbage-first heap   total 97280K, used 60653K [0x0000000080000000, 0x0000000100000000)
  region size 1024K, 10 young (10240K), 3 survivors (3072K)
 Metaspace       used 56784K, committed 57344K, reserved 1114112K
  class space    used 7855K, committed 8128K, reserved 1048576K

Heap Regions: E=young(eden), S=young(survivor), O=old, HS=humongous(starts), HC=humongous(continues), CS=collection set, F=free, OA=open archive, CA=closed archive, TAMS=top-at-mark-start (previous, next)
|   0|0x0000000080000000, 0x0000000080100000, 0x0000000080100000|100%|HS|  |TAMS 0x0000000080100000, 0x0000000080000000| Complete 
|   1|0x0000000080100000, 0x0000000080200000, 0x0000000080200000|100%|HC|  |TAMS 0x0000000080200000, 0x0000000080100000| Complete 
|   2|0x0000000080200000, 0x0000000080300000, 0x0000000080300000|100%|HC|  |TAMS 0x0000000080300000, 0x0000000080200000| Complete 
|   3|0x0000000080300000, 0x0000000080400000, 0x0000000080400000|100%| O|  |TAMS 0x0000000080400000, 0x0000000080300000| Untracked 
|   4|0x0000000080400000, 0x0000000080500000, 0x0000000080500000|100%| O|  |TAMS 0x0000000080500000, 0x0000000080400000| Updating 
|   5|0x0000000080500000, 0x0000000080600000, 0x0000000080600000|100%| O|  |TAMS 0x0000000080600000, 0x0000000080500000| Untracked 
|   6|0x0000000080600000, 0x0000000080700000, 0x0000000080700000|100%| O|  |TAMS 0x0000000080700000, 0x0000000080600000| Untracked 
|   7|0x0000000080700000, 0x0000000080800000, 0x0000000080800000|100%| O|  |TAMS 0x0000000080800000, 0x0000000080700000| Untracked 
|   8|0x0000000080800000, 0x0000000080900000, 0x0000000080900000|100%|HS|  |TAMS 0x0000000080900000, 0x0000000080800000| Complete 
|   9|0x0000000080900000, 0x0000000080a00000, 0x0000000080a00000|100%| O|  |TAMS 0x0000000080a00000, 0x0000000080900000| Untracked 
|  10|0x0000000080a00000, 0x0000000080b00000, 0x0000000080b00000|100%| O|  |TAMS 0x0000000080b00000, 0x0000000080a00000| Untracked 
|  11|0x0000000080b00000, 0x0000000080c00000, 0x0000000080c00000|100%| O|  |TAMS 0x0000000080c00000, 0x0000000080b00000| Untracked 
|  12|0x0000000080c00000, 0x0000000080d00000, 0x0000000080d00000|100%| O|  |TAMS 0x0000000080d00000, 0x0000000080c00000| Untracked 
|  13|0x0000000080d00000, 0x0000000080e00000, 0x0000000080e00000|100%| O|  |TAMS 0x0000000080e00000, 0x0000000080d00000| Untracked 
|  14|0x0000000080e00000, 0x0000000080f00000, 0x0000000080f00000|100%| O|  |TAMS 0x0000000080f00000, 0x0000000080e00000| Untracked 
|  15|0x0000000080f00000, 0x0000000081000000, 0x0000000081000000|100%| O|  |TAMS 0x0000000081000000, 0x0000000080f00000| Untracked 
|  16|0x0000000081000000, 0x0000000081100000, 0x0000000081100000|100%| O|  |TAMS 0x0000000081100000, 0x0000000081000000| Untracked 
|  17|0x0000000081100000, 0x0000000081200000, 0x0000000081200000|100%| O|  |TAMS 0x0000000081200000, 0x0000000081100000| Untracked 
|  18|0x0000000081200000, 0x0000000081300000, 0x0000000081300000|100%| O|  |TAMS 0x0000000081300000, 0x0000000081200000| Untracked 
|  19|0x0000000081300000, 0x0000000081400000, 0x0000000081400000|100%| O|  |TAMS 0x0000000081400000, 0x0000000081300000| Updating 
|  20|0x0000000081400000, 0x0000000081500000, 0x0000000081500000|100%| O|  |TAMS 0x0000000081500000, 0x0000000081400000| Untracked 
|  21|0x0000000081500000, 0x0000000081600000, 0x0000000081600000|100%| O|  |TAMS 0x0000000081600000, 0x0000000081500000| Updating 
|  22|0x0000000081600000, 0x0000000081700000, 0x0000000081700000|100%| O|  |TAMS 0x0000000081700000, 0x0000000081600000| Untracked 
|  23|0x0000000081700000, 0x0000000081800000, 0x0000000081800000|100%| O|  |TAMS 0x0000000081800000, 0x0000000081700000| Untracked 
|  24|0x0000000081800000, 0x0000000081900000, 0x0000000081900000|100%| O|  |TAMS 0x0000000081900000, 0x0000000081800000| Untracked 
|  25|0x0000000081900000, 0x0000000081a00000, 0x0000000081a00000|100%| O|  |TAMS 0x0000000081a00000, 0x0000000081900000| Untracked 
|  26|0x0000000081a00000, 0x0000000081b00000, 0x0000000081b00000|100%| O|  |TAMS 0x0000000081b00000, 0x0000000081a00000| Updating 
|  27|0x0000000081b00000, 0x0000000081c00000, 0x0000000081c00000|100%| O|  |TAMS 0x0000000081c00000, 0x0000000081b00000| Updating 
|  28|0x0000000081c00000, 0x0000000081d00000, 0x0000000081d00000|100%| O|  |TAMS 0x0000000081d00000, 0x0000000081c00000| Updating 
|  29|0x0000000081d00000, 0x0000000081e00000, 0x0000000081e00000|100%| O|  |TAMS 0x0000000081e00000, 0x0000000081d00000| Updating 
|  30|0x0000000081e00000, 0x0000000081f00000, 0x0000000081f00000|100%| O|  |TAMS 0x0000000081f00000, 0x0000000081e00000| Updating 
|  31|0x0000000081f00000, 0x0000000082000000, 0x0000000082000000|100%| O|  |TAMS 0x0000000082000000, 0x0000000081f00000| Updating 
|  32|0x0000000082000000, 0x0000000082100000, 0x0000000082100000|100%| O|  |TAMS 0x0000000082100000, 0x0000000082000000| Updating 
|  33|0x0000000082100000, 0x0000000082200000, 0x0000000082200000|100%| O|  |TAMS 0x0000000082200000, 0x0000000082100000| Untracked 
|  34|0x0000000082200000, 0x0000000082300000, 0x0000000082300000|100%| O|  |TAMS 0x0000000082300000, 0x0000000082200000| Untracked 
|  35|0x0000000082300000, 0x0000000082400000, 0x0000000082400000|100%| O|  |TAMS 0x0000000082400000, 0x0000000082300000| Untracked 
|  36|0x0000000082400000, 0x0000000082500000, 0x0000000082500000|100%| O|  |TAMS 0x0000000082500000, 0x0000000082400000| Untracked 
|  37|0x0000000082500000, 0x0000000082600000, 0x0000000082600000|100%| O|  |TAMS 0x0000000082600000, 0x0000000082500000| Untracked 
|  38|0x0000000082600000, 0x0000000082700000, 0x0000000082700000|100%| O|  |TAMS 0x0000000082700000, 0x0000000082600000| Updating 
|  39|0x0000000082700000, 0x0000000082800000, 0x0000000082800000|100%| O|  |TAMS 0x0000000082800000, 0x0000000082700000| Updating 
|  40|0x0000000082800000, 0x0000000082900000, 0x0000000082900000|100%| O|  |TAMS 0x0000000082900000, 0x0000000082800000| Untracked 
|  41|0x0000000082900000, 0x0000000082900000, 0x0000000082a00000|  0%| F|  |TAMS 0x0000000082900000, 0x0000000082900000| Untracked 
|  42|0x0000000082a00000, 0x0000000082b00000, 0x0000000082b00000|100%| O|  |TAMS 0x0000000082b00000, 0x0000000082a00000| Untracked 
|  43|0x0000000082b00000, 0x0000000082c00000, 0x0000000082c00000|100%| O|  |TAMS 0x0000000082c00000, 0x0000000082b00000| Untracked 
|  44|0x0000000082c00000, 0x0000000082d00000, 0x0000000082d00000|100%| O|  |TAMS 0x0000000082d00000, 0x0000000082c00000| Untracked 
|  45|0x0000000082d00000, 0x0000000082e00000, 0x0000000082e00000|100%| O|  |TAMS 0x0000000082e00000, 0x0000000082d00000| Updating 
|  46|0x0000000082e00000, 0x0000000082f00000, 0x0000000082f00000|100%| O|  |TAMS 0x0000000082f00000, 0x0000000082e00000| Untracked 
|  47|0x0000000082f00000, 0x0000000083000000, 0x0000000083000000|100%| O|  |TAMS 0x0000000083000000, 0x0000000082f00000| Updating 
|  48|0x0000000083000000, 0x0000000083100000, 0x0000000083100000|100%| O|  |TAMS 0x0000000083100000, 0x0000000083000000| Untracked 
|  49|0x0000000083100000, 0x0000000083200000, 0x0000000083200000|100%| O|  |TAMS 0x0000000083200000, 0x0000000083100000| Updating 
|  50|0x0000000083200000, 0x0000000083300000, 0x0000000083300000|100%| O|  |TAMS 0x0000000083300000, 0x0000000083200000| Updating 
|  51|0x0000000083300000, 0x0000000083400000, 0x0000000083400000|100%| O|  |TAMS 0x0000000083400000, 0x0000000083300000| Updating 
|  52|0x0000000083400000, 0x0000000083400000, 0x0000000083500000|  0%| F|  |TAMS 0x0000000083400000, 0x0000000083400000| Untracked 
|  53|0x0000000083500000, 0x000000008356ec00, 0x0000000083600000| 43%| O|  |TAMS 0x000000008356ec00, 0x0000000083500000| Updating 
|  54|0x0000000083600000, 0x0000000083600000, 0x0000000083700000|  0%| F|  |TAMS 0x0000000083600000, 0x0000000083600000| Untracked 
|  55|0x0000000083700000, 0x0000000083700000, 0x0000000083800000|  0%| F|  |TAMS 0x0000000083700000, 0x0000000083700000| Untracked 
|  56|0x0000000083800000, 0x0000000083800000, 0x0000000083900000|  0%| F|  |TAMS 0x0000000083800000, 0x0000000083800000| Untracked 
|  57|0x0000000083900000, 0x0000000083900000, 0x0000000083a00000|  0%| F|  |TAMS 0x0000000083900000, 0x0000000083900000| Untracked 
|  58|0x0000000083a00000, 0x0000000083a00000, 0x0000000083b00000|  0%| F|  |TAMS 0x0000000083a00000, 0x0000000083a00000| Untracked 
|  59|0x0000000083b00000, 0x0000000083b00000, 0x0000000083c00000|  0%| F|  |TAMS 0x0000000083b00000, 0x0000000083b00000| Untracked 
|  60|0x0000000083c00000, 0x0000000083c00000, 0x0000000083d00000|  0%| F|  |TAMS 0x0000000083c00000, 0x0000000083c00000| Untracked 
|  61|0x0000000083d00000, 0x0000000083d00000, 0x0000000083e00000|  0%| F|  |TAMS 0x0000000083d00000, 0x0000000083d00000| Untracked 
|  62|0x0000000083e00000, 0x0000000083e00000, 0x0000000083f00000|  0%| F|  |TAMS 0x0000000083e00000, 0x0000000083e00000| Untracked 
|  63|0x0000000083f00000, 0x0000000083f00000, 0x0000000084000000|  0%| F|  |TAMS 0x0000000083f00000, 0x0000000083f00000| Untracked 
|  64|0x0000000084000000, 0x0000000084000000, 0x0000000084100000|  0%| F|  |TAMS 0x0000000084000000, 0x0000000084000000| Untracked 
|  65|0x0000000084100000, 0x0000000084100000, 0x0000000084200000|  0%| F|  |TAMS 0x0000000084100000, 0x0000000084100000| Untracked 
|  66|0x0000000084200000, 0x0000000084200000, 0x0000000084300000|  0%| F|  |TAMS 0x0000000084200000, 0x0000000084200000| Untracked 
|  67|0x0000000084300000, 0x0000000084300000, 0x0000000084400000|  0%| F|  |TAMS 0x0000000084300000, 0x0000000084300000| Untracked 
|  68|0x0000000084400000, 0x0000000084400000, 0x0000000084500000|  0%| F|  |TAMS 0x0000000084400000, 0x0000000084400000| Untracked 
|  69|0x0000000084500000, 0x00000000845ccaa0, 0x0000000084600000| 79%| S|CS|TAMS 0x0000000084500000, 0x0000000084500000| Complete 
|  70|0x0000000084600000, 0x0000000084700000, 0x0000000084700000|100%| S|CS|TAMS 0x0000000084600000, 0x0000000084600000| Complete 
|  71|0x0000000084700000, 0x0000000084800000, 0x0000000084800000|100%| S|CS|TAMS 0x0000000084700000, 0x0000000084700000| Complete 
|  72|0x0000000084800000, 0x0000000084800000, 0x0000000084900000|  0%| F|  |TAMS 0x0000000084800000, 0x0000000084800000| Untracked 
|  73|0x0000000084900000, 0x0000000084900000, 0x0000000084a00000|  0%| F|  |TAMS 0x0000000084900000, 0x0000000084900000| Untracked 
|  74|0x0000000084a00000, 0x0000000084a00000, 0x0000000084b00000|  0%| F|  |TAMS 0x0000000084a00000, 0x0000000084a00000| Untracked 
|  75|0x0000000084b00000, 0x0000000084b00000, 0x0000000084c00000|  0%| F|  |TAMS 0x0000000084b00000, 0x0000000084b00000| Untracked 
|  76|0x0000000084c00000, 0x0000000084c00000, 0x0000000084d00000|  0%| F|  |TAMS 0x0000000084c00000, 0x0000000084c00000| Untracked 
|  77|0x0000000084d00000, 0x0000000084d00000, 0x0000000084e00000|  0%| F|  |TAMS 0x0000000084d00000, 0x0000000084d00000| Untracked 
|  78|0x0000000084e00000, 0x0000000084e00000, 0x0000000084f00000|  0%| F|  |TAMS 0x0000000084e00000, 0x0000000084e00000| Untracked 
|  79|0x0000000084f00000, 0x0000000084f00000, 0x0000000085000000|  0%| F|  |TAMS 0x0000000084f00000, 0x0000000084f00000| Untracked 
|  80|0x0000000085000000, 0x0000000085000000, 0x0000000085100000|  0%| F|  |TAMS 0x0000000085000000, 0x0000000085000000| Untracked 
|  81|0x0000000085100000, 0x0000000085100000, 0x0000000085200000|  0%| F|  |TAMS 0x0000000085100000, 0x0000000085100000| Untracked 
|  82|0x0000000085200000, 0x0000000085200000, 0x0000000085300000|  0%| F|  |TAMS 0x0000000085200000, 0x0000000085200000| Untracked 
|  83|0x0000000085300000, 0x0000000085300000, 0x0000000085400000|  0%| F|  |TAMS 0x0000000085300000, 0x0000000085300000| Untracked 
|  84|0x0000000085400000, 0x0000000085400000, 0x0000000085500000|  0%| F|  |TAMS 0x0000000085400000, 0x0000000085400000| Untracked 
|  85|0x0000000085500000, 0x0000000085500000, 0x0000000085600000|  0%| F|  |TAMS 0x0000000085500000, 0x0000000085500000| Untracked 
|  86|0x0000000085600000, 0x0000000085600000, 0x0000000085700000|  0%| F|  |TAMS 0x0000000085600000, 0x0000000085600000| Untracked 
|  87|0x0000000085700000, 0x0000000085700000, 0x0000000085800000|  0%| F|  |TAMS 0x0000000085700000, 0x0000000085700000| Untracked 
|  88|0x0000000085800000, 0x0000000085844420, 0x0000000085900000| 26%| E|  |TAMS 0x0000000085800000, 0x0000000085800000| Complete 
|  89|0x0000000085900000, 0x0000000085a00000, 0x0000000085a00000|100%| E|CS|TAMS 0x0000000085900000, 0x0000000085900000| Complete 
|  90|0x0000000085a00000, 0x0000000085b00000, 0x0000000085b00000|100%| E|CS|TAMS 0x0000000085a00000, 0x0000000085a00000| Complete 
|  91|0x0000000085b00000, 0x0000000085c00000, 0x0000000085c00000|100%| E|  |TAMS 0x0000000085b00000, 0x0000000085b00000| Complete 
|  92|0x0000000085c00000, 0x0000000085d00000, 0x0000000085d00000|100%| E|CS|TAMS 0x0000000085c00000, 0x0000000085c00000| Complete 
|  93|0x0000000085d00000, 0x0000000085e00000, 0x0000000085e00000|100%| E|CS|TAMS 0x0000000085d00000, 0x0000000085d00000| Complete 
|  94|0x0000000085e00000, 0x0000000085f00000, 0x0000000085f00000|100%| E|CS|TAMS 0x0000000085e00000, 0x0000000085e00000| Complete 

Card table byte_map: [0x000001f9fe910000,0x000001f9fed10000] _byte_map_base: 0x000001f9fe510000

Marking Bits (Prev, Next): (CMBitMap*) 0x000001f9f6a19390, (CMBitMap*) 0x000001f9f6a19350
 Prev Bits: [0x000001f991000000, 0x000001f993000000)
 Next Bits: [0x000001f98f000000, 0x000001f991000000)

Polling page: 0x000001f9f6170000

Metaspace:

Usage:
  Non-class:     47.78 MB used.
      Class:      7.67 MB used.
       Both:     55.45 MB used.

Virtual space:
  Non-class space:       64.00 MB reserved,      48.06 MB ( 75%) committed,  1 nodes.
      Class space:        1.00 GB reserved,       7.94 MB ( <1%) committed,  1 nodes.
             Both:        1.06 GB reserved,      56.00 MB (  5%) committed. 

Chunk freelists:
   Non-Class:  15.81 MB
       Class:  8.00 MB
        Both:  23.81 MB

MaxMetaspaceSize: unlimited
CompressedClassSpaceSize: 1.00 GB
Initial GC threshold: 21.00 MB
Current GC threshold: 92.81 MB
CDS: on
MetaspaceReclaimPolicy: balanced
 - commit_granule_bytes: 65536.
 - commit_granule_words: 8192.
 - virtual_space_node_default_size: 8388608.
 - enlarge_chunks_in_place: 1.
 - new_chunks_are_fully_committed: 0.
 - uncommit_free_chunks: 1.
 - use_allocation_guard: 0.
 - handle_deallocations: 1.


Internal statistics:

num_allocs_failed_limit: 6.
num_arena_births: 790.
num_arena_deaths: 0.
num_vsnodes_births: 2.
num_vsnodes_deaths: 0.
num_space_committed: 896.
num_space_uncommitted: 0.
num_chunks_returned_to_freelist: 6.
num_chunks_taken_from_freelist: 3118.
num_chunk_merges: 6.
num_chunk_splits: 2028.
num_chunks_enlarged: 1350.
num_inconsistent_stats: 0.

CodeHeap 'non-profiled nmethods': size=120000Kb used=3634Kb max_used=3634Kb free=116365Kb
 bounds [0x000001f987ad0000, 0x000001f987e60000, 0x000001f98f000000]
CodeHeap 'profiled nmethods': size=120000Kb used=14234Kb max_used=14234Kb free=105765Kb
 bounds [0x000001f980000000, 0x000001f980df0000, 0x000001f987530000]
CodeHeap 'non-nmethods': size=5760Kb used=2352Kb max_used=2446Kb free=3408Kb
 bounds [0x000001f987530000, 0x000001f9877b0000, 0x000001f987ad0000]
 total_blobs=8324 nmethods=7450 adapters=786
 compilation: enabled
              stopped_count=0, restarted_count=0
 full_count=0

Compilation events (20 events):
Event: 23.692 Thread 0x000001f9ff5ffe50 8280   !   2       org.gradle.internal.snapshot.impl.DirectorySnapshotter::snapshot (118 bytes)
Event: 23.694 Thread 0x000001f9ff5ffe50 nmethod 8280 0x000001f980de2e10 code [0x000001f980de3080, 0x000001f980de3ac8]
Event: 23.694 Thread 0x000001f9ff5ffe50 8281       2       org.gradle.internal.snapshot.AbstractFileSystemLocationSnapshot::asFileSystemNode (2 bytes)
Event: 23.694 Thread 0x000001f9ff5ffe50 nmethod 8281 0x000001f980de4110 code [0x000001f980de42a0, 0x000001f980de43b8]
Event: 23.694 Thread 0x000001f9ff5ffe50 8282       2       org.gradle.internal.watch.registry.impl.SnapshotCollectingDiffListener::nodeAdded (26 bytes)
Event: 23.694 Thread 0x000001f9ff5ffe50 nmethod 8282 0x000001f980de4490 code [0x000001f980de4660, 0x000001f980de4938]
Event: 23.694 Thread 0x000001f9ff5ffe50 8283       2       org.gradle.internal.snapshot.AbstractFileSystemLocationSnapshot::rootSnapshots (5 bytes)
Event: 23.694 Thread 0x000001f9ff5ffe50 nmethod 8283 0x000001f980de4b10 code [0x000001f980de4cc0, 0x000001f980de4ea8]
Event: 23.695 Thread 0x000001f9ff5ffe50 8284       2       org.gradle.internal.watch.registry.impl.SnapshotCollectingDiffListener$$Lambda$357/0x000001f9963aeba8::<init> (10 bytes)
Event: 23.695 Thread 0x000001f9ff5ffe50 nmethod 8284 0x000001f980de4f90 code [0x000001f980de5120, 0x000001f980de5278]
Event: 23.695 Thread 0x000001f9ff5ffe50 8285       2       org.gradle.internal.watch.registry.impl.SnapshotCollectingDiffListener$$Lambda$357/0x000001f9963aeba8::accept (14 bytes)
Event: 23.695 Thread 0x000001f9ff5ffe50 nmethod 8285 0x000001f980de5310 code [0x000001f980de54c0, 0x000001f980de5648]
Event: 23.695 Thread 0x000001f9ff5ffe50 8286       2       org.gradle.internal.watch.vfs.impl.WatchingVirtualFileSystem$$Lambda$359/0x000001f9963aeff8::get (12 bytes)
Event: 23.695 Thread 0x000001f9ff5ffe50 nmethod 8286 0x000001f980de5710 code [0x000001f980de58a0, 0x000001f980de59e8]
Event: 23.695 Thread 0x000001f9ff5ffe50 8287       2       org.gradle.internal.watch.vfs.impl.WatchingVirtualFileSystem::lambda$withWatcherChangeErrorHandling$9 (8 bytes)
Event: 23.695 Thread 0x000001f9ff5ffe50 nmethod 8287 0x000001f980de5a90 code [0x000001f980de5c20, 0x000001f980de5d28]
Event: 23.695 Thread 0x000001f9ff5ffe50 8288       2       org.gradle.internal.watch.vfs.impl.WatchingVirtualFileSystem$$Lambda$358/0x000001f9963aedd8::run (16 bytes)
Event: 23.696 Thread 0x000001f9ff5ffe50 nmethod 8288 0x000001f980de5e10 code [0x000001f980de5fc0, 0x000001f980de6238]
Event: 23.696 Thread 0x000001f9ff5ffe50 8289       2       org.gradle.internal.watch.vfs.impl.WatchingVirtualFileSystem::lambda$updateNotifyingListeners$1 (12 bytes)
Event: 23.696 Thread 0x000001f9ff5ffe50 nmethod 8289 0x000001f980de6410 code [0x000001f980de65c0, 0x000001f980de6818]

GC Heap History (20 events):
Event: 17.846 GC heap before
{Heap before GC invocations=21 (full 0):
 garbage-first heap   total 76800K, used 62807K [0x0000000080000000, 0x0000000100000000)
  region size 1024K, 26 young (26624K), 3 survivors (3072K)
 Metaspace       used 45505K, committed 46144K, reserved 1114112K
  class space    used 6294K, committed 6592K, reserved 1048576K
}
Event: 17.852 GC heap after
{Heap after GC invocations=22 (full 0):
 garbage-first heap   total 76800K, used 40154K [0x0000000080000000, 0x0000000100000000)
  region size 1024K, 2 young (2048K), 2 survivors (2048K)
 Metaspace       used 45505K, committed 46144K, reserved 1114112K
  class space    used 6294K, committed 6592K, reserved 1048576K
}
Event: 18.273 GC heap before
{Heap before GC invocations=23 (full 0):
 garbage-first heap   total 76800K, used 62682K [0x0000000080000000, 0x0000000100000000)
  region size 1024K, 24 young (24576K), 2 survivors (2048K)
 Metaspace       used 48223K, committed 48832K, reserved 1114112K
  class space    used 6676K, committed 6976K, reserved 1048576K
}
Event: 18.279 GC heap after
{Heap after GC invocations=24 (full 0):
 garbage-first heap   total 76800K, used 41151K [0x0000000080000000, 0x0000000100000000)
  region size 1024K, 2 young (2048K), 2 survivors (2048K)
 Metaspace       used 48223K, committed 48832K, reserved 1114112K
  class space    used 6676K, committed 6976K, reserved 1048576K
}
Event: 18.746 GC heap before
{Heap before GC invocations=24 (full 0):
 garbage-first heap   total 76800K, used 63679K [0x0000000080000000, 0x0000000100000000)
  region size 1024K, 24 young (24576K), 2 survivors (2048K)
 Metaspace       used 50713K, committed 51328K, reserved 1114112K
  class space    used 7035K, committed 7296K, reserved 1048576K
}
Event: 18.752 GC heap after
{Heap after GC invocations=25 (full 0):
 garbage-first heap   total 92160K, used 43201K [0x0000000080000000, 0x0000000100000000)
  region size 1024K, 3 young (3072K), 3 survivors (3072K)
 Metaspace       used 50713K, committed 51328K, reserved 1114112K
  class space    used 7035K, committed 7296K, reserved 1048576K
}
Event: 19.836 GC heap before
{Heap before GC invocations=26 (full 0):
 garbage-first heap   total 92160K, used 75969K [0x0000000080000000, 0x0000000100000000)
  region size 1024K, 35 young (35840K), 3 survivors (3072K)
 Metaspace       used 53123K, committed 53760K, reserved 1114112K
  class space    used 7402K, committed 7680K, reserved 1048576K
}
Event: 19.844 GC heap after
{Heap after GC invocations=27 (full 0):
 garbage-first heap   total 92160K, used 45349K [0x0000000080000000, 0x0000000100000000)
  region size 1024K, 5 young (5120K), 5 survivors (5120K)
 Metaspace       used 53123K, committed 53760K, reserved 1114112K
  class space    used 7402K, committed 7680K, reserved 1048576K
}
Event: 20.878 GC heap before
{Heap before GC invocations=27 (full 0):
 garbage-first heap   total 92160K, used 75045K [0x0000000080000000, 0x0000000100000000)
  region size 1024K, 34 young (34816K), 5 survivors (5120K)
 Metaspace       used 55379K, committed 55936K, reserved 1114112K
  class space    used 7739K, committed 8000K, reserved 1048576K
}
Event: 20.889 GC heap after
{Heap after GC invocations=28 (full 0):
 garbage-first heap   total 92160K, used 48349K [0x0000000080000000, 0x0000000100000000)
  region size 1024K, 5 young (5120K), 5 survivors (5120K)
 Metaspace       used 55379K, committed 55936K, reserved 1114112K
  class space    used 7739K, committed 8000K, reserved 1048576K
}
Event: 21.771 GC heap before
{Heap before GC invocations=29 (full 0):
 garbage-first heap   total 92160K, used 73949K [0x0000000080000000, 0x0000000100000000)
  region size 1024K, 31 young (31744K), 5 survivors (5120K)
 Metaspace       used 56216K, committed 56832K, reserved 1114112K
  class space    used 7829K, committed 8128K, reserved 1048576K
}
Event: 21.784 GC heap after
{Heap after GC invocations=30 (full 0):
 garbage-first heap   total 92160K, used 52572K [0x0000000080000000, 0x0000000100000000)
  region size 1024K, 4 young (4096K), 4 survivors (4096K)
 Metaspace       used 56216K, committed 56832K, reserved 1114112K
  class space    used 7829K, committed 8128K, reserved 1048576K
}
Event: 22.356 GC heap before
{Heap before GC invocations=30 (full 0):
 garbage-first heap   total 92160K, used 73052K [0x0000000080000000, 0x0000000100000000)
  region size 1024K, 25 young (25600K), 4 survivors (4096K)
 Metaspace       used 56394K, committed 57024K, reserved 1114112K
  class space    used 7829K, committed 8128K, reserved 1048576K
}
Event: 22.364 GC heap after
{Heap after GC invocations=31 (full 0):
 garbage-first heap   total 92160K, used 54694K [0x0000000080000000, 0x0000000100000000)
  region size 1024K, 4 young (4096K), 4 survivors (4096K)
 Metaspace       used 56394K, committed 57024K, reserved 1114112K
  class space    used 7829K, committed 8128K, reserved 1048576K
}
Event: 23.068 GC heap before
{Heap before GC invocations=32 (full 0):
 garbage-first heap   total 97280K, used 74150K [0x0000000080000000, 0x0000000100000000)
  region size 1024K, 24 young (24576K), 4 survivors (4096K)
 Metaspace       used 56633K, committed 57280K, reserved 1114112K
  class space    used 7855K, committed 8128K, reserved 1048576K
}
Event: 23.074 GC heap after
{Heap after GC invocations=33 (full 0):
 garbage-first heap   total 97280K, used 55113K [0x0000000080000000, 0x0000000100000000)
  region size 1024K, 3 young (3072K), 3 survivors (3072K)
 Metaspace       used 56633K, committed 57280K, reserved 1114112K
  class space    used 7855K, committed 8128K, reserved 1048576K
}
Event: 23.095 GC heap before
{Heap before GC invocations=33 (full 0):
 garbage-first heap   total 97280K, used 56137K [0x0000000080000000, 0x0000000100000000)
  region size 1024K, 4 young (4096K), 3 survivors (3072K)
 Metaspace       used 56635K, committed 57280K, reserved 1114112K
  class space    used 7855K, committed 8128K, reserved 1048576K
}
Event: 23.099 GC heap after
{Heap after GC invocations=34 (full 0):
 garbage-first heap   total 97280K, used 54422K [0x0000000080000000, 0x0000000100000000)
  region size 1024K, 1 young (1024K), 1 survivors (1024K)
 Metaspace       used 56635K, committed 57280K, reserved 1114112K
  class space    used 7855K, committed 8128K, reserved 1048576K
}
Event: 23.554 GC heap before
{Heap before GC invocations=34 (full 0):
 garbage-first heap   total 97280K, used 76950K [0x0000000080000000, 0x0000000100000000)
  region size 1024K, 23 young (23552K), 1 survivors (1024K)
 Metaspace       used 56760K, committed 57344K, reserved 1114112K
  class space    used 7855K, committed 8128K, reserved 1048576K
}
Event: 23.558 GC heap after
{Heap after GC invocations=35 (full 0):
 garbage-first heap   total 97280K, used 56557K [0x0000000080000000, 0x0000000100000000)
  region size 1024K, 3 young (3072K), 3 survivors (3072K)
 Metaspace       used 56760K, committed 57344K, reserved 1114112K
  class space    used 7855K, committed 8128K, reserved 1048576K
}

Dll operation events (15 events):
Event: 0.012 Loaded shared library C:\Program Files\Eclipse Adoptium\jdk-17.0.15.6-hotspot\bin\java.dll
Event: 0.033 Loaded shared library C:\Program Files\Eclipse Adoptium\jdk-17.0.15.6-hotspot\bin\jsvml.dll
Event: 0.118 Loaded shared library C:\Program Files\Eclipse Adoptium\jdk-17.0.15.6-hotspot\bin\zip.dll
Event: 0.121 Loaded shared library C:\Program Files\Eclipse Adoptium\jdk-17.0.15.6-hotspot\bin\instrument.dll
Event: 0.127 Loaded shared library C:\Program Files\Eclipse Adoptium\jdk-17.0.15.6-hotspot\bin\net.dll
Event: 0.130 Loaded shared library C:\Program Files\Eclipse Adoptium\jdk-17.0.15.6-hotspot\bin\nio.dll
Event: 0.132 Loaded shared library C:\Program Files\Eclipse Adoptium\jdk-17.0.15.6-hotspot\bin\zip.dll
Event: 0.446 Loaded shared library C:\Program Files\Eclipse Adoptium\jdk-17.0.15.6-hotspot\bin\jimage.dll
Event: 0.723 Loaded shared library C:\Program Files\Eclipse Adoptium\jdk-17.0.15.6-hotspot\bin\verify.dll
Event: 0.911 Loaded shared library C:\Users\hafid\.gradle\native\1def1411415f61bf3af743bc5b6707747c0891f09f0c88961ee8f79bc544acac\windows-amd64\native-platform.dll
Event: 0.928 Loaded shared library C:\Users\hafid\.gradle\native\0.2.7\x86_64-windows-gnu\gradle-fileevents.dll
Event: 2.354 Loaded shared library C:\Program Files\Eclipse Adoptium\jdk-17.0.15.6-hotspot\bin\management.dll
Event: 2.359 Loaded shared library C:\Program Files\Eclipse Adoptium\jdk-17.0.15.6-hotspot\bin\management_ext.dll
Event: 3.332 Loaded shared library C:\Program Files\Eclipse Adoptium\jdk-17.0.15.6-hotspot\bin\extnet.dll
Event: 4.071 Loaded shared library C:\Program Files\Eclipse Adoptium\jdk-17.0.15.6-hotspot\bin\sunmscapi.dll

Deoptimization events (20 events):
Event: 22.840 Thread 0x000001f9ff800030 Uncommon trap: trap_request=0xffffffde fr.pc=0x000001f987bff92c relative=0x00000000000008ec
Event: 22.840 Thread 0x000001f9ff800030 Uncommon trap: reason=class_check action=maybe_recompile pc=0x000001f987bff92c method=com.google.common.collect.AbstractIterator.tryToComputeNext()Z @ 9 c2
Event: 22.840 Thread 0x000001f9ff800030 DEOPT PACKING pc=0x000001f987bff92c sp=0x0000004c95ff60e0
Event: 22.841 Thread 0x000001f9ff800030 DEOPT UNPACKING pc=0x000001f9875869a3 sp=0x0000004c95ff6058 mode 2
Event: 22.841 Thread 0x000001f9ff800030 Uncommon trap: trap_request=0xffffffde fr.pc=0x000001f987bff92c relative=0x00000000000008ec
Event: 22.841 Thread 0x000001f9ff800030 Uncommon trap: reason=class_check action=maybe_recompile pc=0x000001f987bff92c method=com.google.common.collect.AbstractIterator.tryToComputeNext()Z @ 9 c2
Event: 22.841 Thread 0x000001f9ff800030 DEOPT PACKING pc=0x000001f987bff92c sp=0x0000004c95ff6010
Event: 22.841 Thread 0x000001f9ff800030 DEOPT UNPACKING pc=0x000001f9875869a3 sp=0x0000004c95ff5f88 mode 2
Event: 22.841 Thread 0x000001f9ff800030 Uncommon trap: trap_request=0xffffffde fr.pc=0x000001f987bff92c relative=0x00000000000008ec
Event: 22.841 Thread 0x000001f9ff800030 Uncommon trap: reason=class_check action=maybe_recompile pc=0x000001f987bff92c method=com.google.common.collect.AbstractIterator.tryToComputeNext()Z @ 9 c2
Event: 22.841 Thread 0x000001f9ff800030 DEOPT PACKING pc=0x000001f987bff92c sp=0x0000004c95ff6010
Event: 22.841 Thread 0x000001f9ff800030 DEOPT UNPACKING pc=0x000001f9875869a3 sp=0x0000004c95ff5f88 mode 2
Event: 22.905 Thread 0x000001f9dd6bc230 Uncommon trap: trap_request=0xffffff45 fr.pc=0x000001f987c11c90 relative=0x0000000000000270
Event: 22.905 Thread 0x000001f9dd6bc230 Uncommon trap: reason=unstable_if action=reinterpret pc=0x000001f987c11c90 method=java.util.concurrent.ConcurrentHashMap.get(Ljava/lang/Object;)Ljava/lang/Object; @ 86 c2
Event: 22.905 Thread 0x000001f9dd6bc230 DEOPT PACKING pc=0x000001f987c11c90 sp=0x0000004c979fdf70
Event: 22.905 Thread 0x000001f9dd6bc230 DEOPT UNPACKING pc=0x000001f9875869a3 sp=0x0000004c979fdee8 mode 2
Event: 22.916 Thread 0x000001f9dd6bc740 Uncommon trap: trap_request=0xffffff45 fr.pc=0x000001f987e435d4 relative=0x0000000000000314
Event: 22.916 Thread 0x000001f9dd6bc740 Uncommon trap: reason=unstable_if action=reinterpret pc=0x000001f987e435d4 method=java.util.concurrent.ConcurrentHashMap.addCount(JI)V @ 97 c2
Event: 22.916 Thread 0x000001f9dd6bc740 DEOPT PACKING pc=0x000001f987e435d4 sp=0x0000004c97afd830
Event: 22.916 Thread 0x000001f9dd6bc740 DEOPT UNPACKING pc=0x000001f9875869a3 sp=0x0000004c97afd770 mode 2

Classes loaded (20 events):
Event: 19.686 Loading class java/lang/StringCustomizer
Event: 19.686 Loading class java/lang/StringCustomizer done
Event: 19.692 Loading class java/io/FileBeanInfo
Event: 19.692 Loading class java/io/FileBeanInfo done
Event: 19.692 Loading class java/io/FileBeanInfo
Event: 19.692 Loading class java/io/FileBeanInfo done
Event: 19.693 Loading class java/io/FileCustomizer
Event: 19.693 Loading class java/io/FileCustomizer done
Event: 19.693 Loading class java/io/FileCustomizer
Event: 19.693 Loading class java/io/FileCustomizer done
Event: 20.215 Loading class sun/reflect/ReflectionFactory
Event: 20.215 Loading class sun/reflect/ReflectionFactory done
Event: 20.215 Loading class sun/reflect/ReflectionFactory$1
Event: 20.215 Loading class sun/reflect/ReflectionFactory$1 done
Event: 20.999 Loading class java/util/Collections$ReverseComparator
Event: 20.999 Loading class java/util/Collections$ReverseComparator done
Event: 20.999 Loading class java/util/Collections$ReverseComparator2
Event: 21.000 Loading class java/util/Collections$ReverseComparator2 done
Event: 21.158 Loading class java/util/LinkedList$LLSpliterator
Event: 21.158 Loading class java/util/LinkedList$LLSpliterator done

Classes unloaded (0 events):
No events

Classes redefined (0 events):
No events

Internal exceptions (20 events):
Event: 19.476 Thread 0x000001f9ff800030 Exception <a 'java/lang/ClassNotFoundException'{0x0000000084a9dd38}: org/gradle/api/internal/plugins/DefaultObjectConfigurationActionCustomizer> (0x0000000084a9dd38) 
thrown [s\src\hotspot\share\classfile\systemDictionary.cpp, line 256]
Event: 19.550 Thread 0x000001f9ff800030 Exception <a 'java/lang/NoSuchMethodError'{0x000000008463e320}: 'long java.lang.invoke.DirectMethodHandle$Holder.invokeStatic(java.lang.Object, long)'> (0x000000008463e320) 
thrown [s\src\hotspot\share\interpreter\linkResolver.cpp, line 759]
Event: 19.685 Thread 0x000001f9ff800030 Exception <a 'java/lang/ClassNotFoundException'{0x0000000083fc34d8}: java/lang/StringBeanInfo> (0x0000000083fc34d8) 
thrown [s\src\hotspot\share\classfile\systemDictionary.cpp, line 256]
Event: 19.686 Thread 0x000001f9ff800030 Exception <a 'java/lang/ClassNotFoundException'{0x0000000083fcf380}: java/lang/StringCustomizer> (0x0000000083fcf380) 
thrown [s\src\hotspot\share\classfile\systemDictionary.cpp, line 256]
Event: 19.692 Thread 0x000001f9ff800030 Exception <a 'java/lang/ClassNotFoundException'{0x0000000083e2aec8}: java/io/FileBeanInfo> (0x0000000083e2aec8) 
thrown [s\src\hotspot\share\classfile\systemDictionary.cpp, line 256]
Event: 19.693 Thread 0x000001f9ff800030 Exception <a 'java/lang/ClassNotFoundException'{0x0000000083e36bb8}: java/io/FileCustomizer> (0x0000000083e36bb8) 
thrown [s\src\hotspot\share\classfile\systemDictionary.cpp, line 256]
Event: 19.739 Thread 0x000001f9da8db050 Exception <a 'java/lang/NoSuchMethodError'{0x0000000083d91e10}: static Lorg/gradle/internal/build/event/types/DefaultProjectConfigurationDescriptor;.<clinit>()V> (0x0000000083d91e10) 
thrown [s\src\hotspot\share\prims\jni.cpp, line 1112]
Event: 20.181 Thread 0x000001f9ff800030 Exception <a 'java/lang/NoSuchMethodError'{0x0000000084f3d1b8}: static Lorg/gradle/api/internal/catalog/DefaultVersionCatalog;.<clinit>()V> (0x0000000084f3d1b8) 
thrown [s\src\hotspot\share\prims\jni.cpp, line 1112]
Event: 20.187 Thread 0x000001f9ff800030 Exception <a 'java/lang/NoSuchMethodError'{0x0000000084f75d48}: static [Ljava/lang/Object;.<clinit>()V> (0x0000000084f75d48) 
thrown [s\src\hotspot\share\prims\jni.cpp, line 1112]
Event: 20.190 Thread 0x000001f9ff800030 Exception <a 'java/lang/NoSuchMethodError'{0x0000000084f9ed38}: static Lorg/gradle/api/internal/catalog/DependencyModel;.<clinit>()V> (0x0000000084f9ed38) 
thrown [s\src\hotspot\share\prims\jni.cpp, line 1112]
Event: 20.190 Thread 0x000001f9ff800030 Exception <a 'java/lang/NoSuchMethodError'{0x0000000084fa3440}: static Lorg/gradle/api/internal/catalog/AbstractContextAwareModel;.<clinit>()V> (0x0000000084fa3440) 
thrown [s\src\hotspot\share\prims\jni.cpp, line 1112]
Event: 20.194 Thread 0x000001f9ff800030 Exception <a 'java/lang/NoSuchMethodError'{0x0000000084fbc708}: static Lorg/gradle/api/internal/artifacts/dependencies/AbstractVersionConstraint;.<clinit>()V> (0x0000000084fbc708) 
thrown [s\src\hotspot\share\prims\jni.cpp, line 1112]
Event: 20.199 Thread 0x000001f9ff800030 Exception <a 'java/lang/NoSuchMethodError'{0x0000000084e0ff48}: static Lorg/gradle/api/internal/catalog/PluginModel;.<clinit>()V> (0x0000000084e0ff48) 
thrown [s\src\hotspot\share\prims\jni.cpp, line 1112]
Event: 20.201 Thread 0x000001f9ff800030 Exception <a 'java/lang/NoSuchMethodError'{0x0000000084e27140}: static Lorg/gradle/api/internal/catalog/VersionModel;.<clinit>()V> (0x0000000084e27140) 
thrown [s\src\hotspot\share\prims\jni.cpp, line 1112]
Event: 20.335 Thread 0x000001f9ff800030 Exception <a 'java/lang/NoSuchMethodError'{0x0000000084af50c0}: 'int java.lang.invoke.DirectMethodHandle$Holder.invokeSpecialIFC(java.lang.Object, java.lang.Object, java.lang.Object)'> (0x0000000084af50c0) 
thrown [s\src\hotspot\share\interpreter\linkResolver.cpp, line 759]
Event: 20.447 Thread 0x000001f9ff800030 Exception <a 'java/lang/NoSuchMethodError'{0x00000000846ed218}: 'void java.lang.invoke.DirectMethodHandle$Holder.invokeStatic(java.lang.Object, java.lang.Object, java.lang.Object, int, java.lang.Object)'> (0x00000000846ed218) 
thrown [s\src\hotspot\share\interpreter\linkResolver.cpp, line 759]
Event: 21.159 Thread 0x000001f9ff800030 Exception <a 'java/lang/IncompatibleClassChangeError'{0x00000000853010f0}: Found class java.lang.Object, but interface was expected> (0x00000000853010f0) 
thrown [s\src\hotspot\share\interpreter\linkResolver.cpp, line 826]
Event: 21.456 Thread 0x000001f9ff800030 Exception <a 'java/lang/NoSuchMethodError'{0x0000000084bddd30}: 'java.lang.Object java.lang.invoke.DirectMethodHandle$Holder.newInvokeSpecial(java.lang.Object, java.lang.Object, java.lang.Object, java.lang.Object, int, java.lang.Object)'> (0x0000000084bddd30) 
thrown [s\src\hotspot\share\interpreter\linkResolver.cpp, line 759]
Event: 21.457 Thread 0x000001f9ff800030 Exception <a 'java/lang/NoSuchMethodError'{0x0000000084be6bc0}: 'java.lang.Object java.lang.invoke.Invokers$Holder.linkToTargetMethod(java.lang.Object, java.lang.Object, java.lang.Object, int, java.lang.Object, java.lang.Object)'> (0x0000000084be6bc0) 
thrown [s\src\hotspot\share\interpreter\linkResolver.cpp, line 759]
Event: 22.888 Thread 0x000001f9ff800030 Exception <a 'java/lang/NoSuchMethodError'{0x0000000085165918}: 'java.lang.Object java.lang.invoke.DirectMethodHandle$Holder.invokeSpecialIFC(java.lang.Object, java.lang.Object, java.lang.Object)'> (0x0000000085165918) 
thrown [s\src\hotspot\share\interpreter\linkResolver.cpp, line 759]

VM Operations (20 events):
Event: 21.058 Executing VM operation: HandshakeAllThreads done
Event: 21.473 Executing VM operation: ICBufferFull
Event: 21.473 Executing VM operation: ICBufferFull done
Event: 21.771 Executing VM operation: G1CollectForAllocation
Event: 21.784 Executing VM operation: G1CollectForAllocation done
Event: 22.356 Executing VM operation: G1CollectForAllocation
Event: 22.364 Executing VM operation: G1CollectForAllocation done
Event: 22.491 Executing VM operation: G1PauseRemark
Event: 22.498 Executing VM operation: G1PauseRemark done
Event: 22.566 Executing VM operation: G1PauseCleanup
Event: 22.566 Executing VM operation: G1PauseCleanup done
Event: 22.834 Executing VM operation: HandshakeAllThreads
Event: 22.834 Executing VM operation: HandshakeAllThreads done
Event: 23.068 Executing VM operation: G1CollectForAllocation
Event: 23.074 Executing VM operation: G1CollectForAllocation done
Event: 23.095 Executing VM operation: G1CollectForAllocation
Event: 23.099 Executing VM operation: G1CollectForAllocation done
Event: 23.554 Executing VM operation: G1CollectForAllocation
Event: 23.559 Executing VM operation: G1CollectForAllocation done
Event: 23.699 Executing VM operation: G1PauseRemark

Memory protections (0 events):
No events

Nmethod flushes (20 events):
Event: 18.587 Thread 0x000001f9ff623440 flushing  nmethod 0x000001f9807ce390
Event: 18.588 Thread 0x000001f9ff623440 flushing  nmethod 0x000001f9807d4790
Event: 18.588 Thread 0x000001f9ff623440 flushing  nmethod 0x000001f9807d5310
Event: 18.588 Thread 0x000001f9ff623440 flushing  nmethod 0x000001f9807d5b10
Event: 18.588 Thread 0x000001f9ff623440 flushing  nmethod 0x000001f9807d6590
Event: 18.588 Thread 0x000001f9ff623440 flushing  nmethod 0x000001f9807d7a90
Event: 18.588 Thread 0x000001f9ff623440 flushing  nmethod 0x000001f9807deb90
Event: 18.588 Thread 0x000001f9ff623440 flushing  nmethod 0x000001f9807f0010
Event: 18.588 Thread 0x000001f9ff623440 flushing  nmethod 0x000001f980816290
Event: 18.588 Thread 0x000001f9ff623440 flushing  nmethod 0x000001f980826390
Event: 18.588 Thread 0x000001f9ff623440 flushing  nmethod 0x000001f9808ac110
Event: 18.589 Thread 0x000001f9ff623440 flushing  nmethod 0x000001f9808e3110
Event: 18.589 Thread 0x000001f9ff623440 flushing  nmethod 0x000001f9808e8010
Event: 18.589 Thread 0x000001f9ff623440 flushing  nmethod 0x000001f9808e9d10
Event: 18.589 Thread 0x000001f9ff623440 flushing  nmethod 0x000001f9808f7c10
Event: 18.589 Thread 0x000001f9ff623440 flushing  nmethod 0x000001f9808fad10
Event: 18.589 Thread 0x000001f9ff623440 flushing  nmethod 0x000001f9808fed90
Event: 18.589 Thread 0x000001f9ff623440 flushing  nmethod 0x000001f980945710
Event: 18.589 Thread 0x000001f9ff623440 flushing  nmethod 0x000001f98096f190
Event: 18.589 Thread 0x000001f9ff623440 flushing  nmethod 0x000001f98096fc90

Events (20 events):
Event: 11.571 Thread 0x000001f9ff800030 Thread added: 0x000001f9da8dba70
Event: 11.582 Thread 0x000001f9ff800030 Thread added: 0x000001f9da8dc490
Event: 11.778 Thread 0x000001f9ff800030 Thread added: 0x000001f9da8dceb0
Event: 11.778 Thread 0x000001f9ff800030 Thread added: 0x000001f9da8da120
Event: 11.778 Thread 0x000001f9ff800030 Thread added: 0x000001f9da8dab40
Event: 12.594 Thread 0x000001f9ff800030 Thread added: 0x000001f9dd6befc0
Event: 14.107 Thread 0x000001f9ff800030 Thread added: 0x000001f9dd6b94a0
Event: 14.163 Thread 0x000001f9ff800030 Thread added: 0x000001f9dd6bf9e0
Event: 16.197 Thread 0x000001f9ff800030 Thread added: 0x000001f9dd6bd160
Event: 16.267 Thread 0x000001f9ff800030 Thread added: 0x000001f9dd6b99b0
Event: 17.183 Thread 0x000001f9da4d2ce0 Thread exited: 0x000001f9da4d2ce0
Event: 21.200 Thread 0x000001f9ff800030 Thread added: 0x000001f9dd6be090
Event: 21.200 Thread 0x000001f9ff800030 Thread added: 0x000001f9dd6beab0
Event: 21.200 Thread 0x000001f9ff800030 Thread added: 0x000001f9dd6b8570
Event: 21.503 Thread 0x000001f9ff800030 Thread added: 0x000001f9dd6ba3d0
Event: 21.507 Thread 0x000001f9ff800030 Thread added: 0x000001f9dd6b8f90
Event: 21.510 Thread 0x000001f9ff800030 Thread added: 0x000001f9dd6ba8e0
Event: 22.890 Thread 0x000001f9ff800030 Thread added: 0x000001f9dd6badf0
Event: 22.891 Thread 0x000001f9ff800030 Thread added: 0x000001f9dd6bc230
Event: 22.892 Thread 0x000001f9ff800030 Thread added: 0x000001f9dd6bc740


Dynamic libraries:
0x00007ff76b9d0000 - 0x00007ff76b9de000 	C:\Program Files\Eclipse Adoptium\jdk-17.0.15.6-hotspot\bin\java.exe
0x00007ffcbea70000 - 0x00007ffcbec87000 	C:\Windows\SYSTEM32\ntdll.dll
0x00007ffcbe000000 - 0x00007ffcbe0c4000 	C:\Windows\System32\KERNEL32.DLL
0x00007ffcbbe40000 - 0x00007ffcbc1f7000 	C:\Windows\System32\KERNELBASE.dll
0x00007ffcbc390000 - 0x00007ffcbc4a1000 	C:\Windows\System32\ucrtbase.dll
0x00007ffcaaf10000 - 0x00007ffcaaf2e000 	C:\Program Files\Eclipse Adoptium\jdk-17.0.15.6-hotspot\bin\VCRUNTIME140.dll
0x00007ffcaaf30000 - 0x00007ffcaaf47000 	C:\Program Files\Eclipse Adoptium\jdk-17.0.15.6-hotspot\bin\jli.dll
0x00007ffcbe0d0000 - 0x00007ffcbe27f000 	C:\Windows\System32\USER32.dll
0x00007ffca6b70000 - 0x00007ffca6e03000 	C:\Windows\WinSxS\amd64_microsoft.windows.common-controls_6595b64144ccf1df_6.0.22621.3672_none_2713b9d173822955\COMCTL32.dll
0x00007ffcbc770000 - 0x00007ffcbc796000 	C:\Windows\System32\win32u.dll
0x00007ffcbdbc0000 - 0x00007ffcbdc67000 	C:\Windows\System32\msvcrt.dll
0x00007ffcbe9d0000 - 0x00007ffcbe9f9000 	C:\Windows\System32\GDI32.dll
0x00007ffcbc650000 - 0x00007ffcbc768000 	C:\Windows\System32\gdi32full.dll
0x00007ffcbc2f0000 - 0x00007ffcbc38a000 	C:\Windows\System32\msvcp_win.dll
0x00007ffcbe450000 - 0x00007ffcbe481000 	C:\Windows\System32\IMM32.DLL
0x00007ffc99060000 - 0x00007ffc9906c000 	C:\Program Files\Eclipse Adoptium\jdk-17.0.15.6-hotspot\bin\vcruntime140_1.dll
0x00007ffc7a670000 - 0x00007ffc7a6fd000 	C:\Program Files\Eclipse Adoptium\jdk-17.0.15.6-hotspot\bin\msvcp140.dll
0x00007ffc27dc0000 - 0x00007ffc28a2b000 	C:\Program Files\Eclipse Adoptium\jdk-17.0.15.6-hotspot\bin\server\jvm.dll
0x00007ffcbe490000 - 0x00007ffcbe542000 	C:\Windows\System32\ADVAPI32.dll
0x00007ffcbc950000 - 0x00007ffcbc9f8000 	C:\Windows\System32\sechost.dll
0x00007ffcbc4b0000 - 0x00007ffcbc4d8000 	C:\Windows\System32\bcrypt.dll
0x00007ffcbd810000 - 0x00007ffcbd924000 	C:\Windows\System32\RPCRT4.dll
0x00007ffcbd790000 - 0x00007ffcbd801000 	C:\Windows\System32\WS2_32.dll
0x00007ffcbabf0000 - 0x00007ffcbac3d000 	C:\Windows\SYSTEM32\POWRPROF.dll
0x00007ffcb7e90000 - 0x00007ffcb7ec4000 	C:\Windows\SYSTEM32\WINMM.dll
0x00007ffcb7da0000 - 0x00007ffcb7daa000 	C:\Windows\SYSTEM32\VERSION.dll
0x00007ffcbabd0000 - 0x00007ffcbabe3000 	C:\Windows\SYSTEM32\UMPDC.dll
0x00007ffcbae20000 - 0x00007ffcbae38000 	C:\Windows\SYSTEM32\kernel.appcore.dll
0x00007ffc979f0000 - 0x00007ffc979fa000 	C:\Program Files\Eclipse Adoptium\jdk-17.0.15.6-hotspot\bin\jimage.dll
0x00007ffca5be0000 - 0x00007ffca5e12000 	C:\Windows\SYSTEM32\DBGHELP.DLL
0x00007ffcbdc70000 - 0x00007ffcbdffe000 	C:\Windows\System32\combase.dll
0x00007ffcbca00000 - 0x00007ffcbcad7000 	C:\Windows\System32\OLEAUT32.dll
0x00007ffcaaa30000 - 0x00007ffcaaa62000 	C:\Windows\SYSTEM32\dbgcore.DLL
0x00007ffcbc200000 - 0x00007ffcbc27b000 	C:\Windows\System32\bcryptPrimitives.dll
0x00007ffcaa390000 - 0x00007ffcaa39e000 	C:\Program Files\Eclipse Adoptium\jdk-17.0.15.6-hotspot\bin\instrument.dll
0x00007ffc8a410000 - 0x00007ffc8a435000 	C:\Program Files\Eclipse Adoptium\jdk-17.0.15.6-hotspot\bin\java.dll
0x00007ffc79390000 - 0x00007ffc79467000 	C:\Program Files\Eclipse Adoptium\jdk-17.0.15.6-hotspot\bin\jsvml.dll
0x00007ffcbccc0000 - 0x00007ffcbd529000 	C:\Windows\System32\SHELL32.dll
0x00007ffcb9cb0000 - 0x00007ffcba5af000 	C:\Windows\SYSTEM32\windows.storage.dll
0x00007ffcb9b70000 - 0x00007ffcb9caf000 	C:\Windows\SYSTEM32\wintypes.dll
0x00007ffcbd530000 - 0x00007ffcbd629000 	C:\Windows\System32\SHCORE.dll
0x00007ffcbcbe0000 - 0x00007ffcbcc3e000 	C:\Windows\System32\shlwapi.dll
0x00007ffcbbcb0000 - 0x00007ffcbbcd7000 	C:\Windows\SYSTEM32\profapi.dll
0x00007ffc85690000 - 0x00007ffc856a8000 	C:\Program Files\Eclipse Adoptium\jdk-17.0.15.6-hotspot\bin\zip.dll
0x00007ffc89410000 - 0x00007ffc89429000 	C:\Program Files\Eclipse Adoptium\jdk-17.0.15.6-hotspot\bin\net.dll
0x00007ffcb7800000 - 0x00007ffcb7936000 	C:\Windows\SYSTEM32\WINHTTP.dll
0x00007ffcbb2e0000 - 0x00007ffcbb349000 	C:\Windows\system32\mswsock.dll
0x00007ffc88990000 - 0x00007ffc889a6000 	C:\Program Files\Eclipse Adoptium\jdk-17.0.15.6-hotspot\bin\nio.dll
0x00007ffc8a1f0000 - 0x00007ffc8a200000 	C:\Program Files\Eclipse Adoptium\jdk-17.0.15.6-hotspot\bin\verify.dll
0x00007ffcb8860000 - 0x00007ffcb8887000 	C:\Users\hafid\.gradle\native\1def1411415f61bf3af743bc5b6707747c0891f09f0c88961ee8f79bc544acac\windows-amd64\native-platform.dll
0x00007ffc99090000 - 0x00007ffc99108000 	C:\Users\hafid\.gradle\native\0.2.7\x86_64-windows-gnu\gradle-fileevents.dll
0x00007ffcaa380000 - 0x00007ffcaa38a000 	C:\Program Files\Eclipse Adoptium\jdk-17.0.15.6-hotspot\bin\management.dll
0x00007ffcaa260000 - 0x00007ffcaa26b000 	C:\Program Files\Eclipse Adoptium\jdk-17.0.15.6-hotspot\bin\management_ext.dll
0x00007ffcbd990000 - 0x00007ffcbd998000 	C:\Windows\System32\PSAPI.DLL
0x00007ffcba880000 - 0x00007ffcba8ad000 	C:\Windows\SYSTEM32\IPHLPAPI.DLL
0x00007ffcbd980000 - 0x00007ffcbd989000 	C:\Windows\System32\NSI.dll
0x00007ffcb7a10000 - 0x00007ffcb7a29000 	C:\Windows\SYSTEM32\dhcpcsvc6.DLL
0x00007ffcb77e0000 - 0x00007ffcb77ff000 	C:\Windows\SYSTEM32\dhcpcsvc.DLL
0x00007ffcba8f0000 - 0x00007ffcba9f2000 	C:\Windows\SYSTEM32\DNSAPI.dll
0x00007ffcaa250000 - 0x00007ffcaa259000 	C:\Program Files\Eclipse Adoptium\jdk-17.0.15.6-hotspot\bin\extnet.dll
0x00007ffcbb630000 - 0x00007ffcbb64b000 	C:\Windows\SYSTEM32\CRYPTSP.dll
0x00007ffcbade0000 - 0x00007ffcbae15000 	C:\Windows\system32\rsaenh.dll
0x00007ffcbb380000 - 0x00007ffcbb3a8000 	C:\Windows\SYSTEM32\USERENV.dll
0x00007ffcbb610000 - 0x00007ffcbb61c000 	C:\Windows\SYSTEM32\CRYPTBASE.dll
0x00007ffcaa240000 - 0x00007ffcaa24e000 	C:\Program Files\Eclipse Adoptium\jdk-17.0.15.6-hotspot\bin\sunmscapi.dll
0x00007ffcbc4e0000 - 0x00007ffcbc646000 	C:\Windows\System32\CRYPT32.dll
0x00007ffcbb740000 - 0x00007ffcbb76d000 	C:\Windows\SYSTEM32\ncrypt.dll
0x00007ffcbb700000 - 0x00007ffcbb737000 	C:\Windows\SYSTEM32\NTASN1.dll
0x00007ffc45610000 - 0x00007ffc45618000 	C:\Windows\system32\wshunix.dll

dbghelp: loaded successfully - version: 4.0.5 - missing functions: none
symbol engine: initialized successfully - sym options: 0x614 - pdb path: .;C:\Program Files\Eclipse Adoptium\jdk-17.0.15.6-hotspot\bin;C:\Windows\SYSTEM32;C:\Windows\WinSxS\amd64_microsoft.windows.common-controls_6595b64144ccf1df_6.0.22621.3672_none_2713b9d173822955;C:\Program Files\Eclipse Adoptium\jdk-17.0.15.6-hotspot\bin\server;C:\Users\hafid\.gradle\native\1def1411415f61bf3af743bc5b6707747c0891f09f0c88961ee8f79bc544acac\windows-amd64;C:\Users\hafid\.gradle\native\0.2.7\x86_64-windows-gnu

VM Arguments:
jvm_args: --add-opens=java.base/java.lang=ALL-UNNAMED --add-opens=java.base/java.lang.invoke=ALL-UNNAMED --add-opens=java.base/java.util=ALL-UNNAMED --add-opens=java.prefs/java.util.prefs=ALL-UNNAMED --add-exports=jdk.compiler/com.sun.tools.javac.api=ALL-UNNAMED --add-exports=jdk.compiler/com.sun.tools.javac.util=ALL-UNNAMED --add-opens=java.base/java.util=ALL-UNNAMED --add-opens=java.prefs/java.util.prefs=ALL-UNNAMED --add-opens=java.base/java.nio.charset=ALL-UNNAMED --add-opens=java.base/java.net=ALL-UNNAMED --add-opens=java.base/java.util.concurrent.atomic=ALL-UNNAMED --add-opens=java.xml/javax.xml.namespace=ALL-UNNAMED -Xmx2048m -Dfile.encoding=UTF-8 -Duser.country=ID -Duser.language=en -Duser.variant -javaagent:C:\Users\hafid\.gradle\wrapper\dists\gradle-8.13-bin\5xuhj0ry160q40clulazy9h7d\gradle-8.13\lib\agents\gradle-instrumentation-agent-8.13.jar 
java_command: org.gradle.launcher.daemon.bootstrap.GradleDaemon 8.13
java_class_path (initial): C:\Users\hafid\.gradle\wrapper\dists\gradle-8.13-bin\5xuhj0ry160q40clulazy9h7d\gradle-8.13\lib\gradle-daemon-main-8.13.jar
Launcher Type: SUN_STANDARD

[Global flags]
     intx CICompilerCount                          = 3                                         {product} {ergonomic}
     uint ConcGCThreads                            = 1                                         {product} {ergonomic}
     uint G1ConcRefinementThreads                  = 4                                         {product} {ergonomic}
   size_t G1HeapRegionSize                         = 1048576                                   {product} {ergonomic}
    uintx GCDrainStackTargetSize                   = 64                                        {product} {ergonomic}
   size_t InitialHeapSize                          = 65011712                                  {product} {ergonomic}
   size_t MarkStackSize                            = 4194304                                   {product} {ergonomic}
   size_t MaxHeapSize                              = 2147483648                                {product} {command line}
   size_t MaxNewSize                               = 1287651328                                {product} {ergonomic}
   size_t MinHeapDeltaBytes                        = 1048576                                   {product} {ergonomic}
   size_t MinHeapSize                              = 8388608                                   {product} {ergonomic}
    uintx NonNMethodCodeHeapSize                   = 5832780                                {pd product} {ergonomic}
    uintx NonProfiledCodeHeapSize                  = 122912730                              {pd product} {ergonomic}
    uintx ProfiledCodeHeapSize                     = 122912730                              {pd product} {ergonomic}
    uintx ReservedCodeCacheSize                    = 251658240                              {pd product} {ergonomic}
     bool SegmentedCodeCache                       = true                                      {product} {ergonomic}
   size_t SoftMaxHeapSize                          = 2147483648                             {manageable} {ergonomic}
     bool UseCompressedClassPointers               = true                           {product lp64_product} {ergonomic}
     bool UseCompressedOops                        = true                           {product lp64_product} {ergonomic}
     bool UseG1GC                                  = true                                      {product} {ergonomic}
     bool UseLargePagesIndividualAllocation        = false                                  {pd product} {ergonomic}

Logging:
Log output configuration:
 #0: stdout all=warning uptime,level,tags
 #1: stderr all=off uptime,level,tags

Environment Variables:
JAVA_HOME=C:\Program Files\Eclipse Adoptium\jdk-17.0.15.6-hotspot
PATH=C:\Program Files\Eclipse Adoptium\jdk-17.0.15.6-hotspot\bin;C:\Program Files\Eclipse Adoptium\jdk-17.0.15.6-hotspot\bin;C:\Program Files\Common Files\Oracle\Java\javapath;C:\ProgramData\Oracle\Java\javapath;C:\Windows\system32;C:\Windows;C:\Windows\System32\Wbem;C:\Windows\System32\WindowsPowerShell\v1.0\;C:\Windows\System32\OpenSSH\;C:\Program Files (x86)\NVIDIA Corporation\PhysX\Common;C:\Windows\System32;C:\Users\Git\cmd;C:\Program Files\Docker\Docker\resources\bin;C:\Program Files\MongoDB\Server\8.0\bin;C:\xampp\php;C:\ProgramData\ComposerSetup\bin;C:\flutter\bin;C:\Users\hafid\AppData\Local\Android\sdk\platform-tools;C:\Program Files\nodejs\;C:\kotlinc\bin;C:\Users\hafid\AppData\Local\Programs\Python\Python310\Scripts\;C:\Users\hafid\AppData\Local\Programs\Python\Python310\;C:\Users\hafid\AppData\Local\Microsoft\WindowsApps;C:\Users\hafid\AppData\Local\Programs\Microsoft VS Code\bin;C:\Users\hafid\AppData\Roaming\Composer\vendor\bin;C:\Users\hafid\AppData\Roaming\npm;C:\Users\hafid\AppData\Local\Google\Cloud SDK\google-cloud-sdk\bin;D:\cursor\resources\app\bin;C:\Users\hafid\AppData\Local\Programs\Windsurf\bin;C:\Users\hafid\AppData\Local\Programs\Antigravity\bin
USERNAME=hafid
OS=Windows_NT
PROCESSOR_IDENTIFIER=Intel64 Family 6 Model 142 Stepping 9, GenuineIntel
TMP=C:\Users\hafid\AppData\Local\Temp
TEMP=C:\Users\hafid\AppData\Local\Temp



Periodic native trim disabled


---------------  S Y S T E M  ---------------

OS:
 Windows 11 , 64 bit Build 22621 (10.0.22621.3958)
OS uptime: 0 days 2:13 hours
Hyper-V role detected

CPU: total 4 (initial active 4) (2 cores per cpu, 2 threads per core) family 6 model 142 stepping 9 microcode 0xde, cx8, cmov, fxsr, ht, mmx, 3dnowpref, sse, sse2, sse3, ssse3, sse4.1, sse4.2, popcnt, lzcnt, tsc, tscinvbit, avx, avx2, aes, erms, clmul, bmi1, bmi2, adx, fma, vzeroupper, clflush, clflushopt, hv
Processor Information for all 4 processors :
  Max Mhz: 2712, Current Mhz: 2511, Mhz Limit: 2495

Memory: 4k page, system-wide physical 3964M (281M free)
TotalPageFile size 16252M (AvailPageFile size 13M)
current process WorkingSet (physical memory assigned to process): 283M, peak: 284M
current process commit charge ("private bytes"): 314M, peak: 323M

vm_info: OpenJDK 64-Bit Server VM (17.0.15+6) for windows-amd64 JRE (17.0.15+6), built on Apr 15 2025 21:25:47 by "admin" with MS VC++ 17.7 (VS2022)

END.
