#
# There is insufficient memory for the Java Runtime Environment to continue.
# Native memory allocation (malloc) failed to allocate 131088 bytes. Error detail: Chunk::new
# Possible reasons:
#   The system is out of physical RAM or swap space
#   This process is running with CompressedOops enabled, and the Java Heap may be blocking the growth of the native heap
# Possible solutions:
#   Reduce memory load on the system
#   Increase physical memory or swap space
#   Check if swap backing store is full
#   Decrease Java heap size (-Xmx/-Xms)
#   Decrease number of Java threads
#   Decrease Java thread stack sizes (-Xss)
#   Set larger code cache with -XX:ReservedCodeCacheSize=
#   JVM is running with Unscaled Compressed Oops mode in which the Java heap is
#     placed in the first 4GB address space. The Java Heap base address is the
#     maximum limit for the native heap growth. Please use -XX:HeapBaseMinAddress
#     to set the Java Heap base and to place the Java Heap above 4GB virtual address.
# This output file may be truncated or incomplete.
#
#  Out of Memory Error (arena.cpp:191), pid=14208, tid=14124
#
# JRE version: OpenJDK Runtime Environment Temurin-17.0.15+6 (17.0.15+6) (build 17.0.15+6)
# Java VM: OpenJDK 64-Bit Server VM Temurin-17.0.15+6 (17.0.15+6, mixed mode, sharing, tiered, compressed oops, compressed class ptrs, g1 gc, windows-amd64)
# No core dump will be written. Minidumps are not enabled by default on client versions of Windows
#

---------------  S U M M A R Y ------------

Command Line: --add-opens=java.base/java.lang=ALL-UNNAMED --add-opens=java.base/java.lang.invoke=ALL-UNNAMED --add-opens=java.base/java.util=ALL-UNNAMED --add-opens=java.prefs/java.util.prefs=ALL-UNNAMED --add-exports=jdk.compiler/com.sun.tools.javac.api=ALL-UNNAMED --add-exports=jdk.compiler/com.sun.tools.javac.util=ALL-UNNAMED --add-opens=java.base/java.util=ALL-UNNAMED --add-opens=java.prefs/java.util.prefs=ALL-UNNAMED --add-opens=java.base/java.nio.charset=ALL-UNNAMED --add-opens=java.base/java.net=ALL-UNNAMED --add-opens=java.base/java.util.concurrent.atomic=ALL-UNNAMED --add-opens=java.xml/javax.xml.namespace=ALL-UNNAMED -Xmx2048m -Dfile.encoding=UTF-8 -Duser.country=ID -Duser.language=en -Duser.variant -javaagent:C:\Users\hafid\.gradle\wrapper\dists\gradle-8.13-bin\5xuhj0ry160q40clulazy9h7d\gradle-8.13\lib\agents\gradle-instrumentation-agent-8.13.jar org.gradle.launcher.daemon.bootstrap.GradleDaemon 8.13

Host: Intel(R) Core(TM) i5-7200U CPU @ 2.50GHz, 4 cores, 3G,  Windows 11 , 64 bit Build 22621 (10.0.22621.3958)
Time: Fri Dec  5 10:14:50 2025 SE Asia Standard Time elapsed time: 13.588604 seconds (0d 0h 0m 13s)

---------------  T H R E A D  ---------------

Current thread (0x00000276500719b0):  JavaThread "C2 CompilerThread0" daemon [_thread_in_native, id=14124, stack(0x00000090e7600000,0x00000090e7700000)]


Current CompileTask:
C2:  13588 7779       4       java.io.ObjectOutputStream::writeClassDesc (60 bytes)

Stack: [0x00000090e7600000,0x00000090e7700000]
Native frames: (J=compiled Java code, j=interpreted, Vv=VM code, C=native code)
V  [jvm.dll+0x682fc9]
V  [jvm.dll+0x839878]
V  [jvm.dll+0x83b323]
V  [jvm.dll+0x83b993]
V  [jvm.dll+0x24725f]
V  [jvm.dll+0xacea4]
V  [jvm.dll+0xad53c]
V  [jvm.dll+0xacfb4]
V  [jvm.dll+0x6609dc]
V  [jvm.dll+0x5750bd]
V  [jvm.dll+0x574fe8]
V  [jvm.dll+0x5785c7]
V  [jvm.dll+0x5784a3]
V  [jvm.dll+0x5778ae]
V  [jvm.dll+0x5778c1]
V  [jvm.dll+0x5778c1]
V  [jvm.dll+0x5778c1]
V  [jvm.dll+0x577875]
V  [jvm.dll+0x5778c1]
V  [jvm.dll+0x5778c1]
V  [jvm.dll+0x5778c1]
V  [jvm.dll+0x5778c1]
V  [jvm.dll+0x5778c1]
V  [jvm.dll+0x5778c1]
V  [jvm.dll+0x5778c1]
V  [jvm.dll+0x5898bc]
V  [jvm.dll+0x2210b2]
V  [jvm.dll+0x219ed2]
V  [jvm.dll+0x21758b]
V  [jvm.dll+0x1a31b0]
V  [jvm.dll+0x227a9c]
V  [jvm.dll+0x225bfb]
V  [jvm.dll+0x7ef018]
V  [jvm.dll+0x7e94dc]
V  [jvm.dll+0x681ea7]
C  [ucrtbase.dll+0x29333]
C  [KERNEL32.DLL+0x1257d]
C  [ntdll.dll+0x5af08]


---------------  P R O C E S S  ---------------

Threads class SMR info:
_java_thread_list=0x000002769994ed00, length=44, elements={
0x000002763247f350, 0x000002765005a890, 0x000002765005b360, 0x000002765006c060,
0x000002765006d240, 0x000002765006fc20, 0x00000276500704f0, 0x00000276500719b0,
0x0000027650072370, 0x00000276500f04d0, 0x000002765027d220, 0x0000027650330b00,
0x0000027696b70ec0, 0x0000027650455160, 0x0000027696a8e8c0, 0x0000027696dfa450,
0x0000027696dfa930, 0x0000027696cfc9b0, 0x0000027696cfa130, 0x0000027696cfa640,
0x0000027696cfab50, 0x0000027696cfcec0, 0x0000027696cfb060, 0x0000027696cfd3d0,
0x0000027696cfb570, 0x0000027696cfba80, 0x0000027696cfbf90, 0x0000027696cfc4a0,
0x0000027697793970, 0x00000276977901c0, 0x000002769778f290, 0x0000027697791600,
0x0000027697791b10, 0x000002769778f7a0, 0x000002769778ed80, 0x0000027697794390,
0x0000027697793460, 0x00000276977948a0, 0x0000027697794db0, 0x000002769778d940,
0x000002769778fcb0, 0x00000276977952c0, 0x00000276977910f0, 0x0000027697792530
}
_to_delete_list=0x000002769994f2a0, length=43, elements={
0x000002763247f350, 0x000002765005a890, 0x000002765005b360, 0x000002765006c060,
0x000002765006d240, 0x000002765006fc20, 0x00000276500704f0, 0x00000276500719b0,
0x0000027650072370, 0x00000276500f04d0, 0x000002765027d220, 0x0000027650330b00,
0x0000027696b70ec0, 0x0000027650455160, 0x0000027696a8e8c0, 0x0000027696dfa450,
0x0000027696dfa930, 0x0000027696cfc9b0, 0x0000027696cfa130, 0x0000027696cfa640,
0x0000027696cfab50, 0x0000027696cfcec0, 0x0000027696cfb060, 0x0000027696cfd3d0,
0x0000027696cfb570, 0x0000027696cfba80, 0x0000027696cfbf90, 0x0000027696cfc4a0,
0x0000027697793970, 0x00000276977901c0, 0x000002769778f290, 0x0000027697791600,
0x0000027697791b10, 0x000002769778f7a0, 0x000002769778ed80, 0x0000027697794390,
0x0000027697793460, 0x00000276977948a0, 0x0000027697794db0, 0x000002769778d940,
0x000002769778fcb0, 0x00000276977952c0, 0x00000276977910f0
}

Java Threads: ( => current thread )
  0x000002763247f350 JavaThread "main" [_thread_blocked, id=11712, stack(0x00000090e6900000,0x00000090e6a00000)]
  0x000002765005a890 JavaThread "Reference Handler" daemon [_thread_blocked, id=8144, stack(0x00000090e7000000,0x00000090e7100000)]
  0x000002765005b360 JavaThread "Finalizer" daemon [_thread_blocked, id=14956, stack(0x00000090e7100000,0x00000090e7200000)]
  0x000002765006c060 JavaThread "Signal Dispatcher" daemon [_thread_blocked, id=2068, stack(0x00000090e7200000,0x00000090e7300000)]
  0x000002765006d240 JavaThread "Attach Listener" daemon [_thread_blocked, id=16720, stack(0x00000090e7300000,0x00000090e7400000)]
  0x000002765006fc20 JavaThread "Service Thread" daemon [_thread_blocked, id=16944, stack(0x00000090e7400000,0x00000090e7500000)]
  0x00000276500704f0 JavaThread "Monitor Deflation Thread" daemon [_thread_blocked, id=14540, stack(0x00000090e7500000,0x00000090e7600000)]
=>0x00000276500719b0 JavaThread "C2 CompilerThread0" daemon [_thread_in_native, id=14124, stack(0x00000090e7600000,0x00000090e7700000)]
  0x0000027650072370 JavaThread "C1 CompilerThread0" daemon [_thread_blocked, id=6816, stack(0x00000090e7700000,0x00000090e7800000)]
  0x00000276500f04d0 JavaThread "Sweeper thread" daemon [_thread_blocked, id=13800, stack(0x00000090e7800000,0x00000090e7900000)]
  0x000002765027d220 JavaThread "Common-Cleaner" daemon [_thread_blocked, id=9848, stack(0x00000090e7900000,0x00000090e7a00000)]
  0x0000027650330b00 JavaThread "Notification Thread" daemon [_thread_blocked, id=9008, stack(0x00000090e7a00000,0x00000090e7b00000)]
  0x0000027696b70ec0 JavaThread "Daemon health stats" [_thread_blocked, id=5132, stack(0x00000090e8000000,0x00000090e8100000)]
  0x0000027650455160 JavaThread "Incoming local TCP Connector on port 52028" [_thread_in_native, id=14460, stack(0x00000090e7e00000,0x00000090e7f00000)]
  0x0000027696a8e8c0 JavaThread "Daemon periodic checks" [_thread_blocked, id=4688, stack(0x00000090e8100000,0x00000090e8200000)]
  0x0000027696dfa450 JavaThread "Daemon" [_thread_blocked, id=15756, stack(0x00000090e8200000,0x00000090e8300000)]
  0x0000027696dfa930 JavaThread "Handler for socket connection from /127.0.0.1:52028 to /127.0.0.1:52029" [_thread_in_native, id=5808, stack(0x00000090e8300000,0x00000090e8400000)]
  0x0000027696cfc9b0 JavaThread "Cancel handler" [_thread_blocked, id=240, stack(0x00000090e8400000,0x00000090e8500000)]
  0x0000027696cfa130 JavaThread "Daemon worker" [_thread_blocked, id=5124, stack(0x00000090e8500000,0x00000090e8600000)]
  0x0000027696cfa640 JavaThread "Asynchronous log dispatcher for DefaultDaemonConnection: socket connection from /127.0.0.1:52028 to /127.0.0.1:52029" [_thread_blocked, id=13168, stack(0x00000090e8600000,0x00000090e8700000)]
  0x0000027696cfab50 JavaThread "Stdin handler" [_thread_blocked, id=2912, stack(0x00000090e8700000,0x00000090e8800000)]
  0x0000027696cfcec0 JavaThread "Daemon client event forwarder" [_thread_in_native, id=13140, stack(0x00000090e8800000,0x00000090e8900000)]
  0x0000027696cfb060 JavaThread "Cache worker for journal cache (C:\Users\hafid\.gradle\caches\journal-1)" [_thread_in_native, id=10204, stack(0x00000090e8900000,0x00000090e8a00000)]
  0x0000027696cfd3d0 JavaThread "File lock request listener" [_thread_in_native, id=13600, stack(0x00000090e8a00000,0x00000090e8b00000)]
  0x0000027696cfb570 JavaThread "Cache worker for file hash cache (C:\Users\hafid\.gradle\caches\8.13\fileHashes)" [_thread_blocked, id=13104, stack(0x00000090e8b00000,0x00000090e8c00000)]
  0x0000027696cfba80 JavaThread "Cache worker for file hash cache (C:\Sparin Clone\SparIn\.gradle\8.13\fileHashes)" [_thread_blocked, id=15972, stack(0x00000090e8c00000,0x00000090e8d00000)]
  0x0000027696cfbf90 JavaThread "Cache worker for Build Output Cleanup Cache (C:\Sparin Clone\SparIn\.gradle\buildOutputCleanup)" [_thread_blocked, id=11044, stack(0x00000090e8d00000,0x00000090e8e00000)]
  0x0000027696cfc4a0 JavaThread "File watcher server" daemon [_thread_in_native, id=16464, stack(0x00000090e8e00000,0x00000090e8f00000)]
  0x0000027697793970 JavaThread "File watcher consumer" daemon [_thread_blocked, id=13092, stack(0x00000090e8f00000,0x00000090e9000000)]
  0x00000276977901c0 JavaThread "jar transforms" [_thread_blocked, id=14160, stack(0x00000090e9000000,0x00000090e9100000)]
  0x000002769778f290 JavaThread "jar transforms Thread 2" [_thread_blocked, id=15732, stack(0x00000090e9400000,0x00000090e9500000)]
  0x0000027697791600 JavaThread "Cache worker for checksums cache (C:\Sparin Clone\SparIn\.gradle\8.13\checksums)" [_thread_blocked, id=2064, stack(0x00000090e9500000,0x00000090e9600000)]
  0x0000027697791b10 JavaThread "Cache worker for file content cache (C:\Users\hafid\.gradle\caches\8.13\fileContent)" [_thread_blocked, id=3396, stack(0x00000090e9600000,0x00000090e9700000)]
  0x000002769778f7a0 JavaThread "Cache worker for cache directory md-supplier (C:\Users\hafid\.gradle\caches\8.13\md-supplier)" [_thread_blocked, id=12188, stack(0x00000090e9700000,0x00000090e9800000)]
  0x000002769778ed80 JavaThread "Cache worker for cache directory md-rule (C:\Users\hafid\.gradle\caches\8.13\md-rule)" [_thread_blocked, id=13760, stack(0x00000090e9800000,0x00000090e9900000)]
  0x0000027697794390 JavaThread "Unconstrained build operations" [_thread_blocked, id=16604, stack(0x00000090e9900000,0x00000090e9a00000)]
  0x0000027697793460 JavaThread "Unconstrained build operations Thread 2" [_thread_blocked, id=11176, stack(0x00000090e9a00000,0x00000090e9b00000)]
  0x00000276977948a0 JavaThread "Unconstrained build operations Thread 3" [_thread_blocked, id=14308, stack(0x00000090e9b00000,0x00000090e9c00000)]
  0x0000027697794db0 JavaThread "Unconstrained build operations Thread 4" [_thread_blocked, id=17376, stack(0x00000090e9c00000,0x00000090e9d00000)]
  0x000002769778d940 JavaThread "Unconstrained build operations Thread 5" [_thread_blocked, id=3712, stack(0x00000090e9d00000,0x00000090e9e00000)]
  0x000002769778fcb0 JavaThread "Unconstrained build operations Thread 6" [_thread_blocked, id=12864, stack(0x00000090e9e00000,0x00000090e9f00000)]
  0x00000276977952c0 JavaThread "Unconstrained build operations Thread 7" [_thread_blocked, id=260, stack(0x00000090e9f00000,0x00000090ea000000)]
  0x00000276977910f0 JavaThread "Unconstrained build operations Thread 8" [_thread_blocked, id=7080, stack(0x00000090ea000000,0x00000090ea100000)]
  0x0000027697792530 JavaThread "Unconstrained build operations Thread 9" [_thread_blocked, id=6748, stack(0x00000090ea100000,0x00000090ea200000)]

Other Threads:
  0x0000027650054f20 VMThread "VM Thread" [stack: 0x00000090e6f00000,0x00000090e7000000] [id=7000]
  0x00000276502e58d0 WatcherThread [stack: 0x00000090e7b00000,0x00000090e7c00000] [id=12948]
  0x00000276324d8f60 GCTaskThread "GC Thread#0" [stack: 0x00000090e6a00000,0x00000090e6b00000] [id=15588]
  0x0000027650413e80 GCTaskThread "GC Thread#1" [stack: 0x00000090e7c00000,0x00000090e7d00000] [id=10912]
  0x000002765045ae20 GCTaskThread "GC Thread#2" [stack: 0x00000090e7d00000,0x00000090e7e00000] [id=204]
  0x0000027650d1d6d0 GCTaskThread "GC Thread#3" [stack: 0x00000090e7f00000,0x00000090e8000000] [id=13852]
  0x00000276324e9c60 ConcurrentGCThread "G1 Main Marker" [stack: 0x00000090e6b00000,0x00000090e6c00000] [id=6760]
  0x00000276324ebbe0 ConcurrentGCThread "G1 Conc#0" [stack: 0x00000090e6c00000,0x00000090e6d00000] [id=2260]
  0x000002764ff10090 ConcurrentGCThread "G1 Refine#0" [stack: 0x00000090e6d00000,0x00000090e6e00000] [id=11488]
  0x00000276963c4430 ConcurrentGCThread "G1 Refine#1" [stack: 0x00000090e9100000,0x00000090e9200000] [id=13124]
  0x00000276963c4720 ConcurrentGCThread "G1 Refine#2" [stack: 0x00000090e9200000,0x00000090e9300000] [id=14424]
  0x00000276963c4a10 ConcurrentGCThread "G1 Refine#3" [stack: 0x00000090e9300000,0x00000090e9400000] [id=11944]
  0x000002764ff10870 ConcurrentGCThread "G1 Service" [stack: 0x00000090e6e00000,0x00000090e6f00000] [id=14688]

Threads with active compile tasks:
C2 CompilerThread0    13666 7779       4       java.io.ObjectOutputStream::writeClassDesc (60 bytes)

VM state: not at safepoint (normal execution)

VM Mutex/Monitor currently owned by a thread: None

Heap address: 0x0000000080000000, size: 2048 MB, Compressed Oops mode: 32-bit

CDS archive(s) mapped at: [0x0000027651000000-0x0000027651bb0000-0x0000027651bb0000), size 12255232, SharedBaseAddress: 0x0000027651000000, ArchiveRelocationMode: 1.
Compressed class space mapped at: 0x0000027652000000-0x0000027692000000, reserved size: 1073741824
Narrow klass base: 0x0000027651000000, Narrow klass shift: 0, Narrow klass range: 0x100000000

GC Precious Log:
 CPUs: 4 total, 4 available
 Memory: 3964M
 Large Page Support: Disabled
 NUMA Support: Disabled
 Compressed Oops: Enabled (32-bit)
 Heap Region Size: 1M
 Heap Min Capacity: 8M
 Heap Initial Capacity: 62M
 Heap Max Capacity: 2G
 Pre-touch: Disabled
 Parallel Workers: 4
 Concurrent Workers: 1
 Concurrent Refinement Workers: 4
 Periodic GC: Disabled

Heap:
 garbage-first heap   total 122880K, used 75473K [0x0000000080000000, 0x0000000100000000)
  region size 1024K, 36 young (36864K), 6 survivors (6144K)
 Metaspace       used 54071K, committed 54592K, reserved 1114112K
  class space    used 7545K, committed 7808K, reserved 1048576K

Heap Regions: E=young(eden), S=young(survivor), O=old, HS=humongous(starts), HC=humongous(continues), CS=collection set, F=free, OA=open archive, CA=closed archive, TAMS=top-at-mark-start (previous, next)
|   0|0x0000000080000000, 0x0000000080100000, 0x0000000080100000|100%|HS|  |TAMS 0x0000000080100000, 0x0000000080000000| Complete 
|   1|0x0000000080100000, 0x0000000080200000, 0x0000000080200000|100%|HC|  |TAMS 0x0000000080200000, 0x0000000080100000| Complete 
|   2|0x0000000080200000, 0x0000000080300000, 0x0000000080300000|100%|HC|  |TAMS 0x0000000080300000, 0x0000000080200000| Complete 
|   3|0x0000000080300000, 0x0000000080400000, 0x0000000080400000|100%| O|  |TAMS 0x0000000080400000, 0x0000000080300000| Untracked 
|   4|0x0000000080400000, 0x0000000080500000, 0x0000000080500000|100%| O|  |TAMS 0x0000000080500000, 0x0000000080400000| Untracked 
|   5|0x0000000080500000, 0x0000000080600000, 0x0000000080600000|100%| O|  |TAMS 0x0000000080600000, 0x0000000080500000| Untracked 
|   6|0x0000000080600000, 0x0000000080700000, 0x0000000080700000|100%| O|  |TAMS 0x0000000080700000, 0x0000000080600000| Untracked 
|   7|0x0000000080700000, 0x0000000080800000, 0x0000000080800000|100%| O|  |TAMS 0x0000000080700000, 0x0000000080700000| Untracked 
|   8|0x0000000080800000, 0x0000000080900000, 0x0000000080900000|100%|HS|  |TAMS 0x0000000080900000, 0x0000000080800000| Complete 
|   9|0x0000000080900000, 0x0000000080a00000, 0x0000000080a00000|100%| O|  |TAMS 0x0000000080a00000, 0x0000000080900000| Untracked 
|  10|0x0000000080a00000, 0x0000000080b00000, 0x0000000080b00000|100%| O|  |TAMS 0x0000000080b00000, 0x0000000080a00000| Untracked 
|  11|0x0000000080b00000, 0x0000000080c00000, 0x0000000080c00000|100%| O|  |TAMS 0x0000000080c00000, 0x0000000080b00000| Untracked 
|  12|0x0000000080c00000, 0x0000000080d00000, 0x0000000080d00000|100%| O|  |TAMS 0x0000000080d00000, 0x0000000080c00000| Untracked 
|  13|0x0000000080d00000, 0x0000000080e00000, 0x0000000080e00000|100%| O|  |TAMS 0x0000000080e00000, 0x0000000080d00000| Untracked 
|  14|0x0000000080e00000, 0x0000000080f00000, 0x0000000080f00000|100%| O|  |TAMS 0x0000000080f00000, 0x0000000080e00000| Untracked 
|  15|0x0000000080f00000, 0x0000000081000000, 0x0000000081000000|100%| O|  |TAMS 0x0000000081000000, 0x0000000080f00000| Untracked 
|  16|0x0000000081000000, 0x0000000081100000, 0x0000000081100000|100%| O|  |TAMS 0x0000000081100000, 0x0000000081000000| Untracked 
|  17|0x0000000081100000, 0x0000000081200000, 0x0000000081200000|100%| O|  |TAMS 0x0000000081200000, 0x0000000081100000| Untracked 
|  18|0x0000000081200000, 0x0000000081300000, 0x0000000081300000|100%| O|  |TAMS 0x0000000081300000, 0x0000000081200000| Untracked 
|  19|0x0000000081300000, 0x0000000081400000, 0x0000000081400000|100%| O|  |TAMS 0x0000000081400000, 0x0000000081300000| Untracked 
|  20|0x0000000081400000, 0x0000000081500000, 0x0000000081500000|100%| O|  |TAMS 0x0000000081500000, 0x0000000081400000| Untracked 
|  21|0x0000000081500000, 0x0000000081600000, 0x0000000081600000|100%| O|  |TAMS 0x0000000081600000, 0x0000000081500000| Untracked 
|  22|0x0000000081600000, 0x0000000081700000, 0x0000000081700000|100%| O|  |TAMS 0x0000000081700000, 0x0000000081600000| Untracked 
|  23|0x0000000081700000, 0x0000000081800000, 0x0000000081800000|100%| O|  |TAMS 0x0000000081800000, 0x0000000081700000| Untracked 
|  24|0x0000000081800000, 0x0000000081900000, 0x0000000081900000|100%| O|  |TAMS 0x0000000081900000, 0x0000000081800000| Untracked 
|  25|0x0000000081900000, 0x0000000081a00000, 0x0000000081a00000|100%| O|  |TAMS 0x0000000081a00000, 0x0000000081900000| Untracked 
|  26|0x0000000081a00000, 0x0000000081b00000, 0x0000000081b00000|100%| O|  |TAMS 0x0000000081a00000, 0x0000000081a00000| Untracked 
|  27|0x0000000081b00000, 0x0000000081c00000, 0x0000000081c00000|100%| O|  |TAMS 0x0000000081c00000, 0x0000000081b00000| Untracked 
|  28|0x0000000081c00000, 0x0000000081d00000, 0x0000000081d00000|100%| O|  |TAMS 0x0000000081d00000, 0x0000000081c00000| Untracked 
|  29|0x0000000081d00000, 0x0000000081d84a00, 0x0000000081e00000| 51%| O|  |TAMS 0x0000000081d84a00, 0x0000000081d00000| Untracked 
|  30|0x0000000081e00000, 0x0000000081f00000, 0x0000000081f00000|100%| O|  |TAMS 0x0000000081f00000, 0x0000000081e00000| Untracked 
|  31|0x0000000081f00000, 0x0000000082000000, 0x0000000082000000|100%| O|  |TAMS 0x0000000082000000, 0x0000000081f00000| Untracked 
|  32|0x0000000082000000, 0x0000000082100000, 0x0000000082100000|100%| O|  |TAMS 0x0000000082100000, 0x0000000082000000| Untracked 
|  33|0x0000000082100000, 0x0000000082200000, 0x0000000082200000|100%| O|  |TAMS 0x0000000082100000, 0x0000000082100000| Untracked 
|  34|0x0000000082200000, 0x0000000082300000, 0x0000000082300000|100%| O|  |TAMS 0x0000000082200000, 0x0000000082200000| Untracked 
|  35|0x0000000082300000, 0x0000000082400000, 0x0000000082400000|100%| O|  |TAMS 0x0000000082300000, 0x0000000082300000| Untracked 
|  36|0x0000000082400000, 0x0000000082500000, 0x0000000082500000|100%| O|  |TAMS 0x0000000082400000, 0x0000000082400000| Untracked 
|  37|0x0000000082500000, 0x0000000082600000, 0x0000000082600000|100%| O|  |TAMS 0x0000000082500000, 0x0000000082500000| Untracked 
|  38|0x0000000082600000, 0x0000000082700000, 0x0000000082700000|100%| O|  |TAMS 0x0000000082600000, 0x0000000082600000| Untracked 
|  39|0x0000000082700000, 0x0000000082800000, 0x0000000082800000|100%| O|  |TAMS 0x0000000082700000, 0x0000000082700000| Untracked 
|  40|0x0000000082800000, 0x00000000828ce000, 0x0000000082900000| 80%| O|  |TAMS 0x0000000082800000, 0x0000000082800000| Untracked 
|  41|0x0000000082900000, 0x0000000082900000, 0x0000000082a00000|  0%| F|  |TAMS 0x0000000082900000, 0x0000000082900000| Untracked 
|  42|0x0000000082a00000, 0x0000000082a00000, 0x0000000082b00000|  0%| F|  |TAMS 0x0000000082a00000, 0x0000000082a00000| Untracked 
|  43|0x0000000082b00000, 0x0000000082b00000, 0x0000000082c00000|  0%| F|  |TAMS 0x0000000082b00000, 0x0000000082b00000| Untracked 
|  44|0x0000000082c00000, 0x0000000082c00000, 0x0000000082d00000|  0%| F|  |TAMS 0x0000000082c00000, 0x0000000082c00000| Untracked 
|  45|0x0000000082d00000, 0x0000000082d00000, 0x0000000082e00000|  0%| F|  |TAMS 0x0000000082d00000, 0x0000000082d00000| Untracked 
|  46|0x0000000082e00000, 0x0000000082e00000, 0x0000000082f00000|  0%| F|  |TAMS 0x0000000082e00000, 0x0000000082e00000| Untracked 
|  47|0x0000000082f00000, 0x0000000082f00000, 0x0000000083000000|  0%| F|  |TAMS 0x0000000082f00000, 0x0000000082f00000| Untracked 
|  48|0x0000000083000000, 0x0000000083000000, 0x0000000083100000|  0%| F|  |TAMS 0x0000000083000000, 0x0000000083000000| Untracked 
|  49|0x0000000083100000, 0x0000000083100000, 0x0000000083200000|  0%| F|  |TAMS 0x0000000083100000, 0x0000000083100000| Untracked 
|  50|0x0000000083200000, 0x0000000083200000, 0x0000000083300000|  0%| F|  |TAMS 0x0000000083200000, 0x0000000083200000| Untracked 
|  51|0x0000000083300000, 0x0000000083300000, 0x0000000083400000|  0%| F|  |TAMS 0x0000000083300000, 0x0000000083300000| Untracked 
|  52|0x0000000083400000, 0x0000000083400000, 0x0000000083500000|  0%| F|  |TAMS 0x0000000083400000, 0x0000000083400000| Untracked 
|  53|0x0000000083500000, 0x0000000083500000, 0x0000000083600000|  0%| F|  |TAMS 0x0000000083500000, 0x0000000083500000| Untracked 
|  54|0x0000000083600000, 0x0000000083600000, 0x0000000083700000|  0%| F|  |TAMS 0x0000000083600000, 0x0000000083600000| Untracked 
|  55|0x0000000083700000, 0x0000000083700000, 0x0000000083800000|  0%| F|  |TAMS 0x0000000083700000, 0x0000000083700000| Untracked 
|  56|0x0000000083800000, 0x0000000083800000, 0x0000000083900000|  0%| F|  |TAMS 0x0000000083800000, 0x0000000083800000| Untracked 
|  57|0x0000000083900000, 0x0000000083900000, 0x0000000083a00000|  0%| F|  |TAMS 0x0000000083900000, 0x0000000083900000| Untracked 
|  58|0x0000000083a00000, 0x0000000083a00000, 0x0000000083b00000|  0%| F|  |TAMS 0x0000000083a00000, 0x0000000083a00000| Untracked 
|  59|0x0000000083b00000, 0x0000000083b00000, 0x0000000083c00000|  0%| F|  |TAMS 0x0000000083b00000, 0x0000000083b00000| Untracked 
|  60|0x0000000083c00000, 0x0000000083c00000, 0x0000000083d00000|  0%| F|  |TAMS 0x0000000083c00000, 0x0000000083c00000| Untracked 
|  61|0x0000000083d00000, 0x0000000083d61df8, 0x0000000083e00000| 38%| S|CS|TAMS 0x0000000083d00000, 0x0000000083d00000| Complete 
|  62|0x0000000083e00000, 0x0000000083f00000, 0x0000000083f00000|100%| S|CS|TAMS 0x0000000083e00000, 0x0000000083e00000| Complete 
|  63|0x0000000083f00000, 0x0000000084000000, 0x0000000084000000|100%| S|CS|TAMS 0x0000000083f00000, 0x0000000083f00000| Complete 
|  64|0x0000000084000000, 0x0000000084100000, 0x0000000084100000|100%| S|CS|TAMS 0x0000000084000000, 0x0000000084000000| Complete 
|  65|0x0000000084100000, 0x0000000084200000, 0x0000000084200000|100%| S|CS|TAMS 0x0000000084100000, 0x0000000084100000| Complete 
|  66|0x0000000084200000, 0x0000000084300000, 0x0000000084300000|100%| S|CS|TAMS 0x0000000084200000, 0x0000000084200000| Complete 
|  67|0x0000000084300000, 0x0000000084300000, 0x0000000084400000|  0%| F|  |TAMS 0x0000000084300000, 0x0000000084300000| Untracked 
|  68|0x0000000084400000, 0x0000000084400000, 0x0000000084500000|  0%| F|  |TAMS 0x0000000084400000, 0x0000000084400000| Untracked 
|  69|0x0000000084500000, 0x0000000084500000, 0x0000000084600000|  0%| F|  |TAMS 0x0000000084500000, 0x0000000084500000| Untracked 
|  70|0x0000000084600000, 0x0000000084600000, 0x0000000084700000|  0%| F|  |TAMS 0x0000000084600000, 0x0000000084600000| Untracked 
|  71|0x0000000084700000, 0x0000000084700000, 0x0000000084800000|  0%| F|  |TAMS 0x0000000084700000, 0x0000000084700000| Untracked 
|  72|0x0000000084800000, 0x0000000084800000, 0x0000000084900000|  0%| F|  |TAMS 0x0000000084800000, 0x0000000084800000| Untracked 
|  73|0x0000000084900000, 0x0000000084900000, 0x0000000084a00000|  0%| F|  |TAMS 0x0000000084900000, 0x0000000084900000| Untracked 
|  74|0x0000000084a00000, 0x0000000084a00000, 0x0000000084b00000|  0%| F|  |TAMS 0x0000000084a00000, 0x0000000084a00000| Untracked 
|  75|0x0000000084b00000, 0x0000000084b00000, 0x0000000084c00000|  0%| F|  |TAMS 0x0000000084b00000, 0x0000000084b00000| Untracked 
|  76|0x0000000084c00000, 0x0000000084c00000, 0x0000000084d00000|  0%| F|  |TAMS 0x0000000084c00000, 0x0000000084c00000| Untracked 
|  77|0x0000000084d00000, 0x0000000084d00000, 0x0000000084e00000|  0%| F|  |TAMS 0x0000000084d00000, 0x0000000084d00000| Untracked 
|  78|0x0000000084e00000, 0x0000000084e00000, 0x0000000084f00000|  0%| F|  |TAMS 0x0000000084e00000, 0x0000000084e00000| Untracked 
|  79|0x0000000084f00000, 0x0000000084f00000, 0x0000000085000000|  0%| F|  |TAMS 0x0000000084f00000, 0x0000000084f00000| Untracked 
|  80|0x0000000085000000, 0x0000000085000000, 0x0000000085100000|  0%| F|  |TAMS 0x0000000085000000, 0x0000000085000000| Untracked 
|  81|0x0000000085100000, 0x0000000085100000, 0x0000000085200000|  0%| F|  |TAMS 0x0000000085100000, 0x0000000085100000| Untracked 
|  82|0x0000000085200000, 0x0000000085200000, 0x0000000085300000|  0%| F|  |TAMS 0x0000000085200000, 0x0000000085200000| Untracked 
|  83|0x0000000085300000, 0x0000000085300000, 0x0000000085400000|  0%| F|  |TAMS 0x0000000085300000, 0x0000000085300000| Untracked 
|  84|0x0000000085400000, 0x0000000085400000, 0x0000000085500000|  0%| F|  |TAMS 0x0000000085400000, 0x0000000085400000| Untracked 
|  85|0x0000000085500000, 0x0000000085500000, 0x0000000085600000|  0%| F|  |TAMS 0x0000000085500000, 0x0000000085500000| Untracked 
|  86|0x0000000085600000, 0x0000000085600000, 0x0000000085700000|  0%| F|  |TAMS 0x0000000085600000, 0x0000000085600000| Untracked 
|  87|0x0000000085700000, 0x0000000085700000, 0x0000000085800000|  0%| F|  |TAMS 0x0000000085700000, 0x0000000085700000| Untracked 
|  88|0x0000000085800000, 0x0000000085800000, 0x0000000085900000|  0%| F|  |TAMS 0x0000000085800000, 0x0000000085800000| Untracked 
|  89|0x0000000085900000, 0x0000000085900000, 0x0000000085a00000|  0%| F|  |TAMS 0x0000000085900000, 0x0000000085900000| Untracked 
|  90|0x0000000085a00000, 0x0000000085a23f20, 0x0000000085b00000| 14%| E|  |TAMS 0x0000000085a00000, 0x0000000085a00000| Complete 
|  91|0x0000000085b00000, 0x0000000085c00000, 0x0000000085c00000|100%| E|CS|TAMS 0x0000000085b00000, 0x0000000085b00000| Complete 
|  92|0x0000000085c00000, 0x0000000085d00000, 0x0000000085d00000|100%| E|CS|TAMS 0x0000000085c00000, 0x0000000085c00000| Complete 
|  93|0x0000000085d00000, 0x0000000085e00000, 0x0000000085e00000|100%| E|CS|TAMS 0x0000000085d00000, 0x0000000085d00000| Complete 
|  94|0x0000000085e00000, 0x0000000085f00000, 0x0000000085f00000|100%| E|CS|TAMS 0x0000000085e00000, 0x0000000085e00000| Complete 
|  95|0x0000000085f00000, 0x0000000086000000, 0x0000000086000000|100%| E|CS|TAMS 0x0000000085f00000, 0x0000000085f00000| Complete 
|  96|0x0000000086000000, 0x0000000086100000, 0x0000000086100000|100%| E|CS|TAMS 0x0000000086000000, 0x0000000086000000| Complete 
|  97|0x0000000086100000, 0x0000000086200000, 0x0000000086200000|100%| E|  |TAMS 0x0000000086100000, 0x0000000086100000| Complete 
|  98|0x0000000086200000, 0x0000000086300000, 0x0000000086300000|100%| E|CS|TAMS 0x0000000086200000, 0x0000000086200000| Complete 
|  99|0x0000000086300000, 0x0000000086400000, 0x0000000086400000|100%| E|CS|TAMS 0x0000000086300000, 0x0000000086300000| Complete 
| 100|0x0000000086400000, 0x0000000086500000, 0x0000000086500000|100%| E|CS|TAMS 0x0000000086400000, 0x0000000086400000| Complete 
| 101|0x0000000086500000, 0x0000000086600000, 0x0000000086600000|100%| E|CS|TAMS 0x0000000086500000, 0x0000000086500000| Complete 
| 102|0x0000000086600000, 0x0000000086700000, 0x0000000086700000|100%| E|CS|TAMS 0x0000000086600000, 0x0000000086600000| Complete 
| 103|0x0000000086700000, 0x0000000086800000, 0x0000000086800000|100%| E|CS|TAMS 0x0000000086700000, 0x0000000086700000| Complete 
| 104|0x0000000086800000, 0x0000000086900000, 0x0000000086900000|100%| E|CS|TAMS 0x0000000086800000, 0x0000000086800000| Complete 
| 105|0x0000000086900000, 0x0000000086a00000, 0x0000000086a00000|100%| E|CS|TAMS 0x0000000086900000, 0x0000000086900000| Complete 
| 106|0x0000000086a00000, 0x0000000086b00000, 0x0000000086b00000|100%| E|CS|TAMS 0x0000000086a00000, 0x0000000086a00000| Complete 
| 107|0x0000000086b00000, 0x0000000086c00000, 0x0000000086c00000|100%| E|CS|TAMS 0x0000000086b00000, 0x0000000086b00000| Complete 
| 108|0x0000000086c00000, 0x0000000086d00000, 0x0000000086d00000|100%| E|CS|TAMS 0x0000000086c00000, 0x0000000086c00000| Complete 
| 109|0x0000000086d00000, 0x0000000086e00000, 0x0000000086e00000|100%| E|CS|TAMS 0x0000000086d00000, 0x0000000086d00000| Complete 
| 110|0x0000000086e00000, 0x0000000086f00000, 0x0000000086f00000|100%| E|CS|TAMS 0x0000000086e00000, 0x0000000086e00000| Complete 
| 111|0x0000000086f00000, 0x0000000087000000, 0x0000000087000000|100%| E|CS|TAMS 0x0000000086f00000, 0x0000000086f00000| Complete 
| 112|0x0000000087000000, 0x0000000087100000, 0x0000000087100000|100%| E|CS|TAMS 0x0000000087000000, 0x0000000087000000| Complete 
| 113|0x0000000087100000, 0x0000000087200000, 0x0000000087200000|100%| E|CS|TAMS 0x0000000087100000, 0x0000000087100000| Complete 
| 114|0x0000000087200000, 0x0000000087300000, 0x0000000087300000|100%| E|CS|TAMS 0x0000000087200000, 0x0000000087200000| Complete 
| 115|0x0000000087300000, 0x0000000087400000, 0x0000000087400000|100%| E|CS|TAMS 0x0000000087300000, 0x0000000087300000| Complete 
| 116|0x0000000087400000, 0x0000000087500000, 0x0000000087500000|100%| E|CS|TAMS 0x0000000087400000, 0x0000000087400000| Complete 
| 130|0x0000000088200000, 0x0000000088300000, 0x0000000088300000|100%| E|CS|TAMS 0x0000000088200000, 0x0000000088200000| Complete 
| 131|0x0000000088300000, 0x0000000088400000, 0x0000000088400000|100%| E|CS|TAMS 0x0000000088300000, 0x0000000088300000| Complete 
| 132|0x0000000088400000, 0x0000000088500000, 0x0000000088500000|100%| E|CS|TAMS 0x0000000088400000, 0x0000000088400000| Complete 

Card table byte_map: [0x00000276493d0000,0x00000276497d0000] _byte_map_base: 0x0000027648fd0000

Marking Bits (Prev, Next): (CMBitMap*) 0x00000276324d9370, (CMBitMap*) 0x00000276324d9330
 Prev Bits: [0x000002764bbd0000, 0x000002764dbd0000)
 Next Bits: [0x0000027649bd0000, 0x000002764bbd0000)

Polling page: 0x0000027630400000

Metaspace:

Usage:
  Non-class:     45.43 MB used.
      Class:      7.37 MB used.
       Both:     52.80 MB used.

Virtual space:
  Non-class space:       64.00 MB reserved,      45.69 MB ( 71%) committed,  1 nodes.
      Class space:        1.00 GB reserved,       7.62 MB ( <1%) committed,  1 nodes.
             Both:        1.06 GB reserved,      53.31 MB (  5%) committed. 

Chunk freelists:
   Non-Class:  1.50 MB
       Class:  8.33 MB
        Both:  9.83 MB

MaxMetaspaceSize: unlimited
CompressedClassSpaceSize: 1.00 GB
Initial GC threshold: 21.00 MB
Current GC threshold: 67.62 MB
CDS: on
MetaspaceReclaimPolicy: balanced
 - commit_granule_bytes: 65536.
 - commit_granule_words: 8192.
 - virtual_space_node_default_size: 8388608.
 - enlarge_chunks_in_place: 1.
 - new_chunks_are_fully_committed: 0.
 - uncommit_free_chunks: 1.
 - use_allocation_guard: 0.
 - handle_deallocations: 1.


Internal statistics:

num_allocs_failed_limit: 9.
num_arena_births: 726.
num_arena_deaths: 0.
num_vsnodes_births: 2.
num_vsnodes_deaths: 0.
num_space_committed: 853.
num_space_uncommitted: 0.
num_chunks_returned_to_freelist: 9.
num_chunks_taken_from_freelist: 2925.
num_chunk_merges: 9.
num_chunk_splits: 1926.
num_chunks_enlarged: 1307.
num_inconsistent_stats: 0.

CodeHeap 'non-profiled nmethods': size=120000Kb used=2512Kb max_used=2922Kb free=117487Kb
 bounds [0x0000027641aa0000, 0x0000027641d80000, 0x0000027648fd0000]
CodeHeap 'profiled nmethods': size=120000Kb used=12029Kb max_used=12029Kb free=107970Kb
 bounds [0x0000027639fd0000, 0x000002763ab90000, 0x0000027641500000]
CodeHeap 'non-nmethods': size=5760Kb used=2348Kb max_used=2421Kb free=3411Kb
 bounds [0x0000027641500000, 0x0000027641770000, 0x0000027641aa0000]
 total_blobs=8040 nmethods=7170 adapters=782
 compilation: enabled
              stopped_count=0, restarted_count=0
 full_count=0

Compilation events (20 events):
Event: 13.543 Thread 0x0000027650072370 8179       2       org.gradle.api.internal.artifacts.transform.TransformExecutionResultSerializer::<init> (5 bytes)
Event: 13.543 Thread 0x0000027650072370 nmethod 8179 0x000002763a2c4310 code [0x000002763a2c44a0, 0x000002763a2c4598]
Event: 13.545 Thread 0x0000027650072370 8180       2       org.gradle.api.internal.artifacts.transform.AbstractTransformExecution::loadAlreadyProducedOutput (24 bytes)
Event: 13.546 Thread 0x0000027650072370 nmethod 8180 0x000002763ab7e210 code [0x000002763ab7e3e0, 0x000002763ab7e6b8]
Event: 13.549 Thread 0x0000027650072370 8181       3       org.gradle.internal.snapshot.FileSystemLocationSnapshot$$Lambda$406/0x00000276523c3aa0::apply (10 bytes)
Event: 13.550 Thread 0x0000027650072370 nmethod 8181 0x000002763ab7e810 code [0x000002763ab7e9c0, 0x000002763ab7ecb8]
Event: 13.551 Thread 0x0000027650072370 8182       3       org.gradle.internal.snapshot.AbstractIncompleteFileSystemNode::store (43 bytes)
Event: 13.552 Thread 0x0000027650072370 nmethod 8182 0x000002763ab7ee10 code [0x000002763ab7f000, 0x000002763ab7f728]
Event: 13.556 Thread 0x0000027650072370 8183       3       java.util.concurrent.locks.LockSupport::parkNanos (29 bytes)
Event: 13.556 Thread 0x0000027650072370 nmethod 8183 0x000002763ab7f990 code [0x000002763ab7fb60, 0x000002763ab7fd48]
Event: 13.559 Thread 0x0000027650072370 8184       2       org.gradle.api.internal.artifacts.transform.TransformWorkspaceIdentity::equals (41 bytes)
Event: 13.559 Thread 0x0000027650072370 nmethod 8184 0x000002763ab7fe10 code [0x000002763ab7ffc0, 0x000002763ab801e8]
Event: 13.563 Thread 0x0000027650072370 8185       3       org.gradle.internal.snapshot.MerkleDirectorySnapshotBuilder::collectEntry (52 bytes)
Event: 13.564 Thread 0x0000027650072370 nmethod 8185 0x000002763ab80310 code [0x000002763ab804e0, 0x000002763ab809f8]
Event: 13.565 Thread 0x0000027650072370 8186       3       java.util.ArrayDeque::peekLast (19 bytes)
Event: 13.565 Thread 0x0000027650072370 nmethod 8186 0x000002763ab80b90 code [0x000002763ab80d40, 0x000002763ab80f78]
Event: 13.574 Thread 0x0000027650072370 8187       3       java.util.stream.AbstractPipeline::close (48 bytes)
Event: 13.575 Thread 0x0000027650072370 nmethod 8187 0x000002763ab81090 code [0x000002763ab81240, 0x000002763ab814e8]
Event: 13.585 Thread 0x0000027650072370 8188       3       com.google.common.collect.CollectCollectors$$Lambda$214/0x0000027652256220::accept (9 bytes)
Event: 13.585 Thread 0x0000027650072370 nmethod 8188 0x000002763ab81610 code [0x000002763ab817c0, 0x000002763ab81a08]

GC Heap History (20 events):
Event: 5.762 GC heap before
{Heap before GC invocations=7 (full 0):
 garbage-first heap   total 76800K, used 49106K [0x0000000080000000, 0x0000000100000000)
  region size 1024K, 31 young (31744K), 3 survivors (3072K)
 Metaspace       used 21169K, committed 21504K, reserved 1114112K
  class space    used 3088K, committed 3264K, reserved 1048576K
}
Event: 5.771 GC heap after
{Heap after GC invocations=8 (full 0):
 garbage-first heap   total 76800K, used 24214K [0x0000000080000000, 0x0000000100000000)
  region size 1024K, 5 young (5120K), 5 survivors (5120K)
 Metaspace       used 21169K, committed 21504K, reserved 1114112K
  class space    used 3088K, committed 3264K, reserved 1048576K
}
Event: 6.536 GC heap before
{Heap before GC invocations=9 (full 0):
 garbage-first heap   total 76800K, used 59030K [0x0000000080000000, 0x0000000100000000)
  region size 1024K, 39 young (39936K), 5 survivors (5120K)
 Metaspace       used 25733K, committed 26048K, reserved 1114112K
  class space    used 3820K, committed 3968K, reserved 1048576K
}
Event: 6.546 GC heap after
{Heap after GC invocations=10 (full 0):
 garbage-first heap   total 76800K, used 25940K [0x0000000080000000, 0x0000000100000000)
  region size 1024K, 4 young (4096K), 4 survivors (4096K)
 Metaspace       used 25733K, committed 26048K, reserved 1114112K
  class space    used 3820K, committed 3968K, reserved 1048576K
}
Event: 6.578 GC heap before
{Heap before GC invocations=10 (full 0):
 garbage-first heap   total 76800K, used 26964K [0x0000000080000000, 0x0000000100000000)
  region size 1024K, 5 young (5120K), 4 survivors (4096K)
 Metaspace       used 25802K, committed 26176K, reserved 1114112K
  class space    used 3833K, committed 4032K, reserved 1048576K
}
Event: 6.588 GC heap after
{Heap after GC invocations=11 (full 0):
 garbage-first heap   total 76800K, used 25930K [0x0000000080000000, 0x0000000100000000)
  region size 1024K, 1 young (1024K), 1 survivors (1024K)
 Metaspace       used 25802K, committed 26176K, reserved 1114112K
  class space    used 3833K, committed 4032K, reserved 1048576K
}
Event: 7.261 GC heap before
{Heap before GC invocations=11 (full 0):
 garbage-first heap   total 76800K, used 59722K [0x0000000080000000, 0x0000000100000000)
  region size 1024K, 35 young (35840K), 1 survivors (1024K)
 Metaspace       used 31793K, committed 32192K, reserved 1114112K
  class space    used 4488K, committed 4672K, reserved 1048576K
}
Event: 7.268 GC heap after
{Heap after GC invocations=12 (full 0):
 garbage-first heap   total 76800K, used 29132K [0x0000000080000000, 0x0000000100000000)
  region size 1024K, 4 young (4096K), 4 survivors (4096K)
 Metaspace       used 31793K, committed 32192K, reserved 1114112K
  class space    used 4488K, committed 4672K, reserved 1048576K
}
Event: 7.889 GC heap before
{Heap before GC invocations=12 (full 0):
 garbage-first heap   total 76800K, used 63948K [0x0000000080000000, 0x0000000100000000)
  region size 1024K, 34 young (34816K), 4 survivors (4096K)
 Metaspace       used 34160K, committed 34624K, reserved 1114112K
  class space    used 4729K, committed 4928K, reserved 1048576K
}
Event: 7.898 GC heap after
{Heap after GC invocations=13 (full 0):
 garbage-first heap   total 76800K, used 31364K [0x0000000080000000, 0x0000000100000000)
  region size 1024K, 3 young (3072K), 3 survivors (3072K)
 Metaspace       used 34160K, committed 34624K, reserved 1114112K
  class space    used 4729K, committed 4928K, reserved 1048576K
}
Event: 8.036 GC heap before
{Heap before GC invocations=13 (full 0):
 garbage-first heap   total 76800K, used 40580K [0x0000000080000000, 0x0000000100000000)
  region size 1024K, 12 young (12288K), 3 survivors (3072K)
 Metaspace       used 35649K, committed 36096K, reserved 1114112K
  class space    used 4860K, committed 5056K, reserved 1048576K
}
Event: 8.042 GC heap after
{Heap after GC invocations=14 (full 0):
 garbage-first heap   total 136192K, used 33132K [0x0000000080000000, 0x0000000100000000)
  region size 1024K, 1 young (1024K), 1 survivors (1024K)
 Metaspace       used 35649K, committed 36096K, reserved 1114112K
  class space    used 4860K, committed 5056K, reserved 1048576K
}
Event: 9.170 GC heap before
{Heap before GC invocations=15 (full 0):
 garbage-first heap   total 122880K, used 105836K [0x0000000080000000, 0x0000000100000000)
  region size 1024K, 72 young (73728K), 1 survivors (1024K)
 Metaspace       used 40675K, committed 41216K, reserved 1114112K
  class space    used 5653K, committed 5888K, reserved 1048576K
}
Event: 9.177 GC heap after
{Heap after GC invocations=16 (full 0):
 garbage-first heap   total 122880K, used 34538K [0x0000000080000000, 0x0000000100000000)
  region size 1024K, 4 young (4096K), 4 survivors (4096K)
 Metaspace       used 40675K, committed 41216K, reserved 1114112K
  class space    used 5653K, committed 5888K, reserved 1048576K
}
Event: 10.375 GC heap before
{Heap before GC invocations=17 (full 0):
 garbage-first heap   total 122880K, used 95978K [0x0000000080000000, 0x0000000100000000)
  region size 1024K, 64 young (65536K), 4 survivors (4096K)
 Metaspace       used 48081K, committed 48704K, reserved 1114112K
  class space    used 6722K, committed 7040K, reserved 1048576K
}
Event: 10.390 GC heap after
{Heap after GC invocations=18 (full 0):
 garbage-first heap   total 122880K, used 36870K [0x0000000080000000, 0x0000000100000000)
  region size 1024K, 6 young (6144K), 6 survivors (6144K)
 Metaspace       used 48081K, committed 48704K, reserved 1114112K
  class space    used 6722K, committed 7040K, reserved 1048576K
}
Event: 11.987 GC heap before
{Heap before GC invocations=18 (full 0):
 garbage-first heap   total 122880K, used 98310K [0x0000000080000000, 0x0000000100000000)
  region size 1024K, 66 young (67584K), 6 survivors (6144K)
 Metaspace       used 52877K, committed 53504K, reserved 1114112K
  class space    used 7439K, committed 7744K, reserved 1048576K
}
Event: 12.003 GC heap after
{Heap after GC invocations=19 (full 0):
 garbage-first heap   total 122880K, used 43273K [0x0000000080000000, 0x0000000100000000)
  region size 1024K, 9 young (9216K), 9 survivors (9216K)
 Metaspace       used 52877K, committed 53504K, reserved 1114112K
  class space    used 7439K, committed 7744K, reserved 1048576K
}
Event: 13.058 GC heap before
{Heap before GC invocations=19 (full 0):
 garbage-first heap   total 122880K, used 96521K [0x0000000080000000, 0x0000000100000000)
  region size 1024K, 62 young (63488K), 9 survivors (9216K)
 Metaspace       used 53857K, committed 54400K, reserved 1114112K
  class space    used 7539K, committed 7808K, reserved 1048576K
}
Event: 13.074 GC heap after
{Heap after GC invocations=20 (full 0):
 garbage-first heap   total 122880K, used 46801K [0x0000000080000000, 0x0000000100000000)
  region size 1024K, 6 young (6144K), 6 survivors (6144K)
 Metaspace       used 53857K, committed 54400K, reserved 1114112K
  class space    used 7539K, committed 7808K, reserved 1048576K
}

Dll operation events (15 events):
Event: 0.021 Loaded shared library C:\Program Files\Eclipse Adoptium\jdk-17.0.15.6-hotspot\bin\java.dll
Event: 0.050 Loaded shared library C:\Program Files\Eclipse Adoptium\jdk-17.0.15.6-hotspot\bin\jsvml.dll
Event: 0.213 Loaded shared library C:\Program Files\Eclipse Adoptium\jdk-17.0.15.6-hotspot\bin\zip.dll
Event: 0.217 Loaded shared library C:\Program Files\Eclipse Adoptium\jdk-17.0.15.6-hotspot\bin\instrument.dll
Event: 0.226 Loaded shared library C:\Program Files\Eclipse Adoptium\jdk-17.0.15.6-hotspot\bin\net.dll
Event: 0.230 Loaded shared library C:\Program Files\Eclipse Adoptium\jdk-17.0.15.6-hotspot\bin\nio.dll
Event: 0.233 Loaded shared library C:\Program Files\Eclipse Adoptium\jdk-17.0.15.6-hotspot\bin\zip.dll
Event: 0.947 Loaded shared library C:\Program Files\Eclipse Adoptium\jdk-17.0.15.6-hotspot\bin\jimage.dll
Event: 1.228 Loaded shared library C:\Program Files\Eclipse Adoptium\jdk-17.0.15.6-hotspot\bin\verify.dll
Event: 1.380 Loaded shared library C:\Users\hafid\.gradle\native\1def1411415f61bf3af743bc5b6707747c0891f09f0c88961ee8f79bc544acac\windows-amd64\native-platform.dll
Event: 1.396 Loaded shared library C:\Users\hafid\.gradle\native\0.2.7\x86_64-windows-gnu\gradle-fileevents.dll
Event: 2.883 Loaded shared library C:\Program Files\Eclipse Adoptium\jdk-17.0.15.6-hotspot\bin\management.dll
Event: 2.889 Loaded shared library C:\Program Files\Eclipse Adoptium\jdk-17.0.15.6-hotspot\bin\management_ext.dll
Event: 3.496 Loaded shared library C:\Program Files\Eclipse Adoptium\jdk-17.0.15.6-hotspot\bin\extnet.dll
Event: 3.931 Loaded shared library C:\Program Files\Eclipse Adoptium\jdk-17.0.15.6-hotspot\bin\sunmscapi.dll

Deoptimization events (20 events):
Event: 13.256 Thread 0x0000027696cfcec0 DEOPT PACKING pc=0x000002763a0aea37 sp=0x00000090e88ff010
Event: 13.256 Thread 0x0000027696cfcec0 DEOPT UNPACKING pc=0x0000027641557143 sp=0x00000090e88fe498 mode 0
Event: 13.288 Thread 0x0000027696cfb570 DEOPT PACKING pc=0x000002763ab717b0 sp=0x00000090e8bfe540
Event: 13.288 Thread 0x0000027696cfb570 DEOPT UNPACKING pc=0x0000027641557143 sp=0x00000090e8bfda00 mode 0
Event: 13.305 Thread 0x0000027696cfb570 DEOPT PACKING pc=0x000002763aad6a51 sp=0x00000090e8bfe940
Event: 13.306 Thread 0x0000027696cfb570 DEOPT UNPACKING pc=0x0000027641557143 sp=0x00000090e8bfdde0 mode 0
Event: 13.314 Thread 0x0000027696cfb570 DEOPT PACKING pc=0x000002763ab717b0 sp=0x00000090e8bfe540
Event: 13.314 Thread 0x0000027696cfb570 DEOPT UNPACKING pc=0x0000027641557143 sp=0x00000090e8bfda00 mode 0
Event: 13.317 Thread 0x00000276977910f0 DEOPT PACKING pc=0x000002763a79cadc sp=0x00000090ea0fd650
Event: 13.317 Thread 0x00000276977910f0 DEOPT UNPACKING pc=0x0000027641557143 sp=0x00000090ea0fcbd0 mode 0
Event: 13.349 Thread 0x0000027696cfb570 DEOPT PACKING pc=0x000002763ab717b0 sp=0x00000090e8bfe540
Event: 13.349 Thread 0x0000027696cfb570 DEOPT UNPACKING pc=0x0000027641557143 sp=0x00000090e8bfda00 mode 0
Event: 13.371 Thread 0x0000027696cfb570 DEOPT PACKING pc=0x000002763aad6a51 sp=0x00000090e8bfe940
Event: 13.371 Thread 0x0000027696cfb570 DEOPT UNPACKING pc=0x0000027641557143 sp=0x00000090e8bfdde0 mode 0
Event: 13.374 Thread 0x0000027696cfb570 DEOPT PACKING pc=0x000002763ab717b0 sp=0x00000090e8bfe540
Event: 13.374 Thread 0x0000027696cfb570 DEOPT UNPACKING pc=0x0000027641557143 sp=0x00000090e8bfda00 mode 0
Event: 13.431 Thread 0x00000276977910f0 DEOPT PACKING pc=0x000002763a79cadc sp=0x00000090ea0fc750
Event: 13.431 Thread 0x00000276977910f0 DEOPT UNPACKING pc=0x0000027641557143 sp=0x00000090ea0fbcd0 mode 0
Event: 13.576 Thread 0x0000027696cfa130 DEOPT PACKING pc=0x000002763a79cadc sp=0x00000090e85f60c0
Event: 13.576 Thread 0x0000027696cfa130 DEOPT UNPACKING pc=0x0000027641557143 sp=0x00000090e85f5640 mode 0

Classes loaded (20 events):
Event: 11.234 Loading class jdk/internal/access/JavaObjectInputFilterAccess
Event: 11.234 Loading class jdk/internal/access/JavaObjectInputFilterAccess done
Event: 11.235 Loading class java/lang/System$Logger$Level
Event: 11.235 Loading class java/lang/System$Logger$Level done
Event: 11.235 Loading class jdk/internal/event/DeserializationEvent
Event: 11.235 Loading class jdk/internal/event/DeserializationEvent done
Event: 11.236 Loading class java/io/ObjectInputStream$FieldValues
Event: 11.236 Loading class java/io/ObjectInputStream$GetField
Event: 11.236 Loading class java/io/ObjectInputStream$GetField done
Event: 11.236 Loading class java/io/ObjectInputStream$FieldValues done
Event: 11.244 Loading class sun/reflect/ReflectionFactory
Event: 11.244 Loading class sun/reflect/ReflectionFactory done
Event: 11.244 Loading class sun/reflect/ReflectionFactory$1
Event: 11.244 Loading class sun/reflect/ReflectionFactory$1 done
Event: 11.838 Loading class java/util/Collections$ReverseComparator
Event: 11.838 Loading class java/util/Collections$ReverseComparator done
Event: 11.838 Loading class java/util/Collections$ReverseComparator2
Event: 11.839 Loading class java/util/Collections$ReverseComparator2 done
Event: 11.965 Loading class java/util/LinkedList$LLSpliterator
Event: 11.965 Loading class java/util/LinkedList$LLSpliterator done

Classes unloaded (0 events):
No events

Classes redefined (0 events):
No events

Internal exceptions (20 events):
Event: 10.650 Thread 0x0000027696cfa130 Exception <a 'java/lang/ClassNotFoundException'{0x0000000086b6da38}: org/gradle/api/internal/project/DefaultProjectCustomizer> (0x0000000086b6da38) 
thrown [s\src\hotspot\share\classfile\systemDictionary.cpp, line 256]
Event: 10.659 Thread 0x0000027696cfa130 Exception <a 'java/lang/ClassNotFoundException'{0x0000000086a2ded8}: org/gradle/api/internal/project/DefaultProject_DecoratedCustomizer> (0x0000000086a2ded8) 
thrown [s\src\hotspot\share\classfile\systemDictionary.cpp, line 256]
Event: 10.672 Thread 0x0000027696cfa130 Exception <a 'java/lang/ClassNotFoundException'{0x0000000086ae1a48}: org/gradle/configuration/internal/DefaultListenerBuildOperationDecorator$BuildOperationEmittingClosureBeanInfo> (0x0000000086ae1a48) 
thrown [s\src\hotspot\share\classfile\systemDictionary.cpp, line 256]
Event: 10.672 Thread 0x0000027696cfa130 Exception <a 'java/lang/ClassNotFoundException'{0x0000000086aefed0}: org/gradle/configuration/internal/DefaultListenerBuildOperationDecorator$BuildOperationEmittingClosureCustomizer> (0x0000000086aefed0) 
thrown [s\src\hotspot\share\classfile\systemDictionary.cpp, line 256]
Event: 10.694 Thread 0x0000027696cfcec0 Exception <a 'java/lang/NoSuchMethodError'{0x0000000086807900}: static Lorg/gradle/internal/build/event/types/DefaultProjectConfigurationDescriptor;.<clinit>()V> (0x0000000086807900) 
thrown [s\src\hotspot\share\prims\jni.cpp, line 1112]
Event: 10.894 Thread 0x0000027696cfa130 Exception <a 'java/lang/NoSuchMethodError'{0x00000000860cf5e8}: 'long java.lang.invoke.DirectMethodHandle$Holder.invokeStatic(java.lang.Object, long)'> (0x00000000860cf5e8) 
thrown [s\src\hotspot\share\interpreter\linkResolver.cpp, line 759]
Event: 11.204 Thread 0x0000027696cfa130 Exception <a 'java/lang/NoSuchMethodError'{0x00000000855ac740}: static Lorg/gradle/api/internal/catalog/DefaultVersionCatalog;.<clinit>()V> (0x00000000855ac740) 
thrown [s\src\hotspot\share\prims\jni.cpp, line 1112]
Event: 11.210 Thread 0x0000027696cfa130 Exception <a 'java/lang/NoSuchMethodError'{0x00000000855e5070}: static [Ljava/lang/Object;.<clinit>()V> (0x00000000855e5070) 
thrown [s\src\hotspot\share\prims\jni.cpp, line 1112]
Event: 11.213 Thread 0x0000027696cfa130 Exception <a 'java/lang/NoSuchMethodError'{0x000000008540c800}: static Lorg/gradle/api/internal/catalog/DependencyModel;.<clinit>()V> (0x000000008540c800) 
thrown [s\src\hotspot\share\prims\jni.cpp, line 1112]
Event: 11.213 Thread 0x0000027696cfa130 Exception <a 'java/lang/NoSuchMethodError'{0x0000000085410f08}: static Lorg/gradle/api/internal/catalog/AbstractContextAwareModel;.<clinit>()V> (0x0000000085410f08) 
thrown [s\src\hotspot\share\prims\jni.cpp, line 1112]
Event: 11.215 Thread 0x0000027696cfa130 Exception <a 'java/lang/NoSuchMethodError'{0x000000008542cd18}: static Lorg/gradle/api/internal/artifacts/dependencies/AbstractVersionConstraint;.<clinit>()V> (0x000000008542cd18) 
thrown [s\src\hotspot\share\prims\jni.cpp, line 1112]
Event: 11.222 Thread 0x0000027696cfa130 Exception <a 'java/lang/NoSuchMethodError'{0x000000008548e228}: static Lorg/gradle/api/internal/catalog/PluginModel;.<clinit>()V> (0x000000008548e228) 
thrown [s\src\hotspot\share\prims\jni.cpp, line 1112]
Event: 11.224 Thread 0x0000027696cfa130 Exception <a 'java/lang/NoSuchMethodError'{0x00000000854a5420}: static Lorg/gradle/api/internal/catalog/VersionModel;.<clinit>()V> (0x00000000854a5420) 
thrown [s\src\hotspot\share\prims\jni.cpp, line 1112]
Event: 11.227 Thread 0x0000027696cfa130 Exception <a 'java/lang/NoSuchMethodError'{0x00000000854cf268}: 'void java.lang.invoke.DirectMethodHandle$Holder.invokeSpecial(java.lang.Object, java.lang.Object, java.lang.Object, int)'> (0x00000000854cf268) 
thrown [s\src\hotspot\share\interpreter\linkResolver.cpp, line 759]
Event: 11.352 Thread 0x0000027696cfa130 Exception <a 'java/lang/NoSuchMethodError'{0x0000000084f83bb8}: 'int java.lang.invoke.DirectMethodHandle$Holder.invokeSpecialIFC(java.lang.Object, java.lang.Object, java.lang.Object)'> (0x0000000084f83bb8) 
thrown [s\src\hotspot\share\interpreter\linkResolver.cpp, line 759]
Event: 11.430 Thread 0x0000027696cfa130 Exception <a 'java/lang/NoSuchMethodError'{0x0000000084b692f0}: 'void java.lang.invoke.DirectMethodHandle$Holder.invokeStatic(java.lang.Object, java.lang.Object, java.lang.Object, int, java.lang.Object)'> (0x0000000084b692f0) 
thrown [s\src\hotspot\share\interpreter\linkResolver.cpp, line 759]
Event: 11.966 Thread 0x0000027696cfa130 Exception <a 'java/lang/IncompatibleClassChangeError'{0x0000000083c61918}: Found class java.lang.Object, but interface was expected> (0x0000000083c61918) 
thrown [s\src\hotspot\share\interpreter\linkResolver.cpp, line 826]
Event: 12.223 Thread 0x0000027696cfa130 Exception <a 'java/lang/NoSuchMethodError'{0x0000000086f7f908}: 'java.lang.Object java.lang.invoke.DirectMethodHandle$Holder.newInvokeSpecial(java.lang.Object, java.lang.Object, java.lang.Object, java.lang.Object, int, java.lang.Object)'> (0x0000000086f7f908) 
thrown [s\src\hotspot\share\interpreter\linkResolver.cpp, line 759]
Event: 12.224 Thread 0x0000027696cfa130 Exception <a 'java/lang/NoSuchMethodError'{0x0000000086f8a580}: 'java.lang.Object java.lang.invoke.Invokers$Holder.linkToTargetMethod(java.lang.Object, java.lang.Object, java.lang.Object, int, java.lang.Object, java.lang.Object)'> (0x0000000086f8a580) 
thrown [s\src\hotspot\share\interpreter\linkResolver.cpp, line 759]
Event: 13.077 Thread 0x0000027696cfa130 Exception <a 'java/lang/NoSuchMethodError'{0x0000000088417b98}: 'java.lang.Object java.lang.invoke.DirectMethodHandle$Holder.invokeSpecialIFC(java.lang.Object, java.lang.Object, java.lang.Object)'> (0x0000000088417b98) 
thrown [s\src\hotspot\share\interpreter\linkResolver.cpp, line 759]

VM Operations (20 events):
Event: 11.987 Executing VM operation: G1CollectForAllocation
Event: 12.003 Executing VM operation: G1CollectForAllocation done
Event: 12.062 Executing VM operation: HandshakeAllThreads
Event: 12.063 Executing VM operation: HandshakeAllThreads done
Event: 12.081 Executing VM operation: HandshakeAllThreads
Event: 12.081 Executing VM operation: HandshakeAllThreads done
Event: 12.102 Executing VM operation: HandshakeAllThreads
Event: 12.103 Executing VM operation: HandshakeAllThreads done
Event: 12.239 Executing VM operation: ICBufferFull
Event: 12.239 Executing VM operation: ICBufferFull done
Event: 12.663 Executing VM operation: ICBufferFull
Event: 12.664 Executing VM operation: ICBufferFull done
Event: 13.015 Executing VM operation: HandshakeAllThreads
Event: 13.016 Executing VM operation: HandshakeAllThreads done
Event: 13.049 Executing VM operation: ICBufferFull
Event: 13.049 Executing VM operation: ICBufferFull done
Event: 13.058 Executing VM operation: G1CollectForAllocation
Event: 13.074 Executing VM operation: G1CollectForAllocation done
Event: 13.451 Executing VM operation: ICBufferFull
Event: 13.451 Executing VM operation: ICBufferFull done

Memory protections (0 events):
No events

Nmethod flushes (20 events):
Event: 12.114 Thread 0x00000276500f04d0 flushing  nmethod 0x000002763aa7d890
Event: 12.114 Thread 0x00000276500f04d0 flushing  nmethod 0x000002763aa7e410
Event: 12.114 Thread 0x00000276500f04d0 flushing  nmethod 0x000002763aa7fd10
Event: 12.114 Thread 0x00000276500f04d0 flushing  nmethod 0x000002763aa84110
Event: 12.114 Thread 0x00000276500f04d0 flushing  nmethod 0x000002763aa84a90
Event: 12.114 Thread 0x00000276500f04d0 flushing  nmethod 0x000002763aa85010
Event: 12.114 Thread 0x00000276500f04d0 flushing  nmethod 0x000002763aa85590
Event: 12.114 Thread 0x00000276500f04d0 flushing  nmethod 0x000002763aa8a090
Event: 12.114 Thread 0x00000276500f04d0 flushing  nmethod 0x000002763aa92c10
Event: 12.114 Thread 0x00000276500f04d0 flushing  nmethod 0x000002763aa94510
Event: 12.114 Thread 0x00000276500f04d0 flushing  nmethod 0x000002763aa9c210
Event: 12.114 Thread 0x00000276500f04d0 flushing  nmethod 0x000002763aaa4290
Event: 12.114 Thread 0x00000276500f04d0 flushing  nmethod 0x000002763aaabd90
Event: 12.114 Thread 0x00000276500f04d0 flushing  nmethod 0x000002763aad7d10
Event: 12.114 Thread 0x00000276500f04d0 flushing  nmethod 0x000002763aae4a10
Event: 12.114 Thread 0x00000276500f04d0 flushing  nmethod 0x000002763aae5690
Event: 12.114 Thread 0x00000276500f04d0 flushing  nmethod 0x000002763aaf2310
Event: 12.114 Thread 0x00000276500f04d0 flushing  nmethod 0x000002763ab3a790
Event: 12.114 Thread 0x00000276500f04d0 flushing  nmethod 0x000002763ab41710
Event: 12.114 Thread 0x00000276500f04d0 flushing  nmethod 0x000002763ab43e90

Events (20 events):
Event: 4.663 Thread 0x0000027696cfa130 Thread added: 0x0000027696cfb570
Event: 5.640 Thread 0x0000027696cfa130 Thread added: 0x0000027696cfba80
Event: 5.666 Thread 0x0000027696cfa130 Thread added: 0x0000027696cfbf90
Event: 5.972 Thread 0x0000027696cfa130 Thread added: 0x0000027696cfc4a0
Event: 5.983 Thread 0x0000027696cfa130 Thread added: 0x0000027697793970
Event: 6.491 Thread 0x0000027696cfa130 Thread added: 0x00000276977901c0
Event: 6.569 Thread 0x0000027696cfa130 Thread added: 0x000002769778f290
Event: 7.450 Thread 0x0000027696cfa130 Thread added: 0x0000027697791600
Event: 7.534 Thread 0x0000027696cfa130 Thread added: 0x0000027697791b10
Event: 8.608 Thread 0x0000027696cfa130 Thread added: 0x000002769778f7a0
Event: 8.658 Thread 0x0000027696cfa130 Thread added: 0x000002769778ed80
Event: 12.016 Thread 0x0000027696cfa130 Thread added: 0x0000027697794390
Event: 12.017 Thread 0x0000027696cfa130 Thread added: 0x0000027697793460
Event: 12.017 Thread 0x0000027696cfa130 Thread added: 0x00000276977948a0
Event: 12.279 Thread 0x0000027696cfa130 Thread added: 0x0000027697794db0
Event: 12.281 Thread 0x0000027696cfa130 Thread added: 0x000002769778d940
Event: 12.284 Thread 0x0000027696cfa130 Thread added: 0x000002769778fcb0
Event: 13.079 Thread 0x0000027696cfa130 Thread added: 0x00000276977952c0
Event: 13.080 Thread 0x0000027696cfa130 Thread added: 0x00000276977910f0
Event: 13.081 Thread 0x0000027696cfa130 Thread added: 0x0000027697792530


Dynamic libraries:
0x00007ff76b9d0000 - 0x00007ff76b9de000 	C:\Program Files\Eclipse Adoptium\jdk-17.0.15.6-hotspot\bin\java.exe
0x00007ffcbea70000 - 0x00007ffcbec87000 	C:\Windows\SYSTEM32\ntdll.dll
0x00007ffcbe000000 - 0x00007ffcbe0c4000 	C:\Windows\System32\KERNEL32.DLL
0x00007ffcbbe40000 - 0x00007ffcbc1f7000 	C:\Windows\System32\KERNELBASE.dll
0x00007ffcbc390000 - 0x00007ffcbc4a1000 	C:\Windows\System32\ucrtbase.dll
0x00007ffcaaf30000 - 0x00007ffcaaf47000 	C:\Program Files\Eclipse Adoptium\jdk-17.0.15.6-hotspot\bin\jli.dll
0x00007ffcbe0d0000 - 0x00007ffcbe27f000 	C:\Windows\System32\USER32.dll
0x00007ffcbc770000 - 0x00007ffcbc796000 	C:\Windows\System32\win32u.dll
0x00007ffcbe9d0000 - 0x00007ffcbe9f9000 	C:\Windows\System32\GDI32.dll
0x00007ffcbc650000 - 0x00007ffcbc768000 	C:\Windows\System32\gdi32full.dll
0x00007ffca6b70000 - 0x00007ffca6e03000 	C:\Windows\WinSxS\amd64_microsoft.windows.common-controls_6595b64144ccf1df_6.0.22621.3672_none_2713b9d173822955\COMCTL32.dll
0x00007ffcbc2f0000 - 0x00007ffcbc38a000 	C:\Windows\System32\msvcp_win.dll
0x00007ffcbdbc0000 - 0x00007ffcbdc67000 	C:\Windows\System32\msvcrt.dll
0x00007ffcaaf10000 - 0x00007ffcaaf2e000 	C:\Program Files\Eclipse Adoptium\jdk-17.0.15.6-hotspot\bin\VCRUNTIME140.dll
0x00007ffcbe450000 - 0x00007ffcbe481000 	C:\Windows\System32\IMM32.DLL
0x00007ffc99060000 - 0x00007ffc9906c000 	C:\Program Files\Eclipse Adoptium\jdk-17.0.15.6-hotspot\bin\vcruntime140_1.dll
0x00007ffc7a670000 - 0x00007ffc7a6fd000 	C:\Program Files\Eclipse Adoptium\jdk-17.0.15.6-hotspot\bin\msvcp140.dll
0x00007ffc27dc0000 - 0x00007ffc28a2b000 	C:\Program Files\Eclipse Adoptium\jdk-17.0.15.6-hotspot\bin\server\jvm.dll
0x00007ffcbe490000 - 0x00007ffcbe542000 	C:\Windows\System32\ADVAPI32.dll
0x00007ffcbc950000 - 0x00007ffcbc9f8000 	C:\Windows\System32\sechost.dll
0x00007ffcbc4b0000 - 0x00007ffcbc4d8000 	C:\Windows\System32\bcrypt.dll
0x00007ffcbd810000 - 0x00007ffcbd924000 	C:\Windows\System32\RPCRT4.dll
0x00007ffcbd790000 - 0x00007ffcbd801000 	C:\Windows\System32\WS2_32.dll
0x00007ffcbabf0000 - 0x00007ffcbac3d000 	C:\Windows\SYSTEM32\POWRPROF.dll
0x00007ffcb7da0000 - 0x00007ffcb7daa000 	C:\Windows\SYSTEM32\VERSION.dll
0x00007ffcb7e90000 - 0x00007ffcb7ec4000 	C:\Windows\SYSTEM32\WINMM.dll
0x00007ffcbabd0000 - 0x00007ffcbabe3000 	C:\Windows\SYSTEM32\UMPDC.dll
0x00007ffcbae20000 - 0x00007ffcbae38000 	C:\Windows\SYSTEM32\kernel.appcore.dll
0x00007ffc979f0000 - 0x00007ffc979fa000 	C:\Program Files\Eclipse Adoptium\jdk-17.0.15.6-hotspot\bin\jimage.dll
0x00007ffca5be0000 - 0x00007ffca5e12000 	C:\Windows\SYSTEM32\DBGHELP.DLL
0x00007ffcbdc70000 - 0x00007ffcbdffe000 	C:\Windows\System32\combase.dll
0x00007ffcbca00000 - 0x00007ffcbcad7000 	C:\Windows\System32\OLEAUT32.dll
0x00007ffcaaa30000 - 0x00007ffcaaa62000 	C:\Windows\SYSTEM32\dbgcore.DLL
0x00007ffcbc200000 - 0x00007ffcbc27b000 	C:\Windows\System32\bcryptPrimitives.dll
0x00007ffcaa390000 - 0x00007ffcaa39e000 	C:\Program Files\Eclipse Adoptium\jdk-17.0.15.6-hotspot\bin\instrument.dll
0x00007ffc8a410000 - 0x00007ffc8a435000 	C:\Program Files\Eclipse Adoptium\jdk-17.0.15.6-hotspot\bin\java.dll
0x00007ffc79390000 - 0x00007ffc79467000 	C:\Program Files\Eclipse Adoptium\jdk-17.0.15.6-hotspot\bin\jsvml.dll
0x00007ffcbccc0000 - 0x00007ffcbd529000 	C:\Windows\System32\SHELL32.dll
0x00007ffcb9cb0000 - 0x00007ffcba5af000 	C:\Windows\SYSTEM32\windows.storage.dll
0x00007ffcb9b70000 - 0x00007ffcb9caf000 	C:\Windows\SYSTEM32\wintypes.dll
0x00007ffcbd530000 - 0x00007ffcbd629000 	C:\Windows\System32\SHCORE.dll
0x00007ffcbcbe0000 - 0x00007ffcbcc3e000 	C:\Windows\System32\shlwapi.dll
0x00007ffcbbcb0000 - 0x00007ffcbbcd7000 	C:\Windows\SYSTEM32\profapi.dll
0x00007ffc85690000 - 0x00007ffc856a8000 	C:\Program Files\Eclipse Adoptium\jdk-17.0.15.6-hotspot\bin\zip.dll
0x00007ffc89410000 - 0x00007ffc89429000 	C:\Program Files\Eclipse Adoptium\jdk-17.0.15.6-hotspot\bin\net.dll
0x00007ffcb7800000 - 0x00007ffcb7936000 	C:\Windows\SYSTEM32\WINHTTP.dll
0x00007ffcbb2e0000 - 0x00007ffcbb349000 	C:\Windows\system32\mswsock.dll
0x00007ffc88990000 - 0x00007ffc889a6000 	C:\Program Files\Eclipse Adoptium\jdk-17.0.15.6-hotspot\bin\nio.dll
0x00007ffc8a1f0000 - 0x00007ffc8a200000 	C:\Program Files\Eclipse Adoptium\jdk-17.0.15.6-hotspot\bin\verify.dll
0x00007ffcb8860000 - 0x00007ffcb8887000 	C:\Users\hafid\.gradle\native\1def1411415f61bf3af743bc5b6707747c0891f09f0c88961ee8f79bc544acac\windows-amd64\native-platform.dll
0x00007ffc99090000 - 0x00007ffc99108000 	C:\Users\hafid\.gradle\native\0.2.7\x86_64-windows-gnu\gradle-fileevents.dll
0x00007ffcaa380000 - 0x00007ffcaa38a000 	C:\Program Files\Eclipse Adoptium\jdk-17.0.15.6-hotspot\bin\management.dll
0x00007ffcaa260000 - 0x00007ffcaa26b000 	C:\Program Files\Eclipse Adoptium\jdk-17.0.15.6-hotspot\bin\management_ext.dll
0x00007ffcbd990000 - 0x00007ffcbd998000 	C:\Windows\System32\PSAPI.DLL
0x00007ffcba880000 - 0x00007ffcba8ad000 	C:\Windows\SYSTEM32\IPHLPAPI.DLL
0x00007ffcbd980000 - 0x00007ffcbd989000 	C:\Windows\System32\NSI.dll
0x00007ffcb7a10000 - 0x00007ffcb7a29000 	C:\Windows\SYSTEM32\dhcpcsvc6.DLL
0x00007ffcb77e0000 - 0x00007ffcb77ff000 	C:\Windows\SYSTEM32\dhcpcsvc.DLL
0x00007ffcba8f0000 - 0x00007ffcba9f2000 	C:\Windows\SYSTEM32\DNSAPI.dll
0x00007ffcaa250000 - 0x00007ffcaa259000 	C:\Program Files\Eclipse Adoptium\jdk-17.0.15.6-hotspot\bin\extnet.dll
0x00007ffcbb630000 - 0x00007ffcbb64b000 	C:\Windows\SYSTEM32\CRYPTSP.dll
0x00007ffcbade0000 - 0x00007ffcbae15000 	C:\Windows\system32\rsaenh.dll
0x00007ffcbb380000 - 0x00007ffcbb3a8000 	C:\Windows\SYSTEM32\USERENV.dll
0x00007ffcbb610000 - 0x00007ffcbb61c000 	C:\Windows\SYSTEM32\CRYPTBASE.dll
0x00007ffcaa240000 - 0x00007ffcaa24e000 	C:\Program Files\Eclipse Adoptium\jdk-17.0.15.6-hotspot\bin\sunmscapi.dll
0x00007ffcbc4e0000 - 0x00007ffcbc646000 	C:\Windows\System32\CRYPT32.dll
0x00007ffcbb740000 - 0x00007ffcbb76d000 	C:\Windows\SYSTEM32\ncrypt.dll
0x00007ffcbb700000 - 0x00007ffcbb737000 	C:\Windows\SYSTEM32\NTASN1.dll
0x00007ffc45610000 - 0x00007ffc45618000 	C:\Windows\system32\wshunix.dll

dbghelp: loaded successfully - version: 4.0.5 - missing functions: none
symbol engine: initialized successfully - sym options: 0x614 - pdb path: .;C:\Program Files\Eclipse Adoptium\jdk-17.0.15.6-hotspot\bin;C:\Windows\SYSTEM32;C:\Windows\WinSxS\amd64_microsoft.windows.common-controls_6595b64144ccf1df_6.0.22621.3672_none_2713b9d173822955;C:\Program Files\Eclipse Adoptium\jdk-17.0.15.6-hotspot\bin\server;C:\Users\hafid\.gradle\native\1def1411415f61bf3af743bc5b6707747c0891f09f0c88961ee8f79bc544acac\windows-amd64;C:\Users\hafid\.gradle\native\0.2.7\x86_64-windows-gnu

VM Arguments:
jvm_args: --add-opens=java.base/java.lang=ALL-UNNAMED --add-opens=java.base/java.lang.invoke=ALL-UNNAMED --add-opens=java.base/java.util=ALL-UNNAMED --add-opens=java.prefs/java.util.prefs=ALL-UNNAMED --add-exports=jdk.compiler/com.sun.tools.javac.api=ALL-UNNAMED --add-exports=jdk.compiler/com.sun.tools.javac.util=ALL-UNNAMED --add-opens=java.base/java.util=ALL-UNNAMED --add-opens=java.prefs/java.util.prefs=ALL-UNNAMED --add-opens=java.base/java.nio.charset=ALL-UNNAMED --add-opens=java.base/java.net=ALL-UNNAMED --add-opens=java.base/java.util.concurrent.atomic=ALL-UNNAMED --add-opens=java.xml/javax.xml.namespace=ALL-UNNAMED -Xmx2048m -Dfile.encoding=UTF-8 -Duser.country=ID -Duser.language=en -Duser.variant -javaagent:C:\Users\hafid\.gradle\wrapper\dists\gradle-8.13-bin\5xuhj0ry160q40clulazy9h7d\gradle-8.13\lib\agents\gradle-instrumentation-agent-8.13.jar 
java_command: org.gradle.launcher.daemon.bootstrap.GradleDaemon 8.13
java_class_path (initial): C:\Users\hafid\.gradle\wrapper\dists\gradle-8.13-bin\5xuhj0ry160q40clulazy9h7d\gradle-8.13\lib\gradle-daemon-main-8.13.jar
Launcher Type: SUN_STANDARD

[Global flags]
     intx CICompilerCount                          = 3                                         {product} {ergonomic}
     uint ConcGCThreads                            = 1                                         {product} {ergonomic}
     uint G1ConcRefinementThreads                  = 4                                         {product} {ergonomic}
   size_t G1HeapRegionSize                         = 1048576                                   {product} {ergonomic}
    uintx GCDrainStackTargetSize                   = 64                                        {product} {ergonomic}
   size_t InitialHeapSize                          = 65011712                                  {product} {ergonomic}
   size_t MarkStackSize                            = 4194304                                   {product} {ergonomic}
   size_t MaxHeapSize                              = 2147483648                                {product} {command line}
   size_t MaxNewSize                               = 1287651328                                {product} {ergonomic}
   size_t MinHeapDeltaBytes                        = 1048576                                   {product} {ergonomic}
   size_t MinHeapSize                              = 8388608                                   {product} {ergonomic}
    uintx NonNMethodCodeHeapSize                   = 5832780                                {pd product} {ergonomic}
    uintx NonProfiledCodeHeapSize                  = 122912730                              {pd product} {ergonomic}
    uintx ProfiledCodeHeapSize                     = 122912730                              {pd product} {ergonomic}
    uintx ReservedCodeCacheSize                    = 251658240                              {pd product} {ergonomic}
     bool SegmentedCodeCache                       = true                                      {product} {ergonomic}
   size_t SoftMaxHeapSize                          = 2147483648                             {manageable} {ergonomic}
     bool UseCompressedClassPointers               = true                           {product lp64_product} {ergonomic}
     bool UseCompressedOops                        = true                           {product lp64_product} {ergonomic}
     bool UseG1GC                                  = true                                      {product} {ergonomic}
     bool UseLargePagesIndividualAllocation        = false                                  {pd product} {ergonomic}

Logging:
Log output configuration:
 #0: stdout all=warning uptime,level,tags
 #1: stderr all=off uptime,level,tags

Environment Variables:
JAVA_HOME=C:\Program Files\Eclipse Adoptium\jdk-17.0.15.6-hotspot
PATH=C:\Program Files\Eclipse Adoptium\jdk-17.0.15.6-hotspot\bin;C:\Program Files\Eclipse Adoptium\jdk-17.0.15.6-hotspot\bin;C:\Program Files\Common Files\Oracle\Java\javapath;C:\ProgramData\Oracle\Java\javapath;C:\Windows\system32;C:\Windows;C:\Windows\System32\Wbem;C:\Windows\System32\WindowsPowerShell\v1.0\;C:\Windows\System32\OpenSSH\;C:\Program Files (x86)\NVIDIA Corporation\PhysX\Common;C:\Windows\System32;C:\Users\Git\cmd;C:\Program Files\Docker\Docker\resources\bin;C:\Program Files\MongoDB\Server\8.0\bin;C:\xampp\php;C:\ProgramData\ComposerSetup\bin;C:\flutter\bin;C:\Users\hafid\AppData\Local\Android\sdk\platform-tools;C:\Program Files\nodejs\;C:\kotlinc\bin;C:\Users\hafid\AppData\Local\Programs\Python\Python310\Scripts\;C:\Users\hafid\AppData\Local\Programs\Python\Python310\;C:\Users\hafid\AppData\Local\Microsoft\WindowsApps;C:\Users\hafid\AppData\Local\Programs\Microsoft VS Code\bin;C:\Users\hafid\AppData\Roaming\Composer\vendor\bin;C:\Users\hafid\AppData\Roaming\npm;C:\Users\hafid\AppData\Local\Google\Cloud SDK\google-cloud-sdk\bin;D:\cursor\resources\app\bin;C:\Users\hafid\AppData\Local\Programs\Windsurf\bin;C:\Users\hafid\AppData\Local\Programs\Antigravity\bin
USERNAME=hafid
OS=Windows_NT
PROCESSOR_IDENTIFIER=Intel64 Family 6 Model 142 Stepping 9, GenuineIntel
TMP=C:\Users\hafid\AppData\Local\Temp
TEMP=C:\Users\hafid\AppData\Local\Temp



Periodic native trim disabled


---------------  S Y S T E M  ---------------

OS:
 Windows 11 , 64 bit Build 22621 (10.0.22621.3958)
OS uptime: 0 days 2:13 hours
Hyper-V role detected

CPU: total 4 (initial active 4) (2 cores per cpu, 2 threads per core) family 6 model 142 stepping 9 microcode 0xde, cx8, cmov, fxsr, ht, mmx, 3dnowpref, sse, sse2, sse3, ssse3, sse4.1, sse4.2, popcnt, lzcnt, tsc, tscinvbit, avx, avx2, aes, erms, clmul, bmi1, bmi2, adx, fma, vzeroupper, clflush, clflushopt, hv
Processor Information for all 4 processors :
  Max Mhz: 2712, Current Mhz: 2511, Mhz Limit: 2495

Memory: 4k page, system-wide physical 3964M (326M free)
TotalPageFile size 16252M (AvailPageFile size 1M)
current process WorkingSet (physical memory assigned to process): 299M, peak: 299M
current process commit charge ("private bytes"): 330M, peak: 330M

vm_info: OpenJDK 64-Bit Server VM (17.0.15+6) for windows-amd64 JRE (17.0.15+6), built on Apr 15 2025 21:25:47 by "admin" with MS VC++ 17.7 (VS2022)

END.
