#
# There is insufficient memory for the Java Runtime Environment to continue.
# Native memory allocation (malloc) failed to allocate 2207408 bytes. Error detail: Chunk::new
# Possible reasons:
#   The system is out of physical RAM or swap space
#   This process is running with CompressedOops enabled, and the Java Heap may be blocking the growth of the native heap
# Possible solutions:
#   Reduce memory load on the system
#   Increase physical memory or swap space
#   Check if swap backing store is full
#   Decrease Java heap size (-Xmx/-Xms)
#   Decrease number of Java threads
#   Decrease Java thread stack sizes (-Xss)
#   Set larger code cache with -XX:ReservedCodeCacheSize=
#   JVM is running with Unscaled Compressed Oops mode in which the Java heap is
#     placed in the first 4GB address space. The Java Heap base address is the
#     maximum limit for the native heap growth. Please use -XX:HeapBaseMinAddress
#     to set the Java Heap base and to place the Java Heap above 4GB virtual address.
# This output file may be truncated or incomplete.
#
#  Out of Memory Error (arena.cpp:191), pid=1272, tid=12776
#
# JRE version: OpenJDK Runtime Environment Temurin-17.0.15+6 (17.0.15+6) (build 17.0.15+6)
# Java VM: OpenJDK 64-Bit Server VM Temurin-17.0.15+6 (17.0.15+6, mixed mode, sharing, tiered, compressed oops, compressed class ptrs, g1 gc, windows-amd64)
# No core dump will be written. Minidumps are not enabled by default on client versions of Windows
#

---------------  S U M M A R Y ------------

Command Line: -DkotlinLanguageServer.version=1.3.13 org.javacs.kt.MainKt

Host: Intel(R) Core(TM) i5-7200U CPU @ 2.50GHz, 4 cores, 3G,  Windows 11 , 64 bit Build 22621 (10.0.22621.3958)
Time: Mon Dec  1 15:41:11 2025 SE Asia Standard Time elapsed time: 20.829315 seconds (0d 0h 0m 20s)

---------------  T H R E A D  ---------------

Current thread (0x0000022830b22370):  JavaThread "C2 CompilerThread0" daemon [_thread_in_native, id=12776, stack(0x000000fe8f700000,0x000000fe8f800000)]


Current CompileTask:
C2:  20829 3968   !   4       jdk.internal.loader.Resource::getBytes (244 bytes)

Stack: [0x000000fe8f700000,0x000000fe8f800000]
Native frames: (J=compiled Java code, j=interpreted, Vv=VM code, C=native code)
V  [jvm.dll+0x682fc9]
V  [jvm.dll+0x839878]
V  [jvm.dll+0x83b323]
V  [jvm.dll+0x83b993]
V  [jvm.dll+0x24725f]
V  [jvm.dll+0xacea4]
V  [jvm.dll+0xad53c]
V  [jvm.dll+0x365c6e]
V  [jvm.dll+0x32fe58]
V  [jvm.dll+0x32f2da]
V  [jvm.dll+0x21824f]
V  [jvm.dll+0x21768f]
V  [jvm.dll+0x1a31b0]
V  [jvm.dll+0x227a9c]
V  [jvm.dll+0x225bfb]
V  [jvm.dll+0x7ef018]
V  [jvm.dll+0x7e94dc]
V  [jvm.dll+0x681ea7]
C  [ucrtbase.dll+0x29333]
C  [KERNEL32.DLL+0x1257d]
C  [ntdll.dll+0x5af08]


---------------  P R O C E S S  ---------------

Threads class SMR info:
_java_thread_list=0x000002287749f0c0, length=18, elements={
0x0000022830b06af0, 0x0000022830b07970, 0x0000022830b1d830, 0x0000022830b20300,
0x0000022830b20cc0, 0x0000022830b21680, 0x0000022830b22370, 0x0000022830b97de0,
0x0000022830b9c410, 0x0000022876091070, 0x0000022876096830, 0x0000022877e26fb0,
0x000002281568c2f0, 0x0000022800878f00, 0x0000022877d4ce60, 0x0000022877d4a5e0,
0x0000022877d4aaf0, 0x000002287678d6a0
}

Java Threads: ( => current thread )
  0x0000022830b06af0 JavaThread "Reference Handler" daemon [_thread_blocked, id=6928, stack(0x000000fe8f100000,0x000000fe8f200000)]
  0x0000022830b07970 JavaThread "Finalizer" daemon [_thread_blocked, id=3244, stack(0x000000fe8f200000,0x000000fe8f300000)]
  0x0000022830b1d830 JavaThread "Signal Dispatcher" daemon [_thread_blocked, id=13764, stack(0x000000fe8f300000,0x000000fe8f400000)]
  0x0000022830b20300 JavaThread "Attach Listener" daemon [_thread_blocked, id=14076, stack(0x000000fe8f400000,0x000000fe8f500000)]
  0x0000022830b20cc0 JavaThread "Service Thread" daemon [_thread_blocked, id=14340, stack(0x000000fe8f500000,0x000000fe8f600000)]
  0x0000022830b21680 JavaThread "Monitor Deflation Thread" daemon [_thread_blocked, id=6948, stack(0x000000fe8f600000,0x000000fe8f700000)]
=>0x0000022830b22370 JavaThread "C2 CompilerThread0" daemon [_thread_in_native, id=12776, stack(0x000000fe8f700000,0x000000fe8f800000)]
  0x0000022830b97de0 JavaThread "C1 CompilerThread0" daemon [_thread_blocked, id=5200, stack(0x000000fe8f800000,0x000000fe8f900000)]
  0x0000022830b9c410 JavaThread "Sweeper thread" daemon [_thread_blocked, id=10568, stack(0x000000fe8f900000,0x000000fe8fa00000)]
  0x0000022876091070 JavaThread "Notification Thread" daemon [_thread_blocked, id=13920, stack(0x000000fe8fa00000,0x000000fe8fb00000)]
  0x0000022876096830 JavaThread "Common-Cleaner" daemon [_thread_blocked, id=5400, stack(0x000000fe8fc00000,0x000000fe8fd00000)]
  0x0000022877e26fb0 JavaThread "client" [_thread_in_native, id=15264, stack(0x000000fe90100000,0x000000fe90200000)]
  0x000002281568c2f0 JavaThread "DestroyJavaVM" [_thread_blocked, id=1624, stack(0x000000fe8e900000,0x000000fe8ea00000)]
  0x0000022800878f00 JavaThread "async0" [_thread_blocked, id=4744, stack(0x000000fe90200000,0x000000fe90300000)]
  0x0000022877d4ce60 JavaThread "async1" [_thread_blocked, id=14540, stack(0x000000fe90300000,0x000000fe90400000)]
  0x0000022877d4a5e0 JavaThread "debounce0" [_thread_in_vm, id=6616, stack(0x000000fe90400000,0x000000fe90500000)]
  0x0000022877d4aaf0 JavaThread "async2" [_thread_blocked, id=4188, stack(0x000000fe90600000,0x000000fe90700000)]
  0x000002287678d6a0 JavaThread "C2 CompilerThread1" daemon [_thread_in_native, id=3696, stack(0x000000fe90500000,0x000000fe90600000)]

Other Threads:
  0x0000022830b03550 VMThread "VM Thread" [stack: 0x000000fe8f000000,0x000000fe8f100000] [id=6924]
  0x0000022876095d80 WatcherThread [stack: 0x000000fe8fb00000,0x000000fe8fc00000] [id=4084]
  0x00000228156c7310 GCTaskThread "GC Thread#0" [stack: 0x000000fe8eb00000,0x000000fe8ec00000] [id=14460]
  0x000002287665ad60 GCTaskThread "GC Thread#1" [stack: 0x000000fe8fe00000,0x000000fe8ff00000] [id=3764]
  0x00000228769bd880 GCTaskThread "GC Thread#2" [stack: 0x000000fe8ff00000,0x000000fe90000000] [id=252]
  0x00000228766e0c60 GCTaskThread "GC Thread#3" [stack: 0x000000fe90000000,0x000000fe90100000] [id=1884]
  0x00000228156cfe60 ConcurrentGCThread "G1 Main Marker" [stack: 0x000000fe8ec00000,0x000000fe8ed00000] [id=14920]
  0x00000228156d0880 ConcurrentGCThread "G1 Conc#0" [stack: 0x000000fe8ed00000,0x000000fe8ee00000] [id=4936]
  0x000002281570e0c0 ConcurrentGCThread "G1 Refine#0" [stack: 0x000000fe8ee00000,0x000000fe8ef00000] [id=2820]
  0x000002281570eaf0 ConcurrentGCThread "G1 Service" [stack: 0x000000fe8ef00000,0x000000fe8f000000] [id=13900]

Threads with active compile tasks:
C2 CompilerThread0    20871 3968   !   4       jdk.internal.loader.Resource::getBytes (244 bytes)
C2 CompilerThread1    20871 4119       4       java.lang.ClassLoader::preDefineClass (118 bytes)

VM state: not at safepoint (normal execution)

VM Mutex/Monitor currently owned by a thread: None

Heap address: 0x00000000c2000000, size: 992 MB, Compressed Oops mode: 32-bit

CDS archive(s) mapped at: [0x0000022831000000-0x0000022831bb0000-0x0000022831bb0000), size 12255232, SharedBaseAddress: 0x0000022831000000, ArchiveRelocationMode: 1.
Compressed class space mapped at: 0x0000022832000000-0x0000022872000000, reserved size: 1073741824
Narrow klass base: 0x0000022831000000, Narrow klass shift: 0, Narrow klass range: 0x100000000

GC Precious Log:
 CPUs: 4 total, 4 available
 Memory: 3964M
 Large Page Support: Disabled
 NUMA Support: Disabled
 Compressed Oops: Enabled (32-bit)
 Heap Region Size: 1M
 Heap Min Capacity: 8M
 Heap Initial Capacity: 62M
 Heap Max Capacity: 992M
 Pre-touch: Disabled
 Parallel Workers: 4
 Concurrent Workers: 1
 Concurrent Refinement Workers: 4
 Periodic GC: Disabled

Heap:
 garbage-first heap   total 48128K, used 31211K [0x00000000c2000000, 0x0000000100000000)
  region size 1024K, 8 young (8192K), 1 survivors (1024K)
 Metaspace       used 41638K, committed 41920K, reserved 1114112K
  class space    used 5178K, committed 5312K, reserved 1048576K

Heap Regions: E=young(eden), S=young(survivor), O=old, HS=humongous(starts), HC=humongous(continues), CS=collection set, F=free, OA=open archive, CA=closed archive, TAMS=top-at-mark-start (previous, next)
|   0|0x00000000c2000000, 0x00000000c2100000, 0x00000000c2100000|100%|HS|  |TAMS 0x00000000c2100000, 0x00000000c2000000| Complete 
|   1|0x00000000c2100000, 0x00000000c2200000, 0x00000000c2200000|100%|HC|  |TAMS 0x00000000c2200000, 0x00000000c2100000| Complete 
|   2|0x00000000c2200000, 0x00000000c2300000, 0x00000000c2300000|100%|HC|  |TAMS 0x00000000c2300000, 0x00000000c2200000| Complete 
|   3|0x00000000c2300000, 0x00000000c2400000, 0x00000000c2400000|100%|HC|  |TAMS 0x00000000c2400000, 0x00000000c2300000| Complete 
|   4|0x00000000c2400000, 0x00000000c2500000, 0x00000000c2500000|100%| O|  |TAMS 0x00000000c2500000, 0x00000000c2400000| Untracked 
|   5|0x00000000c2500000, 0x00000000c2600000, 0x00000000c2600000|100%| O|  |TAMS 0x00000000c2600000, 0x00000000c2500000| Untracked 
|   6|0x00000000c2600000, 0x00000000c2700000, 0x00000000c2700000|100%| O|  |TAMS 0x00000000c2700000, 0x00000000c2600000| Untracked 
|   7|0x00000000c2700000, 0x00000000c2800000, 0x00000000c2800000|100%| O|  |TAMS 0x00000000c2800000, 0x00000000c2700000| Untracked 
|   8|0x00000000c2800000, 0x00000000c2900000, 0x00000000c2900000|100%| O|  |TAMS 0x00000000c2900000, 0x00000000c2800000| Untracked 
|   9|0x00000000c2900000, 0x00000000c293b600, 0x00000000c2a00000| 23%| O|  |TAMS 0x00000000c293b600, 0x00000000c2900000| Complete 
|  10|0x00000000c2a00000, 0x00000000c2b00000, 0x00000000c2b00000|100%| O|  |TAMS 0x00000000c2b00000, 0x00000000c2a00000| Untracked 
|  11|0x00000000c2b00000, 0x00000000c2c00000, 0x00000000c2c00000|100%| O|  |TAMS 0x00000000c2c00000, 0x00000000c2b00000| Untracked 
|  12|0x00000000c2c00000, 0x00000000c2d00000, 0x00000000c2d00000|100%| O|  |TAMS 0x00000000c2d00000, 0x00000000c2c00000| Untracked 
|  13|0x00000000c2d00000, 0x00000000c2e00000, 0x00000000c2e00000|100%| O|  |TAMS 0x00000000c2e00000, 0x00000000c2d00000| Untracked 
|  14|0x00000000c2e00000, 0x00000000c2f00000, 0x00000000c2f00000|100%| O|  |TAMS 0x00000000c2f00000, 0x00000000c2e00000| Untracked 
|  15|0x00000000c2f00000, 0x00000000c3000000, 0x00000000c3000000|100%| O|  |TAMS 0x00000000c3000000, 0x00000000c2f00000| Untracked 
|  16|0x00000000c3000000, 0x00000000c3100000, 0x00000000c3100000|100%| O|  |TAMS 0x00000000c3100000, 0x00000000c3000000| Untracked 
|  17|0x00000000c3100000, 0x00000000c3200000, 0x00000000c3200000|100%| O|  |TAMS 0x00000000c3200000, 0x00000000c3100000| Untracked 
|  18|0x00000000c3200000, 0x00000000c3300000, 0x00000000c3300000|100%| O|  |TAMS 0x00000000c3300000, 0x00000000c3200000| Untracked 
|  19|0x00000000c3300000, 0x00000000c3400000, 0x00000000c3400000|100%| O|  |TAMS 0x00000000c3400000, 0x00000000c3300000| Untracked 
|  20|0x00000000c3400000, 0x00000000c3500000, 0x00000000c3500000|100%| O|  |TAMS 0x00000000c3500000, 0x00000000c3400000| Untracked 
|  21|0x00000000c3500000, 0x00000000c3600000, 0x00000000c3600000|100%| O|  |TAMS 0x00000000c3600000, 0x00000000c3500000| Untracked 
|  22|0x00000000c3600000, 0x00000000c3700000, 0x00000000c3700000|100%| O|  |TAMS 0x00000000c3686e00, 0x00000000c3600000| Untracked 
|  23|0x00000000c3700000, 0x00000000c3800000, 0x00000000c3800000|100%| O|  |TAMS 0x00000000c3700000, 0x00000000c3700000| Untracked 
|  24|0x00000000c3800000, 0x00000000c3877c00, 0x00000000c3900000| 46%| O|  |TAMS 0x00000000c3800000, 0x00000000c3800000| Untracked 
|  25|0x00000000c3900000, 0x00000000c3900000, 0x00000000c3a00000|  0%| F|  |TAMS 0x00000000c3900000, 0x00000000c3900000| Untracked 
|  26|0x00000000c3a00000, 0x00000000c3a00000, 0x00000000c3b00000|  0%| F|  |TAMS 0x00000000c3a00000, 0x00000000c3a00000| Untracked 
|  27|0x00000000c3b00000, 0x00000000c3b00000, 0x00000000c3c00000|  0%| F|  |TAMS 0x00000000c3b00000, 0x00000000c3b00000| Untracked 
|  28|0x00000000c3c00000, 0x00000000c3c00000, 0x00000000c3d00000|  0%| F|  |TAMS 0x00000000c3c00000, 0x00000000c3c00000| Untracked 
|  29|0x00000000c3d00000, 0x00000000c3d00000, 0x00000000c3e00000|  0%| F|  |TAMS 0x00000000c3d00000, 0x00000000c3d00000| Untracked 
|  30|0x00000000c3e00000, 0x00000000c3e00000, 0x00000000c3f00000|  0%| F|  |TAMS 0x00000000c3e00000, 0x00000000c3e00000| Untracked 
|  31|0x00000000c3f00000, 0x00000000c3f00000, 0x00000000c4000000|  0%| F|  |TAMS 0x00000000c3f00000, 0x00000000c3f00000| Untracked 
|  32|0x00000000c4000000, 0x00000000c4000000, 0x00000000c4100000|  0%| F|  |TAMS 0x00000000c4000000, 0x00000000c4000000| Untracked 
|  33|0x00000000c4100000, 0x00000000c4100000, 0x00000000c4200000|  0%| F|  |TAMS 0x00000000c4100000, 0x00000000c4100000| Untracked 
|  34|0x00000000c4200000, 0x00000000c42c7a70, 0x00000000c4300000| 77%| S|CS|TAMS 0x00000000c4200000, 0x00000000c4200000| Complete 
|  35|0x00000000c4300000, 0x00000000c4300000, 0x00000000c4400000|  0%| F|  |TAMS 0x00000000c4300000, 0x00000000c4300000| Untracked 
|  36|0x00000000c4400000, 0x00000000c4400000, 0x00000000c4500000|  0%| F|  |TAMS 0x00000000c4400000, 0x00000000c4400000| Untracked 
|  37|0x00000000c4500000, 0x00000000c4500000, 0x00000000c4600000|  0%| F|  |TAMS 0x00000000c4500000, 0x00000000c4500000| Untracked 
|  38|0x00000000c4600000, 0x00000000c4600000, 0x00000000c4700000|  0%| F|  |TAMS 0x00000000c4600000, 0x00000000c4600000| Untracked 
|  39|0x00000000c4700000, 0x00000000c4700000, 0x00000000c4800000|  0%| F|  |TAMS 0x00000000c4700000, 0x00000000c4700000| Untracked 
|  40|0x00000000c4800000, 0x00000000c4862658, 0x00000000c4900000| 38%| E|  |TAMS 0x00000000c4800000, 0x00000000c4800000| Complete 
|  41|0x00000000c4900000, 0x00000000c4a00000, 0x00000000c4a00000|100%| E|CS|TAMS 0x00000000c4900000, 0x00000000c4900000| Complete 
|  42|0x00000000c4a00000, 0x00000000c4b00000, 0x00000000c4b00000|100%| E|CS|TAMS 0x00000000c4a00000, 0x00000000c4a00000| Complete 
|  43|0x00000000c4b00000, 0x00000000c4c00000, 0x00000000c4c00000|100%| E|CS|TAMS 0x00000000c4b00000, 0x00000000c4b00000| Complete 
|  44|0x00000000c4c00000, 0x00000000c4d00000, 0x00000000c4d00000|100%| E|CS|TAMS 0x00000000c4c00000, 0x00000000c4c00000| Complete 
|  45|0x00000000c4d00000, 0x00000000c4e00000, 0x00000000c4e00000|100%| E|CS|TAMS 0x00000000c4d00000, 0x00000000c4d00000| Complete 
|  61|0x00000000c5d00000, 0x00000000c5e00000, 0x00000000c5e00000|100%| E|CS|TAMS 0x00000000c5d00000, 0x00000000c5d00000| Complete 

Card table byte_map: [0x000002282c3c0000,0x000002282c5b0000] _byte_map_base: 0x000002282bdb0000

Marking Bits (Prev, Next): (CMBitMap*) 0x00000228156c7970, (CMBitMap*) 0x00000228156c7930
 Prev Bits: [0x000002282d720000, 0x000002282e6a0000)
 Next Bits: [0x000002282c7a0000, 0x000002282d720000)

Polling page: 0x00000228137e0000

Metaspace:

Usage:
  Non-class:     35.62 MB used.
      Class:      5.06 MB used.
       Both:     40.68 MB used.

Virtual space:
  Non-class space:       64.00 MB reserved,      35.81 MB ( 56%) committed,  1 nodes.
      Class space:        1.00 GB reserved,       5.19 MB ( <1%) committed,  1 nodes.
             Both:        1.06 GB reserved,      41.00 MB (  4%) committed. 

Chunk freelists:
   Non-Class:  11.80 MB
       Class:  10.77 MB
        Both:  22.56 MB

MaxMetaspaceSize: unlimited
CompressedClassSpaceSize: 1.00 GB
Initial GC threshold: 21.00 MB
Current GC threshold: 66.56 MB
CDS: on
MetaspaceReclaimPolicy: balanced
 - commit_granule_bytes: 65536.
 - commit_granule_words: 8192.
 - virtual_space_node_default_size: 8388608.
 - enlarge_chunks_in_place: 1.
 - new_chunks_are_fully_committed: 0.
 - uncommit_free_chunks: 1.
 - use_allocation_guard: 0.
 - handle_deallocations: 1.


Internal statistics:

num_allocs_failed_limit: 3.
num_arena_births: 316.
num_arena_deaths: 0.
num_vsnodes_births: 2.
num_vsnodes_deaths: 0.
num_space_committed: 655.
num_space_uncommitted: 0.
num_chunks_returned_to_freelist: 3.
num_chunks_taken_from_freelist: 1707.
num_chunk_merges: 3.
num_chunk_splits: 1323.
num_chunks_enlarged: 1129.
num_inconsistent_stats: 0.

CodeHeap 'non-profiled nmethods': size=120000Kb used=1982Kb max_used=1982Kb free=118017Kb
 bounds [0x0000022824ca0000, 0x0000022824f10000, 0x000002282c1d0000]
CodeHeap 'profiled nmethods': size=120000Kb used=8630Kb max_used=8630Kb free=111369Kb
 bounds [0x000002281d1d0000, 0x000002281da40000, 0x0000022824700000]
CodeHeap 'non-nmethods': size=5760Kb used=1325Kb max_used=1362Kb free=4434Kb
 bounds [0x0000022824700000, 0x0000022824970000, 0x0000022824ca0000]
 total_blobs=4766 nmethods=4119 adapters=558
 compilation: enabled
              stopped_count=0, restarted_count=0
 full_count=0

Compilation events (20 events):
Event: 20.776 Thread 0x0000022830b97de0 4096       3       org.jetbrains.kotlin.metadata.ProtoBuf$Type$1::parsePartialFrom (11 bytes)
Event: 20.776 Thread 0x0000022830b97de0 nmethod 4096 0x000002281da34d90 code [0x000002281da34f40, 0x000002281da35148]
Event: 20.776 Thread 0x0000022830b97de0 4111       3       java.lang.Boolean::hashCode (14 bytes)
Event: 20.776 Thread 0x0000022830b97de0 nmethod 4111 0x000002281da35290 code [0x000002281da35420, 0x000002281da35578]
Event: 20.776 Thread 0x0000022830b97de0 4101       1       org.jetbrains.kotlin.protobuf.LiteralByteString::getOffsetIntoBytes (2 bytes)
Event: 20.776 Thread 0x0000022830b97de0 nmethod 4101 0x0000022824e8f290 code [0x0000022824e8f420, 0x0000022824e8f4f8]
Event: 20.776 Thread 0x0000022830b97de0 4098       3       org.jetbrains.kotlin.metadata.ProtoBuf$ValueParameter::hasName (16 bytes)
Event: 20.777 Thread 0x0000022830b97de0 nmethod 4098 0x000002281da35610 code [0x000002281da357a0, 0x000002281da35918]
Event: 20.777 Thread 0x0000022830b97de0 4099       3       org.jetbrains.kotlin.metadata.ProtoBuf$ValueParameter::hasType (16 bytes)
Event: 20.777 Thread 0x0000022830b97de0 nmethod 4099 0x000002281da35990 code [0x000002281da35b20, 0x000002281da35c98]
Event: 20.777 Thread 0x0000022830b97de0 4100       3       org.jetbrains.kotlin.metadata.ProtoBuf$ValueParameter::hasVarargElementType (18 bytes)
Event: 20.777 Thread 0x0000022830b97de0 nmethod 4100 0x000002281da35d10 code [0x000002281da35ea0, 0x000002281da36018]
Event: 20.777 Thread 0x0000022830b97de0 4105       3       org.jetbrains.kotlin.metadata.ProtoBuf$Annotation::newBuilderForType (5 bytes)
Event: 20.778 Thread 0x0000022830b97de0 nmethod 4105 0x000002281da36090 code [0x000002281da36280, 0x000002281da36878]
Event: 20.780 Thread 0x0000022830b97de0 4113       3       java.lang.invoke.ConstantCallSite::<init> (17 bytes)
Event: 20.780 Thread 0x0000022830b97de0 nmethod 4113 0x000002281da36a90 code [0x000002281da36c80, 0x000002281da37208]
Event: 20.780 Thread 0x0000022830b97de0 4114       3       jdk.internal.misc.Unsafe::storeStoreFence (5 bytes)
Event: 20.781 Thread 0x0000022830b97de0 nmethod 4114 0x000002281da37410 code [0x000002281da375a0, 0x000002281da376b8]
Event: 20.781 Thread 0x0000022830b97de0 4115       3       java.lang.invoke.BootstrapMethodInvoker::widenAndCast (47 bytes)
Event: 20.782 Thread 0x0000022830b97de0 nmethod 4115 0x000002281da37790 code [0x000002281da37a00, 0x000002281da38378]

GC Heap History (20 events):
Event: 7.865 GC heap before
{Heap before GC invocations=1 (full 0):
 garbage-first heap   total 63488K, used 20420K [0x00000000c2000000, 0x0000000100000000)
  region size 1024K, 14 young (14336K), 2 survivors (2048K)
 Metaspace       used 8801K, committed 9024K, reserved 1114112K
  class space    used 860K, committed 960K, reserved 1048576K
}
Event: 7.871 GC heap after
{Heap after GC invocations=2 (full 0):
 garbage-first heap   total 63488K, used 9092K [0x00000000c2000000, 0x0000000100000000)
  region size 1024K, 1 young (1024K), 1 survivors (1024K)
 Metaspace       used 8801K, committed 9024K, reserved 1114112K
  class space    used 860K, committed 960K, reserved 1048576K
}
Event: 9.715 GC heap before
{Heap before GC invocations=2 (full 0):
 garbage-first heap   total 63488K, used 30596K [0x00000000c2000000, 0x0000000100000000)
  region size 1024K, 22 young (22528K), 1 survivors (1024K)
 Metaspace       used 15676K, committed 15872K, reserved 1114112K
  class space    used 1691K, committed 1792K, reserved 1048576K
}
Event: 9.722 GC heap after
{Heap after GC invocations=3 (full 0):
 garbage-first heap   total 63488K, used 10186K [0x00000000c2000000, 0x0000000100000000)
  region size 1024K, 2 young (2048K), 2 survivors (2048K)
 Metaspace       used 15676K, committed 15872K, reserved 1114112K
  class space    used 1691K, committed 1792K, reserved 1048576K
}
Event: 11.633 GC heap before
{Heap before GC invocations=3 (full 0):
 garbage-first heap   total 63488K, used 34762K [0x00000000c2000000, 0x0000000100000000)
  region size 1024K, 27 young (27648K), 2 survivors (2048K)
 Metaspace       used 21317K, committed 21504K, reserved 1114112K
  class space    used 2400K, committed 2496K, reserved 1048576K
}
Event: 11.646 GC heap after
{Heap after GC invocations=4 (full 0):
 garbage-first heap   total 63488K, used 12061K [0x00000000c2000000, 0x0000000100000000)
  region size 1024K, 4 young (4096K), 4 survivors (4096K)
 Metaspace       used 21317K, committed 21504K, reserved 1114112K
  class space    used 2400K, committed 2496K, reserved 1048576K
}
Event: 13.962 GC heap before
{Heap before GC invocations=5 (full 0):
 garbage-first heap   total 48128K, used 35613K [0x00000000c2000000, 0x0000000100000000)
  region size 1024K, 28 young (28672K), 4 survivors (4096K)
 Metaspace       used 28025K, committed 28288K, reserved 1114112K
  class space    used 3133K, committed 3264K, reserved 1048576K
}
Event: 13.981 GC heap after
{Heap after GC invocations=6 (full 0):
 garbage-first heap   total 48128K, used 15238K [0x00000000c2000000, 0x0000000100000000)
  region size 1024K, 4 young (4096K), 4 survivors (4096K)
 Metaspace       used 28025K, committed 28288K, reserved 1114112K
  class space    used 3133K, committed 3264K, reserved 1048576K
}
Event: 16.424 GC heap before
{Heap before GC invocations=6 (full 0):
 garbage-first heap   total 48128K, used 33670K [0x00000000c2000000, 0x0000000100000000)
  region size 1024K, 22 young (22528K), 4 survivors (4096K)
 Metaspace       used 32251K, committed 32512K, reserved 1114112K
  class space    used 3661K, committed 3776K, reserved 1048576K
}
Event: 16.438 GC heap after
{Heap after GC invocations=7 (full 0):
 garbage-first heap   total 48128K, used 17635K [0x00000000c2000000, 0x0000000100000000)
  region size 1024K, 3 young (3072K), 3 survivors (3072K)
 Metaspace       used 32251K, committed 32512K, reserved 1114112K
  class space    used 3661K, committed 3776K, reserved 1048576K
}
Event: 17.113 GC heap before
{Heap before GC invocations=7 (full 0):
 garbage-first heap   total 48128K, used 34019K [0x00000000c2000000, 0x0000000100000000)
  region size 1024K, 19 young (19456K), 3 survivors (3072K)
 Metaspace       used 32369K, committed 32640K, reserved 1114112K
  class space    used 3665K, committed 3776K, reserved 1048576K
}
Event: 17.118 GC heap after
{Heap after GC invocations=8 (full 0):
 garbage-first heap   total 48128K, used 21165K [0x00000000c2000000, 0x0000000100000000)
  region size 1024K, 3 young (3072K), 3 survivors (3072K)
 Metaspace       used 32369K, committed 32640K, reserved 1114112K
  class space    used 3665K, committed 3776K, reserved 1048576K
}
Event: 18.036 GC heap before
{Heap before GC invocations=8 (full 0):
 garbage-first heap   total 48128K, used 34477K [0x00000000c2000000, 0x0000000100000000)
  region size 1024K, 16 young (16384K), 3 survivors (3072K)
 Metaspace       used 32510K, committed 32832K, reserved 1114112K
  class space    used 3681K, committed 3840K, reserved 1048576K
}
Event: 18.038 GC heap after
{Heap after GC invocations=9 (full 0):
 garbage-first heap   total 48128K, used 21331K [0x00000000c2000000, 0x0000000100000000)
  region size 1024K, 1 young (1024K), 1 survivors (1024K)
 Metaspace       used 32510K, committed 32832K, reserved 1114112K
  class space    used 3681K, committed 3840K, reserved 1048576K
}
Event: 19.094 GC heap before
{Heap before GC invocations=9 (full 0):
 garbage-first heap   total 48128K, used 34643K [0x00000000c2000000, 0x0000000100000000)
  region size 1024K, 14 young (14336K), 1 survivors (1024K)
 Metaspace       used 33620K, committed 33984K, reserved 1114112K
  class space    used 3767K, committed 3904K, reserved 1048576K
}
Event: 19.097 GC heap after
{Heap after GC invocations=10 (full 0):
 garbage-first heap   total 48128K, used 22279K [0x00000000c2000000, 0x0000000100000000)
  region size 1024K, 2 young (2048K), 2 survivors (2048K)
 Metaspace       used 33620K, committed 33984K, reserved 1114112K
  class space    used 3767K, committed 3904K, reserved 1048576K
}
Event: 19.810 GC heap before
{Heap before GC invocations=11 (full 0):
 garbage-first heap   total 48128K, used 34567K [0x00000000c2000000, 0x0000000100000000)
  region size 1024K, 15 young (15360K), 2 survivors (2048K)
 Metaspace       used 36106K, committed 36352K, reserved 1114112K
  class space    used 4375K, committed 4480K, reserved 1048576K
}
Event: 19.815 GC heap after
{Heap after GC invocations=12 (full 0):
 garbage-first heap   total 48128K, used 24184K [0x00000000c2000000, 0x0000000100000000)
  region size 1024K, 2 young (2048K), 2 survivors (2048K)
 Metaspace       used 36106K, committed 36352K, reserved 1114112K
  class space    used 4375K, committed 4480K, reserved 1048576K
}
Event: 20.351 GC heap before
{Heap before GC invocations=12 (full 0):
 garbage-first heap   total 48128K, used 35448K [0x00000000c2000000, 0x0000000100000000)
  region size 1024K, 14 young (14336K), 2 survivors (2048K)
 Metaspace       used 40375K, committed 40704K, reserved 1114112K
  class space    used 5043K, committed 5184K, reserved 1048576K
}
Event: 20.354 GC heap after
{Heap after GC invocations=13 (full 0):
 garbage-first heap   total 48128K, used 25067K [0x00000000c2000000, 0x0000000100000000)
  region size 1024K, 1 young (1024K), 1 survivors (1024K)
 Metaspace       used 40375K, committed 40704K, reserved 1114112K
  class space    used 5043K, committed 5184K, reserved 1048576K
}

Dll operation events (8 events):
Event: 0.168 Loaded shared library C:\Program Files\Eclipse Adoptium\jdk-17.0.15.6-hotspot\bin\java.dll
Event: 0.566 Loaded shared library C:\Program Files\Eclipse Adoptium\jdk-17.0.15.6-hotspot\bin\jsvml.dll
Event: 1.583 Loaded shared library C:\Program Files\Eclipse Adoptium\jdk-17.0.15.6-hotspot\bin\net.dll
Event: 1.589 Loaded shared library C:\Program Files\Eclipse Adoptium\jdk-17.0.15.6-hotspot\bin\nio.dll
Event: 1.597 Loaded shared library C:\Program Files\Eclipse Adoptium\jdk-17.0.15.6-hotspot\bin\zip.dll
Event: 2.288 Loaded shared library C:\Program Files\Eclipse Adoptium\jdk-17.0.15.6-hotspot\bin\jimage.dll
Event: 9.638 Loaded shared library C:\Program Files\Eclipse Adoptium\jdk-17.0.15.6-hotspot\bin\verify.dll
Event: 15.860 Loaded shared library C:\Users\hafid\AppData\Local\Temp\sqlite-3.41.2.1-18dd351e-6ca5-43c3-a1f6-cf58a45844a9-sqlitejdbc.dll

Deoptimization events (20 events):
Event: 18.655 Thread 0x0000022800878f00 Uncommon trap: trap_request=0xffffffcc fr.pc=0x0000022824e4ed84 relative=0x0000000000000364
Event: 18.655 Thread 0x0000022800878f00 Uncommon trap: reason=intrinsic_or_type_checked_inlining action=make_not_entrant pc=0x0000022824e4ed84 method=java.util.Arrays.copyOf([Ljava/lang/Object;ILjava/lang/Class;)[Ljava/lang/Object; @ 35 c2
Event: 18.655 Thread 0x0000022800878f00 DEOPT PACKING pc=0x0000022824e4ed84 sp=0x000000fe902fe1f0
Event: 18.655 Thread 0x0000022800878f00 DEOPT UNPACKING pc=0x00000228247569a3 sp=0x000000fe902fe180 mode 2
Event: 18.658 Thread 0x0000022800878f00 Uncommon trap: trap_request=0xffffff45 fr.pc=0x0000022824da4148 relative=0x00000000000000c8
Event: 18.658 Thread 0x0000022800878f00 Uncommon trap: reason=unstable_if action=reinterpret pc=0x0000022824da4148 method=java.lang.ref.SoftReference.get()Ljava/lang/Object; @ 6 c2
Event: 18.658 Thread 0x0000022800878f00 DEOPT PACKING pc=0x0000022824da4148 sp=0x000000fe902fdfc0
Event: 18.658 Thread 0x0000022800878f00 DEOPT UNPACKING pc=0x00000228247569a3 sp=0x000000fe902fdf78 mode 2
Event: 19.200 Thread 0x0000022877e26fb0 Uncommon trap: trap_request=0xffffff45 fr.pc=0x0000022824e02710 relative=0x0000000000000c30
Event: 19.200 Thread 0x0000022877e26fb0 Uncommon trap: reason=unstable_if action=reinterpret pc=0x0000022824e02710 method=java.util.regex.Pattern$SliceU.match(Ljava/util/regex/Matcher;ILjava/lang/CharSequence;)Z @ 74 c2
Event: 19.200 Thread 0x0000022877e26fb0 DEOPT PACKING pc=0x0000022824e02710 sp=0x000000fe901fdf90
Event: 19.200 Thread 0x0000022877e26fb0 DEOPT UNPACKING pc=0x00000228247569a3 sp=0x000000fe901fde50 mode 2
Event: 19.207 Thread 0x0000022877e26fb0 Uncommon trap: trap_request=0xffffff45 fr.pc=0x0000022824e3fe84 relative=0x0000000000000264
Event: 19.207 Thread 0x0000022877e26fb0 Uncommon trap: reason=unstable_if action=reinterpret pc=0x0000022824e3fe84 method=java.lang.String.getChars(II[CI)V @ 23 c2
Event: 19.207 Thread 0x0000022877e26fb0 DEOPT PACKING pc=0x0000022824e3fe84 sp=0x000000fe901fe7d0
Event: 19.207 Thread 0x0000022877e26fb0 DEOPT UNPACKING pc=0x00000228247569a3 sp=0x000000fe901fe790 mode 2
Event: 19.901 Thread 0x0000022877d4aaf0 Uncommon trap: trap_request=0xffffff45 fr.pc=0x0000022824d70270 relative=0x0000000000000730
Event: 19.901 Thread 0x0000022877d4aaf0 Uncommon trap: reason=unstable_if action=reinterpret pc=0x0000022824d70270 method=java.util.WeakHashMap.remove(Ljava/lang/Object;)Ljava/lang/Object; @ 92 c2
Event: 19.901 Thread 0x0000022877d4aaf0 DEOPT PACKING pc=0x0000022824d70270 sp=0x000000fe906f5ee0
Event: 19.902 Thread 0x0000022877d4aaf0 DEOPT UNPACKING pc=0x00000228247569a3 sp=0x000000fe906f5e18 mode 2

Classes loaded (20 events):
Event: 19.105 Loading class java/nio/charset/UnsupportedCharsetException
Event: 19.105 Loading class java/nio/charset/UnsupportedCharsetException done
Event: 19.105 Loading class sun/nio/cs/UTF_32BE
Event: 19.105 Loading class sun/nio/cs/UTF_32BE done
Event: 19.106 Loading class sun/nio/cs/UTF_32LE
Event: 19.106 Loading class sun/nio/cs/UTF_32LE done
Event: 19.106 Loading class sun/nio/cs/MS1251
Event: 19.106 Loading class sun/nio/cs/MS1251 done
Event: 19.199 Loading class jdk/internal/reflect/UnsafeIntegerFieldAccessorImpl
Event: 19.199 Loading class jdk/internal/reflect/UnsafeIntegerFieldAccessorImpl done
Event: 19.353 Loading class java/util/regex/Pattern$1
Event: 19.354 Loading class java/util/regex/Pattern$1 done
Event: 19.848 Loading class java/util/PrimitiveIterator$OfInt
Event: 19.848 Loading class java/util/PrimitiveIterator
Event: 19.848 Loading class java/util/PrimitiveIterator done
Event: 19.848 Loading class java/util/PrimitiveIterator$OfInt done
Event: 20.070 Loading class java/util/function/IntUnaryOperator
Event: 20.070 Loading class java/util/function/IntUnaryOperator done
Event: 20.419 Loading class java/util/concurrent/locks/AbstractQueuedSynchronizer$ExclusiveNode
Event: 20.419 Loading class java/util/concurrent/locks/AbstractQueuedSynchronizer$ExclusiveNode done

Classes unloaded (0 events):
No events

Classes redefined (0 events):
No events

Internal exceptions (20 events):
Event: 14.772 Thread 0x000002281568c2f0 Exception <a 'java/lang/IncompatibleClassChangeError'{0x00000000c48ae470}: Found class java.lang.Object, but interface was expected> (0x00000000c48ae470) 
thrown [s\src\hotspot\share\interpreter\linkResolver.cpp, line 826]
Event: 15.610 Thread 0x0000022800878f00 Exception <a 'sun/nio/fs/WindowsException'{0x00000000c416ca40}> (0x00000000c416ca40) 
thrown [s\src\hotspot\share\prims\jni.cpp, line 516]
Event: 15.611 Thread 0x0000022800878f00 Exception <a 'sun/nio/fs/WindowsException'{0x00000000c416d690}> (0x00000000c416d690) 
thrown [s\src\hotspot\share\prims\jni.cpp, line 516]
Event: 15.899 Thread 0x0000022800878f00 Exception <a 'java/lang/NoSuchMethodError'{0x00000000c41fcb60}: 'java.lang.Object java.lang.invoke.DirectMethodHandle$Holder.invokeSpecial(java.lang.Object, java.lang.Object, int, java.lang.Object, long)'> (0x00000000c41fcb60) 
thrown [s\src\hotspot\share\interpreter\linkResolver.cpp, line 759]
Event: 16.211 Thread 0x0000022800878f00 Exception <a 'java/lang/NoSuchMethodError'{0x00000000c3f885b8}: 'int java.lang.invoke.DirectMethodHandle$Holder.invokeSpecialIFC(java.lang.Object, java.lang.Object, java.lang.Object, java.lang.Object)'> (0x00000000c3f885b8) 
thrown [s\src\hotspot\share\interpreter\linkResolver.cpp, line 759]
Event: 16.230 Thread 0x0000022800878f00 Exception <a 'java/lang/NoSuchMethodError'{0x00000000c3fbec68}: 'java.lang.Object java.lang.invoke.DirectMethodHandle$Holder.invokeSpecial(java.lang.Object, java.lang.Object, int, int, java.lang.Object)'> (0x00000000c3fbec68) 
thrown [s\src\hotspot\share\interpreter\linkResolver.cpp, line 759]
Event: 17.274 Thread 0x0000022800878f00 Exception <a 'sun/nio/fs/WindowsException'{0x00000000c4c840c8}> (0x00000000c4c840c8) 
thrown [s\src\hotspot\share\prims\jni.cpp, line 516]
Event: 17.274 Thread 0x0000022800878f00 Exception <a 'sun/nio/fs/WindowsException'{0x00000000c4c84478}> (0x00000000c4c84478) 
thrown [s\src\hotspot\share\prims\jni.cpp, line 516]
Event: 17.274 Thread 0x0000022800878f00 Exception <a 'sun/nio/fs/WindowsException'{0x00000000c4c84828}> (0x00000000c4c84828) 
thrown [s\src\hotspot\share\prims\jni.cpp, line 516]
Event: 17.274 Thread 0x0000022800878f00 Exception <a 'sun/nio/fs/WindowsException'{0x00000000c4c84bd8}> (0x00000000c4c84bd8) 
thrown [s\src\hotspot\share\prims\jni.cpp, line 516]
Event: 17.274 Thread 0x0000022800878f00 Exception <a 'sun/nio/fs/WindowsException'{0x00000000c4c84f88}> (0x00000000c4c84f88) 
thrown [s\src\hotspot\share\prims\jni.cpp, line 516]
Event: 17.274 Thread 0x0000022800878f00 Exception <a 'sun/nio/fs/WindowsException'{0x00000000c4c85338}> (0x00000000c4c85338) 
thrown [s\src\hotspot\share\prims\jni.cpp, line 516]
Event: 18.579 Thread 0x0000022800878f00 Exception <a 'java/lang/NoSuchMethodError'{0x00000000c461e460}: 'java.lang.Object java.lang.invoke.DirectMethodHandle$Holder.newInvokeSpecial(java.lang.Object, java.lang.Object, java.lang.Object, int)'> (0x00000000c461e460) 
thrown [s\src\hotspot\share\interpreter\linkResolver.cpp, line 759]
Event: 18.585 Thread 0x0000022800878f00 Exception <a 'java/lang/NoSuchMethodError'{0x00000000c4622840}: 'java.lang.Object java.lang.invoke.DirectMethodHandle$Holder.invokeSpecial(java.lang.Object, java.lang.Object, java.lang.Object, java.lang.Object, int)'> (0x00000000c4622840) 
thrown [s\src\hotspot\share\interpreter\linkResolver.cpp, line 759]
Event: 18.585 Thread 0x0000022800878f00 Exception <a 'java/lang/NoSuchMethodError'{0x00000000c4626408}: 'java.lang.Object java.lang.invoke.Invokers$Holder.linkToTargetMethod(java.lang.Object, java.lang.Object, int, java.lang.Object)'> (0x00000000c4626408) 
thrown [s\src\hotspot\share\interpreter\linkResolver.cpp, line 759]
Event: 18.638 Thread 0x0000022800878f00 Exception <a 'sun/nio/fs/WindowsException'{0x00000000c46b7838}> (0x00000000c46b7838) 
thrown [s\src\hotspot\share\prims\jni.cpp, line 516]
Event: 18.638 Thread 0x0000022800878f00 Exception <a 'sun/nio/fs/WindowsException'{0x00000000c46b7e48}> (0x00000000c46b7e48) 
thrown [s\src\hotspot\share\prims\jni.cpp, line 516]
Event: 19.199 Thread 0x0000022877d4a5e0 Exception <a 'java/lang/NoSuchMethodError'{0x00000000c4d36d40}: 'java.lang.Object java.lang.invoke.Invokers$Holder.invokeExact_MT(java.lang.Object, java.lang.Object, java.lang.Object, java.lang.Object, java.lang.Object, java.lang.Object)'> (0x00000000c4d36d40) 
thrown [s\src\hotspot\share\interpreter\linkResolver.cpp, line 759]
Event: 19.836 Thread 0x0000022877d4aaf0 Exception <a 'java/lang/NoSuchMethodError'{0x00000000c5d15f80}: 'java.lang.Object java.lang.invoke.DirectMethodHandle$Holder.invokeVirtual(java.lang.Object, java.lang.Object, java.lang.Object)'> (0x00000000c5d15f80) 
thrown [s\src\hotspot\share\interpreter\linkResolver.cpp, line 759]
Event: 20.141 Thread 0x0000022877d4aaf0 Exception <a 'java/lang/NoSuchMethodError'{0x00000000c47af500}: 'java.lang.Object java.lang.invoke.Invokers$Holder.invokeExact_MT(java.lang.Object, java.lang.Object, long, java.lang.Object)'> (0x00000000c47af500) 
thrown [s\src\hotspot\share\interpreter\linkResolver.cpp, line 759]

VM Operations (20 events):
Event: 18.036 Executing VM operation: G1CollectForAllocation
Event: 18.038 Executing VM operation: G1CollectForAllocation done
Event: 18.735 Executing VM operation: HandshakeAllThreads
Event: 18.735 Executing VM operation: HandshakeAllThreads done
Event: 19.094 Executing VM operation: G1CollectForAllocation
Event: 19.097 Executing VM operation: G1CollectForAllocation done
Event: 19.143 Executing VM operation: G1PauseRemark
Event: 19.153 Executing VM operation: G1PauseRemark done
Event: 19.174 Executing VM operation: G1PauseCleanup
Event: 19.197 Executing VM operation: G1PauseCleanup done
Event: 19.809 Executing VM operation: G1CollectForAllocation
Event: 19.815 Executing VM operation: G1CollectForAllocation done
Event: 20.179 Executing VM operation: HandshakeAllThreads
Event: 20.179 Executing VM operation: HandshakeAllThreads done
Event: 20.350 Executing VM operation: G1CollectForAllocation
Event: 20.354 Executing VM operation: G1CollectForAllocation done
Event: 20.403 Executing VM operation: G1PauseRemark
Event: 20.407 Executing VM operation: G1PauseRemark done
Event: 20.433 Executing VM operation: G1PauseCleanup
Event: 20.433 Executing VM operation: G1PauseCleanup done

Memory protections (0 events):
No events

Nmethod flushes (0 events):
No events

Events (20 events):
Event: 11.869 Thread 0x0000022830b97de0 Thread added: 0x000002287641e440
Event: 12.025 Thread 0x000002287641e440 Thread exited: 0x000002287641e440
Event: 13.700 Thread 0x000002281568c2f0 Thread added: 0x00000228764a7ff0
Event: 13.726 Thread 0x00000228764a7ff0 Thread exited: 0x00000228764a7ff0
Event: 13.839 Thread 0x0000022830b97de0 Thread added: 0x000002280020e7b0
Event: 14.516 Thread 0x000002280020e7b0 Thread exited: 0x000002280020e7b0
Event: 14.889 Thread 0x000002281568c2f0 Thread added: 0x0000022877e26fb0
Event: 14.890 Thread 0x000002281568c2f0 Thread exited: 0x000002281568c2f0
Event: 14.890 Thread 0x000002281568c2f0 Thread added: 0x000002281568c2f0
Event: 15.124 Thread 0x0000022877e26fb0 Thread added: 0x0000022800878f00
Event: 16.440 Thread 0x0000022830b97de0 Thread added: 0x00000228776d67d0
Event: 16.756 Thread 0x00000228776d67d0 Thread exited: 0x00000228776d67d0
Event: 16.888 Thread 0x0000022830b22370 Thread added: 0x00000228776d67d0
Event: 17.323 Thread 0x00000228776d67d0 Thread exited: 0x00000228776d67d0
Event: 18.375 Thread 0x0000022800878f00 Thread added: 0x0000022877d4ce60
Event: 18.935 Thread 0x0000022800878f00 Thread added: 0x0000022877d4a5e0
Event: 19.257 Thread 0x0000022830b22370 Thread added: 0x000002287707c430
Event: 19.359 Thread 0x0000022877e26fb0 Thread added: 0x0000022877d4aaf0
Event: 19.717 Thread 0x000002287707c430 Thread exited: 0x000002287707c430
Event: 20.652 Thread 0x0000022830b97de0 Thread added: 0x000002287678d6a0


Dynamic libraries:
0x00007ff63a150000 - 0x00007ff63a15e000 	C:\Program Files\Eclipse Adoptium\jdk-17.0.15.6-hotspot\bin\java.exe
0x00007ff927fd0000 - 0x00007ff9281e7000 	C:\Windows\SYSTEM32\ntdll.dll
0x00007ff926360000 - 0x00007ff926424000 	C:\Windows\System32\KERNEL32.DLL
0x00007ff925570000 - 0x00007ff925927000 	C:\Windows\System32\KERNELBASE.dll
0x00007ff925be0000 - 0x00007ff925cf1000 	C:\Windows\System32\ucrtbase.dll
0x00007ff921780000 - 0x00007ff921797000 	C:\Program Files\Eclipse Adoptium\jdk-17.0.15.6-hotspot\bin\jli.dll
0x00007ff926080000 - 0x00007ff92622f000 	C:\Windows\System32\USER32.dll
0x00007ff925b40000 - 0x00007ff925b66000 	C:\Windows\System32\win32u.dll
0x00007ff9271b0000 - 0x00007ff9271d9000 	C:\Windows\System32\GDI32.dll
0x00007ff925450000 - 0x00007ff925568000 	C:\Windows\System32\gdi32full.dll
0x00007ff925aa0000 - 0x00007ff925b3a000 	C:\Windows\System32\msvcp_win.dll
0x00007ff913160000 - 0x00007ff91317e000 	C:\Program Files\Eclipse Adoptium\jdk-17.0.15.6-hotspot\bin\VCRUNTIME140.dll
0x00007ff90f5c0000 - 0x00007ff90f853000 	C:\Windows\WinSxS\amd64_microsoft.windows.common-controls_6595b64144ccf1df_6.0.22621.3672_none_2713b9d173822955\COMCTL32.dll
0x00007ff926690000 - 0x00007ff926737000 	C:\Windows\System32\msvcrt.dll
0x00007ff927160000 - 0x00007ff927191000 	C:\Windows\System32\IMM32.DLL
0x00007ff921770000 - 0x00007ff92177c000 	C:\Program Files\Eclipse Adoptium\jdk-17.0.15.6-hotspot\bin\vcruntime140_1.dll
0x00007ff8e1290000 - 0x00007ff8e131d000 	C:\Program Files\Eclipse Adoptium\jdk-17.0.15.6-hotspot\bin\msvcp140.dll
0x00007ff8ce070000 - 0x00007ff8cecdb000 	C:\Program Files\Eclipse Adoptium\jdk-17.0.15.6-hotspot\bin\server\jvm.dll
0x00007ff9264b0000 - 0x00007ff926562000 	C:\Windows\System32\ADVAPI32.dll
0x00007ff927820000 - 0x00007ff9278c8000 	C:\Windows\System32\sechost.dll
0x00007ff9259f0000 - 0x00007ff925a18000 	C:\Windows\System32\bcrypt.dll
0x00007ff926fb0000 - 0x00007ff9270c4000 	C:\Windows\System32\RPCRT4.dll
0x00007ff927f10000 - 0x00007ff927f81000 	C:\Windows\System32\WS2_32.dll
0x00007ff924150000 - 0x00007ff92419d000 	C:\Windows\SYSTEM32\POWRPROF.dll
0x00007ff9215b0000 - 0x00007ff9215e4000 	C:\Windows\SYSTEM32\WINMM.dll
0x00007ff921150000 - 0x00007ff92115a000 	C:\Windows\SYSTEM32\VERSION.dll
0x00007ff924130000 - 0x00007ff924143000 	C:\Windows\SYSTEM32\UMPDC.dll
0x00007ff924380000 - 0x00007ff924398000 	C:\Windows\SYSTEM32\kernel.appcore.dll
0x00007ff91ee30000 - 0x00007ff91ee3a000 	C:\Program Files\Eclipse Adoptium\jdk-17.0.15.6-hotspot\bin\jimage.dll
0x00007ff90fcc0000 - 0x00007ff90fef2000 	C:\Windows\SYSTEM32\DBGHELP.DLL
0x00007ff9271e0000 - 0x00007ff92756e000 	C:\Windows\System32\combase.dll
0x00007ff926570000 - 0x00007ff926647000 	C:\Windows\System32\OLEAUT32.dll
0x00007ff914060000 - 0x00007ff914092000 	C:\Windows\SYSTEM32\dbgcore.DLL
0x00007ff925a20000 - 0x00007ff925a9b000 	C:\Windows\System32\bcryptPrimitives.dll
0x00007ff913130000 - 0x00007ff913155000 	C:\Program Files\Eclipse Adoptium\jdk-17.0.15.6-hotspot\bin\java.dll
0x00007ff8d69d0000 - 0x00007ff8d6aa7000 	C:\Program Files\Eclipse Adoptium\jdk-17.0.15.6-hotspot\bin\jsvml.dll
0x00007ff926740000 - 0x00007ff926fa9000 	C:\Windows\System32\SHELL32.dll
0x00007ff923210000 - 0x00007ff923b0f000 	C:\Windows\SYSTEM32\windows.storage.dll
0x00007ff9230d0000 - 0x00007ff92320f000 	C:\Windows\SYSTEM32\wintypes.dll
0x00007ff925ec0000 - 0x00007ff925fb9000 	C:\Windows\System32\SHCORE.dll
0x00007ff9262b0000 - 0x00007ff92630e000 	C:\Windows\System32\shlwapi.dll
0x00007ff925210000 - 0x00007ff925237000 	C:\Windows\SYSTEM32\profapi.dll
0x00007ff913110000 - 0x00007ff913129000 	C:\Program Files\Eclipse Adoptium\jdk-17.0.15.6-hotspot\bin\net.dll
0x00007ff920a00000 - 0x00007ff920b36000 	C:\Windows\SYSTEM32\WINHTTP.dll
0x00007ff924840000 - 0x00007ff9248a9000 	C:\Windows\system32\mswsock.dll
0x00007ff9130f0000 - 0x00007ff913106000 	C:\Program Files\Eclipse Adoptium\jdk-17.0.15.6-hotspot\bin\nio.dll
0x00007ff912e40000 - 0x00007ff912e58000 	C:\Program Files\Eclipse Adoptium\jdk-17.0.15.6-hotspot\bin\zip.dll
0x00007ff924b90000 - 0x00007ff924bab000 	C:\Windows\SYSTEM32\CRYPTSP.dll
0x00007ff924340000 - 0x00007ff924375000 	C:\Windows\system32\rsaenh.dll
0x00007ff9248e0000 - 0x00007ff924908000 	C:\Windows\SYSTEM32\USERENV.dll
0x00007ff924b70000 - 0x00007ff924b7c000 	C:\Windows\SYSTEM32\CRYPTBASE.dll
0x00007ff923de0000 - 0x00007ff923e0d000 	C:\Windows\SYSTEM32\IPHLPAPI.DLL
0x00007ff9271a0000 - 0x00007ff9271a9000 	C:\Windows\System32\NSI.dll
0x00007ff920bf0000 - 0x00007ff920c09000 	C:\Windows\SYSTEM32\dhcpcsvc6.DLL
0x00007ff91ff30000 - 0x00007ff91ff4f000 	C:\Windows\SYSTEM32\dhcpcsvc.DLL
0x00007ff923e50000 - 0x00007ff923f52000 	C:\Windows\SYSTEM32\DNSAPI.dll
0x00007ff91ee40000 - 0x00007ff91ee50000 	C:\Program Files\Eclipse Adoptium\jdk-17.0.15.6-hotspot\bin\verify.dll
0x00007ff8d99c0000 - 0x00007ff8d9aa9000 	C:\Users\hafid\AppData\Local\Temp\sqlite-3.41.2.1-18dd351e-6ca5-43c3-a1f6-cf58a45844a9-sqlitejdbc.dll

dbghelp: loaded successfully - version: 4.0.5 - missing functions: none
symbol engine: initialized successfully - sym options: 0x614 - pdb path: .;C:\Program Files\Eclipse Adoptium\jdk-17.0.15.6-hotspot\bin;C:\Windows\SYSTEM32;C:\Windows\WinSxS\amd64_microsoft.windows.common-controls_6595b64144ccf1df_6.0.22621.3672_none_2713b9d173822955;C:\Program Files\Eclipse Adoptium\jdk-17.0.15.6-hotspot\bin\server;C:\Users\hafid\AppData\Local\Temp

VM Arguments:
jvm_args: -DkotlinLanguageServer.version=1.3.13 
java_command: org.javacs.kt.MainKt
java_class_path (initial): c:\Users\hafid\AppData\Roaming\Code\User\globalStorage\fwcd.kotlin\langServerInstall\server\lib\server-1.3.13.jar;c:\Users\hafid\AppData\Roaming\Code\User\globalStorage\fwcd.kotlin\langServerInstall\server\lib\shared-1.3.13.jar;c:\Users\hafid\AppData\Roaming\Code\User\globalStorage\fwcd.kotlin\langServerInstall\server\lib\kotlin-scripting-jvm-host-unshaded-2.1.0.jar;c:\Users\hafid\AppData\Roaming\Code\User\globalStorage\fwcd.kotlin\langServerInstall\server\lib\kotlin-scripting-compiler-2.1.0.jar;c:\Users\hafid\AppData\Roaming\Code\User\globalStorage\fwcd.kotlin\langServerInstall\server\lib\ktfmt-b5d31d1.jar;c:\Users\hafid\AppData\Roaming\Code\User\globalStorage\fwcd.kotlin\langServerInstall\server\lib\kotlin-compiler-2.1.0.jar;c:\Users\hafid\AppData\Roaming\Code\User\globalStorage\fwcd.kotlin\langServerInstall\server\lib\exposed-dao-0.37.3.jar;c:\Users\hafid\AppData\Roaming\Code\User\globalStorage\fwcd.kotlin\langServerInstall\server\lib\exposed-jdbc-0.37.3.jar;c:\Users\hafid\AppData\Roaming\Code\User\globalStorage\fwcd.kotlin\langServerInstall\server\lib\exposed-core-0.37.3.jar;c:\Users\hafid\AppData\Roaming\Code\User\globalStorage\fwcd.kotlin\langServerInstall\server\lib\kotlin-scripting-compiler-impl-2.1.0.jar;c:\Users\hafid\AppData\Roaming\Code\User\globalStorage\fwcd.kotlin\langServerInstall\server\lib\kotlin-reflect-2.1.0.jar;c:\Users\hafid\AppData\Roaming\Code\User\globalStorage\fwcd.kotlin\langServerInstall\server\lib\kotlin-scripting-jvm-2.1.0.jar;c:\Users\hafid\AppData\Roaming\Code\User\globalStorage\fwcd.kotlin\langServerInstall\server\lib\kotlin-scripting-common-2.1.0.jar;c:\Users\hafid\AppData\Roaming\Code\User\globalStorage\fwcd.kotlin\langServerInstall\server\lib\kotlinx-coroutines-core-jvm-1.6.4.jar;c:\Users\hafid\AppData\Roaming\Code\User\globalStorage\fwcd.kotlin\langServerInstall\server\lib\kotlin-stdlib-jdk8-2.1.0.jar;c:\Users\hafid\AppData\Roaming\Code\User\globalStorage\fwcd.kotlin\langServerInstall\server\lib\kotli
Launcher Type: SUN_STANDARD

[Global flags]
     intx CICompilerCount                          = 3                                         {product} {ergonomic}
     uint ConcGCThreads                            = 1                                         {product} {ergonomic}
     uint G1ConcRefinementThreads                  = 4                                         {product} {ergonomic}
   size_t G1HeapRegionSize                         = 1048576                                   {product} {ergonomic}
    uintx GCDrainStackTargetSize                   = 64                                        {product} {ergonomic}
   size_t InitialHeapSize                          = 65011712                                  {product} {ergonomic}
   size_t MarkStackSize                            = 4194304                                   {product} {ergonomic}
   size_t MaxHeapSize                              = 1040187392                                {product} {ergonomic}
   size_t MaxNewSize                               = 623902720                                 {product} {ergonomic}
   size_t MinHeapDeltaBytes                        = 1048576                                   {product} {ergonomic}
   size_t MinHeapSize                              = 8388608                                   {product} {ergonomic}
    uintx NonNMethodCodeHeapSize                   = 5832780                                {pd product} {ergonomic}
    uintx NonProfiledCodeHeapSize                  = 122912730                              {pd product} {ergonomic}
    uintx ProfiledCodeHeapSize                     = 122912730                              {pd product} {ergonomic}
    uintx ReservedCodeCacheSize                    = 251658240                              {pd product} {ergonomic}
     bool SegmentedCodeCache                       = true                                      {product} {ergonomic}
   size_t SoftMaxHeapSize                          = 1040187392                             {manageable} {ergonomic}
     bool UseCompressedClassPointers               = true                           {product lp64_product} {ergonomic}
     bool UseCompressedOops                        = true                           {product lp64_product} {ergonomic}
     bool UseG1GC                                  = true                                      {product} {ergonomic}
     bool UseLargePagesIndividualAllocation        = false                                  {pd product} {ergonomic}

Logging:
Log output configuration:
 #0: stdout all=warning uptime,level,tags
 #1: stderr all=off uptime,level,tags

Environment Variables:
JAVA_HOME=C:\Program Files\Eclipse Adoptium\jdk-17.0.15.6-hotspot
CLASSPATH=c:\Users\hafid\AppData\Roaming\Code\User\globalStorage\fwcd.kotlin\langServerInstall\server\lib\server-1.3.13.jar;c:\Users\hafid\AppData\Roaming\Code\User\globalStorage\fwcd.kotlin\langServerInstall\server\lib\shared-1.3.13.jar;c:\Users\hafid\AppData\Roaming\Code\User\globalStorage\fwcd.kotlin\langServerInstall\server\lib\kotlin-scripting-jvm-host-unshaded-2.1.0.jar;c:\Users\hafid\AppData\Roaming\Code\User\globalStorage\fwcd.kotlin\langServerInstall\server\lib\kotlin-scripting-compiler-2.1.0.jar;c:\Users\hafid\AppData\Roaming\Code\User\globalStorage\fwcd.kotlin\langServerInstall\server\lib\ktfmt-b5d31d1.jar;c:\Users\hafid\AppData\Roaming\Code\User\globalStorage\fwcd.kotlin\langServerInstall\server\lib\kotlin-compiler-2.1.0.jar;c:\Users\hafid\AppData\Roaming\Code\User\globalStorage\fwcd.kotlin\langServerInstall\server\lib\exposed-dao-0.37.3.jar;c:\Users\hafid\AppData\Roaming\Code\User\globalStorage\fwcd.kotlin\langServerInstall\server\lib\exposed-jdbc-0.37.3.jar;c:\Users\hafid\AppData\Roaming\Code\User\globalStorage\fwcd.kotlin\langServerInstall\server\lib\exposed-core-0.37.3.jar;c:\Users\hafid\AppData\Roaming\Code\User\globalStorage\fwcd.kotlin\langServerInstall\server\lib\kotlin-scripting-compiler-impl-2.1.0.jar;c:\Users\hafid\AppData\Roaming\Code\User\globalStorage\fwcd.kotlin\langServerInstall\server\lib\kotlin-reflect-2.1.0.jar;c:\Users\hafid\AppData\Roaming\Code\User\globalStorage\fwcd.kotlin\langServerInstall\server\lib\kotlin-scripting-jvm-2.1.0.jar;c:\Users\hafid\AppData\Roaming\Code\User\globalStorage\fwcd.kotlin\langServerInstall\server\lib\kotlin-scripting-common-2.1.0.jar;c:\Users\hafid\AppData\Roaming\Code\User\globalStorage\fwcd.kotlin\langServerInstall\server\lib\kotlinx-coroutines-core-jvm-1.6.4.jar;c:\Users\hafid\AppData\Roaming\Code\User\globalStorage\fwcd.kotlin\langServerInstall\server\lib\kotlin-stdlib-jdk8-2.1.0.jar;c:\Users\hafid\AppData\Roaming\Code\User\globalStorage\fwcd.kotlin\langServerInstall\server\lib\kotlin-stdlib-jdk7-2.1.0.jar;c:\Users\hafid\AppData\Roaming\Code\User\globalStorage\fwcd.kotlin\langServerInstall\server\lib\kotlin-stdlib-2.1.0.jar;c:\Users\hafid\AppData\Roaming\Code\User\globalStorage\fwcd.kotlin\langServerInstall\server\lib\org.eclipse.lsp4j-0.21.2.jar;c:\Users\hafid\AppData\Roaming\Code\User\globalStorage\fwcd.kotlin\langServerInstall\server\lib\org.eclipse.lsp4j.jsonrpc-0.21.2.jar;c:\Users\hafid\AppData\Roaming\Code\User\globalStorage\fwcd.kotlin\langServerInstall\server\lib\kotlin-sam-with-receiver-compiler-plugin-2.1.0.jar;c:\Users\hafid\AppData\Roaming\Code\User\globalStorage\fwcd.kotlin\langServerInstall\server\lib\fernflower-1.0.jar;c:\Users\hafid\AppData\Roaming\Code\User\globalStorage\fwcd.kotlin\langServerInstall\server\lib\h2-1.4.200.jar;c:\Users\hafid\AppData\Roaming\Code\User\globalStorage\fwcd.kotlin\langServerInstall\server\lib\jcommander-1.78.jar;c:\Users\hafid\AppData\Roaming\Code\User\globalStorage\fwcd.kotlin\langServerInstall\server\lib\sqlite-jdbc-3.41.2.1.jar;c:\Users\hafid\AppData\Roaming\Code\User\globalStorage\fwcd.kotlin\langServerInstall\server\lib\google-java-format-1.8.jar;c:\Users\hafid\AppData\Roaming\Code\User\globalStorage\fwcd.kotlin\langServerInstall\server\lib\guava-33.3.0-jre.jar;c:\Users\hafid\AppData\Roaming\Code\User\globalStorage\fwcd.kotlin\langServerInstall\server\lib\annotations-13.0.jar;c:\Users\hafid\AppData\Roaming\Code\User\globalStorage\fwcd.kotlin\langServerInstall\server\lib\gson-2.10.1.jar;c:\Users\hafid\AppData\Roaming\Code\User\globalStorage\fwcd.kotlin\langServerInstall\server\lib\kotlin-script-runtime-2.1.0.jar;c:\Users\hafid\AppData\Roaming\Code\User\globalStorage\fwcd.kotlin\langServerInstall\server\lib\trove4j-1.0.20200330.jar;c:\Users\hafid\AppData\Roaming\Code\User\globalStorage\fwcd.kotlin\langServerInstall\server\lib\jline-3.24.1.jar;c:\Users\hafid\AppData\Roaming\Code\User\globalStorage\fwcd.kotlin\langServerInstall\server\lib\slf4j-api-1.7.25.jar;c:\Users\hafid\AppData\Roaming\Code\User\globalStorage\fwcd.kotlin\langServerInstall\server\lib\jna-4.2.2.jar;c:\Users\hafid\AppData\Roaming\Code\User\globalStorage\fwcd.kotlin\langServerInstall\server\lib\failureaccess-1.0.2.jar;c:\Users\hafid\AppData\Roaming\Code\User\globalStorage\fwcd.kotlin\langServerInstall\server\lib\listenablefuture-9999.0-empty-to-avoid-conflict-with-guava.jar;c:\Users\hafid\AppData\Roaming\Code\User\globalStorage\fwcd.kotlin\langServerInstall\server\lib\jsr305-3.0.2.jar;c:\Users\hafid\AppData\Roaming\Code\User\globalStorage\fwcd.kotlin\langServerInstall\server\lib\checker-qual-3.43.0.jar;c:\Users\hafid\AppData\Roaming\Code\User\globalStorage\fwcd.kotlin\langServerInstall\server\lib\error_prone_annotations-2.28.0.jar
PATH=C:\Program Files\Eclipse Adoptium\jdk-17.0.15.6-hotspot\bin;C:\Program Files\Eclipse Adoptium\jdk-17.0.15.6-hotspot\bin;C:\Program Files\Common Files\Oracle\Java\javapath;C:\ProgramData\Oracle\Java\javapath;C:\Windows\system32;C:\Windows;C:\Windows\System32\Wbem;C:\Windows\System32\WindowsPowerShell\v1.0\;C:\Windows\System32\OpenSSH\;C:\Program Files (x86)\NVIDIA Corporation\PhysX\Common;C:\Windows\System32;C:\Users\Git\cmd;C:\Program Files\Docker\Docker\resources\bin;C:\Program Files\MongoDB\Server\8.0\bin;C:\xampp\php;C:\ProgramData\ComposerSetup\bin;C:\flutter\bin;C:\Users\hafid\AppData\Local\Android\sdk\platform-tools;C:\Program Files\nodejs\;C:\kotlinc\bin;C:\Users\hafid\AppData\Local\Programs\Python\Python310\Scripts\;C:\Users\hafid\AppData\Local\Programs\Python\Python310\;C:\Users\hafid\AppData\Local\Microsoft\WindowsApps;C:\Users\hafid\AppData\Local\Programs\Microsoft VS Code\bin;C:\Users\hafid\AppData\Roaming\Composer\vendor\bin;C:\Users\hafid\AppData\Roaming\npm;C:\Users\hafid\AppData\Local\Google\Cloud SDK\google-cloud-sdk\bin;D:\cursor\resources\app\bin;C:\Users\hafid\AppData\Local\Programs\Windsurf\bin;C:\Users\hafid\AppData\Local\Programs\Antigravity\bin
USERNAME=hafid
OS=Windows_NT
PROCESSOR_IDENTIFIER=Intel64 Family 6 Model 142 Stepping 9, GenuineIntel
TMP=C:\Users\hafid\AppData\Local\Temp
TEMP=C:\Users\hafid\AppData\Local\Temp



Periodic native trim disabled


---------------  S Y S T E M  ---------------

OS:
 Windows 11 , 64 bit Build 22621 (10.0.22621.3958)
OS uptime: 0 days 2:12 hours
Hyper-V role detected

CPU: total 4 (initial active 4) (2 cores per cpu, 2 threads per core) family 6 model 142 stepping 9 microcode 0xde, cx8, cmov, fxsr, ht, mmx, 3dnowpref, sse, sse2, sse3, ssse3, sse4.1, sse4.2, popcnt, lzcnt, tsc, tscinvbit, avx, avx2, aes, erms, clmul, bmi1, bmi2, adx, fma, vzeroupper, clflush, clflushopt, hv
Processor Information for all 4 processors :
  Max Mhz: 2712, Current Mhz: 2511, Mhz Limit: 2495

Memory: 4k page, system-wide physical 3964M (406M free)
TotalPageFile size 16252M (AvailPageFile size 5M)
current process WorkingSet (physical memory assigned to process): 170M, peak: 170M
current process commit charge ("private bytes"): 202M, peak: 204M

vm_info: OpenJDK 64-Bit Server VM (17.0.15+6) for windows-amd64 JRE (17.0.15+6), built on Apr 15 2025 21:25:47 by "admin" with MS VC++ 17.7 (VS2022)

END.
