#
# There is insufficient memory for the Java Runtime Environment to continue.
# Native memory allocation (malloc) failed to allocate 857776 bytes. Error detail: Chunk::new
# Possible reasons:
#   The system is out of physical RAM or swap space
#   This process is running with CompressedOops enabled, and the Java Heap may be blocking the growth of the native heap
# Possible solutions:
#   Reduce memory load on the system
#   Increase physical memory or swap space
#   Check if swap backing store is full
#   Decrease Java heap size (-Xmx/-Xms)
#   Decrease number of Java threads
#   Decrease Java thread stack sizes (-Xss)
#   Set larger code cache with -XX:ReservedCodeCacheSize=
#   JVM is running with Unscaled Compressed Oops mode in which the Java heap is
#     placed in the first 4GB address space. The Java Heap base address is the
#     maximum limit for the native heap growth. Please use -XX:HeapBaseMinAddress
#     to set the Java Heap base and to place the Java Heap above 4GB virtual address.
# This output file may be truncated or incomplete.
#
#  Out of Memory Error (arena.cpp:168), pid=17220, tid=3868
#
# JRE version: OpenJDK Runtime Environment Temurin-21.0.9+10 (21.0.9+10) (build 21.0.9+10-LTS)
# Java VM: OpenJDK 64-Bit Server VM Temurin-21.0.9+10 (21.0.9+10-LTS, mixed mode, sharing, tiered, compressed oops, compressed class ptrs, parallel gc, windows-amd64)
# No core dump will be written. Minidumps are not enabled by default on client versions of Windows
#

---------------  S U M M A R Y ------------

Command Line: --add-modules=ALL-SYSTEM --add-opens=java.base/java.util=ALL-UNNAMED --add-opens=java.base/java.lang=ALL-UNNAMED --add-opens=java.base/sun.nio.fs=ALL-UNNAMED -Declipse.application=org.eclipse.jdt.ls.core.id1 -Dosgi.bundles.defaultStartLevel=4 -Declipse.product=org.eclipse.jdt.ls.core.product -Djava.import.generatesMetadataFilesAtProjectRoot=false -DDetectVMInstallationsJob.disabled=true -Dfile.encoding=utf8 -XX:+UseParallelGC -XX:GCTimeRatio=4 -XX:AdaptiveSizePolicyWeight=90 -Dsun.zip.disableMemoryMapping=true -Xmx2G -Xms100m -Xlog:disable -javaagent:c:\Users\hafid\.vscode\extensions\redhat.java-1.50.0-win32-x64\lombok\lombok-1.18.39-4050.jar -XX:+HeapDumpOnOutOfMemoryError -XX:HeapDumpPath=c:\Users\hafid\AppData\Roaming\Code\User\workspaceStorage\271670c6d88b3c30270340dfd9cafa37\redhat.java -Daether.dependencyCollector.impl=bf c:\Users\hafid\.vscode\extensions\redhat.java-1.50.0-win32-x64\server\plugins\org.eclipse.equinox.launcher_1.7.100.v20251111-0406.jar -configuration c:\Users\hafid\AppData\Roaming\Code\User\globalStorage\redhat.java\1.50.0\config_win -data c:\Users\hafid\AppData\Roaming\Code\User\workspaceStorage\271670c6d88b3c30270340dfd9cafa37\redhat.java\jdt_ws --pipe=\\.\pipe\lsp-0df6d80722880e95ca46f4f2cb2b955a-sock

Host: Intel(R) Core(TM) i5-7200U CPU @ 2.50GHz, 4 cores, 3G,  Windows 11 , 64 bit Build 22621 (10.0.22621.3958)
Time: Fri Dec  5 10:14:50 2025 SE Asia Standard Time elapsed time: 53.950004 seconds (0d 0h 0m 53s)

---------------  T H R E A D  ---------------

Current thread (0x0000023b55aea450):  JavaThread "C2 CompilerThread0" daemon [_thread_in_native, id=3868, stack(0x000000f773b00000,0x000000f773c00000) (1024K)]


Current CompileTask:
C2:53950 8839       4       com.esotericsoftware.kryo.io.Input::require (220 bytes)

Stack: [0x000000f773b00000,0x000000f773c00000]
Native frames: (J=compiled Java code, j=interpreted, Vv=VM code, C=native code)
V  [jvm.dll+0x6d6e29]
V  [jvm.dll+0x8b4b76]
V  [jvm.dll+0x8b712e]
V  [jvm.dll+0x8b7813]
V  [jvm.dll+0x283d86]
V  [jvm.dll+0xc66ed]
V  [jvm.dll+0xc6c31]
V  [jvm.dll+0x3be501]
V  [jvm.dll+0x38ab92]
V  [jvm.dll+0x389fda]
V  [jvm.dll+0x24bfa0]
V  [jvm.dll+0x24b580]
V  [jvm.dll+0x1cb13e]
V  [jvm.dll+0x25b29d]
V  [jvm.dll+0x25982a]
V  [jvm.dll+0x3f7ea6]
V  [jvm.dll+0x85e9ad]
V  [jvm.dll+0x6d565d]
C  [ucrtbase.dll+0x29333]
C  [KERNEL32.DLL+0x1257d]
C  [ntdll.dll+0x5af08]


---------------  P R O C E S S  ---------------

Threads class SMR info:
_java_thread_list=0x0000023b9e64f500, length=48, elements={
0x0000023b3cd67480, 0x0000023b55ad7b90, 0x0000023b55ada3a0, 0x0000023b55adc290,
0x0000023b55add550, 0x0000023b55ade6b0, 0x0000023b55ae4eb0, 0x0000023b55aea450,
0x0000023b55aeaba0, 0x0000023b978e3380, 0x0000023b97b31a90, 0x0000023b9c4212a0,
0x0000023b9c423a00, 0x0000023b9c424720, 0x0000023b9c421930, 0x0000023b9c421fc0,
0x0000023b9c422ce0, 0x0000023b9c423370, 0x0000023b9ca3a410, 0x0000023b9ca39060,
0x0000023b9ca3b7c0, 0x0000023b9ca3be50, 0x0000023b9ca3b130, 0x0000023b9ca396f0,
0x0000023b9ca39d80, 0x0000023b9ca3c4e0, 0x0000023b9ca3aaa0, 0x0000023b9e21dc00,
0x0000023b9e21efb0, 0x0000023b9e21bb30, 0x0000023b9e21d570, 0x0000023b9e21c1c0,
0x0000023b9e21c850, 0x0000023b9e218020, 0x0000023b9e21cee0, 0x0000023b9e21a780,
0x0000023b9e21f640, 0x0000023b9e21ae10, 0x0000023b9e2186b0, 0x0000023b9e21b4a0,
0x0000023b9e2193d0, 0x0000023b97924e70, 0x0000023b97924150, 0x0000023b979247e0,
0x0000023b97921360, 0x0000023b97922da0, 0x0000023b97926220, 0x0000023b97925500
}

Java Threads: ( => current thread )
  0x0000023b3cd67480 JavaThread "main"                              [_thread_blocked, id=11740, stack(0x000000f773100000,0x000000f773200000) (1024K)]
  0x0000023b55ad7b90 JavaThread "Reference Handler"          daemon [_thread_blocked, id=17380, stack(0x000000f773500000,0x000000f773600000) (1024K)]
  0x0000023b55ada3a0 JavaThread "Finalizer"                  daemon [_thread_blocked, id=8412, stack(0x000000f773600000,0x000000f773700000) (1024K)]
  0x0000023b55adc290 JavaThread "Signal Dispatcher"          daemon [_thread_blocked, id=16624, stack(0x000000f773700000,0x000000f773800000) (1024K)]
  0x0000023b55add550 JavaThread "Attach Listener"            daemon [_thread_blocked, id=16800, stack(0x000000f773800000,0x000000f773900000) (1024K)]
  0x0000023b55ade6b0 JavaThread "Service Thread"             daemon [_thread_blocked, id=6840, stack(0x000000f773900000,0x000000f773a00000) (1024K)]
  0x0000023b55ae4eb0 JavaThread "Monitor Deflation Thread"   daemon [_thread_blocked, id=9436, stack(0x000000f773a00000,0x000000f773b00000) (1024K)]
=>0x0000023b55aea450 JavaThread "C2 CompilerThread0"         daemon [_thread_in_native, id=3868, stack(0x000000f773b00000,0x000000f773c00000) (1024K)]
  0x0000023b55aeaba0 JavaThread "C1 CompilerThread0"         daemon [_thread_blocked, id=3616, stack(0x000000f773c00000,0x000000f773d00000) (1024K)]
  0x0000023b978e3380 JavaThread "Common-Cleaner"             daemon [_thread_blocked, id=13892, stack(0x000000f773d00000,0x000000f773e00000) (1024K)]
  0x0000023b97b31a90 JavaThread "Notification Thread"        daemon [_thread_blocked, id=7144, stack(0x000000f773f00000,0x000000f774000000) (1024K)]
  0x0000023b9c4212a0 JavaThread "Active Thread: Equinox Container: 1e6f8bc8-a506-48f0-8bef-5eb4991fb44f"        [_thread_blocked, id=13048, stack(0x000000f774300000,0x000000f774400000) (1024K)]
  0x0000023b9c423a00 JavaThread "Refresh Thread: Equinox Container: 1e6f8bc8-a506-48f0-8bef-5eb4991fb44f" daemon [_thread_blocked, id=14804, stack(0x000000f774400000,0x000000f774500000) (1024K)]
  0x0000023b9c424720 JavaThread "Framework Event Dispatcher: Equinox Container: 1e6f8bc8-a506-48f0-8bef-5eb4991fb44f" daemon [_thread_blocked, id=3596, stack(0x000000f774500000,0x000000f774600000) (1024K)]
  0x0000023b9c421930 JavaThread "Start Level: Equinox Container: 1e6f8bc8-a506-48f0-8bef-5eb4991fb44f" daemon [_thread_blocked, id=1052, stack(0x000000f774600000,0x000000f774700000) (1024K)]
  0x0000023b9c421fc0 JavaThread "Bundle File Closer"         daemon [_thread_blocked, id=9280, stack(0x000000f774700000,0x000000f774800000) (1024K)]
  0x0000023b9c422ce0 JavaThread "SCR Component Actor"        daemon [_thread_blocked, id=15916, stack(0x000000f774800000,0x000000f774900000) (1024K)]
  0x0000023b9c423370 JavaThread "Worker-JM"                         [_thread_blocked, id=6284, stack(0x000000f774900000,0x000000f774a00000) (1024K)]
  0x0000023b9ca3a410 JavaThread "JNA Cleaner"                daemon [_thread_blocked, id=11536, stack(0x000000f773e00000,0x000000f773f00000) (1024K)]
  0x0000023b9ca39060 JavaThread "Worker-0"                          [_thread_blocked, id=5328, stack(0x000000f774a00000,0x000000f774b00000) (1024K)]
  0x0000023b9ca3b7c0 JavaThread "Worker-1"                          [_thread_blocked, id=8260, stack(0x000000f774b00000,0x000000f774c00000) (1024K)]
  0x0000023b9ca3be50 JavaThread "Java indexing"              daemon [_thread_blocked, id=12428, stack(0x000000f774d00000,0x000000f774e00000) (1024K)]
  0x0000023b9ca3b130 JavaThread "Worker-2"                          [_thread_blocked, id=9220, stack(0x000000f774e00000,0x000000f774f00000) (1024K)]
  0x0000023b9ca396f0 JavaThread "Worker-3: Initialize Workspace"        [_thread_blocked, id=8004, stack(0x000000f775100000,0x000000f775200000) (1024K)]
  0x0000023b9ca39d80 JavaThread "Worker-4"                          [_thread_blocked, id=10832, stack(0x000000f775200000,0x000000f775300000) (1024K)]
  0x0000023b9ca3c4e0 JavaThread "Worker-5"                          [_thread_blocked, id=1480, stack(0x000000f775300000,0x000000f775400000) (1024K)]
  0x0000023b9ca3aaa0 JavaThread "Thread-1"                   daemon [_thread_in_native, id=5000, stack(0x000000f775400000,0x000000f775500000) (1024K)]
  0x0000023b9e21dc00 JavaThread "Thread-2"                   daemon [_thread_in_native, id=16696, stack(0x000000f775500000,0x000000f775600000) (1024K)]
  0x0000023b9e21efb0 JavaThread "Thread-3"                   daemon [_thread_in_native, id=17172, stack(0x000000f775600000,0x000000f775700000) (1024K)]
  0x0000023b9e21bb30 JavaThread "Thread-4"                   daemon [_thread_in_native, id=13520, stack(0x000000f775700000,0x000000f775800000) (1024K)]
  0x0000023b9e21d570 JavaThread "Thread-5"                   daemon [_thread_in_native, id=16980, stack(0x000000f775800000,0x000000f775900000) (1024K)]
  0x0000023b9e21c1c0 JavaThread "pool-2-thread-1"                   [_thread_blocked, id=17196, stack(0x000000f775900000,0x000000f775a00000) (1024K)]
  0x0000023b9e21c850 JavaThread "WorkspaceEventsHandler"            [_thread_blocked, id=2364, stack(0x000000f775a00000,0x000000f775b00000) (1024K)]
  0x0000023b9e218020 JavaThread "pool-1-thread-1"                   [_thread_blocked, id=2332, stack(0x000000f775b00000,0x000000f775c00000) (1024K)]
  0x0000023b9e21cee0 JavaThread "ForkJoinPool.commonPool-worker-1" daemon [_thread_blocked, id=1348, stack(0x000000f775c00000,0x000000f775d00000) (1024K)]
  0x0000023b9e21a780 JavaThread "ForkJoinPool.commonPool-worker-2" daemon [_thread_blocked, id=6684, stack(0x000000f775d00000,0x000000f775e00000) (1024K)]
  0x0000023b9e21f640 JavaThread "Timer-0"                           [_thread_blocked, id=13508, stack(0x000000f775e00000,0x000000f775f00000) (1024K)]
  0x0000023b9e21ae10 JavaThread "Timer-1"                           [_thread_blocked, id=12852, stack(0x000000f775f00000,0x000000f776000000) (1024K)]
  0x0000023b9e2186b0 JavaThread "Timer-2"                           [_thread_blocked, id=1060, stack(0x000000f776000000,0x000000f776100000) (1024K)]
  0x0000023b9e21b4a0 JavaThread "Timer-3"                           [_thread_blocked, id=8512, stack(0x000000f776100000,0x000000f776200000) (1024K)]
  0x0000023b9e2193d0 JavaThread "Timer-4"                           [_thread_blocked, id=2876, stack(0x000000f776200000,0x000000f776300000) (1024K)]
  0x0000023b97924e70 JavaThread "Exec process"                      [_thread_blocked, id=10116, stack(0x000000f776500000,0x000000f776600000) (1024K)]
  0x0000023b97924150 JavaThread "Exec process Thread 2"             [_thread_blocked, id=2184, stack(0x000000f776600000,0x000000f776700000) (1024K)]
  0x0000023b979247e0 JavaThread "Exec process Thread 3"             [_thread_blocked, id=7104, stack(0x000000f776700000,0x000000f776800000) (1024K)]
  0x0000023b97921360 JavaThread "Timer-5"                           [_thread_blocked, id=13380, stack(0x000000f776300000,0x000000f776400000) (1024K)]
  0x0000023b97922da0 JavaThread "Timer-6"                           [_thread_blocked, id=12820, stack(0x000000f776800000,0x000000f776900000) (1024K)]
  0x0000023b97926220 JavaThread "Connection worker"                 [_thread_in_Java, id=16044, stack(0x000000f776900000,0x000000f776a00000) (1024K)]
  0x0000023b97925500 JavaThread "pool-4-thread-1"                   [_thread_blocked, id=1108, stack(0x000000f776a00000,0x000000f776b00000) (1024K)]
Total: 48

Other Threads:
  0x0000023b3f1abcb0 VMThread "VM Thread"                           [id=1992, stack(0x000000f773400000,0x000000f773500000) (1024K)]
  0x0000023b3f156150 WatcherThread "VM Periodic Task Thread"        [id=6536, stack(0x000000f773300000,0x000000f773400000) (1024K)]
  0x0000023b3f10b770 WorkerThread "GC Thread#0"                     [id=5088, stack(0x000000f773200000,0x000000f773300000) (1024K)]
  0x0000023b9c35d9e0 WorkerThread "GC Thread#1"                     [id=12892, stack(0x000000f774000000,0x000000f774100000) (1024K)]
  0x0000023b9c35dd80 WorkerThread "GC Thread#2"                     [id=6792, stack(0x000000f774100000,0x000000f774200000) (1024K)]
  0x0000023b9c3624f0 WorkerThread "GC Thread#3"                     [id=5080, stack(0x000000f774200000,0x000000f774300000) (1024K)]
Total: 6

Threads with active compile tasks:
C2 CompilerThread0  54007 8839       4       com.esotericsoftware.kryo.io.Input::require (220 bytes)
Total: 1

VM state: not at safepoint (normal execution)

VM Mutex/Monitor currently owned by a thread: None

Heap address: 0x0000000080000000, size: 2048 MB, Compressed Oops mode: 32-bit

CDS archive(s) mapped at: [0x0000023b56000000-0x0000023b56ba0000-0x0000023b56ba0000), size 12189696, SharedBaseAddress: 0x0000023b56000000, ArchiveRelocationMode: 1.
Compressed class space mapped at: 0x0000023b57000000-0x0000023b97000000, reserved size: 1073741824
Narrow klass base: 0x0000023b56000000, Narrow klass shift: 0, Narrow klass range: 0x100000000

GC Precious Log:
 CardTable entry size: 512
 CPUs: 4 total, 4 available
 Memory: 3964M
 Large Page Support: Disabled
 NUMA Support: Disabled
 Compressed Oops: Enabled (32-bit)
 Alignments: Space 512K, Generation 512K, Heap 2M
 Heap Min Capacity: 100M
 Heap Initial Capacity: 100M
 Heap Max Capacity: 2G
 Pre-touch: Disabled
 Parallel Workers: 4

Heap:
 PSYoungGen      total 12800K, used 9042K [0x00000000d5580000, 0x00000000d6400000, 0x0000000100000000)
  eden space 12288K, 73% used [0x00000000d5580000,0x00000000d5e44a48,0x00000000d6180000)
  from space 512K, 12% used [0x00000000d6380000,0x00000000d6390000,0x00000000d6400000)
  to   space 512K, 0% used [0x00000000d6300000,0x00000000d6300000,0x00000000d6380000)
 ParOldGen       total 68608K, used 48670K [0x0000000080000000, 0x0000000084300000, 0x00000000d5580000)
  object space 68608K, 70% used [0x0000000080000000,0x0000000082f878b0,0x0000000084300000)
 Metaspace       used 68859K, committed 70336K, reserved 1114112K
  class space    used 8619K, committed 9344K, reserved 1048576K

Card table byte_map: [0x0000023b3eaa0000,0x0000023b3eeb0000] _byte_map_base: 0x0000023b3e6a0000

Marking Bits: (ParMarkBitMap*) 0x00007ffc76db2460
 Begin Bits: [0x0000023b515a0000, 0x0000023b535a0000)
 End Bits:   [0x0000023b535a0000, 0x0000023b555a0000)

Polling page: 0x0000023b3d0e0000

Metaspace:

Usage:
  Non-class:     58.83 MB used.
      Class:      8.42 MB used.
       Both:     67.25 MB used.

Virtual space:
  Non-class space:       64.00 MB reserved,      59.56 MB ( 93%) committed,  1 nodes.
      Class space:        1.00 GB reserved,       9.12 MB ( <1%) committed,  1 nodes.
             Both:        1.06 GB reserved,      68.69 MB (  6%) committed. 

Chunk freelists:
   Non-Class:  4.37 MB
       Class:  6.73 MB
        Both:  11.11 MB

MaxMetaspaceSize: unlimited
CompressedClassSpaceSize: 1.00 GB
Initial GC threshold: 21.00 MB
Current GC threshold: 97.31 MB
CDS: on
 - commit_granule_bytes: 65536.
 - commit_granule_words: 8192.
 - virtual_space_node_default_size: 8388608.
 - enlarge_chunks_in_place: 1.
 - use_allocation_guard: 0.


Internal statistics:

num_allocs_failed_limit: 9.
num_arena_births: 1234.
num_arena_deaths: 18.
num_vsnodes_births: 2.
num_vsnodes_deaths: 0.
num_space_committed: 1099.
num_space_uncommitted: 0.
num_chunks_returned_to_freelist: 29.
num_chunks_taken_from_freelist: 3993.
num_chunk_merges: 13.
num_chunk_splits: 2624.
num_chunks_enlarged: 1677.
num_inconsistent_stats: 0.

CodeHeap 'non-profiled nmethods': size=120000Kb used=5624Kb max_used=5624Kb free=114375Kb
 bounds [0x0000023b49dc0000, 0x0000023b4a340000, 0x0000023b512f0000]
CodeHeap 'profiled nmethods': size=120000Kb used=16813Kb max_used=16813Kb free=103186Kb
 bounds [0x0000023b422f0000, 0x0000023b43360000, 0x0000023b49820000]
CodeHeap 'non-nmethods': size=5760Kb used=1434Kb max_used=1517Kb free=4325Kb
 bounds [0x0000023b49820000, 0x0000023b49a90000, 0x0000023b49dc0000]
CodeCache: size=245760Kb, used=23871Kb, max_used=23954Kb, free=221886Kb
 total_blobs=8895, nmethods=8154, adapters=647, full_count=0
Compilation: enabled, stopped_count=0, restarted_count=0

Compilation events (20 events):
Event: 53.068 Thread 0x0000023b55aea450 nmethod 8829 0x0000023b4a339090 code [0x0000023b4a339220, 0x0000023b4a3392a8]
Event: 53.153 Thread 0x0000023b55aea450 8830       4       jdk.internal.misc.Unsafe::checkSize (32 bytes)
Event: 53.154 Thread 0x0000023b55aea450 nmethod 8830 0x0000023b4a339390 code [0x0000023b4a339520, 0x0000023b4a3395d8]
Event: 53.154 Thread 0x0000023b55aea450 8831       4       jdk.internal.reflect.DirectMethodHandleAccessor::checkArgumentCount (53 bytes)
Event: 53.155 Thread 0x0000023b55aea450 nmethod 8831 0x0000023b4a339690 code [0x0000023b4a339820, 0x0000023b4a3398b8]
Event: 53.254 Thread 0x0000023b55aea450 8832       4       java.util.stream.AbstractPipeline::wrapAndCopyInto (18 bytes)
Event: 53.259 Thread 0x0000023b55aea450 nmethod 8832 0x0000023b4a339990 code [0x0000023b4a339b60, 0x0000023b4a339e58]
Event: 53.409 Thread 0x0000023b55aea450 8833       4       java.lang.reflect.Method::isCallerSensitive (38 bytes)
Event: 53.411 Thread 0x0000023b55aea450 nmethod 8833 0x0000023b4a33a190 code [0x0000023b4a33a340, 0x0000023b4a33a480]
Event: 53.422 Thread 0x0000023b55aea450 8834       4       java.util.HashMap::put (13 bytes)
Event: 53.439 Thread 0x0000023b55aea450 nmethod 8834 0x0000023b4a33a610 code [0x0000023b4a33a860, 0x0000023b4a33b1a8]
Event: 53.439 Thread 0x0000023b55aea450 8835       4       jdk.internal.misc.Unsafe::checkOffset (32 bytes)
Event: 53.440 Thread 0x0000023b55aea450 nmethod 8835 0x0000023b4a33b910 code [0x0000023b4a33baa0, 0x0000023b4a33bb58]
Event: 53.513 Thread 0x0000023b55aea450 8836       4       java.lang.invoke.Invokers$Holder::invokeExact_MT (24 bytes)
Event: 53.518 Thread 0x0000023b55aea450 nmethod 8836 0x0000023b4a33bc10 code [0x0000023b4a33bdc0, 0x0000023b4a33bfb8]
Event: 53.526 Thread 0x0000023b55aea450 8837       4       jdk.internal.misc.Unsafe::copyMemory (33 bytes)
Event: 53.532 Thread 0x0000023b55aea450 nmethod 8837 0x0000023b4a33c190 code [0x0000023b4a33c340, 0x0000023b4a33c6f0]
Event: 53.751 Thread 0x0000023b55aea450 8838   !   4       jdk.internal.reflect.DirectMethodHandleAccessor::invoke (92 bytes)
Event: 53.769 Thread 0x0000023b55aea450 nmethod 8838 0x0000023b4a33ca90 code [0x0000023b4a33cd80, 0x0000023b4a33d7a8]
Event: 53.775 Thread 0x0000023b55aea450 8839       4       com.esotericsoftware.kryo.io.Input::require (220 bytes)

GC Heap History (20 events):
Event: 15.288 GC heap before
{Heap before GC invocations=60 (full 3):
 PSYoungGen      total 12800K, used 12448K [0x00000000d5580000, 0x00000000d6680000, 0x0000000100000000)
  eden space 12288K, 100% used [0x00000000d5580000,0x00000000d6180000,0x00000000d6180000)
  from space 512K, 31% used [0x00000000d6600000,0x00000000d6628000,0x00000000d6680000)
  to   space 512K, 0% used [0x00000000d6580000,0x00000000d6580000,0x00000000d6600000)
 ParOldGen       total 68608K, used 43324K [0x0000000080000000, 0x0000000084300000, 0x00000000d5580000)
  object space 68608K, 63% used [0x0000000080000000,0x0000000082a4f358,0x0000000084300000)
 Metaspace       used 61263K, committed 62656K, reserved 1114112K
  class space    used 7695K, committed 8384K, reserved 1048576K
}
Event: 15.291 GC heap after
{Heap after GC invocations=60 (full 3):
 PSYoungGen      total 12800K, used 480K [0x00000000d5580000, 0x00000000d6680000, 0x0000000100000000)
  eden space 12288K, 0% used [0x00000000d5580000,0x00000000d5580000,0x00000000d6180000)
  from space 512K, 93% used [0x00000000d6580000,0x00000000d65f8010,0x00000000d6600000)
  to   space 512K, 0% used [0x00000000d6600000,0x00000000d6600000,0x00000000d6680000)
 ParOldGen       total 68608K, used 43420K [0x0000000080000000, 0x0000000084300000, 0x00000000d5580000)
  object space 68608K, 63% used [0x0000000080000000,0x0000000082a67358,0x0000000084300000)
 Metaspace       used 61263K, committed 62656K, reserved 1114112K
  class space    used 7695K, committed 8384K, reserved 1048576K
}
Event: 15.735 GC heap before
{Heap before GC invocations=61 (full 3):
 PSYoungGen      total 12800K, used 12768K [0x00000000d5580000, 0x00000000d6680000, 0x0000000100000000)
  eden space 12288K, 100% used [0x00000000d5580000,0x00000000d6180000,0x00000000d6180000)
  from space 512K, 93% used [0x00000000d6580000,0x00000000d65f8010,0x00000000d6600000)
  to   space 512K, 0% used [0x00000000d6600000,0x00000000d6600000,0x00000000d6680000)
 ParOldGen       total 68608K, used 43420K [0x0000000080000000, 0x0000000084300000, 0x00000000d5580000)
  object space 68608K, 63% used [0x0000000080000000,0x0000000082a67358,0x0000000084300000)
 Metaspace       used 62812K, committed 64192K, reserved 1114112K
  class space    used 7910K, committed 8576K, reserved 1048576K
}
Event: 15.738 GC heap after
{Heap after GC invocations=61 (full 3):
 PSYoungGen      total 12800K, used 512K [0x00000000d5580000, 0x00000000d6680000, 0x0000000100000000)
  eden space 12288K, 0% used [0x00000000d5580000,0x00000000d5580000,0x00000000d6180000)
  from space 512K, 100% used [0x00000000d6600000,0x00000000d6680000,0x00000000d6680000)
  to   space 1536K, 0% used [0x00000000d6380000,0x00000000d6380000,0x00000000d6500000)
 ParOldGen       total 68608K, used 43991K [0x0000000080000000, 0x0000000084300000, 0x00000000d5580000)
  object space 68608K, 64% used [0x0000000080000000,0x0000000082af5e10,0x0000000084300000)
 Metaspace       used 62812K, committed 64192K, reserved 1114112K
  class space    used 7910K, committed 8576K, reserved 1048576K
}
Event: 31.703 GC heap before
{Heap before GC invocations=62 (full 3):
 PSYoungGen      total 12800K, used 12800K [0x00000000d5580000, 0x00000000d6680000, 0x0000000100000000)
  eden space 12288K, 100% used [0x00000000d5580000,0x00000000d6180000,0x00000000d6180000)
  from space 512K, 100% used [0x00000000d6600000,0x00000000d6680000,0x00000000d6680000)
  to   space 1536K, 0% used [0x00000000d6380000,0x00000000d6380000,0x00000000d6500000)
 ParOldGen       total 68608K, used 43991K [0x0000000080000000, 0x0000000084300000, 0x00000000d5580000)
  object space 68608K, 64% used [0x0000000080000000,0x0000000082af5e10,0x0000000084300000)
 Metaspace       used 63870K, committed 65344K, reserved 1114112K
  class space    used 8044K, committed 8768K, reserved 1048576K
}
Event: 31.712 GC heap after
{Heap after GC invocations=62 (full 3):
 PSYoungGen      total 13824K, used 1088K [0x00000000d5580000, 0x00000000d6680000, 0x0000000100000000)
  eden space 12288K, 0% used [0x00000000d5580000,0x00000000d5580000,0x00000000d6180000)
  from space 1536K, 70% used [0x00000000d6380000,0x00000000d6490030,0x00000000d6500000)
  to   space 1536K, 0% used [0x00000000d6500000,0x00000000d6500000,0x00000000d6680000)
 ParOldGen       total 68608K, used 44500K [0x0000000080000000, 0x0000000084300000, 0x00000000d5580000)
  object space 68608K, 64% used [0x0000000080000000,0x0000000082b75358,0x0000000084300000)
 Metaspace       used 63870K, committed 65344K, reserved 1114112K
  class space    used 8044K, committed 8768K, reserved 1048576K
}
Event: 37.997 GC heap before
{Heap before GC invocations=63 (full 3):
 PSYoungGen      total 13824K, used 13376K [0x00000000d5580000, 0x00000000d6680000, 0x0000000100000000)
  eden space 12288K, 100% used [0x00000000d5580000,0x00000000d6180000,0x00000000d6180000)
  from space 1536K, 70% used [0x00000000d6380000,0x00000000d6490030,0x00000000d6500000)
  to   space 1536K, 0% used [0x00000000d6500000,0x00000000d6500000,0x00000000d6680000)
 ParOldGen       total 68608K, used 44500K [0x0000000080000000, 0x0000000084300000, 0x00000000d5580000)
  object space 68608K, 64% used [0x0000000080000000,0x0000000082b75358,0x0000000084300000)
 Metaspace       used 64186K, committed 65600K, reserved 1114112K
  class space    used 8050K, committed 8768K, reserved 1048576K
}
Event: 37.999 GC heap after
{Heap after GC invocations=63 (full 3):
 PSYoungGen      total 12800K, used 160K [0x00000000d5580000, 0x00000000d6580000, 0x0000000100000000)
  eden space 12288K, 0% used [0x00000000d5580000,0x00000000d5580000,0x00000000d6180000)
  from space 512K, 31% used [0x00000000d6500000,0x00000000d6528000,0x00000000d6580000)
  to   space 512K, 0% used [0x00000000d6480000,0x00000000d6480000,0x00000000d6500000)
 ParOldGen       total 68608K, used 45246K [0x0000000080000000, 0x0000000084300000, 0x00000000d5580000)
  object space 68608K, 65% used [0x0000000080000000,0x0000000082c2f818,0x0000000084300000)
 Metaspace       used 64186K, committed 65600K, reserved 1114112K
  class space    used 8050K, committed 8768K, reserved 1048576K
}
Event: 39.341 GC heap before
{Heap before GC invocations=64 (full 3):
 PSYoungGen      total 12800K, used 12448K [0x00000000d5580000, 0x00000000d6580000, 0x0000000100000000)
  eden space 12288K, 100% used [0x00000000d5580000,0x00000000d6180000,0x00000000d6180000)
  from space 512K, 31% used [0x00000000d6500000,0x00000000d6528000,0x00000000d6580000)
  to   space 512K, 0% used [0x00000000d6480000,0x00000000d6480000,0x00000000d6500000)
 ParOldGen       total 68608K, used 45246K [0x0000000080000000, 0x0000000084300000, 0x00000000d5580000)
  object space 68608K, 65% used [0x0000000080000000,0x0000000082c2f818,0x0000000084300000)
 Metaspace       used 64187K, committed 65600K, reserved 1114112K
  class space    used 8050K, committed 8768K, reserved 1048576K
}
Event: 39.342 GC heap after
{Heap after GC invocations=64 (full 3):
 PSYoungGen      total 12800K, used 96K [0x00000000d5580000, 0x00000000d6580000, 0x0000000100000000)
  eden space 12288K, 0% used [0x00000000d5580000,0x00000000d5580000,0x00000000d6180000)
  from space 512K, 18% used [0x00000000d6480000,0x00000000d6498000,0x00000000d6500000)
  to   space 512K, 0% used [0x00000000d6500000,0x00000000d6500000,0x00000000d6580000)
 ParOldGen       total 68608K, used 45366K [0x0000000080000000, 0x0000000084300000, 0x00000000d5580000)
  object space 68608K, 66% used [0x0000000080000000,0x0000000082c4d818,0x0000000084300000)
 Metaspace       used 64187K, committed 65600K, reserved 1114112K
  class space    used 8050K, committed 8768K, reserved 1048576K
}
Event: 40.028 GC heap before
{Heap before GC invocations=65 (full 3):
 PSYoungGen      total 12800K, used 12384K [0x00000000d5580000, 0x00000000d6580000, 0x0000000100000000)
  eden space 12288K, 100% used [0x00000000d5580000,0x00000000d6180000,0x00000000d6180000)
  from space 512K, 18% used [0x00000000d6480000,0x00000000d6498000,0x00000000d6500000)
  to   space 512K, 0% used [0x00000000d6500000,0x00000000d6500000,0x00000000d6580000)
 ParOldGen       total 68608K, used 45366K [0x0000000080000000, 0x0000000084300000, 0x00000000d5580000)
  object space 68608K, 66% used [0x0000000080000000,0x0000000082c4d818,0x0000000084300000)
 Metaspace       used 65159K, committed 66560K, reserved 1114112K
  class space    used 8161K, committed 8832K, reserved 1048576K
}
Event: 40.031 GC heap after
{Heap after GC invocations=65 (full 3):
 PSYoungGen      total 12800K, used 512K [0x00000000d5580000, 0x00000000d6580000, 0x0000000100000000)
  eden space 12288K, 0% used [0x00000000d5580000,0x00000000d5580000,0x00000000d6180000)
  from space 512K, 100% used [0x00000000d6500000,0x00000000d6580000,0x00000000d6580000)
  to   space 2048K, 0% used [0x00000000d6180000,0x00000000d6180000,0x00000000d6380000)
 ParOldGen       total 68608K, used 46236K [0x0000000080000000, 0x0000000084300000, 0x00000000d5580000)
  object space 68608K, 67% used [0x0000000080000000,0x0000000082d270a0,0x0000000084300000)
 Metaspace       used 65159K, committed 66560K, reserved 1114112K
  class space    used 8161K, committed 8832K, reserved 1048576K
}
Event: 40.200 GC heap before
{Heap before GC invocations=66 (full 3):
 PSYoungGen      total 12800K, used 12800K [0x00000000d5580000, 0x00000000d6580000, 0x0000000100000000)
  eden space 12288K, 100% used [0x00000000d5580000,0x00000000d6180000,0x00000000d6180000)
  from space 512K, 100% used [0x00000000d6500000,0x00000000d6580000,0x00000000d6580000)
  to   space 2048K, 0% used [0x00000000d6180000,0x00000000d6180000,0x00000000d6380000)
 ParOldGen       total 68608K, used 46236K [0x0000000080000000, 0x0000000084300000, 0x00000000d5580000)
  object space 68608K, 67% used [0x0000000080000000,0x0000000082d270a0,0x0000000084300000)
 Metaspace       used 66394K, committed 67840K, reserved 1114112K
  class space    used 8292K, committed 8960K, reserved 1048576K
}
Event: 40.202 GC heap after
{Heap after GC invocations=66 (full 3):
 PSYoungGen      total 14336K, used 1248K [0x00000000d5580000, 0x00000000d6580000, 0x0000000100000000)
  eden space 12288K, 0% used [0x00000000d5580000,0x00000000d5580000,0x00000000d6180000)
  from space 2048K, 60% used [0x00000000d6180000,0x00000000d62b8000,0x00000000d6380000)
  to   space 1536K, 0% used [0x00000000d6400000,0x00000000d6400000,0x00000000d6580000)
 ParOldGen       total 68608K, used 46735K [0x0000000080000000, 0x0000000084300000, 0x00000000d5580000)
  object space 68608K, 68% used [0x0000000080000000,0x0000000082da3cc8,0x0000000084300000)
 Metaspace       used 66394K, committed 67840K, reserved 1114112K
  class space    used 8292K, committed 8960K, reserved 1048576K
}
Event: 40.637 GC heap before
{Heap before GC invocations=67 (full 3):
 PSYoungGen      total 14336K, used 13536K [0x00000000d5580000, 0x00000000d6580000, 0x0000000100000000)
  eden space 12288K, 100% used [0x00000000d5580000,0x00000000d6180000,0x00000000d6180000)
  from space 2048K, 60% used [0x00000000d6180000,0x00000000d62b8000,0x00000000d6380000)
  to   space 1536K, 0% used [0x00000000d6400000,0x00000000d6400000,0x00000000d6580000)
 ParOldGen       total 68608K, used 46735K [0x0000000080000000, 0x0000000084300000, 0x00000000d5580000)
  object space 68608K, 68% used [0x0000000080000000,0x0000000082da3cc8,0x0000000084300000)
 Metaspace       used 67887K, committed 69312K, reserved 1114112K
  class space    used 8504K, committed 9152K, reserved 1048576K
}
Event: 40.640 GC heap after
{Heap after GC invocations=67 (full 3):
 PSYoungGen      total 12800K, used 489K [0x00000000d5580000, 0x00000000d6480000, 0x0000000100000000)
  eden space 12288K, 0% used [0x00000000d5580000,0x00000000d5580000,0x00000000d6180000)
  from space 512K, 95% used [0x00000000d6400000,0x00000000d647a460,0x00000000d6480000)
  to   space 1024K, 0% used [0x00000000d6280000,0x00000000d6280000,0x00000000d6380000)
 ParOldGen       total 68608K, used 47911K [0x0000000080000000, 0x0000000084300000, 0x00000000d5580000)
  object space 68608K, 69% used [0x0000000080000000,0x0000000082ec9cc8,0x0000000084300000)
 Metaspace       used 67887K, committed 69312K, reserved 1114112K
  class space    used 8504K, committed 9152K, reserved 1048576K
}
Event: 52.398 GC heap before
{Heap before GC invocations=68 (full 3):
 PSYoungGen      total 12800K, used 12777K [0x00000000d5580000, 0x00000000d6480000, 0x0000000100000000)
  eden space 12288K, 100% used [0x00000000d5580000,0x00000000d6180000,0x00000000d6180000)
  from space 512K, 95% used [0x00000000d6400000,0x00000000d647a460,0x00000000d6480000)
  to   space 1024K, 0% used [0x00000000d6280000,0x00000000d6280000,0x00000000d6380000)
 ParOldGen       total 68608K, used 47911K [0x0000000080000000, 0x0000000084300000, 0x00000000d5580000)
  object space 68608K, 69% used [0x0000000080000000,0x0000000082ec9cc8,0x0000000084300000)
 Metaspace       used 68858K, committed 70336K, reserved 1114112K
  class space    used 8619K, committed 9344K, reserved 1048576K
}
Event: 52.401 GC heap after
{Heap after GC invocations=68 (full 3):
 PSYoungGen      total 13312K, used 464K [0x00000000d5580000, 0x00000000d6480000, 0x0000000100000000)
  eden space 12288K, 0% used [0x00000000d5580000,0x00000000d5580000,0x00000000d6180000)
  from space 1024K, 45% used [0x00000000d6280000,0x00000000d62f4030,0x00000000d6380000)
  to   space 1024K, 0% used [0x00000000d6380000,0x00000000d6380000,0x00000000d6480000)
 ParOldGen       total 68608K, used 48290K [0x0000000080000000, 0x0000000084300000, 0x00000000d5580000)
  object space 68608K, 70% used [0x0000000080000000,0x0000000082f28810,0x0000000084300000)
 Metaspace       used 68858K, committed 70336K, reserved 1114112K
  class space    used 8619K, committed 9344K, reserved 1048576K
}
Event: 53.513 GC heap before
{Heap before GC invocations=69 (full 3):
 PSYoungGen      total 13312K, used 12752K [0x00000000d5580000, 0x00000000d6480000, 0x0000000100000000)
  eden space 12288K, 100% used [0x00000000d5580000,0x00000000d6180000,0x00000000d6180000)
  from space 1024K, 45% used [0x00000000d6280000,0x00000000d62f4030,0x00000000d6380000)
  to   space 1024K, 0% used [0x00000000d6380000,0x00000000d6380000,0x00000000d6480000)
 ParOldGen       total 68608K, used 48290K [0x0000000080000000, 0x0000000084300000, 0x00000000d5580000)
  object space 68608K, 70% used [0x0000000080000000,0x0000000082f28810,0x0000000084300000)
 Metaspace       used 68859K, committed 70336K, reserved 1114112K
  class space    used 8619K, committed 9344K, reserved 1048576K
}
Event: 53.515 GC heap after
{Heap after GC invocations=69 (full 3):
 PSYoungGen      total 12800K, used 64K [0x00000000d5580000, 0x00000000d6400000, 0x0000000100000000)
  eden space 12288K, 0% used [0x00000000d5580000,0x00000000d5580000,0x00000000d6180000)
  from space 512K, 12% used [0x00000000d6380000,0x00000000d6390000,0x00000000d6400000)
  to   space 512K, 0% used [0x00000000d6300000,0x00000000d6300000,0x00000000d6380000)
 ParOldGen       total 68608K, used 48670K [0x0000000080000000, 0x0000000084300000, 0x00000000d5580000)
  object space 68608K, 70% used [0x0000000080000000,0x0000000082f878b0,0x0000000084300000)
 Metaspace       used 68859K, committed 70336K, reserved 1114112K
  class space    used 8619K, committed 9344K, reserved 1048576K
}

Dll operation events (15 events):
Event: 0.014 Loaded shared library c:\Users\hafid\.vscode\extensions\redhat.java-1.50.0-win32-x64\jre\21.0.9-win32-x86_64\bin\java.dll
Event: 0.107 Loaded shared library c:\Users\hafid\.vscode\extensions\redhat.java-1.50.0-win32-x64\jre\21.0.9-win32-x86_64\bin\zip.dll
Event: 0.144 Loaded shared library C:\Users\hafid\.vscode\extensions\redhat.java-1.50.0-win32-x64\jre\21.0.9-win32-x86_64\bin\instrument.dll
Event: 0.152 Loaded shared library C:\Users\hafid\.vscode\extensions\redhat.java-1.50.0-win32-x64\jre\21.0.9-win32-x86_64\bin\net.dll
Event: 0.154 Loaded shared library C:\Users\hafid\.vscode\extensions\redhat.java-1.50.0-win32-x64\jre\21.0.9-win32-x86_64\bin\nio.dll
Event: 0.158 Loaded shared library C:\Users\hafid\.vscode\extensions\redhat.java-1.50.0-win32-x64\jre\21.0.9-win32-x86_64\bin\zip.dll
Event: 0.182 Loaded shared library C:\Users\hafid\.vscode\extensions\redhat.java-1.50.0-win32-x64\jre\21.0.9-win32-x86_64\bin\jimage.dll
Event: 0.290 Loaded shared library c:\Users\hafid\.vscode\extensions\redhat.java-1.50.0-win32-x64\jre\21.0.9-win32-x86_64\bin\verify.dll
Event: 1.892 Loaded shared library C:\Users\hafid\AppData\Roaming\Code\User\globalStorage\redhat.java\1.50.0\config_win\org.eclipse.equinox.launcher\org.eclipse.equinox.launcher.win32.win32.x86_64_1.2.1400.v20250801-0854\eclipse_11916.dll
Event: 3.841 Loaded shared library C:\Users\hafid\AppData\Local\Temp\jna-99037288\jna13729740814940434110.dll
Event: 5.531 Loaded shared library C:\Users\hafid\.vscode\extensions\redhat.java-1.50.0-win32-x64\jre\21.0.9-win32-x86_64\bin\management.dll
Event: 5.538 Loaded shared library C:\Users\hafid\.vscode\extensions\redhat.java-1.50.0-win32-x64\jre\21.0.9-win32-x86_64\bin\management_ext.dll
Event: 9.661 Loaded shared library C:\Users\hafid\.gradle\native\1def1411415f61bf3af743bc5b6707747c0891f09f0c88961ee8f79bc544acac\windows-amd64\native-platform.dll
Event: 15.118 Loaded shared library C:\Users\hafid\.vscode\extensions\redhat.java-1.50.0-win32-x64\jre\21.0.9-win32-x86_64\bin\extnet.dll
Event: 19.979 Loaded shared library C:\Users\hafid\.vscode\extensions\redhat.java-1.50.0-win32-x64\jre\21.0.9-win32-x86_64\bin\sunmscapi.dll

Deoptimization events (20 events):
Event: 41.314 Thread 0x0000023b9ca3b130 Uncommon trap: trap_request=0xffffffde fr.pc=0x0000023b4a15f680 relative=0x00000000000004c0
Event: 41.314 Thread 0x0000023b9ca3b130 Uncommon trap: reason=class_check action=maybe_recompile pc=0x0000023b4a15f680 method=org.eclipse.core.internal.dtree.AbstractDataTreeNode.assembleWith(Lorg/eclipse/core/internal/dtree/AbstractDataTreeNode;)Lorg/eclipse/core/internal/dtree/AbstractDataTre
Event: 41.314 Thread 0x0000023b9ca3b130 DEOPT PACKING pc=0x0000023b4a15f680 sp=0x000000f774efeb30
Event: 41.314 Thread 0x0000023b9ca3b130 DEOPT UNPACKING pc=0x0000023b49873aa2 sp=0x000000f774efead8 mode 2
Event: 44.169 Thread 0x0000023b979268b0 Uncommon trap: trap_request=0xffffffbe fr.pc=0x0000023b4a1112f8 relative=0x00000000000002b8
Event: 44.169 Thread 0x0000023b979268b0 Uncommon trap: reason=profile_predicate action=maybe_recompile pc=0x0000023b4a1112f8 method=java.util.regex.Pattern$Slice.match(Ljava/util/regex/Matcher;ILjava/lang/CharSequence;)Z @ 18 c2
Event: 44.169 Thread 0x0000023b979268b0 DEOPT PACKING pc=0x0000023b4a1112f8 sp=0x000000f776bfe8b0
Event: 44.169 Thread 0x0000023b979268b0 DEOPT UNPACKING pc=0x0000023b49873aa2 sp=0x000000f776bfe840 mode 2
Event: 45.283 Thread 0x0000023b97926220 Uncommon trap: trap_request=0xffffff45 fr.pc=0x0000023b4a2afeb8 relative=0x0000000000000918
Event: 45.283 Thread 0x0000023b97926220 Uncommon trap: reason=unstable_if action=reinterpret pc=0x0000023b4a2afeb8 method=java.io.ObjectInputStream.readObject0(Ljava/lang/Class;Z)Ljava/lang/Object; @ 113 c2
Event: 45.283 Thread 0x0000023b97926220 DEOPT PACKING pc=0x0000023b4a2afeb8 sp=0x000000f7769fd8e0
Event: 45.283 Thread 0x0000023b97926220 DEOPT UNPACKING pc=0x0000023b49873aa2 sp=0x000000f7769fd8c8 mode 2
Event: 45.283 Thread 0x0000023b97926220 Uncommon trap: trap_request=0xffffff45 fr.pc=0x0000023b4a2955b0 relative=0x0000000000003bd0
Event: 45.283 Thread 0x0000023b97926220 Uncommon trap: reason=unstable_if action=reinterpret pc=0x0000023b4a2955b0 method=java.io.ObjectInputStream$HandleTable.markDependency(II)V @ 12 c2
Event: 45.283 Thread 0x0000023b97926220 DEOPT PACKING pc=0x0000023b4a2955b0 sp=0x000000f7769fd990
Event: 45.283 Thread 0x0000023b97926220 DEOPT UNPACKING pc=0x0000023b49873aa2 sp=0x000000f7769fd898 mode 2
Event: 50.227 Thread 0x0000023b97926220 Uncommon trap: trap_request=0xffffffbe fr.pc=0x0000023b4a2bba54 relative=0x0000000000000294
Event: 50.227 Thread 0x0000023b97926220 Uncommon trap: reason=profile_predicate action=maybe_recompile pc=0x0000023b4a2bba54 method=java.io.ObjectStreamClass$FieldReflector.setPrimFieldValues(Ljava/lang/Object;[B)V @ 19 c2
Event: 50.227 Thread 0x0000023b97926220 DEOPT PACKING pc=0x0000023b4a2bba54 sp=0x000000f7769fd500
Event: 50.227 Thread 0x0000023b97926220 DEOPT UNPACKING pc=0x0000023b49873aa2 sp=0x000000f7769fd490 mode 2

Classes loaded (20 events):
Event: 41.044 Loading class sun/net/www/MeteredStream done
Event: 41.044 Loading class sun/net/www/http/KeepAliveStream done
Event: 41.044 Loading class sun/net/www/http/KeepAliveStreamCleaner
Event: 41.044 Loading class sun/net/www/http/KeepAliveStreamCleaner done
Event: 41.046 Loading class sun/net/www/http/KeepAliveStreamCleaner$1
Event: 41.046 Loading class sun/net/www/http/KeepAliveStreamCleaner$1 done
Event: 41.046 Loading class sun/net/www/http/KeepAliveStreamCleaner$2
Event: 41.047 Loading class sun/net/www/http/KeepAliveStreamCleaner$2 done
Event: 41.047 Loading class sun/security/ssl/Alert
Event: 41.048 Loading class sun/security/ssl/Alert done
Event: 41.048 Loading class sun/security/ssl/Alert$AlertConsumer
Event: 41.049 Loading class sun/security/ssl/Alert$AlertConsumer done
Event: 41.049 Loading class sun/security/ssl/Alert$Level
Event: 41.049 Loading class sun/security/ssl/Alert$Level done
Event: 41.227 Loading class sun/net/www/http/ChunkedInputStream
Event: 41.227 Loading class sun/net/www/http/ChunkedInputStream done
Event: 41.227 Loading class sun/net/www/protocol/http/HttpURLConnection$HttpInputStream
Event: 41.227 Loading class sun/net/www/protocol/http/HttpURLConnection$HttpInputStream done
Event: 42.454 Loading class java/security/DigestInputStream
Event: 42.454 Loading class java/security/DigestInputStream done

Classes unloaded (9 events):
Event: 4.667 Thread 0x0000023b3f1abcb0 Unloading class 0x0000023b571ad400 'java/lang/invoke/LambdaForm$MH+0x0000023b571ad400'
Event: 4.667 Thread 0x0000023b3f1abcb0 Unloading class 0x0000023b571ad000 'java/lang/invoke/LambdaForm$MH+0x0000023b571ad000'
Event: 4.667 Thread 0x0000023b3f1abcb0 Unloading class 0x0000023b571acc00 'java/lang/invoke/LambdaForm$MH+0x0000023b571acc00'
Event: 4.667 Thread 0x0000023b3f1abcb0 Unloading class 0x0000023b571ac800 'java/lang/invoke/LambdaForm$MH+0x0000023b571ac800'
Event: 4.667 Thread 0x0000023b3f1abcb0 Unloading class 0x0000023b571ac400 'java/lang/invoke/LambdaForm$BMH+0x0000023b571ac400'
Event: 4.667 Thread 0x0000023b3f1abcb0 Unloading class 0x0000023b571ac000 'java/lang/invoke/LambdaForm$DMH+0x0000023b571ac000'
Event: 4.667 Thread 0x0000023b3f1abcb0 Unloading class 0x0000023b571aac00 'java/lang/invoke/LambdaForm$DMH+0x0000023b571aac00'
Event: 6.342 Thread 0x0000023b3f1abcb0 Unloading class 0x0000023b57330000 'java/lang/invoke/LambdaForm$MH+0x0000023b57330000'
Event: 6.342 Thread 0x0000023b3f1abcb0 Unloading class 0x0000023b5732ec00 'java/lang/invoke/LambdaForm$DMH+0x0000023b5732ec00'

Classes redefined (0 events):
No events

Internal exceptions (20 events):
Event: 20.137 Thread 0x0000023b97923ac0 Exception <a 'java/lang/NoSuchMethodError'{0x00000000d5e2c5f0}: static Lorg/gradle/tooling/internal/provider/serialization/ClientOwnedClassLoaderSpec;.<clinit>()V> (0x00000000d5e2c5f0) 
thrown [s\src\hotspot\share\prims\jni.cpp, line 1111]
Event: 20.154 Thread 0x0000023b97923ac0 Exception <a 'java/lang/NoSuchMethodError'{0x00000000d5e74278}: static [Ljava/lang/Object;.<clinit>()V> (0x00000000d5e74278) 
thrown [s\src\hotspot\share\prims\jni.cpp, line 1111]
Event: 26.074 Thread 0x0000023b97923ac0 Exception <a 'java/lang/NoSuchMethodError'{0x00000000d5ef8528}: static Lorg/gradle/internal/build/event/types/AbstractProgressEvent;.<clinit>()V> (0x00000000d5ef8528) 
thrown [s\src\hotspot\share\prims\jni.cpp, line 1111]
Event: 26.075 Thread 0x0000023b97923ac0 Exception <a 'java/lang/NoSuchMethodError'{0x00000000d5f061f0}: static Lorg/gradle/internal/build/event/types/DefaultOperationStartedProgressEvent;.<clinit>()V> (0x00000000d5f061f0) 
thrown [s\src\hotspot\share\prims\jni.cpp, line 1111]
Event: 26.077 Thread 0x0000023b97923ac0 Exception <a 'java/lang/NoSuchMethodError'{0x00000000d5f57a90}: static Lorg/gradle/internal/build/event/types/DefaultOperationDescriptor;.<clinit>()V> (0x00000000d5f57a90) 
thrown [s\src\hotspot\share\prims\jni.cpp, line 1111]
Event: 26.078 Thread 0x0000023b97923ac0 Exception <a 'java/lang/NoSuchMethodError'{0x00000000d5f66300}: static Lorg/gradle/internal/operations/OperationIdentifier;.<clinit>()V> (0x00000000d5f66300) 
thrown [s\src\hotspot\share\prims\jni.cpp, line 1111]
Event: 27.497 Thread 0x0000023b97923ac0 Exception <a 'java/lang/NoSuchMethodError'{0x00000000d5fb1670}: static Lorg/gradle/internal/build/event/types/DefaultOperationFinishedProgressEvent;.<clinit>()V> (0x00000000d5fb1670) 
thrown [s\src\hotspot\share\prims\jni.cpp, line 1111]
Event: 27.513 Thread 0x0000023b97923ac0 Exception <a 'java/lang/NoSuchMethodError'{0x00000000d5fd93b8}: static Lorg/gradle/internal/build/event/types/AbstractResult;.<clinit>()V> (0x00000000d5fd93b8) 
thrown [s\src\hotspot\share\prims\jni.cpp, line 1111]
Event: 27.515 Thread 0x0000023b97923ac0 Exception <a 'java/lang/NoSuchMethodError'{0x00000000d5fe6e20}: static Lorg/gradle/internal/build/event/types/AbstractOperationResult;.<clinit>()V> (0x00000000d5fe6e20) 
thrown [s\src\hotspot\share\prims\jni.cpp, line 1111]
Event: 27.516 Thread 0x0000023b97923ac0 Exception <a 'java/lang/NoSuchMethodError'{0x00000000d5ff4e50}: static Lorg/gradle/internal/build/event/types/DefaultSuccessResult;.<clinit>()V> (0x00000000d5ff4e50) 
thrown [s\src\hotspot\share\prims\jni.cpp, line 1111]
Event: 34.040 Thread 0x0000023b97923ac0 Exception <a 'java/lang/NoSuchMethodError'{0x00000000d5738ed0}: static Lorg/gradle/internal/build/event/types/DefaultBuildPhaseDescriptor;.<clinit>()V> (0x00000000d5738ed0) 
thrown [s\src\hotspot\share\prims\jni.cpp, line 1111]
Event: 35.620 Thread 0x0000023b97923ac0 Exception <a 'java/lang/NoSuchMethodError'{0x00000000d5831f00}: static Lorg/gradle/internal/build/event/types/DefaultProjectConfigurationDescriptor;.<clinit>()V> (0x00000000d5831f00) 
thrown [s\src\hotspot\share\prims\jni.cpp, line 1111]
Event: 39.657 Thread 0x0000023b97923ac0 Exception <a 'sun/net/ConnectionResetException'{0x00000000d58b4170}: Connection reset> (0x00000000d58b4170) 
thrown [s\src\hotspot\share\prims\jni.cpp, line 539]
Event: 39.790 Thread 0x0000023b97923ac0 Exception <a 'java/io/IOException'{0x00000000d591ca48}: Connection reset by peer> (0x00000000d591ca48) 
thrown [s\src\hotspot\share\prims\jni.cpp, line 539]
Event: 39.806 Thread 0x0000023b9ca396f0 Exception <a 'java/lang/ClassNotFoundException'{0x00000000d59c02b0}: sun/misc/SharedSecrets> (0x00000000d59c02b0) 
thrown [s\src\hotspot\share\classfile\systemDictionary.cpp, line 312]
Event: 39.808 Thread 0x0000023b9ca396f0 Exception <a 'java/lang/NoSuchMethodError'{0x00000000d59dc7d0}: 'void java.lang.invoke.DirectMethodHandle$Holder.invokeStatic(java.lang.Object, int, java.lang.Object)'> (0x00000000d59dc7d0) 
thrown [s\src\hotspot\share\interpreter\linkResolver.cpp, line 773]
Event: 39.809 Thread 0x0000023b9ca396f0 Exception <a 'java/lang/NoSuchMethodError'{0x00000000d59ea628}: 'void java.lang.invoke.DirectMethodHandle$Holder.invokeSpecialIFC(java.lang.Object, java.lang.Object, java.lang.Object, java.lang.Object)'> (0x00000000d59ea628) 
thrown [s\src\hotspot\share\interpreter\linkResolver.cpp, line 773]
Event: 39.932 Thread 0x0000023b9ca39060 Exception <a 'sun/nio/fs/WindowsException'{0x00000000d5f4b2b0}> (0x00000000d5f4b2b0) 
thrown [s\src\hotspot\share\prims\jni.cpp, line 520]
Event: 40.150 Thread 0x0000023b9ca39060 Implicit null exception at 0x0000023b4a0faaab to 0x0000023b4a0fb81c
Event: 40.681 Thread 0x0000023b9ca39060 Implicit null exception at 0x0000023b49f2aff1 to 0x0000023b49f2b0ac

ZGC Phase Switch (0 events):
No events

VM Operations (20 events):
Event: 42.059 Executing VM operation: Cleanup
Event: 42.059 Executing VM operation: Cleanup done
Event: 43.073 Executing VM operation: Cleanup
Event: 43.073 Executing VM operation: Cleanup done
Event: 44.085 Executing VM operation: Cleanup
Event: 44.085 Executing VM operation: Cleanup done
Event: 45.089 Executing VM operation: Cleanup
Event: 45.089 Executing VM operation: Cleanup done
Event: 46.092 Executing VM operation: Cleanup
Event: 46.092 Executing VM operation: Cleanup done
Event: 47.095 Executing VM operation: Cleanup
Event: 47.095 Executing VM operation: Cleanup done
Event: 51.131 Executing VM operation: Cleanup
Event: 51.131 Executing VM operation: Cleanup done
Event: 52.398 Executing VM operation: ParallelGCFailedAllocation (Allocation Failure)
Event: 52.401 Executing VM operation: ParallelGCFailedAllocation (Allocation Failure) done
Event: 53.406 Executing VM operation: Cleanup
Event: 53.406 Executing VM operation: Cleanup done
Event: 53.513 Executing VM operation: ParallelGCFailedAllocation (Allocation Failure)
Event: 53.515 Executing VM operation: ParallelGCFailedAllocation (Allocation Failure) done

Memory protections (0 events):
No events

Nmethod flushes (20 events):
Event: 13.566 Thread 0x0000023b3f1abcb0 flushing  nmethod 0x0000023b42b15f90
Event: 13.566 Thread 0x0000023b3f1abcb0 flushing  nmethod 0x0000023b42b17a90
Event: 13.566 Thread 0x0000023b3f1abcb0 flushing  nmethod 0x0000023b42b26a10
Event: 13.566 Thread 0x0000023b3f1abcb0 flushing  nmethod 0x0000023b42b28c10
Event: 13.566 Thread 0x0000023b3f1abcb0 flushing  nmethod 0x0000023b42b37890
Event: 13.566 Thread 0x0000023b3f1abcb0 flushing  nmethod 0x0000023b42b47190
Event: 13.566 Thread 0x0000023b3f1abcb0 flushing  nmethod 0x0000023b42b65c90
Event: 13.566 Thread 0x0000023b3f1abcb0 flushing  nmethod 0x0000023b42b72110
Event: 13.566 Thread 0x0000023b3f1abcb0 flushing  nmethod 0x0000023b42b78710
Event: 13.566 Thread 0x0000023b3f1abcb0 flushing osr nmethod 0x0000023b42b89710
Event: 13.566 Thread 0x0000023b3f1abcb0 flushing  nmethod 0x0000023b42b92910
Event: 13.566 Thread 0x0000023b3f1abcb0 flushing  nmethod 0x0000023b42b93190
Event: 13.566 Thread 0x0000023b3f1abcb0 flushing  nmethod 0x0000023b42b93f10
Event: 13.566 Thread 0x0000023b3f1abcb0 flushing  nmethod 0x0000023b42b97190
Event: 13.566 Thread 0x0000023b3f1abcb0 flushing  nmethod 0x0000023b42b98310
Event: 13.566 Thread 0x0000023b3f1abcb0 flushing  nmethod 0x0000023b42b99010
Event: 13.566 Thread 0x0000023b3f1abcb0 flushing  nmethod 0x0000023b42b99e10
Event: 13.566 Thread 0x0000023b3f1abcb0 flushing  nmethod 0x0000023b42bac210
Event: 13.566 Thread 0x0000023b3f1abcb0 flushing  nmethod 0x0000023b42badd10
Event: 13.566 Thread 0x0000023b3f1abcb0 flushing  nmethod 0x0000023b42bc0190

Events (20 events):
Event: 39.842 Thread 0x0000023b97923ac0 Thread exited: 0x0000023b97923ac0
Event: 39.850 Thread 0x0000023b55aeaba0 Thread added: 0x0000023b9cd0d7a0
Event: 39.872 Thread 0x0000023b9ca396f0 Thread added: 0x0000023b97922da0
Event: 39.873 Thread 0x0000023b9ca396f0 Thread added: 0x0000023b97926220
Event: 39.912 Thread 0x0000023b97926220 Thread added: 0x0000023b97925500
Event: 40.266 Thread 0x0000023b97926220 Thread added: 0x0000023b979268b0
Event: 40.270 Thread 0x0000023b979268b0 Thread added: 0x0000023b9791ffb0
Event: 40.270 Thread 0x0000023b979268b0 Thread added: 0x0000023b97922080
Event: 40.271 Thread 0x0000023b9791ffb0 Thread exited: 0x0000023b9791ffb0
Event: 40.992 Thread 0x0000023b9ca39060 Thread added: 0x0000023b97922710
Event: 40.999 Thread 0x0000023b97922710 Thread exited: 0x0000023b97922710
Event: 41.171 Thread 0x0000023b9ca39060 Thread added: 0x0000023b97925b90
Event: 41.173 Thread 0x0000023b97925b90 Thread exited: 0x0000023b97925b90
Event: 41.300 Thread 0x0000023b9ca39060 Thread added: 0x0000023b97925b90
Event: 41.311 Thread 0x0000023b97925b90 Thread exited: 0x0000023b97925b90
Event: 41.374 Thread 0x0000023b9cd0d7a0 Thread exited: 0x0000023b9cd0d7a0
Event: 41.411 Thread 0x0000023b9ca39060 Thread added: 0x0000023b97925b90
Event: 41.420 Thread 0x0000023b97925b90 Thread exited: 0x0000023b97925b90
Event: 44.170 Thread 0x0000023b979268b0 Thread exited: 0x0000023b979268b0
Event: 44.171 Thread 0x0000023b97922080 Thread exited: 0x0000023b97922080


Dynamic libraries:
0x00007ff79ffe0000 - 0x00007ff79ffee000 	c:\Users\hafid\.vscode\extensions\redhat.java-1.50.0-win32-x64\jre\21.0.9-win32-x86_64\bin\java.exe
0x00007ffcbea70000 - 0x00007ffcbec87000 	C:\Windows\SYSTEM32\ntdll.dll
0x00007ffcbe000000 - 0x00007ffcbe0c4000 	C:\Windows\System32\KERNEL32.DLL
0x00007ffcbbe40000 - 0x00007ffcbc1f7000 	C:\Windows\System32\KERNELBASE.dll
0x00007ffcbc390000 - 0x00007ffcbc4a1000 	C:\Windows\System32\ucrtbase.dll
0x00007ffc99070000 - 0x00007ffc9908e000 	c:\Users\hafid\.vscode\extensions\redhat.java-1.50.0-win32-x64\jre\21.0.9-win32-x86_64\bin\VCRUNTIME140.dll
0x00007ffca8390000 - 0x00007ffca83a8000 	c:\Users\hafid\.vscode\extensions\redhat.java-1.50.0-win32-x64\jre\21.0.9-win32-x86_64\bin\jli.dll
0x00007ffcbe0d0000 - 0x00007ffcbe27f000 	C:\Windows\System32\USER32.dll
0x00007ffcbc770000 - 0x00007ffcbc796000 	C:\Windows\System32\win32u.dll
0x00007ffca6b70000 - 0x00007ffca6e03000 	C:\Windows\WinSxS\amd64_microsoft.windows.common-controls_6595b64144ccf1df_6.0.22621.3672_none_2713b9d173822955\COMCTL32.dll
0x00007ffcbe9d0000 - 0x00007ffcbe9f9000 	C:\Windows\System32\GDI32.dll
0x00007ffcbdbc0000 - 0x00007ffcbdc67000 	C:\Windows\System32\msvcrt.dll
0x00007ffcbc650000 - 0x00007ffcbc768000 	C:\Windows\System32\gdi32full.dll
0x00007ffcbc2f0000 - 0x00007ffcbc38a000 	C:\Windows\System32\msvcp_win.dll
0x00007ffcbe450000 - 0x00007ffcbe481000 	C:\Windows\System32\IMM32.DLL
0x00007ffca2360000 - 0x00007ffca236c000 	c:\Users\hafid\.vscode\extensions\redhat.java-1.50.0-win32-x64\jre\21.0.9-win32-x86_64\bin\vcruntime140_1.dll
0x00007ffc786f0000 - 0x00007ffc7877d000 	c:\Users\hafid\.vscode\extensions\redhat.java-1.50.0-win32-x64\jre\21.0.9-win32-x86_64\bin\msvcp140.dll
0x00007ffc760f0000 - 0x00007ffc76e90000 	c:\Users\hafid\.vscode\extensions\redhat.java-1.50.0-win32-x64\jre\21.0.9-win32-x86_64\bin\server\jvm.dll
0x00007ffcbe490000 - 0x00007ffcbe542000 	C:\Windows\System32\ADVAPI32.dll
0x00007ffcbc950000 - 0x00007ffcbc9f8000 	C:\Windows\System32\sechost.dll
0x00007ffcbc4b0000 - 0x00007ffcbc4d8000 	C:\Windows\System32\bcrypt.dll
0x00007ffcbd810000 - 0x00007ffcbd924000 	C:\Windows\System32\RPCRT4.dll
0x00007ffcbd790000 - 0x00007ffcbd801000 	C:\Windows\System32\WS2_32.dll
0x00007ffcbabf0000 - 0x00007ffcbac3d000 	C:\Windows\SYSTEM32\POWRPROF.dll
0x00007ffcb7da0000 - 0x00007ffcb7daa000 	C:\Windows\SYSTEM32\VERSION.dll
0x00007ffcb7e90000 - 0x00007ffcb7ec4000 	C:\Windows\SYSTEM32\WINMM.dll
0x00007ffcbabd0000 - 0x00007ffcbabe3000 	C:\Windows\SYSTEM32\UMPDC.dll
0x00007ffcbae20000 - 0x00007ffcbae38000 	C:\Windows\SYSTEM32\kernel.appcore.dll
0x00007ffca1470000 - 0x00007ffca147a000 	c:\Users\hafid\.vscode\extensions\redhat.java-1.50.0-win32-x64\jre\21.0.9-win32-x86_64\bin\jimage.dll
0x00007ffca5be0000 - 0x00007ffca5e12000 	C:\Windows\SYSTEM32\DBGHELP.DLL
0x00007ffcbdc70000 - 0x00007ffcbdffe000 	C:\Windows\System32\combase.dll
0x00007ffcbca00000 - 0x00007ffcbcad7000 	C:\Windows\System32\OLEAUT32.dll
0x00007ffcaaa30000 - 0x00007ffcaaa62000 	C:\Windows\SYSTEM32\dbgcore.DLL
0x00007ffcbc200000 - 0x00007ffcbc27b000 	C:\Windows\System32\bcryptPrimitives.dll
0x00007ffcb7f00000 - 0x00007ffcb7f0f000 	c:\Users\hafid\.vscode\extensions\redhat.java-1.50.0-win32-x64\jre\21.0.9-win32-x86_64\bin\instrument.dll
0x00007ffc98440000 - 0x00007ffc98460000 	c:\Users\hafid\.vscode\extensions\redhat.java-1.50.0-win32-x64\jre\21.0.9-win32-x86_64\bin\java.dll
0x00007ffcbccc0000 - 0x00007ffcbd529000 	C:\Windows\System32\SHELL32.dll
0x00007ffcb9cb0000 - 0x00007ffcba5af000 	C:\Windows\SYSTEM32\windows.storage.dll
0x00007ffcb9b70000 - 0x00007ffcb9caf000 	C:\Windows\SYSTEM32\wintypes.dll
0x00007ffcbd530000 - 0x00007ffcbd629000 	C:\Windows\System32\SHCORE.dll
0x00007ffcbcbe0000 - 0x00007ffcbcc3e000 	C:\Windows\System32\shlwapi.dll
0x00007ffcbbcb0000 - 0x00007ffcbbcd7000 	C:\Windows\SYSTEM32\profapi.dll
0x00007ffc8f000000 - 0x00007ffc8f018000 	c:\Users\hafid\.vscode\extensions\redhat.java-1.50.0-win32-x64\jre\21.0.9-win32-x86_64\bin\zip.dll
0x00007ffc9b890000 - 0x00007ffc9b8a0000 	C:\Users\hafid\.vscode\extensions\redhat.java-1.50.0-win32-x64\jre\21.0.9-win32-x86_64\bin\net.dll
0x00007ffcb7800000 - 0x00007ffcb7936000 	C:\Windows\SYSTEM32\WINHTTP.dll
0x00007ffcbb2e0000 - 0x00007ffcbb349000 	C:\Windows\system32\mswsock.dll
0x00007ffc8d7f0000 - 0x00007ffc8d806000 	C:\Users\hafid\.vscode\extensions\redhat.java-1.50.0-win32-x64\jre\21.0.9-win32-x86_64\bin\nio.dll
0x00007ffc89380000 - 0x00007ffc89390000 	c:\Users\hafid\.vscode\extensions\redhat.java-1.50.0-win32-x64\jre\21.0.9-win32-x86_64\bin\verify.dll
0x00007ffc97310000 - 0x00007ffc97354000 	C:\Users\hafid\AppData\Roaming\Code\User\globalStorage\redhat.java\1.50.0\config_win\org.eclipse.equinox.launcher\org.eclipse.equinox.launcher.win32.win32.x86_64_1.2.1400.v20250801-0854\eclipse_11916.dll
0x00007ffcbe2a0000 - 0x00007ffcbe445000 	C:\Windows\System32\ole32.dll
0x00007ffcbb630000 - 0x00007ffcbb64b000 	C:\Windows\SYSTEM32\CRYPTSP.dll
0x00007ffcbade0000 - 0x00007ffcbae15000 	C:\Windows\system32\rsaenh.dll
0x00007ffcbb380000 - 0x00007ffcbb3a8000 	C:\Windows\SYSTEM32\USERENV.dll
0x00007ffcbb610000 - 0x00007ffcbb61c000 	C:\Windows\SYSTEM32\CRYPTBASE.dll
0x00007ffcba880000 - 0x00007ffcba8ad000 	C:\Windows\SYSTEM32\IPHLPAPI.DLL
0x00007ffcbd980000 - 0x00007ffcbd989000 	C:\Windows\System32\NSI.dll
0x00007ffc972c0000 - 0x00007ffc97309000 	C:\Users\hafid\AppData\Local\Temp\jna-99037288\jna13729740814940434110.dll
0x00007ffcbd990000 - 0x00007ffcbd998000 	C:\Windows\System32\PSAPI.DLL
0x00007ffc99b90000 - 0x00007ffc99b9a000 	C:\Users\hafid\.vscode\extensions\redhat.java-1.50.0-win32-x64\jre\21.0.9-win32-x86_64\bin\management.dll
0x00007ffc97180000 - 0x00007ffc9718c000 	C:\Users\hafid\.vscode\extensions\redhat.java-1.50.0-win32-x64\jre\21.0.9-win32-x86_64\bin\management_ext.dll
0x00007ffcb7a10000 - 0x00007ffcb7a29000 	C:\Windows\SYSTEM32\dhcpcsvc6.DLL
0x00007ffcb77e0000 - 0x00007ffcb77ff000 	C:\Windows\SYSTEM32\dhcpcsvc.DLL
0x00007ffcb8860000 - 0x00007ffcb8887000 	C:\Users\hafid\.gradle\native\1def1411415f61bf3af743bc5b6707747c0891f09f0c88961ee8f79bc544acac\windows-amd64\native-platform.dll
0x00007ffc8bb50000 - 0x00007ffc8bb59000 	C:\Users\hafid\.vscode\extensions\redhat.java-1.50.0-win32-x64\jre\21.0.9-win32-x86_64\bin\extnet.dll
0x00007ffc8d730000 - 0x00007ffc8d73e000 	C:\Users\hafid\.vscode\extensions\redhat.java-1.50.0-win32-x64\jre\21.0.9-win32-x86_64\bin\sunmscapi.dll
0x00007ffcbc4e0000 - 0x00007ffcbc646000 	C:\Windows\System32\CRYPT32.dll
0x00007ffcbb740000 - 0x00007ffcbb76d000 	C:\Windows\SYSTEM32\ncrypt.dll
0x00007ffcbb700000 - 0x00007ffcbb737000 	C:\Windows\SYSTEM32\NTASN1.dll
0x00007ffc45610000 - 0x00007ffc45618000 	C:\Windows\system32\wshunix.dll
0x00007ffcba8f0000 - 0x00007ffcba9f2000 	C:\Windows\SYSTEM32\DNSAPI.dll
0x00007ffcb23b0000 - 0x00007ffcb23ba000 	C:\Windows\System32\rasadhlp.dll
0x00007ffcb5170000 - 0x00007ffcb51f3000 	C:\Windows\System32\fwpuclnt.dll

JVMTI agents:
c:\Users\hafid\.vscode\extensions\redhat.java-1.50.0-win32-x64\lombok\lombok-1.18.39-4050.jar path:c:\Users\hafid\.vscode\extensions\redhat.java-1.50.0-win32-x64\jre\21.0.9-win32-x86_64\bin\instrument.dll, loaded, initialized, instrumentlib options:none

dbghelp: loaded successfully - version: 4.0.5 - missing functions: none
symbol engine: initialized successfully - sym options: 0x614 - pdb path: .;c:\Users\hafid\.vscode\extensions\redhat.java-1.50.0-win32-x64\jre\21.0.9-win32-x86_64\bin;C:\Windows\SYSTEM32;C:\Windows\WinSxS\amd64_microsoft.windows.common-controls_6595b64144ccf1df_6.0.22621.3672_none_2713b9d173822955;c:\Users\hafid\.vscode\extensions\redhat.java-1.50.0-win32-x64\jre\21.0.9-win32-x86_64\bin\server;C:\Users\hafid\AppData\Roaming\Code\User\globalStorage\redhat.java\1.50.0\config_win\org.eclipse.equinox.launcher\org.eclipse.equinox.launcher.win32.win32.x86_64_1.2.1400.v20250801-0854;C:\Users\hafid\AppData\Local\Temp\jna-99037288;C:\Users\hafid\.gradle\native\1def1411415f61bf3af743bc5b6707747c0891f09f0c88961ee8f79bc544acac\windows-amd64

VM Arguments:
jvm_args: --add-modules=ALL-SYSTEM --add-opens=java.base/java.util=ALL-UNNAMED --add-opens=java.base/java.lang=ALL-UNNAMED --add-opens=java.base/sun.nio.fs=ALL-UNNAMED -Declipse.application=org.eclipse.jdt.ls.core.id1 -Dosgi.bundles.defaultStartLevel=4 -Declipse.product=org.eclipse.jdt.ls.core.product -Djava.import.generatesMetadataFilesAtProjectRoot=false -DDetectVMInstallationsJob.disabled=true -Dfile.encoding=utf8 -XX:+UseParallelGC -XX:GCTimeRatio=4 -XX:AdaptiveSizePolicyWeight=90 -Dsun.zip.disableMemoryMapping=true -Xmx2G -Xms100m -Xlog:disable -javaagent:c:\Users\hafid\.vscode\extensions\redhat.java-1.50.0-win32-x64\lombok\lombok-1.18.39-4050.jar -XX:+HeapDumpOnOutOfMemoryError -XX:HeapDumpPath=c:\Users\hafid\AppData\Roaming\Code\User\workspaceStorage\271670c6d88b3c30270340dfd9cafa37\redhat.java -Daether.dependencyCollector.impl=bf 
java_command: c:\Users\hafid\.vscode\extensions\redhat.java-1.50.0-win32-x64\server\plugins\org.eclipse.equinox.launcher_1.7.100.v20251111-0406.jar -configuration c:\Users\hafid\AppData\Roaming\Code\User\globalStorage\redhat.java\1.50.0\config_win -data c:\Users\hafid\AppData\Roaming\Code\User\workspaceStorage\271670c6d88b3c30270340dfd9cafa37\redhat.java\jdt_ws --pipe=\\.\pipe\lsp-0df6d80722880e95ca46f4f2cb2b955a-sock
java_class_path (initial): c:\Users\hafid\.vscode\extensions\redhat.java-1.50.0-win32-x64\server\plugins\org.eclipse.equinox.launcher_1.7.100.v20251111-0406.jar
Launcher Type: SUN_STANDARD

[Global flags]
    uintx AdaptiveSizePolicyWeight                 = 90                                        {product} {command line}
     intx CICompilerCount                          = 3                                         {product} {ergonomic}
    uintx GCTimeRatio                              = 4                                         {product} {command line}
     bool HeapDumpOnOutOfMemoryError               = true                                   {manageable} {command line}
    ccstr HeapDumpPath                             = c:\Users\hafid\AppData\Roaming\Code\User\workspaceStorage\271670c6d88b3c30270340dfd9cafa37\redhat.java         {manageable} {command line}
   size_t InitialHeapSize                          = 104857600                                 {product} {command line}
   size_t MaxHeapSize                              = 2147483648                                {product} {command line}
   size_t MaxNewSize                               = 715653120                                 {product} {ergonomic}
   size_t MinHeapDeltaBytes                        = 524288                                    {product} {ergonomic}
   size_t MinHeapSize                              = 104857600                                 {product} {command line}
   size_t NewSize                                  = 34603008                                  {product} {ergonomic}
    uintx NonNMethodCodeHeapSize                   = 5832780                                {pd product} {ergonomic}
    uintx NonProfiledCodeHeapSize                  = 122912730                              {pd product} {ergonomic}
   size_t OldSize                                  = 70254592                                  {product} {ergonomic}
    uintx ProfiledCodeHeapSize                     = 122912730                              {pd product} {ergonomic}
    uintx ReservedCodeCacheSize                    = 251658240                              {pd product} {ergonomic}
     bool SegmentedCodeCache                       = true                                      {product} {ergonomic}
   size_t SoftMaxHeapSize                          = 2147483648                             {manageable} {ergonomic}
     bool UseCompressedOops                        = true                           {product lp64_product} {ergonomic}
     bool UseLargePagesIndividualAllocation        = false                                  {pd product} {ergonomic}
     bool UseParallelGC                            = true                                      {product} {command line}

Logging:
Log output configuration:
 #0: stdout all=off uptime,level,tags foldmultilines=false
 #1: stderr all=off uptime,level,tags foldmultilines=false

Release file:
JAVA_VERSION="21.0.9" 
MODULES="java.base java.compiler java.datatransfer java.xml java.prefs java.desktop java.instrument java.logging java.management java.security.sasl java.naming java.rmi java.management.rmi java.net.http java.scripting java.security.jgss java.transaction.xa java.sql java.sql.rowset java.xml.crypto java.se java.smartcardio jdk.accessibility jdk.internal.jvmstat jdk.attach jdk.charsets jdk.internal.opt jdk.zipfs jdk.compiler jdk.crypto.ec jdk.crypto.cryptoki jdk.crypto.mscapi jdk.dynalink jdk.internal.ed jdk.editpad jdk.hotspot.agent jdk.httpserver jdk.internal.le jdk.internal.vm.ci jdk.internal.vm.compiler jdk.internal.vm.compiler.management jdk.jartool jdk.javadoc jdk.jcmd jdk.management jdk.management.agent jdk.jconsole jdk.jdeps jdk.jdwp.agent jdk.jdi jdk.jfr jdk.jshell jdk.jsobject jdk.jstatd jdk.localedata jdk.management.jfr jdk.naming.dns jdk.naming.rmi jdk.net jdk.nio.mapmode jdk.random jdk.sctp jdk.security.auth jdk.security.jgss jdk.unsupported jdk.unsupported.desktop jdk.xml.dom" 

Environment Variables:
JAVA_HOME=C:\Program Files\Eclipse Adoptium\jdk-17.0.15.6-hotspot
PATH=C:\Program Files\Eclipse Adoptium\jdk-17.0.15.6-hotspot\bin;C:\Program Files\Eclipse Adoptium\jdk-17.0.15.6-hotspot\bin;C:\Program Files\Common Files\Oracle\Java\javapath;C:\ProgramData\Oracle\Java\javapath;C:\Windows\system32;C:\Windows;C:\Windows\System32\Wbem;C:\Windows\System32\WindowsPowerShell\v1.0\;C:\Windows\System32\OpenSSH\;C:\Program Files (x86)\NVIDIA Corporation\PhysX\Common;C:\Windows\System32;C:\Users\Git\cmd;C:\Program Files\Docker\Docker\resources\bin;C:\Program Files\MongoDB\Server\8.0\bin;C:\xampp\php;C:\ProgramData\ComposerSetup\bin;C:\flutter\bin;C:\Users\hafid\AppData\Local\Android\sdk\platform-tools;C:\Program Files\nodejs\;C:\kotlinc\bin;C:\Users\hafid\AppData\Local\Programs\Python\Python310\Scripts\;C:\Users\hafid\AppData\Local\Programs\Python\Python310\;C:\Users\hafid\AppData\Local\Microsoft\WindowsApps;C:\Users\hafid\AppData\Local\Programs\Microsoft VS Code\bin;C:\Users\hafid\AppData\Roaming\Composer\vendor\bin;C:\Users\hafid\AppData\Roaming\npm;C:\Users\hafid\AppData\Local\Google\Cloud SDK\google-cloud-sdk\bin;D:\cursor\resources\app\bin;C:\Users\hafid\AppData\Local\Programs\Windsurf\bin;C:\Users\hafid\AppData\Local\Programs\Antigravity\bin
USERNAME=hafid
OS=Windows_NT
PROCESSOR_IDENTIFIER=Intel64 Family 6 Model 142 Stepping 9, GenuineIntel
TMP=C:\Users\hafid\AppData\Local\Temp
TEMP=C:\Users\hafid\AppData\Local\Temp




Periodic native trim disabled

---------------  S Y S T E M  ---------------

OS:
 Windows 11 , 64 bit Build 22621 (10.0.22621.3958)
OS uptime: 0 days 2:13 hours
Hyper-V role detected

CPU: total 4 (initial active 4) (2 cores per cpu, 2 threads per core) family 6 model 142 stepping 9 microcode 0xde, cx8, cmov, fxsr, ht, mmx, 3dnowpref, sse, sse2, sse3, ssse3, sse4.1, sse4.2, popcnt, lzcnt, tsc, tscinvbit, avx, avx2, aes, erms, clmul, bmi1, bmi2, adx, fma, vzeroupper, clflush, clflushopt, hv, rdtscp, f16c
Processor Information for the first 4 processors :
  Max Mhz: 2712, Current Mhz: 2511, Mhz Limit: 2495

Memory: 4k page, system-wide physical 3964M (326M free)
TotalPageFile size 16252M (AvailPageFile size 1M)
current process WorkingSet (physical memory assigned to process): 164M, peak: 278M
current process commit charge ("private bytes"): 346M, peak: 370M

vm_info: OpenJDK 64-Bit Server VM (21.0.9+10-LTS) for windows-amd64 JRE (21.0.9+10-LTS), built on 2025-10-21T00:00:00Z by "admin" with unknown MS VC++:1942

END.
