#
# There is insufficient memory for the Java Runtime Environment to continue.
# Native memory allocation (malloc) failed to allocate 32784 bytes. Error detail: Chunk::new
# Possible reasons:
#   The system is out of physical RAM or swap space
#   This process is running with CompressedOops enabled, and the Java Heap may be blocking the growth of the native heap
# Possible solutions:
#   Reduce memory load on the system
#   Increase physical memory or swap space
#   Check if swap backing store is full
#   Decrease Java heap size (-Xmx/-Xms)
#   Decrease number of Java threads
#   Decrease Java thread stack sizes (-Xss)
#   Set larger code cache with -XX:ReservedCodeCacheSize=
#   JVM is running with Unscaled Compressed Oops mode in which the Java heap is
#     placed in the first 4GB address space. The Java Heap base address is the
#     maximum limit for the native heap growth. Please use -XX:HeapBaseMinAddress
#     to set the Java Heap base and to place the Java Heap above 4GB virtual address.
# This output file may be truncated or incomplete.
#
#  Out of Memory Error (arena.cpp:191), pid=14992, tid=14484
#
# JRE version: OpenJDK Runtime Environment Temurin-17.0.15+6 (17.0.15+6) (build 17.0.15+6)
# Java VM: OpenJDK 64-Bit Server VM Temurin-17.0.15+6 (17.0.15+6, mixed mode, sharing, tiered, compressed oops, compressed class ptrs, g1 gc, windows-amd64)
# No core dump will be written. Minidumps are not enabled by default on client versions of Windows
#

---------------  S U M M A R Y ------------

Command Line: -DkotlinLanguageServer.version=1.3.13 org.javacs.kt.MainKt

Host: Intel(R) Core(TM) i5-7200U CPU @ 2.50GHz, 4 cores, 3G,  Windows 11 , 64 bit Build 22621 (10.0.22621.3958)
Time: Mon Dec  1 15:43:38 2025 SE Asia Standard Time elapsed time: 35.827192 seconds (0d 0h 0m 35s)

---------------  T H R E A D  ---------------

Current thread (0x0000022cff170ba0):  JavaThread "C2 CompilerThread0" daemon [_thread_in_native, id=14484, stack(0x000000f018100000,0x000000f018200000)]


Current CompileTask:
C2:  35827 5488       4       org.jetbrains.kotlin.protobuf.FieldSet::getSerializedSize (109 bytes)

Stack: [0x000000f018100000,0x000000f018200000]
Native frames: (J=compiled Java code, j=interpreted, Vv=VM code, C=native code)
V  [jvm.dll+0x682fc9]
V  [jvm.dll+0x839878]
V  [jvm.dll+0x83b323]
V  [jvm.dll+0x83b993]
V  [jvm.dll+0x24725f]
V  [jvm.dll+0xacea4]
V  [jvm.dll+0xad53c]
V  [jvm.dll+0xb8c5d]
V  [jvm.dll+0x5893c5]
V  [jvm.dll+0x2210b2]
V  [jvm.dll+0x219b2b]
V  [jvm.dll+0x21758b]
V  [jvm.dll+0x1a31b0]
V  [jvm.dll+0x227a9c]
V  [jvm.dll+0x225bfb]
V  [jvm.dll+0x7ef018]
V  [jvm.dll+0x7e94dc]
V  [jvm.dll+0x681ea7]
C  [ucrtbase.dll+0x29333]
C  [KERNEL32.DLL+0x1257d]
C  [ntdll.dll+0x5af08]


---------------  P R O C E S S  ---------------

Threads class SMR info:
_java_thread_list=0x0000022cce305cb0, length=17, elements={
0x0000022cff154100, 0x0000022cff154f80, 0x0000022cff16bf60, 0x0000022cff16cb20,
0x0000022cff16f4f0, 0x0000022cff16feb0, 0x0000022cff170ba0, 0x0000022cff18b9b0,
0x0000022cff1b9e40, 0x0000022cff3b2570, 0x0000022cff3b2a80, 0x0000022cff3b48e0,
0x0000022cff3b2f90, 0x0000022cff3b34a0, 0x0000022cff3b39b0, 0x0000022cff3b5300,
0x0000022cff3b3ec0
}

Java Threads: ( => current thread )
  0x0000022cff154100 JavaThread "Reference Handler" daemon [_thread_blocked, id=2044, stack(0x000000f017b00000,0x000000f017c00000)]
  0x0000022cff154f80 JavaThread "Finalizer" daemon [_thread_blocked, id=8368, stack(0x000000f017c00000,0x000000f017d00000)]
  0x0000022cff16bf60 JavaThread "Signal Dispatcher" daemon [_thread_blocked, id=1300, stack(0x000000f017d00000,0x000000f017e00000)]
  0x0000022cff16cb20 JavaThread "Attach Listener" daemon [_thread_blocked, id=14308, stack(0x000000f017e00000,0x000000f017f00000)]
  0x0000022cff16f4f0 JavaThread "Service Thread" daemon [_thread_blocked, id=9964, stack(0x000000f017f00000,0x000000f018000000)]
  0x0000022cff16feb0 JavaThread "Monitor Deflation Thread" daemon [_thread_blocked, id=13220, stack(0x000000f018000000,0x000000f018100000)]
=>0x0000022cff170ba0 JavaThread "C2 CompilerThread0" daemon [_thread_in_native, id=14484, stack(0x000000f018100000,0x000000f018200000)]
  0x0000022cff18b9b0 JavaThread "C1 CompilerThread0" daemon [_thread_blocked, id=10876, stack(0x000000f018200000,0x000000f018300000)]
  0x0000022cff1b9e40 JavaThread "Sweeper thread" daemon [_thread_blocked, id=2156, stack(0x000000f018300000,0x000000f018400000)]
  0x0000022cff3b2570 JavaThread "Notification Thread" daemon [_thread_blocked, id=960, stack(0x000000f018400000,0x000000f018500000)]
  0x0000022cff3b2a80 JavaThread "Common-Cleaner" daemon [_thread_blocked, id=4764, stack(0x000000f018600000,0x000000f018700000)]
  0x0000022cff3b48e0 JavaThread "client" [_thread_in_native, id=5484, stack(0x000000f018a00000,0x000000f018b00000)]
  0x0000022cff3b2f90 JavaThread "DestroyJavaVM" [_thread_blocked, id=4640, stack(0x000000f017400000,0x000000f017500000)]
  0x0000022cff3b34a0 JavaThread "async0" [_thread_blocked, id=14632, stack(0x000000f018b00000,0x000000f018c00000)]
  0x0000022cff3b39b0 JavaThread "async1" [_thread_blocked, id=9568, stack(0x000000f018c00000,0x000000f018d00000)]
  0x0000022cff3b5300 JavaThread "debounce0" [_thread_in_vm, id=10812, stack(0x000000f018e00000,0x000000f018f00000)]
  0x0000022cff3b3ec0 JavaThread "async2" [_thread_blocked, id=14556, stack(0x000000f018f00000,0x000000f019000000)]

Other Threads:
  0x0000022cff1502d0 VMThread "VM Thread" [stack: 0x000000f017a00000,0x000000f017b00000] [id=9584]
  0x0000022cff3ba040 WatcherThread [stack: 0x000000f018500000,0x000000f018600000] [id=15200]
  0x0000022ce3d169f0 GCTaskThread "GC Thread#0" [stack: 0x000000f017500000,0x000000f017600000] [id=12392]
  0x0000022cff72e520 GCTaskThread "GC Thread#1" [stack: 0x000000f018700000,0x000000f018800000] [id=14444]
  0x0000022cff9dc060 GCTaskThread "GC Thread#2" [stack: 0x000000f018800000,0x000000f018900000] [id=6312]
  0x0000022cff9e8420 GCTaskThread "GC Thread#3" [stack: 0x000000f018900000,0x000000f018a00000] [id=7500]
  0x0000022ce3d1f540 ConcurrentGCThread "G1 Main Marker" [stack: 0x000000f017600000,0x000000f017700000] [id=14828]
  0x0000022ce3d1ff60 ConcurrentGCThread "G1 Conc#0" [stack: 0x000000f017700000,0x000000f017800000] [id=12800]
  0x0000022ce3d5df40 ConcurrentGCThread "G1 Refine#0" [stack: 0x000000f017800000,0x000000f017900000] [id=3240]
  0x0000022ce3d5f110 ConcurrentGCThread "G1 Service" [stack: 0x000000f017900000,0x000000f017a00000] [id=6704]

Threads with active compile tasks:
C2 CompilerThread0    35882 5488       4       org.jetbrains.kotlin.protobuf.FieldSet::getSerializedSize (109 bytes)

VM state: not at safepoint (normal execution)

VM Mutex/Monitor currently owned by a thread: None

Heap address: 0x00000000c2000000, size: 992 MB, Compressed Oops mode: 32-bit

CDS archive(s) mapped at: [0x0000022c80000000-0x0000022c80bb0000-0x0000022c80bb0000), size 12255232, SharedBaseAddress: 0x0000022c80000000, ArchiveRelocationMode: 1.
Compressed class space mapped at: 0x0000022c81000000-0x0000022cc1000000, reserved size: 1073741824
Narrow klass base: 0x0000022c80000000, Narrow klass shift: 0, Narrow klass range: 0x100000000

GC Precious Log:
 CPUs: 4 total, 4 available
 Memory: 3964M
 Large Page Support: Disabled
 NUMA Support: Disabled
 Compressed Oops: Enabled (32-bit)
 Heap Region Size: 1M
 Heap Min Capacity: 8M
 Heap Initial Capacity: 62M
 Heap Max Capacity: 992M
 Pre-touch: Disabled
 Parallel Workers: 4
 Concurrent Workers: 1
 Concurrent Refinement Workers: 4
 Periodic GC: Disabled

Heap:
 garbage-first heap   total 76800K, used 48109K [0x00000000c2000000, 0x0000000100000000)
  region size 1024K, 10 young (10240K), 2 survivors (2048K)
 Metaspace       used 54476K, committed 54912K, reserved 1114112K
  class space    used 6479K, committed 6656K, reserved 1048576K

Heap Regions: E=young(eden), S=young(survivor), O=old, HS=humongous(starts), HC=humongous(continues), CS=collection set, F=free, OA=open archive, CA=closed archive, TAMS=top-at-mark-start (previous, next)
|   0|0x00000000c2000000, 0x00000000c2100000, 0x00000000c2100000|100%|HS|  |TAMS 0x00000000c2100000, 0x00000000c2000000| Complete 
|   1|0x00000000c2100000, 0x00000000c2200000, 0x00000000c2200000|100%|HC|  |TAMS 0x00000000c2200000, 0x00000000c2100000| Complete 
|   2|0x00000000c2200000, 0x00000000c2300000, 0x00000000c2300000|100%|HC|  |TAMS 0x00000000c2300000, 0x00000000c2200000| Complete 
|   3|0x00000000c2300000, 0x00000000c2400000, 0x00000000c2400000|100%|HC|  |TAMS 0x00000000c2400000, 0x00000000c2300000| Complete 
|   4|0x00000000c2400000, 0x00000000c2500000, 0x00000000c2500000|100%| O|  |TAMS 0x00000000c2500000, 0x00000000c2400000| Untracked 
|   5|0x00000000c2500000, 0x00000000c2600000, 0x00000000c2600000|100%| O|  |TAMS 0x00000000c2600000, 0x00000000c2500000| Untracked 
|   6|0x00000000c2600000, 0x00000000c2700000, 0x00000000c2700000|100%| O|  |TAMS 0x00000000c2700000, 0x00000000c2600000| Untracked 
|   7|0x00000000c2700000, 0x00000000c2800000, 0x00000000c2800000|100%| O|  |TAMS 0x00000000c2800000, 0x00000000c2700000| Untracked 
|   8|0x00000000c2800000, 0x00000000c2900000, 0x00000000c2900000|100%| O|  |TAMS 0x00000000c2900000, 0x00000000c2800000| Untracked 
|   9|0x00000000c2900000, 0x00000000c2a00000, 0x00000000c2a00000|100%| O|  |TAMS 0x00000000c2a00000, 0x00000000c2900000| Untracked 
|  10|0x00000000c2a00000, 0x00000000c2b00000, 0x00000000c2b00000|100%| O|  |TAMS 0x00000000c2b00000, 0x00000000c2a00000| Untracked 
|  11|0x00000000c2b00000, 0x00000000c2c00000, 0x00000000c2c00000|100%| O|  |TAMS 0x00000000c2c00000, 0x00000000c2b00000| Untracked 
|  12|0x00000000c2c00000, 0x00000000c2d00000, 0x00000000c2d00000|100%| O|  |TAMS 0x00000000c2d00000, 0x00000000c2c00000| Untracked 
|  13|0x00000000c2d00000, 0x00000000c2d00000, 0x00000000c2e00000|  0%| F|  |TAMS 0x00000000c2d00000, 0x00000000c2d00000| Untracked 
|  14|0x00000000c2e00000, 0x00000000c2f00000, 0x00000000c2f00000|100%| O|  |TAMS 0x00000000c2f00000, 0x00000000c2e00000| Untracked 
|  15|0x00000000c2f00000, 0x00000000c3000000, 0x00000000c3000000|100%| O|  |TAMS 0x00000000c3000000, 0x00000000c2f00000| Untracked 
|  16|0x00000000c3000000, 0x00000000c3100000, 0x00000000c3100000|100%| O|  |TAMS 0x00000000c3100000, 0x00000000c3000000| Untracked 
|  17|0x00000000c3100000, 0x00000000c3200000, 0x00000000c3200000|100%| O|  |TAMS 0x00000000c3200000, 0x00000000c3100000| Untracked 
|  18|0x00000000c3200000, 0x00000000c3300000, 0x00000000c3300000|100%| O|  |TAMS 0x00000000c3300000, 0x00000000c3200000| Untracked 
|  19|0x00000000c3300000, 0x00000000c3400000, 0x00000000c3400000|100%| O|  |TAMS 0x00000000c3400000, 0x00000000c3300000| Untracked 
|  20|0x00000000c3400000, 0x00000000c3500000, 0x00000000c3500000|100%| O|  |TAMS 0x00000000c3500000, 0x00000000c3400000| Untracked 
|  21|0x00000000c3500000, 0x00000000c3600000, 0x00000000c3600000|100%| O|  |TAMS 0x00000000c3600000, 0x00000000c3500000| Untracked 
|  22|0x00000000c3600000, 0x00000000c3700000, 0x00000000c3700000|100%| O|  |TAMS 0x00000000c3700000, 0x00000000c3600000| Untracked 
|  23|0x00000000c3700000, 0x00000000c3800000, 0x00000000c3800000|100%| O|  |TAMS 0x00000000c3800000, 0x00000000c3700000| Untracked 
|  24|0x00000000c3800000, 0x00000000c3900000, 0x00000000c3900000|100%| O|  |TAMS 0x00000000c3900000, 0x00000000c3800000| Untracked 
|  25|0x00000000c3900000, 0x00000000c3a00000, 0x00000000c3a00000|100%| O|  |TAMS 0x00000000c3a00000, 0x00000000c3900000| Untracked 
|  26|0x00000000c3a00000, 0x00000000c3b00000, 0x00000000c3b00000|100%| O|  |TAMS 0x00000000c3b00000, 0x00000000c3a00000| Complete 
|  27|0x00000000c3b00000, 0x00000000c3c00000, 0x00000000c3c00000|100%| O|  |TAMS 0x00000000c3c00000, 0x00000000c3b00000| Untracked 
|  28|0x00000000c3c00000, 0x00000000c3d00000, 0x00000000c3d00000|100%| O|  |TAMS 0x00000000c3d00000, 0x00000000c3c00000| Untracked 
|  29|0x00000000c3d00000, 0x00000000c3e00000, 0x00000000c3e00000|100%| O|  |TAMS 0x00000000c3e00000, 0x00000000c3d00000| Untracked 
|  30|0x00000000c3e00000, 0x00000000c3f00000, 0x00000000c3f00000|100%| O|  |TAMS 0x00000000c3f00000, 0x00000000c3e00000| Untracked 
|  31|0x00000000c3f00000, 0x00000000c4000000, 0x00000000c4000000|100%| O|  |TAMS 0x00000000c4000000, 0x00000000c3f00000| Untracked 
|  32|0x00000000c4000000, 0x00000000c4100000, 0x00000000c4100000|100%| O|  |TAMS 0x00000000c4100000, 0x00000000c4000000| Untracked 
|  33|0x00000000c4100000, 0x00000000c4200000, 0x00000000c4200000|100%| O|  |TAMS 0x00000000c4200000, 0x00000000c4100000| Untracked 
|  34|0x00000000c4200000, 0x00000000c4300000, 0x00000000c4300000|100%| O|  |TAMS 0x00000000c4300000, 0x00000000c4200000| Untracked 
|  35|0x00000000c4300000, 0x00000000c4400000, 0x00000000c4400000|100%| O|  |TAMS 0x00000000c4400000, 0x00000000c4300000| Untracked 
|  36|0x00000000c4400000, 0x00000000c4500000, 0x00000000c4500000|100%| O|  |TAMS 0x00000000c4500000, 0x00000000c4400000| Untracked 
|  37|0x00000000c4500000, 0x00000000c4600000, 0x00000000c4600000|100%| O|  |TAMS 0x00000000c4600000, 0x00000000c4500000| Untracked 
|  38|0x00000000c4600000, 0x00000000c46fb400, 0x00000000c4700000| 98%| O|  |TAMS 0x00000000c46b7c00, 0x00000000c4600000| Untracked 
|  39|0x00000000c4700000, 0x00000000c4700000, 0x00000000c4800000|  0%| F|  |TAMS 0x00000000c4700000, 0x00000000c4700000| Untracked 
|  40|0x00000000c4800000, 0x00000000c4800000, 0x00000000c4900000|  0%| F|  |TAMS 0x00000000c4800000, 0x00000000c4800000| Untracked 
|  41|0x00000000c4900000, 0x00000000c4900000, 0x00000000c4a00000|  0%| F|  |TAMS 0x00000000c4900000, 0x00000000c4900000| Untracked 
|  42|0x00000000c4a00000, 0x00000000c4a00000, 0x00000000c4b00000|  0%| F|  |TAMS 0x00000000c4a00000, 0x00000000c4a00000| Untracked 
|  43|0x00000000c4b00000, 0x00000000c4b00000, 0x00000000c4c00000|  0%| F|  |TAMS 0x00000000c4b00000, 0x00000000c4b00000| Untracked 
|  44|0x00000000c4c00000, 0x00000000c4c00000, 0x00000000c4d00000|  0%| F|  |TAMS 0x00000000c4c00000, 0x00000000c4c00000| Untracked 
|  45|0x00000000c4d00000, 0x00000000c4d00000, 0x00000000c4e00000|  0%| F|  |TAMS 0x00000000c4d00000, 0x00000000c4d00000| Untracked 
|  46|0x00000000c4e00000, 0x00000000c4e00000, 0x00000000c4f00000|  0%| F|  |TAMS 0x00000000c4e00000, 0x00000000c4e00000| Untracked 
|  47|0x00000000c4f00000, 0x00000000c4f00000, 0x00000000c5000000|  0%| F|  |TAMS 0x00000000c4f00000, 0x00000000c4f00000| Untracked 
|  48|0x00000000c5000000, 0x00000000c5000000, 0x00000000c5100000|  0%| F|  |TAMS 0x00000000c5000000, 0x00000000c5000000| Untracked 
|  49|0x00000000c5100000, 0x00000000c5200000, 0x00000000c5200000|100%| S|CS|TAMS 0x00000000c5100000, 0x00000000c5100000| Complete 
|  50|0x00000000c5200000, 0x00000000c5300000, 0x00000000c5300000|100%| S|CS|TAMS 0x00000000c5200000, 0x00000000c5200000| Complete 
|  51|0x00000000c5300000, 0x00000000c5300000, 0x00000000c5400000|  0%| F|  |TAMS 0x00000000c5300000, 0x00000000c5300000| Untracked 
|  52|0x00000000c5400000, 0x00000000c5400000, 0x00000000c5500000|  0%| F|  |TAMS 0x00000000c5400000, 0x00000000c5400000| Untracked 
|  53|0x00000000c5500000, 0x00000000c5500000, 0x00000000c5600000|  0%| F|  |TAMS 0x00000000c5500000, 0x00000000c5500000| Untracked 
|  54|0x00000000c5600000, 0x00000000c5600000, 0x00000000c5700000|  0%| F|  |TAMS 0x00000000c5600000, 0x00000000c5600000| Untracked 
|  55|0x00000000c5700000, 0x00000000c5700000, 0x00000000c5800000|  0%| F|  |TAMS 0x00000000c5700000, 0x00000000c5700000| Untracked 
|  56|0x00000000c5800000, 0x00000000c5800000, 0x00000000c5900000|  0%| F|  |TAMS 0x00000000c5800000, 0x00000000c5800000| Untracked 
|  57|0x00000000c5900000, 0x00000000c5a00000, 0x00000000c5a00000|100%| E|CS|TAMS 0x00000000c5900000, 0x00000000c5900000| Complete 
|  58|0x00000000c5a00000, 0x00000000c5b00000, 0x00000000c5b00000|100%| E|CS|TAMS 0x00000000c5a00000, 0x00000000c5a00000| Complete 
|  59|0x00000000c5b00000, 0x00000000c5c00000, 0x00000000c5c00000|100%| E|CS|TAMS 0x00000000c5b00000, 0x00000000c5b00000| Complete 
|  60|0x00000000c5c00000, 0x00000000c5d00000, 0x00000000c5d00000|100%| E|CS|TAMS 0x00000000c5c00000, 0x00000000c5c00000| Complete 
|  61|0x00000000c5d00000, 0x00000000c5e00000, 0x00000000c5e00000|100%| E|CS|TAMS 0x00000000c5d00000, 0x00000000c5d00000| Complete 
|  62|0x00000000c5e00000, 0x00000000c5e00000, 0x00000000c5f00000|  0%| F|  |TAMS 0x00000000c5e00000, 0x00000000c5e00000| Untracked 
|  63|0x00000000c5f00000, 0x00000000c5f00000, 0x00000000c6000000|  0%| F|  |TAMS 0x00000000c5f00000, 0x00000000c5f00000| Untracked 
|  64|0x00000000c6000000, 0x00000000c6000000, 0x00000000c6100000|  0%| F|  |TAMS 0x00000000c6000000, 0x00000000c6000000| Untracked 
|  65|0x00000000c6100000, 0x00000000c6100000, 0x00000000c6200000|  0%| F|  |TAMS 0x00000000c6100000, 0x00000000c6100000| Untracked 
|  66|0x00000000c6200000, 0x00000000c6200000, 0x00000000c6300000|  0%| F|  |TAMS 0x00000000c6200000, 0x00000000c6200000| Untracked 
|  67|0x00000000c6300000, 0x00000000c6300000, 0x00000000c6400000|  0%| F|  |TAMS 0x00000000c6300000, 0x00000000c6300000| Untracked 
|  68|0x00000000c6400000, 0x00000000c6400000, 0x00000000c6500000|  0%| F|  |TAMS 0x00000000c6400000, 0x00000000c6400000| Untracked 
|  69|0x00000000c6500000, 0x00000000c6500000, 0x00000000c6600000|  0%| F|  |TAMS 0x00000000c6500000, 0x00000000c6500000| Untracked 
|  70|0x00000000c6600000, 0x00000000c6600000, 0x00000000c6700000|  0%| F|  |TAMS 0x00000000c6600000, 0x00000000c6600000| Untracked 
|  71|0x00000000c6700000, 0x00000000c6700000, 0x00000000c6800000|  0%| F|  |TAMS 0x00000000c6700000, 0x00000000c6700000| Untracked 
|  72|0x00000000c6800000, 0x00000000c68e3200, 0x00000000c6900000| 88%| E|  |TAMS 0x00000000c6800000, 0x00000000c6800000| Complete 
|  73|0x00000000c6900000, 0x00000000c6a00000, 0x00000000c6a00000|100%| E|CS|TAMS 0x00000000c6900000, 0x00000000c6900000| Complete 
|  74|0x00000000c6a00000, 0x00000000c6b00000, 0x00000000c6b00000|100%| E|CS|TAMS 0x00000000c6a00000, 0x00000000c6a00000| Complete 

Card table byte_map: [0x0000022cfaa10000,0x0000022cfac00000] _byte_map_base: 0x0000022cfa400000

Marking Bits (Prev, Next): (CMBitMap*) 0x0000022ce3d17010, (CMBitMap*) 0x0000022ce3d17050
 Prev Bits: [0x0000022cfadf0000, 0x0000022cfbd70000)
 Next Bits: [0x0000022cfbd70000, 0x0000022cfccf0000)

Polling page: 0x0000022ce1c40000

Metaspace:

Usage:
  Non-class:     46.87 MB used.
      Class:      6.33 MB used.
       Both:     53.20 MB used.

Virtual space:
  Non-class space:       64.00 MB reserved,      47.12 MB ( 74%) committed,  1 nodes.
      Class space:        1.00 GB reserved,       6.50 MB ( <1%) committed,  1 nodes.
             Both:        1.06 GB reserved,      53.62 MB (  5%) committed. 

Chunk freelists:
   Non-Class:  816.00 KB
       Class:  9.50 MB
        Both:  10.30 MB

MaxMetaspaceSize: unlimited
CompressedClassSpaceSize: 1.00 GB
Initial GC threshold: 21.00 MB
Current GC threshold: 89.31 MB
CDS: on
MetaspaceReclaimPolicy: balanced
 - commit_granule_bytes: 65536.
 - commit_granule_words: 8192.
 - virtual_space_node_default_size: 8388608.
 - enlarge_chunks_in_place: 1.
 - new_chunks_are_fully_committed: 0.
 - uncommit_free_chunks: 1.
 - use_allocation_guard: 0.
 - handle_deallocations: 1.


Internal statistics:

num_allocs_failed_limit: 3.
num_arena_births: 362.
num_arena_deaths: 0.
num_vsnodes_births: 2.
num_vsnodes_deaths: 0.
num_space_committed: 856.
num_space_uncommitted: 0.
num_chunks_returned_to_freelist: 3.
num_chunks_taken_from_freelist: 2225.
num_chunk_merges: 3.
num_chunk_splits: 1744.
num_chunks_enlarged: 1504.
num_inconsistent_stats: 0.

CodeHeap 'non-profiled nmethods': size=120000Kb used=2944Kb max_used=2944Kb free=117055Kb
 bounds [0x0000022cf32f0000, 0x0000022cf35e0000, 0x0000022cfa820000]
CodeHeap 'profiled nmethods': size=120000Kb used=10021Kb max_used=10890Kb free=109979Kb
 bounds [0x0000022ceb820000, 0x0000022cec2d0000, 0x0000022cf2d50000]
CodeHeap 'non-nmethods': size=5760Kb used=1346Kb max_used=1410Kb free=4413Kb
 bounds [0x0000022cf2d50000, 0x0000022cf2fc0000, 0x0000022cf32f0000]
 total_blobs=5439 nmethods=4758 adapters=593
 compilation: enabled
              stopped_count=0, restarted_count=0
 full_count=0

Compilation events (20 events):
Event: 35.817 Thread 0x0000022cff170ba0 nmethod 5498 0x0000022cf35cd390 code [0x0000022cf35cd600, 0x0000022cf35ce730]
Event: 35.817 Thread 0x0000022cff18b9b0 5516       2       kotlin.collections.SetsKt___SetsKt::plus (89 bytes)
Event: 35.818 Thread 0x0000022cff170ba0 5488       4       org.jetbrains.kotlin.protobuf.FieldSet::getSerializedSize (109 bytes)
Event: 35.818 Thread 0x0000022cff18b9b0 nmethod 5516 0x0000022ceb88f790 code [0x0000022ceb88faa0, 0x0000022ceb8903a8]
Event: 35.818 Thread 0x0000022cff18b9b0 5517       2       kotlin.collections.CollectionsKt__IterablesKt::collectionSizeOrNull (30 bytes)
Event: 35.819 Thread 0x0000022cff18b9b0 nmethod 5517 0x0000022ceb88ee90 code [0x0000022ceb88f0a0, 0x0000022ceb88f508]
Event: 35.819 Thread 0x0000022cff18b9b0 5518       2       org.jetbrains.kotlin.serialization.deserialization.descriptors.DeserializedMemberScope$OptimizedImplementation::getTypeAliasNames (10 bytes)
Event: 35.820 Thread 0x0000022cff18b9b0 nmethod 5518 0x0000022cec26b590 code [0x0000022cec26b720, 0x0000022cec26b848]
Event: 35.820 Thread 0x0000022cff18b9b0 5519       2       org.jetbrains.kotlin.name.ClassId::isNestedClass (19 bytes)
Event: 35.821 Thread 0x0000022cff18b9b0 nmethod 5519 0x0000022ceb966410 code [0x0000022ceb9665c0, 0x0000022ceb966748]
Event: 35.821 Thread 0x0000022cff18b9b0 5520       2       java.util.LinkedHashMap$LinkedKeySet::size (8 bytes)
Event: 35.821 Thread 0x0000022cff18b9b0 nmethod 5520 0x0000022ceb965f90 code [0x0000022ceb966120, 0x0000022ceb966238]
Event: 35.821 Thread 0x0000022cff18b9b0 5521       2       kotlin.collections.EmptySet::size (5 bytes)
Event: 35.821 Thread 0x0000022cff18b9b0 nmethod 5521 0x0000022cebe4df90 code [0x0000022cebe4e120, 0x0000022cebe4e238]
Event: 35.822 Thread 0x0000022cff18b9b0 5522       1       org.jetbrains.kotlin.descriptors.ModuleDescriptor$DefaultImpls::getContainingDeclaration (2 bytes)
Event: 35.822 Thread 0x0000022cff18b9b0 nmethod 5522 0x0000022cf35cf890 code [0x0000022cf35cfa20, 0x0000022cf35cfad8]
Event: 35.823 Thread 0x0000022cff18b9b0 5523       1       kotlin.sequences.TransformingSequence::access$getSequence$p (5 bytes)
Event: 35.823 Thread 0x0000022cff18b9b0 nmethod 5523 0x0000022cf35cfb90 code [0x0000022cf35cfd20, 0x0000022cf35cfdd8]
Event: 35.823 Thread 0x0000022cff18b9b0 5524       2       java.nio.file.Files::readAttributes (11 bytes)
Event: 35.824 Thread 0x0000022cff18b9b0 nmethod 5524 0x0000022cebe4db90 code [0x0000022cebe4dd40, 0x0000022cebe4dec8]

GC Heap History (20 events):
Event: 26.749 GC heap before
{Heap before GC invocations=15 (full 0):
 garbage-first heap   total 46080K, used 35840K [0x00000000c2000000, 0x0000000100000000)
  region size 1024K, 13 young (13312K), 2 survivors (2048K)
 Metaspace       used 44686K, committed 44992K, reserved 1114112K
  class space    used 5507K, committed 5632K, reserved 1048576K
}
Event: 26.754 GC heap after
{Heap after GC invocations=16 (full 0):
 garbage-first heap   total 46080K, used 27209K [0x00000000c2000000, 0x0000000100000000)
  region size 1024K, 2 young (2048K), 2 survivors (2048K)
 Metaspace       used 44686K, committed 44992K, reserved 1114112K
  class space    used 5507K, committed 5632K, reserved 1048576K
}
Event: 27.200 GC heap before
{Heap before GC invocations=17 (full 0):
 garbage-first heap   total 50176K, used 34377K [0x00000000c2000000, 0x0000000100000000)
  region size 1024K, 10 young (10240K), 2 survivors (2048K)
 Metaspace       used 46161K, committed 46464K, reserved 1114112K
  class space    used 5629K, committed 5760K, reserved 1048576K
}
Event: 27.204 GC heap after
{Heap after GC invocations=18 (full 0):
 garbage-first heap   total 50176K, used 28011K [0x00000000c2000000, 0x0000000100000000)
  region size 1024K, 1 young (1024K), 1 survivors (1024K)
 Metaspace       used 46161K, committed 46464K, reserved 1114112K
  class space    used 5629K, committed 5760K, reserved 1048576K
}
Event: 28.117 GC heap before
{Heap before GC invocations=18 (full 0):
 garbage-first heap   total 50176K, used 38251K [0x00000000c2000000, 0x0000000100000000)
  region size 1024K, 12 young (12288K), 1 survivors (1024K)
 Metaspace       used 48302K, committed 48640K, reserved 1114112K
  class space    used 5807K, committed 5952K, reserved 1048576K
}
Event: 28.122 GC heap after
{Heap after GC invocations=19 (full 0):
 garbage-first heap   total 50176K, used 29764K [0x00000000c2000000, 0x0000000100000000)
  region size 1024K, 2 young (2048K), 2 survivors (2048K)
 Metaspace       used 48302K, committed 48640K, reserved 1114112K
  class space    used 5807K, committed 5952K, reserved 1048576K
}
Event: 29.159 GC heap before
{Heap before GC invocations=20 (full 0):
 garbage-first heap   total 53248K, used 38980K [0x00000000c2000000, 0x0000000100000000)
  region size 1024K, 11 young (11264K), 2 survivors (2048K)
 Metaspace       used 50268K, committed 50624K, reserved 1114112K
  class space    used 6001K, committed 6144K, reserved 1048576K
}
Event: 29.166 GC heap after
{Heap after GC invocations=21 (full 0):
 garbage-first heap   total 53248K, used 31185K [0x00000000c2000000, 0x0000000100000000)
  region size 1024K, 2 young (2048K), 2 survivors (2048K)
 Metaspace       used 50268K, committed 50624K, reserved 1114112K
  class space    used 6001K, committed 6144K, reserved 1048576K
}
Event: 32.050 GC heap before
{Heap before GC invocations=21 (full 0):
 garbage-first heap   total 53248K, used 40401K [0x00000000c2000000, 0x0000000100000000)
  region size 1024K, 11 young (11264K), 2 survivors (2048K)
 Metaspace       used 50601K, committed 50880K, reserved 1114112K
  class space    used 6025K, committed 6144K, reserved 1048576K
}
Event: 32.058 GC heap after
{Heap after GC invocations=22 (full 0):
 garbage-first heap   total 53248K, used 34778K [0x00000000c2000000, 0x0000000100000000)
  region size 1024K, 2 young (2048K), 2 survivors (2048K)
 Metaspace       used 50601K, committed 50880K, reserved 1114112K
  class space    used 6025K, committed 6144K, reserved 1048576K
}
Event: 32.923 GC heap before
{Heap before GC invocations=23 (full 0):
 garbage-first heap   total 60416K, used 41946K [0x00000000c2000000, 0x0000000100000000)
  region size 1024K, 9 young (9216K), 2 survivors (2048K)
 Metaspace       used 51960K, committed 52288K, reserved 1114112K
  class space    used 6205K, committed 6336K, reserved 1048576K
}
Event: 32.929 GC heap after
{Heap after GC invocations=24 (full 0):
 garbage-first heap   total 60416K, used 35620K [0x00000000c2000000, 0x0000000100000000)
  region size 1024K, 1 young (1024K), 1 survivors (1024K)
 Metaspace       used 51960K, committed 52288K, reserved 1114112K
  class space    used 6205K, committed 6336K, reserved 1048576K
}
Event: 34.337 GC heap before
{Heap before GC invocations=24 (full 0):
 garbage-first heap   total 60416K, used 45860K [0x00000000c2000000, 0x0000000100000000)
  region size 1024K, 12 young (12288K), 1 survivors (1024K)
 Metaspace       used 53887K, committed 54272K, reserved 1114112K
  class space    used 6422K, committed 6592K, reserved 1048576K
}
Event: 34.341 GC heap after
{Heap after GC invocations=25 (full 0):
 garbage-first heap   total 60416K, used 36546K [0x00000000c2000000, 0x0000000100000000)
  region size 1024K, 2 young (2048K), 2 survivors (2048K)
 Metaspace       used 53887K, committed 54272K, reserved 1114112K
  class space    used 6422K, committed 6592K, reserved 1048576K
}
Event: 35.046 GC heap before
{Heap before GC invocations=26 (full 0):
 garbage-first heap   total 63488K, used 46786K [0x00000000c2000000, 0x0000000100000000)
  region size 1024K, 12 young (12288K), 2 survivors (2048K)
 Metaspace       used 54407K, committed 54848K, reserved 1114112K
  class space    used 6479K, committed 6656K, reserved 1048576K
}
Event: 35.054 GC heap after
{Heap after GC invocations=27 (full 0):
 garbage-first heap   total 63488K, used 39340K [0x00000000c2000000, 0x0000000100000000)
  region size 1024K, 2 young (2048K), 2 survivors (2048K)
 Metaspace       used 54407K, committed 54848K, reserved 1114112K
  class space    used 6479K, committed 6656K, reserved 1048576K
}
Event: 35.058 GC heap before
{Heap before GC invocations=27 (full 0):
 garbage-first heap   total 63488K, used 40364K [0x00000000c2000000, 0x0000000100000000)
  region size 1024K, 3 young (3072K), 2 survivors (2048K)
 Metaspace       used 54407K, committed 54848K, reserved 1114112K
  class space    used 6479K, committed 6656K, reserved 1048576K
}
Event: 35.062 GC heap after
{Heap after GC invocations=28 (full 0):
 garbage-first heap   total 63488K, used 39086K [0x00000000c2000000, 0x0000000100000000)
  region size 1024K, 1 young (1024K), 1 survivors (1024K)
 Metaspace       used 54407K, committed 54848K, reserved 1114112K
  class space    used 6479K, committed 6656K, reserved 1048576K
}
Event: 35.590 GC heap before
{Heap before GC invocations=28 (full 0):
 garbage-first heap   total 63488K, used 49326K [0x00000000c2000000, 0x0000000100000000)
  region size 1024K, 11 young (11264K), 1 survivors (1024K)
 Metaspace       used 54466K, committed 54848K, reserved 1114112K
  class space    used 6479K, committed 6656K, reserved 1048576K
}
Event: 35.595 GC heap after
{Heap after GC invocations=29 (full 0):
 garbage-first heap   total 63488K, used 40941K [0x00000000c2000000, 0x0000000100000000)
  region size 1024K, 2 young (2048K), 2 survivors (2048K)
 Metaspace       used 54466K, committed 54848K, reserved 1114112K
  class space    used 6479K, committed 6656K, reserved 1048576K
}

Dll operation events (8 events):
Event: 0.034 Loaded shared library C:\Program Files\Eclipse Adoptium\jdk-17.0.15.6-hotspot\bin\java.dll
Event: 0.089 Loaded shared library C:\Program Files\Eclipse Adoptium\jdk-17.0.15.6-hotspot\bin\jsvml.dll
Event: 0.420 Loaded shared library C:\Program Files\Eclipse Adoptium\jdk-17.0.15.6-hotspot\bin\net.dll
Event: 0.428 Loaded shared library C:\Program Files\Eclipse Adoptium\jdk-17.0.15.6-hotspot\bin\nio.dll
Event: 0.439 Loaded shared library C:\Program Files\Eclipse Adoptium\jdk-17.0.15.6-hotspot\bin\zip.dll
Event: 0.698 Loaded shared library C:\Program Files\Eclipse Adoptium\jdk-17.0.15.6-hotspot\bin\jimage.dll
Event: 5.603 Loaded shared library C:\Program Files\Eclipse Adoptium\jdk-17.0.15.6-hotspot\bin\verify.dll
Event: 16.371 Loaded shared library C:\Users\hafid\AppData\Local\Temp\sqlite-3.41.2.1-a45c9237-b4c7-48b0-becd-874ae9b7db6b-sqlitejdbc.dll

Deoptimization events (20 events):
Event: 32.948 Thread 0x0000022cff3b5300 Uncommon trap: trap_request=0xffffffc6 fr.pc=0x0000022cf3516e4c relative=0x00000000000006ec
Event: 32.948 Thread 0x0000022cff3b5300 Uncommon trap: reason=bimorphic_or_optimized_type_check action=maybe_recompile pc=0x0000022cf3516e4c method=org.jetbrains.kotlin.protobuf.CodedInputStream.tryRefillBuffer(I)Z @ 175 c2
Event: 32.949 Thread 0x0000022cff3b5300 DEOPT PACKING pc=0x0000022cf3516e4c sp=0x000000f018efc3f0
Event: 32.949 Thread 0x0000022cff3b5300 DEOPT UNPACKING pc=0x0000022cf2da69a3 sp=0x000000f018efc2d0 mode 2
Event: 33.147 Thread 0x0000022cff3b5300 Uncommon trap: trap_request=0xffffff45 fr.pc=0x0000022cf34a5e54 relative=0x0000000000000714
Event: 33.147 Thread 0x0000022cff3b5300 Uncommon trap: reason=unstable_if action=reinterpret pc=0x0000022cf34a5e54 method=org.jetbrains.org.objectweb.asm.ClassReader.readUtf(II[C)Ljava/lang/String; @ 41 c2
Event: 33.147 Thread 0x0000022cff3b5300 DEOPT PACKING pc=0x0000022cf34a5e54 sp=0x000000f018efcb90
Event: 33.147 Thread 0x0000022cff3b5300 DEOPT UNPACKING pc=0x0000022cf2da69a3 sp=0x000000f018efca48 mode 2
Event: 33.151 Thread 0x0000022cff3b5300 Uncommon trap: trap_request=0xffffff45 fr.pc=0x0000022cf33792d8 relative=0x0000000000000698
Event: 33.151 Thread 0x0000022cff3b5300 Uncommon trap: reason=unstable_if action=reinterpret pc=0x0000022cf33792d8 method=org.jetbrains.org.objectweb.asm.ClassReader.readUtf(II[C)Ljava/lang/String; @ 41 c2
Event: 33.151 Thread 0x0000022cff3b5300 DEOPT PACKING pc=0x0000022cf33792d8 sp=0x000000f018efcb40
Event: 33.151 Thread 0x0000022cff3b5300 DEOPT UNPACKING pc=0x0000022cf2da69a3 sp=0x000000f018efca58 mode 2
Event: 33.152 Thread 0x0000022cff3b5300 Uncommon trap: trap_request=0xffffff45 fr.pc=0x0000022cf3370278 relative=0x0000000000000558
Event: 33.152 Thread 0x0000022cff3b5300 Uncommon trap: reason=unstable_if action=reinterpret pc=0x0000022cf3370278 method=org.jetbrains.org.objectweb.asm.ClassReader.readUtf(II[C)Ljava/lang/String; @ 41 c2
Event: 33.152 Thread 0x0000022cff3b5300 DEOPT PACKING pc=0x0000022cf3370278 sp=0x000000f018efca80
Event: 33.152 Thread 0x0000022cff3b5300 DEOPT UNPACKING pc=0x0000022cf2da69a3 sp=0x000000f018efca48 mode 2
Event: 34.209 Thread 0x0000022cff3b5300 Uncommon trap: trap_request=0xffffffc6 fr.pc=0x0000022cf33b6ecc relative=0x000000000000020c
Event: 34.209 Thread 0x0000022cff3b5300 Uncommon trap: reason=bimorphic_or_optimized_type_check action=maybe_recompile pc=0x0000022cf33b6ecc method=com.intellij.psi.impl.source.tree.CompositeElement.walkCachingLength()I @ 17 c2
Event: 34.209 Thread 0x0000022cff3b5300 DEOPT PACKING pc=0x0000022cf33b6ecc sp=0x000000f018efd060
Event: 34.209 Thread 0x0000022cff3b5300 DEOPT UNPACKING pc=0x0000022cf2da69a3 sp=0x000000f018efcff0 mode 2

Classes loaded (20 events):
Event: 22.888 Loading class java/util/regex/Pattern$1
Event: 22.939 Loading class java/util/regex/Pattern$1 done
Event: 23.235 Loading class java/util/PrimitiveIterator$OfInt
Event: 23.235 Loading class java/util/PrimitiveIterator
Event: 23.235 Loading class java/util/PrimitiveIterator done
Event: 23.235 Loading class java/util/PrimitiveIterator$OfInt done
Event: 23.536 Loading class java/util/function/IntUnaryOperator
Event: 23.536 Loading class java/util/function/IntUnaryOperator done
Event: 24.408 Loading class java/util/concurrent/locks/AbstractQueuedSynchronizer$ExclusiveNode
Event: 24.408 Loading class java/util/concurrent/locks/AbstractQueuedSynchronizer$ExclusiveNode done
Event: 32.305 Loading class java/io/FileFilter
Event: 32.308 Loading class java/io/FileFilter done
Event: 32.480 Loading class java/beans/PropertyChangeSupport
Event: 32.481 Loading class java/beans/PropertyChangeSupport done
Event: 32.481 Loading class java/beans/PropertyChangeSupport$PropertyChangeListenerMap
Event: 32.482 Loading class java/beans/ChangeListenerMap
Event: 32.483 Loading class java/beans/ChangeListenerMap done
Event: 32.483 Loading class java/beans/PropertyChangeSupport$PropertyChangeListenerMap done
Event: 32.483 Loading class java/beans/PropertyChangeListener
Event: 32.483 Loading class java/beans/PropertyChangeListener done

Classes unloaded (0 events):
No events

Classes redefined (0 events):
No events

Internal exceptions (20 events):
Event: 21.560 Thread 0x0000022cff3b34a0 Exception <a 'java/lang/NoSuchMethodError'{0x00000000c442e140}: 'java.lang.Object java.lang.invoke.DirectMethodHandle$Holder.invokeSpecial(java.lang.Object, java.lang.Object, java.lang.Object, java.lang.Object, int)'> (0x00000000c442e140) 
thrown [s\src\hotspot\share\interpreter\linkResolver.cpp, line 759]
Event: 21.560 Thread 0x0000022cff3b34a0 Exception <a 'java/lang/NoSuchMethodError'{0x00000000c4431f58}: 'java.lang.Object java.lang.invoke.Invokers$Holder.linkToTargetMethod(java.lang.Object, java.lang.Object, int, java.lang.Object)'> (0x00000000c4431f58) 
thrown [s\src\hotspot\share\interpreter\linkResolver.cpp, line 759]
Event: 21.697 Thread 0x0000022cff3b34a0 Exception <a 'sun/nio/fs/WindowsException'{0x00000000c44c31e8}> (0x00000000c44c31e8) 
thrown [s\src\hotspot\share\prims\jni.cpp, line 516]
Event: 21.697 Thread 0x0000022cff3b34a0 Exception <a 'sun/nio/fs/WindowsException'{0x00000000c44c37f8}> (0x00000000c44c37f8) 
thrown [s\src\hotspot\share\prims\jni.cpp, line 516]
Event: 22.308 Thread 0x0000022cff3b5300 Exception <a 'java/lang/NoSuchMethodError'{0x00000000c4a1b520}: 'java.lang.Object java.lang.invoke.Invokers$Holder.invokeExact_MT(java.lang.Object, java.lang.Object, java.lang.Object, java.lang.Object, java.lang.Object, java.lang.Object)'> (0x00000000c4a1b520) 
thrown [s\src\hotspot\share\interpreter\linkResolver.cpp, line 759]
Event: 23.219 Thread 0x0000022cff3b3ec0 Exception <a 'java/lang/NoSuchMethodError'{0x00000000c4a215c0}: 'java.lang.Object java.lang.invoke.DirectMethodHandle$Holder.invokeVirtual(java.lang.Object, java.lang.Object, java.lang.Object)'> (0x00000000c4a215c0) 
thrown [s\src\hotspot\share\interpreter\linkResolver.cpp, line 759]
Event: 23.869 Thread 0x0000022cff3b3ec0 Exception <a 'java/lang/NoSuchMethodError'{0x00000000c43ee770}: 'java.lang.Object java.lang.invoke.Invokers$Holder.invokeExact_MT(java.lang.Object, java.lang.Object, long, java.lang.Object)'> (0x00000000c43ee770) 
thrown [s\src\hotspot\share\interpreter\linkResolver.cpp, line 759]
Event: 24.931 Thread 0x0000022cff3b5300 Exception <a 'java/lang/NoSuchMethodError'{0x00000000c46fb6c8}: 'java.lang.Object java.lang.invoke.DirectMethodHandle$Holder.invokeStatic(java.lang.Object, java.lang.Object, int)'> (0x00000000c46fb6c8) 
thrown [s\src\hotspot\share\interpreter\linkResolver.cpp, line 759]
Event: 28.370 Thread 0x0000022cff3b5300 Exception <a 'java/lang/NoSuchMethodError'{0x00000000c50ad8d0}: 'java.lang.Object java.lang.invoke.DirectMethodHandle$Holder.newInvokeSpecial(java.lang.Object, java.lang.Object, java.lang.Object, java.lang.Object, java.lang.Object, java.lang.Object, java.lang.Object)'> (0x00000000c50ad8d0) 
thrown [s\src\hotspot\share\interpreter\linkResolver.cpp, line 759]
Event: 28.370 Thread 0x0000022cff3b5300 Exception <a 'java/lang/NoSuchMethodError'{0x00000000c50b21e0}: 'java.lang.Object java.lang.invoke.Invokers$Holder.linkToTargetMethod(java.lang.Object, java.lang.Object, java.lang.Object, java.lang.Object, java.lang.Object, java.lang.Object, java.lang.Object)'> (0x00000000c50b21e0) 
thrown [s\src\hotspot\share\interpreter\linkResolver.cpp, line 759]
Event: 28.553 Thread 0x0000022cff3b5300 Implicit null exception at 0x0000022cf34ec1cc to 0x0000022cf34ec2c0
Event: 32.532 Thread 0x0000022cff3b5300 Exception <a 'java/lang/NoSuchMethodError'{0x00000000c574d5d0}: 'int java.lang.invoke.DirectMethodHandle$Holder.invokeVirtual(java.lang.Object, java.lang.Object)'> (0x00000000c574d5d0) 
thrown [s\src\hotspot\share\interpreter\linkResolver.cpp, line 759]
Event: 32.610 Thread 0x0000022cff3b5300 Exception <a 'java/lang/NoSuchMethodError'{0x00000000c57ae110}: 'java.lang.Object java.lang.invoke.DirectMethodHandle$Holder.newInvokeSpecial(java.lang.Object, java.lang.Object, java.lang.Object, java.lang.Object, java.lang.Object, java.lang.Object, java.lang.Object, java.lang.Object)'> (0x00000000c57ae110) 
thrown [s\src\hotspot\share\interpreter\linkResolver.cpp, line 759]
Event: 32.611 Thread 0x0000022cff3b5300 Exception <a 'java/lang/NoSuchMethodError'{0x00000000c57b3728}: 'java.lang.Object java.lang.invoke.DirectMethodHandle$Holder.invokeSpecial(java.lang.Object, java.lang.Object, java.lang.Object, java.lang.Object, java.lang.Object, java.lang.Object, java.lang.Object, java.lang.Object, java.lang.Object)'> (0x00000000c57b3728) 
thrown [s\src\hotspot\share\interpreter\linkResolver.cpp, line 759]
Event: 32.611 Thread 0x0000022cff3b5300 Exception <a 'java/lang/NoSuchMethodError'{0x00000000c57b88b8}: 'java.lang.Object java.lang.invoke.Invokers$Holder.linkToTargetMethod(java.lang.Object, java.lang.Object, java.lang.Object, java.lang.Object, java.lang.Object, java.lang.Object, java.lang.Object, java.lang.Object)'> (0x00000000c57b88b8) 
thrown [s\src\hotspot\share\interpreter\linkResolver.cpp, line 759]
Event: 33.921 Thread 0x0000022cff3b5300 Exception <a 'java/lang/NoSuchMethodError'{0x00000000c54c36f0}: 'java.lang.Object java.lang.invoke.DirectMethodHandle$Holder.newInvokeSpecial(java.lang.Object, java.lang.Object, java.lang.Object, java.lang.Object, int)'> (0x00000000c54c36f0) 
thrown [s\src\hotspot\share\interpreter\linkResolver.cpp, line 759]
Event: 33.921 Thread 0x0000022cff3b5300 Exception <a 'java/lang/NoSuchMethodError'{0x00000000c54c7a28}: 'java.lang.Object java.lang.invoke.DirectMethodHandle$Holder.invokeSpecial(java.lang.Object, java.lang.Object, java.lang.Object, java.lang.Object, java.lang.Object, int)'> (0x00000000c54c7a28) 
thrown [s\src\hotspot\share\interpreter\linkResolver.cpp, line 759]
Event: 33.922 Thread 0x0000022cff3b5300 Exception <a 'java/lang/NoSuchMethodError'{0x00000000c54cb710}: 'java.lang.Object java.lang.invoke.Invokers$Holder.linkToTargetMethod(java.lang.Object, java.lang.Object, java.lang.Object, int, java.lang.Object)'> (0x00000000c54cb710) 
thrown [s\src\hotspot\share\interpreter\linkResolver.cpp, line 759]
Event: 34.137 Thread 0x0000022cff3b5300 Exception <a 'java/lang/NoSuchMethodError'{0x00000000c516ced8}: 'java.lang.Object java.lang.invoke.DirectMethodHandle$Holder.newInvokeSpecial(java.lang.Object, java.lang.Object, java.lang.Object, java.lang.Object, java.lang.Object, java.lang.Object)'> (0x00000000c516ced8) 
thrown [s\src\hotspot\share\interpreter\linkResolver.cpp, line 759]
Event: 34.620 Thread 0x0000022cff3b5300 Exception <a 'java/lang/NoSuchMethodError'{0x00000000c5c79488}: 'java.lang.Object java.lang.invoke.DirectMethodHandle$Holder.invokeStaticInit(java.lang.Object, java.lang.Object, java.lang.Object, java.lang.Object)'> (0x00000000c5c79488) 
thrown [s\src\hotspot\share\interpreter\linkResolver.cpp, line 759]

VM Operations (20 events):
Event: 33.404 Executing VM operation: HandshakeAllThreads
Event: 33.404 Executing VM operation: HandshakeAllThreads done
Event: 34.004 Executing VM operation: HandshakeAllThreads
Event: 34.004 Executing VM operation: HandshakeAllThreads done
Event: 34.004 Executing VM operation: Cleanup
Event: 34.004 Executing VM operation: Cleanup done
Event: 34.337 Executing VM operation: G1CollectForAllocation
Event: 34.341 Executing VM operation: G1CollectForAllocation done
Event: 34.431 Executing VM operation: G1PauseRemark
Event: 34.439 Executing VM operation: G1PauseRemark done
Event: 34.486 Executing VM operation: G1PauseCleanup
Event: 34.487 Executing VM operation: G1PauseCleanup done
Event: 35.045 Executing VM operation: G1CollectForAllocation
Event: 35.054 Executing VM operation: G1CollectForAllocation done
Event: 35.057 Executing VM operation: G1CollectForAllocation
Event: 35.062 Executing VM operation: G1CollectForAllocation done
Event: 35.590 Executing VM operation: G1CollectForAllocation
Event: 35.595 Executing VM operation: G1CollectForAllocation done
Event: 35.723 Executing VM operation: G1PauseRemark
Event: 35.814 Executing VM operation: G1PauseRemark done

Memory protections (0 events):
No events

Nmethod flushes (20 events):
Event: 30.113 Thread 0x0000022cff1b9e40 flushing  nmethod 0x0000022cec261d90
Event: 30.113 Thread 0x0000022cff1b9e40 flushing  nmethod 0x0000022cec26b590
Event: 30.113 Thread 0x0000022cff1b9e40 flushing  nmethod 0x0000022cec275010
Event: 30.113 Thread 0x0000022cff1b9e40 flushing  nmethod 0x0000022cec275f90
Event: 30.113 Thread 0x0000022cff1b9e40 flushing  nmethod 0x0000022cec27aa90
Event: 30.113 Thread 0x0000022cff1b9e40 flushing  nmethod 0x0000022cec283590
Event: 30.113 Thread 0x0000022cff1b9e40 flushing  nmethod 0x0000022cec283a10
Event: 30.113 Thread 0x0000022cff1b9e40 flushing  nmethod 0x0000022cec283f10
Event: 30.113 Thread 0x0000022cff1b9e40 flushing  nmethod 0x0000022cec284610
Event: 30.113 Thread 0x0000022cff1b9e40 flushing  nmethod 0x0000022cec28c710
Event: 30.113 Thread 0x0000022cff1b9e40 flushing  nmethod 0x0000022cec293b10
Event: 30.113 Thread 0x0000022cff1b9e40 flushing  nmethod 0x0000022cec297490
Event: 30.113 Thread 0x0000022cff1b9e40 flushing  nmethod 0x0000022cec2a5610
Event: 30.113 Thread 0x0000022cff1b9e40 flushing  nmethod 0x0000022cec2a9490
Event: 30.113 Thread 0x0000022cff1b9e40 flushing  nmethod 0x0000022cec2aaa10
Event: 30.113 Thread 0x0000022cff1b9e40 flushing  nmethod 0x0000022cec2ad990
Event: 30.113 Thread 0x0000022cff1b9e40 flushing  nmethod 0x0000022cec2b0f90
Event: 30.113 Thread 0x0000022cff1b9e40 flushing  nmethod 0x0000022cec2b4f10
Event: 30.113 Thread 0x0000022cff1b9e40 flushing  nmethod 0x0000022cec2b5c10
Event: 30.113 Thread 0x0000022cff1b9e40 flushing  nmethod 0x0000022cec2c0590

Events (20 events):
Event: 14.700 Thread 0x0000022cff3b48e0 Thread added: 0x0000022cff3b34a0
Event: 18.931 Thread 0x0000022cff18b9b0 Thread added: 0x0000022cff3581f0
Event: 19.720 Thread 0x0000022cff3581f0 Thread exited: 0x0000022cff3581f0
Event: 21.125 Thread 0x0000022cff3b34a0 Thread added: 0x0000022cff3b39b0
Event: 21.898 Thread 0x0000022cff18b9b0 Thread added: 0x0000022cce529fd0
Event: 22.123 Thread 0x0000022cff3b34a0 Thread added: 0x0000022cff3b5300
Event: 22.129 Thread 0x0000022cce529fd0 Thread exited: 0x0000022cce529fd0
Event: 22.671 Thread 0x0000022cff18b9b0 Thread added: 0x0000022cce526830
Event: 22.949 Thread 0x0000022cff3b48e0 Thread added: 0x0000022cff3b3ec0
Event: 25.114 Thread 0x0000022cce526830 Thread exited: 0x0000022cce526830
Event: 28.053 Thread 0x0000022cff18b9b0 Thread added: 0x0000022ccf9eca80
Event: 28.383 Thread 0x0000022ccf9eca80 Thread exited: 0x0000022ccf9eca80
Event: 28.740 Thread 0x0000022cff18b9b0 Thread added: 0x0000022ccefc7350
Event: 31.821 Thread 0x0000022ccefc7350 Thread exited: 0x0000022ccefc7350
Event: 32.362 Thread 0x0000022cff18b9b0 Thread added: 0x0000022cff539340
Event: 32.497 Thread 0x0000022cff539340 Thread exited: 0x0000022cff539340
Event: 32.549 Thread 0x0000022cff18b9b0 Thread added: 0x0000022cff539340
Event: 32.807 Thread 0x0000022cff539340 Thread exited: 0x0000022cff539340
Event: 32.832 Thread 0x0000022cff18b9b0 Thread added: 0x0000022cff539340
Event: 33.149 Thread 0x0000022cff539340 Thread exited: 0x0000022cff539340


Dynamic libraries:
0x00007ff7843e0000 - 0x00007ff7843ee000 	C:\Program Files\Eclipse Adoptium\jdk-17.0.15.6-hotspot\bin\java.exe
0x00007ff927fd0000 - 0x00007ff9281e7000 	C:\Windows\SYSTEM32\ntdll.dll
0x00007ff926360000 - 0x00007ff926424000 	C:\Windows\System32\KERNEL32.DLL
0x00007ff925570000 - 0x00007ff925927000 	C:\Windows\System32\KERNELBASE.dll
0x00007ff925be0000 - 0x00007ff925cf1000 	C:\Windows\System32\ucrtbase.dll
0x00007ff913100000 - 0x00007ff913117000 	C:\Program Files\Eclipse Adoptium\jdk-17.0.15.6-hotspot\bin\jli.dll
0x00007ff926080000 - 0x00007ff92622f000 	C:\Windows\System32\USER32.dll
0x00007ff925b40000 - 0x00007ff925b66000 	C:\Windows\System32\win32u.dll
0x00007ff9271b0000 - 0x00007ff9271d9000 	C:\Windows\System32\GDI32.dll
0x00007ff925450000 - 0x00007ff925568000 	C:\Windows\System32\gdi32full.dll
0x00007ff925aa0000 - 0x00007ff925b3a000 	C:\Windows\System32\msvcp_win.dll
0x00007ff912e40000 - 0x00007ff912e5e000 	C:\Program Files\Eclipse Adoptium\jdk-17.0.15.6-hotspot\bin\VCRUNTIME140.dll
0x00007ff90f5c0000 - 0x00007ff90f853000 	C:\Windows\WinSxS\amd64_microsoft.windows.common-controls_6595b64144ccf1df_6.0.22621.3672_none_2713b9d173822955\COMCTL32.dll
0x00007ff926690000 - 0x00007ff926737000 	C:\Windows\System32\msvcrt.dll
0x00007ff927160000 - 0x00007ff927191000 	C:\Windows\System32\IMM32.DLL
0x00007ff9130f0000 - 0x00007ff9130fc000 	C:\Program Files\Eclipse Adoptium\jdk-17.0.15.6-hotspot\bin\vcruntime140_1.dll
0x00007ff8dee90000 - 0x00007ff8def1d000 	C:\Program Files\Eclipse Adoptium\jdk-17.0.15.6-hotspot\bin\msvcp140.dll
0x00007ff8ce070000 - 0x00007ff8cecdb000 	C:\Program Files\Eclipse Adoptium\jdk-17.0.15.6-hotspot\bin\server\jvm.dll
0x00007ff9264b0000 - 0x00007ff926562000 	C:\Windows\System32\ADVAPI32.dll
0x00007ff927820000 - 0x00007ff9278c8000 	C:\Windows\System32\sechost.dll
0x00007ff9259f0000 - 0x00007ff925a18000 	C:\Windows\System32\bcrypt.dll
0x00007ff926fb0000 - 0x00007ff9270c4000 	C:\Windows\System32\RPCRT4.dll
0x00007ff927f10000 - 0x00007ff927f81000 	C:\Windows\System32\WS2_32.dll
0x00007ff924150000 - 0x00007ff92419d000 	C:\Windows\SYSTEM32\POWRPROF.dll
0x00007ff9215b0000 - 0x00007ff9215e4000 	C:\Windows\SYSTEM32\WINMM.dll
0x00007ff921150000 - 0x00007ff92115a000 	C:\Windows\SYSTEM32\VERSION.dll
0x00007ff924130000 - 0x00007ff924143000 	C:\Windows\SYSTEM32\UMPDC.dll
0x00007ff924380000 - 0x00007ff924398000 	C:\Windows\SYSTEM32\kernel.appcore.dll
0x00007ff912e20000 - 0x00007ff912e2a000 	C:\Program Files\Eclipse Adoptium\jdk-17.0.15.6-hotspot\bin\jimage.dll
0x00007ff90fcc0000 - 0x00007ff90fef2000 	C:\Windows\SYSTEM32\DBGHELP.DLL
0x00007ff9271e0000 - 0x00007ff92756e000 	C:\Windows\System32\combase.dll
0x00007ff926570000 - 0x00007ff926647000 	C:\Windows\System32\OLEAUT32.dll
0x00007ff914060000 - 0x00007ff914092000 	C:\Windows\SYSTEM32\dbgcore.DLL
0x00007ff925a20000 - 0x00007ff925a9b000 	C:\Windows\System32\bcryptPrimitives.dll
0x00007ff911eb0000 - 0x00007ff911ed5000 	C:\Program Files\Eclipse Adoptium\jdk-17.0.15.6-hotspot\bin\java.dll
0x00007ff8dd710000 - 0x00007ff8dd7e7000 	C:\Program Files\Eclipse Adoptium\jdk-17.0.15.6-hotspot\bin\jsvml.dll
0x00007ff926740000 - 0x00007ff926fa9000 	C:\Windows\System32\SHELL32.dll
0x00007ff923210000 - 0x00007ff923b0f000 	C:\Windows\SYSTEM32\windows.storage.dll
0x00007ff9230d0000 - 0x00007ff92320f000 	C:\Windows\SYSTEM32\wintypes.dll
0x00007ff925ec0000 - 0x00007ff925fb9000 	C:\Windows\System32\SHCORE.dll
0x00007ff9262b0000 - 0x00007ff92630e000 	C:\Windows\System32\shlwapi.dll
0x00007ff925210000 - 0x00007ff925237000 	C:\Windows\SYSTEM32\profapi.dll
0x00007ff9217c0000 - 0x00007ff9217d9000 	C:\Program Files\Eclipse Adoptium\jdk-17.0.15.6-hotspot\bin\net.dll
0x00007ff920a00000 - 0x00007ff920b36000 	C:\Windows\SYSTEM32\WINHTTP.dll
0x00007ff924840000 - 0x00007ff9248a9000 	C:\Windows\system32\mswsock.dll
0x00007ff921780000 - 0x00007ff921796000 	C:\Program Files\Eclipse Adoptium\jdk-17.0.15.6-hotspot\bin\nio.dll
0x00007ff91ee30000 - 0x00007ff91ee48000 	C:\Program Files\Eclipse Adoptium\jdk-17.0.15.6-hotspot\bin\zip.dll
0x00007ff924b90000 - 0x00007ff924bab000 	C:\Windows\SYSTEM32\CRYPTSP.dll
0x00007ff924340000 - 0x00007ff924375000 	C:\Windows\system32\rsaenh.dll
0x00007ff9248e0000 - 0x00007ff924908000 	C:\Windows\SYSTEM32\USERENV.dll
0x00007ff924b70000 - 0x00007ff924b7c000 	C:\Windows\SYSTEM32\CRYPTBASE.dll
0x00007ff923de0000 - 0x00007ff923e0d000 	C:\Windows\SYSTEM32\IPHLPAPI.DLL
0x00007ff9271a0000 - 0x00007ff9271a9000 	C:\Windows\System32\NSI.dll
0x00007ff920bf0000 - 0x00007ff920c09000 	C:\Windows\SYSTEM32\dhcpcsvc6.DLL
0x00007ff91ff30000 - 0x00007ff91ff4f000 	C:\Windows\SYSTEM32\dhcpcsvc.DLL
0x00007ff923e50000 - 0x00007ff923f52000 	C:\Windows\SYSTEM32\DNSAPI.dll
0x00007ff921770000 - 0x00007ff921780000 	C:\Program Files\Eclipse Adoptium\jdk-17.0.15.6-hotspot\bin\verify.dll
0x00007ff8dd620000 - 0x00007ff8dd709000 	C:\Users\hafid\AppData\Local\Temp\sqlite-3.41.2.1-a45c9237-b4c7-48b0-becd-874ae9b7db6b-sqlitejdbc.dll

dbghelp: loaded successfully - version: 4.0.5 - missing functions: none
symbol engine: initialized successfully - sym options: 0x614 - pdb path: .;C:\Program Files\Eclipse Adoptium\jdk-17.0.15.6-hotspot\bin;C:\Windows\SYSTEM32;C:\Windows\WinSxS\amd64_microsoft.windows.common-controls_6595b64144ccf1df_6.0.22621.3672_none_2713b9d173822955;C:\Program Files\Eclipse Adoptium\jdk-17.0.15.6-hotspot\bin\server;C:\Users\hafid\AppData\Local\Temp

VM Arguments:
jvm_args: -DkotlinLanguageServer.version=1.3.13 
java_command: org.javacs.kt.MainKt
java_class_path (initial): c:\Users\hafid\AppData\Roaming\Code\User\globalStorage\fwcd.kotlin\langServerInstall\server\lib\server-1.3.13.jar;c:\Users\hafid\AppData\Roaming\Code\User\globalStorage\fwcd.kotlin\langServerInstall\server\lib\shared-1.3.13.jar;c:\Users\hafid\AppData\Roaming\Code\User\globalStorage\fwcd.kotlin\langServerInstall\server\lib\kotlin-scripting-jvm-host-unshaded-2.1.0.jar;c:\Users\hafid\AppData\Roaming\Code\User\globalStorage\fwcd.kotlin\langServerInstall\server\lib\kotlin-scripting-compiler-2.1.0.jar;c:\Users\hafid\AppData\Roaming\Code\User\globalStorage\fwcd.kotlin\langServerInstall\server\lib\ktfmt-b5d31d1.jar;c:\Users\hafid\AppData\Roaming\Code\User\globalStorage\fwcd.kotlin\langServerInstall\server\lib\kotlin-compiler-2.1.0.jar;c:\Users\hafid\AppData\Roaming\Code\User\globalStorage\fwcd.kotlin\langServerInstall\server\lib\exposed-dao-0.37.3.jar;c:\Users\hafid\AppData\Roaming\Code\User\globalStorage\fwcd.kotlin\langServerInstall\server\lib\exposed-jdbc-0.37.3.jar;c:\Users\hafid\AppData\Roaming\Code\User\globalStorage\fwcd.kotlin\langServerInstall\server\lib\exposed-core-0.37.3.jar;c:\Users\hafid\AppData\Roaming\Code\User\globalStorage\fwcd.kotlin\langServerInstall\server\lib\kotlin-scripting-compiler-impl-2.1.0.jar;c:\Users\hafid\AppData\Roaming\Code\User\globalStorage\fwcd.kotlin\langServerInstall\server\lib\kotlin-reflect-2.1.0.jar;c:\Users\hafid\AppData\Roaming\Code\User\globalStorage\fwcd.kotlin\langServerInstall\server\lib\kotlin-scripting-jvm-2.1.0.jar;c:\Users\hafid\AppData\Roaming\Code\User\globalStorage\fwcd.kotlin\langServerInstall\server\lib\kotlin-scripting-common-2.1.0.jar;c:\Users\hafid\AppData\Roaming\Code\User\globalStorage\fwcd.kotlin\langServerInstall\server\lib\kotlinx-coroutines-core-jvm-1.6.4.jar;c:\Users\hafid\AppData\Roaming\Code\User\globalStorage\fwcd.kotlin\langServerInstall\server\lib\kotlin-stdlib-jdk8-2.1.0.jar;c:\Users\hafid\AppData\Roaming\Code\User\globalStorage\fwcd.kotlin\langServerInstall\server\lib\kotli
Launcher Type: SUN_STANDARD

[Global flags]
     intx CICompilerCount                          = 3                                         {product} {ergonomic}
     uint ConcGCThreads                            = 1                                         {product} {ergonomic}
     uint G1ConcRefinementThreads                  = 4                                         {product} {ergonomic}
   size_t G1HeapRegionSize                         = 1048576                                   {product} {ergonomic}
    uintx GCDrainStackTargetSize                   = 64                                        {product} {ergonomic}
   size_t InitialHeapSize                          = 65011712                                  {product} {ergonomic}
   size_t MarkStackSize                            = 4194304                                   {product} {ergonomic}
   size_t MaxHeapSize                              = 1040187392                                {product} {ergonomic}
   size_t MaxNewSize                               = 623902720                                 {product} {ergonomic}
   size_t MinHeapDeltaBytes                        = 1048576                                   {product} {ergonomic}
   size_t MinHeapSize                              = 8388608                                   {product} {ergonomic}
    uintx NonNMethodCodeHeapSize                   = 5832780                                {pd product} {ergonomic}
    uintx NonProfiledCodeHeapSize                  = 122912730                              {pd product} {ergonomic}
    uintx ProfiledCodeHeapSize                     = 122912730                              {pd product} {ergonomic}
    uintx ReservedCodeCacheSize                    = 251658240                              {pd product} {ergonomic}
     bool SegmentedCodeCache                       = true                                      {product} {ergonomic}
   size_t SoftMaxHeapSize                          = 1040187392                             {manageable} {ergonomic}
     bool UseCompressedClassPointers               = true                           {product lp64_product} {ergonomic}
     bool UseCompressedOops                        = true                           {product lp64_product} {ergonomic}
     bool UseG1GC                                  = true                                      {product} {ergonomic}
     bool UseLargePagesIndividualAllocation        = false                                  {pd product} {ergonomic}

Logging:
Log output configuration:
 #0: stdout all=warning uptime,level,tags
 #1: stderr all=off uptime,level,tags

Environment Variables:
JAVA_HOME=C:\Program Files\Eclipse Adoptium\jdk-17.0.15.6-hotspot
CLASSPATH=c:\Users\hafid\AppData\Roaming\Code\User\globalStorage\fwcd.kotlin\langServerInstall\server\lib\server-1.3.13.jar;c:\Users\hafid\AppData\Roaming\Code\User\globalStorage\fwcd.kotlin\langServerInstall\server\lib\shared-1.3.13.jar;c:\Users\hafid\AppData\Roaming\Code\User\globalStorage\fwcd.kotlin\langServerInstall\server\lib\kotlin-scripting-jvm-host-unshaded-2.1.0.jar;c:\Users\hafid\AppData\Roaming\Code\User\globalStorage\fwcd.kotlin\langServerInstall\server\lib\kotlin-scripting-compiler-2.1.0.jar;c:\Users\hafid\AppData\Roaming\Code\User\globalStorage\fwcd.kotlin\langServerInstall\server\lib\ktfmt-b5d31d1.jar;c:\Users\hafid\AppData\Roaming\Code\User\globalStorage\fwcd.kotlin\langServerInstall\server\lib\kotlin-compiler-2.1.0.jar;c:\Users\hafid\AppData\Roaming\Code\User\globalStorage\fwcd.kotlin\langServerInstall\server\lib\exposed-dao-0.37.3.jar;c:\Users\hafid\AppData\Roaming\Code\User\globalStorage\fwcd.kotlin\langServerInstall\server\lib\exposed-jdbc-0.37.3.jar;c:\Users\hafid\AppData\Roaming\Code\User\globalStorage\fwcd.kotlin\langServerInstall\server\lib\exposed-core-0.37.3.jar;c:\Users\hafid\AppData\Roaming\Code\User\globalStorage\fwcd.kotlin\langServerInstall\server\lib\kotlin-scripting-compiler-impl-2.1.0.jar;c:\Users\hafid\AppData\Roaming\Code\User\globalStorage\fwcd.kotlin\langServerInstall\server\lib\kotlin-reflect-2.1.0.jar;c:\Users\hafid\AppData\Roaming\Code\User\globalStorage\fwcd.kotlin\langServerInstall\server\lib\kotlin-scripting-jvm-2.1.0.jar;c:\Users\hafid\AppData\Roaming\Code\User\globalStorage\fwcd.kotlin\langServerInstall\server\lib\kotlin-scripting-common-2.1.0.jar;c:\Users\hafid\AppData\Roaming\Code\User\globalStorage\fwcd.kotlin\langServerInstall\server\lib\kotlinx-coroutines-core-jvm-1.6.4.jar;c:\Users\hafid\AppData\Roaming\Code\User\globalStorage\fwcd.kotlin\langServerInstall\server\lib\kotlin-stdlib-jdk8-2.1.0.jar;c:\Users\hafid\AppData\Roaming\Code\User\globalStorage\fwcd.kotlin\langServerInstall\server\lib\kotlin-stdlib-jdk7-2.1.0.jar;c:\Users\hafid\AppData\Roaming\Code\User\globalStorage\fwcd.kotlin\langServerInstall\server\lib\kotlin-stdlib-2.1.0.jar;c:\Users\hafid\AppData\Roaming\Code\User\globalStorage\fwcd.kotlin\langServerInstall\server\lib\org.eclipse.lsp4j-0.21.2.jar;c:\Users\hafid\AppData\Roaming\Code\User\globalStorage\fwcd.kotlin\langServerInstall\server\lib\org.eclipse.lsp4j.jsonrpc-0.21.2.jar;c:\Users\hafid\AppData\Roaming\Code\User\globalStorage\fwcd.kotlin\langServerInstall\server\lib\kotlin-sam-with-receiver-compiler-plugin-2.1.0.jar;c:\Users\hafid\AppData\Roaming\Code\User\globalStorage\fwcd.kotlin\langServerInstall\server\lib\fernflower-1.0.jar;c:\Users\hafid\AppData\Roaming\Code\User\globalStorage\fwcd.kotlin\langServerInstall\server\lib\h2-1.4.200.jar;c:\Users\hafid\AppData\Roaming\Code\User\globalStorage\fwcd.kotlin\langServerInstall\server\lib\jcommander-1.78.jar;c:\Users\hafid\AppData\Roaming\Code\User\globalStorage\fwcd.kotlin\langServerInstall\server\lib\sqlite-jdbc-3.41.2.1.jar;c:\Users\hafid\AppData\Roaming\Code\User\globalStorage\fwcd.kotlin\langServerInstall\server\lib\google-java-format-1.8.jar;c:\Users\hafid\AppData\Roaming\Code\User\globalStorage\fwcd.kotlin\langServerInstall\server\lib\guava-33.3.0-jre.jar;c:\Users\hafid\AppData\Roaming\Code\User\globalStorage\fwcd.kotlin\langServerInstall\server\lib\annotations-13.0.jar;c:\Users\hafid\AppData\Roaming\Code\User\globalStorage\fwcd.kotlin\langServerInstall\server\lib\gson-2.10.1.jar;c:\Users\hafid\AppData\Roaming\Code\User\globalStorage\fwcd.kotlin\langServerInstall\server\lib\kotlin-script-runtime-2.1.0.jar;c:\Users\hafid\AppData\Roaming\Code\User\globalStorage\fwcd.kotlin\langServerInstall\server\lib\trove4j-1.0.20200330.jar;c:\Users\hafid\AppData\Roaming\Code\User\globalStorage\fwcd.kotlin\langServerInstall\server\lib\jline-3.24.1.jar;c:\Users\hafid\AppData\Roaming\Code\User\globalStorage\fwcd.kotlin\langServerInstall\server\lib\slf4j-api-1.7.25.jar;c:\Users\hafid\AppData\Roaming\Code\User\globalStorage\fwcd.kotlin\langServerInstall\server\lib\jna-4.2.2.jar;c:\Users\hafid\AppData\Roaming\Code\User\globalStorage\fwcd.kotlin\langServerInstall\server\lib\failureaccess-1.0.2.jar;c:\Users\hafid\AppData\Roaming\Code\User\globalStorage\fwcd.kotlin\langServerInstall\server\lib\listenablefuture-9999.0-empty-to-avoid-conflict-with-guava.jar;c:\Users\hafid\AppData\Roaming\Code\User\globalStorage\fwcd.kotlin\langServerInstall\server\lib\jsr305-3.0.2.jar;c:\Users\hafid\AppData\Roaming\Code\User\globalStorage\fwcd.kotlin\langServerInstall\server\lib\checker-qual-3.43.0.jar;c:\Users\hafid\AppData\Roaming\Code\User\globalStorage\fwcd.kotlin\langServerInstall\server\lib\error_prone_annotations-2.28.0.jar
PATH=C:\Program Files\Eclipse Adoptium\jdk-17.0.15.6-hotspot\bin;C:\Program Files\Eclipse Adoptium\jdk-17.0.15.6-hotspot\bin;C:\Program Files\Common Files\Oracle\Java\javapath;C:\ProgramData\Oracle\Java\javapath;C:\Windows\system32;C:\Windows;C:\Windows\System32\Wbem;C:\Windows\System32\WindowsPowerShell\v1.0\;C:\Windows\System32\OpenSSH\;C:\Program Files (x86)\NVIDIA Corporation\PhysX\Common;C:\Windows\System32;C:\Users\Git\cmd;C:\Program Files\Docker\Docker\resources\bin;C:\Program Files\MongoDB\Server\8.0\bin;C:\xampp\php;C:\ProgramData\ComposerSetup\bin;C:\flutter\bin;C:\Users\hafid\AppData\Local\Android\sdk\platform-tools;C:\Program Files\nodejs\;C:\kotlinc\bin;C:\Users\hafid\AppData\Local\Programs\Python\Python310\Scripts\;C:\Users\hafid\AppData\Local\Programs\Python\Python310\;C:\Users\hafid\AppData\Local\Microsoft\WindowsApps;C:\Users\hafid\AppData\Local\Programs\Microsoft VS Code\bin;C:\Users\hafid\AppData\Roaming\Composer\vendor\bin;C:\Users\hafid\AppData\Roaming\npm;C:\Users\hafid\AppData\Local\Google\Cloud SDK\google-cloud-sdk\bin;D:\cursor\resources\app\bin;C:\Users\hafid\AppData\Local\Programs\Windsurf\bin;C:\Users\hafid\AppData\Local\Programs\Antigravity\bin
USERNAME=hafid
OS=Windows_NT
PROCESSOR_IDENTIFIER=Intel64 Family 6 Model 142 Stepping 9, GenuineIntel
TMP=C:\Users\hafid\AppData\Local\Temp
TEMP=C:\Users\hafid\AppData\Local\Temp



Periodic native trim disabled


---------------  S Y S T E M  ---------------

OS:
 Windows 11 , 64 bit Build 22621 (10.0.22621.3958)
OS uptime: 0 days 2:14 hours
Hyper-V role detected

CPU: total 4 (initial active 4) (2 cores per cpu, 2 threads per core) family 6 model 142 stepping 9 microcode 0xde, cx8, cmov, fxsr, ht, mmx, 3dnowpref, sse, sse2, sse3, ssse3, sse4.1, sse4.2, popcnt, lzcnt, tsc, tscinvbit, avx, avx2, aes, erms, clmul, bmi1, bmi2, adx, fma, vzeroupper, clflush, clflushopt, hv
Processor Information for all 4 processors :
  Max Mhz: 2712, Current Mhz: 2511, Mhz Limit: 2495

Memory: 4k page, system-wide physical 3964M (354M free)
TotalPageFile size 16252M (AvailPageFile size 1M)
current process WorkingSet (physical memory assigned to process): 193M, peak: 207M
current process commit charge ("private bytes"): 242M, peak: 243M

vm_info: OpenJDK 64-Bit Server VM (17.0.15+6) for windows-amd64 JRE (17.0.15+6), built on Apr 15 2025 21:25:47 by "admin" with MS VC++ 17.7 (VS2022)

END.
