#
# There is insufficient memory for the Java Runtime Environment to continue.
# Native memory allocation (malloc) failed to allocate 1136496 bytes. Error detail: Chunk::new
# Possible reasons:
#   The system is out of physical RAM or swap space
#   This process is running with CompressedOops enabled, and the Java Heap may be blocking the growth of the native heap
# Possible solutions:
#   Reduce memory load on the system
#   Increase physical memory or swap space
#   Check if swap backing store is full
#   Decrease Java heap size (-Xmx/-Xms)
#   Decrease number of Java threads
#   Decrease Java thread stack sizes (-Xss)
#   Set larger code cache with -XX:ReservedCodeCacheSize=
#   JVM is running with Unscaled Compressed Oops mode in which the Java heap is
#     placed in the first 4GB address space. The Java Heap base address is the
#     maximum limit for the native heap growth. Please use -XX:HeapBaseMinAddress
#     to set the Java Heap base and to place the Java Heap above 4GB virtual address.
# This output file may be truncated or incomplete.
#
#  Out of Memory Error (arena.cpp:168), pid=8688, tid=10768
#
# JRE version: OpenJDK Runtime Environment Temurin-21.0.9+10 (21.0.9+10) (build 21.0.9+10-LTS)
# Java VM: OpenJDK 64-Bit Server VM Temurin-21.0.9+10 (21.0.9+10-LTS, mixed mode, sharing, tiered, compressed oops, compressed class ptrs, parallel gc, windows-amd64)
# No core dump will be written. Minidumps are not enabled by default on client versions of Windows
#

---------------  S U M M A R Y ------------

Command Line: --add-modules=ALL-SYSTEM --add-opens=java.base/java.util=ALL-UNNAMED --add-opens=java.base/java.lang=ALL-UNNAMED --add-opens=java.base/sun.nio.fs=ALL-UNNAMED -Declipse.application=org.eclipse.jdt.ls.core.id1 -Dosgi.bundles.defaultStartLevel=4 -Declipse.product=org.eclipse.jdt.ls.core.product -Djava.import.generatesMetadataFilesAtProjectRoot=false -DDetectVMInstallationsJob.disabled=true -Dfile.encoding=utf8 -XX:+UseParallelGC -XX:GCTimeRatio=4 -XX:AdaptiveSizePolicyWeight=90 -Dsun.zip.disableMemoryMapping=true -Xmx2G -Xms100m -Xlog:disable -javaagent:c:\Users\hafid\.vscode\extensions\redhat.java-1.50.0-win32-x64\lombok\lombok-1.18.39-4050.jar -XX:+HeapDumpOnOutOfMemoryError -XX:HeapDumpPath=c:\Users\hafid\AppData\Roaming\Code\User\workspaceStorage\271670c6d88b3c30270340dfd9cafa37\redhat.java -Daether.dependencyCollector.impl=bf c:\Users\hafid\.vscode\extensions\redhat.java-1.50.0-win32-x64\server\plugins\org.eclipse.equinox.launcher_1.7.100.v20251111-0406.jar -configuration c:\Users\hafid\AppData\Roaming\Code\User\globalStorage\redhat.java\1.50.0\config_win -data c:\Users\hafid\AppData\Roaming\Code\User\workspaceStorage\271670c6d88b3c30270340dfd9cafa37\redhat.java\jdt_ws --pipe=\\.\pipe\lsp-0a70973c69b38eed0dc484803221ac3a-sock

Host: Intel(R) Core(TM) i5-7200U CPU @ 2.50GHz, 4 cores, 3G,  Windows 11 , 64 bit Build 22621 (10.0.22621.3958)
Time: Mon Dec  1 15:41:16 2025 SE Asia Standard Time elapsed time: 64.198526 seconds (0d 0h 1m 4s)

---------------  T H R E A D  ---------------

Current thread (0x0000015b36373ad0):  JavaThread "C2 CompilerThread0" daemon [_thread_in_native, id=10768, stack(0x0000003440200000,0x0000003440300000) (1024K)]


Current CompileTask:
C2:64198 8834   !   4       org.eclipse.core.internal.localstore.RefreshLocalVisitor::visit (454 bytes)

Stack: [0x0000003440200000,0x0000003440300000]
Native frames: (J=compiled Java code, j=interpreted, Vv=VM code, C=native code)
V  [jvm.dll+0x6d6e29]
V  [jvm.dll+0x8b4b76]
V  [jvm.dll+0x8b712e]
V  [jvm.dll+0x8b7813]
V  [jvm.dll+0x283d86]
V  [jvm.dll+0xc66ed]
V  [jvm.dll+0xc6c31]
V  [jvm.dll+0x3be501]
V  [jvm.dll+0x1e3b52]
V  [jvm.dll+0x24c0f3]
V  [jvm.dll+0x24b580]
V  [jvm.dll+0x1cb13e]
V  [jvm.dll+0x25b29d]
V  [jvm.dll+0x25982a]
V  [jvm.dll+0x3f7ea6]
V  [jvm.dll+0x85e9ad]
V  [jvm.dll+0x6d565d]
C  [ucrtbase.dll+0x29333]
C  [KERNEL32.DLL+0x1257d]
C  [ntdll.dll+0x5af08]


---------------  P R O C E S S  ---------------

Threads class SMR info:
_java_thread_list=0x0000015b7d708480, length=49, elements={
0x0000015b1f97a7c0, 0x0000015b36368560, 0x0000015b3636b200, 0x0000015b3636d110,
0x0000015b3636e020, 0x0000015b3636ef30, 0x0000015b36370b90, 0x0000015b36373ad0,
0x0000015b363e5090, 0x0000015b7c0fce80, 0x0000015b7c266a00, 0x0000015b7c6b2560,
0x0000015b7c6ebed0, 0x0000015b7c20f8b0, 0x0000015b7c2102e0, 0x0000015b363c34f0,
0x0000015b7d064c00, 0x0000015b7ce84ab0, 0x0000015b7ce87210, 0x0000015b7ce864f0,
0x0000015b7ce86b80, 0x0000015b7ce85140, 0x0000015b7ce878a0, 0x0000015b7ce857d0,
0x0000015b7d867cf0, 0x0000015b7d868380, 0x0000015b7d865590, 0x0000015b7d866940,
0x0000015b7d863b50, 0x0000015b7d866fd0, 0x0000015b7d8641e0, 0x0000015b7d864f00,
0x0000015b7d862110, 0x0000015b7d8690a0, 0x0000015b7d867660, 0x0000015b7d865c20,
0x0000015b7d869730, 0x0000015b7d862e30, 0x0000015b7d8634c0, 0x0000015b0151da20,
0x0000015b0151e0b0, 0x0000015b0151cd00, 0x0000015b0151bfe0, 0x0000015b0151c670,
0x0000015b005e4900, 0x0000015b005e3550, 0x0000015b005e2ec0, 0x0000015b005e4270,
0x0000015b005e4f90
}

Java Threads: ( => current thread )
  0x0000015b1f97a7c0 JavaThread "main"                              [_thread_blocked, id=8236, stack(0x000000343f700000,0x000000343f800000) (1024K)]
  0x0000015b36368560 JavaThread "Reference Handler"          daemon [_thread_blocked, id=260, stack(0x000000343fc00000,0x000000343fd00000) (1024K)]
  0x0000015b3636b200 JavaThread "Finalizer"                  daemon [_thread_blocked, id=8824, stack(0x000000343fd00000,0x000000343fe00000) (1024K)]
  0x0000015b3636d110 JavaThread "Signal Dispatcher"          daemon [_thread_blocked, id=1900, stack(0x000000343fe00000,0x000000343ff00000) (1024K)]
  0x0000015b3636e020 JavaThread "Attach Listener"            daemon [_thread_blocked, id=15164, stack(0x000000343ff00000,0x0000003440000000) (1024K)]
  0x0000015b3636ef30 JavaThread "Service Thread"             daemon [_thread_blocked, id=3060, stack(0x0000003440000000,0x0000003440100000) (1024K)]
  0x0000015b36370b90 JavaThread "Monitor Deflation Thread"   daemon [_thread_blocked, id=3464, stack(0x0000003440100000,0x0000003440200000) (1024K)]
=>0x0000015b36373ad0 JavaThread "C2 CompilerThread0"         daemon [_thread_in_native, id=10768, stack(0x0000003440200000,0x0000003440300000) (1024K)]
  0x0000015b363e5090 JavaThread "C1 CompilerThread0"         daemon [_thread_in_native, id=1640, stack(0x0000003440300000,0x0000003440400000) (1024K)]
  0x0000015b7c0fce80 JavaThread "Common-Cleaner"             daemon [_thread_blocked, id=1964, stack(0x0000003440400000,0x0000003440500000) (1024K)]
  0x0000015b7c266a00 JavaThread "Notification Thread"        daemon [_thread_blocked, id=9908, stack(0x0000003440500000,0x0000003440600000) (1024K)]
  0x0000015b7c6b2560 JavaThread "Active Thread: Equinox Container: a882b63c-d2c7-44f7-b14a-57badc6e5619"        [_thread_blocked, id=11748, stack(0x0000003440900000,0x0000003440a00000) (1024K)]
  0x0000015b7c6ebed0 JavaThread "Refresh Thread: Equinox Container: a882b63c-d2c7-44f7-b14a-57badc6e5619" daemon [_thread_blocked, id=12348, stack(0x0000003440a00000,0x0000003440b00000) (1024K)]
  0x0000015b7c20f8b0 JavaThread "Framework Event Dispatcher: Equinox Container: a882b63c-d2c7-44f7-b14a-57badc6e5619" daemon [_thread_blocked, id=9172, stack(0x0000003440b00000,0x0000003440c00000) (1024K)]
  0x0000015b7c2102e0 JavaThread "Start Level: Equinox Container: a882b63c-d2c7-44f7-b14a-57badc6e5619" daemon [_thread_blocked, id=4152, stack(0x0000003440c00000,0x0000003440d00000) (1024K)]
  0x0000015b363c34f0 JavaThread "Bundle File Closer"         daemon [_thread_blocked, id=8700, stack(0x0000003440d00000,0x0000003440e00000) (1024K)]
  0x0000015b7d064c00 JavaThread "SCR Component Actor"        daemon [_thread_blocked, id=15260, stack(0x0000003440e00000,0x0000003440f00000) (1024K)]
  0x0000015b7ce84ab0 JavaThread "Worker-JM"                         [_thread_blocked, id=11884, stack(0x0000003440f00000,0x0000003441000000) (1024K)]
  0x0000015b7ce87210 JavaThread "JNA Cleaner"                daemon [_thread_blocked, id=14616, stack(0x0000003441000000,0x0000003441100000) (1024K)]
  0x0000015b7ce864f0 JavaThread "Worker-0: Download Gradle Wrapper checksums"        [_thread_in_native, id=2064, stack(0x0000003441100000,0x0000003441200000) (1024K)]
  0x0000015b7ce86b80 JavaThread "Worker-1"                          [_thread_blocked, id=11856, stack(0x0000003441200000,0x0000003441300000) (1024K)]
  0x0000015b7ce85140 JavaThread "Worker-2: Refreshing workspace"        [_thread_in_native, id=14840, stack(0x0000003441300000,0x0000003441400000) (1024K)]
  0x0000015b7ce878a0 JavaThread "Worker-3"                          [_thread_blocked, id=15280, stack(0x0000003441400000,0x0000003441500000) (1024K)]
  0x0000015b7ce857d0 JavaThread "Worker-4"                          [_thread_blocked, id=6868, stack(0x0000003441500000,0x0000003441600000) (1024K)]
  0x0000015b7d867cf0 JavaThread "Java indexing"              daemon [_thread_blocked, id=9436, stack(0x0000003441700000,0x0000003441800000) (1024K)]
  0x0000015b7d868380 JavaThread "Worker-5"                          [_thread_blocked, id=12740, stack(0x0000003441800000,0x0000003441900000) (1024K)]
  0x0000015b7d865590 JavaThread "Worker-6"                          [_thread_blocked, id=6440, stack(0x0000003441b00000,0x0000003441c00000) (1024K)]
  0x0000015b7d866940 JavaThread "Worker-7: Initialize workspace"        [_thread_in_vm, id=8632, stack(0x0000003441c00000,0x0000003441d00000) (1024K)]
  0x0000015b7d863b50 JavaThread "Worker-8: Validating Gradle wrapper checksum..."        [_thread_blocked, id=15308, stack(0x0000003441d00000,0x0000003441e00000) (1024K)]
  0x0000015b7d866fd0 JavaThread "Thread-1"                   daemon [_thread_in_native, id=9032, stack(0x0000003441e00000,0x0000003441f00000) (1024K)]
  0x0000015b7d8641e0 JavaThread "Thread-2"                   daemon [_thread_in_native, id=11212, stack(0x0000003441f00000,0x0000003442000000) (1024K)]
  0x0000015b7d864f00 JavaThread "Thread-3"                   daemon [_thread_in_native, id=15272, stack(0x0000003442000000,0x0000003442100000) (1024K)]
  0x0000015b7d862110 JavaThread "Thread-4"                   daemon [_thread_in_native, id=8468, stack(0x0000003442100000,0x0000003442200000) (1024K)]
  0x0000015b7d8690a0 JavaThread "Thread-5"                   daemon [_thread_in_native, id=1844, stack(0x0000003442200000,0x0000003442300000) (1024K)]
  0x0000015b7d867660 JavaThread "pool-2-thread-1"                   [_thread_blocked, id=7420, stack(0x0000003442300000,0x0000003442400000) (1024K)]
  0x0000015b7d865c20 JavaThread "WorkspaceEventsHandler"            [_thread_blocked, id=14488, stack(0x0000003442400000,0x0000003442500000) (1024K)]
  0x0000015b7d869730 JavaThread "pool-1-thread-1"                   [_thread_blocked, id=14596, stack(0x0000003442500000,0x0000003442600000) (1024K)]
  0x0000015b7d862e30 JavaThread "ForkJoinPool.commonPool-worker-1" daemon [_thread_blocked, id=15008, stack(0x0000003442600000,0x0000003442700000) (1024K)]
  0x0000015b7d8634c0 JavaThread "ForkJoinPool.commonPool-worker-2" daemon [_thread_blocked, id=14352, stack(0x0000003442700000,0x0000003442800000) (1024K)]
  0x0000015b0151da20 JavaThread "Timer-0"                           [_thread_blocked, id=9440, stack(0x0000003441600000,0x0000003441700000) (1024K)]
  0x0000015b0151e0b0 JavaThread "Timer-1"                           [_thread_blocked, id=11620, stack(0x0000003442800000,0x0000003442900000) (1024K)]
  0x0000015b0151cd00 JavaThread "Timer-2"                           [_thread_blocked, id=14912, stack(0x0000003442900000,0x0000003442a00000) (1024K)]
  0x0000015b0151bfe0 JavaThread "Timer-3"                           [_thread_blocked, id=13088, stack(0x0000003442a00000,0x0000003442b00000) (1024K)]
  0x0000015b0151c670 JavaThread "Timer-4"                           [_thread_blocked, id=5032, stack(0x0000003442b00000,0x0000003442c00000) (1024K)]
  0x0000015b005e4900 JavaThread "Exec process"                      [_thread_blocked, id=10096, stack(0x0000003442d00000,0x0000003442e00000) (1024K)]
  0x0000015b005e3550 JavaThread "Exec process Thread 2"             [_thread_blocked, id=13124, stack(0x0000003442e00000,0x0000003442f00000) (1024K)]
  0x0000015b005e2ec0 JavaThread "Exec process Thread 3"             [_thread_blocked, id=12200, stack(0x0000003442f00000,0x0000003443000000) (1024K)]
  0x0000015b005e4270 JavaThread "Timer-5"                           [_thread_blocked, id=3260, stack(0x000000343f600000,0x000000343f700000) (1024K)]
  0x0000015b005e4f90 JavaThread "Timer-6"                           [_thread_blocked, id=10592, stack(0x0000003443100000,0x0000003443200000) (1024K)]
Total: 49

Other Threads:
  0x0000015b1fa3b5c0 VMThread "VM Thread"                           [id=14024, stack(0x000000343fb00000,0x000000343fc00000) (1024K)]
  0x0000015b1f9e6e20 WatcherThread "VM Periodic Task Thread"        [id=3804, stack(0x000000343fa00000,0x000000343fb00000) (1024K)]
  0x0000015b1f999b30 WorkerThread "GC Thread#0"                     [id=2144, stack(0x000000343f900000,0x000000343fa00000) (1024K)]
  0x0000015b7c478440 WorkerThread "GC Thread#1"                     [id=9184, stack(0x0000003440600000,0x0000003440700000) (1024K)]
  0x0000015b7c4787e0 WorkerThread "GC Thread#2"                     [id=1452, stack(0x0000003440700000,0x0000003440800000) (1024K)]
  0x0000015b7c6f9270 WorkerThread "GC Thread#3"                     [id=8560, stack(0x0000003440800000,0x0000003440900000) (1024K)]
Total: 6

Threads with active compile tasks:
C2 CompilerThread0  64250 8834   !   4       org.eclipse.core.internal.localstore.RefreshLocalVisitor::visit (454 bytes)
Total: 1

VM state: not at safepoint (normal execution)

VM Mutex/Monitor currently owned by a thread: None

Heap address: 0x0000000080000000, size: 2048 MB, Compressed Oops mode: 32-bit

CDS archive(s) mapped at: [0x0000015b37000000-0x0000015b37ba0000-0x0000015b37ba0000), size 12189696, SharedBaseAddress: 0x0000015b37000000, ArchiveRelocationMode: 1.
Compressed class space mapped at: 0x0000015b38000000-0x0000015b78000000, reserved size: 1073741824
Narrow klass base: 0x0000015b37000000, Narrow klass shift: 0, Narrow klass range: 0x100000000

GC Precious Log:
 CardTable entry size: 512
 CPUs: 4 total, 4 available
 Memory: 3964M
 Large Page Support: Disabled
 NUMA Support: Disabled
 Compressed Oops: Enabled (32-bit)
 Alignments: Space 512K, Generation 512K, Heap 2M
 Heap Min Capacity: 100M
 Heap Initial Capacity: 100M
 Heap Max Capacity: 2G
 Pre-touch: Disabled
 Parallel Workers: 4

Heap:
 PSYoungGen      total 10752K, used 7530K [0x00000000d5580000, 0x00000000d6580000, 0x0000000100000000)
  eden space 10240K, 71% used [0x00000000d5580000,0x00000000d5cb29f8,0x00000000d5f80000)
  from space 512K, 31% used [0x00000000d6500000,0x00000000d6528000,0x00000000d6580000)
  to   space 512K, 0% used [0x00000000d6480000,0x00000000d6480000,0x00000000d6500000)
 ParOldGen       total 68608K, used 62419K [0x0000000080000000, 0x0000000084300000, 0x00000000d5580000)
  object space 68608K, 90% used [0x0000000080000000,0x0000000083cf4d18,0x0000000084300000)
 Metaspace       used 68071K, committed 69504K, reserved 1114112K
  class space    used 8475K, committed 9088K, reserved 1048576K

Card table byte_map: [0x0000015b1f340000,0x0000015b1f750000] _byte_map_base: 0x0000015b1ef40000

Marking Bits: (ParMarkBitMap*) 0x00007ff8db5c2460
 Begin Bits: [0x0000015b31e30000, 0x0000015b33e30000)
 End Bits:   [0x0000015b33e30000, 0x0000015b35e30000)

Polling page: 0x0000015b1d880000

Metaspace:

Usage:
  Non-class:     58.20 MB used.
      Class:      8.28 MB used.
       Both:     66.48 MB used.

Virtual space:
  Non-class space:       64.00 MB reserved,      59.00 MB ( 92%) committed,  1 nodes.
      Class space:        1.00 GB reserved,       8.88 MB ( <1%) committed,  1 nodes.
             Both:        1.06 GB reserved,      67.88 MB (  6%) committed. 

Chunk freelists:
   Non-Class:  4.11 MB
       Class:  7.09 MB
        Both:  11.20 MB

MaxMetaspaceSize: unlimited
CompressedClassSpaceSize: 1.00 GB
Initial GC threshold: 21.00 MB
Current GC threshold: 97.31 MB
CDS: on
 - commit_granule_bytes: 65536.
 - commit_granule_words: 8192.
 - virtual_space_node_default_size: 8388608.
 - enlarge_chunks_in_place: 1.
 - use_allocation_guard: 0.


Internal statistics:

num_allocs_failed_limit: 11.
num_arena_births: 1230.
num_arena_deaths: 18.
num_vsnodes_births: 2.
num_vsnodes_deaths: 0.
num_space_committed: 1086.
num_space_uncommitted: 0.
num_chunks_returned_to_freelist: 31.
num_chunks_taken_from_freelist: 4199.
num_chunk_merges: 17.
num_chunk_splits: 2676.
num_chunks_enlarged: 1618.
num_inconsistent_stats: 0.

CodeHeap 'non-profiled nmethods': size=120000Kb used=6040Kb max_used=6040Kb free=113959Kb
 bounds [0x0000015b2a650000, 0x0000015b2ac40000, 0x0000015b31b80000]
CodeHeap 'profiled nmethods': size=120000Kb used=16331Kb max_used=16331Kb free=103668Kb
 bounds [0x0000015b22b80000, 0x0000015b23b80000, 0x0000015b2a0b0000]
CodeHeap 'non-nmethods': size=5760Kb used=1418Kb max_used=1487Kb free=4341Kb
 bounds [0x0000015b2a0b0000, 0x0000015b2a320000, 0x0000015b2a650000]
CodeCache: size=245760Kb, used=23789Kb, max_used=23858Kb, free=221968Kb
 total_blobs=8752, nmethods=8025, adapters=633, full_count=0
Compilation: enabled, stopped_count=0, restarted_count=0

Compilation events (20 events):
Event: 64.175 Thread 0x0000015b363e5090 8898       1       org.eclipse.jdt.internal.core.SingleTypeRequestor::getType (5 bytes)
Event: 64.175 Thread 0x0000015b363e5090 nmethod 8898 0x0000015b2ac35c90 code [0x0000015b2ac35e20, 0x0000015b2ac35ee8]
Event: 64.175 Thread 0x0000015b363e5090 8897       1       org.eclipse.jdt.internal.core.BinaryType::getElementType (3 bytes)
Event: 64.175 Thread 0x0000015b363e5090 nmethod 8897 0x0000015b2ac35f90 code [0x0000015b2ac36120, 0x0000015b2ac361e8]
Event: 64.175 Thread 0x0000015b363e5090 8900   !   3       org.eclipse.jdt.internal.core.util.DeduplicationUtil::intern (28 bytes)
Event: 64.175 Thread 0x0000015b363e5090 nmethod 8900 0x0000015b23b62810 code [0x0000015b23b629e0, 0x0000015b23b62d80]
Event: 64.175 Thread 0x0000015b363e5090 8899       3       org.eclipse.jdt.internal.core.BinaryMember::<init> (7 bytes)
Event: 64.176 Thread 0x0000015b363e5090 nmethod 8899 0x0000015b23b62f10 code [0x0000015b23b630e0, 0x0000015b23b63378]
Event: 64.176 Thread 0x0000015b363e5090 8901       3       org.eclipse.jdt.internal.core.JavaElementRequestor::acceptPackageFragment (28 bytes)
Event: 64.176 Thread 0x0000015b363e5090 nmethod 8901 0x0000015b23b63510 code [0x0000015b23b63720, 0x0000015b23b63e28]
Event: 64.176 Thread 0x0000015b363e5090 8902       3       org.eclipse.jdt.internal.core.NameLookup::findType (70 bytes)
Event: 64.177 Thread 0x0000015b363e5090 nmethod 8902 0x0000015b23b64110 code [0x0000015b23b64340, 0x0000015b23b64af0]
Event: 64.178 Thread 0x0000015b363e5090 8903       3       org.eclipse.jdt.internal.core.SingleTypeRequestor::<init> (10 bytes)
Event: 64.178 Thread 0x0000015b363e5090 nmethod 8903 0x0000015b23b64e10 code [0x0000015b23b64fc0, 0x0000015b23b65148]
Event: 64.178 Thread 0x0000015b363e5090 8904       3       org.eclipse.jdt.internal.core.JavaElement::calculateHashCode (32 bytes)
Event: 64.179 Thread 0x0000015b363e5090 nmethod 8904 0x0000015b23b65210 code [0x0000015b23b65420, 0x0000015b23b658d8]
Event: 64.179 Thread 0x0000015b363e5090 8905       3       org.eclipse.jdt.internal.core.SourceRefElement::calculateHashCode (12 bytes)
Event: 64.180 Thread 0x0000015b363e5090 nmethod 8905 0x0000015b23b65a90 code [0x0000015b23b65c80, 0x0000015b23b661c0]
Event: 64.180 Thread 0x0000015b363e5090 8906       3       org.eclipse.jdt.internal.core.PackageFragment::calculateHashCode (18 bytes)
Event: 64.181 Thread 0x0000015b363e5090 nmethod 8906 0x0000015b23b66390 code [0x0000015b23b66560, 0x0000015b23b66950]

GC Heap History (20 events):
Event: 59.973 GC heap before
{Heap before GC invocations=76 (full 3):
 PSYoungGen      total 10752K, used 10738K [0x00000000d5580000, 0x00000000d6680000, 0x0000000100000000)
  eden space 10240K, 100% used [0x00000000d5580000,0x00000000d5f80000,0x00000000d5f80000)
  from space 512K, 97% used [0x00000000d6600000,0x00000000d667c810,0x00000000d6680000)
  to   space 1024K, 0% used [0x00000000d6480000,0x00000000d6480000,0x00000000d6580000)
 ParOldGen       total 68608K, used 56445K [0x0000000080000000, 0x0000000084300000, 0x00000000d5580000)
  object space 68608K, 82% used [0x0000000080000000,0x000000008371f690,0x0000000084300000)
 Metaspace       used 61297K, committed 62528K, reserved 1114112K
  class space    used 7611K, committed 8128K, reserved 1048576K
}
Event: 59.976 GC heap after
{Heap after GC invocations=76 (full 3):
 PSYoungGen      total 11264K, used 358K [0x00000000d5580000, 0x00000000d6680000, 0x0000000100000000)
  eden space 10240K, 0% used [0x00000000d5580000,0x00000000d5580000,0x00000000d5f80000)
  from space 1024K, 34% used [0x00000000d6480000,0x00000000d64d98b8,0x00000000d6580000)
  to   space 512K, 0% used [0x00000000d6600000,0x00000000d6600000,0x00000000d6680000)
 ParOldGen       total 68608K, used 56863K [0x0000000080000000, 0x0000000084300000, 0x00000000d5580000)
  object space 68608K, 82% used [0x0000000080000000,0x0000000083787e48,0x0000000084300000)
 Metaspace       used 61297K, committed 62528K, reserved 1114112K
  class space    used 7611K, committed 8128K, reserved 1048576K
}
Event: 60.287 GC heap before
{Heap before GC invocations=77 (full 3):
 PSYoungGen      total 11264K, used 10598K [0x00000000d5580000, 0x00000000d6680000, 0x0000000100000000)
  eden space 10240K, 100% used [0x00000000d5580000,0x00000000d5f80000,0x00000000d5f80000)
  from space 1024K, 34% used [0x00000000d6480000,0x00000000d64d98b8,0x00000000d6580000)
  to   space 512K, 0% used [0x00000000d6600000,0x00000000d6600000,0x00000000d6680000)
 ParOldGen       total 68608K, used 56863K [0x0000000080000000, 0x0000000084300000, 0x00000000d5580000)
  object space 68608K, 82% used [0x0000000080000000,0x0000000083787e48,0x0000000084300000)
 Metaspace       used 61297K, committed 62528K, reserved 1114112K
  class space    used 7611K, committed 8128K, reserved 1048576K
}
Event: 60.288 GC heap after
{Heap after GC invocations=77 (full 3):
 PSYoungGen      total 10752K, used 192K [0x00000000d5580000, 0x00000000d6680000, 0x0000000100000000)
  eden space 10240K, 0% used [0x00000000d5580000,0x00000000d5580000,0x00000000d5f80000)
  from space 512K, 37% used [0x00000000d6600000,0x00000000d6630000,0x00000000d6680000)
  to   space 512K, 0% used [0x00000000d6580000,0x00000000d6580000,0x00000000d6600000)
 ParOldGen       total 68608K, used 56887K [0x0000000080000000, 0x0000000084300000, 0x00000000d5580000)
  object space 68608K, 82% used [0x0000000080000000,0x000000008378de48,0x0000000084300000)
 Metaspace       used 61297K, committed 62528K, reserved 1114112K
  class space    used 7611K, committed 8128K, reserved 1048576K
}
Event: 60.541 GC heap before
{Heap before GC invocations=78 (full 3):
 PSYoungGen      total 10752K, used 10432K [0x00000000d5580000, 0x00000000d6680000, 0x0000000100000000)
  eden space 10240K, 100% used [0x00000000d5580000,0x00000000d5f80000,0x00000000d5f80000)
  from space 512K, 37% used [0x00000000d6600000,0x00000000d6630000,0x00000000d6680000)
  to   space 512K, 0% used [0x00000000d6580000,0x00000000d6580000,0x00000000d6600000)
 ParOldGen       total 68608K, used 56887K [0x0000000080000000, 0x0000000084300000, 0x00000000d5580000)
  object space 68608K, 82% used [0x0000000080000000,0x000000008378de48,0x0000000084300000)
 Metaspace       used 61297K, committed 62528K, reserved 1114112K
  class space    used 7611K, committed 8128K, reserved 1048576K
}
Event: 60.543 GC heap after
{Heap after GC invocations=78 (full 3):
 PSYoungGen      total 10752K, used 491K [0x00000000d5580000, 0x00000000d6680000, 0x0000000100000000)
  eden space 10240K, 0% used [0x00000000d5580000,0x00000000d5580000,0x00000000d5f80000)
  from space 512K, 96% used [0x00000000d6580000,0x00000000d65faff0,0x00000000d6600000)
  to   space 512K, 0% used [0x00000000d6600000,0x00000000d6600000,0x00000000d6680000)
 ParOldGen       total 68608K, used 57295K [0x0000000080000000, 0x0000000084300000, 0x00000000d5580000)
  object space 68608K, 83% used [0x0000000080000000,0x00000000837f3e10,0x0000000084300000)
 Metaspace       used 61297K, committed 62528K, reserved 1114112K
  class space    used 7611K, committed 8128K, reserved 1048576K
}
Event: 60.848 GC heap before
{Heap before GC invocations=79 (full 3):
 PSYoungGen      total 10752K, used 10731K [0x00000000d5580000, 0x00000000d6680000, 0x0000000100000000)
  eden space 10240K, 100% used [0x00000000d5580000,0x00000000d5f80000,0x00000000d5f80000)
  from space 512K, 96% used [0x00000000d6580000,0x00000000d65faff0,0x00000000d6600000)
  to   space 512K, 0% used [0x00000000d6600000,0x00000000d6600000,0x00000000d6680000)
 ParOldGen       total 68608K, used 57295K [0x0000000080000000, 0x0000000084300000, 0x00000000d5580000)
  object space 68608K, 83% used [0x0000000080000000,0x00000000837f3e10,0x0000000084300000)
 Metaspace       used 61425K, committed 62720K, reserved 1114112K
  class space    used 7631K, committed 8192K, reserved 1048576K
}
Event: 60.852 GC heap after
{Heap after GC invocations=79 (full 3):
 PSYoungGen      total 10752K, used 160K [0x00000000d5580000, 0x00000000d6680000, 0x0000000100000000)
  eden space 10240K, 0% used [0x00000000d5580000,0x00000000d5580000,0x00000000d5f80000)
  from space 512K, 31% used [0x00000000d6600000,0x00000000d6628000,0x00000000d6680000)
  to   space 512K, 0% used [0x00000000d6580000,0x00000000d6580000,0x00000000d6600000)
 ParOldGen       total 68608K, used 57328K [0x0000000080000000, 0x0000000084300000, 0x00000000d5580000)
  object space 68608K, 83% used [0x0000000080000000,0x00000000837fc390,0x0000000084300000)
 Metaspace       used 61425K, committed 62720K, reserved 1114112K
  class space    used 7631K, committed 8192K, reserved 1048576K
}
Event: 61.288 GC heap before
{Heap before GC invocations=80 (full 3):
 PSYoungGen      total 10752K, used 10400K [0x00000000d5580000, 0x00000000d6680000, 0x0000000100000000)
  eden space 10240K, 100% used [0x00000000d5580000,0x00000000d5f80000,0x00000000d5f80000)
  from space 512K, 31% used [0x00000000d6600000,0x00000000d6628000,0x00000000d6680000)
  to   space 512K, 0% used [0x00000000d6580000,0x00000000d6580000,0x00000000d6600000)
 ParOldGen       total 68608K, used 57328K [0x0000000080000000, 0x0000000084300000, 0x00000000d5580000)
  object space 68608K, 83% used [0x0000000080000000,0x00000000837fc390,0x0000000084300000)
 Metaspace       used 62657K, committed 64000K, reserved 1114112K
  class space    used 7816K, committed 8384K, reserved 1048576K
}
Event: 61.290 GC heap after
{Heap after GC invocations=80 (full 3):
 PSYoungGen      total 10752K, used 464K [0x00000000d5580000, 0x00000000d6680000, 0x0000000100000000)
  eden space 10240K, 0% used [0x00000000d5580000,0x00000000d5580000,0x00000000d5f80000)
  from space 512K, 90% used [0x00000000d6580000,0x00000000d65f4010,0x00000000d6600000)
  to   space 512K, 0% used [0x00000000d6600000,0x00000000d6600000,0x00000000d6680000)
 ParOldGen       total 68608K, used 57424K [0x0000000080000000, 0x0000000084300000, 0x00000000d5580000)
  object space 68608K, 83% used [0x0000000080000000,0x00000000838143a0,0x0000000084300000)
 Metaspace       used 62657K, committed 64000K, reserved 1114112K
  class space    used 7816K, committed 8384K, reserved 1048576K
}
Event: 61.912 GC heap before
{Heap before GC invocations=81 (full 3):
 PSYoungGen      total 10752K, used 10704K [0x00000000d5580000, 0x00000000d6680000, 0x0000000100000000)
  eden space 10240K, 100% used [0x00000000d5580000,0x00000000d5f80000,0x00000000d5f80000)
  from space 512K, 90% used [0x00000000d6580000,0x00000000d65f4010,0x00000000d6600000)
  to   space 512K, 0% used [0x00000000d6600000,0x00000000d6600000,0x00000000d6680000)
 ParOldGen       total 68608K, used 57424K [0x0000000080000000, 0x0000000084300000, 0x00000000d5580000)
  object space 68608K, 83% used [0x0000000080000000,0x00000000838143a0,0x0000000084300000)
 Metaspace       used 63826K, committed 65280K, reserved 1114112K
  class space    used 8008K, committed 8640K, reserved 1048576K
}
Event: 61.917 GC heap after
{Heap after GC invocations=81 (full 3):
 PSYoungGen      total 10752K, used 288K [0x00000000d5580000, 0x00000000d6680000, 0x0000000100000000)
  eden space 10240K, 0% used [0x00000000d5580000,0x00000000d5580000,0x00000000d5f80000)
  from space 512K, 56% used [0x00000000d6600000,0x00000000d6648000,0x00000000d6680000)
  to   space 512K, 0% used [0x00000000d6580000,0x00000000d6580000,0x00000000d6600000)
 ParOldGen       total 68608K, used 57832K [0x0000000080000000, 0x0000000084300000, 0x00000000d5580000)
  object space 68608K, 84% used [0x0000000080000000,0x000000008387a0b0,0x0000000084300000)
 Metaspace       used 63826K, committed 65280K, reserved 1114112K
  class space    used 8008K, committed 8640K, reserved 1048576K
}
Event: 62.660 GC heap before
{Heap before GC invocations=82 (full 3):
 PSYoungGen      total 10752K, used 10528K [0x00000000d5580000, 0x00000000d6680000, 0x0000000100000000)
  eden space 10240K, 100% used [0x00000000d5580000,0x00000000d5f80000,0x00000000d5f80000)
  from space 512K, 56% used [0x00000000d6600000,0x00000000d6648000,0x00000000d6680000)
  to   space 512K, 0% used [0x00000000d6580000,0x00000000d6580000,0x00000000d6600000)
 ParOldGen       total 68608K, used 57832K [0x0000000080000000, 0x0000000084300000, 0x00000000d5580000)
  object space 68608K, 84% used [0x0000000080000000,0x000000008387a0b0,0x0000000084300000)
 Metaspace       used 64804K, committed 66176K, reserved 1114112K
  class space    used 8120K, committed 8704K, reserved 1048576K
}
Event: 62.667 GC heap after
{Heap after GC invocations=82 (full 3):
 PSYoungGen      total 10752K, used 512K [0x00000000d5580000, 0x00000000d6680000, 0x0000000100000000)
  eden space 10240K, 0% used [0x00000000d5580000,0x00000000d5580000,0x00000000d5f80000)
  from space 512K, 100% used [0x00000000d6580000,0x00000000d6600000,0x00000000d6600000)
  to   space 512K, 0% used [0x00000000d6600000,0x00000000d6600000,0x00000000d6680000)
 ParOldGen       total 68608K, used 58958K [0x0000000080000000, 0x0000000084300000, 0x00000000d5580000)
  object space 68608K, 85% used [0x0000000080000000,0x0000000083993938,0x0000000084300000)
 Metaspace       used 64804K, committed 66176K, reserved 1114112K
  class space    used 8120K, committed 8704K, reserved 1048576K
}
Event: 63.018 GC heap before
{Heap before GC invocations=83 (full 3):
 PSYoungGen      total 10752K, used 10752K [0x00000000d5580000, 0x00000000d6680000, 0x0000000100000000)
  eden space 10240K, 100% used [0x00000000d5580000,0x00000000d5f80000,0x00000000d5f80000)
  from space 512K, 100% used [0x00000000d6580000,0x00000000d6600000,0x00000000d6600000)
  to   space 512K, 0% used [0x00000000d6600000,0x00000000d6600000,0x00000000d6680000)
 ParOldGen       total 68608K, used 58958K [0x0000000080000000, 0x0000000084300000, 0x00000000d5580000)
  object space 68608K, 85% used [0x0000000080000000,0x0000000083993938,0x0000000084300000)
 Metaspace       used 65623K, committed 67072K, reserved 1114112K
  class space    used 8201K, committed 8832K, reserved 1048576K
}
Event: 63.022 GC heap after
{Heap after GC invocations=83 (full 3):
 PSYoungGen      total 10752K, used 505K [0x00000000d5580000, 0x00000000d6680000, 0x0000000100000000)
  eden space 10240K, 0% used [0x00000000d5580000,0x00000000d5580000,0x00000000d5f80000)
  from space 512K, 98% used [0x00000000d6600000,0x00000000d667e5d0,0x00000000d6680000)
  to   space 3584K, 0% used [0x00000000d5f80000,0x00000000d5f80000,0x00000000d6300000)
 ParOldGen       total 68608K, used 61630K [0x0000000080000000, 0x0000000084300000, 0x00000000d5580000)
  object space 68608K, 89% used [0x0000000080000000,0x0000000083c2f8a8,0x0000000084300000)
 Metaspace       used 65623K, committed 67072K, reserved 1114112K
  class space    used 8201K, committed 8832K, reserved 1048576K
}
Event: 63.472 GC heap before
{Heap before GC invocations=84 (full 3):
 PSYoungGen      total 10752K, used 10744K [0x00000000d5580000, 0x00000000d6680000, 0x0000000100000000)
  eden space 10240K, 99% used [0x00000000d5580000,0x00000000d5f7fcd8,0x00000000d5f80000)
  from space 512K, 98% used [0x00000000d6600000,0x00000000d667e5d0,0x00000000d6680000)
  to   space 3584K, 0% used [0x00000000d5f80000,0x00000000d5f80000,0x00000000d6300000)
 ParOldGen       total 68608K, used 61630K [0x0000000080000000, 0x0000000084300000, 0x00000000d5580000)
  object space 68608K, 89% used [0x0000000080000000,0x0000000083c2f8a8,0x0000000084300000)
 Metaspace       used 67201K, committed 68608K, reserved 1114112K
  class space    used 8383K, committed 8960K, reserved 1048576K
}
Event: 63.476 GC heap after
{Heap after GC invocations=84 (full 3):
 PSYoungGen      total 13824K, used 568K [0x00000000d5580000, 0x00000000d6680000, 0x0000000100000000)
  eden space 10240K, 0% used [0x00000000d5580000,0x00000000d5580000,0x00000000d5f80000)
  from space 3584K, 15% used [0x00000000d5f80000,0x00000000d600e1b8,0x00000000d6300000)
  to   space 1536K, 0% used [0x00000000d6500000,0x00000000d6500000,0x00000000d6680000)
 ParOldGen       total 68608K, used 61929K [0x0000000080000000, 0x0000000084300000, 0x00000000d5580000)
  object space 68608K, 90% used [0x0000000080000000,0x0000000083c7a448,0x0000000084300000)
 Metaspace       used 67201K, committed 68608K, reserved 1114112K
  class space    used 8383K, committed 8960K, reserved 1048576K
}
Event: 63.883 GC heap before
{Heap before GC invocations=85 (full 3):
 PSYoungGen      total 13824K, used 10808K [0x00000000d5580000, 0x00000000d6680000, 0x0000000100000000)
  eden space 10240K, 100% used [0x00000000d5580000,0x00000000d5f80000,0x00000000d5f80000)
  from space 3584K, 15% used [0x00000000d5f80000,0x00000000d600e1b8,0x00000000d6300000)
  to   space 1536K, 0% used [0x00000000d6500000,0x00000000d6500000,0x00000000d6680000)
 ParOldGen       total 68608K, used 61929K [0x0000000080000000, 0x0000000084300000, 0x00000000d5580000)
  object space 68608K, 90% used [0x0000000080000000,0x0000000083c7a448,0x0000000084300000)
 Metaspace       used 67753K, committed 69184K, reserved 1114112K
  class space    used 8440K, committed 9024K, reserved 1048576K
}
Event: 63.885 GC heap after
{Heap after GC invocations=85 (full 3):
 PSYoungGen      total 10752K, used 160K [0x00000000d5580000, 0x00000000d6580000, 0x0000000100000000)
  eden space 10240K, 0% used [0x00000000d5580000,0x00000000d5580000,0x00000000d5f80000)
  from space 512K, 31% used [0x00000000d6500000,0x00000000d6528000,0x00000000d6580000)
  to   space 512K, 0% used [0x00000000d6480000,0x00000000d6480000,0x00000000d6500000)
 ParOldGen       total 68608K, used 62419K [0x0000000080000000, 0x0000000084300000, 0x00000000d5580000)
  object space 68608K, 90% used [0x0000000080000000,0x0000000083cf4d18,0x0000000084300000)
 Metaspace       used 67753K, committed 69184K, reserved 1114112K
  class space    used 8440K, committed 9024K, reserved 1048576K
}

Dll operation events (15 events):
Event: 0.016 Loaded shared library c:\Users\hafid\.vscode\extensions\redhat.java-1.50.0-win32-x64\jre\21.0.9-win32-x86_64\bin\java.dll
Event: 0.911 Loaded shared library c:\Users\hafid\.vscode\extensions\redhat.java-1.50.0-win32-x64\jre\21.0.9-win32-x86_64\bin\zip.dll
Event: 1.027 Loaded shared library C:\Users\hafid\.vscode\extensions\redhat.java-1.50.0-win32-x64\jre\21.0.9-win32-x86_64\bin\instrument.dll
Event: 1.045 Loaded shared library C:\Users\hafid\.vscode\extensions\redhat.java-1.50.0-win32-x64\jre\21.0.9-win32-x86_64\bin\net.dll
Event: 1.049 Loaded shared library C:\Users\hafid\.vscode\extensions\redhat.java-1.50.0-win32-x64\jre\21.0.9-win32-x86_64\bin\nio.dll
Event: 1.055 Loaded shared library C:\Users\hafid\.vscode\extensions\redhat.java-1.50.0-win32-x64\jre\21.0.9-win32-x86_64\bin\zip.dll
Event: 1.144 Loaded shared library C:\Users\hafid\.vscode\extensions\redhat.java-1.50.0-win32-x64\jre\21.0.9-win32-x86_64\bin\jimage.dll
Event: 1.695 Loaded shared library c:\Users\hafid\.vscode\extensions\redhat.java-1.50.0-win32-x64\jre\21.0.9-win32-x86_64\bin\verify.dll
Event: 11.131 Loaded shared library C:\Users\hafid\AppData\Roaming\Code\User\globalStorage\redhat.java\1.50.0\config_win\org.eclipse.equinox.launcher\org.eclipse.equinox.launcher.win32.win32.x86_64_1.2.1400.v20250801-0854\eclipse_11916.dll
Event: 21.498 Loaded shared library C:\Users\hafid\AppData\Local\Temp\jna-99037288\jna4971198483362136328.dll
Event: 34.336 Loaded shared library C:\Users\hafid\.vscode\extensions\redhat.java-1.50.0-win32-x64\jre\21.0.9-win32-x86_64\bin\management.dll
Event: 34.348 Loaded shared library C:\Users\hafid\.vscode\extensions\redhat.java-1.50.0-win32-x64\jre\21.0.9-win32-x86_64\bin\management_ext.dll
Event: 45.090 Loaded shared library C:\Users\hafid\.gradle\native\1def1411415f61bf3af743bc5b6707747c0891f09f0c88961ee8f79bc544acac\windows-amd64\native-platform.dll
Event: 61.024 Loaded shared library C:\Users\hafid\.vscode\extensions\redhat.java-1.50.0-win32-x64\jre\21.0.9-win32-x86_64\bin\extnet.dll
Event: 62.543 Loaded shared library C:\Users\hafid\.vscode\extensions\redhat.java-1.50.0-win32-x64\jre\21.0.9-win32-x86_64\bin\sunmscapi.dll

Deoptimization events (20 events):
Event: 63.451 Thread 0x0000015b7ce85140 DEOPT PACKING pc=0x0000015b23afac81 sp=0x00000034413fe900
Event: 63.451 Thread 0x0000015b7ce85140 DEOPT UNPACKING pc=0x0000015b2a104242 sp=0x00000034413fde20 mode 0
Event: 63.684 Thread 0x0000015b7d8634c0 Uncommon trap: trap_request=0xffffff45 fr.pc=0x0000015b2aa55d98 relative=0x0000000000000918
Event: 63.684 Thread 0x0000015b7d8634c0 Uncommon trap: reason=unstable_if action=reinterpret pc=0x0000015b2aa55d98 method=org.eclipse.jdt.internal.core.index.DiskIndex.readStreamChars(Ljava/io/InputStream;)[C @ 1 c2
Event: 63.684 Thread 0x0000015b7d8634c0 DEOPT PACKING pc=0x0000015b2aa55d98 sp=0x00000034427fea40
Event: 63.684 Thread 0x0000015b7d8634c0 DEOPT UNPACKING pc=0x0000015b2a103aa2 sp=0x00000034427fe9b8 mode 2
Event: 64.083 Thread 0x0000015b7ce85140 DEOPT PACKING pc=0x0000015b23afac81 sp=0x00000034413fe900
Event: 64.083 Thread 0x0000015b7ce85140 DEOPT UNPACKING pc=0x0000015b2a104242 sp=0x00000034413fde20 mode 0
Event: 64.167 Thread 0x0000015b7d866940 Uncommon trap: trap_request=0xffffff45 fr.pc=0x0000015b2a94f380 relative=0x0000000000000320
Event: 64.167 Thread 0x0000015b7d866940 Uncommon trap: reason=unstable_if action=reinterpret pc=0x0000015b2a94f380 method=jdk.internal.jimage.ImageStringsReader.stringFromByteBufferMatches(Ljava/nio/ByteBuffer;ILjava/lang/String;I)I @ 59 c2
Event: 64.167 Thread 0x0000015b7d866940 DEOPT PACKING pc=0x0000015b2a94f380 sp=0x0000003441cfd9c0
Event: 64.167 Thread 0x0000015b7d866940 DEOPT UNPACKING pc=0x0000015b2a103aa2 sp=0x0000003441cfd938 mode 2
Event: 64.167 Thread 0x0000015b7d866940 Uncommon trap: trap_request=0xffffff45 fr.pc=0x0000015b2a9af130 relative=0x00000000000008b0
Event: 64.167 Thread 0x0000015b7d866940 Uncommon trap: reason=unstable_if action=reinterpret pc=0x0000015b2a9af130 method=jdk.internal.jrtfs.JrtFileSystem.checkNode(Ljdk/internal/jrtfs/JrtPath;)Ljdk/internal/jimage/ImageReader$Node; @ 16 c2
Event: 64.167 Thread 0x0000015b7d866940 DEOPT PACKING pc=0x0000015b2a9af130 sp=0x0000003441cfdcb0
Event: 64.167 Thread 0x0000015b7d866940 DEOPT UNPACKING pc=0x0000015b2a103aa2 sp=0x0000003441cfdcc0 mode 2
Event: 64.167 Thread 0x0000015b7d866940 Uncommon trap: trap_request=0xffffff45 fr.pc=0x0000015b2a67fd60 relative=0x00000000000011e0
Event: 64.167 Thread 0x0000015b7d866940 Uncommon trap: reason=unstable_if action=reinterpret pc=0x0000015b2a67fd60 method=org.eclipse.jdt.internal.core.util.Util.splitOn(CLjava/lang/String;II)[Ljava/lang/String; @ 16 c2
Event: 64.167 Thread 0x0000015b7d866940 DEOPT PACKING pc=0x0000015b2a67fd60 sp=0x0000003441cfe510
Event: 64.167 Thread 0x0000015b7d866940 DEOPT UNPACKING pc=0x0000015b2a103aa2 sp=0x0000003441cfe500 mode 2

Classes loaded (20 events):
Event: 63.239 Loading class java/net/InetAddress$NameServiceAddresses
Event: 63.239 Loading class java/net/InetAddress$Addresses
Event: 63.240 Loading class java/net/InetAddress$Addresses done
Event: 63.240 Loading class java/net/InetAddress$NameServiceAddresses done
Event: 63.240 Loading class java/net/spi/InetAddressResolverProvider
Event: 63.240 Loading class java/net/spi/InetAddressResolverProvider done
Event: 63.505 Loading class java/util/Collections$SynchronizedRandomAccessList
Event: 63.505 Loading class java/util/Collections$SynchronizedList
Event: 63.506 Loading class java/util/Collections$SynchronizedList done
Event: 63.506 Loading class java/util/Collections$SynchronizedRandomAccessList done
Event: 63.562 Loading class java/util/concurrent/CompletableFuture$Signaller
Event: 63.564 Loading class java/util/concurrent/CompletableFuture$Signaller done
Event: 63.784 Loading class java/util/Hashtable$KeySet
Event: 63.785 Loading class java/util/Hashtable$KeySet done
Event: 63.914 Loading class java/util/stream/DistinctOps
Event: 63.915 Loading class java/util/stream/DistinctOps done
Event: 63.915 Loading class java/util/stream/DistinctOps$1
Event: 63.915 Loading class java/util/stream/DistinctOps$1 done
Event: 63.917 Loading class java/util/stream/DistinctOps$1$2
Event: 63.918 Loading class java/util/stream/DistinctOps$1$2 done

Classes unloaded (9 events):
Event: 26.213 Thread 0x0000015b1fa3b5c0 Unloading class 0x0000015b381acc00 'java/lang/invoke/LambdaForm$MH+0x0000015b381acc00'
Event: 26.213 Thread 0x0000015b1fa3b5c0 Unloading class 0x0000015b381ac800 'java/lang/invoke/LambdaForm$MH+0x0000015b381ac800'
Event: 26.213 Thread 0x0000015b1fa3b5c0 Unloading class 0x0000015b381ac400 'java/lang/invoke/LambdaForm$MH+0x0000015b381ac400'
Event: 26.213 Thread 0x0000015b1fa3b5c0 Unloading class 0x0000015b381ac000 'java/lang/invoke/LambdaForm$MH+0x0000015b381ac000'
Event: 26.213 Thread 0x0000015b1fa3b5c0 Unloading class 0x0000015b381abc00 'java/lang/invoke/LambdaForm$BMH+0x0000015b381abc00'
Event: 26.213 Thread 0x0000015b1fa3b5c0 Unloading class 0x0000015b381ab800 'java/lang/invoke/LambdaForm$DMH+0x0000015b381ab800'
Event: 26.213 Thread 0x0000015b1fa3b5c0 Unloading class 0x0000015b381aa400 'java/lang/invoke/LambdaForm$DMH+0x0000015b381aa400'
Event: 35.034 Thread 0x0000015b1fa3b5c0 Unloading class 0x0000015b382c6000 'java/lang/invoke/LambdaForm$MH+0x0000015b382c6000'
Event: 35.034 Thread 0x0000015b1fa3b5c0 Unloading class 0x0000015b382c5400 'java/lang/invoke/LambdaForm$MH+0x0000015b382c5400'

Classes redefined (0 events):
No events

Internal exceptions (20 events):
Event: 62.286 Thread 0x0000015b7ce878a0 Exception <a 'java/lang/NoSuchMethodError'{0x00000000d58a0990}: 'void java.lang.invoke.DirectMethodHandle$Holder.invokeStatic(java.lang.Object, int, java.lang.Object)'> (0x00000000d58a0990) 
thrown [s\src\hotspot\share\interpreter\linkResolver.cpp, line 773]
Event: 62.288 Thread 0x0000015b7ce878a0 Exception <a 'java/lang/NoSuchMethodError'{0x00000000d58ae4d0}: 'void java.lang.invoke.DirectMethodHandle$Holder.invokeSpecialIFC(java.lang.Object, java.lang.Object, java.lang.Object, java.lang.Object)'> (0x00000000d58ae4d0) 
thrown [s\src\hotspot\share\interpreter\linkResolver.cpp, line 773]
Event: 62.690 Thread 0x0000015b7ce864f0 Exception <a 'sun/nio/fs/WindowsException'{0x00000000d55e60d0}> (0x00000000d55e60d0) 
thrown [s\src\hotspot\share\prims\jni.cpp, line 520]
Event: 63.072 Thread 0x0000015b7ce864f0 Implicit null exception at 0x0000015b2aa96504 to 0x0000015b2aa9700c
Event: 63.072 Thread 0x0000015b7ce864f0 Implicit null exception at 0x0000015b2aaf11ab to 0x0000015b2aaf1f34
Event: 63.382 Thread 0x0000015b7d869730 Exception <a 'sun/nio/fs/WindowsException'{0x00000000d5da2448}> (0x00000000d5da2448) 
thrown [s\src\hotspot\share\prims\jni.cpp, line 520]
Event: 63.382 Thread 0x0000015b7d869730 Exception <a 'sun/nio/fs/WindowsException'{0x00000000d5da2dc0}> (0x00000000d5da2dc0) 
thrown [s\src\hotspot\share\prims\jni.cpp, line 520]
Event: 63.383 Thread 0x0000015b7d869730 Exception <a 'sun/nio/fs/WindowsException'{0x00000000d5da6ed8}> (0x00000000d5da6ed8) 
thrown [s\src\hotspot\share\prims\jni.cpp, line 520]
Event: 63.383 Thread 0x0000015b7d869730 Exception <a 'sun/nio/fs/WindowsException'{0x00000000d5da7550}> (0x00000000d5da7550) 
thrown [s\src\hotspot\share\prims\jni.cpp, line 520]
Event: 63.786 Thread 0x0000015b7d866940 Exception <a 'java/io/FileNotFoundException'{0x00000000d5e36a00}> (0x00000000d5e36a00) 
thrown [s\src\hotspot\share\prims\jni.cpp, line 520]
Event: 63.786 Thread 0x0000015b7d866940 Exception <a 'java/io/FileNotFoundException'{0x00000000d5e37a00}> (0x00000000d5e37a00) 
thrown [s\src\hotspot\share\prims\jni.cpp, line 520]
Event: 63.786 Thread 0x0000015b7d866940 Exception <a 'java/io/FileNotFoundException'{0x00000000d5e38758}> (0x00000000d5e38758) 
thrown [s\src\hotspot\share\prims\jni.cpp, line 520]
Event: 63.888 Thread 0x0000015b7d866940 Exception <a 'sun/nio/fs/WindowsException'{0x00000000d55ac7b8}> (0x00000000d55ac7b8) 
thrown [s\src\hotspot\share\prims\jni.cpp, line 520]
Event: 63.888 Thread 0x0000015b7d866940 Exception <a 'sun/nio/fs/WindowsException'{0x00000000d55aced0}> (0x00000000d55aced0) 
thrown [s\src\hotspot\share\prims\jni.cpp, line 520]
Event: 63.889 Thread 0x0000015b7d866940 Exception <a 'sun/nio/fs/WindowsException'{0x00000000d55adc28}> (0x00000000d55adc28) 
thrown [s\src\hotspot\share\prims\jni.cpp, line 520]
Event: 63.889 Thread 0x0000015b7d866940 Exception <a 'sun/nio/fs/WindowsException'{0x00000000d55ae340}> (0x00000000d55ae340) 
thrown [s\src\hotspot\share\prims\jni.cpp, line 520]
Event: 63.892 Thread 0x0000015b7d866940 Exception <a 'java/io/FileNotFoundException'{0x00000000d55f4080}> (0x00000000d55f4080) 
thrown [s\src\hotspot\share\prims\jni.cpp, line 520]
Event: 63.892 Thread 0x0000015b7d866940 Exception <a 'java/io/FileNotFoundException'{0x00000000d55f4e00}> (0x00000000d55f4e00) 
thrown [s\src\hotspot\share\prims\jni.cpp, line 520]
Event: 63.907 Thread 0x0000015b7d866940 Exception <a 'sun/nio/fs/WindowsException'{0x00000000d5670c70}> (0x00000000d5670c70) 
thrown [s\src\hotspot\share\prims\jni.cpp, line 520]
Event: 63.907 Thread 0x0000015b7d866940 Exception <a 'sun/nio/fs/WindowsException'{0x00000000d5671388}> (0x00000000d5671388) 
thrown [s\src\hotspot\share\prims\jni.cpp, line 520]

ZGC Phase Switch (0 events):
No events

VM Operations (20 events):
Event: 62.856 Executing VM operation: HandshakeAllThreads (Deoptimize)
Event: 62.856 Executing VM operation: HandshakeAllThreads (Deoptimize) done
Event: 63.017 Executing VM operation: ParallelGCFailedAllocation (Allocation Failure)
Event: 63.022 Executing VM operation: ParallelGCFailedAllocation (Allocation Failure) done
Event: 63.185 Executing VM operation: HandshakeAllThreads (Deoptimize)
Event: 63.185 Executing VM operation: HandshakeAllThreads (Deoptimize) done
Event: 63.235 Executing VM operation: HandshakeAllThreads (Deoptimize)
Event: 63.235 Executing VM operation: HandshakeAllThreads (Deoptimize) done
Event: 63.472 Executing VM operation: ParallelGCFailedAllocation (Allocation Failure)
Event: 63.476 Executing VM operation: ParallelGCFailedAllocation (Allocation Failure) done
Event: 63.483 Executing VM operation: HandshakeAllThreads (Deoptimize)
Event: 63.483 Executing VM operation: HandshakeAllThreads (Deoptimize) done
Event: 63.485 Executing VM operation: HandshakeAllThreads (Deoptimize)
Event: 63.485 Executing VM operation: HandshakeAllThreads (Deoptimize) done
Event: 63.882 Executing VM operation: ParallelGCFailedAllocation (Allocation Failure)
Event: 63.885 Executing VM operation: ParallelGCFailedAllocation (Allocation Failure) done
Event: 63.917 Executing VM operation: HandshakeAllThreads (Deoptimize)
Event: 63.917 Executing VM operation: HandshakeAllThreads (Deoptimize) done
Event: 64.159 Executing VM operation: HandshakeAllThreads (Deoptimize)
Event: 64.159 Executing VM operation: HandshakeAllThreads (Deoptimize) done

Memory protections (0 events):
No events

Nmethod flushes (20 events):
Event: 55.220 Thread 0x0000015b1fa3b5c0 flushing  nmethod 0x0000015b23509e90
Event: 55.220 Thread 0x0000015b1fa3b5c0 flushing  nmethod 0x0000015b23510390
Event: 55.220 Thread 0x0000015b1fa3b5c0 flushing  nmethod 0x0000015b23518e90
Event: 55.220 Thread 0x0000015b1fa3b5c0 flushing  nmethod 0x0000015b2351d410
Event: 55.220 Thread 0x0000015b1fa3b5c0 flushing  nmethod 0x0000015b23538590
Event: 55.220 Thread 0x0000015b1fa3b5c0 flushing  nmethod 0x0000015b23548f10
Event: 55.220 Thread 0x0000015b1fa3b5c0 flushing  nmethod 0x0000015b23586190
Event: 55.220 Thread 0x0000015b1fa3b5c0 flushing  nmethod 0x0000015b2358ba90
Event: 55.220 Thread 0x0000015b1fa3b5c0 flushing  nmethod 0x0000015b2358d490
Event: 55.220 Thread 0x0000015b1fa3b5c0 flushing  nmethod 0x0000015b2359aa90
Event: 55.220 Thread 0x0000015b1fa3b5c0 flushing  nmethod 0x0000015b2359b010
Event: 55.220 Thread 0x0000015b1fa3b5c0 flushing  nmethod 0x0000015b235a4190
Event: 55.220 Thread 0x0000015b1fa3b5c0 flushing  nmethod 0x0000015b235a5610
Event: 55.220 Thread 0x0000015b1fa3b5c0 flushing  nmethod 0x0000015b235a9090
Event: 55.220 Thread 0x0000015b1fa3b5c0 flushing  nmethod 0x0000015b235aa190
Event: 55.220 Thread 0x0000015b1fa3b5c0 flushing osr nmethod 0x0000015b23606690
Event: 55.220 Thread 0x0000015b1fa3b5c0 flushing  nmethod 0x0000015b2360e590
Event: 55.220 Thread 0x0000015b1fa3b5c0 flushing  nmethod 0x0000015b2360e910
Event: 55.220 Thread 0x0000015b1fa3b5c0 flushing  nmethod 0x0000015b2360f410
Event: 55.220 Thread 0x0000015b1fa3b5c0 flushing  nmethod 0x0000015b23611210

Events (20 events):
Event: 56.726 Thread 0x0000015b363e5090 Thread added: 0x0000015b0128a4f0
Event: 57.047 Thread 0x0000015b0128a4f0 Thread exited: 0x0000015b0128a4f0
Event: 61.469 Thread 0x0000015b0151d390 Thread added: 0x0000015b005e1b10
Event: 61.961 Thread 0x0000015b0151d390 Thread added: 0x0000015b005e4900
Event: 62.056 Thread 0x0000015b005e4900 Thread added: 0x0000015b005e3550
Event: 62.056 Thread 0x0000015b005e4900 Thread added: 0x0000015b005e2ec0
Event: 62.258 Thread 0x0000015b005e1b10 Thread exited: 0x0000015b005e1b10
Event: 62.261 Thread 0x0000015b0151d390 Thread exited: 0x0000015b0151d390
Event: 62.306 Thread 0x0000015b7ce878a0 Thread added: 0x0000015b005e4270
Event: 62.307 Thread 0x0000015b7ce878a0 Thread added: 0x0000015b005e5cb0
Event: 62.371 Thread 0x0000015b005e5cb0 Thread exited: 0x0000015b005e5cb0
Event: 62.391 Thread 0x0000015b363e5090 Thread added: 0x0000015b0128a4f0
Event: 62.572 Thread 0x0000015b7ce878a0 Thread added: 0x0000015b005e4f90
Event: 62.574 Thread 0x0000015b7ce878a0 Thread added: 0x0000015b005e7d80
Event: 62.635 Thread 0x0000015b0128a4f0 Thread exited: 0x0000015b0128a4f0
Event: 62.636 Thread 0x0000015b005e7d80 Thread added: 0x0000015b005e1480
Event: 62.923 Thread 0x0000015b363e5090 Thread added: 0x0000015b0128a4f0
Event: 63.160 Thread 0x0000015b0128a4f0 Thread exited: 0x0000015b0128a4f0
Event: 63.289 Thread 0x0000015b005e1480 Thread exited: 0x0000015b005e1480
Event: 63.290 Thread 0x0000015b005e7d80 Thread exited: 0x0000015b005e7d80


Dynamic libraries:
0x00007ff7f2770000 - 0x00007ff7f277e000 	c:\Users\hafid\.vscode\extensions\redhat.java-1.50.0-win32-x64\jre\21.0.9-win32-x86_64\bin\java.exe
0x00007ff927fd0000 - 0x00007ff9281e7000 	C:\Windows\SYSTEM32\ntdll.dll
0x00007ff926360000 - 0x00007ff926424000 	C:\Windows\System32\KERNEL32.DLL
0x00007ff925570000 - 0x00007ff925927000 	C:\Windows\System32\KERNELBASE.dll
0x00007ff925be0000 - 0x00007ff925cf1000 	C:\Windows\System32\ucrtbase.dll
0x00007ff921b30000 - 0x00007ff921b48000 	c:\Users\hafid\.vscode\extensions\redhat.java-1.50.0-win32-x64\jre\21.0.9-win32-x86_64\bin\jli.dll
0x00007ff926080000 - 0x00007ff92622f000 	C:\Windows\System32\USER32.dll
0x00007ff925b40000 - 0x00007ff925b66000 	C:\Windows\System32\win32u.dll
0x00007ff9271b0000 - 0x00007ff9271d9000 	C:\Windows\System32\GDI32.dll
0x00007ff925450000 - 0x00007ff925568000 	C:\Windows\System32\gdi32full.dll
0x00007ff925aa0000 - 0x00007ff925b3a000 	C:\Windows\System32\msvcp_win.dll
0x00007ff921750000 - 0x00007ff92176e000 	c:\Users\hafid\.vscode\extensions\redhat.java-1.50.0-win32-x64\jre\21.0.9-win32-x86_64\bin\VCRUNTIME140.dll
0x00007ff90f5c0000 - 0x00007ff90f853000 	C:\Windows\WinSxS\amd64_microsoft.windows.common-controls_6595b64144ccf1df_6.0.22621.3672_none_2713b9d173822955\COMCTL32.dll
0x00007ff926690000 - 0x00007ff926737000 	C:\Windows\System32\msvcrt.dll
0x00007ff927160000 - 0x00007ff927191000 	C:\Windows\System32\IMM32.DLL
0x00007ff922210000 - 0x00007ff92221c000 	c:\Users\hafid\.vscode\extensions\redhat.java-1.50.0-win32-x64\jre\21.0.9-win32-x86_64\bin\vcruntime140_1.dll
0x00007ff909810000 - 0x00007ff90989d000 	c:\Users\hafid\.vscode\extensions\redhat.java-1.50.0-win32-x64\jre\21.0.9-win32-x86_64\bin\msvcp140.dll
0x00007ff8da900000 - 0x00007ff8db6a0000 	c:\Users\hafid\.vscode\extensions\redhat.java-1.50.0-win32-x64\jre\21.0.9-win32-x86_64\bin\server\jvm.dll
0x00007ff9264b0000 - 0x00007ff926562000 	C:\Windows\System32\ADVAPI32.dll
0x00007ff927820000 - 0x00007ff9278c8000 	C:\Windows\System32\sechost.dll
0x00007ff9259f0000 - 0x00007ff925a18000 	C:\Windows\System32\bcrypt.dll
0x00007ff926fb0000 - 0x00007ff9270c4000 	C:\Windows\System32\RPCRT4.dll
0x00007ff927f10000 - 0x00007ff927f81000 	C:\Windows\System32\WS2_32.dll
0x00007ff924150000 - 0x00007ff92419d000 	C:\Windows\SYSTEM32\POWRPROF.dll
0x00007ff9215b0000 - 0x00007ff9215e4000 	C:\Windows\SYSTEM32\WINMM.dll
0x00007ff921150000 - 0x00007ff92115a000 	C:\Windows\SYSTEM32\VERSION.dll
0x00007ff924130000 - 0x00007ff924143000 	C:\Windows\SYSTEM32\UMPDC.dll
0x00007ff924380000 - 0x00007ff924398000 	C:\Windows\SYSTEM32\kernel.appcore.dll
0x00007ff9215f0000 - 0x00007ff9215fa000 	c:\Users\hafid\.vscode\extensions\redhat.java-1.50.0-win32-x64\jre\21.0.9-win32-x86_64\bin\jimage.dll
0x00007ff90fcc0000 - 0x00007ff90fef2000 	C:\Windows\SYSTEM32\DBGHELP.DLL
0x00007ff9271e0000 - 0x00007ff92756e000 	C:\Windows\System32\combase.dll
0x00007ff926570000 - 0x00007ff926647000 	C:\Windows\System32\OLEAUT32.dll
0x00007ff914060000 - 0x00007ff914092000 	C:\Windows\SYSTEM32\dbgcore.DLL
0x00007ff925a20000 - 0x00007ff925a9b000 	C:\Windows\System32\bcryptPrimitives.dll
0x00007ff91ece0000 - 0x00007ff91ecef000 	c:\Users\hafid\.vscode\extensions\redhat.java-1.50.0-win32-x64\jre\21.0.9-win32-x86_64\bin\instrument.dll
0x00007ff91ed70000 - 0x00007ff91ed90000 	c:\Users\hafid\.vscode\extensions\redhat.java-1.50.0-win32-x64\jre\21.0.9-win32-x86_64\bin\java.dll
0x00007ff926740000 - 0x00007ff926fa9000 	C:\Windows\System32\SHELL32.dll
0x00007ff923210000 - 0x00007ff923b0f000 	C:\Windows\SYSTEM32\windows.storage.dll
0x00007ff9230d0000 - 0x00007ff92320f000 	C:\Windows\SYSTEM32\wintypes.dll
0x00007ff925ec0000 - 0x00007ff925fb9000 	C:\Windows\System32\SHCORE.dll
0x00007ff9262b0000 - 0x00007ff92630e000 	C:\Windows\System32\shlwapi.dll
0x00007ff925210000 - 0x00007ff925237000 	C:\Windows\SYSTEM32\profapi.dll
0x00007ff911ef0000 - 0x00007ff911f08000 	c:\Users\hafid\.vscode\extensions\redhat.java-1.50.0-win32-x64\jre\21.0.9-win32-x86_64\bin\zip.dll
0x00007ff91ed60000 - 0x00007ff91ed70000 	C:\Users\hafid\.vscode\extensions\redhat.java-1.50.0-win32-x64\jre\21.0.9-win32-x86_64\bin\net.dll
0x00007ff920a00000 - 0x00007ff920b36000 	C:\Windows\SYSTEM32\WINHTTP.dll
0x00007ff924840000 - 0x00007ff9248a9000 	C:\Windows\system32\mswsock.dll
0x00007ff908db0000 - 0x00007ff908dc6000 	C:\Users\hafid\.vscode\extensions\redhat.java-1.50.0-win32-x64\jre\21.0.9-win32-x86_64\bin\nio.dll
0x00007ff912e30000 - 0x00007ff912e40000 	c:\Users\hafid\.vscode\extensions\redhat.java-1.50.0-win32-x64\jre\21.0.9-win32-x86_64\bin\verify.dll
0x00007ff8e1240000 - 0x00007ff8e1284000 	C:\Users\hafid\AppData\Roaming\Code\User\globalStorage\redhat.java\1.50.0\config_win\org.eclipse.equinox.launcher\org.eclipse.equinox.launcher.win32.win32.x86_64_1.2.1400.v20250801-0854\eclipse_11916.dll
0x00007ff927570000 - 0x00007ff927715000 	C:\Windows\System32\ole32.dll
0x00007ff924b90000 - 0x00007ff924bab000 	C:\Windows\SYSTEM32\CRYPTSP.dll
0x00007ff924340000 - 0x00007ff924375000 	C:\Windows\system32\rsaenh.dll
0x00007ff9248e0000 - 0x00007ff924908000 	C:\Windows\SYSTEM32\USERENV.dll
0x00007ff924b70000 - 0x00007ff924b7c000 	C:\Windows\SYSTEM32\CRYPTBASE.dll
0x00007ff923de0000 - 0x00007ff923e0d000 	C:\Windows\SYSTEM32\IPHLPAPI.DLL
0x00007ff9271a0000 - 0x00007ff9271a9000 	C:\Windows\System32\NSI.dll
0x00007ff8df1c0000 - 0x00007ff8df209000 	C:\Users\hafid\AppData\Local\Temp\jna-99037288\jna4971198483362136328.dll
0x00007ff926070000 - 0x00007ff926078000 	C:\Windows\System32\PSAPI.DLL
0x00007ff908d10000 - 0x00007ff908d1a000 	C:\Users\hafid\.vscode\extensions\redhat.java-1.50.0-win32-x64\jre\21.0.9-win32-x86_64\bin\management.dll
0x00007ff9069a0000 - 0x00007ff9069ac000 	C:\Users\hafid\.vscode\extensions\redhat.java-1.50.0-win32-x64\jre\21.0.9-win32-x86_64\bin\management_ext.dll
0x00007ff920bf0000 - 0x00007ff920c09000 	C:\Windows\SYSTEM32\dhcpcsvc6.DLL
0x00007ff91ff30000 - 0x00007ff91ff4f000 	C:\Windows\SYSTEM32\dhcpcsvc.DLL
0x00007ff912bd0000 - 0x00007ff912bf7000 	C:\Users\hafid\.gradle\native\1def1411415f61bf3af743bc5b6707747c0891f09f0c88961ee8f79bc544acac\windows-amd64\native-platform.dll
0x00007ff8ffb30000 - 0x00007ff8ffb39000 	C:\Users\hafid\.vscode\extensions\redhat.java-1.50.0-win32-x64\jre\21.0.9-win32-x86_64\bin\extnet.dll
0x00007ff903610000 - 0x00007ff90361e000 	C:\Users\hafid\.vscode\extensions\redhat.java-1.50.0-win32-x64\jre\21.0.9-win32-x86_64\bin\sunmscapi.dll
0x00007ff9252e0000 - 0x00007ff925446000 	C:\Windows\System32\CRYPT32.dll
0x00007ff924ca0000 - 0x00007ff924ccd000 	C:\Windows\SYSTEM32\ncrypt.dll
0x00007ff924c60000 - 0x00007ff924c97000 	C:\Windows\SYSTEM32\NTASN1.dll
0x00007ff923e50000 - 0x00007ff923f52000 	C:\Windows\SYSTEM32\DNSAPI.dll
0x00007ff91c500000 - 0x00007ff91c50a000 	C:\Windows\System32\rasadhlp.dll

JVMTI agents:
c:\Users\hafid\.vscode\extensions\redhat.java-1.50.0-win32-x64\lombok\lombok-1.18.39-4050.jar path:c:\Users\hafid\.vscode\extensions\redhat.java-1.50.0-win32-x64\jre\21.0.9-win32-x86_64\bin\instrument.dll, loaded, initialized, instrumentlib options:none

dbghelp: loaded successfully - version: 4.0.5 - missing functions: none
symbol engine: initialized successfully - sym options: 0x614 - pdb path: .;c:\Users\hafid\.vscode\extensions\redhat.java-1.50.0-win32-x64\jre\21.0.9-win32-x86_64\bin;C:\Windows\SYSTEM32;C:\Windows\WinSxS\amd64_microsoft.windows.common-controls_6595b64144ccf1df_6.0.22621.3672_none_2713b9d173822955;c:\Users\hafid\.vscode\extensions\redhat.java-1.50.0-win32-x64\jre\21.0.9-win32-x86_64\bin\server;C:\Users\hafid\AppData\Roaming\Code\User\globalStorage\redhat.java\1.50.0\config_win\org.eclipse.equinox.launcher\org.eclipse.equinox.launcher.win32.win32.x86_64_1.2.1400.v20250801-0854;C:\Users\hafid\AppData\Local\Temp\jna-99037288;C:\Users\hafid\.gradle\native\1def1411415f61bf3af743bc5b6707747c0891f09f0c88961ee8f79bc544acac\windows-amd64

VM Arguments:
jvm_args: --add-modules=ALL-SYSTEM --add-opens=java.base/java.util=ALL-UNNAMED --add-opens=java.base/java.lang=ALL-UNNAMED --add-opens=java.base/sun.nio.fs=ALL-UNNAMED -Declipse.application=org.eclipse.jdt.ls.core.id1 -Dosgi.bundles.defaultStartLevel=4 -Declipse.product=org.eclipse.jdt.ls.core.product -Djava.import.generatesMetadataFilesAtProjectRoot=false -DDetectVMInstallationsJob.disabled=true -Dfile.encoding=utf8 -XX:+UseParallelGC -XX:GCTimeRatio=4 -XX:AdaptiveSizePolicyWeight=90 -Dsun.zip.disableMemoryMapping=true -Xmx2G -Xms100m -Xlog:disable -javaagent:c:\Users\hafid\.vscode\extensions\redhat.java-1.50.0-win32-x64\lombok\lombok-1.18.39-4050.jar -XX:+HeapDumpOnOutOfMemoryError -XX:HeapDumpPath=c:\Users\hafid\AppData\Roaming\Code\User\workspaceStorage\271670c6d88b3c30270340dfd9cafa37\redhat.java -Daether.dependencyCollector.impl=bf 
java_command: c:\Users\hafid\.vscode\extensions\redhat.java-1.50.0-win32-x64\server\plugins\org.eclipse.equinox.launcher_1.7.100.v20251111-0406.jar -configuration c:\Users\hafid\AppData\Roaming\Code\User\globalStorage\redhat.java\1.50.0\config_win -data c:\Users\hafid\AppData\Roaming\Code\User\workspaceStorage\271670c6d88b3c30270340dfd9cafa37\redhat.java\jdt_ws --pipe=\\.\pipe\lsp-0a70973c69b38eed0dc484803221ac3a-sock
java_class_path (initial): c:\Users\hafid\.vscode\extensions\redhat.java-1.50.0-win32-x64\server\plugins\org.eclipse.equinox.launcher_1.7.100.v20251111-0406.jar
Launcher Type: SUN_STANDARD

[Global flags]
    uintx AdaptiveSizePolicyWeight                 = 90                                        {product} {command line}
     intx CICompilerCount                          = 3                                         {product} {ergonomic}
    uintx GCTimeRatio                              = 4                                         {product} {command line}
     bool HeapDumpOnOutOfMemoryError               = true                                   {manageable} {command line}
    ccstr HeapDumpPath                             = c:\Users\hafid\AppData\Roaming\Code\User\workspaceStorage\271670c6d88b3c30270340dfd9cafa37\redhat.java         {manageable} {command line}
   size_t InitialHeapSize                          = 104857600                                 {product} {command line}
   size_t MaxHeapSize                              = 2147483648                                {product} {command line}
   size_t MaxNewSize                               = 715653120                                 {product} {ergonomic}
   size_t MinHeapDeltaBytes                        = 524288                                    {product} {ergonomic}
   size_t MinHeapSize                              = 104857600                                 {product} {command line}
   size_t NewSize                                  = 34603008                                  {product} {ergonomic}
    uintx NonNMethodCodeHeapSize                   = 5832780                                {pd product} {ergonomic}
    uintx NonProfiledCodeHeapSize                  = 122912730                              {pd product} {ergonomic}
   size_t OldSize                                  = 70254592                                  {product} {ergonomic}
    uintx ProfiledCodeHeapSize                     = 122912730                              {pd product} {ergonomic}
    uintx ReservedCodeCacheSize                    = 251658240                              {pd product} {ergonomic}
     bool SegmentedCodeCache                       = true                                      {product} {ergonomic}
   size_t SoftMaxHeapSize                          = 2147483648                             {manageable} {ergonomic}
     bool UseCompressedOops                        = true                           {product lp64_product} {ergonomic}
     bool UseLargePagesIndividualAllocation        = false                                  {pd product} {ergonomic}
     bool UseParallelGC                            = true                                      {product} {command line}

Logging:
Log output configuration:
 #0: stdout all=off uptime,level,tags foldmultilines=false
 #1: stderr all=off uptime,level,tags foldmultilines=false

Release file:
JAVA_VERSION="21.0.9" 
MODULES="java.base java.compiler java.datatransfer java.xml java.prefs java.desktop java.instrument java.logging java.management java.security.sasl java.naming java.rmi java.management.rmi java.net.http java.scripting java.security.jgss java.transaction.xa java.sql java.sql.rowset java.xml.crypto java.se java.smartcardio jdk.accessibility jdk.internal.jvmstat jdk.attach jdk.charsets jdk.internal.opt jdk.zipfs jdk.compiler jdk.crypto.ec jdk.crypto.cryptoki jdk.crypto.mscapi jdk.dynalink jdk.internal.ed jdk.editpad jdk.hotspot.agent jdk.httpserver jdk.internal.le jdk.internal.vm.ci jdk.internal.vm.compiler jdk.internal.vm.compiler.management jdk.jartool jdk.javadoc jdk.jcmd jdk.management jdk.management.agent jdk.jconsole jdk.jdeps jdk.jdwp.agent jdk.jdi jdk.jfr jdk.jshell jdk.jsobject jdk.jstatd jdk.localedata jdk.management.jfr jdk.naming.dns jdk.naming.rmi jdk.net jdk.nio.mapmode jdk.random jdk.sctp jdk.security.auth jdk.security.jgss jdk.unsupported jdk.unsupported.desktop jdk.xml.dom" 

Environment Variables:
JAVA_HOME=C:\Program Files\Eclipse Adoptium\jdk-17.0.15.6-hotspot
PATH=C:\Program Files\Eclipse Adoptium\jdk-17.0.15.6-hotspot\bin;C:\Program Files\Eclipse Adoptium\jdk-17.0.15.6-hotspot\bin;C:\Program Files\Common Files\Oracle\Java\javapath;C:\ProgramData\Oracle\Java\javapath;C:\Windows\system32;C:\Windows;C:\Windows\System32\Wbem;C:\Windows\System32\WindowsPowerShell\v1.0\;C:\Windows\System32\OpenSSH\;C:\Program Files (x86)\NVIDIA Corporation\PhysX\Common;C:\Windows\System32;C:\Users\Git\cmd;C:\Program Files\Docker\Docker\resources\bin;C:\Program Files\MongoDB\Server\8.0\bin;C:\xampp\php;C:\ProgramData\ComposerSetup\bin;C:\flutter\bin;C:\Users\hafid\AppData\Local\Android\sdk\platform-tools;C:\Program Files\nodejs\;C:\kotlinc\bin;C:\Users\hafid\AppData\Local\Programs\Python\Python310\Scripts\;C:\Users\hafid\AppData\Local\Programs\Python\Python310\;C:\Users\hafid\AppData\Local\Microsoft\WindowsApps;C:\Users\hafid\AppData\Local\Programs\Microsoft VS Code\bin;C:\Users\hafid\AppData\Roaming\Composer\vendor\bin;C:\Users\hafid\AppData\Roaming\npm;C:\Users\hafid\AppData\Local\Google\Cloud SDK\google-cloud-sdk\bin;D:\cursor\resources\app\bin;C:\Users\hafid\AppData\Local\Programs\Windsurf\bin;C:\Users\hafid\AppData\Local\Programs\Antigravity\bin
USERNAME=hafid
OS=Windows_NT
PROCESSOR_IDENTIFIER=Intel64 Family 6 Model 142 Stepping 9, GenuineIntel
TMP=C:\Users\hafid\AppData\Local\Temp
TEMP=C:\Users\hafid\AppData\Local\Temp




Periodic native trim disabled

---------------  S Y S T E M  ---------------

OS:
 Windows 11 , 64 bit Build 22621 (10.0.22621.3958)
OS uptime: 0 days 2:12 hours
Hyper-V role detected

CPU: total 4 (initial active 4) (2 cores per cpu, 2 threads per core) family 6 model 142 stepping 9 microcode 0xde, cx8, cmov, fxsr, ht, mmx, 3dnowpref, sse, sse2, sse3, ssse3, sse4.1, sse4.2, popcnt, lzcnt, tsc, tscinvbit, avx, avx2, aes, erms, clmul, bmi1, bmi2, adx, fma, vzeroupper, clflush, clflushopt, hv, rdtscp, f16c
Processor Information for the first 4 processors :
  Max Mhz: 2712, Current Mhz: 2511, Mhz Limit: 2495

Memory: 4k page, system-wide physical 3964M (381M free)
TotalPageFile size 16252M (AvailPageFile size 3M)
current process WorkingSet (physical memory assigned to process): 278M, peak: 279M
current process commit charge ("private bytes"): 351M, peak: 360M

vm_info: OpenJDK 64-Bit Server VM (21.0.9+10-LTS) for windows-amd64 JRE (21.0.9+10-LTS), built on 2025-10-21T00:00:00Z by "admin" with unknown MS VC++:1942

END.
