#
# There is insufficient memory for the Java Runtime Environment to continue.
# Native memory allocation (malloc) failed to allocate 1116560 bytes. Error detail: Chunk::new
# Possible reasons:
#   The system is out of physical RAM or swap space
#   This process is running with CompressedOops enabled, and the Java Heap may be blocking the growth of the native heap
# Possible solutions:
#   Reduce memory load on the system
#   Increase physical memory or swap space
#   Check if swap backing store is full
#   Decrease Java heap size (-Xmx/-Xms)
#   Decrease number of Java threads
#   Decrease Java thread stack sizes (-Xss)
#   Set larger code cache with -XX:ReservedCodeCacheSize=
#   JVM is running with Unscaled Compressed Oops mode in which the Java heap is
#     placed in the first 4GB address space. The Java Heap base address is the
#     maximum limit for the native heap growth. Please use -XX:HeapBaseMinAddress
#     to set the Java Heap base and to place the Java Heap above 4GB virtual address.
# This output file may be truncated or incomplete.
#
#  Out of Memory Error (arena.cpp:168), pid=948, tid=15404
#
# JRE version: OpenJDK Runtime Environment (21.0.8) (build 21.0.8+-14018985-b1038.68)
# Java VM: OpenJDK 64-Bit Server VM (21.0.8+-14018985-b1038.68, mixed mode, tiered, compressed oops, compressed class ptrs, g1 gc, windows-amd64)
# No core dump will be written. Minidumps are not enabled by default on client versions of Windows
#

---------------  S U M M A R Y ------------

Command Line: org.jetbrains.kotlin.cli.jvm.K2JVMCompiler @C:\Sparin Clone\SparIn\app\build\20251202_4950093135059064210.compiler.options

Host: Intel(R) Core(TM) i5-7200U CPU @ 2.50GHz, 4 cores, 3G,  Windows 11 , 64 bit Build 22621 (10.0.22621.3958)
Time: Tue Dec  2 19:38:21 2025 SE Asia Standard Time elapsed time: 48.869963 seconds (0d 0h 0m 48s)

---------------  T H R E A D  ---------------

Current thread (0x000001e145e52450):  JavaThread "C2 CompilerThread0" daemon [_thread_in_native, id=15404, stack(0x000000214ed00000,0x000000214ee00000) (1024K)]


Current CompileTask:
C2:48870 6346       4       org.jetbrains.kotlin.metadata.ProtoBuf$Package::isInitialized (165 bytes)

Stack: [0x000000214ed00000,0x000000214ee00000]
Native frames: (J=compiled Java code, j=interpreted, Vv=VM code, C=native code)
V  [jvm.dll+0x6d68d9]
V  [jvm.dll+0x866693]
V  [jvm.dll+0x868c4e]
V  [jvm.dll+0x869333]
V  [jvm.dll+0x280566]
V  [jvm.dll+0xc07cd]
V  [jvm.dll+0xc0d03]
V  [jvm.dll+0x3b961b]
V  [jvm.dll+0x385507]
V  [jvm.dll+0x38497a]
V  [jvm.dll+0x249252]
V  [jvm.dll+0x248821]
V  [jvm.dll+0x1c73a4]
V  [jvm.dll+0x257f9e]
V  [jvm.dll+0x2564e6]
V  [jvm.dll+0x3f4696]
V  [jvm.dll+0x80eac8]
V  [jvm.dll+0x6d512d]
C  [ucrtbase.dll+0x29333]
C  [KERNEL32.DLL+0x1257d]
C  [ntdll.dll+0x5af08]


---------------  P R O C E S S  ---------------

Threads class SMR info:
_java_thread_list=0x000001e14df68d10, length=11, elements={
0x000001e12e19fcf0, 0x000001e145e44f90, 0x000001e145e5e540, 0x000001e14a00fa80,
0x000001e14a00c0a0, 0x000001e145e4f5e0, 0x000001e145e4fc50, 0x000001e145e506b0,
0x000001e145e52450, 0x000001e14a07d290, 0x000001e14a1a91f0
}

Java Threads: ( => current thread )
  0x000001e12e19fcf0 JavaThread "main"                              [_thread_in_Java, id=2424, stack(0x000000214de00000,0x000000214df00000) (1024K)]
  0x000001e145e44f90 JavaThread "Common-Cleaner"             daemon [_thread_blocked, id=14320, stack(0x000000214e600000,0x000000214e700000) (1024K)]
  0x000001e145e5e540 JavaThread "Reference Handler"          daemon [_thread_blocked, id=1044, stack(0x000000214e700000,0x000000214e800000) (1024K)]
  0x000001e14a00fa80 JavaThread "Finalizer"                  daemon [_thread_blocked, id=16916, stack(0x000000214e800000,0x000000214e900000) (1024K)]
  0x000001e14a00c0a0 JavaThread "Signal Dispatcher"          daemon [_thread_blocked, id=16204, stack(0x000000214e900000,0x000000214ea00000) (1024K)]
  0x000001e145e4f5e0 JavaThread "Attach Listener"            daemon [_thread_blocked, id=11768, stack(0x000000214ea00000,0x000000214eb00000) (1024K)]
  0x000001e145e4fc50 JavaThread "Service Thread"             daemon [_thread_blocked, id=13444, stack(0x000000214eb00000,0x000000214ec00000) (1024K)]
  0x000001e145e506b0 JavaThread "Monitor Deflation Thread"   daemon [_thread_blocked, id=14872, stack(0x000000214ec00000,0x000000214ed00000) (1024K)]
=>0x000001e145e52450 JavaThread "C2 CompilerThread0"         daemon [_thread_in_native, id=15404, stack(0x000000214ed00000,0x000000214ee00000) (1024K)]
  0x000001e14a07d290 JavaThread "C1 CompilerThread0"         daemon [_thread_blocked, id=6432, stack(0x000000214ee00000,0x000000214ef00000) (1024K)]
  0x000001e14a1a91f0 JavaThread "Notification Thread"        daemon [_thread_blocked, id=12868, stack(0x000000214ef00000,0x000000214f000000) (1024K)]
Total: 11

Other Threads:
  0x000001e145dc2870 VMThread "VM Thread"                           [id=3384, stack(0x000000214e500000,0x000000214e600000) (1024K)]
  0x000001e145d7aa00 WatcherThread "VM Periodic Task Thread"        [id=11132, stack(0x000000214e400000,0x000000214e500000) (1024K)]
  0x000001e1304b2570 WorkerThread "GC Thread#0"                     [id=12896, stack(0x000000214df00000,0x000000214e000000) (1024K)]
  0x000001e14a726dd0 WorkerThread "GC Thread#1"                     [id=2816, stack(0x000000214f000000,0x000000214f100000) (1024K)]
  0x000001e14a727580 WorkerThread "GC Thread#2"                     [id=13660, stack(0x000000214f100000,0x000000214f200000) (1024K)]
  0x000001e14a743920 WorkerThread "GC Thread#3"                     [id=12552, stack(0x000000214f200000,0x000000214f300000) (1024K)]
  0x000001e1304bb2c0 ConcurrentGCThread "G1 Main Marker"            [id=8344, stack(0x000000214e000000,0x000000214e100000) (1024K)]
  0x000001e1304bbdc0 WorkerThread "G1 Conc#0"                       [id=12940, stack(0x000000214e100000,0x000000214e200000) (1024K)]
  0x000001e130517d30 ConcurrentGCThread "G1 Refine#0"               [id=14276, stack(0x000000214e200000,0x000000214e300000) (1024K)]
  0x000001e1305188a0 ConcurrentGCThread "G1 Service"                [id=14356, stack(0x000000214e300000,0x000000214e400000) (1024K)]
Total: 10

Threads with active compile tasks:
C2 CompilerThread0  48942 6346       4       org.jetbrains.kotlin.metadata.ProtoBuf$Package::isInitialized (165 bytes)
Total: 1

VM state: not at safepoint (normal execution)

VM Mutex/Monitor currently owned by a thread: None

Heap address: 0x00000000c2000000, size: 992 MB, Compressed Oops mode: 32-bit

CDS archive(s) not mapped
Compressed class space mapped at: 0x0000000100000000-0x0000000140000000, reserved size: 1073741824
Narrow klass base: 0x0000000000000000, Narrow klass shift: 3, Narrow klass range: 0x140000000

GC Precious Log:
 CardTable entry size: 512
 Card Set container configuration: InlinePtr #cards 5 size 8 Array Of Cards #cards 12 size 40 Howl #buckets 4 coarsen threshold 1843 Howl Bitmap #cards 512 size 80 coarsen threshold 460 Card regions per heap region 1 cards per card region 2048
 CPUs: 4 total, 4 available
 Memory: 3964M
 Large Page Support: Disabled
 NUMA Support: Disabled
 Compressed Oops: Enabled (32-bit)
 Heap Region Size: 1M
 Heap Min Capacity: 8M
 Heap Initial Capacity: 62M
 Heap Max Capacity: 992M
 Pre-touch: Disabled
 Parallel Workers: 4
 Concurrent Workers: 1
 Concurrent Refinement Workers: 4
 Periodic GC: Disabled

Heap:
 garbage-first heap   total 211968K, used 163546K [0x00000000c2000000, 0x0000000100000000)
  region size 1024K, 28 young (28672K), 7 survivors (7168K)
 Metaspace       used 52107K, committed 52352K, reserved 1114112K
  class space    used 5936K, committed 6080K, reserved 1048576K

Heap Regions: E=young(eden), S=young(survivor), O=old, HS=humongous(starts), HC=humongous(continues), CS=collection set, F=free, TAMS=top-at-mark-start, PB=parsable bottom
|   0|0x00000000c2000000, 0x00000000c2100000, 0x00000000c2100000|100%|HS|  |TAMS 0x00000000c2000000| PB 0x00000000c2000000| Complete 
|   1|0x00000000c2100000, 0x00000000c2200000, 0x00000000c2200000|100%|HC|  |TAMS 0x00000000c2100000| PB 0x00000000c2100000| Complete 
|   2|0x00000000c2200000, 0x00000000c2300000, 0x00000000c2300000|100%|HC|  |TAMS 0x00000000c2200000| PB 0x00000000c2200000| Complete 
|   3|0x00000000c2300000, 0x00000000c2400000, 0x00000000c2400000|100%| O|  |TAMS 0x00000000c2300000| PB 0x00000000c2300000| Untracked 
|   4|0x00000000c2400000, 0x00000000c2500000, 0x00000000c2500000|100%| O|  |TAMS 0x00000000c2400000| PB 0x00000000c2400000| Untracked 
|   5|0x00000000c2500000, 0x00000000c2600000, 0x00000000c2600000|100%| O|  |TAMS 0x00000000c2500000| PB 0x00000000c2500000| Untracked 
|   6|0x00000000c2600000, 0x00000000c2700000, 0x00000000c2700000|100%| O|  |TAMS 0x00000000c2600000| PB 0x00000000c2600000| Untracked 
|   7|0x00000000c2700000, 0x00000000c2800000, 0x00000000c2800000|100%| O|  |TAMS 0x00000000c2700000| PB 0x00000000c2700000| Untracked 
|   8|0x00000000c2800000, 0x00000000c2900000, 0x00000000c2900000|100%| O|  |TAMS 0x00000000c2800000| PB 0x00000000c2800000| Untracked 
|   9|0x00000000c2900000, 0x00000000c2a00000, 0x00000000c2a00000|100%| O|  |TAMS 0x00000000c2900000| PB 0x00000000c2900000| Untracked 
|  10|0x00000000c2a00000, 0x00000000c2b00000, 0x00000000c2b00000|100%| O|  |TAMS 0x00000000c2a00000| PB 0x00000000c2a00000| Untracked 
|  11|0x00000000c2b00000, 0x00000000c2c00000, 0x00000000c2c00000|100%| O|  |TAMS 0x00000000c2b00000| PB 0x00000000c2b00000| Untracked 
|  12|0x00000000c2c00000, 0x00000000c2d00000, 0x00000000c2d00000|100%| O|  |TAMS 0x00000000c2c00000| PB 0x00000000c2c00000| Untracked 
|  13|0x00000000c2d00000, 0x00000000c2e00000, 0x00000000c2e00000|100%| O|  |TAMS 0x00000000c2d00000| PB 0x00000000c2d00000| Untracked 
|  14|0x00000000c2e00000, 0x00000000c2f00000, 0x00000000c2f00000|100%| O|  |TAMS 0x00000000c2e00000| PB 0x00000000c2e00000| Untracked 
|  15|0x00000000c2f00000, 0x00000000c3000000, 0x00000000c3000000|100%| O|  |TAMS 0x00000000c2f00000| PB 0x00000000c2f00000| Untracked 
|  16|0x00000000c3000000, 0x00000000c3100000, 0x00000000c3100000|100%| O|  |TAMS 0x00000000c3000000| PB 0x00000000c3000000| Untracked 
|  17|0x00000000c3100000, 0x00000000c3200000, 0x00000000c3200000|100%| O|  |TAMS 0x00000000c3100000| PB 0x00000000c3100000| Untracked 
|  18|0x00000000c3200000, 0x00000000c3300000, 0x00000000c3300000|100%| O|  |TAMS 0x00000000c3200000| PB 0x00000000c3200000| Untracked 
|  19|0x00000000c3300000, 0x00000000c3400000, 0x00000000c3400000|100%| O|  |TAMS 0x00000000c3300000| PB 0x00000000c3300000| Untracked 
|  20|0x00000000c3400000, 0x00000000c3500000, 0x00000000c3500000|100%| O|  |TAMS 0x00000000c3400000| PB 0x00000000c3400000| Untracked 
|  21|0x00000000c3500000, 0x00000000c3600000, 0x00000000c3600000|100%| O|  |TAMS 0x00000000c3500000| PB 0x00000000c3500000| Untracked 
|  22|0x00000000c3600000, 0x00000000c3700000, 0x00000000c3700000|100%| O|  |TAMS 0x00000000c3600000| PB 0x00000000c3600000| Untracked 
|  23|0x00000000c3700000, 0x00000000c3800000, 0x00000000c3800000|100%| O|  |TAMS 0x00000000c3700000| PB 0x00000000c3700000| Untracked 
|  24|0x00000000c3800000, 0x00000000c3900000, 0x00000000c3900000|100%| O|  |TAMS 0x00000000c3800000| PB 0x00000000c3800000| Untracked 
|  25|0x00000000c3900000, 0x00000000c3a00000, 0x00000000c3a00000|100%| O|  |TAMS 0x00000000c3900000| PB 0x00000000c3900000| Untracked 
|  26|0x00000000c3a00000, 0x00000000c3b00000, 0x00000000c3b00000|100%| O|  |TAMS 0x00000000c3a00000| PB 0x00000000c3a00000| Untracked 
|  27|0x00000000c3b00000, 0x00000000c3c00000, 0x00000000c3c00000|100%| O|  |TAMS 0x00000000c3b00000| PB 0x00000000c3b00000| Untracked 
|  28|0x00000000c3c00000, 0x00000000c3d00000, 0x00000000c3d00000|100%| O|  |TAMS 0x00000000c3c00000| PB 0x00000000c3c00000| Untracked 
|  29|0x00000000c3d00000, 0x00000000c3e00000, 0x00000000c3e00000|100%| O|  |TAMS 0x00000000c3d00000| PB 0x00000000c3d00000| Untracked 
|  30|0x00000000c3e00000, 0x00000000c3f00000, 0x00000000c3f00000|100%| O|  |TAMS 0x00000000c3e00000| PB 0x00000000c3e00000| Untracked 
|  31|0x00000000c3f00000, 0x00000000c4000000, 0x00000000c4000000|100%| O|  |TAMS 0x00000000c3f00000| PB 0x00000000c3f00000| Untracked 
|  32|0x00000000c4000000, 0x00000000c4100000, 0x00000000c4100000|100%| O|  |TAMS 0x00000000c4000000| PB 0x00000000c4000000| Untracked 
|  33|0x00000000c4100000, 0x00000000c4200000, 0x00000000c4200000|100%| O|  |TAMS 0x00000000c4100000| PB 0x00000000c4100000| Untracked 
|  34|0x00000000c4200000, 0x00000000c4300000, 0x00000000c4300000|100%| O|  |TAMS 0x00000000c4200000| PB 0x00000000c4200000| Untracked 
|  35|0x00000000c4300000, 0x00000000c4400000, 0x00000000c4400000|100%| O|  |TAMS 0x00000000c4300000| PB 0x00000000c4300000| Untracked 
|  36|0x00000000c4400000, 0x00000000c4500000, 0x00000000c4500000|100%| O|  |TAMS 0x00000000c4400000| PB 0x00000000c4400000| Untracked 
|  37|0x00000000c4500000, 0x00000000c4600000, 0x00000000c4600000|100%| O|  |TAMS 0x00000000c4500000| PB 0x00000000c4500000| Untracked 
|  38|0x00000000c4600000, 0x00000000c4700000, 0x00000000c4700000|100%| O|  |TAMS 0x00000000c4600000| PB 0x00000000c4600000| Untracked 
|  39|0x00000000c4700000, 0x00000000c4800000, 0x00000000c4800000|100%| O|  |TAMS 0x00000000c4700000| PB 0x00000000c4700000| Untracked 
|  40|0x00000000c4800000, 0x00000000c4900000, 0x00000000c4900000|100%| O|  |TAMS 0x00000000c4800000| PB 0x00000000c4800000| Untracked 
|  41|0x00000000c4900000, 0x00000000c4a00000, 0x00000000c4a00000|100%| O|  |TAMS 0x00000000c4900000| PB 0x00000000c4900000| Untracked 
|  42|0x00000000c4a00000, 0x00000000c4b00000, 0x00000000c4b00000|100%| O|  |TAMS 0x00000000c4a00000| PB 0x00000000c4a00000| Untracked 
|  43|0x00000000c4b00000, 0x00000000c4c00000, 0x00000000c4c00000|100%| O|  |TAMS 0x00000000c4b00000| PB 0x00000000c4b00000| Untracked 
|  44|0x00000000c4c00000, 0x00000000c4d00000, 0x00000000c4d00000|100%| O|  |TAMS 0x00000000c4c00000| PB 0x00000000c4c00000| Untracked 
|  45|0x00000000c4d00000, 0x00000000c4e00000, 0x00000000c4e00000|100%| O|  |TAMS 0x00000000c4d00000| PB 0x00000000c4d00000| Untracked 
|  46|0x00000000c4e00000, 0x00000000c4f00000, 0x00000000c4f00000|100%| O|  |TAMS 0x00000000c4e00000| PB 0x00000000c4e00000| Untracked 
|  47|0x00000000c4f00000, 0x00000000c5000000, 0x00000000c5000000|100%| O|  |TAMS 0x00000000c4f00000| PB 0x00000000c4f00000| Untracked 
|  48|0x00000000c5000000, 0x00000000c5100000, 0x00000000c5100000|100%| O|  |TAMS 0x00000000c5000000| PB 0x00000000c5000000| Untracked 
|  49|0x00000000c5100000, 0x00000000c5200000, 0x00000000c5200000|100%| O|  |TAMS 0x00000000c5100000| PB 0x00000000c5100000| Untracked 
|  50|0x00000000c5200000, 0x00000000c5300000, 0x00000000c5300000|100%| O|  |TAMS 0x00000000c5200000| PB 0x00000000c5200000| Untracked 
|  51|0x00000000c5300000, 0x00000000c5400000, 0x00000000c5400000|100%| O|  |TAMS 0x00000000c5300000| PB 0x00000000c5300000| Untracked 
|  52|0x00000000c5400000, 0x00000000c5500000, 0x00000000c5500000|100%| O|  |TAMS 0x00000000c5400000| PB 0x00000000c5400000| Untracked 
|  53|0x00000000c5500000, 0x00000000c5600000, 0x00000000c5600000|100%| O|  |TAMS 0x00000000c5500000| PB 0x00000000c5500000| Untracked 
|  54|0x00000000c5600000, 0x00000000c5700000, 0x00000000c5700000|100%| O|  |TAMS 0x00000000c5600000| PB 0x00000000c5600000| Untracked 
|  55|0x00000000c5700000, 0x00000000c5800000, 0x00000000c5800000|100%| O|  |TAMS 0x00000000c5700000| PB 0x00000000c5700000| Untracked 
|  56|0x00000000c5800000, 0x00000000c5900000, 0x00000000c5900000|100%| O|  |TAMS 0x00000000c5800000| PB 0x00000000c5800000| Untracked 
|  57|0x00000000c5900000, 0x00000000c5a00000, 0x00000000c5a00000|100%| O|  |TAMS 0x00000000c5900000| PB 0x00000000c5900000| Untracked 
|  58|0x00000000c5a00000, 0x00000000c5b00000, 0x00000000c5b00000|100%| O|  |TAMS 0x00000000c5a00000| PB 0x00000000c5a00000| Untracked 
|  59|0x00000000c5b00000, 0x00000000c5c00000, 0x00000000c5c00000|100%| O|  |TAMS 0x00000000c5b00000| PB 0x00000000c5b00000| Untracked 
|  60|0x00000000c5c00000, 0x00000000c5d00000, 0x00000000c5d00000|100%| O|  |TAMS 0x00000000c5c00000| PB 0x00000000c5c00000| Untracked 
|  61|0x00000000c5d00000, 0x00000000c5e00000, 0x00000000c5e00000|100%| O|  |TAMS 0x00000000c5d00000| PB 0x00000000c5d00000| Untracked 
|  62|0x00000000c5e00000, 0x00000000c5f00000, 0x00000000c5f00000|100%|HS|  |TAMS 0x00000000c5e00000| PB 0x00000000c5e00000| Complete 
|  63|0x00000000c5f00000, 0x00000000c6000000, 0x00000000c6000000|100%| O|  |TAMS 0x00000000c5f00000| PB 0x00000000c5f00000| Untracked 
|  64|0x00000000c6000000, 0x00000000c6100000, 0x00000000c6100000|100%| O|  |TAMS 0x00000000c6000000| PB 0x00000000c6000000| Untracked 
|  65|0x00000000c6100000, 0x00000000c6200000, 0x00000000c6200000|100%| O|  |TAMS 0x00000000c6100000| PB 0x00000000c6100000| Untracked 
|  66|0x00000000c6200000, 0x00000000c6300000, 0x00000000c6300000|100%| O|  |TAMS 0x00000000c6200000| PB 0x00000000c6200000| Untracked 
|  67|0x00000000c6300000, 0x00000000c6400000, 0x00000000c6400000|100%| O|  |TAMS 0x00000000c6300000| PB 0x00000000c6300000| Untracked 
|  68|0x00000000c6400000, 0x00000000c6500000, 0x00000000c6500000|100%| O|  |TAMS 0x00000000c6400000| PB 0x00000000c6400000| Untracked 
|  69|0x00000000c6500000, 0x00000000c6600000, 0x00000000c6600000|100%| O|  |TAMS 0x00000000c6500000| PB 0x00000000c6500000| Untracked 
|  70|0x00000000c6600000, 0x00000000c6700000, 0x00000000c6700000|100%| O|  |TAMS 0x00000000c6600000| PB 0x00000000c6600000| Untracked 
|  71|0x00000000c6700000, 0x00000000c6800000, 0x00000000c6800000|100%| O|  |TAMS 0x00000000c6700000| PB 0x00000000c6700000| Untracked 
|  72|0x00000000c6800000, 0x00000000c6900000, 0x00000000c6900000|100%| O|  |TAMS 0x00000000c6800000| PB 0x00000000c6800000| Untracked 
|  73|0x00000000c6900000, 0x00000000c6a00000, 0x00000000c6a00000|100%| O|  |TAMS 0x00000000c6900000| PB 0x00000000c6900000| Untracked 
|  74|0x00000000c6a00000, 0x00000000c6b00000, 0x00000000c6b00000|100%| O|  |TAMS 0x00000000c6a00000| PB 0x00000000c6a00000| Untracked 
|  75|0x00000000c6b00000, 0x00000000c6c00000, 0x00000000c6c00000|100%| O|  |TAMS 0x00000000c6b00000| PB 0x00000000c6b00000| Untracked 
|  76|0x00000000c6c00000, 0x00000000c6c00000, 0x00000000c6d00000|  0%| F|  |TAMS 0x00000000c6c00000| PB 0x00000000c6c00000| Untracked 
|  77|0x00000000c6d00000, 0x00000000c6e00000, 0x00000000c6e00000|100%| O|  |TAMS 0x00000000c6d00000| PB 0x00000000c6d00000| Untracked 
|  78|0x00000000c6e00000, 0x00000000c6f00000, 0x00000000c6f00000|100%| O|  |TAMS 0x00000000c6e00000| PB 0x00000000c6e00000| Untracked 
|  79|0x00000000c6f00000, 0x00000000c7000000, 0x00000000c7000000|100%| O|  |TAMS 0x00000000c6f00000| PB 0x00000000c6f00000| Untracked 
|  80|0x00000000c7000000, 0x00000000c7100000, 0x00000000c7100000|100%| O|  |TAMS 0x00000000c7000000| PB 0x00000000c7000000| Untracked 
|  81|0x00000000c7100000, 0x00000000c7200000, 0x00000000c7200000|100%| O|  |TAMS 0x00000000c7100000| PB 0x00000000c7100000| Untracked 
|  82|0x00000000c7200000, 0x00000000c7300000, 0x00000000c7300000|100%| O|  |TAMS 0x00000000c7200000| PB 0x00000000c7200000| Untracked 
|  83|0x00000000c7300000, 0x00000000c7400000, 0x00000000c7400000|100%| O|  |TAMS 0x00000000c7300000| PB 0x00000000c7300000| Untracked 
|  84|0x00000000c7400000, 0x00000000c7400000, 0x00000000c7500000|  0%| F|  |TAMS 0x00000000c7400000| PB 0x00000000c7400000| Untracked 
|  85|0x00000000c7500000, 0x00000000c7600000, 0x00000000c7600000|100%| O|  |TAMS 0x00000000c7500000| PB 0x00000000c7500000| Untracked 
|  86|0x00000000c7600000, 0x00000000c7700000, 0x00000000c7700000|100%| O|  |TAMS 0x00000000c7600000| PB 0x00000000c7600000| Untracked 
|  87|0x00000000c7700000, 0x00000000c7800000, 0x00000000c7800000|100%| O|  |TAMS 0x00000000c7700000| PB 0x00000000c7700000| Untracked 
|  88|0x00000000c7800000, 0x00000000c7900000, 0x00000000c7900000|100%| O|  |TAMS 0x00000000c7800000| PB 0x00000000c7800000| Untracked 
|  89|0x00000000c7900000, 0x00000000c7a00000, 0x00000000c7a00000|100%| O|  |TAMS 0x00000000c7900000| PB 0x00000000c7900000| Untracked 
|  90|0x00000000c7a00000, 0x00000000c7b00000, 0x00000000c7b00000|100%| O|  |TAMS 0x00000000c7a00000| PB 0x00000000c7a00000| Untracked 
|  91|0x00000000c7b00000, 0x00000000c7c00000, 0x00000000c7c00000|100%| O|  |TAMS 0x00000000c7b00000| PB 0x00000000c7b00000| Untracked 
|  92|0x00000000c7c00000, 0x00000000c7d00000, 0x00000000c7d00000|100%| O|  |TAMS 0x00000000c7c00000| PB 0x00000000c7c00000| Untracked 
|  93|0x00000000c7d00000, 0x00000000c7e00000, 0x00000000c7e00000|100%| O|  |TAMS 0x00000000c7d00000| PB 0x00000000c7d00000| Untracked 
|  94|0x00000000c7e00000, 0x00000000c7e00000, 0x00000000c7f00000|  0%| F|  |TAMS 0x00000000c7e00000| PB 0x00000000c7e00000| Untracked 
|  95|0x00000000c7f00000, 0x00000000c8000000, 0x00000000c8000000|100%| O|  |TAMS 0x00000000c7f00000| PB 0x00000000c7f00000| Untracked 
|  96|0x00000000c8000000, 0x00000000c8100000, 0x00000000c8100000|100%| O|  |TAMS 0x00000000c8000000| PB 0x00000000c8000000| Untracked 
|  97|0x00000000c8100000, 0x00000000c8200000, 0x00000000c8200000|100%| O|  |TAMS 0x00000000c8100000| PB 0x00000000c8100000| Untracked 
|  98|0x00000000c8200000, 0x00000000c8300000, 0x00000000c8300000|100%| O|  |TAMS 0x00000000c8200000| PB 0x00000000c8200000| Untracked 
|  99|0x00000000c8300000, 0x00000000c8400000, 0x00000000c8400000|100%| O|  |TAMS 0x00000000c8300000| PB 0x00000000c8300000| Untracked 
| 100|0x00000000c8400000, 0x00000000c8500000, 0x00000000c8500000|100%| O|  |TAMS 0x00000000c8400000| PB 0x00000000c8400000| Untracked 
| 101|0x00000000c8500000, 0x00000000c8600000, 0x00000000c8600000|100%| O|  |TAMS 0x00000000c8500000| PB 0x00000000c8500000| Untracked 
| 102|0x00000000c8600000, 0x00000000c8700000, 0x00000000c8700000|100%| O|  |TAMS 0x00000000c8600000| PB 0x00000000c8600000| Untracked 
| 103|0x00000000c8700000, 0x00000000c8800000, 0x00000000c8800000|100%| O|  |TAMS 0x00000000c8700000| PB 0x00000000c8700000| Untracked 
| 104|0x00000000c8800000, 0x00000000c8900000, 0x00000000c8900000|100%| O|  |TAMS 0x00000000c8800000| PB 0x00000000c8800000| Untracked 
| 105|0x00000000c8900000, 0x00000000c8a00000, 0x00000000c8a00000|100%| O|  |TAMS 0x00000000c8900000| PB 0x00000000c8900000| Untracked 
| 106|0x00000000c8a00000, 0x00000000c8b00000, 0x00000000c8b00000|100%| O|  |TAMS 0x00000000c8a00000| PB 0x00000000c8a00000| Untracked 
| 107|0x00000000c8b00000, 0x00000000c8c00000, 0x00000000c8c00000|100%| O|  |TAMS 0x00000000c8b00000| PB 0x00000000c8b00000| Untracked 
| 108|0x00000000c8c00000, 0x00000000c8d00000, 0x00000000c8d00000|100%| O|  |TAMS 0x00000000c8c00000| PB 0x00000000c8c00000| Untracked 
| 109|0x00000000c8d00000, 0x00000000c8e00000, 0x00000000c8e00000|100%| O|  |TAMS 0x00000000c8d00000| PB 0x00000000c8d00000| Untracked 
| 110|0x00000000c8e00000, 0x00000000c8f00000, 0x00000000c8f00000|100%| O|  |TAMS 0x00000000c8e00000| PB 0x00000000c8e00000| Untracked 
| 111|0x00000000c8f00000, 0x00000000c9000000, 0x00000000c9000000|100%| O|  |TAMS 0x00000000c8f00000| PB 0x00000000c8f00000| Untracked 
| 112|0x00000000c9000000, 0x00000000c9100000, 0x00000000c9100000|100%| O|  |TAMS 0x00000000c9000000| PB 0x00000000c9000000| Untracked 
| 113|0x00000000c9100000, 0x00000000c9200000, 0x00000000c9200000|100%| O|  |TAMS 0x00000000c9100000| PB 0x00000000c9100000| Untracked 
| 114|0x00000000c9200000, 0x00000000c9300000, 0x00000000c9300000|100%| O|  |TAMS 0x00000000c9200000| PB 0x00000000c9200000| Untracked 
| 115|0x00000000c9300000, 0x00000000c9400000, 0x00000000c9400000|100%| O|  |TAMS 0x00000000c9300000| PB 0x00000000c9300000| Untracked 
| 116|0x00000000c9400000, 0x00000000c9500000, 0x00000000c9500000|100%| O|  |TAMS 0x00000000c9400000| PB 0x00000000c9400000| Untracked 
| 117|0x00000000c9500000, 0x00000000c9600000, 0x00000000c9600000|100%| O|  |TAMS 0x00000000c9500000| PB 0x00000000c9500000| Untracked 
| 118|0x00000000c9600000, 0x00000000c9700000, 0x00000000c9700000|100%| O|  |TAMS 0x00000000c9600000| PB 0x00000000c9600000| Untracked 
| 119|0x00000000c9700000, 0x00000000c9800000, 0x00000000c9800000|100%| O|  |TAMS 0x00000000c9700000| PB 0x00000000c9700000| Untracked 
| 120|0x00000000c9800000, 0x00000000c9900000, 0x00000000c9900000|100%| O|  |TAMS 0x00000000c9800000| PB 0x00000000c9800000| Untracked 
| 121|0x00000000c9900000, 0x00000000c9a00000, 0x00000000c9a00000|100%| O|  |TAMS 0x00000000c9900000| PB 0x00000000c9900000| Untracked 
| 122|0x00000000c9a00000, 0x00000000c9b00000, 0x00000000c9b00000|100%| O|  |TAMS 0x00000000c9a00000| PB 0x00000000c9a00000| Untracked 
| 123|0x00000000c9b00000, 0x00000000c9c00000, 0x00000000c9c00000|100%| O|  |TAMS 0x00000000c9b00000| PB 0x00000000c9b00000| Untracked 
| 124|0x00000000c9c00000, 0x00000000c9d00000, 0x00000000c9d00000|100%| O|  |TAMS 0x00000000c9c00000| PB 0x00000000c9c00000| Untracked 
| 125|0x00000000c9d00000, 0x00000000c9e00000, 0x00000000c9e00000|100%| O|  |TAMS 0x00000000c9d00000| PB 0x00000000c9d00000| Untracked 
| 126|0x00000000c9e00000, 0x00000000c9f00000, 0x00000000c9f00000|100%| O|  |TAMS 0x00000000c9e00000| PB 0x00000000c9e00000| Untracked 
| 127|0x00000000c9f00000, 0x00000000ca000000, 0x00000000ca000000|100%| O|  |TAMS 0x00000000c9f00000| PB 0x00000000c9f00000| Untracked 
| 128|0x00000000ca000000, 0x00000000ca100000, 0x00000000ca100000|100%| O|  |TAMS 0x00000000ca000000| PB 0x00000000ca000000| Untracked 
| 129|0x00000000ca100000, 0x00000000ca200000, 0x00000000ca200000|100%| O|  |TAMS 0x00000000ca100000| PB 0x00000000ca100000| Untracked 
| 130|0x00000000ca200000, 0x00000000ca2b6830, 0x00000000ca300000| 71%| O|  |TAMS 0x00000000ca200000| PB 0x00000000ca200000| Untracked 
| 131|0x00000000ca300000, 0x00000000ca300000, 0x00000000ca400000|  0%| F|  |TAMS 0x00000000ca300000| PB 0x00000000ca300000| Untracked 
| 132|0x00000000ca400000, 0x00000000ca400000, 0x00000000ca500000|  0%| F|  |TAMS 0x00000000ca400000| PB 0x00000000ca400000| Untracked 
| 133|0x00000000ca500000, 0x00000000ca500000, 0x00000000ca600000|  0%| F|  |TAMS 0x00000000ca500000| PB 0x00000000ca500000| Untracked 
| 134|0x00000000ca600000, 0x00000000ca600000, 0x00000000ca700000|  0%| F|  |TAMS 0x00000000ca600000| PB 0x00000000ca600000| Untracked 
| 135|0x00000000ca700000, 0x00000000ca700000, 0x00000000ca800000|  0%| F|  |TAMS 0x00000000ca700000| PB 0x00000000ca700000| Untracked 
| 136|0x00000000ca800000, 0x00000000ca800000, 0x00000000ca900000|  0%| F|  |TAMS 0x00000000ca800000| PB 0x00000000ca800000| Untracked 
| 137|0x00000000ca900000, 0x00000000ca900000, 0x00000000caa00000|  0%| F|  |TAMS 0x00000000ca900000| PB 0x00000000ca900000| Untracked 
| 138|0x00000000caa00000, 0x00000000caa00000, 0x00000000cab00000|  0%| F|  |TAMS 0x00000000caa00000| PB 0x00000000caa00000| Untracked 
| 139|0x00000000cab00000, 0x00000000cab00000, 0x00000000cac00000|  0%| F|  |TAMS 0x00000000cab00000| PB 0x00000000cab00000| Untracked 
| 140|0x00000000cac00000, 0x00000000cad00000, 0x00000000cad00000|100%| S|CS|TAMS 0x00000000cac00000| PB 0x00000000cac00000| Complete 
| 141|0x00000000cad00000, 0x00000000cae00000, 0x00000000cae00000|100%| S|CS|TAMS 0x00000000cad00000| PB 0x00000000cad00000| Complete 
| 142|0x00000000cae00000, 0x00000000caf00000, 0x00000000caf00000|100%| S|CS|TAMS 0x00000000cae00000| PB 0x00000000cae00000| Complete 
| 143|0x00000000caf00000, 0x00000000cb000000, 0x00000000cb000000|100%| S|CS|TAMS 0x00000000caf00000| PB 0x00000000caf00000| Complete 
| 144|0x00000000cb000000, 0x00000000cb100000, 0x00000000cb100000|100%| S|CS|TAMS 0x00000000cb000000| PB 0x00000000cb000000| Complete 
| 145|0x00000000cb100000, 0x00000000cb200000, 0x00000000cb200000|100%| S|CS|TAMS 0x00000000cb100000| PB 0x00000000cb100000| Complete 
| 146|0x00000000cb200000, 0x00000000cb300000, 0x00000000cb300000|100%| S|CS|TAMS 0x00000000cb200000| PB 0x00000000cb200000| Complete 
| 147|0x00000000cb300000, 0x00000000cb300000, 0x00000000cb400000|  0%| F|  |TAMS 0x00000000cb300000| PB 0x00000000cb300000| Untracked 
| 148|0x00000000cb400000, 0x00000000cb400000, 0x00000000cb500000|  0%| F|  |TAMS 0x00000000cb400000| PB 0x00000000cb400000| Untracked 
| 149|0x00000000cb500000, 0x00000000cb500000, 0x00000000cb600000|  0%| F|  |TAMS 0x00000000cb500000| PB 0x00000000cb500000| Untracked 
| 150|0x00000000cb600000, 0x00000000cb600000, 0x00000000cb700000|  0%| F|  |TAMS 0x00000000cb600000| PB 0x00000000cb600000| Untracked 
| 151|0x00000000cb700000, 0x00000000cb700000, 0x00000000cb800000|  0%| F|  |TAMS 0x00000000cb700000| PB 0x00000000cb700000| Untracked 
| 152|0x00000000cb800000, 0x00000000cb800000, 0x00000000cb900000|  0%| F|  |TAMS 0x00000000cb800000| PB 0x00000000cb800000| Untracked 
| 153|0x00000000cb900000, 0x00000000cb900000, 0x00000000cba00000|  0%| F|  |TAMS 0x00000000cb900000| PB 0x00000000cb900000| Untracked 
| 154|0x00000000cba00000, 0x00000000cba00000, 0x00000000cbb00000|  0%| F|  |TAMS 0x00000000cba00000| PB 0x00000000cba00000| Untracked 
| 155|0x00000000cbb00000, 0x00000000cbb00000, 0x00000000cbc00000|  0%| F|  |TAMS 0x00000000cbb00000| PB 0x00000000cbb00000| Untracked 
| 156|0x00000000cbc00000, 0x00000000cbc00000, 0x00000000cbd00000|  0%| F|  |TAMS 0x00000000cbc00000| PB 0x00000000cbc00000| Untracked 
| 157|0x00000000cbd00000, 0x00000000cbd00000, 0x00000000cbe00000|  0%| F|  |TAMS 0x00000000cbd00000| PB 0x00000000cbd00000| Untracked 
| 158|0x00000000cbe00000, 0x00000000cbe00000, 0x00000000cbf00000|  0%| F|  |TAMS 0x00000000cbe00000| PB 0x00000000cbe00000| Untracked 
| 159|0x00000000cbf00000, 0x00000000cbf00000, 0x00000000cc000000|  0%| F|  |TAMS 0x00000000cbf00000| PB 0x00000000cbf00000| Untracked 
| 160|0x00000000cc000000, 0x00000000cc000000, 0x00000000cc100000|  0%| F|  |TAMS 0x00000000cc000000| PB 0x00000000cc000000| Untracked 
| 161|0x00000000cc100000, 0x00000000cc100000, 0x00000000cc200000|  0%| F|  |TAMS 0x00000000cc100000| PB 0x00000000cc100000| Untracked 
| 162|0x00000000cc200000, 0x00000000cc200000, 0x00000000cc300000|  0%| F|  |TAMS 0x00000000cc200000| PB 0x00000000cc200000| Untracked 
| 163|0x00000000cc300000, 0x00000000cc300000, 0x00000000cc400000|  0%| F|  |TAMS 0x00000000cc300000| PB 0x00000000cc300000| Untracked 
| 164|0x00000000cc400000, 0x00000000cc400000, 0x00000000cc500000|  0%| F|  |TAMS 0x00000000cc400000| PB 0x00000000cc400000| Untracked 
| 165|0x00000000cc500000, 0x00000000cc500000, 0x00000000cc600000|  0%| F|  |TAMS 0x00000000cc500000| PB 0x00000000cc500000| Untracked 
| 166|0x00000000cc600000, 0x00000000cc600000, 0x00000000cc700000|  0%| F|  |TAMS 0x00000000cc600000| PB 0x00000000cc600000| Untracked 
| 167|0x00000000cc700000, 0x00000000cc700000, 0x00000000cc800000|  0%| F|  |TAMS 0x00000000cc700000| PB 0x00000000cc700000| Untracked 
| 168|0x00000000cc800000, 0x00000000cc800000, 0x00000000cc900000|  0%| F|  |TAMS 0x00000000cc800000| PB 0x00000000cc800000| Untracked 
| 169|0x00000000cc900000, 0x00000000cc900000, 0x00000000cca00000|  0%| F|  |TAMS 0x00000000cc900000| PB 0x00000000cc900000| Untracked 
| 170|0x00000000cca00000, 0x00000000cca00000, 0x00000000ccb00000|  0%| F|  |TAMS 0x00000000cca00000| PB 0x00000000cca00000| Untracked 
| 171|0x00000000ccb00000, 0x00000000ccb00000, 0x00000000ccc00000|  0%| F|  |TAMS 0x00000000ccb00000| PB 0x00000000ccb00000| Untracked 
| 172|0x00000000ccc00000, 0x00000000ccc00000, 0x00000000ccd00000|  0%| F|  |TAMS 0x00000000ccc00000| PB 0x00000000ccc00000| Untracked 
| 173|0x00000000ccd00000, 0x00000000ccd00000, 0x00000000cce00000|  0%| F|  |TAMS 0x00000000ccd00000| PB 0x00000000ccd00000| Untracked 
| 174|0x00000000cce00000, 0x00000000cce00000, 0x00000000ccf00000|  0%| F|  |TAMS 0x00000000cce00000| PB 0x00000000cce00000| Untracked 
| 175|0x00000000ccf00000, 0x00000000ccf00000, 0x00000000cd000000|  0%| F|  |TAMS 0x00000000ccf00000| PB 0x00000000ccf00000| Untracked 
| 176|0x00000000cd000000, 0x00000000cd000000, 0x00000000cd100000|  0%| F|  |TAMS 0x00000000cd000000| PB 0x00000000cd000000| Untracked 
| 177|0x00000000cd100000, 0x00000000cd100000, 0x00000000cd200000|  0%| F|  |TAMS 0x00000000cd100000| PB 0x00000000cd100000| Untracked 
| 178|0x00000000cd200000, 0x00000000cd200000, 0x00000000cd300000|  0%| F|  |TAMS 0x00000000cd200000| PB 0x00000000cd200000| Untracked 
| 179|0x00000000cd300000, 0x00000000cd300000, 0x00000000cd400000|  0%| F|  |TAMS 0x00000000cd300000| PB 0x00000000cd300000| Untracked 
| 180|0x00000000cd400000, 0x00000000cd400000, 0x00000000cd500000|  0%| F|  |TAMS 0x00000000cd400000| PB 0x00000000cd400000| Untracked 
| 181|0x00000000cd500000, 0x00000000cd580000, 0x00000000cd600000| 50%| E|  |TAMS 0x00000000cd500000| PB 0x00000000cd500000| Complete 
| 182|0x00000000cd600000, 0x00000000cd700000, 0x00000000cd700000|100%| E|CS|TAMS 0x00000000cd600000| PB 0x00000000cd600000| Complete 
| 183|0x00000000cd700000, 0x00000000cd800000, 0x00000000cd800000|100%| E|CS|TAMS 0x00000000cd700000| PB 0x00000000cd700000| Complete 
| 184|0x00000000cd800000, 0x00000000cd900000, 0x00000000cd900000|100%| E|CS|TAMS 0x00000000cd800000| PB 0x00000000cd800000| Complete 
| 185|0x00000000cd900000, 0x00000000cda00000, 0x00000000cda00000|100%| E|CS|TAMS 0x00000000cd900000| PB 0x00000000cd900000| Complete 
| 186|0x00000000cda00000, 0x00000000cdb00000, 0x00000000cdb00000|100%| E|CS|TAMS 0x00000000cda00000| PB 0x00000000cda00000| Complete 
| 187|0x00000000cdb00000, 0x00000000cdc00000, 0x00000000cdc00000|100%| E|CS|TAMS 0x00000000cdb00000| PB 0x00000000cdb00000| Complete 
| 188|0x00000000cdc00000, 0x00000000cdd00000, 0x00000000cdd00000|100%| E|CS|TAMS 0x00000000cdc00000| PB 0x00000000cdc00000| Complete 
| 189|0x00000000cdd00000, 0x00000000cde00000, 0x00000000cde00000|100%| E|CS|TAMS 0x00000000cdd00000| PB 0x00000000cdd00000| Complete 
| 190|0x00000000cde00000, 0x00000000cdf00000, 0x00000000cdf00000|100%| E|CS|TAMS 0x00000000cde00000| PB 0x00000000cde00000| Complete 
| 191|0x00000000cdf00000, 0x00000000ce000000, 0x00000000ce000000|100%| E|CS|TAMS 0x00000000cdf00000| PB 0x00000000cdf00000| Complete 
| 192|0x00000000ce000000, 0x00000000ce100000, 0x00000000ce100000|100%| E|CS|TAMS 0x00000000ce000000| PB 0x00000000ce000000| Complete 
| 193|0x00000000ce100000, 0x00000000ce200000, 0x00000000ce200000|100%| E|CS|TAMS 0x00000000ce100000| PB 0x00000000ce100000| Complete 
| 194|0x00000000ce200000, 0x00000000ce300000, 0x00000000ce300000|100%| E|CS|TAMS 0x00000000ce200000| PB 0x00000000ce200000| Complete 
| 195|0x00000000ce300000, 0x00000000ce400000, 0x00000000ce400000|100%| E|CS|TAMS 0x00000000ce300000| PB 0x00000000ce300000| Complete 
| 196|0x00000000ce400000, 0x00000000ce500000, 0x00000000ce500000|100%| E|CS|TAMS 0x00000000ce400000| PB 0x00000000ce400000| Complete 
| 197|0x00000000ce500000, 0x00000000ce600000, 0x00000000ce600000|100%| E|CS|TAMS 0x00000000ce500000| PB 0x00000000ce500000| Complete 
| 198|0x00000000ce600000, 0x00000000ce700000, 0x00000000ce700000|100%| E|CS|TAMS 0x00000000ce600000| PB 0x00000000ce600000| Complete 
| 199|0x00000000ce700000, 0x00000000ce800000, 0x00000000ce800000|100%| E|CS|TAMS 0x00000000ce700000| PB 0x00000000ce700000| Complete 
| 985|0x00000000ff900000, 0x00000000ffa00000, 0x00000000ffa00000|100%| E|CS|TAMS 0x00000000ff900000| PB 0x00000000ff900000| Complete 
| 986|0x00000000ffa00000, 0x00000000ffb00000, 0x00000000ffb00000|100%| E|CS|TAMS 0x00000000ffa00000| PB 0x00000000ffa00000| Complete 
| 987|0x00000000ffb00000, 0x00000000ffc00000, 0x00000000ffc00000|100%| O|  |TAMS 0x00000000ffb00000| PB 0x00000000ffb00000| Untracked 
| 988|0x00000000ffc00000, 0x00000000ffd00000, 0x00000000ffd00000|100%| O|  |TAMS 0x00000000ffc00000| PB 0x00000000ffc00000| Untracked 
| 989|0x00000000ffd00000, 0x00000000ffe00000, 0x00000000ffe00000|100%| O|  |TAMS 0x00000000ffd00000| PB 0x00000000ffd00000| Untracked 
| 990|0x00000000ffe00000, 0x00000000fff00000, 0x00000000fff00000|100%| O|  |TAMS 0x00000000ffe00000| PB 0x00000000ffe00000| Untracked 
| 991|0x00000000fff00000, 0x0000000100000000, 0x0000000100000000|100%| O|  |TAMS 0x00000000fff00000| PB 0x00000000fff00000| Untracked 

Card table byte_map: [0x000001e1427c0000,0x000001e1429b0000] _byte_map_base: 0x000001e1421b0000

Marking Bits: (CMBitMap*) 0x000001e1304b2c70
 Bits: [0x000001e1429b0000, 0x000001e143930000)

Polling page: 0x000001e12e4d0000

Metaspace:

Usage:
  Non-class:     45.09 MB used.
      Class:      5.80 MB used.
       Both:     50.89 MB used.

Virtual space:
  Non-class space:       64.00 MB reserved,      45.19 MB ( 71%) committed,  1 nodes.
      Class space:        1.00 GB reserved,       5.94 MB ( <1%) committed,  1 nodes.
             Both:        1.06 GB reserved,      51.12 MB (  5%) committed. 

Chunk freelists:
   Non-Class:  2.64 MB
       Class:  10.08 MB
        Both:  12.72 MB

MaxMetaspaceSize: unlimited
CompressedClassSpaceSize: 1.00 GB
Initial GC threshold: 21.00 MB
Current GC threshold: 85.25 MB
CDS: off
 - commit_granule_bytes: 65536.
 - commit_granule_words: 8192.
 - virtual_space_node_default_size: 8388608.
 - enlarge_chunks_in_place: 1.
 - use_allocation_guard: 0.


Internal statistics:

num_allocs_failed_limit: 3.
num_arena_births: 198.
num_arena_deaths: 0.
num_vsnodes_births: 2.
num_vsnodes_deaths: 0.
num_space_committed: 816.
num_space_uncommitted: 0.
num_chunks_returned_to_freelist: 3.
num_chunks_taken_from_freelist: 1670.
num_chunk_merges: 3.
num_chunk_splits: 1427.
num_chunks_enlarged: 1314.
num_inconsistent_stats: 0.

CodeHeap 'non-profiled nmethods': size=120000Kb used=4486Kb max_used=4530Kb free=115513Kb
 bounds [0x000001e13b0a0000, 0x000001e13b510000, 0x000001e1425d0000]
CodeHeap 'profiled nmethods': size=120000Kb used=13601Kb max_used=14110Kb free=106399Kb
 bounds [0x000001e1335d0000, 0x000001e1343a0000, 0x000001e13ab00000]
CodeHeap 'non-nmethods': size=5760Kb used=1571Kb max_used=1667Kb free=4189Kb
 bounds [0x000001e13ab00000, 0x000001e13ad70000, 0x000001e13b0a0000]
CodeCache: size=245760Kb, used=19658Kb, max_used=20307Kb, free=226101Kb
 total_blobs=5969, nmethods=5330, adapters=543, full_count=0
Compilation: enabled, stopped_count=0, restarted_count=0

Compilation events (20 events):
Event: 48.296 Thread 0x000001e145e52450 nmethod 6336 0x000001e13b20d010 code [0x000001e13b20d1c0, 0x000001e13b20d590]
Event: 48.411 Thread 0x000001e145e52450 6337       4       org.jetbrains.kotlin.load.kotlin.FileBasedKotlinClass$1::visitAnnotation (21 bytes)
Event: 48.431 Thread 0x000001e145e52450 nmethod 6337 0x000001e13b0fa210 code [0x000001e13b0fa460, 0x000001e13b0fb070]
Event: 48.431 Thread 0x000001e145e52450 6338       4       org.jetbrains.kotlin.load.kotlin.header.ReadKotlinClassHeaderAnnotationVisitor::visitAnnotation (115 bytes)
Event: 48.438 Thread 0x000001e145e52450 nmethod 6338 0x000001e13b2bf410 code [0x000001e13b2bf620, 0x000001e13b2bfc48]
Event: 48.547 Thread 0x000001e145e52450 6339       4       org.jetbrains.kotlin.cli.jvm.index.JvmDependenciesIndexImpl$FindClassRequest::getPackageFqName (8 bytes)
Event: 48.548 Thread 0x000001e145e52450 nmethod 6339 0x000001e13b346410 code [0x000001e13b3465a0, 0x000001e13b346648]
Event: 48.559 Thread 0x000001e145e52450 6340       4       java.util.Collections$UnmodifiableMap::get (11 bytes)
Event: 48.572 Thread 0x000001e145e52450 nmethod 6340 0x000001e13b2be710 code [0x000001e13b2be900, 0x000001e13b2bef50]
Event: 48.575 Thread 0x000001e145e52450 6341       4       org.jetbrains.kotlin.load.kotlin.FileBasedKotlinClass$1::visitInnerClass (19 bytes)
Event: 48.604 Thread 0x000001e145e52450 nmethod 6341 0x000001e13b12bc10 code [0x000001e13b12be80, 0x000001e13b12cdb8]
Event: 48.604 Thread 0x000001e145e52450 6343       4       org.jetbrains.kotlin.metadata.ProtoBuf$Property$1::parsePartialFrom (11 bytes)
Event: 48.606 Thread 0x000001e145e52450 nmethod 6343 0x000001e13b339590 code [0x000001e13b339720, 0x000001e13b3398a0]
Event: 48.606 Thread 0x000001e145e52450 6344       4       org.jetbrains.kotlin.metadata.ProtoBuf$Property$1::parsePartialFrom (7 bytes)
Event: 48.608 Thread 0x000001e145e52450 nmethod 6344 0x000001e13b386810 code [0x000001e13b3869a0, 0x000001e13b386b20]
Event: 48.608 Thread 0x000001e145e52450 6342       4       org.jetbrains.kotlin.load.kotlin.FileBasedKotlinClass$InnerClassesInfo::add (48 bytes)
Event: 48.633 Thread 0x000001e145e52450 nmethod 6342 0x000001e13b177210 code [0x000001e13b177480, 0x000001e13b178370]
Event: 48.699 Thread 0x000001e145e52450 6345       4       org.jetbrains.kotlin.protobuf.FieldSet::hasField (36 bytes)
Event: 48.712 Thread 0x000001e145e52450 nmethod 6345 0x000001e13b12ac90 code [0x000001e13b12aee0, 0x000001e13b12b580]
Event: 48.726 Thread 0x000001e145e52450 6346       4       org.jetbrains.kotlin.metadata.ProtoBuf$Package::isInitialized (165 bytes)

GC Heap History (20 events):
Event: 36.962 GC heap before
{Heap before GC invocations=30 (full 0):
 garbage-first heap   total 106496K, used 87208K [0x00000000c2000000, 0x0000000100000000)
  region size 1024K, 24 young (24576K), 2 survivors (2048K)
 Metaspace       used 50519K, committed 50752K, reserved 1114112K
  class space    used 5839K, committed 5952K, reserved 1048576K
}
Event: 36.985 GC heap after
{Heap after GC invocations=31 (full 0):
 garbage-first heap   total 106496K, used 67811K [0x00000000c2000000, 0x0000000100000000)
  region size 1024K, 3 young (3072K), 3 survivors (3072K)
 Metaspace       used 50519K, committed 50752K, reserved 1114112K
  class space    used 5839K, committed 5952K, reserved 1048576K
}
Event: 37.872 GC heap before
{Heap before GC invocations=31 (full 0):
 garbage-first heap   total 106496K, used 81123K [0x00000000c2000000, 0x0000000100000000)
  region size 1024K, 18 young (18432K), 3 survivors (3072K)
 Metaspace       used 51328K, committed 51648K, reserved 1114112K
  class space    used 5903K, committed 6080K, reserved 1048576K
}
Event: 37.892 GC heap after
{Heap after GC invocations=32 (full 0):
 garbage-first heap   total 106496K, used 72018K [0x00000000c2000000, 0x0000000100000000)
  region size 1024K, 4 young (4096K), 4 survivors (4096K)
 Metaspace       used 51328K, committed 51648K, reserved 1114112K
  class space    used 5903K, committed 6080K, reserved 1048576K
}
Event: 38.730 GC heap before
{Heap before GC invocations=33 (full 0):
 garbage-first heap   total 122880K, used 92498K [0x00000000c2000000, 0x0000000100000000)
  region size 1024K, 23 young (23552K), 4 survivors (4096K)
 Metaspace       used 51428K, committed 51776K, reserved 1114112K
  class space    used 5903K, committed 6080K, reserved 1048576K
}
Event: 38.757 GC heap after
{Heap after GC invocations=34 (full 0):
 garbage-first heap   total 122880K, used 80384K [0x00000000c2000000, 0x0000000100000000)
  region size 1024K, 3 young (3072K), 3 survivors (3072K)
 Metaspace       used 51428K, committed 51776K, reserved 1114112K
  class space    used 5903K, committed 6080K, reserved 1048576K
}
Event: 39.689 GC heap before
{Heap before GC invocations=34 (full 0):
 garbage-first heap   total 122880K, used 102912K [0x00000000c2000000, 0x0000000100000000)
  region size 1024K, 25 young (25600K), 3 survivors (3072K)
 Metaspace       used 51783K, committed 52096K, reserved 1114112K
  class space    used 5926K, committed 6080K, reserved 1048576K
}
Event: 39.712 GC heap after
{Heap after GC invocations=35 (full 0):
 garbage-first heap   total 184320K, used 86016K [0x00000000c2000000, 0x0000000100000000)
  region size 1024K, 4 young (4096K), 4 survivors (4096K)
 Metaspace       used 51783K, committed 52096K, reserved 1114112K
  class space    used 5926K, committed 6080K, reserved 1048576K
}
Event: 42.272 GC heap before
{Heap before GC invocations=35 (full 0):
 garbage-first heap   total 184320K, used 143360K [0x00000000c2000000, 0x0000000100000000)
  region size 1024K, 60 young (61440K), 4 survivors (4096K)
 Metaspace       used 51889K, committed 52160K, reserved 1114112K
  class space    used 5926K, committed 6080K, reserved 1048576K
}
Event: 42.288 GC heap after
{Heap after GC invocations=36 (full 0):
 garbage-first heap   total 184320K, used 100352K [0x00000000c2000000, 0x0000000100000000)
  region size 1024K, 8 young (8192K), 8 survivors (8192K)
 Metaspace       used 51889K, committed 52160K, reserved 1114112K
  class space    used 5926K, committed 6080K, reserved 1048576K
}
Event: 42.909 GC heap before
{Heap before GC invocations=36 (full 0):
 garbage-first heap   total 184320K, used 145408K [0x00000000c2000000, 0x0000000100000000)
  region size 1024K, 52 young (53248K), 8 survivors (8192K)
 Metaspace       used 51889K, committed 52160K, reserved 1114112K
  class space    used 5926K, committed 6080K, reserved 1048576K
}
Event: 42.928 GC heap after
{Heap after GC invocations=37 (full 0):
 garbage-first heap   total 184320K, used 109468K [0x00000000c2000000, 0x0000000100000000)
  region size 1024K, 7 young (7168K), 7 survivors (7168K)
 Metaspace       used 51889K, committed 52160K, reserved 1114112K
  class space    used 5926K, committed 6080K, reserved 1048576K
}
Event: 43.684 GC heap before
{Heap before GC invocations=37 (full 0):
 garbage-first heap   total 184320K, used 152476K [0x00000000c2000000, 0x0000000100000000)
  region size 1024K, 49 young (50176K), 7 survivors (7168K)
 Metaspace       used 51889K, committed 52160K, reserved 1114112K
  class space    used 5926K, committed 6080K, reserved 1048576K
}
Event: 43.696 GC heap after
{Heap after GC invocations=38 (full 0):
 garbage-first heap   total 184320K, used 118272K [0x00000000c2000000, 0x0000000100000000)
  region size 1024K, 7 young (7168K), 7 survivors (7168K)
 Metaspace       used 51889K, committed 52160K, reserved 1114112K
  class space    used 5926K, committed 6080K, reserved 1048576K
}
Event: 46.216 GC heap before
{Heap before GC invocations=38 (full 0):
 garbage-first heap   total 184320K, used 158208K [0x00000000c2000000, 0x0000000100000000)
  region size 1024K, 46 young (47104K), 7 survivors (7168K)
 Metaspace       used 52106K, committed 52352K, reserved 1114112K
  class space    used 5936K, committed 6080K, reserved 1048576K
}
Event: 46.233 GC heap after
{Heap after GC invocations=39 (full 0):
 garbage-first heap   total 184320K, used 126976K [0x00000000c2000000, 0x0000000100000000)
  region size 1024K, 6 young (6144K), 6 survivors (6144K)
 Metaspace       used 52106K, committed 52352K, reserved 1114112K
  class space    used 5936K, committed 6080K, reserved 1048576K
}
Event: 47.478 GC heap before
{Heap before GC invocations=40 (full 0):
 garbage-first heap   total 211968K, used 162816K [0x00000000c2000000, 0x0000000100000000)
  region size 1024K, 41 young (41984K), 6 survivors (6144K)
 Metaspace       used 52107K, committed 52352K, reserved 1114112K
  class space    used 5936K, committed 6080K, reserved 1048576K
}
Event: 47.491 GC heap after
{Heap after GC invocations=41 (full 0):
 garbage-first heap   total 211968K, used 134584K [0x00000000c2000000, 0x0000000100000000)
  region size 1024K, 6 young (6144K), 6 survivors (6144K)
 Metaspace       used 52107K, committed 52352K, reserved 1114112K
  class space    used 5936K, committed 6080K, reserved 1048576K
}
Event: 48.493 GC heap before
{Heap before GC invocations=41 (full 0):
 garbage-first heap   total 211968K, used 184760K [0x00000000c2000000, 0x0000000100000000)
  region size 1024K, 55 young (56320K), 6 survivors (6144K)
 Metaspace       used 52107K, committed 52352K, reserved 1114112K
  class space    used 5936K, committed 6080K, reserved 1048576K
}
Event: 48.504 GC heap after
{Heap after GC invocations=42 (full 0):
 garbage-first heap   total 211968K, used 143066K [0x00000000c2000000, 0x0000000100000000)
  region size 1024K, 7 young (7168K), 7 survivors (7168K)
 Metaspace       used 52107K, committed 52352K, reserved 1114112K
  class space    used 5936K, committed 6080K, reserved 1048576K
}

Dll operation events (3 events):
Event: 0.039 Loaded shared library C:\Program Files\Android\Android Studio\jbr\bin\java.dll
Event: 0.045 Loaded shared library C:\Program Files\Android\Android Studio\jbr\bin\zip.dll
Event: 11.088 Loaded shared library C:\Program Files\Android\Android Studio\jbr\bin\verify.dll

Deoptimization events (20 events):
Event: 44.334 Thread 0x000001e12e19fcf0 Uncommon trap: trap_request=0xffffff45 fr.pc=0x000001e13b49f928 relative=0x0000000000000b08
Event: 44.334 Thread 0x000001e12e19fcf0 Uncommon trap: reason=unstable_if action=reinterpret pc=0x000001e13b49f928 method=org.jetbrains.kotlin.load.kotlin.FileBasedKotlinClass$3.visit(Ljava/lang/String;Ljava/lang/Object;)V @ 25 c2
Event: 44.334 Thread 0x000001e12e19fcf0 DEOPT PACKING pc=0x000001e13b49f928 sp=0x000000214defc2e0
Event: 44.334 Thread 0x000001e12e19fcf0 DEOPT UNPACKING pc=0x000001e13ab546a2 sp=0x000000214defc2a8 mode 2
Event: 44.446 Thread 0x000001e12e19fcf0 Uncommon trap: trap_request=0xffffff45 fr.pc=0x000001e13b3f30d8 relative=0x00000000000033f8
Event: 44.446 Thread 0x000001e12e19fcf0 Uncommon trap: reason=unstable_if action=reinterpret pc=0x000001e13b3f30d8 method=org.jetbrains.org.objectweb.asm.ClassReader.readMethod(Lorg/jetbrains/org/objectweb/asm/ClassVisitor;Lorg/jetbrains/org/objectweb/asm/Context;I)I @ 316 c2
Event: 44.446 Thread 0x000001e12e19fcf0 DEOPT PACKING pc=0x000001e13b3f30d8 sp=0x000000214defbf50
Event: 44.446 Thread 0x000001e12e19fcf0 DEOPT UNPACKING pc=0x000001e13ab546a2 sp=0x000000214defbef8 mode 2
Event: 44.799 Thread 0x000001e12e19fcf0 DEOPT PACKING pc=0x000001e1342c5a16 sp=0x000000214defb750
Event: 44.799 Thread 0x000001e12e19fcf0 DEOPT UNPACKING pc=0x000001e13ab54e42 sp=0x000000214defaba0 mode 0
Event: 45.262 Thread 0x000001e12e19fcf0 Uncommon trap: trap_request=0xffffff45 fr.pc=0x000001e13b4c90d0 relative=0x0000000000001f70
Event: 45.262 Thread 0x000001e12e19fcf0 Uncommon trap: reason=unstable_if action=reinterpret pc=0x000001e13b4c90d0 method=org.jetbrains.org.objectweb.asm.ClassReader.readElementValue(Lorg/jetbrains/org/objectweb/asm/AnnotationVisitor;ILjava/lang/String;[C)I @ 102 c2
Event: 45.262 Thread 0x000001e12e19fcf0 DEOPT PACKING pc=0x000001e13b4c90d0 sp=0x000000214defb530
Event: 45.262 Thread 0x000001e12e19fcf0 DEOPT UNPACKING pc=0x000001e13ab546a2 sp=0x000000214defb4d0 mode 2
Event: 46.206 Thread 0x000001e12e19fcf0 DEOPT PACKING pc=0x000001e133d02d8d sp=0x000000214defbd20
Event: 46.206 Thread 0x000001e12e19fcf0 DEOPT UNPACKING pc=0x000001e13ab54e42 sp=0x000000214defb1e8 mode 0
Event: 47.147 Thread 0x000001e12e19fcf0 Uncommon trap: trap_request=0xffffff54 fr.pc=0x000001e13b15c788 relative=0x0000000000000428
Event: 47.147 Thread 0x000001e12e19fcf0 Uncommon trap: reason=speculate_null_assert action=make_not_entrant pc=0x000001e13b15c788 method=org.jetbrains.kotlin.protobuf.GeneratedMessageLite$ExtendableMessage.getExtension(Lorg/jetbrains/kotlin/protobuf/GeneratedMessageLite$GeneratedExtension;)Ljav
Event: 47.147 Thread 0x000001e12e19fcf0 DEOPT PACKING pc=0x000001e13b15c788 sp=0x000000214defbd40
Event: 47.147 Thread 0x000001e12e19fcf0 DEOPT UNPACKING pc=0x000001e13ab546a2 sp=0x000000214defbcf8 mode 2

Classes loaded (20 events):
Event: 27.040 Loading class java/math/RoundingMode
Event: 27.041 Loading class java/math/RoundingMode done
Event: 34.239 Loading class java/util/PriorityQueue
Event: 34.240 Loading class java/util/PriorityQueue done
Event: 35.177 Loading class java/security/AccessControlException
Event: 35.178 Loading class java/security/AccessControlException done
Event: 35.279 Loading class java/text/StringCharacterIterator
Event: 35.279 Loading class java/text/CharacterIterator
Event: 35.280 Loading class java/text/CharacterIterator done
Event: 35.280 Loading class java/text/StringCharacterIterator done
Event: 35.712 Loading class java/lang/annotation/ElementType
Event: 35.712 Loading class java/lang/annotation/ElementType done
Event: 35.712 Loading class java/lang/Deprecated
Event: 35.713 Loading class java/lang/Deprecated done
Event: 35.713 Loading class java/lang/Override
Event: 35.713 Loading class java/lang/Override done
Event: 37.258 Loading class java/util/ArrayList$SubList$1
Event: 37.258 Loading class java/util/ArrayList$SubList$1 done
Event: 37.656 Loading class java/util/AbstractList$ListItr
Event: 37.657 Loading class java/util/AbstractList$ListItr done

Classes unloaded (0 events):
No events

Classes redefined (0 events):
No events

Internal exceptions (20 events):
Event: 26.178 Thread 0x000001e12e19fcf0 Exception <a 'java/lang/NoSuchMethodError'{0x00000000c4dbbc60}: 'java.lang.Object java.lang.invoke.DirectMethodHandle$Holder.newInvokeSpecial(java.lang.Object, java.lang.Object, int)'> (0x00000000c4dbbc60) 
thrown [s\src\hotspot\share\interpreter\linkResolver.cpp, line 784]
Event: 28.518 Thread 0x000001e12e19fcf0 Implicit null exception at 0x000001e13b1dd191 to 0x000001e13b1de01c
Event: 28.519 Thread 0x000001e12e19fcf0 Implicit null exception at 0x000001e13b149463 to 0x000001e13b1494f9
Event: 28.519 Thread 0x000001e12e19fcf0 Implicit null exception at 0x000001e13b1e2ab2 to 0x000001e13b1e51fc
Event: 28.519 Thread 0x000001e12e19fcf0 Implicit null exception at 0x000001e13b1e2ab2 to 0x000001e13b1e51fc
Event: 28.519 Thread 0x000001e12e19fcf0 Implicit null exception at 0x000001e13b1e2ab2 to 0x000001e13b1e51fc
Event: 28.519 Thread 0x000001e12e19fcf0 Implicit null exception at 0x000001e13b1e2ab2 to 0x000001e13b1e51fc
Event: 28.519 Thread 0x000001e12e19fcf0 Implicit null exception at 0x000001e13b1e2ab2 to 0x000001e13b1e51fc
Event: 28.519 Thread 0x000001e12e19fcf0 Implicit null exception at 0x000001e13b1e2ab2 to 0x000001e13b1e51fc
Event: 28.519 Thread 0x000001e12e19fcf0 Implicit null exception at 0x000001e13b1e2ab2 to 0x000001e13b1e51fc
Event: 28.519 Thread 0x000001e12e19fcf0 Implicit null exception at 0x000001e13b1e2ab2 to 0x000001e13b1e51fc
Event: 28.519 Thread 0x000001e12e19fcf0 Implicit null exception at 0x000001e13b1e2ab2 to 0x000001e13b1e51fc
Event: 28.519 Thread 0x000001e12e19fcf0 Implicit null exception at 0x000001e13b1e2ab2 to 0x000001e13b1e51fc
Event: 28.519 Thread 0x000001e12e19fcf0 Implicit null exception at 0x000001e13b1e2ab2 to 0x000001e13b1e51fc
Event: 28.519 Thread 0x000001e12e19fcf0 Implicit null exception at 0x000001e13b1e8100 to 0x000001e13b1ea8a8
Event: 35.085 Thread 0x000001e12e19fcf0 Exception <a 'java/lang/NoSuchMethodError'{0x00000000c7ddc350}: 'java.lang.Object java.lang.invoke.DirectMethodHandle$Holder.newInvokeSpecial(java.lang.Object, java.lang.Object, java.lang.Object, int, java.lang.Object)'> (0x00000000c7ddc350) 
thrown [s\src\hotspot\share\interpreter\linkResolver.cpp, line 784]
Event: 36.695 Thread 0x000001e12e19fcf0 Implicit null exception at 0x000001e13b2be409 to 0x000001e13b2bec8c
Event: 36.696 Thread 0x000001e12e19fcf0 Implicit null exception at 0x000001e13b20d240 to 0x000001e13b20d4d4
Event: 36.729 Thread 0x000001e12e19fcf0 Implicit null exception at 0x000001e13b0dccc0 to 0x000001e13b0dcd42
Event: 36.729 Thread 0x000001e12e19fcf0 Implicit null exception at 0x000001e13b2bfb1a to 0x000001e13b2bfd1c

ZGC Phase Switch (0 events):
No events

VM Operations (20 events):
Event: 42.272 Executing VM operation: G1CollectForAllocation (G1 Evacuation Pause)
Event: 42.288 Executing VM operation: G1CollectForAllocation (G1 Evacuation Pause) done
Event: 42.909 Executing VM operation: G1CollectForAllocation (G1 Evacuation Pause)
Event: 42.928 Executing VM operation: G1CollectForAllocation (G1 Evacuation Pause) done
Event: 43.684 Executing VM operation: G1CollectForAllocation (G1 Evacuation Pause)
Event: 43.696 Executing VM operation: G1CollectForAllocation (G1 Evacuation Pause) done
Event: 44.703 Executing VM operation: Cleanup
Event: 44.753 Executing VM operation: Cleanup done
Event: 45.758 Executing VM operation: Cleanup
Event: 45.776 Executing VM operation: Cleanup done
Event: 46.216 Executing VM operation: G1CollectForAllocation (G1 Evacuation Pause)
Event: 46.233 Executing VM operation: G1CollectForAllocation (G1 Evacuation Pause) done
Event: 46.579 Executing VM operation: G1PauseRemark
Event: 46.588 Executing VM operation: G1PauseRemark done
Event: 46.749 Executing VM operation: G1PauseCleanup
Event: 46.781 Executing VM operation: G1PauseCleanup done
Event: 47.478 Executing VM operation: G1CollectForAllocation (G1 Evacuation Pause)
Event: 47.491 Executing VM operation: G1CollectForAllocation (G1 Evacuation Pause) done
Event: 48.493 Executing VM operation: G1CollectForAllocation (G1 Evacuation Pause)
Event: 48.504 Executing VM operation: G1CollectForAllocation (G1 Evacuation Pause) done

Memory protections (0 events):
No events

Nmethod flushes (20 events):
Event: 46.587 Thread 0x000001e145dc2870 flushing  nmethod 0x000001e133ad1510
Event: 46.587 Thread 0x000001e145dc2870 flushing  nmethod 0x000001e133ad2810
Event: 46.587 Thread 0x000001e145dc2870 flushing  nmethod 0x000001e133af7d10
Event: 46.587 Thread 0x000001e145dc2870 flushing  nmethod 0x000001e133af9f90
Event: 46.587 Thread 0x000001e145dc2870 flushing  nmethod 0x000001e133aff110
Event: 46.587 Thread 0x000001e145dc2870 flushing  nmethod 0x000001e133b74090
Event: 46.587 Thread 0x000001e145dc2870 flushing  nmethod 0x000001e133ba5890
Event: 46.587 Thread 0x000001e145dc2870 flushing  nmethod 0x000001e133c94890
Event: 46.587 Thread 0x000001e145dc2870 flushing  nmethod 0x000001e133c95190
Event: 46.587 Thread 0x000001e145dc2870 flushing  nmethod 0x000001e133c95d90
Event: 46.587 Thread 0x000001e145dc2870 flushing  nmethod 0x000001e133d20990
Event: 46.587 Thread 0x000001e145dc2870 flushing  nmethod 0x000001e133d25190
Event: 46.587 Thread 0x000001e145dc2870 flushing  nmethod 0x000001e133d45610
Event: 46.587 Thread 0x000001e145dc2870 flushing  nmethod 0x000001e133e8f610
Event: 46.587 Thread 0x000001e145dc2870 flushing  nmethod 0x000001e133e90210
Event: 46.587 Thread 0x000001e145dc2870 flushing  nmethod 0x000001e133e91790
Event: 46.587 Thread 0x000001e145dc2870 flushing  nmethod 0x000001e133e93f90
Event: 46.587 Thread 0x000001e145dc2870 flushing  nmethod 0x000001e133e97710
Event: 46.587 Thread 0x000001e145dc2870 flushing  nmethod 0x000001e133e98410
Event: 46.587 Thread 0x000001e145dc2870 flushing  nmethod 0x000001e133efc890

Events (20 events):
Event: 0.339 Loaded shared library C:\Program Files\Android\Android Studio\jbr\bin\zip.dll
Event: 0.664 Loaded shared library C:\Program Files\Android\Android Studio\jbr\bin\jimage.dll
Event: 27.254 Thread 0x000001e14a07d290 Thread added: 0x000001e14b968be0
Event: 27.527 Thread 0x000001e14b968be0 Thread exited: 0x000001e14b968be0
Event: 27.592 Thread 0x000001e14a07d290 Thread added: 0x000001e14d323800
Event: 28.405 Thread 0x000001e14d323800 Thread exited: 0x000001e14d323800
Event: 28.857 Thread 0x000001e14a07d290 Thread added: 0x000001e14b676330
Event: 34.243 Thread 0x000001e14b676330 Thread exited: 0x000001e14b676330
Event: 34.528 Thread 0x000001e14a07d290 Thread added: 0x000001e14ca51fc0
Event: 34.705 Thread 0x000001e14ca51fc0 Thread exited: 0x000001e14ca51fc0
Event: 34.950 Thread 0x000001e14a07d290 Thread added: 0x000001e14d07dde0
Event: 36.433 Thread 0x000001e14d07dde0 Thread exited: 0x000001e14d07dde0
Event: 37.154 Thread 0x000001e14a07d290 Thread added: 0x000001e14dda9a50
Event: 37.490 Thread 0x000001e14dda9a50 Thread exited: 0x000001e14dda9a50
Event: 38.031 Thread 0x000001e14a07d290 Thread added: 0x000001e14e2f37d0
Event: 42.794 Thread 0x000001e14e2f37d0 Thread exited: 0x000001e14e2f37d0
Event: 44.441 Thread 0x000001e14a07d290 Thread added: 0x000001e14d1e1750
Event: 45.035 Thread 0x000001e14d1e1750 Thread exited: 0x000001e14d1e1750
Event: 45.191 Thread 0x000001e14a07d290 Thread added: 0x000001e14cf186b0
Event: 45.563 Thread 0x000001e14cf186b0 Thread exited: 0x000001e14cf186b0


Dynamic libraries:
0x00007ff7e63b0000 - 0x00007ff7e63ba000 	C:\Program Files\Android\Android Studio\jbr\bin\java.exe
0x00007ffb3bf50000 - 0x00007ffb3c167000 	C:\Windows\SYSTEM32\ntdll.dll
0x00007ffb3a450000 - 0x00007ffb3a514000 	C:\Windows\System32\KERNEL32.DLL
0x00007ffb398c0000 - 0x00007ffb39c77000 	C:\Windows\System32\KERNELBASE.dll
0x00007ffb397a0000 - 0x00007ffb398b1000 	C:\Windows\System32\ucrtbase.dll
0x00007ffb16cb0000 - 0x00007ffb16cc8000 	C:\Program Files\Android\Android Studio\jbr\bin\jli.dll
0x00007ffb3add0000 - 0x00007ffb3af7f000 	C:\Windows\System32\USER32.dll
0x00007ffb39410000 - 0x00007ffb39436000 	C:\Windows\System32\win32u.dll
0x00007ffb3bdd0000 - 0x00007ffb3bdf9000 	C:\Windows\System32\GDI32.dll
0x00007ffb39470000 - 0x00007ffb39588000 	C:\Windows\System32\gdi32full.dll
0x00007ffb39590000 - 0x00007ffb3962a000 	C:\Windows\System32\msvcp_win.dll
0x00007ffb04890000 - 0x00007ffb048ab000 	C:\Program Files\Android\Android Studio\jbr\bin\VCRUNTIME140.dll
0x00007ffb23290000 - 0x00007ffb23523000 	C:\Windows\WinSxS\amd64_microsoft.windows.common-controls_6595b64144ccf1df_6.0.22621.3672_none_2713b9d173822955\COMCTL32.dll
0x00007ffb3afb0000 - 0x00007ffb3b057000 	C:\Windows\System32\msvcrt.dll
0x00007ffb3a520000 - 0x00007ffb3a551000 	C:\Windows\System32\IMM32.DLL
0x00007ffb08140000 - 0x00007ffb0814c000 	C:\Program Files\Android\Android Studio\jbr\bin\vcruntime140_1.dll
0x00007ffaea420000 - 0x00007ffaea4ad000 	C:\Program Files\Android\Android Studio\jbr\bin\msvcp140.dll
0x00007ffa95750000 - 0x00007ffa963e6000 	C:\Program Files\Android\Android Studio\jbr\bin\server\jvm.dll
0x00007ffb3b210000 - 0x00007ffb3b2c2000 	C:\Windows\System32\ADVAPI32.dll
0x00007ffb3a320000 - 0x00007ffb3a3c8000 	C:\Windows\System32\sechost.dll
0x00007ffb39440000 - 0x00007ffb39468000 	C:\Windows\System32\bcrypt.dll
0x00007ffb39d00000 - 0x00007ffb39e14000 	C:\Windows\System32\RPCRT4.dll
0x00007ffb39c80000 - 0x00007ffb39cf1000 	C:\Windows\System32\WS2_32.dll
0x00007ffb380d0000 - 0x00007ffb3811d000 	C:\Windows\SYSTEM32\POWRPROF.dll
0x00007ffb35370000 - 0x00007ffb353a4000 	C:\Windows\SYSTEM32\WINMM.dll
0x00007ffb351d0000 - 0x00007ffb351da000 	C:\Windows\SYSTEM32\VERSION.dll
0x00007ffb380b0000 - 0x00007ffb380c3000 	C:\Windows\SYSTEM32\UMPDC.dll
0x00007ffb38300000 - 0x00007ffb38318000 	C:\Windows\SYSTEM32\kernel.appcore.dll
0x00007ffb063c0000 - 0x00007ffb063ca000 	C:\Program Files\Android\Android Studio\jbr\bin\jimage.dll
0x00007ffb22b40000 - 0x00007ffb22d72000 	C:\Windows\SYSTEM32\DBGHELP.DLL
0x00007ffb39e20000 - 0x00007ffb3a1ae000 	C:\Windows\System32\combase.dll
0x00007ffb3bc90000 - 0x00007ffb3bd67000 	C:\Windows\System32\OLEAUT32.dll
0x00007ffb26460000 - 0x00007ffb26492000 	C:\Windows\SYSTEM32\dbgcore.DLL
0x00007ffb39390000 - 0x00007ffb3940b000 	C:\Windows\System32\bcryptPrimitives.dll
0x00007ffaff0e0000 - 0x00007ffaff100000 	C:\Program Files\Android\Android Studio\jbr\bin\java.dll
0x00007ffafeec0000 - 0x00007ffafeed8000 	C:\Program Files\Android\Android Studio\jbr\bin\zip.dll
0x00007ffb3a560000 - 0x00007ffb3adc9000 	C:\Windows\System32\SHELL32.dll
0x00007ffb37190000 - 0x00007ffb37a8f000 	C:\Windows\SYSTEM32\windows.storage.dll
0x00007ffb37050000 - 0x00007ffb3718f000 	C:\Windows\SYSTEM32\wintypes.dll
0x00007ffb3be00000 - 0x00007ffb3bef9000 	C:\Windows\System32\SHCORE.dll
0x00007ffb3b380000 - 0x00007ffb3b3de000 	C:\Windows\System32\shlwapi.dll
0x00007ffb39190000 - 0x00007ffb391b7000 	C:\Windows\SYSTEM32\profapi.dll
0x00007ffb05f20000 - 0x00007ffb05f30000 	C:\Program Files\Android\Android Studio\jbr\bin\net.dll
0x00007ffb34f30000 - 0x00007ffb35066000 	C:\Windows\SYSTEM32\WINHTTP.dll
0x00007ffb387c0000 - 0x00007ffb38829000 	C:\Windows\system32\mswsock.dll
0x00007ffafc2e0000 - 0x00007ffafc2f6000 	C:\Program Files\Android\Android Studio\jbr\bin\nio.dll
0x00007ffb03630000 - 0x00007ffb03640000 	C:\Program Files\Android\Android Studio\jbr\bin\verify.dll

JVMTI agents: none

dbghelp: loaded successfully - version: 4.0.5 - missing functions: none
symbol engine: initialized successfully - sym options: 0x614 - pdb path: .;C:\Program Files\Android\Android Studio\jbr\bin;C:\Windows\SYSTEM32;C:\Windows\WinSxS\amd64_microsoft.windows.common-controls_6595b64144ccf1df_6.0.22621.3672_none_2713b9d173822955;C:\Program Files\Android\Android Studio\jbr\bin\server

VM Arguments:
java_command: org.jetbrains.kotlin.cli.jvm.K2JVMCompiler @C:\Sparin Clone\SparIn\app\build\20251202_4950093135059064210.compiler.options
java_class_path (initial): C:\Users\hafid\.gradle\caches\modules-2\files-2.1\org.jetbrains.kotlin\kotlin-compiler-embeddable\2.0.21\79346ed53db48b18312a472602eb5c057070c54d\kotlin-compiler-embeddable-2.0.21.jar;C:\Users\hafid\.gradle\caches\modules-2\files-2.1\org.jetbrains.kotlin\kotlin-stdlib\2.0.21\618b539767b4899b4660a83006e052b63f1db551\kotlin-stdlib-2.0.21.jar;C:\Users\hafid\.gradle\caches\modules-2\files-2.1\org.jetbrains.kotlin\kotlin-script-runtime\2.0.21\c9b044380ad41f89aa89aa896c2d32a8c0b2129d\kotlin-script-runtime-2.0.21.jar;C:\Users\hafid\.gradle\caches\modules-2\files-2.1\org.jetbrains.kotlin\kotlin-reflect\1.6.10\1cbe9c92c12a94eea200d23c2bbaedaf3daf5132\kotlin-reflect-1.6.10.jar;C:\Users\hafid\.gradle\caches\modules-2\files-2.1\org.jetbrains.kotlin\kotlin-daemon-embeddable\2.0.21\c9e933b23287de9b5a17e2116b4657bb91aea72c\kotlin-daemon-embeddable-2.0.21.jar;C:\Users\hafid\.gradle\caches\modules-2\files-2.1\org.jetbrains.intellij.deps\trove4j\1.0.20200330\3afb14d5f9ceb459d724e907a21145e8ff394f02\trove4j-1.0.20200330.jar;C:\Users\hafid\.gradle\caches\modules-2\files-2.1\org.jetbrains.kotlinx\kotlinx-coroutines-core-jvm\1.6.4\2c997cd1c0ef33f3e751d3831929aeff1390cb30\kotlinx-coroutines-core-jvm-1.6.4.jar;C:\Users\hafid\.gradle\caches\modules-2\files-2.1\org.jetbrains\annotations\13.0\919f0dfe192fb4e063e7dacadee7f8bb9a2672a9\annotations-13.0.jar
Launcher Type: SUN_STANDARD

[Global flags]
     intx CICompilerCount                          = 3                                         {product} {ergonomic}
     uint ConcGCThreads                            = 1                                         {product} {ergonomic}
     uint G1ConcRefinementThreads                  = 4                                         {product} {ergonomic}
   size_t G1HeapRegionSize                         = 1048576                                   {product} {ergonomic}
    uintx GCDrainStackTargetSize                   = 64                                        {product} {ergonomic}
   size_t InitialHeapSize                          = 65011712                                  {product} {ergonomic}
   size_t MarkStackSize                            = 4194304                                   {product} {ergonomic}
   size_t MaxHeapSize                              = 1040187392                                {product} {ergonomic}
   size_t MaxNewSize                               = 623902720                                 {product} {ergonomic}
   size_t MinHeapDeltaBytes                        = 1048576                                   {product} {ergonomic}
   size_t MinHeapSize                              = 8388608                                   {product} {ergonomic}
    uintx NonNMethodCodeHeapSize                   = 5832780                                {pd product} {ergonomic}
    uintx NonProfiledCodeHeapSize                  = 122912730                              {pd product} {ergonomic}
    uintx ProfiledCodeHeapSize                     = 122912730                              {pd product} {ergonomic}
    uintx ReservedCodeCacheSize                    = 251658240                              {pd product} {ergonomic}
     bool SegmentedCodeCache                       = true                                      {product} {ergonomic}
   size_t SoftMaxHeapSize                          = 1040187392                             {manageable} {ergonomic}
     bool UseCompressedOops                        = true                           {product lp64_product} {ergonomic}
     bool UseG1GC                                  = true                                      {product} {ergonomic}
     bool UseLargePagesIndividualAllocation        = false                                  {pd product} {ergonomic}

Logging:
Log output configuration:
 #0: stdout all=warning uptime,level,tags foldmultilines=false
 #1: stderr all=off uptime,level,tags foldmultilines=false

Environment Variables:
JAVA_HOME=C:\Program Files\Eclipse Adoptium\jdk-17.0.15.6-hotspot
PATH=C:\Program Files\Eclipse Adoptium\jdk-17.0.15.6-hotspot\bin;C:\Program Files\Eclipse Adoptium\jdk-17.0.15.6-hotspot\bin;C:\Program Files\Common Files\Oracle\Java\javapath;C:\ProgramData\Oracle\Java\javapath;C:\Windows\system32;C:\Windows;C:\Windows\System32\Wbem;C:\Windows\System32\WindowsPowerShell\v1.0\;C:\Windows\System32\OpenSSH\;C:\Program Files (x86)\NVIDIA Corporation\PhysX\Common;C:\Windows\System32;C:\Users\Git\cmd;C:\Program Files\Docker\Docker\resources\bin;C:\Program Files\MongoDB\Server\8.0\bin;C:\xampp\php;C:\ProgramData\ComposerSetup\bin;C:\flutter\bin;C:\Users\hafid\AppData\Local\Android\sdk\platform-tools;C:\Program Files\nodejs\;C:\kotlinc\bin;C:\Users\hafid\AppData\Local\Programs\Python\Python310\Scripts\;C:\Users\hafid\AppData\Local\Programs\Python\Python310\;C:\Users\hafid\AppData\Local\Microsoft\WindowsApps;C:\Users\hafid\AppData\Local\Programs\Microsoft VS Code\bin;C:\Users\hafid\AppData\Roaming\Composer\vendor\bin;C:\Users\hafid\AppData\Roaming\npm;C:\Users\hafid\AppData\Local\Google\Cloud SDK\google-cloud-sdk\bin;D:\cursor\resources\app\bin;C:\Users\hafid\AppData\Local\Programs\Windsurf\bin;C:\Users\hafid\AppData\Local\Programs\Antigravity\bin
USERNAME=hafid
OS=Windows_NT
PROCESSOR_IDENTIFIER=Intel64 Family 6 Model 142 Stepping 9, GenuineIntel
TMP=C:\Users\hafid\AppData\Local\Temp
TEMP=C:\Users\hafid\AppData\Local\Temp




Periodic native trim disabled

JNI global refs:
JNI global refs: 10, weak refs: 1

JNI global refs memory usage: 835, weak refs: 833

Process memory usage:
Resident Set Size: 382412K (9% of 4059364K total physical memory with 265164K free physical memory)

OOME stack traces (most recent first):
Classloader memory used:
Loader jdk.internal.loader.ClassLoaders$AppClassLoader                                 : 41073K
Loader bootstrap                                                                       : 10773K
Loader java.net.URLClassLoader                                                         : 261K

---------------  S Y S T E M  ---------------

OS:
 Windows 11 , 64 bit Build 22621 (10.0.22621.3958)
OS uptime: 0 days 18:22 hours
Hyper-V role detected

CPU: total 4 (initial active 4) (2 cores per cpu, 2 threads per core) family 6 model 142 stepping 9 microcode 0xde, cx8, cmov, fxsr, ht, mmx, 3dnowpref, sse, sse2, sse3, ssse3, sse4.1, sse4.2, popcnt, lzcnt, tsc, tscinvbit, avx, avx2, aes, erms, clmul, bmi1, bmi2, adx, fma, vzeroupper, clflush, clflushopt, hv, rdtscp, f16c
Processor Information for the first 4 processors :
  Max Mhz: 2712, Current Mhz: 2511, Mhz Limit: 2495

Memory: 4k page, system-wide physical 3964M (260M free)
TotalPageFile size 16252M (AvailPageFile size 56M)
current process WorkingSet (physical memory assigned to process): 373M, peak: 373M
current process commit charge ("private bytes"): 389M, peak: 391M

vm_info: OpenJDK 64-Bit Server VM (21.0.8+-14018985-b1038.68) for windows-amd64 JRE (21.0.8+-14018985-b1038.68), built on 2025-08-29T19:56:34Z by "builder" with MS VC++ 16.10 / 16.11 (VS2019)

END.
