#
# There is insufficient memory for the Java Runtime Environment to continue.
# Native memory allocation (mmap) failed to map 62914560 bytes. Error detail: G1 virtual space
# Possible reasons:
#   The system is out of physical RAM or swap space
#   This process is running with CompressedOops enabled, and the Java Heap may be blocking the growth of the native heap
# Possible solutions:
#   Reduce memory load on the system
#   Increase physical memory or swap space
#   Check if swap backing store is full
#   Decrease Java heap size (-Xmx/-Xms)
#   Decrease number of Java threads
#   Decrease Java thread stack sizes (-Xss)
#   Set larger code cache with -XX:ReservedCodeCacheSize=
#   JVM is running with Unscaled Compressed Oops mode in which the Java heap is
#     placed in the first 4GB address space. The Java Heap base address is the
#     maximum limit for the native heap growth. Please use -XX:HeapBaseMinAddress
#     to set the Java Heap base and to place the Java Heap above 4GB virtual address.
# This output file may be truncated or incomplete.
#
#  Out of Memory Error (os_windows.cpp:3618), pid=424, tid=9504
#
# JRE version: OpenJDK Runtime Environment Temurin-17.0.15+6 (17.0.15+6) (build 17.0.15+6)
# Java VM: OpenJDK 64-Bit Server VM Temurin-17.0.15+6 (17.0.15+6, mixed mode, sharing, tiered, compressed oops, compressed class ptrs, g1 gc, windows-amd64)
# No core dump will be written. Minidumps are not enabled by default on client versions of Windows
#

---------------  S U M M A R Y ------------

Command Line: --add-opens=java.base/java.lang=ALL-UNNAMED --add-opens=java.base/java.lang.invoke=ALL-UNNAMED --add-opens=java.base/java.util=ALL-UNNAMED --add-opens=java.prefs/java.util.prefs=ALL-UNNAMED --add-exports=jdk.compiler/com.sun.tools.javac.api=ALL-UNNAMED --add-exports=jdk.compiler/com.sun.tools.javac.util=ALL-UNNAMED --add-opens=java.base/java.util=ALL-UNNAMED --add-opens=java.prefs/java.util.prefs=ALL-UNNAMED --add-opens=java.base/java.nio.charset=ALL-UNNAMED --add-opens=java.base/java.net=ALL-UNNAMED --add-opens=java.base/java.util.concurrent.atomic=ALL-UNNAMED --add-opens=java.xml/javax.xml.namespace=ALL-UNNAMED -Xmx2048m -Dfile.encoding=UTF-8 -Duser.country=ID -Duser.language=en -Duser.variant -javaagent:C:\Users\hafid\.gradle\wrapper\dists\gradle-8.13-bin\5xuhj0ry160q40clulazy9h7d\gradle-8.13\lib\agents\gradle-instrumentation-agent-8.13.jar org.gradle.launcher.daemon.bootstrap.GradleDaemon 8.13

Host: Intel(R) Core(TM) i5-7200U CPU @ 2.50GHz, 4 cores, 3G,  Windows 11 , 64 bit Build 22621 (10.0.22621.3958)
Time: Fri Dec  5 10:15:38 2025 SE Asia Standard Time elapsed time: 12.871643 seconds (0d 0h 0m 12s)

---------------  T H R E A D  ---------------

Current thread (0x000001c43a5833c0):  VMThread "VM Thread" [stack: 0x0000009788d00000,0x0000009788e00000] [id=9504]

Stack: [0x0000009788d00000,0x0000009788e00000]
Native frames: (J=compiled Java code, j=interpreted, Vv=VM code, C=native code)
V  [jvm.dll+0x682fc9]
V  [jvm.dll+0x839878]
V  [jvm.dll+0x83b323]
V  [jvm.dll+0x83b993]
V  [jvm.dll+0x24725f]
V  [jvm.dll+0x67fda9]
V  [jvm.dll+0x674c9a]
V  [jvm.dll+0x304d06]
V  [jvm.dll+0x30c1c6]
V  [jvm.dll+0x35dd4e]
V  [jvm.dll+0x35df8d]
V  [jvm.dll+0x2dc0cc]
V  [jvm.dll+0x2da46f]
V  [jvm.dll+0x2d9bdc]
V  [jvm.dll+0x31d3bb]
V  [jvm.dll+0x8401cd]
V  [jvm.dll+0x840f03]
V  [jvm.dll+0x84142f]
V  [jvm.dll+0x841814]
V  [jvm.dll+0x8418de]
V  [jvm.dll+0x7e94dc]
V  [jvm.dll+0x681ea7]
C  [ucrtbase.dll+0x29333]
C  [KERNEL32.DLL+0x1257d]
C  [ntdll.dll+0x5af08]

VM_Operation (0x000000978a4f8cb0): G1CollectForAllocation, mode: safepoint, requested by thread 0x000001c401bb1880


---------------  P R O C E S S  ---------------

Threads class SMR info:
_java_thread_list=0x000001c402a0f6c0, length=35, elements={
0x000001c41c9ae8a0, 0x000001c43a5898c0, 0x000001c43a58a480, 0x000001c43a59a740,
0x000001c43a59b210, 0x000001c43a59dce0, 0x000001c43a59e6a0, 0x000001c43a59f440,
0x000001c43a59fef0, 0x000001c43a5b94d0, 0x000001c43a7a8240, 0x000001c43a8620d0,
0x000001c401722800, 0x000001c4014276f0, 0x000001c401aa50d0, 0x000001c401a485c0,
0x000001c401969b70, 0x000001c401bb0440, 0x000001c401bb1880, 0x000001c401baf000,
0x000001c401bb0950, 0x000001c401bb0e60, 0x000001c401bb22a0, 0x000001c401bb1d90,
0x000001c401bafa20, 0x000001c401bb27b0, 0x000001c401baf510, 0x000001c401baff30,
0x000001c402743330, 0x000001c402741ef0, 0x000001c402740090, 0x000001c402745190,
0x000001c4027460c0, 0x000001c402743d50, 0x000001c402742910
}

Java Threads: ( => current thread )
  0x000001c41c9ae8a0 JavaThread "main" [_thread_blocked, id=12008, stack(0x0000009788700000,0x0000009788800000)]
  0x000001c43a5898c0 JavaThread "Reference Handler" daemon [_thread_blocked, id=4736, stack(0x0000009788e00000,0x0000009788f00000)]
  0x000001c43a58a480 JavaThread "Finalizer" daemon [_thread_blocked, id=11804, stack(0x0000009788f00000,0x0000009789000000)]
  0x000001c43a59a740 JavaThread "Signal Dispatcher" daemon [_thread_blocked, id=10068, stack(0x0000009789000000,0x0000009789100000)]
  0x000001c43a59b210 JavaThread "Attach Listener" daemon [_thread_blocked, id=16300, stack(0x0000009789100000,0x0000009789200000)]
  0x000001c43a59dce0 JavaThread "Service Thread" daemon [_thread_blocked, id=6972, stack(0x0000009789200000,0x0000009789300000)]
  0x000001c43a59e6a0 JavaThread "Monitor Deflation Thread" daemon [_thread_blocked, id=6324, stack(0x0000009789300000,0x0000009789400000)]
  0x000001c43a59f440 JavaThread "C2 CompilerThread0" daemon [_thread_blocked, id=4100, stack(0x0000009789400000,0x0000009789500000)]
  0x000001c43a59fef0 JavaThread "C1 CompilerThread0" daemon [_thread_blocked, id=1356, stack(0x0000009789500000,0x0000009789600000)]
  0x000001c43a5b94d0 JavaThread "Sweeper thread" daemon [_thread_blocked, id=2884, stack(0x0000009789600000,0x0000009789700000)]
  0x000001c43a7a8240 JavaThread "Common-Cleaner" daemon [_thread_blocked, id=3600, stack(0x0000009789700000,0x0000009789800000)]
  0x000001c43a8620d0 JavaThread "Notification Thread" daemon [_thread_blocked, id=6868, stack(0x0000009789800000,0x0000009789900000)]
  0x000001c401722800 JavaThread "Daemon health stats" [_thread_blocked, id=14792, stack(0x0000009789f00000,0x000000978a000000)]
  0x000001c4014276f0 JavaThread "Incoming local TCP Connector on port 61082" [_thread_in_native, id=9868, stack(0x0000009789a00000,0x0000009789b00000)]
  0x000001c401aa50d0 JavaThread "Daemon periodic checks" [_thread_blocked, id=2420, stack(0x000000978a000000,0x000000978a100000)]
  0x000001c401a485c0 JavaThread "Daemon" [_thread_blocked, id=14840, stack(0x000000978a100000,0x000000978a200000)]
  0x000001c401969b70 JavaThread "Handler for socket connection from /127.0.0.1:61082 to /127.0.0.1:61083" [_thread_in_native, id=3224, stack(0x000000978a200000,0x000000978a300000)]
  0x000001c401bb0440 JavaThread "Cancel handler" [_thread_blocked, id=14284, stack(0x000000978a300000,0x000000978a400000)]
  0x000001c401bb1880 JavaThread "Daemon worker" [_thread_blocked, id=16988, stack(0x000000978a400000,0x000000978a500000)]
  0x000001c401baf000 JavaThread "Asynchronous log dispatcher for DefaultDaemonConnection: socket connection from /127.0.0.1:61082 to /127.0.0.1:61083" [_thread_blocked, id=11240, stack(0x000000978a500000,0x000000978a600000)]
  0x000001c401bb0950 JavaThread "Stdin handler" [_thread_blocked, id=17188, stack(0x000000978a600000,0x000000978a700000)]
  0x000001c401bb0e60 JavaThread "Daemon client event forwarder" [_thread_blocked, id=14092, stack(0x000000978a700000,0x000000978a800000)]
  0x000001c401bb22a0 JavaThread "Cache worker for journal cache (C:\Users\hafid\.gradle\caches\journal-1)" [_thread_blocked, id=10232, stack(0x000000978a800000,0x000000978a900000)]
  0x000001c401bb1d90 JavaThread "File lock request listener" [_thread_in_native, id=14288, stack(0x000000978a900000,0x000000978aa00000)]
  0x000001c401bafa20 JavaThread "Cache worker for file hash cache (C:\Users\hafid\.gradle\caches\8.13\fileHashes)" [_thread_blocked, id=17324, stack(0x000000978aa00000,0x000000978ab00000)]
  0x000001c401bb27b0 JavaThread "Cache worker for file hash cache (C:\Sparin Clone\SparIn\.gradle\8.13\fileHashes)" [_thread_blocked, id=664, stack(0x000000978ab00000,0x000000978ac00000)]
  0x000001c401baf510 JavaThread "Cache worker for Build Output Cleanup Cache (C:\Sparin Clone\SparIn\.gradle\buildOutputCleanup)" [_thread_blocked, id=17076, stack(0x000000978ac00000,0x000000978ad00000)]
  0x000001c401baff30 JavaThread "File watcher server" daemon [_thread_in_native, id=6636, stack(0x000000978ad00000,0x000000978ae00000)]
  0x000001c402743330 JavaThread "File watcher consumer" daemon [_thread_blocked, id=12200, stack(0x000000978ae00000,0x000000978af00000)]
  0x000001c402741ef0 JavaThread "jar transforms" [_thread_blocked, id=14004, stack(0x000000978af00000,0x000000978b000000)]
  0x000001c402740090 JavaThread "jar transforms Thread 2" [_thread_blocked, id=8880, stack(0x000000978b000000,0x000000978b100000)]
  0x000001c402745190 JavaThread "Cache worker for checksums cache (C:\Sparin Clone\SparIn\.gradle\8.13\checksums)" [_thread_blocked, id=10380, stack(0x000000978b100000,0x000000978b200000)]
  0x000001c4027460c0 JavaThread "Cache worker for file content cache (C:\Users\hafid\.gradle\caches\8.13\fileContent)" [_thread_blocked, id=4548, stack(0x000000978b200000,0x000000978b300000)]
  0x000001c402743d50 JavaThread "Cache worker for cache directory md-supplier (C:\Users\hafid\.gradle\caches\8.13\md-supplier)" [_thread_blocked, id=9416, stack(0x000000978b300000,0x000000978b400000)]
  0x000001c402742910 JavaThread "Cache worker for cache directory md-rule (C:\Users\hafid\.gradle\caches\8.13\md-rule)" [_thread_blocked, id=13756, stack(0x000000978b400000,0x000000978b500000)]

Other Threads:
=>0x000001c43a5833c0 VMThread "VM Thread" [stack: 0x0000009788d00000,0x0000009788e00000] [id=9504]
  0x000001c43a8fcc20 WatcherThread [stack: 0x0000009789900000,0x0000009789a00000] [id=14520]
  0x000001c41ca093f0 GCTaskThread "GC Thread#0" [stack: 0x0000009788800000,0x0000009788900000] [id=5352]
  0x000001c4000567f0 GCTaskThread "GC Thread#1" [stack: 0x0000009789b00000,0x0000009789c00000] [id=16680]
  0x000001c43aac0ac0 GCTaskThread "GC Thread#2" [stack: 0x0000009789c00000,0x0000009789d00000] [id=13116]
  0x000001c4002e8440 GCTaskThread "GC Thread#3" [stack: 0x0000009789d00000,0x0000009789e00000] [id=17312]
  0x000001c41ca1a1e0 ConcurrentGCThread "G1 Main Marker" [stack: 0x0000009788900000,0x0000009788a00000] [id=11684]
  0x000001c41ca1bab0 ConcurrentGCThread "G1 Conc#0" [stack: 0x0000009788a00000,0x0000009788b00000] [id=16816]
  0x000001c41ca5d970 ConcurrentGCThread "G1 Refine#0" [stack: 0x0000009788b00000,0x0000009788c00000] [id=5104]
  0x000001c40049be70 ConcurrentGCThread "G1 Refine#1" [stack: 0x0000009789e00000,0x0000009789f00000] [id=17056]
  0x000001c41ca5e240 ConcurrentGCThread "G1 Service" [stack: 0x0000009788c00000,0x0000009788d00000] [id=10400]

Threads with active compile tasks:
C2 CompilerThread0    12922 4791       4       java.lang.Class::annotationData (44 bytes)

VM state: at safepoint (normal execution)

VM Mutex/Monitor currently owned by a thread:  ([mutex/lock_event])
[0x000001c41c9abe00] Threads_lock - owner thread: 0x000001c43a5833c0
[0x000001c41c9ab7d0] Heap_lock - owner thread: 0x000001c401bb1880

Heap address: 0x0000000080000000, size: 2048 MB, Compressed Oops mode: 32-bit

CDS archive(s) mapped at: [0x000001c43b000000-0x000001c43bbb0000-0x000001c43bbb0000), size 12255232, SharedBaseAddress: 0x000001c43b000000, ArchiveRelocationMode: 1.
Compressed class space mapped at: 0x000001c43c000000-0x000001c47c000000, reserved size: 1073741824
Narrow klass base: 0x000001c43b000000, Narrow klass shift: 0, Narrow klass range: 0x100000000

GC Precious Log:
 CPUs: 4 total, 4 available
 Memory: 3964M
 Large Page Support: Disabled
 NUMA Support: Disabled
 Compressed Oops: Enabled (32-bit)
 Heap Region Size: 1M
 Heap Min Capacity: 8M
 Heap Initial Capacity: 62M
 Heap Max Capacity: 2G
 Pre-touch: Disabled
 Parallel Workers: 4
 Concurrent Workers: 1
 Concurrent Refinement Workers: 4
 Periodic GC: Disabled

Heap:
 garbage-first heap   total 76800K, used 38091K [0x0000000080000000, 0x0000000100000000)
  region size 1024K, 4 young (4096K), 4 survivors (4096K)
 Metaspace       used 48535K, committed 49088K, reserved 1114112K
  class space    used 6770K, committed 7040K, reserved 1048576K

Heap Regions: E=young(eden), S=young(survivor), O=old, HS=humongous(starts), HC=humongous(continues), CS=collection set, F=free, OA=open archive, CA=closed archive, TAMS=top-at-mark-start (previous, next)
|   0|0x0000000080000000, 0x0000000080100000, 0x0000000080100000|100%|HS|  |TAMS 0x0000000080100000, 0x0000000080000000| Complete 
|   1|0x0000000080100000, 0x0000000080200000, 0x0000000080200000|100%|HC|  |TAMS 0x0000000080200000, 0x0000000080100000| Complete 
|   2|0x0000000080200000, 0x0000000080300000, 0x0000000080300000|100%|HC|  |TAMS 0x0000000080300000, 0x0000000080200000| Complete 
|   3|0x0000000080300000, 0x0000000080400000, 0x0000000080400000|100%| O|  |TAMS 0x0000000080400000, 0x0000000080300000| Untracked 
|   4|0x0000000080400000, 0x0000000080500000, 0x0000000080500000|100%| O|  |TAMS 0x0000000080500000, 0x0000000080400000| Untracked 
|   5|0x0000000080500000, 0x0000000080600000, 0x0000000080600000|100%| O|  |TAMS 0x0000000080600000, 0x0000000080500000| Untracked 
|   6|0x0000000080600000, 0x0000000080700000, 0x0000000080700000|100%| O|  |TAMS 0x0000000080700000, 0x0000000080600000| Untracked 
|   7|0x0000000080700000, 0x0000000080800000, 0x0000000080800000|100%| O|  |TAMS 0x0000000080800000, 0x0000000080700000| Untracked 
|   8|0x0000000080800000, 0x0000000080900000, 0x0000000080900000|100%| O|  |TAMS 0x0000000080900000, 0x0000000080800000| Untracked 
|   9|0x0000000080900000, 0x0000000080a00000, 0x0000000080a00000|100%| O|  |TAMS 0x0000000080a00000, 0x0000000080900000| Untracked 
|  10|0x0000000080a00000, 0x0000000080b00000, 0x0000000080b00000|100%|HS|  |TAMS 0x0000000080b00000, 0x0000000080a00000| Complete 
|  11|0x0000000080b00000, 0x0000000080c00000, 0x0000000080c00000|100%| O|  |TAMS 0x0000000080c00000, 0x0000000080b00000| Untracked 
|  12|0x0000000080c00000, 0x0000000080d00000, 0x0000000080d00000|100%| O|  |TAMS 0x0000000080d00000, 0x0000000080c00000| Untracked 
|  13|0x0000000080d00000, 0x0000000080e00000, 0x0000000080e00000|100%| O|  |TAMS 0x0000000080e00000, 0x0000000080d00000| Untracked 
|  14|0x0000000080e00000, 0x0000000080f00000, 0x0000000080f00000|100%| O|  |TAMS 0x0000000080f00000, 0x0000000080e00000| Untracked 
|  15|0x0000000080f00000, 0x0000000081000000, 0x0000000081000000|100%| O|  |TAMS 0x0000000081000000, 0x0000000080f00000| Untracked 
|  16|0x0000000081000000, 0x0000000081100000, 0x0000000081100000|100%| O|  |TAMS 0x0000000081100000, 0x0000000081000000| Untracked 
|  17|0x0000000081100000, 0x0000000081200000, 0x0000000081200000|100%| O|  |TAMS 0x0000000081200000, 0x0000000081100000| Untracked 
|  18|0x0000000081200000, 0x0000000081300000, 0x0000000081300000|100%| O|  |TAMS 0x0000000081200000, 0x0000000081200000| Untracked 
|  19|0x0000000081300000, 0x0000000081400000, 0x0000000081400000|100%| O|  |TAMS 0x0000000081400000, 0x0000000081300000| Untracked 
|  20|0x0000000081400000, 0x0000000081500000, 0x0000000081500000|100%| O|  |TAMS 0x0000000081500000, 0x0000000081400000| Untracked 
|  21|0x0000000081500000, 0x0000000081600000, 0x0000000081600000|100%| O|  |TAMS 0x0000000081600000, 0x0000000081500000| Untracked 
|  22|0x0000000081600000, 0x0000000081700000, 0x0000000081700000|100%| O|  |TAMS 0x0000000081700000, 0x0000000081600000| Untracked 
|  23|0x0000000081700000, 0x0000000081800000, 0x0000000081800000|100%| O|  |TAMS 0x0000000081800000, 0x0000000081700000| Untracked 
|  24|0x0000000081800000, 0x0000000081900000, 0x0000000081900000|100%| O|  |TAMS 0x0000000081900000, 0x0000000081800000| Untracked 
|  25|0x0000000081900000, 0x0000000081a00000, 0x0000000081a00000|100%| O|  |TAMS 0x0000000081a00000, 0x0000000081900000| Untracked 
|  26|0x0000000081a00000, 0x0000000081b00000, 0x0000000081b00000|100%| O|  |TAMS 0x0000000081a00000, 0x0000000081a00000| Untracked 
|  27|0x0000000081b00000, 0x0000000081c00000, 0x0000000081c00000|100%| O|  |TAMS 0x0000000081c00000, 0x0000000081b00000| Untracked 
|  28|0x0000000081c00000, 0x0000000081d00000, 0x0000000081d00000|100%| O|  |TAMS 0x0000000081d00000, 0x0000000081c00000| Untracked 
|  29|0x0000000081d00000, 0x0000000081e00000, 0x0000000081e00000|100%| O|  |TAMS 0x0000000081d3cc00, 0x0000000081d00000| Untracked 
|  30|0x0000000081e00000, 0x0000000081f00000, 0x0000000081f00000|100%| O|  |TAMS 0x0000000081f00000, 0x0000000081e00000| Untracked 
|  31|0x0000000081f00000, 0x0000000082000000, 0x0000000082000000|100%| O|  |TAMS 0x0000000082000000, 0x0000000081f00000| Untracked 
|  32|0x0000000082000000, 0x0000000082100000, 0x0000000082100000|100%| O|  |TAMS 0x0000000082100000, 0x0000000082000000| Untracked 
|  33|0x0000000082100000, 0x00000000821a9800, 0x0000000082200000| 66%| O|  |TAMS 0x0000000082100000, 0x0000000082100000| Untracked 
|  34|0x0000000082200000, 0x0000000082200000, 0x0000000082300000|  0%| F|  |TAMS 0x0000000082200000, 0x0000000082200000| Untracked 
|  35|0x0000000082300000, 0x0000000082300000, 0x0000000082400000|  0%| F|  |TAMS 0x0000000082300000, 0x0000000082300000| Untracked 
|  36|0x0000000082400000, 0x0000000082400000, 0x0000000082500000|  0%| F|  |TAMS 0x0000000082400000, 0x0000000082400000| Untracked 
|  37|0x0000000082500000, 0x0000000082500000, 0x0000000082600000|  0%| F|  |TAMS 0x0000000082500000, 0x0000000082500000| Untracked 
|  38|0x0000000082600000, 0x0000000082600000, 0x0000000082700000|  0%| F|  |TAMS 0x0000000082600000, 0x0000000082600000| Untracked 
|  39|0x0000000082700000, 0x0000000082700000, 0x0000000082800000|  0%| F|  |TAMS 0x0000000082700000, 0x0000000082700000| Untracked 
|  40|0x0000000082800000, 0x0000000082800000, 0x0000000082900000|  0%| F|  |TAMS 0x0000000082800000, 0x0000000082800000| Untracked 
|  41|0x0000000082900000, 0x0000000082900000, 0x0000000082a00000|  0%| F|  |TAMS 0x0000000082900000, 0x0000000082900000| Untracked 
|  42|0x0000000082a00000, 0x0000000082a895e0, 0x0000000082b00000| 53%| S|CS|TAMS 0x0000000082a00000, 0x0000000082a00000| Complete 
|  43|0x0000000082b00000, 0x0000000082b00000, 0x0000000082c00000|  0%| F|  |TAMS 0x0000000082b00000, 0x0000000082b00000| Untracked 
|  44|0x0000000082c00000, 0x0000000082c00000, 0x0000000082d00000|  0%| F|  |TAMS 0x0000000082c00000, 0x0000000082c00000| Untracked 
|  45|0x0000000082d00000, 0x0000000082d00000, 0x0000000082e00000|  0%| F|  |TAMS 0x0000000082d00000, 0x0000000082d00000| Untracked 
|  46|0x0000000082e00000, 0x0000000082f00000, 0x0000000082f00000|100%| S|CS|TAMS 0x0000000082e00000, 0x0000000082e00000| Complete 
|  47|0x0000000082f00000, 0x0000000083000000, 0x0000000083000000|100%| S|CS|TAMS 0x0000000082f00000, 0x0000000082f00000| Complete 
|  48|0x0000000083000000, 0x0000000083100000, 0x0000000083100000|100%| S|CS|TAMS 0x0000000083000000, 0x0000000083000000| Complete 
|  49|0x0000000083100000, 0x0000000083100000, 0x0000000083200000|  0%| F|  |TAMS 0x0000000083100000, 0x0000000083100000| Untracked 
|  50|0x0000000083200000, 0x0000000083200000, 0x0000000083300000|  0%| F|  |TAMS 0x0000000083200000, 0x0000000083200000| Untracked 
|  51|0x0000000083300000, 0x0000000083300000, 0x0000000083400000|  0%| F|  |TAMS 0x0000000083300000, 0x0000000083300000| Untracked 
|  52|0x0000000083400000, 0x0000000083400000, 0x0000000083500000|  0%| F|  |TAMS 0x0000000083400000, 0x0000000083400000| Untracked 
|  53|0x0000000083500000, 0x0000000083500000, 0x0000000083600000|  0%| F|  |TAMS 0x0000000083500000, 0x0000000083500000| Untracked 
|  54|0x0000000083600000, 0x0000000083600000, 0x0000000083700000|  0%| F|  |TAMS 0x0000000083600000, 0x0000000083600000| Untracked 
|  55|0x0000000083700000, 0x0000000083700000, 0x0000000083800000|  0%| F|  |TAMS 0x0000000083700000, 0x0000000083700000| Untracked 
|  56|0x0000000083800000, 0x0000000083800000, 0x0000000083900000|  0%| F|  |TAMS 0x0000000083800000, 0x0000000083800000| Untracked 
|  57|0x0000000083900000, 0x0000000083900000, 0x0000000083a00000|  0%| F|  |TAMS 0x0000000083900000, 0x0000000083900000| Untracked 
|  58|0x0000000083a00000, 0x0000000083a00000, 0x0000000083b00000|  0%| F|  |TAMS 0x0000000083a00000, 0x0000000083a00000| Untracked 
|  59|0x0000000083b00000, 0x0000000083b00000, 0x0000000083c00000|  0%| F|  |TAMS 0x0000000083b00000, 0x0000000083b00000| Untracked 
|  60|0x0000000083c00000, 0x0000000083c00000, 0x0000000083d00000|  0%| F|  |TAMS 0x0000000083c00000, 0x0000000083c00000| Untracked 
|  61|0x0000000083d00000, 0x0000000083d00000, 0x0000000083e00000|  0%| F|  |TAMS 0x0000000083d00000, 0x0000000083d00000| Untracked 
|  62|0x0000000083e00000, 0x0000000083e00000, 0x0000000083f00000|  0%| F|  |TAMS 0x0000000083e00000, 0x0000000083e00000| Untracked 
|  63|0x0000000083f00000, 0x0000000083f00000, 0x0000000084000000|  0%| F|  |TAMS 0x0000000083f00000, 0x0000000083f00000| Untracked 
|  64|0x0000000084000000, 0x0000000084000000, 0x0000000084100000|  0%| F|  |TAMS 0x0000000084000000, 0x0000000084000000| Untracked 
|  65|0x0000000084100000, 0x0000000084100000, 0x0000000084200000|  0%| F|  |TAMS 0x0000000084100000, 0x0000000084100000| Untracked 
|  66|0x0000000084200000, 0x0000000084200000, 0x0000000084300000|  0%| F|  |TAMS 0x0000000084200000, 0x0000000084200000| Untracked 
|  67|0x0000000084300000, 0x0000000084300000, 0x0000000084400000|  0%| F|  |TAMS 0x0000000084300000, 0x0000000084300000| Untracked 
|  68|0x0000000084400000, 0x0000000084400000, 0x0000000084500000|  0%| F|  |TAMS 0x0000000084400000, 0x0000000084400000| Untracked 
|  69|0x0000000084500000, 0x0000000084500000, 0x0000000084600000|  0%| F|  |TAMS 0x0000000084500000, 0x0000000084500000| Untracked 
|  70|0x0000000084600000, 0x0000000084600000, 0x0000000084700000|  0%| F|  |TAMS 0x0000000084600000, 0x0000000084600000| Untracked 
|  71|0x0000000084700000, 0x0000000084700000, 0x0000000084800000|  0%| F|  |TAMS 0x0000000084700000, 0x0000000084700000| Untracked 
|  72|0x0000000084800000, 0x0000000084800000, 0x0000000084900000|  0%| F|  |TAMS 0x0000000084800000, 0x0000000084800000| Untracked 
|  73|0x0000000084900000, 0x0000000084900000, 0x0000000084a00000|  0%| F|  |TAMS 0x0000000084900000, 0x0000000084900000| Untracked 
|  74|0x0000000084a00000, 0x0000000084a00000, 0x0000000084b00000|  0%| F|  |TAMS 0x0000000084a00000, 0x0000000084a00000| Untracked 

Card table byte_map: [0x000001c433900000,0x000001c433d00000] _byte_map_base: 0x000001c433500000

Marking Bits (Prev, Next): (CMBitMap*) 0x000001c41ca098f0, (CMBitMap*) 0x000001c41ca098b0
 Prev Bits: [0x000001c436100000, 0x000001c438100000)
 Next Bits: [0x000001c434100000, 0x000001c436100000)

Polling page: 0x000001c41c160000

Metaspace:

Usage:
  Non-class:     40.79 MB used.
      Class:      6.61 MB used.
       Both:     47.40 MB used.

Virtual space:
  Non-class space:       64.00 MB reserved,      41.06 MB ( 64%) committed,  1 nodes.
      Class space:        1.00 GB reserved,       6.88 MB ( <1%) committed,  1 nodes.
             Both:        1.06 GB reserved,      47.94 MB (  4%) committed. 

Chunk freelists:
   Non-Class:  6.62 MB
       Class:  8.99 MB
        Both:  15.61 MB

MaxMetaspaceSize: unlimited
CompressedClassSpaceSize: 1.00 GB
Initial GC threshold: 21.00 MB
Current GC threshold: 59.50 MB
CDS: on
MetaspaceReclaimPolicy: balanced
 - commit_granule_bytes: 65536.
 - commit_granule_words: 8192.
 - virtual_space_node_default_size: 8388608.
 - enlarge_chunks_in_place: 1.
 - new_chunks_are_fully_committed: 0.
 - uncommit_free_chunks: 1.
 - use_allocation_guard: 0.
 - handle_deallocations: 1.


Internal statistics:

num_allocs_failed_limit: 9.
num_arena_births: 648.
num_arena_deaths: 0.
num_vsnodes_births: 2.
num_vsnodes_deaths: 0.
num_space_committed: 767.
num_space_uncommitted: 0.
num_chunks_returned_to_freelist: 9.
num_chunks_taken_from_freelist: 2567.
num_chunk_merges: 9.
num_chunk_splits: 1715.
num_chunks_enlarged: 1215.
num_inconsistent_stats: 0.

CodeHeap 'non-profiled nmethods': size=120000Kb used=2480Kb max_used=2480Kb free=117520Kb
 bounds [0x000001c42bfd0000, 0x000001c42c240000, 0x000001c433500000]
CodeHeap 'profiled nmethods': size=120000Kb used=9977Kb max_used=9977Kb free=110022Kb
 bounds [0x000001c424500000, 0x000001c424ec0000, 0x000001c42ba30000]
CodeHeap 'non-nmethods': size=5760Kb used=2337Kb max_used=2399Kb free=3422Kb
 bounds [0x000001c42ba30000, 0x000001c42bca0000, 0x000001c42bfd0000]
 total_blobs=6070 nmethods=5216 adapters=766
 compilation: enabled
              stopped_count=0, restarted_count=0
 full_count=0

Compilation events (20 events):
Event: 12.850 Thread 0x000001c43a59fef0 5243       2       org.gradle.internal.instantiation.generator.AbstractClassGenerator$ManagedPropertiesHandler::claimPropertyImplementation (141 bytes)
Event: 12.851 Thread 0x000001c43a59fef0 nmethod 5243 0x000001c424eb9d10 code [0x000001c424eb9f60, 0x000001c424eba518]
Event: 12.851 Thread 0x000001c43a59fef0 5245       3       java.util.TreeMap$PrivateEntryIterator::hasNext (13 bytes)
Event: 12.851 Thread 0x000001c43a59fef0 nmethod 5245 0x000001c424eba810 code [0x000001c424eba9a0, 0x000001c424ebaaf8]
Event: 12.851 Thread 0x000001c43a59fef0 5240       2       org.gradle.internal.instantiation.generator.AbstractClassGenerator$DslMixInPropertyType::claimPropertyImplementation (21 bytes)
Event: 12.851 Thread 0x000001c43a59fef0 nmethod 5240 0x000001c424ebab90 code [0x000001c424ebad40, 0x000001c424ebaec8]
Event: 12.851 Thread 0x000001c43a59fef0 5248       3       org.gradle.internal.instantiation.generator.AbstractClassGenerator$DslMixInPropertyType::visitInstanceMethod (100 bytes)
Event: 12.852 Thread 0x000001c43a59fef0 nmethod 5248 0x000001c424ebb010 code [0x000001c424ebb260, 0x000001c424ebbd18]
Event: 12.852 Thread 0x000001c43a59fef0 5241       2       org.gradle.internal.instantiation.generator.AbstractClassGenerator$ServicesPropertyHandler::claimPropertyImplementation (40 bytes)
Event: 12.852 Thread 0x000001c43a59fef0 nmethod 5241 0x000001c424ebc010 code [0x000001c424ebc200, 0x000001c424ebc4f8]
Event: 12.853 Thread 0x000001c43a59fef0 5242       2       org.gradle.internal.instantiation.generator.AbstractClassGenerator$NamePropertyHandler::claimPropertyImplementation (16 bytes)
Event: 12.853 Thread 0x000001c43a59fef0 nmethod 5242 0x000001c424ebc790 code [0x000001c424ebc940, 0x000001c424ebcb08]
Event: 12.853 Thread 0x000001c43a59fef0 5244       2       org.gradle.internal.instantiation.generator.AbstractClassGenerator::isIneligibleForConventionMapping (32 bytes)
Event: 12.853 Thread 0x000001c43a59fef0 nmethod 5244 0x000001c424ebcc10 code [0x000001c424ebce20, 0x000001c424ebd1d8]
Event: 12.853 Thread 0x000001c43a59fef0 5246       1       com.google.common.collect.LinkedHashMultimap$ValueEntry::setPredecessorInValueSet (6 bytes)
Event: 12.853 Thread 0x000001c43a59fef0 nmethod 5246 0x000001c42c23ba10 code [0x000001c42c23bba0, 0x000001c42c23bcb8]
Event: 12.854 Thread 0x000001c43a59fef0 5247       1       com.google.common.collect.LinkedHashMultimap$ValueSet::setPredecessorInValueSet (6 bytes)
Event: 12.854 Thread 0x000001c43a59fef0 nmethod 5247 0x000001c42c23bd10 code [0x000001c42c23bea0, 0x000001c42c23bfb8]
Event: 12.858 Thread 0x000001c43a59fef0 5249       2       org.gradle.internal.service.TypeStringFormatter::format (178 bytes)
Event: 12.859 Thread 0x000001c43a59fef0 nmethod 5249 0x000001c424ebd510 code [0x000001c424ebd840, 0x000001c424ebe178]

GC Heap History (20 events):
Event: 7.554 GC heap after
{Heap after GC invocations=9 (full 0):
 garbage-first heap   total 76800K, used 24085K [0x0000000080000000, 0x0000000100000000)
  region size 1024K, 2 young (2048K), 2 survivors (2048K)
 Metaspace       used 21203K, committed 21504K, reserved 1114112K
  class space    used 3091K, committed 3200K, reserved 1048576K
}
Event: 8.582 GC heap before
{Heap before GC invocations=10 (full 0):
 garbage-first heap   total 76800K, used 60949K [0x0000000080000000, 0x0000000100000000)
  region size 1024K, 38 young (38912K), 2 survivors (2048K)
 Metaspace       used 26032K, committed 26496K, reserved 1114112K
  class space    used 3865K, committed 4096K, reserved 1048576K
}
Event: 8.589 GC heap after
{Heap after GC invocations=11 (full 0):
 garbage-first heap   total 76800K, used 25721K [0x0000000080000000, 0x0000000100000000)
  region size 1024K, 4 young (4096K), 4 survivors (4096K)
 Metaspace       used 26032K, committed 26496K, reserved 1114112K
  class space    used 3865K, committed 4096K, reserved 1048576K
}
Event: 8.613 GC heap before
{Heap before GC invocations=11 (full 0):
 garbage-first heap   total 76800K, used 26745K [0x0000000080000000, 0x0000000100000000)
  region size 1024K, 5 young (5120K), 4 survivors (4096K)
 Metaspace       used 26184K, committed 26624K, reserved 1114112K
  class space    used 3888K, committed 4096K, reserved 1048576K
}
Event: 8.621 GC heap after
{Heap after GC invocations=12 (full 0):
 garbage-first heap   total 76800K, used 25732K [0x0000000080000000, 0x0000000100000000)
  region size 1024K, 1 young (1024K), 1 survivors (1024K)
 Metaspace       used 26184K, committed 26624K, reserved 1114112K
  class space    used 3888K, committed 4096K, reserved 1048576K
}
Event: 9.440 GC heap before
{Heap before GC invocations=12 (full 0):
 garbage-first heap   total 76800K, used 59524K [0x0000000080000000, 0x0000000100000000)
  region size 1024K, 35 young (35840K), 1 survivors (1024K)
 Metaspace       used 31839K, committed 32320K, reserved 1114112K
  class space    used 4490K, committed 4736K, reserved 1048576K
}
Event: 9.446 GC heap after
{Heap after GC invocations=13 (full 0):
 garbage-first heap   total 76800K, used 29172K [0x0000000080000000, 0x0000000100000000)
  region size 1024K, 4 young (4096K), 4 survivors (4096K)
 Metaspace       used 31839K, committed 32320K, reserved 1114112K
  class space    used 4490K, committed 4736K, reserved 1048576K
}
Event: 10.082 GC heap before
{Heap before GC invocations=13 (full 0):
 garbage-first heap   total 76800K, used 65012K [0x0000000080000000, 0x0000000100000000)
  region size 1024K, 34 young (34816K), 4 survivors (4096K)
 Metaspace       used 34643K, committed 35136K, reserved 1114112K
  class space    used 4805K, committed 5056K, reserved 1048576K
}
Event: 10.091 GC heap after
{Heap after GC invocations=14 (full 0):
 garbage-first heap   total 76800K, used 31024K [0x0000000080000000, 0x0000000100000000)
  region size 1024K, 3 young (3072K), 3 survivors (3072K)
 Metaspace       used 34643K, committed 35136K, reserved 1114112K
  class space    used 4805K, committed 5056K, reserved 1048576K
}
Event: 10.191 GC heap before
{Heap before GC invocations=14 (full 0):
 garbage-first heap   total 76800K, used 37168K [0x0000000080000000, 0x0000000100000000)
  region size 1024K, 9 young (9216K), 3 survivors (3072K)
 Metaspace       used 35678K, committed 36160K, reserved 1114112K
  class space    used 4863K, committed 5120K, reserved 1048576K
}
Event: 10.198 GC heap after
{Heap after GC invocations=15 (full 0):
 garbage-first heap   total 76800K, used 32729K [0x0000000080000000, 0x0000000100000000)
  region size 1024K, 1 young (1024K), 1 survivors (1024K)
 Metaspace       used 35678K, committed 36160K, reserved 1114112K
  class space    used 4863K, committed 5120K, reserved 1048576K
}
Event: 10.366 GC heap before
{Heap before GC invocations=16 (full 0):
 garbage-first heap   total 76800K, used 60377K [0x0000000080000000, 0x0000000100000000)
  region size 1024K, 28 young (28672K), 1 survivors (1024K)
 Metaspace       used 36096K, committed 36608K, reserved 1114112K
  class space    used 4915K, committed 5184K, reserved 1048576K
}
Event: 10.368 GC heap after
{Heap after GC invocations=17 (full 0):
 garbage-first heap   total 76800K, used 31569K [0x0000000080000000, 0x0000000100000000)
  region size 1024K, 1 young (1024K), 1 survivors (1024K)
 Metaspace       used 36096K, committed 36608K, reserved 1114112K
  class space    used 4915K, committed 5184K, reserved 1048576K
}
Event: 11.148 GC heap before
{Heap before GC invocations=18 (full 0):
 garbage-first heap   total 76800K, used 61265K [0x0000000080000000, 0x0000000100000000)
  region size 1024K, 30 young (30720K), 1 survivors (1024K)
 Metaspace       used 38972K, committed 39488K, reserved 1114112K
  class space    used 5376K, committed 5632K, reserved 1048576K
}
Event: 11.154 GC heap after
{Heap after GC invocations=19 (full 0):
 garbage-first heap   total 76800K, used 33567K [0x0000000080000000, 0x0000000100000000)
  region size 1024K, 3 young (3072K), 3 survivors (3072K)
 Metaspace       used 38972K, committed 39488K, reserved 1114112K
  class space    used 5376K, committed 5632K, reserved 1048576K
}
Event: 11.737 GC heap before
{Heap before GC invocations=19 (full 0):
 garbage-first heap   total 76800K, used 61215K [0x0000000080000000, 0x0000000100000000)
  region size 1024K, 30 young (30720K), 3 survivors (3072K)
 Metaspace       used 42104K, committed 42624K, reserved 1114112K
  class space    used 5875K, committed 6144K, reserved 1048576K
}
Event: 11.744 GC heap after
{Heap after GC invocations=20 (full 0):
 garbage-first heap   total 76800K, used 34549K [0x0000000080000000, 0x0000000100000000)
  region size 1024K, 1 young (1024K), 1 survivors (1024K)
 Metaspace       used 42104K, committed 42624K, reserved 1114112K
  class space    used 5875K, committed 6144K, reserved 1048576K
}
Event: 12.288 GC heap before
{Heap before GC invocations=20 (full 0):
 garbage-first heap   total 76800K, used 63221K [0x0000000080000000, 0x0000000100000000)
  region size 1024K, 29 young (29696K), 1 survivors (1024K)
 Metaspace       used 45522K, committed 46080K, reserved 1114112K
  class space    used 6330K, committed 6592K, reserved 1048576K
}
Event: 12.294 GC heap after
{Heap after GC invocations=21 (full 0):
 garbage-first heap   total 76800K, used 35691K [0x0000000080000000, 0x0000000100000000)
  region size 1024K, 3 young (3072K), 3 survivors (3072K)
 Metaspace       used 45522K, committed 46080K, reserved 1114112K
  class space    used 6330K, committed 6592K, reserved 1048576K
}
Event: 12.861 GC heap before
{Heap before GC invocations=21 (full 0):
 garbage-first heap   total 76800K, used 61291K [0x0000000080000000, 0x0000000100000000)
  region size 1024K, 29 young (29696K), 3 survivors (3072K)
 Metaspace       used 48535K, committed 49088K, reserved 1114112K
  class space    used 6770K, committed 7040K, reserved 1048576K
}

Dll operation events (15 events):
Event: 0.018 Loaded shared library C:\Program Files\Eclipse Adoptium\jdk-17.0.15.6-hotspot\bin\java.dll
Event: 0.042 Loaded shared library C:\Program Files\Eclipse Adoptium\jdk-17.0.15.6-hotspot\bin\jsvml.dll
Event: 0.239 Loaded shared library C:\Program Files\Eclipse Adoptium\jdk-17.0.15.6-hotspot\bin\zip.dll
Event: 0.243 Loaded shared library C:\Program Files\Eclipse Adoptium\jdk-17.0.15.6-hotspot\bin\instrument.dll
Event: 0.252 Loaded shared library C:\Program Files\Eclipse Adoptium\jdk-17.0.15.6-hotspot\bin\net.dll
Event: 0.255 Loaded shared library C:\Program Files\Eclipse Adoptium\jdk-17.0.15.6-hotspot\bin\nio.dll
Event: 0.259 Loaded shared library C:\Program Files\Eclipse Adoptium\jdk-17.0.15.6-hotspot\bin\zip.dll
Event: 0.941 Loaded shared library C:\Program Files\Eclipse Adoptium\jdk-17.0.15.6-hotspot\bin\jimage.dll
Event: 1.487 Loaded shared library C:\Program Files\Eclipse Adoptium\jdk-17.0.15.6-hotspot\bin\verify.dll
Event: 1.653 Loaded shared library C:\Users\hafid\.gradle\native\1def1411415f61bf3af743bc5b6707747c0891f09f0c88961ee8f79bc544acac\windows-amd64\native-platform.dll
Event: 1.672 Loaded shared library C:\Users\hafid\.gradle\native\0.2.7\x86_64-windows-gnu\gradle-fileevents.dll
Event: 3.866 Loaded shared library C:\Program Files\Eclipse Adoptium\jdk-17.0.15.6-hotspot\bin\management.dll
Event: 3.873 Loaded shared library C:\Program Files\Eclipse Adoptium\jdk-17.0.15.6-hotspot\bin\management_ext.dll
Event: 4.556 Loaded shared library C:\Program Files\Eclipse Adoptium\jdk-17.0.15.6-hotspot\bin\extnet.dll
Event: 5.021 Loaded shared library C:\Program Files\Eclipse Adoptium\jdk-17.0.15.6-hotspot\bin\sunmscapi.dll

Deoptimization events (20 events):
Event: 12.246 Thread 0x000001c401bb1880 Uncommon trap: trap_request=0xffffffde fr.pc=0x000001c42c11008c relative=0x00000000000002ec
Event: 12.246 Thread 0x000001c401bb1880 Uncommon trap: reason=class_check action=maybe_recompile pc=0x000001c42c11008c method=java.util.Collections$SetFromMap.remove(Ljava/lang/Object;)Z @ 5 c2
Event: 12.246 Thread 0x000001c401bb1880 DEOPT PACKING pc=0x000001c42c11008c sp=0x000000978a4fa700
Event: 12.246 Thread 0x000001c401bb1880 DEOPT UNPACKING pc=0x000001c42ba869a3 sp=0x000000978a4fa6e8 mode 2
Event: 12.301 Thread 0x000001c401bb1880 Uncommon trap: trap_request=0xffffff45 fr.pc=0x000001c42c088504 relative=0x00000000000001e4
Event: 12.301 Thread 0x000001c401bb1880 Uncommon trap: reason=unstable_if action=reinterpret pc=0x000001c42c088504 method=java.net.URI$Parser.scan(IILjava/lang/String;)I @ 26 c2
Event: 12.301 Thread 0x000001c401bb1880 DEOPT PACKING pc=0x000001c42c088504 sp=0x000000978a4f9920
Event: 12.301 Thread 0x000001c401bb1880 DEOPT UNPACKING pc=0x000001c42ba869a3 sp=0x000000978a4f98b0 mode 2
Event: 12.301 Thread 0x000001c401bb1880 Uncommon trap: trap_request=0xffffff45 fr.pc=0x000001c42c1e6e34 relative=0x00000000000000b4
Event: 12.301 Thread 0x000001c401bb1880 Uncommon trap: reason=unstable_if action=reinterpret pc=0x000001c42c1e6e34 method=java.net.URI.match(CJJ)Z @ 45 c2
Event: 12.301 Thread 0x000001c401bb1880 DEOPT PACKING pc=0x000001c42c1e6e34 sp=0x000000978a4f95c0
Event: 12.301 Thread 0x000001c401bb1880 DEOPT UNPACKING pc=0x000001c42ba869a3 sp=0x000000978a4f9548 mode 2
Event: 12.490 Thread 0x000001c401bb1880 Uncommon trap: trap_request=0xffffffde fr.pc=0x000001c42c11008c relative=0x00000000000002ec
Event: 12.490 Thread 0x000001c401bb1880 Uncommon trap: reason=class_check action=maybe_recompile pc=0x000001c42c11008c method=java.util.Collections$SetFromMap.remove(Ljava/lang/Object;)Z @ 5 c2
Event: 12.490 Thread 0x000001c401bb1880 DEOPT PACKING pc=0x000001c42c11008c sp=0x000000978a4f9fa0
Event: 12.490 Thread 0x000001c401bb1880 DEOPT UNPACKING pc=0x000001c42ba869a3 sp=0x000000978a4f9f88 mode 2
Event: 12.530 Thread 0x000001c401bb1880 Uncommon trap: trap_request=0xffffffc6 fr.pc=0x000001c42c1abfb4 relative=0x0000000000000274
Event: 12.530 Thread 0x000001c401bb1880 Uncommon trap: reason=bimorphic_or_optimized_type_check action=maybe_recompile pc=0x000001c42c1abfb4 method=java.util.Spliterators$IteratorSpliterator.tryAdvance(Ljava/util/function/Consumer;)Z @ 50 c2
Event: 12.530 Thread 0x000001c401bb1880 DEOPT PACKING pc=0x000001c42c1abfb4 sp=0x000000978a4fac00
Event: 12.530 Thread 0x000001c401bb1880 DEOPT UNPACKING pc=0x000001c42ba869a3 sp=0x000000978a4faba0 mode 2

Classes loaded (20 events):
Event: 12.370 Loading class java/security/cert/CertificateException done
Event: 12.370 Loading class java/security/cert/CertificateParsingException done
Event: 12.370 Loading class javax/naming/NamingException
Event: 12.370 Loading class javax/naming/NamingException done
Event: 12.371 Loading class javax/naming/InvalidNameException
Event: 12.371 Loading class javax/naming/InvalidNameException done
Event: 12.469 Loading class java/util/function/IntBinaryOperator
Event: 12.469 Loading class java/util/function/IntBinaryOperator done
Event: 12.536 Loading class java/nio/channels/Channels
Event: 12.536 Loading class java/nio/channels/Channels done
Event: 12.536 Loading class sun/nio/ch/ChannelInputStream
Event: 12.537 Loading class sun/nio/ch/ChannelInputStream done
Event: 12.539 Loading class java/nio/channels/Channels$ReadableByteChannelImpl
Event: 12.539 Loading class java/nio/channels/Channels$ReadableByteChannelImpl done
Event: 12.551 Loading class java/util/EmptyStackException
Event: 12.551 Loading class java/util/EmptyStackException done
Event: 12.557 Loading class java/io/InvalidClassException
Event: 12.557 Loading class java/io/InvalidClassException done
Event: 12.737 Loading class java/util/Comparators$NaturalOrderComparator
Event: 12.738 Loading class java/util/Comparators$NaturalOrderComparator done

Classes unloaded (0 events):
No events

Classes redefined (0 events):
No events

Internal exceptions (20 events):
Event: 11.071 Thread 0x000001c401bb1880 Exception <a 'java/lang/NoSuchMethodError'{0x0000000083063788}: 'java.lang.Object java.lang.invoke.DirectMethodHandle$Holder.invokeSpecial(java.lang.Object, java.lang.Object, java.lang.Object, java.lang.Object, java.lang.Object, int)'> (0x0000000083063788) 
thrown [s\src\hotspot\share\interpreter\linkResolver.cpp, line 759]
Event: 11.072 Thread 0x000001c401bb1880 Exception <a 'java/lang/NoSuchMethodError'{0x00000000830681b8}: 'java.lang.Object java.lang.invoke.Invokers$Holder.linkToTargetMethod(java.lang.Object, java.lang.Object, java.lang.Object, int, java.lang.Object)'> (0x00000000830681b8) 
thrown [s\src\hotspot\share\interpreter\linkResolver.cpp, line 759]
Event: 11.104 Thread 0x000001c401bb1880 Exception <a 'java/lang/NoSuchMethodError'{0x0000000082fb0708}: 'void java.lang.invoke.DirectMethodHandle$Holder.invokeSpecial(java.lang.Object, java.lang.Object, java.lang.Object, java.lang.Object, java.lang.Object, java.lang.Object)'> (0x0000000082fb0708) 
thrown [s\src\hotspot\share\interpreter\linkResolver.cpp, line 759]
Event: 11.136 Thread 0x000001c401bb1880 Exception <a 'java/lang/NoSuchMethodError'{0x0000000082da29c0}: 'int java.lang.invoke.DirectMethodHandle$Holder.invokeInterface(java.lang.Object, java.lang.Object, java.lang.Object, java.lang.Object)'> (0x0000000082da29c0) 
thrown [s\src\hotspot\share\interpreter\linkResolver.cpp, line 759]
Event: 11.206 Thread 0x000001c401bb1880 Exception <a 'java/lang/NoSuchMethodError'{0x00000000848049a0}: 'java.lang.Object java.lang.invoke.DirectMethodHandle$Holder.invokeStatic(java.lang.Object, long, java.lang.Object)'> (0x00000000848049a0) 
thrown [s\src\hotspot\share\interpreter\linkResolver.cpp, line 759]
Event: 11.207 Thread 0x000001c401bb1880 Exception <a 'java/lang/NoSuchMethodError'{0x000000008480caa0}: 'java.lang.Object java.lang.invoke.DirectMethodHandle$Holder.newInvokeSpecial(java.lang.Object, long)'> (0x000000008480caa0) 
thrown [s\src\hotspot\share\interpreter\linkResolver.cpp, line 759]
Event: 11.218 Thread 0x000001c401bb1880 Exception <a 'java/lang/NoSuchMethodError'{0x000000008487e808}: 'java.lang.Object java.lang.invoke.Invokers$Holder.linkToTargetMethod(java.lang.Object, java.lang.Object, java.lang.Object, java.lang.Object, long, java.lang.Object, java.lang.Object)'> (0x000000008487e808) 
thrown [s\src\hotspot\share\interpreter\linkResolver.cpp, line 759]
Event: 11.223 Thread 0x000001c401bb1880 Exception <a 'java/lang/NoSuchMethodError'{0x00000000848c5fc0}: 'java.lang.Object java.lang.invoke.DirectMethodHandle$Holder.newInvokeSpecial(java.lang.Object, java.lang.Object, java.lang.Object, long, java.lang.Object)'> (0x00000000848c5fc0) 
thrown [s\src\hotspot\share\interpreter\linkResolver.cpp, line 759]
Event: 11.224 Thread 0x000001c401bb1880 Exception <a 'java/lang/NoSuchMethodError'{0x00000000848cb138}: 'java.lang.Object java.lang.invoke.DirectMethodHandle$Holder.invokeSpecial(java.lang.Object, java.lang.Object, java.lang.Object, java.lang.Object, long, java.lang.Object)'> (0x00000000848cb138) 
thrown [s\src\hotspot\share\interpreter\linkResolver.cpp, line 759]
Event: 11.224 Thread 0x000001c401bb1880 Exception <a 'java/lang/NoSuchMethodError'{0x00000000848cf968}: 'java.lang.Object java.lang.invoke.Invokers$Holder.linkToTargetMethod(java.lang.Object, java.lang.Object, long, java.lang.Object, java.lang.Object)'> (0x00000000848cf968) 
thrown [s\src\hotspot\share\interpreter\linkResolver.cpp, line 759]
Event: 11.491 Thread 0x000001c401bb1880 Exception <a 'java/lang/NoSuchMethodError'{0x0000000083c73108}: 'void java.lang.invoke.DirectMethodHandle$Holder.invokeInterface(java.lang.Object, java.lang.Object)'> (0x0000000083c73108) 
thrown [s\src\hotspot\share\interpreter\linkResolver.cpp, line 759]
Event: 11.493 Thread 0x000001c401bb1880 Exception <a 'java/lang/IncompatibleClassChangeError'{0x0000000083c7e2d0}: Found class java.lang.Object, but interface was expected> (0x0000000083c7e2d0) 
thrown [s\src\hotspot\share\interpreter\linkResolver.cpp, line 826]
Event: 11.523 Thread 0x000001c401bb1880 Exception <a 'java/lang/NoSuchMethodError'{0x0000000083bfa178}: 'java.lang.Object java.lang.invoke.DirectMethodHandle$Holder.newInvokeSpecial(java.lang.Object, int, java.lang.Object)'> (0x0000000083bfa178) 
thrown [s\src\hotspot\share\interpreter\linkResolver.cpp, line 759]
Event: 11.622 Thread 0x000001c401bb1880 Exception <a 'java/lang/NoSuchMethodError'{0x0000000083512780}: 'java.lang.Object java.lang.invoke.DirectMethodHandle$Holder.invokeSpecial(java.lang.Object, java.lang.Object, long, java.lang.Object, java.lang.Object)'> (0x0000000083512780) 
thrown [s\src\hotspot\share\interpreter\linkResolver.cpp, line 759]
Event: 12.267 Thread 0x000001c401bb0e60 Exception <a 'java/lang/NoSuchMethodError'{0x0000000082e09ef8}: static Lorg/gradle/internal/build/event/types/DefaultBuildPhaseDescriptor;.<clinit>()V> (0x0000000082e09ef8) 
thrown [s\src\hotspot\share\prims\jni.cpp, line 1112]
Event: 12.424 Thread 0x000001c401bb1880 Exception <a 'sun/nio/fs/WindowsException'{0x0000000084433320}> (0x0000000084433320) 
thrown [s\src\hotspot\share\prims\jni.cpp, line 516]
Event: 12.424 Thread 0x000001c401bb1880 Exception <a 'sun/nio/fs/WindowsException'{0x0000000084434938}> (0x0000000084434938) 
thrown [s\src\hotspot\share\prims\jni.cpp, line 516]
Event: 12.459 Thread 0x000001c401bb1880 Exception <a 'sun/nio/fs/WindowsException'{0x0000000084230208}> (0x0000000084230208) 
thrown [s\src\hotspot\share\prims\jni.cpp, line 516]
Event: 12.526 Thread 0x000001c401bb1880 Exception <a 'java/lang/NoSuchMethodError'{0x0000000083f48dd0}: 'int java.lang.invoke.DirectMethodHandle$Holder.invokeInterface(java.lang.Object, java.lang.Object, java.lang.Object, java.lang.Object, java.lang.Object)'> (0x0000000083f48dd0) 
thrown [s\src\hotspot\share\interpreter\linkResolver.cpp, line 759]
Event: 12.706 Thread 0x000001c401bb1880 Exception <a 'java/lang/NoSuchMethodError'{0x00000000836139e8}: 'void java.lang.invoke.DirectMethodHandle$Holder.invokeStatic(java.lang.Object, java.lang.Object, java.lang.Object, java.lang.Object, java.lang.Object, java.lang.Object, java.lang.Object)'> (0x00000000836139e8) 
thrown [s\src\hotspot\share\interpreter\linkResolver.cpp, line 759]

VM Operations (20 events):
Event: 10.489 Executing VM operation: G1PauseCleanup done
Event: 11.052 Executing VM operation: HandshakeAllThreads
Event: 11.052 Executing VM operation: HandshakeAllThreads done
Event: 11.122 Executing VM operation: HandshakeAllThreads
Event: 11.123 Executing VM operation: HandshakeAllThreads done
Event: 11.134 Executing VM operation: HandshakeAllThreads
Event: 11.134 Executing VM operation: HandshakeAllThreads done
Event: 11.148 Executing VM operation: G1CollectForAllocation
Event: 11.154 Executing VM operation: G1CollectForAllocation done
Event: 11.606 Executing VM operation: HandshakeAllThreads
Event: 11.607 Executing VM operation: HandshakeAllThreads done
Event: 11.662 Executing VM operation: HandshakeAllThreads
Event: 11.662 Executing VM operation: HandshakeAllThreads done
Event: 11.737 Executing VM operation: G1CollectForAllocation
Event: 11.744 Executing VM operation: G1CollectForAllocation done
Event: 12.288 Executing VM operation: G1CollectForAllocation
Event: 12.294 Executing VM operation: G1CollectForAllocation done
Event: 12.743 Executing VM operation: HandshakeAllThreads
Event: 12.743 Executing VM operation: HandshakeAllThreads done
Event: 12.861 Executing VM operation: G1CollectForAllocation

Memory protections (0 events):
No events

Nmethod flushes (0 events):
No events

Events (20 events):
Event: 5.091 Thread 0x000001c4014276f0 Thread added: 0x000001c401a485c0
Event: 5.096 Thread 0x000001c401a485c0 Thread added: 0x000001c401969b70
Event: 5.149 Thread 0x000001c401a485c0 Thread added: 0x000001c401bb0440
Event: 5.165 Thread 0x000001c401a485c0 Thread added: 0x000001c401bb1880
Event: 5.183 Thread 0x000001c401bb1880 Thread added: 0x000001c401baf000
Event: 5.188 Thread 0x000001c401bb1880 Thread added: 0x000001c401bb0950
Event: 5.191 Thread 0x000001c401bb1880 Thread added: 0x000001c401bb0e60
Event: 5.839 Thread 0x000001c401bb1880 Thread added: 0x000001c401bb22a0
Event: 5.855 Thread 0x000001c401bb1880 Thread added: 0x000001c401bb1d90
Event: 5.892 Thread 0x000001c401bb1880 Thread added: 0x000001c401bafa20
Event: 7.353 Thread 0x000001c401bb1880 Thread added: 0x000001c401bb27b0
Event: 7.385 Thread 0x000001c401bb1880 Thread added: 0x000001c401baf510
Event: 7.811 Thread 0x000001c401bb1880 Thread added: 0x000001c401baff30
Event: 7.823 Thread 0x000001c401bb1880 Thread added: 0x000001c402743330
Event: 8.418 Thread 0x000001c401bb1880 Thread added: 0x000001c402741ef0
Event: 8.500 Thread 0x000001c401bb1880 Thread added: 0x000001c402740090
Event: 9.631 Thread 0x000001c401bb1880 Thread added: 0x000001c402745190
Event: 9.680 Thread 0x000001c401bb1880 Thread added: 0x000001c4027460c0
Event: 10.827 Thread 0x000001c401bb1880 Thread added: 0x000001c402743d50
Event: 10.884 Thread 0x000001c401bb1880 Thread added: 0x000001c402742910


Dynamic libraries:
0x00007ff76b9d0000 - 0x00007ff76b9de000 	C:\Program Files\Eclipse Adoptium\jdk-17.0.15.6-hotspot\bin\java.exe
0x00007ffcbea70000 - 0x00007ffcbec87000 	C:\Windows\SYSTEM32\ntdll.dll
0x00007ffcbe000000 - 0x00007ffcbe0c4000 	C:\Windows\System32\KERNEL32.DLL
0x00007ffcbbe40000 - 0x00007ffcbc1f7000 	C:\Windows\System32\KERNELBASE.dll
0x00007ffcbc390000 - 0x00007ffcbc4a1000 	C:\Windows\System32\ucrtbase.dll
0x00007ffcaaf30000 - 0x00007ffcaaf47000 	C:\Program Files\Eclipse Adoptium\jdk-17.0.15.6-hotspot\bin\jli.dll
0x00007ffcbe0d0000 - 0x00007ffcbe27f000 	C:\Windows\System32\USER32.dll
0x00007ffcbc770000 - 0x00007ffcbc796000 	C:\Windows\System32\win32u.dll
0x00007ffcbe9d0000 - 0x00007ffcbe9f9000 	C:\Windows\System32\GDI32.dll
0x00007ffcbc650000 - 0x00007ffcbc768000 	C:\Windows\System32\gdi32full.dll
0x00007ffcbc2f0000 - 0x00007ffcbc38a000 	C:\Windows\System32\msvcp_win.dll
0x00007ffca6b70000 - 0x00007ffca6e03000 	C:\Windows\WinSxS\amd64_microsoft.windows.common-controls_6595b64144ccf1df_6.0.22621.3672_none_2713b9d173822955\COMCTL32.dll
0x00007ffcbdbc0000 - 0x00007ffcbdc67000 	C:\Windows\System32\msvcrt.dll
0x00007ffcaaf10000 - 0x00007ffcaaf2e000 	C:\Program Files\Eclipse Adoptium\jdk-17.0.15.6-hotspot\bin\VCRUNTIME140.dll
0x00007ffcbe450000 - 0x00007ffcbe481000 	C:\Windows\System32\IMM32.DLL
0x00007ffc99060000 - 0x00007ffc9906c000 	C:\Program Files\Eclipse Adoptium\jdk-17.0.15.6-hotspot\bin\vcruntime140_1.dll
0x00007ffc7a670000 - 0x00007ffc7a6fd000 	C:\Program Files\Eclipse Adoptium\jdk-17.0.15.6-hotspot\bin\msvcp140.dll
0x00007ffc27dc0000 - 0x00007ffc28a2b000 	C:\Program Files\Eclipse Adoptium\jdk-17.0.15.6-hotspot\bin\server\jvm.dll
0x00007ffcbe490000 - 0x00007ffcbe542000 	C:\Windows\System32\ADVAPI32.dll
0x00007ffcbc950000 - 0x00007ffcbc9f8000 	C:\Windows\System32\sechost.dll
0x00007ffcbc4b0000 - 0x00007ffcbc4d8000 	C:\Windows\System32\bcrypt.dll
0x00007ffcbd810000 - 0x00007ffcbd924000 	C:\Windows\System32\RPCRT4.dll
0x00007ffcbd790000 - 0x00007ffcbd801000 	C:\Windows\System32\WS2_32.dll
0x00007ffcbabf0000 - 0x00007ffcbac3d000 	C:\Windows\SYSTEM32\POWRPROF.dll
0x00007ffcb7e90000 - 0x00007ffcb7ec4000 	C:\Windows\SYSTEM32\WINMM.dll
0x00007ffcb7da0000 - 0x00007ffcb7daa000 	C:\Windows\SYSTEM32\VERSION.dll
0x00007ffcbabd0000 - 0x00007ffcbabe3000 	C:\Windows\SYSTEM32\UMPDC.dll
0x00007ffcbae20000 - 0x00007ffcbae38000 	C:\Windows\SYSTEM32\kernel.appcore.dll
0x00007ffc979f0000 - 0x00007ffc979fa000 	C:\Program Files\Eclipse Adoptium\jdk-17.0.15.6-hotspot\bin\jimage.dll
0x00007ffca5be0000 - 0x00007ffca5e12000 	C:\Windows\SYSTEM32\DBGHELP.DLL
0x00007ffcbdc70000 - 0x00007ffcbdffe000 	C:\Windows\System32\combase.dll
0x00007ffcbca00000 - 0x00007ffcbcad7000 	C:\Windows\System32\OLEAUT32.dll
0x00007ffcaaa30000 - 0x00007ffcaaa62000 	C:\Windows\SYSTEM32\dbgcore.DLL
0x00007ffcbc200000 - 0x00007ffcbc27b000 	C:\Windows\System32\bcryptPrimitives.dll
0x00007ffcaa390000 - 0x00007ffcaa39e000 	C:\Program Files\Eclipse Adoptium\jdk-17.0.15.6-hotspot\bin\instrument.dll
0x00007ffc8a410000 - 0x00007ffc8a435000 	C:\Program Files\Eclipse Adoptium\jdk-17.0.15.6-hotspot\bin\java.dll
0x00007ffc79390000 - 0x00007ffc79467000 	C:\Program Files\Eclipse Adoptium\jdk-17.0.15.6-hotspot\bin\jsvml.dll
0x00007ffcbccc0000 - 0x00007ffcbd529000 	C:\Windows\System32\SHELL32.dll
0x00007ffcb9cb0000 - 0x00007ffcba5af000 	C:\Windows\SYSTEM32\windows.storage.dll
0x00007ffcb9b70000 - 0x00007ffcb9caf000 	C:\Windows\SYSTEM32\wintypes.dll
0x00007ffcbd530000 - 0x00007ffcbd629000 	C:\Windows\System32\SHCORE.dll
0x00007ffcbcbe0000 - 0x00007ffcbcc3e000 	C:\Windows\System32\shlwapi.dll
0x00007ffcbbcb0000 - 0x00007ffcbbcd7000 	C:\Windows\SYSTEM32\profapi.dll
0x00007ffc85690000 - 0x00007ffc856a8000 	C:\Program Files\Eclipse Adoptium\jdk-17.0.15.6-hotspot\bin\zip.dll
0x00007ffc89410000 - 0x00007ffc89429000 	C:\Program Files\Eclipse Adoptium\jdk-17.0.15.6-hotspot\bin\net.dll
0x00007ffcb7800000 - 0x00007ffcb7936000 	C:\Windows\SYSTEM32\WINHTTP.dll
0x00007ffcbb2e0000 - 0x00007ffcbb349000 	C:\Windows\system32\mswsock.dll
0x00007ffc88990000 - 0x00007ffc889a6000 	C:\Program Files\Eclipse Adoptium\jdk-17.0.15.6-hotspot\bin\nio.dll
0x00007ffc8a1f0000 - 0x00007ffc8a200000 	C:\Program Files\Eclipse Adoptium\jdk-17.0.15.6-hotspot\bin\verify.dll
0x00007ffcb8860000 - 0x00007ffcb8887000 	C:\Users\hafid\.gradle\native\1def1411415f61bf3af743bc5b6707747c0891f09f0c88961ee8f79bc544acac\windows-amd64\native-platform.dll
0x00007ffc99090000 - 0x00007ffc99108000 	C:\Users\hafid\.gradle\native\0.2.7\x86_64-windows-gnu\gradle-fileevents.dll
0x00007ffcaa380000 - 0x00007ffcaa38a000 	C:\Program Files\Eclipse Adoptium\jdk-17.0.15.6-hotspot\bin\management.dll
0x00007ffcaa260000 - 0x00007ffcaa26b000 	C:\Program Files\Eclipse Adoptium\jdk-17.0.15.6-hotspot\bin\management_ext.dll
0x00007ffcbd990000 - 0x00007ffcbd998000 	C:\Windows\System32\PSAPI.DLL
0x00007ffcba880000 - 0x00007ffcba8ad000 	C:\Windows\SYSTEM32\IPHLPAPI.DLL
0x00007ffcbd980000 - 0x00007ffcbd989000 	C:\Windows\System32\NSI.dll
0x00007ffcb7a10000 - 0x00007ffcb7a29000 	C:\Windows\SYSTEM32\dhcpcsvc6.DLL
0x00007ffcb77e0000 - 0x00007ffcb77ff000 	C:\Windows\SYSTEM32\dhcpcsvc.DLL
0x00007ffcba8f0000 - 0x00007ffcba9f2000 	C:\Windows\SYSTEM32\DNSAPI.dll
0x00007ffcaa250000 - 0x00007ffcaa259000 	C:\Program Files\Eclipse Adoptium\jdk-17.0.15.6-hotspot\bin\extnet.dll
0x00007ffcbb630000 - 0x00007ffcbb64b000 	C:\Windows\SYSTEM32\CRYPTSP.dll
0x00007ffcbade0000 - 0x00007ffcbae15000 	C:\Windows\system32\rsaenh.dll
0x00007ffcbb380000 - 0x00007ffcbb3a8000 	C:\Windows\SYSTEM32\USERENV.dll
0x00007ffcbb610000 - 0x00007ffcbb61c000 	C:\Windows\SYSTEM32\CRYPTBASE.dll
0x00007ffcaa240000 - 0x00007ffcaa24e000 	C:\Program Files\Eclipse Adoptium\jdk-17.0.15.6-hotspot\bin\sunmscapi.dll
0x00007ffcbc4e0000 - 0x00007ffcbc646000 	C:\Windows\System32\CRYPT32.dll
0x00007ffcbb740000 - 0x00007ffcbb76d000 	C:\Windows\SYSTEM32\ncrypt.dll
0x00007ffcbb700000 - 0x00007ffcbb737000 	C:\Windows\SYSTEM32\NTASN1.dll
0x00007ffc45610000 - 0x00007ffc45618000 	C:\Windows\system32\wshunix.dll

dbghelp: loaded successfully - version: 4.0.5 - missing functions: none
symbol engine: initialized successfully - sym options: 0x614 - pdb path: .;C:\Program Files\Eclipse Adoptium\jdk-17.0.15.6-hotspot\bin;C:\Windows\SYSTEM32;C:\Windows\WinSxS\amd64_microsoft.windows.common-controls_6595b64144ccf1df_6.0.22621.3672_none_2713b9d173822955;C:\Program Files\Eclipse Adoptium\jdk-17.0.15.6-hotspot\bin\server;C:\Users\hafid\.gradle\native\1def1411415f61bf3af743bc5b6707747c0891f09f0c88961ee8f79bc544acac\windows-amd64;C:\Users\hafid\.gradle\native\0.2.7\x86_64-windows-gnu

VM Arguments:
jvm_args: --add-opens=java.base/java.lang=ALL-UNNAMED --add-opens=java.base/java.lang.invoke=ALL-UNNAMED --add-opens=java.base/java.util=ALL-UNNAMED --add-opens=java.prefs/java.util.prefs=ALL-UNNAMED --add-exports=jdk.compiler/com.sun.tools.javac.api=ALL-UNNAMED --add-exports=jdk.compiler/com.sun.tools.javac.util=ALL-UNNAMED --add-opens=java.base/java.util=ALL-UNNAMED --add-opens=java.prefs/java.util.prefs=ALL-UNNAMED --add-opens=java.base/java.nio.charset=ALL-UNNAMED --add-opens=java.base/java.net=ALL-UNNAMED --add-opens=java.base/java.util.concurrent.atomic=ALL-UNNAMED --add-opens=java.xml/javax.xml.namespace=ALL-UNNAMED -Xmx2048m -Dfile.encoding=UTF-8 -Duser.country=ID -Duser.language=en -Duser.variant -javaagent:C:\Users\hafid\.gradle\wrapper\dists\gradle-8.13-bin\5xuhj0ry160q40clulazy9h7d\gradle-8.13\lib\agents\gradle-instrumentation-agent-8.13.jar 
java_command: org.gradle.launcher.daemon.bootstrap.GradleDaemon 8.13
java_class_path (initial): C:\Users\hafid\.gradle\wrapper\dists\gradle-8.13-bin\5xuhj0ry160q40clulazy9h7d\gradle-8.13\lib\gradle-daemon-main-8.13.jar
Launcher Type: SUN_STANDARD

[Global flags]
     intx CICompilerCount                          = 3                                         {product} {ergonomic}
     uint ConcGCThreads                            = 1                                         {product} {ergonomic}
     uint G1ConcRefinementThreads                  = 4                                         {product} {ergonomic}
   size_t G1HeapRegionSize                         = 1048576                                   {product} {ergonomic}
    uintx GCDrainStackTargetSize                   = 64                                        {product} {ergonomic}
   size_t InitialHeapSize                          = 65011712                                  {product} {ergonomic}
   size_t MarkStackSize                            = 4194304                                   {product} {ergonomic}
   size_t MaxHeapSize                              = 2147483648                                {product} {command line}
   size_t MaxNewSize                               = 1287651328                                {product} {ergonomic}
   size_t MinHeapDeltaBytes                        = 1048576                                   {product} {ergonomic}
   size_t MinHeapSize                              = 8388608                                   {product} {ergonomic}
    uintx NonNMethodCodeHeapSize                   = 5832780                                {pd product} {ergonomic}
    uintx NonProfiledCodeHeapSize                  = 122912730                              {pd product} {ergonomic}
    uintx ProfiledCodeHeapSize                     = 122912730                              {pd product} {ergonomic}
    uintx ReservedCodeCacheSize                    = 251658240                              {pd product} {ergonomic}
     bool SegmentedCodeCache                       = true                                      {product} {ergonomic}
   size_t SoftMaxHeapSize                          = 2147483648                             {manageable} {ergonomic}
     bool UseCompressedClassPointers               = true                           {product lp64_product} {ergonomic}
     bool UseCompressedOops                        = true                           {product lp64_product} {ergonomic}
     bool UseG1GC                                  = true                                      {product} {ergonomic}
     bool UseLargePagesIndividualAllocation        = false                                  {pd product} {ergonomic}

Logging:
Log output configuration:
 #0: stdout all=warning uptime,level,tags
 #1: stderr all=off uptime,level,tags

Environment Variables:
JAVA_HOME=C:\Program Files\Eclipse Adoptium\jdk-17.0.15.6-hotspot
PATH=C:\Program Files\Eclipse Adoptium\jdk-17.0.15.6-hotspot\bin;C:\Program Files\Eclipse Adoptium\jdk-17.0.15.6-hotspot\bin;C:\Program Files\Common Files\Oracle\Java\javapath;C:\ProgramData\Oracle\Java\javapath;C:\Windows\system32;C:\Windows;C:\Windows\System32\Wbem;C:\Windows\System32\WindowsPowerShell\v1.0\;C:\Windows\System32\OpenSSH\;C:\Program Files (x86)\NVIDIA Corporation\PhysX\Common;C:\Windows\System32;C:\Users\Git\cmd;C:\Program Files\Docker\Docker\resources\bin;C:\Program Files\MongoDB\Server\8.0\bin;C:\xampp\php;C:\ProgramData\ComposerSetup\bin;C:\flutter\bin;C:\Users\hafid\AppData\Local\Android\sdk\platform-tools;C:\Program Files\nodejs\;C:\kotlinc\bin;C:\Users\hafid\AppData\Local\Programs\Python\Python310\Scripts\;C:\Users\hafid\AppData\Local\Programs\Python\Python310\;C:\Users\hafid\AppData\Local\Microsoft\WindowsApps;C:\Users\hafid\AppData\Local\Programs\Microsoft VS Code\bin;C:\Users\hafid\AppData\Roaming\Composer\vendor\bin;C:\Users\hafid\AppData\Roaming\npm;C:\Users\hafid\AppData\Local\Google\Cloud SDK\google-cloud-sdk\bin;D:\cursor\resources\app\bin;C:\Users\hafid\AppData\Local\Programs\Windsurf\bin;C:\Users\hafid\AppData\Local\Programs\Antigravity\bin
USERNAME=hafid
OS=Windows_NT
PROCESSOR_IDENTIFIER=Intel64 Family 6 Model 142 Stepping 9, GenuineIntel
TMP=C:\Users\hafid\AppData\Local\Temp
TEMP=C:\Users\hafid\AppData\Local\Temp



Periodic native trim disabled


---------------  S Y S T E M  ---------------

OS:
 Windows 11 , 64 bit Build 22621 (10.0.22621.3958)
OS uptime: 0 days 2:14 hours
Hyper-V role detected

CPU: total 4 (initial active 4) (2 cores per cpu, 2 threads per core) family 6 model 142 stepping 9 microcode 0xde, cx8, cmov, fxsr, ht, mmx, 3dnowpref, sse, sse2, sse3, ssse3, sse4.1, sse4.2, popcnt, lzcnt, tsc, tscinvbit, avx, avx2, aes, erms, clmul, bmi1, bmi2, adx, fma, vzeroupper, clflush, clflushopt, hv
Processor Information for all 4 processors :
  Max Mhz: 2712, Current Mhz: 2511, Mhz Limit: 2495

Memory: 4k page, system-wide physical 3964M (296M free)
TotalPageFile size 16252M (AvailPageFile size 36M)
current process WorkingSet (physical memory assigned to process): 241M, peak: 244M
current process commit charge ("private bytes"): 273M, peak: 333M

vm_info: OpenJDK 64-Bit Server VM (17.0.15+6) for windows-amd64 JRE (17.0.15+6), built on Apr 15 2025 21:25:47 by "admin" with MS VC++ 17.7 (VS2022)

END.
