#
# There is insufficient memory for the Java Runtime Environment to continue.
# Native memory allocation (malloc) failed to allocate 1661280 bytes. Error detail: Chunk::new
# Possible reasons:
#   The system is out of physical RAM or swap space
#   This process is running with CompressedOops enabled, and the Java Heap may be blocking the growth of the native heap
# Possible solutions:
#   Reduce memory load on the system
#   Increase physical memory or swap space
#   Check if swap backing store is full
#   Decrease Java heap size (-Xmx/-Xms)
#   Decrease number of Java threads
#   Decrease Java thread stack sizes (-Xss)
#   Set larger code cache with -XX:ReservedCodeCacheSize=
#   JVM is running with Unscaled Compressed Oops mode in which the Java heap is
#     placed in the first 4GB address space. The Java Heap base address is the
#     maximum limit for the native heap growth. Please use -XX:HeapBaseMinAddress
#     to set the Java Heap base and to place the Java Heap above 4GB virtual address.
# This output file may be truncated or incomplete.
#
#  Out of Memory Error (arena.cpp:191), pid=3696, tid=3316
#
# JRE version: OpenJDK Runtime Environment Temurin-17.0.15+6 (17.0.15+6) (build 17.0.15+6)
# Java VM: OpenJDK 64-Bit Server VM Temurin-17.0.15+6 (17.0.15+6, mixed mode, sharing, tiered, compressed oops, compressed class ptrs, g1 gc, windows-amd64)
# No core dump will be written. Minidumps are not enabled by default on client versions of Windows
#

---------------  S U M M A R Y ------------

Command Line: -DkotlinLanguageServer.version=1.3.13 org.javacs.kt.MainKt

Host: Intel(R) Core(TM) i5-7200U CPU @ 2.50GHz, 4 cores, 3G,  Windows 11 , 64 bit Build 22621 (10.0.22621.3958)
Time: Mon Dec  1 15:40:45 2025 SE Asia Standard Time elapsed time: 39.756989 seconds (0d 0h 0m 39s)

---------------  T H R E A D  ---------------

Current thread (0x0000025d5f60dcc0):  JavaThread "C2 CompilerThread1" daemon [_thread_in_native, id=3316, stack(0x000000dcb5300000,0x000000dcb5400000)]


Current CompileTask:
C2:  39757 4917       4       org.jetbrains.kotlin.parsing.AbstractKotlinParsing::atSet (113 bytes)

Stack: [0x000000dcb5300000,0x000000dcb5400000]
Native frames: (J=compiled Java code, j=interpreted, Vv=VM code, C=native code)
V  [jvm.dll+0x682fc9]
V  [jvm.dll+0x839878]
V  [jvm.dll+0x83b323]
V  [jvm.dll+0x83b993]
V  [jvm.dll+0x24725f]
V  [jvm.dll+0xacea4]
V  [jvm.dll+0xad53c]
V  [jvm.dll+0x365c6e]
V  [jvm.dll+0x32fe58]
V  [jvm.dll+0x32f2da]
V  [jvm.dll+0x21824f]
V  [jvm.dll+0x21768f]
V  [jvm.dll+0x1a31b0]
V  [jvm.dll+0x227a9c]
V  [jvm.dll+0x225bfb]
V  [jvm.dll+0x7ef018]
V  [jvm.dll+0x7e94dc]
V  [jvm.dll+0x681ea7]
C  [ucrtbase.dll+0x29333]
C  [KERNEL32.DLL+0x1257d]
C  [ntdll.dll+0x5af08]


---------------  P R O C E S S  ---------------

Threads class SMR info:
_java_thread_list=0x0000025d5f5d7840, length=18, elements={
0x0000025d18c03760, 0x0000025d18c045e0, 0x0000025d18c1bf40, 0x0000025d18c1cb00,
0x0000025d18c1f4d0, 0x0000025d18c1fe90, 0x0000025d18c20c30, 0x0000025d18c24700,
0x0000025d18c93fe0, 0x0000025d5e08b040, 0x0000025d5e0937f0, 0x0000025d5f7b9d30,
0x0000025d7be4a710, 0x0000025d18c93850, 0x0000025d5fc63d30, 0x0000025d5fc619c0,
0x0000025d5fc63310, 0x0000025d5f60dcc0
}

Java Threads: ( => current thread )
  0x0000025d18c03760 JavaThread "Reference Handler" daemon [_thread_blocked, id=7556, stack(0x000000dcb3f00000,0x000000dcb4000000)]
  0x0000025d18c045e0 JavaThread "Finalizer" daemon [_thread_blocked, id=1628, stack(0x000000dcb4000000,0x000000dcb4100000)]
  0x0000025d18c1bf40 JavaThread "Signal Dispatcher" daemon [_thread_blocked, id=14912, stack(0x000000dcb4100000,0x000000dcb4200000)]
  0x0000025d18c1cb00 JavaThread "Attach Listener" daemon [_thread_blocked, id=5740, stack(0x000000dcb4200000,0x000000dcb4300000)]
  0x0000025d18c1f4d0 JavaThread "Service Thread" daemon [_thread_blocked, id=4668, stack(0x000000dcb4300000,0x000000dcb4400000)]
  0x0000025d18c1fe90 JavaThread "Monitor Deflation Thread" daemon [_thread_blocked, id=11496, stack(0x000000dcb4400000,0x000000dcb4500000)]
  0x0000025d18c20c30 JavaThread "C2 CompilerThread0" daemon [_thread_in_native, id=10212, stack(0x000000dcb4500000,0x000000dcb4600000)]
  0x0000025d18c24700 JavaThread "C1 CompilerThread0" daemon [_thread_blocked, id=10100, stack(0x000000dcb4600000,0x000000dcb4700000)]
  0x0000025d18c93fe0 JavaThread "Sweeper thread" daemon [_thread_blocked, id=8516, stack(0x000000dcb4700000,0x000000dcb4800000)]
  0x0000025d5e08b040 JavaThread "Notification Thread" daemon [_thread_blocked, id=15352, stack(0x000000dcb4800000,0x000000dcb4900000)]
  0x0000025d5e0937f0 JavaThread "Common-Cleaner" daemon [_thread_blocked, id=2548, stack(0x000000dcb4a00000,0x000000dcb4b00000)]
  0x0000025d5f7b9d30 JavaThread "client" [_thread_in_native, id=9240, stack(0x000000dcb4e00000,0x000000dcb4f00000)]
  0x0000025d7be4a710 JavaThread "DestroyJavaVM" [_thread_blocked, id=9096, stack(0x000000dcb3800000,0x000000dcb3900000)]
  0x0000025d18c93850 JavaThread "async0" [_thread_blocked, id=1956, stack(0x000000dcb4f00000,0x000000dcb5000000)]
  0x0000025d5fc63d30 JavaThread "async1" [_thread_blocked, id=9048, stack(0x000000dcb5000000,0x000000dcb5100000)]
  0x0000025d5fc619c0 JavaThread "debounce0" [_thread_in_Java, id=5396, stack(0x000000dcb5100000,0x000000dcb5200000)]
  0x0000025d5fc63310 JavaThread "async2" [_thread_blocked, id=4940, stack(0x000000dcb5200000,0x000000dcb5300000)]
=>0x0000025d5f60dcc0 JavaThread "C2 CompilerThread1" daemon [_thread_in_native, id=3316, stack(0x000000dcb5300000,0x000000dcb5400000)]

Other Threads:
  0x0000025d18c003c0 VMThread "VM Thread" [stack: 0x000000dcb3e00000,0x000000dcb3f00000] [id=11620]
  0x0000025d5e08f540 WatcherThread [stack: 0x000000dcb4900000,0x000000dcb4a00000] [id=6424]
  0x0000025d7be85a60 GCTaskThread "GC Thread#0" [stack: 0x000000dcb3900000,0x000000dcb3a00000] [id=12756]
  0x0000025d5e522510 GCTaskThread "GC Thread#1" [stack: 0x000000dcb4b00000,0x000000dcb4c00000] [id=7060]
  0x0000025d5e5236e0 GCTaskThread "GC Thread#2" [stack: 0x000000dcb4c00000,0x000000dcb4d00000] [id=11468]
  0x0000025d5e6207b0 GCTaskThread "GC Thread#3" [stack: 0x000000dcb4d00000,0x000000dcb4e00000] [id=15288]
  0x0000025d7be8e5b0 ConcurrentGCThread "G1 Main Marker" [stack: 0x000000dcb3a00000,0x000000dcb3b00000] [id=14552]
  0x0000025d7be8efd0 ConcurrentGCThread "G1 Conc#0" [stack: 0x000000dcb3b00000,0x000000dcb3c00000] [id=12728]
  0x0000025d7becc070 ConcurrentGCThread "G1 Refine#0" [stack: 0x000000dcb3c00000,0x000000dcb3d00000] [id=14704]
  0x0000025d7beccaa0 ConcurrentGCThread "G1 Service" [stack: 0x000000dcb3d00000,0x000000dcb3e00000] [id=7152]

Threads with active compile tasks:
C2 CompilerThread0    39822 5042       4       org.jetbrains.kotlin.parsing.KotlinExpressionParsing::parseBinaryExpression (70 bytes)
C2 CompilerThread1    39822 4917       4       org.jetbrains.kotlin.parsing.AbstractKotlinParsing::atSet (113 bytes)

VM state: not at safepoint (normal execution)

VM Mutex/Monitor currently owned by a thread: None

Heap address: 0x00000000c2000000, size: 992 MB, Compressed Oops mode: 32-bit

CDS archive(s) mapped at: [0x0000025d19000000-0x0000025d19bb0000-0x0000025d19bb0000), size 12255232, SharedBaseAddress: 0x0000025d19000000, ArchiveRelocationMode: 1.
Compressed class space mapped at: 0x0000025d1a000000-0x0000025d5a000000, reserved size: 1073741824
Narrow klass base: 0x0000025d19000000, Narrow klass shift: 0, Narrow klass range: 0x100000000

GC Precious Log:
 CPUs: 4 total, 4 available
 Memory: 3964M
 Large Page Support: Disabled
 NUMA Support: Disabled
 Compressed Oops: Enabled (32-bit)
 Heap Region Size: 1M
 Heap Min Capacity: 8M
 Heap Initial Capacity: 62M
 Heap Max Capacity: 992M
 Pre-touch: Disabled
 Parallel Workers: 4
 Concurrent Workers: 1
 Concurrent Refinement Workers: 4
 Periodic GC: Disabled

Heap:
 garbage-first heap   total 53248K, used 40148K [0x00000000c2000000, 0x0000000100000000)
  region size 1024K, 13 young (13312K), 1 survivors (1024K)
 Metaspace       used 50378K, committed 50688K, reserved 1114112K
  class space    used 6011K, committed 6144K, reserved 1048576K

Heap Regions: E=young(eden), S=young(survivor), O=old, HS=humongous(starts), HC=humongous(continues), CS=collection set, F=free, OA=open archive, CA=closed archive, TAMS=top-at-mark-start (previous, next)
|   0|0x00000000c2000000, 0x00000000c2100000, 0x00000000c2100000|100%|HS|  |TAMS 0x00000000c2100000, 0x00000000c2000000| Complete 
|   1|0x00000000c2100000, 0x00000000c2200000, 0x00000000c2200000|100%|HC|  |TAMS 0x00000000c2200000, 0x00000000c2100000| Complete 
|   2|0x00000000c2200000, 0x00000000c2300000, 0x00000000c2300000|100%|HC|  |TAMS 0x00000000c2300000, 0x00000000c2200000| Complete 
|   3|0x00000000c2300000, 0x00000000c2400000, 0x00000000c2400000|100%|HC|  |TAMS 0x00000000c2400000, 0x00000000c2300000| Complete 
|   4|0x00000000c2400000, 0x00000000c2500000, 0x00000000c2500000|100%| O|  |TAMS 0x00000000c2500000, 0x00000000c2400000| Untracked 
|   5|0x00000000c2500000, 0x00000000c2600000, 0x00000000c2600000|100%| O|  |TAMS 0x00000000c2600000, 0x00000000c2500000| Untracked 
|   6|0x00000000c2600000, 0x00000000c2700000, 0x00000000c2700000|100%| O|  |TAMS 0x00000000c2700000, 0x00000000c2600000| Untracked 
|   7|0x00000000c2700000, 0x00000000c2800000, 0x00000000c2800000|100%| O|  |TAMS 0x00000000c2800000, 0x00000000c2700000| Untracked 
|   8|0x00000000c2800000, 0x00000000c28fac00, 0x00000000c2900000| 97%| O|  |TAMS 0x00000000c28fac00, 0x00000000c2800000| Untracked 
|   9|0x00000000c2900000, 0x00000000c2a00000, 0x00000000c2a00000|100%| O|  |TAMS 0x00000000c2a00000, 0x00000000c2900000| Untracked 
|  10|0x00000000c2a00000, 0x00000000c2aa4400, 0x00000000c2b00000| 64%| O|  |TAMS 0x00000000c2a00000, 0x00000000c2a00000| Untracked 
|  11|0x00000000c2b00000, 0x00000000c2c00000, 0x00000000c2c00000|100%| O|  |TAMS 0x00000000c2c00000, 0x00000000c2b00000| Untracked 
|  12|0x00000000c2c00000, 0x00000000c2d00000, 0x00000000c2d00000|100%| O|  |TAMS 0x00000000c2d00000, 0x00000000c2c00000| Untracked 
|  13|0x00000000c2d00000, 0x00000000c2e00000, 0x00000000c2e00000|100%| O|  |TAMS 0x00000000c2e00000, 0x00000000c2d00000| Untracked 
|  14|0x00000000c2e00000, 0x00000000c2f00000, 0x00000000c2f00000|100%| O|  |TAMS 0x00000000c2f00000, 0x00000000c2e00000| Untracked 
|  15|0x00000000c2f00000, 0x00000000c3000000, 0x00000000c3000000|100%| O|  |TAMS 0x00000000c3000000, 0x00000000c2f00000| Untracked 
|  16|0x00000000c3000000, 0x00000000c3100000, 0x00000000c3100000|100%| O|  |TAMS 0x00000000c3100000, 0x00000000c3000000| Untracked 
|  17|0x00000000c3100000, 0x00000000c3200000, 0x00000000c3200000|100%| O|  |TAMS 0x00000000c3200000, 0x00000000c3100000| Untracked 
|  18|0x00000000c3200000, 0x00000000c3300000, 0x00000000c3300000|100%| O|  |TAMS 0x00000000c3300000, 0x00000000c3200000| Untracked 
|  19|0x00000000c3300000, 0x00000000c3400000, 0x00000000c3400000|100%| O|  |TAMS 0x00000000c3400000, 0x00000000c3300000| Untracked 
|  20|0x00000000c3400000, 0x00000000c3500000, 0x00000000c3500000|100%| O|  |TAMS 0x00000000c3500000, 0x00000000c3400000| Untracked 
|  21|0x00000000c3500000, 0x00000000c3600000, 0x00000000c3600000|100%| O|  |TAMS 0x00000000c3600000, 0x00000000c3500000| Untracked 
|  22|0x00000000c3600000, 0x00000000c3700000, 0x00000000c3700000|100%| O|  |TAMS 0x00000000c3700000, 0x00000000c3600000| Untracked 
|  23|0x00000000c3700000, 0x00000000c3800000, 0x00000000c3800000|100%| O|  |TAMS 0x00000000c3800000, 0x00000000c3700000| Untracked 
|  24|0x00000000c3800000, 0x00000000c3900000, 0x00000000c3900000|100%| O|  |TAMS 0x00000000c3900000, 0x00000000c3800000| Untracked 
|  25|0x00000000c3900000, 0x00000000c3a00000, 0x00000000c3a00000|100%| O|  |TAMS 0x00000000c3a00000, 0x00000000c3900000| Untracked 
|  26|0x00000000c3a00000, 0x00000000c3b00000, 0x00000000c3b00000|100%| O|  |TAMS 0x00000000c3b00000, 0x00000000c3a00000| Untracked 
|  27|0x00000000c3b00000, 0x00000000c3c00000, 0x00000000c3c00000|100%| O|  |TAMS 0x00000000c3c00000, 0x00000000c3b00000| Untracked 
|  28|0x00000000c3c00000, 0x00000000c3d00000, 0x00000000c3d00000|100%| O|  |TAMS 0x00000000c3c55a00, 0x00000000c3c00000| Untracked 
|  29|0x00000000c3d00000, 0x00000000c3d00000, 0x00000000c3e00000|  0%| F|  |TAMS 0x00000000c3d00000, 0x00000000c3d00000| Untracked 
|  30|0x00000000c3e00000, 0x00000000c3e00000, 0x00000000c3f00000|  0%| F|  |TAMS 0x00000000c3e00000, 0x00000000c3e00000| Untracked 
|  31|0x00000000c3f00000, 0x00000000c3f00000, 0x00000000c4000000|  0%| F|  |TAMS 0x00000000c3f00000, 0x00000000c3f00000| Untracked 
|  32|0x00000000c4000000, 0x00000000c4000000, 0x00000000c4100000|  0%| F|  |TAMS 0x00000000c4000000, 0x00000000c4000000| Untracked 
|  33|0x00000000c4100000, 0x00000000c4100000, 0x00000000c4200000|  0%| F|  |TAMS 0x00000000c4100000, 0x00000000c4100000| Untracked 
|  34|0x00000000c4200000, 0x00000000c4200000, 0x00000000c4300000|  0%| F|  |TAMS 0x00000000c4200000, 0x00000000c4200000| Untracked 
|  35|0x00000000c4300000, 0x00000000c4300000, 0x00000000c4400000|  0%| F|  |TAMS 0x00000000c4300000, 0x00000000c4300000| Untracked 
|  36|0x00000000c4400000, 0x00000000c4400000, 0x00000000c4500000|  0%| F|  |TAMS 0x00000000c4400000, 0x00000000c4400000| Untracked 
|  37|0x00000000c4500000, 0x00000000c4500000, 0x00000000c4600000|  0%| F|  |TAMS 0x00000000c4500000, 0x00000000c4500000| Untracked 
|  38|0x00000000c4600000, 0x00000000c4600000, 0x00000000c4700000|  0%| F|  |TAMS 0x00000000c4600000, 0x00000000c4600000| Untracked 
|  39|0x00000000c4700000, 0x00000000c47aca88, 0x00000000c4800000| 67%| E|  |TAMS 0x00000000c4700000, 0x00000000c4700000| Complete 
|  40|0x00000000c4800000, 0x00000000c4900000, 0x00000000c4900000|100%| E|CS|TAMS 0x00000000c4800000, 0x00000000c4800000| Complete 
|  41|0x00000000c4900000, 0x00000000c4996170, 0x00000000c4a00000| 58%| S|CS|TAMS 0x00000000c4900000, 0x00000000c4900000| Complete 
|  42|0x00000000c4a00000, 0x00000000c4b00000, 0x00000000c4b00000|100%| E|CS|TAMS 0x00000000c4a00000, 0x00000000c4a00000| Complete 
|  43|0x00000000c4b00000, 0x00000000c4c00000, 0x00000000c4c00000|100%| E|CS|TAMS 0x00000000c4b00000, 0x00000000c4b00000| Complete 
|  44|0x00000000c4c00000, 0x00000000c4d00000, 0x00000000c4d00000|100%| E|CS|TAMS 0x00000000c4c00000, 0x00000000c4c00000| Complete 
|  45|0x00000000c4d00000, 0x00000000c4e00000, 0x00000000c4e00000|100%| E|CS|TAMS 0x00000000c4d00000, 0x00000000c4d00000| Complete 
|  46|0x00000000c4e00000, 0x00000000c4f00000, 0x00000000c4f00000|100%| E|  |TAMS 0x00000000c4e00000, 0x00000000c4e00000| Complete 
|  47|0x00000000c4f00000, 0x00000000c5000000, 0x00000000c5000000|100%| E|CS|TAMS 0x00000000c4f00000, 0x00000000c4f00000| Complete 
|  48|0x00000000c5000000, 0x00000000c5100000, 0x00000000c5100000|100%| E|CS|TAMS 0x00000000c5000000, 0x00000000c5000000| Complete 
|  49|0x00000000c5100000, 0x00000000c5200000, 0x00000000c5200000|100%| E|CS|TAMS 0x00000000c5100000, 0x00000000c5100000| Complete 
|  50|0x00000000c5200000, 0x00000000c5300000, 0x00000000c5300000|100%| E|CS|TAMS 0x00000000c5200000, 0x00000000c5200000| Complete 
|  61|0x00000000c5d00000, 0x00000000c5e00000, 0x00000000c5e00000|100%| E|CS|TAMS 0x00000000c5d00000, 0x00000000c5d00000| Complete 

Card table byte_map: [0x0000025d7c0e0000,0x0000025d7c2d0000] _byte_map_base: 0x0000025d7bad0000

Marking Bits (Prev, Next): (CMBitMap*) 0x0000025d7be860c0, (CMBitMap*) 0x0000025d7be86080
 Prev Bits: [0x0000025d7d440000, 0x0000025d7e3c0000)
 Next Bits: [0x0000025d7c4c0000, 0x0000025d7d440000)

Polling page: 0x0000025d79d90000

Metaspace:

Usage:
  Non-class:     43.33 MB used.
      Class:      5.87 MB used.
       Both:     49.20 MB used.

Virtual space:
  Non-class space:       64.00 MB reserved,      43.50 MB ( 68%) committed,  1 nodes.
      Class space:        1.00 GB reserved,       6.00 MB ( <1%) committed,  1 nodes.
             Both:        1.06 GB reserved,      49.50 MB (  5%) committed. 

Chunk freelists:
   Non-Class:  4.50 MB
       Class:  9.95 MB
        Both:  14.45 MB

MaxMetaspaceSize: unlimited
CompressedClassSpaceSize: 1.00 GB
Initial GC threshold: 21.00 MB
Current GC threshold: 78.44 MB
CDS: on
MetaspaceReclaimPolicy: balanced
 - commit_granule_bytes: 65536.
 - commit_granule_words: 8192.
 - virtual_space_node_default_size: 8388608.
 - enlarge_chunks_in_place: 1.
 - new_chunks_are_fully_committed: 0.
 - uncommit_free_chunks: 1.
 - use_allocation_guard: 0.
 - handle_deallocations: 1.


Internal statistics:

num_allocs_failed_limit: 3.
num_arena_births: 344.
num_arena_deaths: 0.
num_vsnodes_births: 2.
num_vsnodes_deaths: 0.
num_space_committed: 790.
num_space_uncommitted: 0.
num_chunks_returned_to_freelist: 3.
num_chunks_taken_from_freelist: 2054.
num_chunk_merges: 3.
num_chunk_splits: 1617.
num_chunks_enlarged: 1383.
num_inconsistent_stats: 0.

CodeHeap 'non-profiled nmethods': size=120000Kb used=2524Kb max_used=2782Kb free=117475Kb
 bounds [0x0000025d0f570000, 0x0000025d0f840000, 0x0000025d16aa0000]
CodeHeap 'profiled nmethods': size=120000Kb used=8499Kb max_used=10857Kb free=111500Kb
 bounds [0x0000025d07aa0000, 0x0000025d08540000, 0x0000025d0efd0000]
CodeHeap 'non-nmethods': size=5760Kb used=1332Kb max_used=1427Kb free=4427Kb
 bounds [0x0000025d0efd0000, 0x0000025d0f240000, 0x0000025d0f570000]
 total_blobs=4929 nmethods=4264 adapters=577
 compilation: enabled
              stopped_count=0, restarted_count=0
 full_count=0

Compilation events (20 events):
Event: 39.669 Thread 0x0000025d18c24700 5034       2       org.jetbrains.kotlin.parsing.LastBefore::reset (10 bytes)
Event: 39.669 Thread 0x0000025d18c24700 nmethod 5034 0x0000025d07beae90 code [0x0000025d07beb020, 0x0000025d07beb138]
Event: 39.669 Thread 0x0000025d18c24700 5035       2       org.jetbrains.kotlin.parsing.AbstractTokenStreamPattern::reset (6 bytes)
Event: 39.669 Thread 0x0000025d18c24700 nmethod 5035 0x0000025d07cb2490 code [0x0000025d07cb2620, 0x0000025d07cb2738]
Event: 39.669 Thread 0x0000025d18c24700 5037       2       com.intellij.lang.impl.MarkerOptionalData::markCollapsed (17 bytes)
Event: 39.670 Thread 0x0000025d18c24700 nmethod 5037 0x0000025d07e5f410 code [0x0000025d07e5f5c0, 0x0000025d07e5f758]
Event: 39.670 Thread 0x0000025d18c24700 5033       2       com.intellij.psi.tree.TokenSet::create (57 bytes)
Event: 39.670 Thread 0x0000025d18c24700 nmethod 5033 0x0000025d07e60190 code [0x0000025d07e60340, 0x0000025d07e60538]
Event: 39.673 Thread 0x0000025d18c24700 5038       2       org.jetbrains.kotlin.parsing.AbstractKotlinParsing::matchTokenStreamPredicate (274 bytes)
Event: 39.676 Thread 0x0000025d18c24700 nmethod 5038 0x0000025d07d53d90 code [0x0000025d07d54060, 0x0000025d07d54fc8]
Event: 39.677 Thread 0x0000025d18c24700 5039       2       com.intellij.psi.tree.TokenSet::getTypes (145 bytes)
Event: 39.678 Thread 0x0000025d18c24700 nmethod 5039 0x0000025d07bb4510 code [0x0000025d07bb4740, 0x0000025d07bb4dd8]
Event: 39.682 Thread 0x0000025d18c24700 5040       2       it.unimi.dsi.fastutil.ints.Int2ObjectOpenHashMap::realSize (21 bytes)
Event: 39.682 Thread 0x0000025d18c24700 nmethod 5040 0x0000025d07cd2b10 code [0x0000025d07cd2ca0, 0x0000025d07cd2dd8]
Event: 39.743 Thread 0x0000025d18c20c30 nmethod 4850 0x0000025d0f655890 code [0x0000025d0f655b40, 0x0000025d0f658e98]
Event: 39.743 Thread 0x0000025d18c20c30 5012       4       it.unimi.dsi.fastutil.ints.IntOpenHashSet::contains (70 bytes)
Event: 39.746 Thread 0x0000025d18c20c30 nmethod 5012 0x0000025d0f590a10 code [0x0000025d0f590ba0, 0x0000025d0f590d38]
Event: 39.746 Thread 0x0000025d18c20c30 5013       4       com.intellij.lang.impl.PsiBuilderImpl::isCollapsed (21 bytes)
Event: 39.751 Thread 0x0000025d18c20c30 nmethod 5013 0x0000025d0f5cea10 code [0x0000025d0f5ceba0, 0x0000025d0f5ced98]
Event: 39.751 Thread 0x0000025d18c20c30 5020   !   4       com.intellij.psi.impl.source.tree.CompositeElement::getTextLength (74 bytes)

GC Heap History (20 events):
Event: 24.475 GC heap before
{Heap before GC invocations=8 (full 0):
 garbage-first heap   total 46080K, used 32945K [0x00000000c2000000, 0x0000000100000000)
  region size 1024K, 15 young (15360K), 3 survivors (3072K)
 Metaspace       used 32574K, committed 32896K, reserved 1114112K
  class space    used 3685K, committed 3840K, reserved 1048576K
}
Event: 24.477 GC heap after
{Heap after GC invocations=9 (full 0):
 garbage-first heap   total 46080K, used 21104K [0x00000000c2000000, 0x0000000100000000)
  region size 1024K, 1 young (1024K), 1 survivors (1024K)
 Metaspace       used 32574K, committed 32896K, reserved 1114112K
  class space    used 3685K, committed 3840K, reserved 1048576K
}
Event: 27.448 GC heap before
{Heap before GC invocations=9 (full 0):
 garbage-first heap   total 46080K, used 32368K [0x00000000c2000000, 0x0000000100000000)
  region size 1024K, 13 young (13312K), 1 survivors (1024K)
 Metaspace       used 33530K, committed 33856K, reserved 1114112K
  class space    used 3753K, committed 3904K, reserved 1048576K
}
Event: 27.452 GC heap after
{Heap after GC invocations=10 (full 0):
 garbage-first heap   total 46080K, used 21918K [0x00000000c2000000, 0x0000000100000000)
  region size 1024K, 2 young (2048K), 2 survivors (2048K)
 Metaspace       used 33530K, committed 33856K, reserved 1114112K
  class space    used 3753K, committed 3904K, reserved 1048576K
}
Event: 29.045 GC heap before
{Heap before GC invocations=11 (full 0):
 garbage-first heap   total 46080K, used 33182K [0x00000000c2000000, 0x0000000100000000)
  region size 1024K, 14 young (14336K), 2 survivors (2048K)
 Metaspace       used 36205K, committed 36544K, reserved 1114112K
  class space    used 4388K, committed 4544K, reserved 1048576K
}
Event: 29.050 GC heap after
{Heap after GC invocations=12 (full 0):
 garbage-first heap   total 46080K, used 23864K [0x00000000c2000000, 0x0000000100000000)
  region size 1024K, 2 young (2048K), 2 survivors (2048K)
 Metaspace       used 36205K, committed 36544K, reserved 1114112K
  class space    used 4388K, committed 4544K, reserved 1048576K
}
Event: 31.054 GC heap before
{Heap before GC invocations=12 (full 0):
 garbage-first heap   total 46080K, used 34104K [0x00000000c2000000, 0x0000000100000000)
  region size 1024K, 13 young (13312K), 2 survivors (2048K)
 Metaspace       used 39097K, committed 39424K, reserved 1114112K
  class space    used 4868K, committed 4992K, reserved 1048576K
}
Event: 31.062 GC heap after
{Heap after GC invocations=13 (full 0):
 garbage-first heap   total 46080K, used 24841K [0x00000000c2000000, 0x0000000100000000)
  region size 1024K, 2 young (2048K), 2 survivors (2048K)
 Metaspace       used 39097K, committed 39424K, reserved 1114112K
  class space    used 4868K, committed 4992K, reserved 1048576K
}
Event: 31.988 GC heap before
{Heap before GC invocations=14 (full 0):
 garbage-first heap   total 46080K, used 34057K [0x00000000c2000000, 0x0000000100000000)
  region size 1024K, 12 young (12288K), 2 survivors (2048K)
 Metaspace       used 41619K, committed 41920K, reserved 1114112K
  class space    used 5192K, committed 5312K, reserved 1048576K
}
Event: 31.992 GC heap after
{Heap after GC invocations=15 (full 0):
 garbage-first heap   total 46080K, used 26282K [0x00000000c2000000, 0x0000000100000000)
  region size 1024K, 2 young (2048K), 2 survivors (2048K)
 Metaspace       used 41619K, committed 41920K, reserved 1114112K
  class space    used 5192K, committed 5312K, reserved 1048576K
}
Event: 33.079 GC heap before
{Heap before GC invocations=15 (full 0):
 garbage-first heap   total 46080K, used 35498K [0x00000000c2000000, 0x0000000100000000)
  region size 1024K, 11 young (11264K), 2 survivors (2048K)
 Metaspace       used 43628K, committed 43968K, reserved 1114112K
  class space    used 5405K, committed 5568K, reserved 1048576K
}
Event: 33.084 GC heap after
{Heap after GC invocations=16 (full 0):
 garbage-first heap   total 46080K, used 27370K [0x00000000c2000000, 0x0000000100000000)
  region size 1024K, 2 young (2048K), 2 survivors (2048K)
 Metaspace       used 43628K, committed 43968K, reserved 1114112K
  class space    used 5405K, committed 5568K, reserved 1048576K
}
Event: 33.909 GC heap before
{Heap before GC invocations=17 (full 0):
 garbage-first heap   total 51200K, used 35562K [0x00000000c2000000, 0x0000000100000000)
  region size 1024K, 10 young (10240K), 2 survivors (2048K)
 Metaspace       used 45118K, committed 45440K, reserved 1114112K
  class space    used 5553K, committed 5696K, reserved 1048576K
}
Event: 33.912 GC heap after
{Heap after GC invocations=18 (full 0):
 garbage-first heap   total 51200K, used 28404K [0x00000000c2000000, 0x0000000100000000)
  region size 1024K, 1 young (1024K), 1 survivors (1024K)
 Metaspace       used 45118K, committed 45440K, reserved 1114112K
  class space    used 5553K, committed 5696K, reserved 1048576K
}
Event: 34.312 GC heap before
{Heap before GC invocations=18 (full 0):
 garbage-first heap   total 51200K, used 29428K [0x00000000c2000000, 0x0000000100000000)
  region size 1024K, 2 young (2048K), 1 survivors (1024K)
 Metaspace       used 45267K, committed 45568K, reserved 1114112K
  class space    used 5568K, committed 5696K, reserved 1048576K
}
Event: 34.314 GC heap after
{Heap after GC invocations=19 (full 0):
 garbage-first heap   total 51200K, used 28233K [0x00000000c2000000, 0x0000000100000000)
  region size 1024K, 1 young (1024K), 1 survivors (1024K)
 Metaspace       used 45267K, committed 45568K, reserved 1114112K
  class space    used 5568K, committed 5696K, reserved 1048576K
}
Event: 35.714 GC heap before
{Heap before GC invocations=19 (full 0):
 garbage-first heap   total 51200K, used 38473K [0x00000000c2000000, 0x0000000100000000)
  region size 1024K, 12 young (12288K), 1 survivors (1024K)
 Metaspace       used 47677K, committed 48000K, reserved 1114112K
  class space    used 5742K, committed 5888K, reserved 1048576K
}
Event: 35.717 GC heap after
{Heap after GC invocations=20 (full 0):
 garbage-first heap   total 51200K, used 29365K [0x00000000c2000000, 0x0000000100000000)
  region size 1024K, 2 young (2048K), 2 survivors (2048K)
 Metaspace       used 47677K, committed 48000K, reserved 1114112K
  class space    used 5742K, committed 5888K, reserved 1048576K
}
Event: 37.373 GC heap before
{Heap before GC invocations=21 (full 0):
 garbage-first heap   total 53248K, used 39605K [0x00000000c2000000, 0x0000000100000000)
  region size 1024K, 12 young (12288K), 2 survivors (2048K)
 Metaspace       used 49595K, committed 49856K, reserved 1114112K
  class space    used 5962K, committed 6080K, reserved 1048576K
}
Event: 37.377 GC heap after
{Heap after GC invocations=22 (full 0):
 garbage-first heap   total 53248K, used 29908K [0x00000000c2000000, 0x0000000100000000)
  region size 1024K, 1 young (1024K), 1 survivors (1024K)
 Metaspace       used 49595K, committed 49856K, reserved 1114112K
  class space    used 5962K, committed 6080K, reserved 1048576K
}

Dll operation events (8 events):
Event: 0.035 Loaded shared library C:\Program Files\Eclipse Adoptium\jdk-17.0.15.6-hotspot\bin\java.dll
Event: 0.083 Loaded shared library C:\Program Files\Eclipse Adoptium\jdk-17.0.15.6-hotspot\bin\jsvml.dll
Event: 0.603 Loaded shared library C:\Program Files\Eclipse Adoptium\jdk-17.0.15.6-hotspot\bin\net.dll
Event: 0.607 Loaded shared library C:\Program Files\Eclipse Adoptium\jdk-17.0.15.6-hotspot\bin\nio.dll
Event: 0.676 Loaded shared library C:\Program Files\Eclipse Adoptium\jdk-17.0.15.6-hotspot\bin\zip.dll
Event: 1.018 Loaded shared library C:\Program Files\Eclipse Adoptium\jdk-17.0.15.6-hotspot\bin\jimage.dll
Event: 8.889 Loaded shared library C:\Program Files\Eclipse Adoptium\jdk-17.0.15.6-hotspot\bin\verify.dll
Event: 21.277 Loaded shared library C:\Users\hafid\AppData\Local\Temp\sqlite-3.41.2.1-1614cf0f-424f-443a-90b3-4fa1386ab5ee-sqlitejdbc.dll

Deoptimization events (20 events):
Event: 38.642 Thread 0x0000025d5fc619c0 Uncommon trap: trap_request=0xffffffde fr.pc=0x0000025d0f7e4a9c relative=0x000000000000031c
Event: 38.642 Thread 0x0000025d5fc619c0 Uncommon trap: reason=class_check action=maybe_recompile pc=0x0000025d0f7e4a9c method=org.jetbrains.kotlin.parsing.AbstractKotlinParsing.tt()Lcom/intellij/psi/tree/IElementType; @ 4 c2
Event: 38.642 Thread 0x0000025d5fc619c0 DEOPT PACKING pc=0x0000025d0f7e4a9c sp=0x000000dcb51fcf60
Event: 38.642 Thread 0x0000025d5fc619c0 DEOPT UNPACKING pc=0x0000025d0f0269a3 sp=0x000000dcb51fcea8 mode 2
Event: 38.642 Thread 0x0000025d5fc619c0 Uncommon trap: trap_request=0xffffffde fr.pc=0x0000025d0f7ff964 relative=0x0000000000001a64
Event: 38.642 Thread 0x0000025d5fc619c0 Uncommon trap: reason=class_check action=maybe_recompile pc=0x0000025d0f7ff964 method=org.jetbrains.kotlin.parsing.AbstractKotlinParsing.advance()V @ 4 c2
Event: 38.642 Thread 0x0000025d5fc619c0 DEOPT PACKING pc=0x0000025d0f7ff964 sp=0x000000dcb51fce20
Event: 38.642 Thread 0x0000025d5fc619c0 DEOPT UNPACKING pc=0x0000025d0f0269a3 sp=0x000000dcb51fce30 mode 2
Event: 38.644 Thread 0x0000025d5fc619c0 DEOPT PACKING pc=0x0000025d0850c1f4 sp=0x000000dcb51fd300
Event: 38.644 Thread 0x0000025d5fc619c0 DEOPT UNPACKING pc=0x0000025d0f027143 sp=0x000000dcb51fc7d8 mode 0
Event: 39.002 Thread 0x0000025d5fc619c0 DEOPT PACKING pc=0x0000025d08527973 sp=0x000000dcb51fd0e0
Event: 39.003 Thread 0x0000025d5fc619c0 DEOPT UNPACKING pc=0x0000025d0f027143 sp=0x000000dcb51fc5a8 mode 0
Event: 39.338 Thread 0x0000025d5fc619c0 Uncommon trap: trap_request=0xffffff45 fr.pc=0x0000025d0f817cec relative=0x00000000000035cc
Event: 39.338 Thread 0x0000025d5fc619c0 Uncommon trap: reason=unstable_if action=reinterpret pc=0x0000025d0f817cec method=com.intellij.psi.impl.source.CharTableImpl$StringHashToCharSequencesMap.charSequenceSubSequenceEquals(Ljava/lang/CharSequence;Ljava/lang/CharSequence;II)Z @ 77 c2
Event: 39.338 Thread 0x0000025d5fc619c0 DEOPT PACKING pc=0x0000025d0f817cec sp=0x000000dcb51fd230
Event: 39.338 Thread 0x0000025d5fc619c0 DEOPT UNPACKING pc=0x0000025d0f0269a3 sp=0x000000dcb51fcea8 mode 2
Event: 39.339 Thread 0x0000025d5fc619c0 Uncommon trap: trap_request=0xffffff45 fr.pc=0x0000025d0f822a84 relative=0x0000000000002884
Event: 39.339 Thread 0x0000025d5fc619c0 Uncommon trap: reason=unstable_if action=reinterpret pc=0x0000025d0f822a84 method=com.intellij.psi.impl.source.CharTableImpl$StringHashToCharSequencesMap.charSequenceSubSequenceEquals(Ljava/lang/CharSequence;Ljava/lang/CharSequence;II)Z @ 77 c2
Event: 39.339 Thread 0x0000025d5fc619c0 DEOPT PACKING pc=0x0000025d0f822a84 sp=0x000000dcb51fd1d0
Event: 39.339 Thread 0x0000025d5fc619c0 DEOPT UNPACKING pc=0x0000025d0f0269a3 sp=0x000000dcb51fce90 mode 2

Classes loaded (20 events):
Event: 27.666 Loading class java/nio/charset/UnsupportedCharsetException
Event: 27.667 Loading class java/nio/charset/UnsupportedCharsetException done
Event: 27.667 Loading class sun/nio/cs/UTF_32BE
Event: 27.668 Loading class sun/nio/cs/UTF_32BE done
Event: 27.668 Loading class sun/nio/cs/UTF_32LE
Event: 27.669 Loading class sun/nio/cs/UTF_32LE done
Event: 27.669 Loading class sun/nio/cs/MS1251
Event: 27.672 Loading class sun/nio/cs/MS1251 done
Event: 28.537 Loading class jdk/internal/reflect/UnsafeIntegerFieldAccessorImpl
Event: 28.538 Loading class jdk/internal/reflect/UnsafeIntegerFieldAccessorImpl done
Event: 29.287 Loading class java/util/regex/Pattern$1
Event: 29.287 Loading class java/util/regex/Pattern$1 done
Event: 30.151 Loading class java/util/PrimitiveIterator$OfInt
Event: 30.151 Loading class java/util/PrimitiveIterator
Event: 30.153 Loading class java/util/PrimitiveIterator done
Event: 30.153 Loading class java/util/PrimitiveIterator$OfInt done
Event: 31.398 Loading class java/util/function/IntUnaryOperator
Event: 31.399 Loading class java/util/function/IntUnaryOperator done
Event: 32.150 Loading class java/util/concurrent/locks/AbstractQueuedSynchronizer$ExclusiveNode
Event: 32.244 Loading class java/util/concurrent/locks/AbstractQueuedSynchronizer$ExclusiveNode done

Classes unloaded (0 events):
No events

Classes redefined (0 events):
No events

Internal exceptions (20 events):
Event: 21.581 Thread 0x0000025d18c93850 Exception <a 'java/lang/NoSuchMethodError'{0x00000000c3e77db8}: 'int java.lang.invoke.DirectMethodHandle$Holder.invokeSpecialIFC(java.lang.Object, java.lang.Object, java.lang.Object, java.lang.Object)'> (0x00000000c3e77db8) 
thrown [s\src\hotspot\share\interpreter\linkResolver.cpp, line 759]
Event: 21.606 Thread 0x0000025d18c93850 Exception <a 'java/lang/NoSuchMethodError'{0x00000000c3eae218}: 'java.lang.Object java.lang.invoke.DirectMethodHandle$Holder.invokeSpecial(java.lang.Object, java.lang.Object, int, int, java.lang.Object)'> (0x00000000c3eae218) 
thrown [s\src\hotspot\share\interpreter\linkResolver.cpp, line 759]
Event: 22.857 Thread 0x0000025d18c93850 Exception <a 'sun/nio/fs/WindowsException'{0x00000000c4b85fe8}> (0x00000000c4b85fe8) 
thrown [s\src\hotspot\share\prims\jni.cpp, line 516]
Event: 22.858 Thread 0x0000025d18c93850 Exception <a 'sun/nio/fs/WindowsException'{0x00000000c4b86398}> (0x00000000c4b86398) 
thrown [s\src\hotspot\share\prims\jni.cpp, line 516]
Event: 22.858 Thread 0x0000025d18c93850 Exception <a 'sun/nio/fs/WindowsException'{0x00000000c4b86748}> (0x00000000c4b86748) 
thrown [s\src\hotspot\share\prims\jni.cpp, line 516]
Event: 22.858 Thread 0x0000025d18c93850 Exception <a 'sun/nio/fs/WindowsException'{0x00000000c4b86af8}> (0x00000000c4b86af8) 
thrown [s\src\hotspot\share\prims\jni.cpp, line 516]
Event: 22.858 Thread 0x0000025d18c93850 Exception <a 'sun/nio/fs/WindowsException'{0x00000000c4b86ea8}> (0x00000000c4b86ea8) 
thrown [s\src\hotspot\share\prims\jni.cpp, line 516]
Event: 22.858 Thread 0x0000025d18c93850 Exception <a 'sun/nio/fs/WindowsException'{0x00000000c4b87258}> (0x00000000c4b87258) 
thrown [s\src\hotspot\share\prims\jni.cpp, line 516]
Event: 26.851 Thread 0x0000025d18c93850 Exception <a 'java/lang/NoSuchMethodError'{0x00000000c44161e0}: 'java.lang.Object java.lang.invoke.DirectMethodHandle$Holder.newInvokeSpecial(java.lang.Object, java.lang.Object, java.lang.Object, int)'> (0x00000000c44161e0) 
thrown [s\src\hotspot\share\interpreter\linkResolver.cpp, line 759]
Event: 26.852 Thread 0x0000025d18c93850 Exception <a 'java/lang/NoSuchMethodError'{0x00000000c441a5c0}: 'java.lang.Object java.lang.invoke.DirectMethodHandle$Holder.invokeSpecial(java.lang.Object, java.lang.Object, java.lang.Object, java.lang.Object, int)'> (0x00000000c441a5c0) 
thrown [s\src\hotspot\share\interpreter\linkResolver.cpp, line 759]
Event: 26.853 Thread 0x0000025d18c93850 Exception <a 'java/lang/NoSuchMethodError'{0x00000000c441e188}: 'java.lang.Object java.lang.invoke.Invokers$Holder.linkToTargetMethod(java.lang.Object, java.lang.Object, int, java.lang.Object)'> (0x00000000c441e188) 
thrown [s\src\hotspot\share\interpreter\linkResolver.cpp, line 759]
Event: 26.939 Thread 0x0000025d18c93850 Exception <a 'sun/nio/fs/WindowsException'{0x00000000c44af888}> (0x00000000c44af888) 
thrown [s\src\hotspot\share\prims\jni.cpp, line 516]
Event: 26.939 Thread 0x0000025d18c93850 Exception <a 'sun/nio/fs/WindowsException'{0x00000000c44afe98}> (0x00000000c44afe98) 
thrown [s\src\hotspot\share\prims\jni.cpp, line 516]
Event: 27.782 Thread 0x0000025d5fc619c0 Exception <a 'java/lang/NoSuchMethodError'{0x00000000c4a1c220}: 'java.lang.Object java.lang.invoke.Invokers$Holder.invokeExact_MT(java.lang.Object, java.lang.Object, java.lang.Object, java.lang.Object, java.lang.Object, java.lang.Object)'> (0x00000000c4a1c220) 
thrown [s\src\hotspot\share\interpreter\linkResolver.cpp, line 759]
Event: 29.903 Thread 0x0000025d5fc63310 Exception <a 'java/lang/NoSuchMethodError'{0x00000000c47f2540}: 'java.lang.Object java.lang.invoke.DirectMethodHandle$Holder.invokeVirtual(java.lang.Object, java.lang.Object, java.lang.Object)'> (0x00000000c47f2540) 
thrown [s\src\hotspot\share\interpreter\linkResolver.cpp, line 759]
Event: 31.584 Thread 0x0000025d5fc619c0 Exception <a 'java/lang/NoSuchMethodError'{0x00000000c46a5990}: 'java.lang.Object java.lang.invoke.DirectMethodHandle$Holder.invokeStatic(java.lang.Object, java.lang.Object, int)'> (0x00000000c46a5990) 
thrown [s\src\hotspot\share\interpreter\linkResolver.cpp, line 759]
Event: 31.742 Thread 0x0000025d5fc63310 Exception <a 'java/lang/NoSuchMethodError'{0x00000000c45b0690}: 'java.lang.Object java.lang.invoke.Invokers$Holder.invokeExact_MT(java.lang.Object, java.lang.Object, long, java.lang.Object)'> (0x00000000c45b0690) 
thrown [s\src\hotspot\share\interpreter\linkResolver.cpp, line 759]
Event: 36.971 Thread 0x0000025d5fc619c0 Exception <a 'java/lang/NoSuchMethodError'{0x00000000c4cbb310}: 'java.lang.Object java.lang.invoke.DirectMethodHandle$Holder.newInvokeSpecial(java.lang.Object, java.lang.Object, java.lang.Object, java.lang.Object, java.lang.Object, java.lang.Object, java.lang.Object)'> (0x00000000c4cbb310) 
thrown [s\src\hotspot\share\interpreter\linkResolver.cpp, line 759]
Event: 36.973 Thread 0x0000025d5fc619c0 Exception <a 'java/lang/NoSuchMethodError'{0x00000000c4cbfc20}: 'java.lang.Object java.lang.invoke.Invokers$Holder.linkToTargetMethod(java.lang.Object, java.lang.Object, java.lang.Object, java.lang.Object, java.lang.Object, java.lang.Object, java.lang.Object)'> (0x00000000c4cbfc20) 
thrown [s\src\hotspot\share\interpreter\linkResolver.cpp, line 759]
Event: 37.389 Thread 0x0000025d5fc619c0 Implicit null exception at 0x0000025d0f77eacc to 0x0000025d0f77ebc0

VM Operations (20 events):
Event: 35.827 Executing VM operation: G1PauseCleanup
Event: 35.827 Executing VM operation: G1PauseCleanup done
Event: 36.834 Executing VM operation: Cleanup
Event: 36.943 Executing VM operation: Cleanup done
Event: 37.373 Executing VM operation: G1CollectForAllocation
Event: 37.377 Executing VM operation: G1CollectForAllocation done
Event: 37.558 Executing VM operation: HandshakeAllThreads
Event: 37.558 Executing VM operation: HandshakeAllThreads done
Event: 38.572 Executing VM operation: Cleanup
Event: 38.589 Executing VM operation: Cleanup done
Event: 38.634 Executing VM operation: HandshakeAllThreads
Event: 38.634 Executing VM operation: HandshakeAllThreads done
Event: 38.634 Executing VM operation: HandshakeAllThreads
Event: 38.634 Executing VM operation: HandshakeAllThreads done
Event: 38.897 Executing VM operation: HandshakeAllThreads
Event: 38.983 Executing VM operation: HandshakeAllThreads done
Event: 38.997 Executing VM operation: HandshakeAllThreads
Event: 38.999 Executing VM operation: HandshakeAllThreads done
Event: 39.668 Executing VM operation: ICBufferFull
Event: 39.668 Executing VM operation: ICBufferFull done

Memory protections (0 events):
No events

Nmethod flushes (20 events):
Event: 39.009 Thread 0x0000025d18c93fe0 flushing  nmethod 0x0000025d084aa690
Event: 39.009 Thread 0x0000025d18c93fe0 flushing  nmethod 0x0000025d084bca10
Event: 39.009 Thread 0x0000025d18c93fe0 flushing  nmethod 0x0000025d084c7d10
Event: 39.009 Thread 0x0000025d18c93fe0 flushing  nmethod 0x0000025d084c8c90
Event: 39.009 Thread 0x0000025d18c93fe0 flushing  nmethod 0x0000025d084d0910
Event: 39.009 Thread 0x0000025d18c93fe0 flushing  nmethod 0x0000025d084d9110
Event: 39.009 Thread 0x0000025d18c93fe0 flushing  nmethod 0x0000025d084d9590
Event: 39.009 Thread 0x0000025d18c93fe0 flushing  nmethod 0x0000025d084da310
Event: 39.009 Thread 0x0000025d18c93fe0 flushing  nmethod 0x0000025d084daa10
Event: 39.009 Thread 0x0000025d18c93fe0 flushing  nmethod 0x0000025d084db910
Event: 39.009 Thread 0x0000025d18c93fe0 flushing  nmethod 0x0000025d084dca90
Event: 39.009 Thread 0x0000025d18c93fe0 flushing  nmethod 0x0000025d084e4490
Event: 39.009 Thread 0x0000025d18c93fe0 flushing  nmethod 0x0000025d084f3b10
Event: 39.009 Thread 0x0000025d18c93fe0 flushing  nmethod 0x0000025d084f5290
Event: 39.009 Thread 0x0000025d18c93fe0 flushing  nmethod 0x0000025d084f9810
Event: 39.009 Thread 0x0000025d18c93fe0 flushing  nmethod 0x0000025d084fd690
Event: 39.009 Thread 0x0000025d18c93fe0 flushing  nmethod 0x0000025d08501710
Event: 39.009 Thread 0x0000025d18c93fe0 flushing  nmethod 0x0000025d08505c90
Event: 39.009 Thread 0x0000025d18c93fe0 flushing  nmethod 0x0000025d08506990
Event: 39.009 Thread 0x0000025d18c93fe0 flushing  nmethod 0x0000025d08510590

Events (20 events):
Event: 0.171 Thread 0x0000025d7be4a710 Thread added: 0x0000025d18c24700
Event: 0.190 Thread 0x0000025d7be4a710 Thread added: 0x0000025d18c93fe0
Event: 0.523 Thread 0x0000025d7be4a710 Thread added: 0x0000025d5e08b040
Event: 0.551 Thread 0x0000025d7be4a710 Thread added: 0x0000025d5e0937f0
Event: 13.292 Thread 0x0000025d18c24700 Thread added: 0x0000025d5f8c12e0
Event: 13.735 Thread 0x0000025d5f8c12e0 Thread exited: 0x0000025d5f8c12e0
Event: 17.064 Thread 0x0000025d7be4a710 Thread added: 0x0000025d6818b510
Event: 17.337 Thread 0x0000025d6818b510 Thread exited: 0x0000025d6818b510
Event: 19.471 Thread 0x0000025d7be4a710 Thread added: 0x0000025d5f7b9d30
Event: 19.475 Thread 0x0000025d7be4a710 Thread exited: 0x0000025d7be4a710
Event: 19.476 Thread 0x0000025d7be4a710 Thread added: 0x0000025d7be4a710
Event: 20.323 Thread 0x0000025d5f7b9d30 Thread added: 0x0000025d18c93850
Event: 26.469 Thread 0x0000025d18c93850 Thread added: 0x0000025d5fc63d30
Event: 27.572 Thread 0x0000025d18c93850 Thread added: 0x0000025d5fc619c0
Event: 29.306 Thread 0x0000025d5f7b9d30 Thread added: 0x0000025d5fc63310
Event: 29.649 Thread 0x0000025d18c20c30 Thread added: 0x0000025d67c54f60
Event: 30.168 Thread 0x0000025d67c54f60 Thread exited: 0x0000025d67c54f60
Event: 31.385 Thread 0x0000025d18c24700 Thread added: 0x0000025d67e22d40
Event: 32.445 Thread 0x0000025d67e22d40 Thread exited: 0x0000025d67e22d40
Event: 37.704 Thread 0x0000025d18c24700 Thread added: 0x0000025d5f60dcc0


Dynamic libraries:
0x00007ff63a150000 - 0x00007ff63a15e000 	C:\Program Files\Eclipse Adoptium\jdk-17.0.15.6-hotspot\bin\java.exe
0x00007ff927fd0000 - 0x00007ff9281e7000 	C:\Windows\SYSTEM32\ntdll.dll
0x00007ff926360000 - 0x00007ff926424000 	C:\Windows\System32\KERNEL32.DLL
0x00007ff925570000 - 0x00007ff925927000 	C:\Windows\System32\KERNELBASE.dll
0x00007ff925be0000 - 0x00007ff925cf1000 	C:\Windows\System32\ucrtbase.dll
0x00007ff921780000 - 0x00007ff921797000 	C:\Program Files\Eclipse Adoptium\jdk-17.0.15.6-hotspot\bin\jli.dll
0x00007ff926080000 - 0x00007ff92622f000 	C:\Windows\System32\USER32.dll
0x00007ff925b40000 - 0x00007ff925b66000 	C:\Windows\System32\win32u.dll
0x00007ff9271b0000 - 0x00007ff9271d9000 	C:\Windows\System32\GDI32.dll
0x00007ff925450000 - 0x00007ff925568000 	C:\Windows\System32\gdi32full.dll
0x00007ff925aa0000 - 0x00007ff925b3a000 	C:\Windows\System32\msvcp_win.dll
0x00007ff913160000 - 0x00007ff91317e000 	C:\Program Files\Eclipse Adoptium\jdk-17.0.15.6-hotspot\bin\VCRUNTIME140.dll
0x00007ff90f5c0000 - 0x00007ff90f853000 	C:\Windows\WinSxS\amd64_microsoft.windows.common-controls_6595b64144ccf1df_6.0.22621.3672_none_2713b9d173822955\COMCTL32.dll
0x00007ff926690000 - 0x00007ff926737000 	C:\Windows\System32\msvcrt.dll
0x00007ff927160000 - 0x00007ff927191000 	C:\Windows\System32\IMM32.DLL
0x00007ff921770000 - 0x00007ff92177c000 	C:\Program Files\Eclipse Adoptium\jdk-17.0.15.6-hotspot\bin\vcruntime140_1.dll
0x00007ff8e1290000 - 0x00007ff8e131d000 	C:\Program Files\Eclipse Adoptium\jdk-17.0.15.6-hotspot\bin\msvcp140.dll
0x00007ff8ce070000 - 0x00007ff8cecdb000 	C:\Program Files\Eclipse Adoptium\jdk-17.0.15.6-hotspot\bin\server\jvm.dll
0x00007ff9264b0000 - 0x00007ff926562000 	C:\Windows\System32\ADVAPI32.dll
0x00007ff927820000 - 0x00007ff9278c8000 	C:\Windows\System32\sechost.dll
0x00007ff9259f0000 - 0x00007ff925a18000 	C:\Windows\System32\bcrypt.dll
0x00007ff926fb0000 - 0x00007ff9270c4000 	C:\Windows\System32\RPCRT4.dll
0x00007ff927f10000 - 0x00007ff927f81000 	C:\Windows\System32\WS2_32.dll
0x00007ff924150000 - 0x00007ff92419d000 	C:\Windows\SYSTEM32\POWRPROF.dll
0x00007ff9215b0000 - 0x00007ff9215e4000 	C:\Windows\SYSTEM32\WINMM.dll
0x00007ff921150000 - 0x00007ff92115a000 	C:\Windows\SYSTEM32\VERSION.dll
0x00007ff924130000 - 0x00007ff924143000 	C:\Windows\SYSTEM32\UMPDC.dll
0x00007ff924380000 - 0x00007ff924398000 	C:\Windows\SYSTEM32\kernel.appcore.dll
0x00007ff91ee30000 - 0x00007ff91ee3a000 	C:\Program Files\Eclipse Adoptium\jdk-17.0.15.6-hotspot\bin\jimage.dll
0x00007ff90fcc0000 - 0x00007ff90fef2000 	C:\Windows\SYSTEM32\DBGHELP.DLL
0x00007ff9271e0000 - 0x00007ff92756e000 	C:\Windows\System32\combase.dll
0x00007ff926570000 - 0x00007ff926647000 	C:\Windows\System32\OLEAUT32.dll
0x00007ff914060000 - 0x00007ff914092000 	C:\Windows\SYSTEM32\dbgcore.DLL
0x00007ff925a20000 - 0x00007ff925a9b000 	C:\Windows\System32\bcryptPrimitives.dll
0x00007ff913130000 - 0x00007ff913155000 	C:\Program Files\Eclipse Adoptium\jdk-17.0.15.6-hotspot\bin\java.dll
0x00007ff8d99d0000 - 0x00007ff8d9aa7000 	C:\Program Files\Eclipse Adoptium\jdk-17.0.15.6-hotspot\bin\jsvml.dll
0x00007ff926740000 - 0x00007ff926fa9000 	C:\Windows\System32\SHELL32.dll
0x00007ff923210000 - 0x00007ff923b0f000 	C:\Windows\SYSTEM32\windows.storage.dll
0x00007ff9230d0000 - 0x00007ff92320f000 	C:\Windows\SYSTEM32\wintypes.dll
0x00007ff925ec0000 - 0x00007ff925fb9000 	C:\Windows\System32\SHCORE.dll
0x00007ff9262b0000 - 0x00007ff92630e000 	C:\Windows\System32\shlwapi.dll
0x00007ff925210000 - 0x00007ff925237000 	C:\Windows\SYSTEM32\profapi.dll
0x00007ff913110000 - 0x00007ff913129000 	C:\Program Files\Eclipse Adoptium\jdk-17.0.15.6-hotspot\bin\net.dll
0x00007ff920a00000 - 0x00007ff920b36000 	C:\Windows\SYSTEM32\WINHTTP.dll
0x00007ff924840000 - 0x00007ff9248a9000 	C:\Windows\system32\mswsock.dll
0x00007ff9130f0000 - 0x00007ff913106000 	C:\Program Files\Eclipse Adoptium\jdk-17.0.15.6-hotspot\bin\nio.dll
0x00007ff912e40000 - 0x00007ff912e58000 	C:\Program Files\Eclipse Adoptium\jdk-17.0.15.6-hotspot\bin\zip.dll
0x00007ff924b90000 - 0x00007ff924bab000 	C:\Windows\SYSTEM32\CRYPTSP.dll
0x00007ff924340000 - 0x00007ff924375000 	C:\Windows\system32\rsaenh.dll
0x00007ff9248e0000 - 0x00007ff924908000 	C:\Windows\SYSTEM32\USERENV.dll
0x00007ff924b70000 - 0x00007ff924b7c000 	C:\Windows\SYSTEM32\CRYPTBASE.dll
0x00007ff923de0000 - 0x00007ff923e0d000 	C:\Windows\SYSTEM32\IPHLPAPI.DLL
0x00007ff9271a0000 - 0x00007ff9271a9000 	C:\Windows\System32\NSI.dll
0x00007ff920bf0000 - 0x00007ff920c09000 	C:\Windows\SYSTEM32\dhcpcsvc6.DLL
0x00007ff91ff30000 - 0x00007ff91ff4f000 	C:\Windows\SYSTEM32\dhcpcsvc.DLL
0x00007ff923e50000 - 0x00007ff923f52000 	C:\Windows\SYSTEM32\DNSAPI.dll
0x00007ff912e20000 - 0x00007ff912e30000 	C:\Program Files\Eclipse Adoptium\jdk-17.0.15.6-hotspot\bin\verify.dll
0x00007ff8d8e90000 - 0x00007ff8d8f79000 	C:\Users\hafid\AppData\Local\Temp\sqlite-3.41.2.1-1614cf0f-424f-443a-90b3-4fa1386ab5ee-sqlitejdbc.dll

dbghelp: loaded successfully - version: 4.0.5 - missing functions: none
symbol engine: initialized successfully - sym options: 0x614 - pdb path: .;C:\Program Files\Eclipse Adoptium\jdk-17.0.15.6-hotspot\bin;C:\Windows\SYSTEM32;C:\Windows\WinSxS\amd64_microsoft.windows.common-controls_6595b64144ccf1df_6.0.22621.3672_none_2713b9d173822955;C:\Program Files\Eclipse Adoptium\jdk-17.0.15.6-hotspot\bin\server;C:\Users\hafid\AppData\Local\Temp

VM Arguments:
jvm_args: -DkotlinLanguageServer.version=1.3.13 
java_command: org.javacs.kt.MainKt
java_class_path (initial): c:\Users\hafid\AppData\Roaming\Code\User\globalStorage\fwcd.kotlin\langServerInstall\server\lib\server-1.3.13.jar;c:\Users\hafid\AppData\Roaming\Code\User\globalStorage\fwcd.kotlin\langServerInstall\server\lib\shared-1.3.13.jar;c:\Users\hafid\AppData\Roaming\Code\User\globalStorage\fwcd.kotlin\langServerInstall\server\lib\kotlin-scripting-jvm-host-unshaded-2.1.0.jar;c:\Users\hafid\AppData\Roaming\Code\User\globalStorage\fwcd.kotlin\langServerInstall\server\lib\kotlin-scripting-compiler-2.1.0.jar;c:\Users\hafid\AppData\Roaming\Code\User\globalStorage\fwcd.kotlin\langServerInstall\server\lib\ktfmt-b5d31d1.jar;c:\Users\hafid\AppData\Roaming\Code\User\globalStorage\fwcd.kotlin\langServerInstall\server\lib\kotlin-compiler-2.1.0.jar;c:\Users\hafid\AppData\Roaming\Code\User\globalStorage\fwcd.kotlin\langServerInstall\server\lib\exposed-dao-0.37.3.jar;c:\Users\hafid\AppData\Roaming\Code\User\globalStorage\fwcd.kotlin\langServerInstall\server\lib\exposed-jdbc-0.37.3.jar;c:\Users\hafid\AppData\Roaming\Code\User\globalStorage\fwcd.kotlin\langServerInstall\server\lib\exposed-core-0.37.3.jar;c:\Users\hafid\AppData\Roaming\Code\User\globalStorage\fwcd.kotlin\langServerInstall\server\lib\kotlin-scripting-compiler-impl-2.1.0.jar;c:\Users\hafid\AppData\Roaming\Code\User\globalStorage\fwcd.kotlin\langServerInstall\server\lib\kotlin-reflect-2.1.0.jar;c:\Users\hafid\AppData\Roaming\Code\User\globalStorage\fwcd.kotlin\langServerInstall\server\lib\kotlin-scripting-jvm-2.1.0.jar;c:\Users\hafid\AppData\Roaming\Code\User\globalStorage\fwcd.kotlin\langServerInstall\server\lib\kotlin-scripting-common-2.1.0.jar;c:\Users\hafid\AppData\Roaming\Code\User\globalStorage\fwcd.kotlin\langServerInstall\server\lib\kotlinx-coroutines-core-jvm-1.6.4.jar;c:\Users\hafid\AppData\Roaming\Code\User\globalStorage\fwcd.kotlin\langServerInstall\server\lib\kotlin-stdlib-jdk8-2.1.0.jar;c:\Users\hafid\AppData\Roaming\Code\User\globalStorage\fwcd.kotlin\langServerInstall\server\lib\kotli
Launcher Type: SUN_STANDARD

[Global flags]
     intx CICompilerCount                          = 3                                         {product} {ergonomic}
     uint ConcGCThreads                            = 1                                         {product} {ergonomic}
     uint G1ConcRefinementThreads                  = 4                                         {product} {ergonomic}
   size_t G1HeapRegionSize                         = 1048576                                   {product} {ergonomic}
    uintx GCDrainStackTargetSize                   = 64                                        {product} {ergonomic}
   size_t InitialHeapSize                          = 65011712                                  {product} {ergonomic}
   size_t MarkStackSize                            = 4194304                                   {product} {ergonomic}
   size_t MaxHeapSize                              = 1040187392                                {product} {ergonomic}
   size_t MaxNewSize                               = 623902720                                 {product} {ergonomic}
   size_t MinHeapDeltaBytes                        = 1048576                                   {product} {ergonomic}
   size_t MinHeapSize                              = 8388608                                   {product} {ergonomic}
    uintx NonNMethodCodeHeapSize                   = 5832780                                {pd product} {ergonomic}
    uintx NonProfiledCodeHeapSize                  = 122912730                              {pd product} {ergonomic}
    uintx ProfiledCodeHeapSize                     = 122912730                              {pd product} {ergonomic}
    uintx ReservedCodeCacheSize                    = 251658240                              {pd product} {ergonomic}
     bool SegmentedCodeCache                       = true                                      {product} {ergonomic}
   size_t SoftMaxHeapSize                          = 1040187392                             {manageable} {ergonomic}
     bool UseCompressedClassPointers               = true                           {product lp64_product} {ergonomic}
     bool UseCompressedOops                        = true                           {product lp64_product} {ergonomic}
     bool UseG1GC                                  = true                                      {product} {ergonomic}
     bool UseLargePagesIndividualAllocation        = false                                  {pd product} {ergonomic}

Logging:
Log output configuration:
 #0: stdout all=warning uptime,level,tags
 #1: stderr all=off uptime,level,tags

Environment Variables:
JAVA_HOME=C:\Program Files\Eclipse Adoptium\jdk-17.0.15.6-hotspot
CLASSPATH=c:\Users\hafid\AppData\Roaming\Code\User\globalStorage\fwcd.kotlin\langServerInstall\server\lib\server-1.3.13.jar;c:\Users\hafid\AppData\Roaming\Code\User\globalStorage\fwcd.kotlin\langServerInstall\server\lib\shared-1.3.13.jar;c:\Users\hafid\AppData\Roaming\Code\User\globalStorage\fwcd.kotlin\langServerInstall\server\lib\kotlin-scripting-jvm-host-unshaded-2.1.0.jar;c:\Users\hafid\AppData\Roaming\Code\User\globalStorage\fwcd.kotlin\langServerInstall\server\lib\kotlin-scripting-compiler-2.1.0.jar;c:\Users\hafid\AppData\Roaming\Code\User\globalStorage\fwcd.kotlin\langServerInstall\server\lib\ktfmt-b5d31d1.jar;c:\Users\hafid\AppData\Roaming\Code\User\globalStorage\fwcd.kotlin\langServerInstall\server\lib\kotlin-compiler-2.1.0.jar;c:\Users\hafid\AppData\Roaming\Code\User\globalStorage\fwcd.kotlin\langServerInstall\server\lib\exposed-dao-0.37.3.jar;c:\Users\hafid\AppData\Roaming\Code\User\globalStorage\fwcd.kotlin\langServerInstall\server\lib\exposed-jdbc-0.37.3.jar;c:\Users\hafid\AppData\Roaming\Code\User\globalStorage\fwcd.kotlin\langServerInstall\server\lib\exposed-core-0.37.3.jar;c:\Users\hafid\AppData\Roaming\Code\User\globalStorage\fwcd.kotlin\langServerInstall\server\lib\kotlin-scripting-compiler-impl-2.1.0.jar;c:\Users\hafid\AppData\Roaming\Code\User\globalStorage\fwcd.kotlin\langServerInstall\server\lib\kotlin-reflect-2.1.0.jar;c:\Users\hafid\AppData\Roaming\Code\User\globalStorage\fwcd.kotlin\langServerInstall\server\lib\kotlin-scripting-jvm-2.1.0.jar;c:\Users\hafid\AppData\Roaming\Code\User\globalStorage\fwcd.kotlin\langServerInstall\server\lib\kotlin-scripting-common-2.1.0.jar;c:\Users\hafid\AppData\Roaming\Code\User\globalStorage\fwcd.kotlin\langServerInstall\server\lib\kotlinx-coroutines-core-jvm-1.6.4.jar;c:\Users\hafid\AppData\Roaming\Code\User\globalStorage\fwcd.kotlin\langServerInstall\server\lib\kotlin-stdlib-jdk8-2.1.0.jar;c:\Users\hafid\AppData\Roaming\Code\User\globalStorage\fwcd.kotlin\langServerInstall\server\lib\kotlin-stdlib-jdk7-2.1.0.jar;c:\Users\hafid\AppData\Roaming\Code\User\globalStorage\fwcd.kotlin\langServerInstall\server\lib\kotlin-stdlib-2.1.0.jar;c:\Users\hafid\AppData\Roaming\Code\User\globalStorage\fwcd.kotlin\langServerInstall\server\lib\org.eclipse.lsp4j-0.21.2.jar;c:\Users\hafid\AppData\Roaming\Code\User\globalStorage\fwcd.kotlin\langServerInstall\server\lib\org.eclipse.lsp4j.jsonrpc-0.21.2.jar;c:\Users\hafid\AppData\Roaming\Code\User\globalStorage\fwcd.kotlin\langServerInstall\server\lib\kotlin-sam-with-receiver-compiler-plugin-2.1.0.jar;c:\Users\hafid\AppData\Roaming\Code\User\globalStorage\fwcd.kotlin\langServerInstall\server\lib\fernflower-1.0.jar;c:\Users\hafid\AppData\Roaming\Code\User\globalStorage\fwcd.kotlin\langServerInstall\server\lib\h2-1.4.200.jar;c:\Users\hafid\AppData\Roaming\Code\User\globalStorage\fwcd.kotlin\langServerInstall\server\lib\jcommander-1.78.jar;c:\Users\hafid\AppData\Roaming\Code\User\globalStorage\fwcd.kotlin\langServerInstall\server\lib\sqlite-jdbc-3.41.2.1.jar;c:\Users\hafid\AppData\Roaming\Code\User\globalStorage\fwcd.kotlin\langServerInstall\server\lib\google-java-format-1.8.jar;c:\Users\hafid\AppData\Roaming\Code\User\globalStorage\fwcd.kotlin\langServerInstall\server\lib\guava-33.3.0-jre.jar;c:\Users\hafid\AppData\Roaming\Code\User\globalStorage\fwcd.kotlin\langServerInstall\server\lib\annotations-13.0.jar;c:\Users\hafid\AppData\Roaming\Code\User\globalStorage\fwcd.kotlin\langServerInstall\server\lib\gson-2.10.1.jar;c:\Users\hafid\AppData\Roaming\Code\User\globalStorage\fwcd.kotlin\langServerInstall\server\lib\kotlin-script-runtime-2.1.0.jar;c:\Users\hafid\AppData\Roaming\Code\User\globalStorage\fwcd.kotlin\langServerInstall\server\lib\trove4j-1.0.20200330.jar;c:\Users\hafid\AppData\Roaming\Code\User\globalStorage\fwcd.kotlin\langServerInstall\server\lib\jline-3.24.1.jar;c:\Users\hafid\AppData\Roaming\Code\User\globalStorage\fwcd.kotlin\langServerInstall\server\lib\slf4j-api-1.7.25.jar;c:\Users\hafid\AppData\Roaming\Code\User\globalStorage\fwcd.kotlin\langServerInstall\server\lib\jna-4.2.2.jar;c:\Users\hafid\AppData\Roaming\Code\User\globalStorage\fwcd.kotlin\langServerInstall\server\lib\failureaccess-1.0.2.jar;c:\Users\hafid\AppData\Roaming\Code\User\globalStorage\fwcd.kotlin\langServerInstall\server\lib\listenablefuture-9999.0-empty-to-avoid-conflict-with-guava.jar;c:\Users\hafid\AppData\Roaming\Code\User\globalStorage\fwcd.kotlin\langServerInstall\server\lib\jsr305-3.0.2.jar;c:\Users\hafid\AppData\Roaming\Code\User\globalStorage\fwcd.kotlin\langServerInstall\server\lib\checker-qual-3.43.0.jar;c:\Users\hafid\AppData\Roaming\Code\User\globalStorage\fwcd.kotlin\langServerInstall\server\lib\error_prone_annotations-2.28.0.jar
PATH=C:\Program Files\Eclipse Adoptium\jdk-17.0.15.6-hotspot\bin;C:\Program Files\Eclipse Adoptium\jdk-17.0.15.6-hotspot\bin;C:\Program Files\Common Files\Oracle\Java\javapath;C:\ProgramData\Oracle\Java\javapath;C:\Windows\system32;C:\Windows;C:\Windows\System32\Wbem;C:\Windows\System32\WindowsPowerShell\v1.0\;C:\Windows\System32\OpenSSH\;C:\Program Files (x86)\NVIDIA Corporation\PhysX\Common;C:\Windows\System32;C:\Users\Git\cmd;C:\Program Files\Docker\Docker\resources\bin;C:\Program Files\MongoDB\Server\8.0\bin;C:\xampp\php;C:\ProgramData\ComposerSetup\bin;C:\flutter\bin;C:\Users\hafid\AppData\Local\Android\sdk\platform-tools;C:\Program Files\nodejs\;C:\kotlinc\bin;C:\Users\hafid\AppData\Local\Programs\Python\Python310\Scripts\;C:\Users\hafid\AppData\Local\Programs\Python\Python310\;C:\Users\hafid\AppData\Local\Microsoft\WindowsApps;C:\Users\hafid\AppData\Local\Programs\Microsoft VS Code\bin;C:\Users\hafid\AppData\Roaming\Composer\vendor\bin;C:\Users\hafid\AppData\Roaming\npm;C:\Users\hafid\AppData\Local\Google\Cloud SDK\google-cloud-sdk\bin;D:\cursor\resources\app\bin;C:\Users\hafid\AppData\Local\Programs\Windsurf\bin;C:\Users\hafid\AppData\Local\Programs\Antigravity\bin
USERNAME=hafid
OS=Windows_NT
PROCESSOR_IDENTIFIER=Intel64 Family 6 Model 142 Stepping 9, GenuineIntel
TMP=C:\Users\hafid\AppData\Local\Temp
TEMP=C:\Users\hafid\AppData\Local\Temp



Periodic native trim disabled


---------------  S Y S T E M  ---------------

OS:
 Windows 11 , 64 bit Build 22621 (10.0.22621.3958)
OS uptime: 0 days 2:11 hours
Hyper-V role detected

CPU: total 4 (initial active 4) (2 cores per cpu, 2 threads per core) family 6 model 142 stepping 9 microcode 0xde, cx8, cmov, fxsr, ht, mmx, 3dnowpref, sse, sse2, sse3, ssse3, sse4.1, sse4.2, popcnt, lzcnt, tsc, tscinvbit, avx, avx2, aes, erms, clmul, bmi1, bmi2, adx, fma, vzeroupper, clflush, clflushopt, hv
Processor Information for all 4 processors :
  Max Mhz: 2712, Current Mhz: 2511, Mhz Limit: 2495

Memory: 4k page, system-wide physical 3964M (628M free)
TotalPageFile size 16252M (AvailPageFile size 8M)
current process WorkingSet (physical memory assigned to process): 193M, peak: 194M
current process commit charge ("private bytes"): 235M, peak: 236M

vm_info: OpenJDK 64-Bit Server VM (17.0.15+6) for windows-amd64 JRE (17.0.15+6), built on Apr 15 2025 21:25:47 by "admin" with MS VC++ 17.7 (VS2022)

END.
